2017-05-08 04:11:23,644 - mylogger - INFO - -0.000181216
2017-05-08 04:11:23,645 - mylogger - INFO - 2014-01-02: buy
2017-05-08 04:11:23,645 - mylogger - INFO - 100000.0
2017-05-08 04:11:23,984 - mylogger - INFO - -0.00729769
2017-05-08 04:11:23,985 - mylogger - INFO - 2014-01-03: buy
2017-05-08 04:11:23,986 - mylogger - INFO - 92750.2103
2017-05-08 04:11:24,407 - mylogger - INFO - -0.0219343
2017-05-08 04:11:24,408 - mylogger - INFO - 2014-01-06: buy
2017-05-08 04:11:24,408 - mylogger - INFO - 85460.8928
2017-05-08 04:11:24,744 - mylogger - INFO - -0.0164078
2017-05-08 04:11:24,745 - mylogger - INFO - 2014-01-07: buy
2017-05-08 04:11:24,745 - mylogger - INFO - 78223.6984
2017-05-08 04:11:25,083 - mylogger - INFO - -0.0186297
2017-05-08 04:11:25,084 - mylogger - INFO - 2014-01-08: buy
2017-05-08 04:11:25,084 - mylogger - INFO - 70940.6782
2017-05-08 04:11:25,620 - mylogger - INFO - -0.0200085
2017-05-08 04:11:25,622 - mylogger - INFO - 2014-01-09: buy
2017-05-08 04:11:25,622 - mylogger - INFO - 63750.65
2017-05-08 04:11:26,071 - mylogger - INFO - -0.00350782
2017-05-08 04:11:26,073 - mylogger - INFO - 2014-01-10: buy
2017-05-08 04:11:26,073 - mylogger - INFO - 56608.5915
2017-05-08 04:11:26,390 - mylogger - INFO - 0.0158488
2017-05-08 04:11:26,391 - mylogger - INFO - 2014-01-13: sell
2017-05-08 04:11:26,711 - mylogger - INFO - -0.00387252
2017-05-08 04:11:26,712 - mylogger - INFO - 2014-01-14: buy
2017-05-08 04:11:26,713 - mylogger - INFO - 42106.8682
2017-05-08 04:11:27,107 - mylogger - INFO - -0.00837437
2017-05-08 04:11:27,109 - mylogger - INFO - 2014-01-15: buy
2017-05-08 04:11:27,109 - mylogger - INFO - 34637.5972
2017-05-08 04:11:27,428 - mylogger - INFO - -0.0218657
2017-05-08 04:11:27,429 - mylogger - INFO - 2014-01-16: buy
2017-05-08 04:11:27,429 - mylogger - INFO - 27209.9979
2017-05-08 04:11:27,746 - mylogger - INFO - -0.0321918
2017-05-08 04:11:27,747 - mylogger - INFO - 2014-01-17: buy
2017-05-08 04:11:27,747 - mylogger - INFO - 19964.3623
2017-05-08 04:11:28,146 - mylogger - INFO - -0.0256469
2017-05-08 04:11:28,147 - mylogger - INFO - 2014-01-21: buy
2017-05-08 04:11:28,147 - mylogger - INFO - 12606.1723
2017-05-08 04:11:28,459 - mylogger - INFO - -0.0342564
2017-05-08 04:11:28,460 - mylogger - INFO - 2014-01-22: No cover!
2017-05-08 04:11:28,784 - mylogger - INFO - -0.0248549
2017-05-08 04:11:28,786 - mylogger - INFO - 2014-01-23: No cover!
2017-05-08 04:11:29,190 - mylogger - INFO - -0.0333117
2017-05-08 04:11:29,191 - mylogger - INFO - 2014-01-24: No cover!
2017-05-08 04:11:29,514 - mylogger - INFO - -0.0374128
2017-05-08 04:11:29,515 - mylogger - INFO - 2014-01-27: No cover!
2017-05-08 04:11:29,841 - mylogger - INFO - -0.0318603
2017-05-08 04:11:29,843 - mylogger - INFO - 2014-01-28: No cover!
2017-05-08 04:11:30,169 - mylogger - INFO - -0.0253261
2017-05-08 04:11:30,170 - mylogger - INFO - 2014-01-29: No cover!
2017-05-08 04:11:30,585 - mylogger - INFO - 0.00349292
2017-05-08 04:11:30,585 - mylogger - INFO - 2014-01-30: hold
2017-05-08 04:11:30,907 - mylogger - INFO - 0.0169174
2017-05-08 04:11:30,908 - mylogger - INFO - 2014-01-31: sell
2017-05-08 04:11:31,236 - mylogger - INFO - -0.0124258
2017-05-08 04:11:31,237 - mylogger - INFO - 2014-02-03: No cover!
2017-05-08 04:11:31,658 - mylogger - INFO - -0.00123596
2017-05-08 04:11:31,659 - mylogger - INFO - 2014-02-04: No cover!
2017-05-08 04:11:31,999 - mylogger - INFO - -0.00180355
2017-05-08 04:11:32,000 - mylogger - INFO - 2014-02-05: No cover!
2017-05-08 04:11:32,331 - mylogger - INFO - 0.0109275
2017-05-08 04:11:32,332 - mylogger - INFO - 2014-02-06: sell
2017-05-08 04:11:32,744 - mylogger - INFO - 0.0015723
2017-05-08 04:11:32,744 - mylogger - INFO - 2014-02-07: hold
2017-05-08 04:11:33,069 - mylogger - INFO - 0.0112077
2017-05-08 04:11:33,070 - mylogger - INFO - 2014-02-10: sell
2017-05-08 04:11:33,398 - mylogger - INFO - 0.00141424
2017-05-08 04:11:33,398 - mylogger - INFO - 2014-02-11: hold
2017-05-08 04:11:33,825 - mylogger - INFO - 0.00479708
2017-05-08 04:11:33,825 - mylogger - INFO - 2014-02-12: hold
2017-05-08 04:11:34,153 - mylogger - INFO - -0.0159083
2017-05-08 04:11:34,155 - mylogger - INFO - 2014-02-13: No cover!
2017-05-08 04:11:34,476 - mylogger - INFO - -0.0279024
2017-05-08 04:11:34,477 - mylogger - INFO - 2014-02-14: No cover!
2017-05-08 04:11:34,809 - mylogger - INFO - -0.0119477
2017-05-08 04:11:34,810 - mylogger - INFO - 2014-02-18: No cover!
2017-05-08 04:11:35,233 - mylogger - INFO - -0.0161197
2017-05-08 04:11:35,235 - mylogger - INFO - 2014-02-19: No cover!
2017-05-08 04:11:35,557 - mylogger - INFO - -0.00477918
2017-05-08 04:11:35,558 - mylogger - INFO - 2014-02-20: No cover!
2017-05-08 04:11:35,886 - mylogger - INFO - 0.000709134
2017-05-08 04:11:35,886 - mylogger - INFO - 2014-02-21: hold
2017-05-08 04:11:36,299 - mylogger - INFO - -0.00826405
2017-05-08 04:11:36,300 - mylogger - INFO - 2014-02-24: No cover!
2017-05-08 04:11:36,625 - mylogger - INFO - -0.00659117
2017-05-08 04:11:36,626 - mylogger - INFO - 2014-02-25: No cover!
2017-05-08 04:11:36,952 - mylogger - INFO - 0.00253654
2017-05-08 04:11:36,953 - mylogger - INFO - 2014-02-26: hold
2017-05-08 04:11:37,372 - mylogger - INFO - 0.00143162
2017-05-08 04:11:37,372 - mylogger - INFO - 2014-02-27: hold
2017-05-08 04:11:37,696 - mylogger - INFO - 0.00783197
2017-05-08 04:11:37,696 - mylogger - INFO - 2014-02-28: hold
2017-05-08 04:11:38,024 - mylogger - INFO - -0.0196188
2017-05-08 04:11:38,025 - mylogger - INFO - 2014-03-03: No cover!
2017-05-08 04:11:38,440 - mylogger - INFO - 0.0031922
2017-05-08 04:11:38,440 - mylogger - INFO - 2014-03-04: hold
2017-05-08 04:11:38,769 - mylogger - INFO - -0.023285
2017-05-08 04:11:38,770 - mylogger - INFO - 2014-03-05: No cover!
2017-05-08 04:11:39,093 - mylogger - INFO - -0.0168269
2017-05-08 04:11:39,095 - mylogger - INFO - 2014-03-06: No cover!
2017-05-08 04:11:39,429 - mylogger - INFO - -0.0146848
2017-05-08 04:11:39,430 - mylogger - INFO - 2014-03-07: No cover!
2017-05-08 04:11:39,838 - mylogger - INFO - -0.0123977
2017-05-08 04:11:39,839 - mylogger - INFO - 2014-03-10: No cover!
2017-05-08 04:11:40,162 - mylogger - INFO - -0.00863894
2017-05-08 04:11:40,163 - mylogger - INFO - 2014-03-11: No cover!
2017-05-08 04:11:40,483 - mylogger - INFO - -0.012841
2017-05-08 04:11:40,484 - mylogger - INFO - 2014-03-12: No cover!
2017-05-08 04:11:40,890 - mylogger - INFO - -0.0037223
2017-05-08 04:11:40,891 - mylogger - INFO - 2014-03-13: No cover!
2017-05-08 04:11:41,207 - mylogger - INFO - -0.00651533
2017-05-08 04:11:41,209 - mylogger - INFO - 2014-03-14: No cover!
2017-05-08 04:11:41,520 - mylogger - INFO - -0.0138573
2017-05-08 04:11:41,521 - mylogger - INFO - 2014-03-17: No cover!
2017-05-08 04:11:41,924 - mylogger - INFO - 0.00105499
2017-05-08 04:11:41,925 - mylogger - INFO - 2014-03-18: hold
2017-05-08 04:11:42,261 - mylogger - INFO - -0.0186259
2017-05-08 04:11:42,262 - mylogger - INFO - 2014-03-19: No cover!
2017-05-08 04:11:42,589 - mylogger - INFO - -0.0102661
2017-05-08 04:11:42,590 - mylogger - INFO - 2014-03-20: No cover!
2017-05-08 04:11:42,998 - mylogger - INFO - -0.0192322
2017-05-08 04:11:42,999 - mylogger - INFO - 2014-03-21: No cover!
2017-05-08 04:11:43,344 - mylogger - INFO - 0.00658228
2017-05-08 04:11:43,344 - mylogger - INFO - 2014-03-24: hold
2017-05-08 04:11:43,673 - mylogger - INFO - -0.00680924
2017-05-08 04:11:43,675 - mylogger - INFO - 2014-03-25: No cover!
2017-05-08 04:11:43,996 - mylogger - INFO - -0.00682934
2017-05-08 04:11:43,997 - mylogger - INFO - 2014-03-26: No cover!
2017-05-08 04:11:44,412 - mylogger - INFO - -0.00694865
2017-05-08 04:11:44,413 - mylogger - INFO - 2014-03-27: No cover!
2017-05-08 04:11:44,739 - mylogger - INFO - -0.00193241
2017-05-08 04:11:44,740 - mylogger - INFO - 2014-03-28: No cover!
2017-05-08 04:11:45,063 - mylogger - INFO - 0.00195194
2017-05-08 04:11:45,064 - mylogger - INFO - 2014-03-31: hold
2017-05-08 04:11:45,476 - mylogger - INFO - 0.00406004
2017-05-08 04:11:45,477 - mylogger - INFO - 2014-04-01: hold
2017-05-08 04:11:45,804 - mylogger - INFO - -0.0106279
2017-05-08 04:11:45,805 - mylogger - INFO - 2014-04-02: No cover!
2017-05-08 04:11:46,136 - mylogger - INFO - 4.27699e-05
2017-05-08 04:11:46,136 - mylogger - INFO - 2014-04-03: hold
2017-05-08 04:11:46,551 - mylogger - INFO - -0.0207358
2017-05-08 04:11:46,552 - mylogger - INFO - 2014-04-04: No cover!
2017-05-08 04:11:46,874 - mylogger - INFO - 0.00934527
2017-05-08 04:11:46,874 - mylogger - INFO - 2014-04-07: hold
2017-05-08 04:11:47,209 - mylogger - INFO - -0.0209656
2017-05-08 04:11:47,210 - mylogger - INFO - 2014-04-08: No cover!
2017-05-08 04:11:47,624 - mylogger - INFO - -0.00195819
2017-05-08 04:11:47,625 - mylogger - INFO - 2014-04-09: No cover!
2017-05-08 04:11:47,953 - mylogger - INFO - -0.00899263
2017-05-08 04:11:47,954 - mylogger - INFO - 2014-04-10: No cover!
2017-05-08 04:11:48,284 - mylogger - INFO - -0.0151366
2017-05-08 04:11:48,285 - mylogger - INFO - 2014-04-11: No cover!
2017-05-08 04:11:48,618 - mylogger - INFO - -0.00484769
2017-05-08 04:11:48,619 - mylogger - INFO - 2014-04-14: No cover!
2017-05-08 04:11:49,028 - mylogger - INFO - -0.0121815
2017-05-08 04:11:49,029 - mylogger - INFO - 2014-04-15: No cover!
2017-05-08 04:11:49,361 - mylogger - INFO - -0.00733654
2017-05-08 04:11:49,362 - mylogger - INFO - 2014-04-16: No cover!
2017-05-08 04:11:49,689 - mylogger - INFO - -0.00310508
2017-05-08 04:11:49,690 - mylogger - INFO - 2014-04-17: No cover!
2017-05-08 04:11:50,102 - mylogger - INFO - 0.0164071
2017-05-08 04:11:50,103 - mylogger - INFO - 2014-04-21: sell
2017-05-08 04:11:50,443 - mylogger - INFO - 0.00358733
2017-05-08 04:11:50,443 - mylogger - INFO - 2014-04-22: hold
2017-05-08 04:11:50,766 - mylogger - INFO - -0.00225434
2017-05-08 04:11:50,767 - mylogger - INFO - 2014-04-23: No cover!
2017-05-08 04:11:51,179 - mylogger - INFO - -0.0053498
2017-05-08 04:11:51,180 - mylogger - INFO - 2014-04-24: No cover!
2017-05-08 04:11:51,506 - mylogger - INFO - -0.0184869
2017-05-08 04:11:51,507 - mylogger - INFO - 2014-04-25: No cover!
2017-05-08 04:11:51,837 - mylogger - INFO - 0.0166801
2017-05-08 04:11:51,838 - mylogger - INFO - 2014-04-28: sell
2017-05-08 04:11:52,253 - mylogger - INFO - -0.00712656
2017-05-08 04:11:52,254 - mylogger - INFO - 2014-04-29: No cover!
2017-05-08 04:11:52,586 - mylogger - INFO - -0.0131272
2017-05-08 04:11:52,587 - mylogger - INFO - 2014-04-30: No cover!
2017-05-08 04:11:52,915 - mylogger - INFO - -0.00513233
2017-05-08 04:11:52,916 - mylogger - INFO - 2014-05-01: No cover!
2017-05-08 04:11:53,264 - mylogger - INFO - 0.00329247
2017-05-08 04:11:53,264 - mylogger - INFO - 2014-05-02: hold
2017-05-08 04:11:53,684 - mylogger - INFO - -0.0213708
2017-05-08 04:11:53,685 - mylogger - INFO - 2014-05-05: No cover!
2017-05-08 04:11:54,012 - mylogger - INFO - -0.0118796
2017-05-08 04:11:54,013 - mylogger - INFO - 2014-05-06: No cover!
2017-05-08 04:11:54,341 - mylogger - INFO - -0.00491741
2017-05-08 04:11:54,342 - mylogger - INFO - 2014-05-07: No cover!
2017-05-08 04:11:54,765 - mylogger - INFO - -0.00807187
2017-05-08 04:11:54,766 - mylogger - INFO - 2014-05-08: No cover!
2017-05-08 04:11:55,096 - mylogger - INFO - -0.0165034
2017-05-08 04:11:55,097 - mylogger - INFO - 2014-05-09: No cover!
2017-05-08 04:11:55,442 - mylogger - INFO - -0.0118851
2017-05-08 04:11:55,443 - mylogger - INFO - 2014-05-12: No cover!
2017-05-08 04:11:55,856 - mylogger - INFO - -0.0161291
2017-05-08 04:11:55,857 - mylogger - INFO - 2014-05-13: No cover!
2017-05-08 04:11:56,183 - mylogger - INFO - -0.0119985
2017-05-08 04:11:56,184 - mylogger - INFO - 2014-05-14: No cover!
2017-05-08 04:11:56,499 - mylogger - INFO - -0.0162187
2017-05-08 04:11:56,500 - mylogger - INFO - 2014-05-15: No cover!
2017-05-08 04:11:56,912 - mylogger - INFO - -0.000933796
2017-05-08 04:11:56,913 - mylogger - INFO - 2014-05-16: No cover!
2017-05-08 04:11:57,244 - mylogger - INFO - -0.00473262
2017-05-08 04:11:57,246 - mylogger - INFO - 2014-05-19: No cover!
2017-05-08 04:11:57,568 - mylogger - INFO - -0.022623
2017-05-08 04:11:57,569 - mylogger - INFO - 2014-05-20: No cover!
2017-05-08 04:11:57,891 - mylogger - INFO - -0.00176835
2017-05-08 04:11:57,892 - mylogger - INFO - 2014-05-21: No cover!
2017-05-08 04:11:58,311 - mylogger - INFO - 0.00186391
2017-05-08 04:11:58,311 - mylogger - INFO - 2014-05-22: hold
2017-05-08 04:11:58,634 - mylogger - INFO - -0.011219
2017-05-08 04:11:58,635 - mylogger - INFO - 2014-05-23: No cover!
2017-05-08 04:11:58,961 - mylogger - INFO - 0.000624793
2017-05-08 04:11:58,961 - mylogger - INFO - 2014-05-27: hold
2017-05-08 04:11:59,383 - mylogger - INFO - 0.00110867
2017-05-08 04:11:59,383 - mylogger - INFO - 2014-05-28: hold
2017-05-08 04:11:59,708 - mylogger - INFO - 0.0172282
2017-05-08 04:11:59,709 - mylogger - INFO - 2014-05-29: sell
2017-05-08 04:12:00,031 - mylogger - INFO - 0.00843542
2017-05-08 04:12:00,032 - mylogger - INFO - 2014-05-30: hold
2017-05-08 04:12:00,454 - mylogger - INFO - 0.0164112
2017-05-08 04:12:00,454 - mylogger - INFO - 2014-06-02: sell
2017-05-08 04:12:00,782 - mylogger - INFO - 0.0106347
2017-05-08 04:12:00,783 - mylogger - INFO - 2014-06-03: sell
2017-05-08 04:12:01,111 - mylogger - INFO - -0.00608347
2017-05-08 04:12:01,112 - mylogger - INFO - 2014-06-04: No cover!
2017-05-08 04:12:01,537 - mylogger - INFO - 0.00586278
2017-05-08 04:12:01,537 - mylogger - INFO - 2014-06-05: hold
2017-05-08 04:12:01,865 - mylogger - INFO - -0.0141236
2017-05-08 04:12:01,866 - mylogger - INFO - 2014-06-06: No cover!
2017-05-08 04:12:02,194 - mylogger - INFO - -0.00349096
2017-05-08 04:12:02,195 - mylogger - INFO - 2014-06-09: No cover!
2017-05-08 04:12:02,524 - mylogger - INFO - -0.0116513
2017-05-08 04:12:02,525 - mylogger - INFO - 2014-06-10: No cover!
2017-05-08 04:12:02,944 - mylogger - INFO - -0.00121162
2017-05-08 04:12:02,945 - mylogger - INFO - 2014-06-11: No cover!
2017-05-08 04:12:03,274 - mylogger - INFO - -0.0109998
2017-05-08 04:12:03,275 - mylogger - INFO - 2014-06-12: No cover!
2017-05-08 04:12:03,598 - mylogger - INFO - 0.0165486
2017-05-08 04:12:03,599 - mylogger - INFO - 2014-06-13: sell
2017-05-08 04:12:04,031 - mylogger - INFO - -0.00173329
2017-05-08 04:12:04,032 - mylogger - INFO - 2014-06-16: No cover!
2017-05-08 04:12:04,359 - mylogger - INFO - 0.0141039
2017-05-08 04:12:04,360 - mylogger - INFO - 2014-06-17: sell
2017-05-08 04:12:04,684 - mylogger - INFO - -0.00547631
2017-05-08 04:12:04,685 - mylogger - INFO - 2014-06-18: No cover!
2017-05-08 04:12:05,101 - mylogger - INFO - 0.0038878
2017-05-08 04:12:05,101 - mylogger - INFO - 2014-06-19: hold
2017-05-08 04:12:05,445 - mylogger - INFO - 0.00855487
2017-05-08 04:12:05,445 - mylogger - INFO - 2014-06-20: hold
2017-05-08 04:12:05,767 - mylogger - INFO - 0.00582582
2017-05-08 04:12:05,768 - mylogger - INFO - 2014-06-23: hold
2017-05-08 04:12:06,178 - mylogger - INFO - 0.0199771
2017-05-08 04:12:06,179 - mylogger - INFO - 2014-06-24: sell
2017-05-08 04:12:06,509 - mylogger - INFO - 0.00695678
2017-05-08 04:12:06,509 - mylogger - INFO - 2014-06-25: hold
2017-05-08 04:12:06,839 - mylogger - INFO - 0.00100926
2017-05-08 04:12:06,839 - mylogger - INFO - 2014-06-26: hold
2017-05-08 04:12:07,255 - mylogger - INFO - -0.000156744
2017-05-08 04:12:07,256 - mylogger - INFO - 2014-06-27: No cover!
2017-05-08 04:12:07,588 - mylogger - INFO - 0.0315953
2017-05-08 04:12:07,588 - mylogger - INFO - 2014-06-30: sell
2017-05-08 04:12:07,915 - mylogger - INFO - 0.022819
2017-05-08 04:12:07,916 - mylogger - INFO - 2014-07-01: sell
2017-05-08 04:12:08,251 - mylogger - INFO - 0.00835251
2017-05-08 04:12:08,252 - mylogger - INFO - 2014-07-02: hold
2017-05-08 04:12:08,680 - mylogger - INFO - 0.00534679
2017-05-08 04:12:08,680 - mylogger - INFO - 2014-07-03: hold
2017-05-08 04:12:09,010 - mylogger - INFO - -0.00842006
2017-05-08 04:12:09,011 - mylogger - INFO - 2014-07-07: No cover!
2017-05-08 04:12:09,342 - mylogger - INFO - -0.000113508
2017-05-08 04:12:09,343 - mylogger - INFO - 2014-07-08: No cover!
2017-05-08 04:12:09,769 - mylogger - INFO - -0.00976054
2017-05-08 04:12:09,770 - mylogger - INFO - 2014-07-09: No cover!
2017-05-08 04:12:10,101 - mylogger - INFO - -0.00395798
2017-05-08 04:12:10,102 - mylogger - INFO - 2014-07-10: No cover!
2017-05-08 04:12:10,445 - mylogger - INFO - 0.00443009
2017-05-08 04:12:10,445 - mylogger - INFO - 2014-07-11: hold
2017-05-08 04:12:10,858 - mylogger - INFO - -0.016243
2017-05-08 04:12:10,860 - mylogger - INFO - 2014-07-14: No cover!
2017-05-08 04:12:11,187 - mylogger - INFO - -0.00181949
2017-05-08 04:12:11,188 - mylogger - INFO - 2014-07-15: No cover!
2017-05-08 04:12:11,510 - mylogger - INFO - 0.00608509
2017-05-08 04:12:11,510 - mylogger - INFO - 2014-07-16: hold
2017-05-08 04:12:11,933 - mylogger - INFO - -0.00197117
2017-05-08 04:12:11,934 - mylogger - INFO - 2014-07-17: No cover!
2017-05-08 04:12:12,260 - mylogger - INFO - -0.00134285
2017-05-08 04:12:12,261 - mylogger - INFO - 2014-07-18: No cover!
2017-05-08 04:12:12,593 - mylogger - INFO - -0.0113234
2017-05-08 04:12:12,594 - mylogger - INFO - 2014-07-21: No cover!
2017-05-08 04:12:12,915 - mylogger - INFO - -0.00583306
2017-05-08 04:12:12,917 - mylogger - INFO - 2014-07-22: No cover!
2017-05-08 04:12:13,343 - mylogger - INFO - -0.00040469
2017-05-08 04:12:13,344 - mylogger - INFO - 2014-07-23: No cover!
2017-05-08 04:12:13,668 - mylogger - INFO - -0.0102829
2017-05-08 04:12:13,669 - mylogger - INFO - 2014-07-24: No cover!
2017-05-08 04:12:13,998 - mylogger - INFO - -0.0283916
2017-05-08 04:12:13,999 - mylogger - INFO - 2014-07-25: No cover!
2017-05-08 04:12:14,418 - mylogger - INFO - -0.00106519
2017-05-08 04:12:14,419 - mylogger - INFO - 2014-07-28: No cover!
2017-05-08 04:12:14,746 - mylogger - INFO - -0.0232494
2017-05-08 04:12:14,747 - mylogger - INFO - 2014-07-29: No cover!
2017-05-08 04:12:15,072 - mylogger - INFO - -0.00803073
2017-05-08 04:12:15,073 - mylogger - INFO - 2014-07-30: No cover!
2017-05-08 04:12:15,491 - mylogger - INFO - -0.0150395
2017-05-08 04:12:15,492 - mylogger - INFO - 2014-07-31: No cover!
2017-05-08 04:12:15,819 - mylogger - INFO - -0.0199407
2017-05-08 04:12:15,820 - mylogger - INFO - 2014-08-01: No cover!
2017-05-08 04:12:16,151 - mylogger - INFO - -0.00428928
2017-05-08 04:12:16,152 - mylogger - INFO - 2014-08-04: No cover!
2017-05-08 04:12:16,579 - mylogger - INFO - 0.000382936
2017-05-08 04:12:16,579 - mylogger - INFO - 2014-08-05: hold
2017-05-08 04:12:16,906 - mylogger - INFO - 0.00629717
2017-05-08 04:12:16,906 - mylogger - INFO - 2014-08-06: hold
2017-05-08 04:12:17,240 - mylogger - INFO - 0.0173608
2017-05-08 04:12:17,241 - mylogger - INFO - 2014-08-07: sell
2017-05-08 04:12:17,578 - mylogger - INFO - -0.00404034
2017-05-08 04:12:17,579 - mylogger - INFO - 2014-08-08: No cover!
2017-05-08 04:12:17,993 - mylogger - INFO - 0.00590034
2017-05-08 04:12:17,993 - mylogger - INFO - 2014-08-11: hold
2017-05-08 04:12:18,327 - mylogger - INFO - -0.00442624
2017-05-08 04:12:18,328 - mylogger - INFO - 2014-08-12: No cover!
2017-05-08 04:12:18,650 - mylogger - INFO - 0.022824
2017-05-08 04:12:18,651 - mylogger - INFO - 2014-08-13: sell
2017-05-08 04:12:19,067 - mylogger - INFO - 0.0234513
2017-05-08 04:12:19,068 - mylogger - INFO - 2014-08-14: sell
2017-05-08 04:12:19,391 - mylogger - INFO - 0.00998327
2017-05-08 04:12:19,391 - mylogger - INFO - 2014-08-15: hold
2017-05-08 04:12:19,720 - mylogger - INFO - 0.0147341
2017-05-08 04:12:19,721 - mylogger - INFO - 2014-08-18: sell
2017-05-08 04:12:20,142 - mylogger - INFO - 0.0086323
2017-05-08 04:12:20,142 - mylogger - INFO - 2014-08-19: hold
2017-05-08 04:12:20,464 - mylogger - INFO - 0.0232184
2017-05-08 04:12:20,465 - mylogger - INFO - 2014-08-20: sell
2017-05-08 04:12:20,798 - mylogger - INFO - 0.00199292
2017-05-08 04:12:20,798 - mylogger - INFO - 2014-08-21: hold
2017-05-08 04:12:21,223 - mylogger - INFO - 0.00725425
2017-05-08 04:12:21,223 - mylogger - INFO - 2014-08-22: hold
2017-05-08 04:12:21,544 - mylogger - INFO - 2.84936e-05
2017-05-08 04:12:21,544 - mylogger - INFO - 2014-08-25: hold
2017-05-08 04:12:21,864 - mylogger - INFO - -0.00544013
2017-05-08 04:12:21,865 - mylogger - INFO - 2014-08-26: No cover!
2017-05-08 04:12:22,201 - mylogger - INFO - -0.020115
2017-05-08 04:12:22,203 - mylogger - INFO - 2014-08-27: No cover!
2017-05-08 04:12:22,617 - mylogger - INFO - -0.0171862
2017-05-08 04:12:22,618 - mylogger - INFO - 2014-08-28: No cover!
2017-05-08 04:12:22,950 - mylogger - INFO - -0.0132361
2017-05-08 04:12:22,951 - mylogger - INFO - 2014-08-29: No cover!
2017-05-08 04:12:23,281 - mylogger - INFO - -0.0380113
2017-05-08 04:12:23,282 - mylogger - INFO - 2014-09-02: No cover!
2017-05-08 04:12:23,712 - mylogger - INFO - -0.0204868
2017-05-08 04:12:23,713 - mylogger - INFO - 2014-09-03: No cover!
2017-05-08 04:12:24,042 - mylogger - INFO - 0.00204398
2017-05-08 04:12:24,042 - mylogger - INFO - 2014-09-04: hold
2017-05-08 04:12:24,372 - mylogger - INFO - -0.00703137
2017-05-08 04:12:24,373 - mylogger - INFO - 2014-09-05: No cover!
2017-05-08 04:12:24,804 - mylogger - INFO - 0.00845428
2017-05-08 04:12:24,805 - mylogger - INFO - 2014-09-08: hold
2017-05-08 04:12:25,136 - mylogger - INFO - 0.00977881
2017-05-08 04:12:25,136 - mylogger - INFO - 2014-09-09: hold
2017-05-08 04:12:25,469 - mylogger - INFO - 0.000206115
2017-05-08 04:12:25,469 - mylogger - INFO - 2014-09-10: hold
2017-05-08 04:12:25,895 - mylogger - INFO - -0.00397348
2017-05-08 04:12:25,896 - mylogger - INFO - 2014-09-11: No cover!
2017-05-08 04:12:26,232 - mylogger - INFO - -0.0148312
2017-05-08 04:12:26,233 - mylogger - INFO - 2014-09-12: No cover!
2017-05-08 04:12:26,553 - mylogger - INFO - -0.00315933
2017-05-08 04:12:26,554 - mylogger - INFO - 2014-09-15: No cover!
2017-05-08 04:12:26,882 - mylogger - INFO - -0.0273355
2017-05-08 04:12:26,883 - mylogger - INFO - 2014-09-16: No cover!
2017-05-08 04:12:27,301 - mylogger - INFO - -0.007601
2017-05-08 04:12:27,302 - mylogger - INFO - 2014-09-17: No cover!
2017-05-08 04:12:27,630 - mylogger - INFO - -0.00413673
2017-05-08 04:12:27,631 - mylogger - INFO - 2014-09-18: No cover!
2017-05-08 04:12:27,952 - mylogger - INFO - -0.00417722
2017-05-08 04:12:27,953 - mylogger - INFO - 2014-09-19: No cover!
2017-05-08 04:12:28,371 - mylogger - INFO - -0.00120757
2017-05-08 04:12:28,372 - mylogger - INFO - 2014-09-22: No cover!
2017-05-08 04:12:28,703 - mylogger - INFO - -0.000346461
2017-05-08 04:12:28,705 - mylogger - INFO - 2014-09-23: No cover!
2017-05-08 04:12:29,022 - mylogger - INFO - -0.00321059
2017-05-08 04:12:29,023 - mylogger - INFO - 2014-09-24: No cover!
2017-05-08 04:12:29,446 - mylogger - INFO - -0.00236456
2017-05-08 04:12:29,447 - mylogger - INFO - 2014-09-25: No cover!
2017-05-08 04:12:29,781 - mylogger - INFO - -0.0129174
2017-05-08 04:12:29,782 - mylogger - INFO - 2014-09-26: No cover!
2017-05-08 04:12:30,109 - mylogger - INFO - -0.0215199
2017-05-08 04:12:30,110 - mylogger - INFO - 2014-09-29: No cover!
2017-05-08 04:12:30,527 - mylogger - INFO - -0.0284886
2017-05-08 04:12:30,528 - mylogger - INFO - 2014-09-30: No cover!
2017-05-08 04:12:30,862 - mylogger - INFO - -0.00980079
2017-05-08 04:12:30,863 - mylogger - INFO - 2014-10-01: No cover!
2017-05-08 04:12:31,246 - mylogger - INFO - -0.00893847
2017-05-08 04:12:31,247 - mylogger - INFO - 2014-10-02: No cover!
2017-05-08 04:12:31,647 - mylogger - INFO - -0.0128756
2017-05-08 04:12:31,648 - mylogger - INFO - 2014-10-03: No cover!
2017-05-08 04:12:32,120 - mylogger - INFO - -0.00747319
2017-05-08 04:12:32,122 - mylogger - INFO - 2014-10-06: No cover!
2017-05-08 04:12:32,591 - mylogger - INFO - -0.0367611
2017-05-08 04:12:32,592 - mylogger - INFO - 2014-10-07: No cover!
2017-05-08 04:12:32,920 - mylogger - INFO - -0.005718
2017-05-08 04:12:32,922 - mylogger - INFO - 2014-10-08: No cover!
2017-05-08 04:12:33,406 - mylogger - INFO - 0.00468301
2017-05-08 04:12:33,406 - mylogger - INFO - 2014-10-09: hold
2017-05-08 04:12:33,752 - mylogger - INFO - 0.00130546
2017-05-08 04:12:33,752 - mylogger - INFO - 2014-10-10: hold
2017-05-08 04:12:34,062 - mylogger - INFO - -0.00782223
2017-05-08 04:12:34,063 - mylogger - INFO - 2014-10-13: No cover!
2017-05-08 04:12:34,462 - mylogger - INFO - 0.00715411
2017-05-08 04:12:34,463 - mylogger - INFO - 2014-10-14: hold
2017-05-08 04:12:34,769 - mylogger - INFO - -0.00552603
2017-05-08 04:12:34,770 - mylogger - INFO - 2014-10-15: No cover!
2017-05-08 04:12:35,074 - mylogger - INFO - -0.00351868
2017-05-08 04:12:35,075 - mylogger - INFO - 2014-10-16: No cover!
2017-05-08 04:12:35,464 - mylogger - INFO - 0.00773397
2017-05-08 04:12:35,464 - mylogger - INFO - 2014-10-17: hold
2017-05-08 04:12:35,768 - mylogger - INFO - 0.00666716
2017-05-08 04:12:35,768 - mylogger - INFO - 2014-10-20: hold
2017-05-08 04:12:36,072 - mylogger - INFO - 0.0174068
2017-05-08 04:12:36,073 - mylogger - INFO - 2014-10-21: sell
2017-05-08 04:12:36,468 - mylogger - INFO - -0.00373292
2017-05-08 04:12:36,469 - mylogger - INFO - 2014-10-22: No cover!
2017-05-08 04:12:36,771 - mylogger - INFO - 0.00606594
2017-05-08 04:12:36,771 - mylogger - INFO - 2014-10-23: hold
2017-05-08 04:12:37,080 - mylogger - INFO - 0.00496807
2017-05-08 04:12:37,080 - mylogger - INFO - 2014-10-24: hold
2017-05-08 04:12:37,380 - mylogger - INFO - 0.0132986
2017-05-08 04:12:37,381 - mylogger - INFO - 2014-10-27: sell
2017-05-08 04:12:37,778 - mylogger - INFO - 0.017516
2017-05-08 04:12:37,779 - mylogger - INFO - 2014-10-28: sell
2017-05-08 04:12:38,082 - mylogger - INFO - -0.00835651
2017-05-08 04:12:38,083 - mylogger - INFO - 2014-10-29: No cover!
2017-05-08 04:12:38,386 - mylogger - INFO - 0.00699923
2017-05-08 04:12:38,386 - mylogger - INFO - 2014-10-30: hold
2017-05-08 04:12:38,776 - mylogger - INFO - -0.00542985
2017-05-08 04:12:38,777 - mylogger - INFO - 2014-10-31: No cover!
2017-05-08 04:12:39,081 - mylogger - INFO - -0.00692754
2017-05-08 04:12:39,082 - mylogger - INFO - 2014-11-03: No cover!
2017-05-08 04:12:39,385 - mylogger - INFO - -0.00190198
2017-05-08 04:12:39,386 - mylogger - INFO - 2014-11-04: No cover!
2017-05-08 04:12:39,780 - mylogger - INFO - -0.000649528
2017-05-08 04:12:39,781 - mylogger - INFO - 2014-11-05: No cover!
2017-05-08 04:12:40,088 - mylogger - INFO - 0.00863095
2017-05-08 04:12:40,088 - mylogger - INFO - 2014-11-06: hold
2017-05-08 04:12:40,391 - mylogger - INFO - 0.0235543
2017-05-08 04:12:40,392 - mylogger - INFO - 2014-11-07: sell
2017-05-08 04:12:40,785 - mylogger - INFO - -0.0086659
2017-05-08 04:12:40,786 - mylogger - INFO - 2014-11-10: No cover!
2017-05-08 04:12:41,092 - mylogger - INFO - -0.00878259
2017-05-08 04:12:41,093 - mylogger - INFO - 2014-11-11: No cover!
2017-05-08 04:12:41,401 - mylogger - INFO - -0.0244121
2017-05-08 04:12:41,402 - mylogger - INFO - 2014-11-12: No cover!
2017-05-08 04:12:41,796 - mylogger - INFO - -0.0163338
2017-05-08 04:12:41,797 - mylogger - INFO - 2014-11-13: No cover!
2017-05-08 04:12:42,098 - mylogger - INFO - 0.00353835
2017-05-08 04:12:42,098 - mylogger - INFO - 2014-11-14: hold
2017-05-08 04:12:42,401 - mylogger - INFO - -0.0020356
2017-05-08 04:12:42,402 - mylogger - INFO - 2014-11-17: No cover!
2017-05-08 04:12:42,703 - mylogger - INFO - -0.0205368
2017-05-08 04:12:42,704 - mylogger - INFO - 2014-11-18: No cover!
2017-05-08 04:12:43,106 - mylogger - INFO - -0.0160181
2017-05-08 04:12:43,107 - mylogger - INFO - 2014-11-19: No cover!
2017-05-08 04:12:43,413 - mylogger - INFO - 0.0032689
2017-05-08 04:12:43,413 - mylogger - INFO - 2014-11-20: hold
2017-05-08 04:12:43,716 - mylogger - INFO - 0.00489108
2017-05-08 04:12:43,716 - mylogger - INFO - 2014-11-21: hold
2017-05-08 04:12:44,106 - mylogger - INFO - 0.00194413
2017-05-08 04:12:44,106 - mylogger - INFO - 2014-11-24: hold
2017-05-08 04:12:44,408 - mylogger - INFO - 0.00549655
2017-05-08 04:12:44,408 - mylogger - INFO - 2014-11-25: hold
2017-05-08 04:12:44,711 - mylogger - INFO - -0.0100677
2017-05-08 04:12:44,712 - mylogger - INFO - 2014-11-26: No cover!
2017-05-08 04:12:45,103 - mylogger - INFO - 0.00603043
2017-05-08 04:12:45,104 - mylogger - INFO - 2014-11-28: hold
2017-05-08 04:12:45,407 - mylogger - INFO - -0.0153822
2017-05-08 04:12:45,408 - mylogger - INFO - 2014-12-01: No cover!
2017-05-08 04:12:45,712 - mylogger - INFO - -0.000508033
2017-05-08 04:12:45,713 - mylogger - INFO - 2014-12-02: No cover!
2017-05-08 04:12:46,105 - mylogger - INFO - -0.0086369
2017-05-08 04:12:46,106 - mylogger - INFO - 2014-12-03: No cover!
2017-05-08 04:12:46,411 - mylogger - INFO - -0.0101576
2017-05-08 04:12:46,412 - mylogger - INFO - 2014-12-04: No cover!
2017-05-08 04:12:46,716 - mylogger - INFO - -0.00782457
2017-05-08 04:12:46,717 - mylogger - INFO - 2014-12-05: No cover!
2017-05-08 04:12:47,017 - mylogger - INFO - 0.00258259
2017-05-08 04:12:47,017 - mylogger - INFO - 2014-12-08: hold
2017-05-08 04:12:47,413 - mylogger - INFO - -0.0143888
2017-05-08 04:12:47,415 - mylogger - INFO - 2014-12-09: No cover!
2017-05-08 04:12:47,716 - mylogger - INFO - 0.00443548
2017-05-08 04:12:47,716 - mylogger - INFO - 2014-12-10: hold
2017-05-08 04:12:48,016 - mylogger - INFO - -0.00692712
2017-05-08 04:12:48,017 - mylogger - INFO - 2014-12-11: No cover!
2017-05-08 04:12:48,409 - mylogger - INFO - -0.0168392
2017-05-08 04:12:48,410 - mylogger - INFO - 2014-12-12: No cover!
2017-05-08 04:12:48,712 - mylogger - INFO - -0.00580634
2017-05-08 04:12:48,713 - mylogger - INFO - 2014-12-15: No cover!
2017-05-08 04:12:49,012 - mylogger - INFO - -0.00925174
2017-05-08 04:12:49,013 - mylogger - INFO - 2014-12-16: No cover!
2017-05-08 04:12:49,404 - mylogger - INFO - -0.000535799
2017-05-08 04:12:49,405 - mylogger - INFO - 2014-12-17: No cover!
2017-05-08 04:12:49,707 - mylogger - INFO - 0.00283666
2017-05-08 04:12:49,707 - mylogger - INFO - 2014-12-18: hold
2017-05-08 04:12:50,010 - mylogger - INFO - 0.0208087
2017-05-08 04:12:50,011 - mylogger - INFO - 2014-12-19: sell
2017-05-08 04:12:50,402 - mylogger - INFO - 0.0314164
2017-05-08 04:12:50,403 - mylogger - INFO - 2014-12-22: sell
2017-05-08 04:12:50,711 - mylogger - INFO - 0.0104236
2017-05-08 04:12:50,712 - mylogger - INFO - 2014-12-23: sell
2017-05-08 04:12:51,013 - mylogger - INFO - 0.0131448
2017-05-08 04:12:51,014 - mylogger - INFO - 2014-12-24: sell
2017-05-08 04:12:51,318 - mylogger - INFO - 0.0029954
2017-05-08 04:12:51,319 - mylogger - INFO - 2014-12-26: hold
2017-05-08 04:12:51,723 - mylogger - INFO - 0.0102972
2017-05-08 04:12:51,724 - mylogger - INFO - 2014-12-29: sell
2017-05-08 04:12:52,029 - mylogger - INFO - 0.0308791
2017-05-08 04:12:52,029 - mylogger - INFO - 2014-12-30: sell
2017-05-08 04:12:52,332 - mylogger - INFO - 0.0190286
2017-05-08 04:12:52,333 - mylogger - INFO - 2014-12-31: sell
2017-05-08 04:12:52,723 - mylogger - INFO - 0.0338945
2017-05-08 04:12:52,723 - mylogger - INFO - 2015-01-02: sell
2017-05-08 04:12:53,030 - mylogger - INFO - 0.0405179
2017-05-08 04:12:53,030 - mylogger - INFO - 2015-01-05: sell
2017-05-08 04:12:53,333 - mylogger - INFO - 0.0211151
2017-05-08 04:12:53,334 - mylogger - INFO - 2015-01-06: sell
2017-05-08 04:12:53,758 - mylogger - INFO - 0.00408815
2017-05-08 04:12:53,758 - mylogger - INFO - 2015-01-07: hold
2017-05-08 04:12:54,058 - mylogger - INFO - 0.0104964
2017-05-08 04:12:54,059 - mylogger - INFO - 2015-01-08: sell
2017-05-08 04:12:54,359 - mylogger - INFO - -0.00660398
2017-05-08 04:12:54,360 - mylogger - INFO - 2015-01-09: No cover!
2017-05-08 04:12:54,751 - mylogger - INFO - 0.0121961
2017-05-08 04:12:54,752 - mylogger - INFO - 2015-01-12: sell
2017-05-08 04:12:55,055 - mylogger - INFO - 0.0102904
2017-05-08 04:12:55,056 - mylogger - INFO - 2015-01-13: sell
2017-05-08 04:12:55,358 - mylogger - INFO - -0.0144903
2017-05-08 04:12:55,359 - mylogger - INFO - 2015-01-14: No cover!
2017-05-08 04:12:55,662 - mylogger - INFO - 0.00208109
2017-05-08 04:12:55,662 - mylogger - INFO - 2015-01-15: hold
2017-05-08 04:12:56,059 - mylogger - INFO - 0.00739914
2017-05-08 04:12:56,059 - mylogger - INFO - 2015-01-16: hold
2017-05-08 04:12:56,360 - mylogger - INFO - -0.00230235
2017-05-08 04:12:56,361 - mylogger - INFO - 2015-01-20: No cover!
2017-05-08 04:12:56,661 - mylogger - INFO - 0.00965503
2017-05-08 04:12:56,662 - mylogger - INFO - 2015-01-21: hold
2017-05-08 04:12:57,057 - mylogger - INFO - 0.00653086
2017-05-08 04:12:57,057 - mylogger - INFO - 2015-01-22: hold
2017-05-08 04:12:57,358 - mylogger - INFO - 0.0133445
2017-05-08 04:12:57,359 - mylogger - INFO - 2015-01-23: sell
2017-05-08 04:12:57,661 - mylogger - INFO - 0.0158077
2017-05-08 04:12:57,662 - mylogger - INFO - 2015-01-26: sell
2017-05-08 04:12:58,054 - mylogger - INFO - 0.0085325
2017-05-08 04:12:58,054 - mylogger - INFO - 2015-01-27: hold
2017-05-08 04:12:58,358 - mylogger - INFO - 0.0049522
2017-05-08 04:12:58,358 - mylogger - INFO - 2015-01-28: hold
2017-05-08 04:12:58,660 - mylogger - INFO - 0.0111264
2017-05-08 04:12:58,661 - mylogger - INFO - 2015-01-29: sell
2017-05-08 04:12:59,053 - mylogger - INFO - 0.0133918
2017-05-08 04:12:59,054 - mylogger - INFO - 2015-01-30: sell
2017-05-08 04:12:59,357 - mylogger - INFO - 0.0195414
2017-05-08 04:12:59,357 - mylogger - INFO - 2015-02-02: sell
2017-05-08 04:12:59,659 - mylogger - INFO - 0.010949
2017-05-08 04:12:59,660 - mylogger - INFO - 2015-02-03: sell
2017-05-08 04:12:59,963 - mylogger - INFO - 0.0207722
2017-05-08 04:12:59,963 - mylogger - INFO - 2015-02-04: sell
2017-05-08 04:13:00,364 - mylogger - INFO - 0.0190072
2017-05-08 04:13:00,365 - mylogger - INFO - 2015-02-05: sell
2017-05-08 04:13:00,670 - mylogger - INFO - 0.0174174
2017-05-08 04:13:00,671 - mylogger - INFO - 2015-02-06: sell
2017-05-08 04:13:00,973 - mylogger - INFO - -0.00550493
2017-05-08 04:13:00,974 - mylogger - INFO - 2015-02-09: No cover!
2017-05-08 04:13:01,366 - mylogger - INFO - 0.0235436
2017-05-08 04:13:01,367 - mylogger - INFO - 2015-02-10: sell
2017-05-08 04:13:01,673 - mylogger - INFO - 0.00655214
2017-05-08 04:13:01,673 - mylogger - INFO - 2015-02-11: hold
2017-05-08 04:13:01,982 - mylogger - INFO - 0.00264049
2017-05-08 04:13:01,982 - mylogger - INFO - 2015-02-12: hold
2017-05-08 04:13:02,375 - mylogger - INFO - 0.00173437
2017-05-08 04:13:02,375 - mylogger - INFO - 2015-02-13: hold
2017-05-08 04:13:02,677 - mylogger - INFO - 0.0073675
2017-05-08 04:13:02,677 - mylogger - INFO - 2015-02-17: hold
2017-05-08 04:13:02,982 - mylogger - INFO - 0.0279449
2017-05-08 04:13:02,983 - mylogger - INFO - 2015-02-18: sell
2017-05-08 04:13:03,373 - mylogger - INFO - 0.0114341
2017-05-08 04:13:03,374 - mylogger - INFO - 2015-02-19: sell
2017-05-08 04:13:03,676 - mylogger - INFO - 0.0140424
2017-05-08 04:13:03,677 - mylogger - INFO - 2015-02-20: sell
2017-05-08 04:13:03,982 - mylogger - INFO - 0.00701496
2017-05-08 04:13:03,982 - mylogger - INFO - 2015-02-23: hold
2017-05-08 04:13:04,286 - mylogger - INFO - 0.0165693
2017-05-08 04:13:04,287 - mylogger - INFO - 2015-02-24: sell
2017-05-08 04:13:04,693 - mylogger - INFO - 0.00323001
2017-05-08 04:13:04,693 - mylogger - INFO - 2015-02-25: hold
2017-05-08 04:13:04,995 - mylogger - INFO - 0.00728479
2017-05-08 04:13:04,996 - mylogger - INFO - 2015-02-26: hold
2017-05-08 04:13:05,298 - mylogger - INFO - 0.00571681
2017-05-08 04:13:05,299 - mylogger - INFO - 2015-02-27: hold
2017-05-08 04:13:05,691 - mylogger - INFO - 0.00448474
2017-05-08 04:13:05,691 - mylogger - INFO - 2015-03-02: hold
2017-05-08 04:13:05,990 - mylogger - INFO - 0.00459307
2017-05-08 04:13:05,990 - mylogger - INFO - 2015-03-03: hold
2017-05-08 04:13:06,296 - mylogger - INFO - 1.75422e-05
2017-05-08 04:13:06,296 - mylogger - INFO - 2015-03-04: hold
2017-05-08 04:13:06,688 - mylogger - INFO - -0.00259512
2017-05-08 04:13:06,689 - mylogger - INFO - 2015-03-05: No cover!
2017-05-08 04:13:06,991 - mylogger - INFO - -0.00567999
2017-05-08 04:13:06,992 - mylogger - INFO - 2015-03-06: No cover!
2017-05-08 04:13:07,299 - mylogger - INFO - 0.00538148
2017-05-08 04:13:07,299 - mylogger - INFO - 2015-03-09: hold
2017-05-08 04:13:07,693 - mylogger - INFO - -0.0144674
2017-05-08 04:13:07,694 - mylogger - INFO - 2015-03-10: No cover!
2017-05-08 04:13:07,996 - mylogger - INFO - -0.0095013
2017-05-08 04:13:07,997 - mylogger - INFO - 2015-03-11: No cover!
2017-05-08 04:13:08,302 - mylogger - INFO - -0.0035865
2017-05-08 04:13:08,303 - mylogger - INFO - 2015-03-12: No cover!
2017-05-08 04:13:08,602 - mylogger - INFO - -0.0121102
2017-05-08 04:13:08,603 - mylogger - INFO - 2015-03-13: No cover!
2017-05-08 04:13:09,006 - mylogger - INFO - -0.0077647
2017-05-08 04:13:09,007 - mylogger - INFO - 2015-03-16: No cover!
2017-05-08 04:13:09,308 - mylogger - INFO - -0.0133122
2017-05-08 04:13:09,309 - mylogger - INFO - 2015-03-17: No cover!
2017-05-08 04:13:09,613 - mylogger - INFO - -0.00393364
2017-05-08 04:13:09,614 - mylogger - INFO - 2015-03-18: No cover!
2017-05-08 04:13:10,008 - mylogger - INFO - -0.00121343
2017-05-08 04:13:10,009 - mylogger - INFO - 2015-03-19: No cover!
2017-05-08 04:13:10,310 - mylogger - INFO - 0.00268877
2017-05-08 04:13:10,311 - mylogger - INFO - 2015-03-20: hold
2017-05-08 04:13:10,611 - mylogger - INFO - 0.0015839
2017-05-08 04:13:10,611 - mylogger - INFO - 2015-03-23: hold
2017-05-08 04:13:10,999 - mylogger - INFO - 0.00494208
2017-05-08 04:13:11,000 - mylogger - INFO - 2015-03-24: hold
2017-05-08 04:13:11,306 - mylogger - INFO - 0.00911814
2017-05-08 04:13:11,306 - mylogger - INFO - 2015-03-25: hold
2017-05-08 04:13:11,606 - mylogger - INFO - 0.000631851
2017-05-08 04:13:11,606 - mylogger - INFO - 2015-03-26: hold
2017-05-08 04:13:11,997 - mylogger - INFO - 0.00115274
2017-05-08 04:13:11,997 - mylogger - INFO - 2015-03-27: hold
2017-05-08 04:13:12,301 - mylogger - INFO - 0.0107878
2017-05-08 04:13:12,302 - mylogger - INFO - 2015-03-30: sell
2017-05-08 04:13:12,605 - mylogger - INFO - -0.0145446
2017-05-08 04:13:12,606 - mylogger - INFO - 2015-03-31: No cover!
2017-05-08 04:13:13,000 - mylogger - INFO - -0.000336438
2017-05-08 04:13:13,001 - mylogger - INFO - 2015-04-01: No cover!
2017-05-08 04:13:13,349 - mylogger - INFO - -0.0172014
2017-05-08 04:13:13,351 - mylogger - INFO - 2015-04-02: No cover!
2017-05-08 04:13:13,989 - mylogger - INFO - -0.0241287
2017-05-08 04:13:13,992 - mylogger - INFO - 2015-04-06: No cover!
2017-05-08 04:13:14,640 - mylogger - INFO - 0.0133778
2017-05-08 04:13:14,641 - mylogger - INFO - 2015-04-07: sell
2017-05-08 04:13:15,472 - mylogger - INFO - -0.0177254
2017-05-08 04:13:15,475 - mylogger - INFO - 2015-04-08: No cover!
2017-05-08 04:13:15,936 - mylogger - INFO - -0.00321949
2017-05-08 04:13:15,937 - mylogger - INFO - 2015-04-09: No cover!
2017-05-08 04:13:16,321 - mylogger - INFO - 0.0112068
2017-05-08 04:13:16,322 - mylogger - INFO - 2015-04-10: sell
2017-05-08 04:13:16,784 - mylogger - INFO - 0.00879954
2017-05-08 04:13:16,784 - mylogger - INFO - 2015-04-13: hold
2017-05-08 04:13:17,211 - mylogger - INFO - -0.00493905
2017-05-08 04:13:17,212 - mylogger - INFO - 2015-04-14: No cover!
2017-05-08 04:13:17,571 - mylogger - INFO - 0.00639383
2017-05-08 04:13:17,571 - mylogger - INFO - 2015-04-15: hold
2017-05-08 04:13:18,091 - mylogger - INFO - 0.00652056
2017-05-08 04:13:18,091 - mylogger - INFO - 2015-04-16: hold
2017-05-08 04:13:18,410 - mylogger - INFO - 0.00127693
2017-05-08 04:13:18,410 - mylogger - INFO - 2015-04-17: hold
2017-05-08 04:13:18,735 - mylogger - INFO - 0.00550353
2017-05-08 04:13:18,735 - mylogger - INFO - 2015-04-20: hold
2017-05-08 04:13:19,151 - mylogger - INFO - 0.00737683
2017-05-08 04:13:19,151 - mylogger - INFO - 2015-04-21: hold
2017-05-08 04:13:19,454 - mylogger - INFO - -0.00253277
2017-05-08 04:13:19,455 - mylogger - INFO - 2015-04-22: No cover!
2017-05-08 04:13:19,760 - mylogger - INFO - 0.00930768
2017-05-08 04:13:19,761 - mylogger - INFO - 2015-04-23: hold
2017-05-08 04:13:20,073 - mylogger - INFO - 0.00514765
2017-05-08 04:13:20,074 - mylogger - INFO - 2015-04-24: hold
2017-05-08 04:13:20,474 - mylogger - INFO - 0.0159318
2017-05-08 04:13:20,474 - mylogger - INFO - 2015-04-27: sell
2017-05-08 04:13:20,782 - mylogger - INFO - 0.00284204
2017-05-08 04:13:20,782 - mylogger - INFO - 2015-04-28: hold
2017-05-08 04:13:21,089 - mylogger - INFO - 0.00996938
2017-05-08 04:13:21,089 - mylogger - INFO - 2015-04-29: hold
2017-05-08 04:13:21,483 - mylogger - INFO - 0.0017919
2017-05-08 04:13:21,483 - mylogger - INFO - 2015-04-30: hold
2017-05-08 04:13:21,788 - mylogger - INFO - -0.00471687
2017-05-08 04:13:21,789 - mylogger - INFO - 2015-05-01: No cover!
2017-05-08 04:13:22,095 - mylogger - INFO - 0.0037113
2017-05-08 04:13:22,095 - mylogger - INFO - 2015-05-04: hold
2017-05-08 04:13:22,488 - mylogger - INFO - -0.00197917
2017-05-08 04:13:22,489 - mylogger - INFO - 2015-05-05: No cover!
2017-05-08 04:13:22,791 - mylogger - INFO - -0.00403443
2017-05-08 04:13:22,792 - mylogger - INFO - 2015-05-06: No cover!
2017-05-08 04:13:23,092 - mylogger - INFO - 0.00612774
2017-05-08 04:13:23,092 - mylogger - INFO - 2015-05-07: hold
2017-05-08 04:13:23,488 - mylogger - INFO - -0.0101846
2017-05-08 04:13:23,489 - mylogger - INFO - 2015-05-08: No cover!
2017-05-08 04:13:23,792 - mylogger - INFO - -0.0200946
2017-05-08 04:13:23,793 - mylogger - INFO - 2015-05-11: No cover!
2017-05-08 04:13:24,178 - mylogger - INFO - -0.00694052
2017-05-08 04:13:24,179 - mylogger - INFO - 2015-05-12: No cover!
2017-05-08 04:13:24,719 - mylogger - INFO - 0.00802742
2017-05-08 04:13:24,719 - mylogger - INFO - 2015-05-13: hold
2017-05-08 04:13:25,146 - mylogger - INFO - -0.00615793
2017-05-08 04:13:25,147 - mylogger - INFO - 2015-05-14: No cover!
2017-05-08 04:13:25,460 - mylogger - INFO - -0.00494721
2017-05-08 04:13:25,461 - mylogger - INFO - 2015-05-15: No cover!
2017-05-08 04:13:25,776 - mylogger - INFO - -0.0210642
2017-05-08 04:13:25,777 - mylogger - INFO - 2015-05-18: No cover!
2017-05-08 04:13:26,188 - mylogger - INFO - -0.00866591
2017-05-08 04:13:26,189 - mylogger - INFO - 2015-05-19: No cover!
2017-05-08 04:13:26,515 - mylogger - INFO - -3.17266e-05
2017-05-08 04:13:26,516 - mylogger - INFO - 2015-05-20: No cover!
2017-05-08 04:13:26,868 - mylogger - INFO - 0.000908371
2017-05-08 04:13:26,868 - mylogger - INFO - 2015-05-21: hold
2017-05-08 04:13:27,298 - mylogger - INFO - -0.0124309
2017-05-08 04:13:27,299 - mylogger - INFO - 2015-05-22: No cover!
2017-05-08 04:13:27,634 - mylogger - INFO - -0.00362217
2017-05-08 04:13:27,635 - mylogger - INFO - 2015-05-26: No cover!
2017-05-08 04:13:28,239 - mylogger - INFO - 0.0106957
2017-05-08 04:13:28,240 - mylogger - INFO - 2015-05-27: sell
2017-05-08 04:13:28,765 - mylogger - INFO - 0.00530501
2017-05-08 04:13:28,765 - mylogger - INFO - 2015-05-28: hold
2017-05-08 04:13:29,133 - mylogger - INFO - 0.0078025
2017-05-08 04:13:29,133 - mylogger - INFO - 2015-05-29: hold
2017-05-08 04:13:29,484 - mylogger - INFO - -0.00732943
2017-05-08 04:13:29,485 - mylogger - INFO - 2015-06-01: No cover!
2017-05-08 04:13:29,929 - mylogger - INFO - -0.0121661
2017-05-08 04:13:29,930 - mylogger - INFO - 2015-06-02: No cover!
2017-05-08 04:13:30,398 - mylogger - INFO - -0.00393261
2017-05-08 04:13:30,400 - mylogger - INFO - 2015-06-03: No cover!
2017-05-08 04:13:30,763 - mylogger - INFO - -0.00743397
2017-05-08 04:13:30,764 - mylogger - INFO - 2015-06-04: No cover!
2017-05-08 04:13:31,119 - mylogger - INFO - -0.0139577
2017-05-08 04:13:31,121 - mylogger - INFO - 2015-06-05: No cover!
2017-05-08 04:13:31,591 - mylogger - INFO - 0.00827499
2017-05-08 04:13:31,591 - mylogger - INFO - 2015-06-08: hold
2017-05-08 04:13:31,935 - mylogger - INFO - -0.00359316
2017-05-08 04:13:31,936 - mylogger - INFO - 2015-06-09: No cover!
2017-05-08 04:13:32,285 - mylogger - INFO - -0.00576056
2017-05-08 04:13:32,286 - mylogger - INFO - 2015-06-10: No cover!
2017-05-08 04:13:32,777 - mylogger - INFO - 0.0207984
2017-05-08 04:13:32,777 - mylogger - INFO - 2015-06-11: sell
2017-05-08 04:13:33,142 - mylogger - INFO - 0.0079478
2017-05-08 04:13:33,142 - mylogger - INFO - 2015-06-12: hold
2017-05-08 04:13:33,521 - mylogger - INFO - 0.0195086
2017-05-08 04:13:33,522 - mylogger - INFO - 2015-06-15: sell
2017-05-08 04:13:33,964 - mylogger - INFO - 0.0141628
2017-05-08 04:13:33,965 - mylogger - INFO - 2015-06-16: sell
2017-05-08 04:13:34,349 - mylogger - INFO - -0.000890444
2017-05-08 04:13:34,350 - mylogger - INFO - 2015-06-17: No cover!
2017-05-08 04:13:34,706 - mylogger - INFO - 0.0126583
2017-05-08 04:13:34,707 - mylogger - INFO - 2015-06-18: sell
2017-05-08 04:13:35,106 - mylogger - INFO - 0.00320226
2017-05-08 04:13:35,106 - mylogger - INFO - 2015-06-19: hold
2017-05-08 04:13:35,563 - mylogger - INFO - -0.00265763
2017-05-08 04:13:35,564 - mylogger - INFO - 2015-06-22: No cover!
2017-05-08 04:13:35,999 - mylogger - INFO - 0.00671395
2017-05-08 04:13:35,999 - mylogger - INFO - 2015-06-23: hold
2017-05-08 04:13:36,313 - mylogger - INFO - 0.0039928
2017-05-08 04:13:36,313 - mylogger - INFO - 2015-06-24: hold
2017-05-08 04:13:36,798 - mylogger - INFO - -0.01544
2017-05-08 04:13:36,799 - mylogger - INFO - 2015-06-25: No cover!
2017-05-08 04:13:37,166 - mylogger - INFO - -0.00705249
2017-05-08 04:13:37,167 - mylogger - INFO - 2015-06-26: No cover!
2017-05-08 04:13:37,547 - mylogger - INFO - 0.00821586
2017-05-08 04:13:37,548 - mylogger - INFO - 2015-06-29: hold
2017-05-08 04:13:37,972 - mylogger - INFO - 0.0173052
2017-05-08 04:13:37,973 - mylogger - INFO - 2015-06-30: sell
2017-05-08 04:13:38,455 - mylogger - INFO - 0.0138093
2017-05-08 04:13:38,456 - mylogger - INFO - 2015-07-01: sell
2017-05-08 04:13:38,782 - mylogger - INFO - 0.0121126
2017-05-08 04:13:38,783 - mylogger - INFO - 2015-07-02: sell
2017-05-08 04:13:39,192 - mylogger - INFO - 0.000626075
2017-05-08 04:13:39,192 - mylogger - INFO - 2015-07-06: hold
2017-05-08 04:13:39,506 - mylogger - INFO - -0.0123253
2017-05-08 04:13:39,507 - mylogger - INFO - 2015-07-07: No cover!
2017-05-08 04:13:39,816 - mylogger - INFO - 0.0178435
2017-05-08 04:13:39,817 - mylogger - INFO - 2015-07-08: sell
2017-05-08 04:13:40,122 - mylogger - INFO - 0.0159246
2017-05-08 04:13:40,123 - mylogger - INFO - 2015-07-09: sell
2017-05-08 04:13:40,523 - mylogger - INFO - 0.00567503
2017-05-08 04:13:40,524 - mylogger - INFO - 2015-07-10: hold
2017-05-08 04:13:40,830 - mylogger - INFO - 0.0044932
2017-05-08 04:13:40,830 - mylogger - INFO - 2015-07-13: hold
2017-05-08 04:13:41,138 - mylogger - INFO - 0.013578
2017-05-08 04:13:41,139 - mylogger - INFO - 2015-07-14: sell
2017-05-08 04:13:41,532 - mylogger - INFO - 0.00606664
2017-05-08 04:13:41,532 - mylogger - INFO - 2015-07-15: hold
2017-05-08 04:13:41,832 - mylogger - INFO - -0.0029918
2017-05-08 04:13:41,833 - mylogger - INFO - 2015-07-16: No cover!
2017-05-08 04:13:42,133 - mylogger - INFO - 0.0103951
2017-05-08 04:13:42,134 - mylogger - INFO - 2015-07-17: sell
2017-05-08 04:13:42,531 - mylogger - INFO - 0.00967555
2017-05-08 04:13:42,531 - mylogger - INFO - 2015-07-20: hold
2017-05-08 04:13:42,831 - mylogger - INFO - 0.00314982
2017-05-08 04:13:42,831 - mylogger - INFO - 2015-07-21: hold
2017-05-08 04:13:43,145 - mylogger - INFO - -0.00843859
2017-05-08 04:13:43,146 - mylogger - INFO - 2015-07-22: No cover!
2017-05-08 04:13:43,538 - mylogger - INFO - 0.0265968
2017-05-08 04:13:43,539 - mylogger - INFO - 2015-07-23: sell
2017-05-08 04:13:43,844 - mylogger - INFO - 0.00922124
2017-05-08 04:13:43,845 - mylogger - INFO - 2015-07-24: hold
2017-05-08 04:13:44,149 - mylogger - INFO - 0.0187695
2017-05-08 04:13:44,149 - mylogger - INFO - 2015-07-27: sell
2017-05-08 04:13:44,451 - mylogger - INFO - 0.012344
2017-05-08 04:13:44,451 - mylogger - INFO - 2015-07-28: sell
2017-05-08 04:13:44,854 - mylogger - INFO - -0.00893715
2017-05-08 04:13:44,855 - mylogger - INFO - 2015-07-29: No cover!
2017-05-08 04:13:45,158 - mylogger - INFO - 0.0102307
2017-05-08 04:13:45,159 - mylogger - INFO - 2015-07-30: sell
2017-05-08 04:13:45,460 - mylogger - INFO - 0.0122572
2017-05-08 04:13:45,461 - mylogger - INFO - 2015-07-31: sell
2017-05-08 04:13:45,856 - mylogger - INFO - 0.00765259
2017-05-08 04:13:45,856 - mylogger - INFO - 2015-08-03: hold
2017-05-08 04:13:46,158 - mylogger - INFO - -0.00739683
2017-05-08 04:13:46,159 - mylogger - INFO - 2015-08-04: No cover!
2017-05-08 04:13:46,461 - mylogger - INFO - 0.0208248
2017-05-08 04:13:46,461 - mylogger - INFO - 2015-08-05: sell
2017-05-08 04:13:46,853 - mylogger - INFO - 0.0182637
2017-05-08 04:13:46,854 - mylogger - INFO - 2015-08-06: sell
2017-05-08 04:13:47,156 - mylogger - INFO - -0.0015673
2017-05-08 04:13:47,157 - mylogger - INFO - 2015-08-07: No cover!
2017-05-08 04:13:47,463 - mylogger - INFO - 0.00507495
2017-05-08 04:13:47,463 - mylogger - INFO - 2015-08-10: hold
2017-05-08 04:13:47,860 - mylogger - INFO - -0.00243524
2017-05-08 04:13:47,861 - mylogger - INFO - 2015-08-11: No cover!
2017-05-08 04:13:48,162 - mylogger - INFO - -0.00933371
2017-05-08 04:13:48,163 - mylogger - INFO - 2015-08-12: No cover!
2017-05-08 04:13:48,465 - mylogger - INFO - -0.0117335
2017-05-08 04:13:48,466 - mylogger - INFO - 2015-08-13: No cover!
2017-05-08 04:13:48,772 - mylogger - INFO - -0.0168474
2017-05-08 04:13:48,773 - mylogger - INFO - 2015-08-14: No cover!
2017-05-08 04:13:49,179 - mylogger - INFO - -0.00475829
2017-05-08 04:13:49,180 - mylogger - INFO - 2015-08-17: No cover!
2017-05-08 04:13:49,480 - mylogger - INFO - 0.010872
2017-05-08 04:13:49,481 - mylogger - INFO - 2015-08-18: sell
2017-05-08 04:13:49,782 - mylogger - INFO - 0.00874707
2017-05-08 04:13:49,783 - mylogger - INFO - 2015-08-19: hold
2017-05-08 04:13:50,176 - mylogger - INFO - 0.00600882
2017-05-08 04:13:50,176 - mylogger - INFO - 2015-08-20: hold
2017-05-08 04:13:50,485 - mylogger - INFO - 0.0179755
2017-05-08 04:13:50,486 - mylogger - INFO - 2015-08-21: sell
2017-05-08 04:13:50,789 - mylogger - INFO - -0.00503718
2017-05-08 04:13:50,790 - mylogger - INFO - 2015-08-24: No cover!
2017-05-08 04:13:51,187 - mylogger - INFO - -0.0164598
2017-05-08 04:13:51,188 - mylogger - INFO - 2015-08-25: No cover!
2017-05-08 04:13:51,490 - mylogger - INFO - -0.00851904
2017-05-08 04:13:51,491 - mylogger - INFO - 2015-08-26: No cover!
2017-05-08 04:13:51,790 - mylogger - INFO - 0.00415342
2017-05-08 04:13:51,791 - mylogger - INFO - 2015-08-27: hold
2017-05-08 04:13:52,185 - mylogger - INFO - -0.00619622
2017-05-08 04:13:52,186 - mylogger - INFO - 2015-08-28: No cover!
2017-05-08 04:13:52,486 - mylogger - INFO - -0.0106658
2017-05-08 04:13:52,488 - mylogger - INFO - 2015-08-31: No cover!
2017-05-08 04:13:52,792 - mylogger - INFO - 0.0025884
2017-05-08 04:13:52,793 - mylogger - INFO - 2015-09-01: hold
2017-05-08 04:13:53,095 - mylogger - INFO - -0.0127024
2017-05-08 04:13:53,096 - mylogger - INFO - 2015-09-02: No cover!
2017-05-08 04:13:53,500 - mylogger - INFO - -0.014575
2017-05-08 04:13:53,501 - mylogger - INFO - 2015-09-03: No cover!
2017-05-08 04:13:53,801 - mylogger - INFO - -0.0148564
2017-05-08 04:13:53,802 - mylogger - INFO - 2015-09-04: No cover!
2017-05-08 04:13:54,138 - mylogger - INFO - -0.0149516
2017-05-08 04:13:54,139 - mylogger - INFO - 2015-09-08: No cover!
2017-05-08 04:13:54,533 - mylogger - INFO - -0.0171438
2017-05-08 04:13:54,534 - mylogger - INFO - 2015-09-09: No cover!
2017-05-08 04:13:54,838 - mylogger - INFO - -0.0119106
2017-05-08 04:13:54,839 - mylogger - INFO - 2015-09-10: No cover!
2017-05-08 04:13:55,147 - mylogger - INFO - 0.000897947
2017-05-08 04:13:55,148 - mylogger - INFO - 2015-09-11: hold
2017-05-08 04:13:55,538 - mylogger - INFO - -0.00940515
2017-05-08 04:13:55,540 - mylogger - INFO - 2015-09-14: No cover!
2017-05-08 04:13:55,843 - mylogger - INFO - -0.026694
2017-05-08 04:13:55,844 - mylogger - INFO - 2015-09-15: No cover!
2017-05-08 04:13:56,144 - mylogger - INFO - -0.0027673
2017-05-08 04:13:56,145 - mylogger - INFO - 2015-09-16: No cover!
2017-05-08 04:13:56,542 - mylogger - INFO - -0.016632
2017-05-08 04:13:56,543 - mylogger - INFO - 2015-09-17: No cover!
2017-05-08 04:13:56,846 - mylogger - INFO - -0.00733152
2017-05-08 04:13:56,847 - mylogger - INFO - 2015-09-18: No cover!
2017-05-08 04:13:57,147 - mylogger - INFO - 0.00932367
2017-05-08 04:13:57,147 - mylogger - INFO - 2015-09-21: hold
2017-05-08 04:13:57,446 - mylogger - INFO - -0.0129456
2017-05-08 04:13:57,447 - mylogger - INFO - 2015-09-22: No cover!
2017-05-08 04:13:57,851 - mylogger - INFO - -0.00316564
2017-05-08 04:13:57,852 - mylogger - INFO - 2015-09-23: No cover!
2017-05-08 04:13:58,154 - mylogger - INFO - -0.0113902
2017-05-08 04:13:58,155 - mylogger - INFO - 2015-09-24: No cover!
2017-05-08 04:13:58,457 - mylogger - INFO - 0.00658356
2017-05-08 04:13:58,458 - mylogger - INFO - 2015-09-25: hold
2017-05-08 04:13:58,853 - mylogger - INFO - -0.00852482
2017-05-08 04:13:58,854 - mylogger - INFO - 2015-09-28: No cover!
2017-05-08 04:13:59,157 - mylogger - INFO - -0.00564488
2017-05-08 04:13:59,158 - mylogger - INFO - 2015-09-29: No cover!
2017-05-08 04:13:59,458 - mylogger - INFO - -0.010259
2017-05-08 04:13:59,459 - mylogger - INFO - 2015-09-30: No cover!
2017-05-08 04:13:59,863 - mylogger - INFO - -0.00252948
2017-05-08 04:13:59,864 - mylogger - INFO - 2015-10-01: No cover!
2017-05-08 04:14:00,171 - mylogger - INFO - 0.0185062
2017-05-08 04:14:00,172 - mylogger - INFO - 2015-10-02: sell
2017-05-08 04:14:00,474 - mylogger - INFO - 0.0269187
2017-05-08 04:14:00,475 - mylogger - INFO - 2015-10-05: sell
2017-05-08 04:14:00,869 - mylogger - INFO - 0.014599
2017-05-08 04:14:00,870 - mylogger - INFO - 2015-10-06: sell
2017-05-08 04:14:01,180 - mylogger - INFO - 0.0186095
2017-05-08 04:14:01,181 - mylogger - INFO - 2015-10-07: sell
2017-05-08 04:14:01,483 - mylogger - INFO - 0.0088619
2017-05-08 04:14:01,483 - mylogger - INFO - 2015-10-08: hold
2017-05-08 04:14:01,894 - mylogger - INFO - 0.0136347
2017-05-08 04:14:01,894 - mylogger - INFO - 2015-10-09: sell
2017-05-08 04:14:02,198 - mylogger - INFO - -0.00334142
2017-05-08 04:14:02,199 - mylogger - INFO - 2015-10-12: No cover!
2017-05-08 04:14:02,504 - mylogger - INFO - -0.0145428
2017-05-08 04:14:02,505 - mylogger - INFO - 2015-10-13: No cover!
2017-05-08 04:14:02,806 - mylogger - INFO - -0.0067723
2017-05-08 04:14:02,807 - mylogger - INFO - 2015-10-14: No cover!
2017-05-08 04:14:03,205 - mylogger - INFO - -0.0138003
2017-05-08 04:14:03,206 - mylogger - INFO - 2015-10-15: No cover!
2017-05-08 04:14:03,512 - mylogger - INFO - -0.0137227
2017-05-08 04:14:03,513 - mylogger - INFO - 2015-10-16: No cover!
2017-05-08 04:14:03,817 - mylogger - INFO - -0.0157513
2017-05-08 04:14:03,818 - mylogger - INFO - 2015-10-19: No cover!
2017-05-08 04:14:04,216 - mylogger - INFO - -0.0139151
2017-05-08 04:14:04,217 - mylogger - INFO - 2015-10-20: No cover!
2017-05-08 04:14:04,519 - mylogger - INFO - -0.014092
2017-05-08 04:14:04,520 - mylogger - INFO - 2015-10-21: No cover!
2017-05-08 04:14:04,821 - mylogger - INFO - -0.00932498
2017-05-08 04:14:04,822 - mylogger - INFO - 2015-10-22: No cover!
2017-05-08 04:14:05,215 - mylogger - INFO - -0.00799987
2017-05-08 04:14:05,216 - mylogger - INFO - 2015-10-23: No cover!
2017-05-08 04:14:05,521 - mylogger - INFO - -0.00565023
2017-05-08 04:14:05,522 - mylogger - INFO - 2015-10-26: No cover!
2017-05-08 04:14:05,825 - mylogger - INFO - -0.000721397
2017-05-08 04:14:05,826 - mylogger - INFO - 2015-10-27: No cover!
2017-05-08 04:14:06,227 - mylogger - INFO - -0.0206171
2017-05-08 04:14:06,228 - mylogger - INFO - 2015-10-28: No cover!
2017-05-08 04:14:06,533 - mylogger - INFO - -0.00723947
2017-05-08 04:14:06,534 - mylogger - INFO - 2015-10-29: No cover!
2017-05-08 04:14:06,836 - mylogger - INFO - -0.024657
2017-05-08 04:14:06,837 - mylogger - INFO - 2015-10-30: No cover!
2017-05-08 04:14:07,235 - mylogger - INFO - 0.000648634
2017-05-08 04:14:07,235 - mylogger - INFO - 2015-11-02: hold
2017-05-08 04:14:07,542 - mylogger - INFO - 0.0138834
2017-05-08 04:14:07,543 - mylogger - INFO - 2015-11-03: sell
2017-05-08 04:14:07,844 - mylogger - INFO - -0.0258997
2017-05-08 04:14:07,845 - mylogger - INFO - 2015-11-04: No cover!
2017-05-08 04:14:08,146 - mylogger - INFO - -0.0242291
2017-05-08 04:14:08,147 - mylogger - INFO - 2015-11-05: No cover!
2017-05-08 04:14:08,547 - mylogger - INFO - -0.025151
2017-05-08 04:14:08,549 - mylogger - INFO - 2015-11-06: No cover!
2017-05-08 04:14:08,854 - mylogger - INFO - -0.0137781
2017-05-08 04:14:08,855 - mylogger - INFO - 2015-11-09: No cover!
2017-05-08 04:14:09,157 - mylogger - INFO - -0.00665229
2017-05-08 04:14:09,158 - mylogger - INFO - 2015-11-10: No cover!
2017-05-08 04:14:09,552 - mylogger - INFO - -0.0168499
2017-05-08 04:14:09,553 - mylogger - INFO - 2015-11-11: No cover!
2017-05-08 04:14:09,859 - mylogger - INFO - -0.0270238
2017-05-08 04:14:09,860 - mylogger - INFO - 2015-11-12: No cover!
2017-05-08 04:14:10,160 - mylogger - INFO - -0.0124254
2017-05-08 04:14:10,161 - mylogger - INFO - 2015-11-13: No cover!
2017-05-08 04:14:10,554 - mylogger - INFO - -0.0203822
2017-05-08 04:14:10,555 - mylogger - INFO - 2015-11-16: No cover!
2017-05-08 04:14:10,860 - mylogger - INFO - -0.00176865
2017-05-08 04:14:10,861 - mylogger - INFO - 2015-11-17: No cover!
2017-05-08 04:14:11,161 - mylogger - INFO - -0.0180753
2017-05-08 04:14:11,162 - mylogger - INFO - 2015-11-18: No cover!
2017-05-08 04:14:11,561 - mylogger - INFO - -0.0218122
2017-05-08 04:14:11,562 - mylogger - INFO - 2015-11-19: No cover!
2017-05-08 04:14:11,865 - mylogger - INFO - -0.0120384
2017-05-08 04:14:11,866 - mylogger - INFO - 2015-11-20: No cover!
2017-05-08 04:14:12,171 - mylogger - INFO - -0.0155421
2017-05-08 04:14:12,172 - mylogger - INFO - 2015-11-23: No cover!
2017-05-08 04:14:12,570 - mylogger - INFO - -0.00050935
2017-05-08 04:14:12,571 - mylogger - INFO - 2015-11-24: No cover!
2017-05-08 04:14:12,875 - mylogger - INFO - 0.00507562
2017-05-08 04:14:12,875 - mylogger - INFO - 2015-11-25: hold
2017-05-08 04:14:13,179 - mylogger - INFO - -0.0014312
2017-05-08 04:14:13,180 - mylogger - INFO - 2015-11-27: No cover!
2017-05-08 04:14:13,482 - mylogger - INFO - -0.00426782
2017-05-08 04:14:13,483 - mylogger - INFO - 2015-11-30: No cover!
2017-05-08 04:14:13,886 - mylogger - INFO - -0.00671161
2017-05-08 04:14:13,887 - mylogger - INFO - 2015-12-01: No cover!
2017-05-08 04:14:14,188 - mylogger - INFO - -0.0123852
2017-05-08 04:14:14,189 - mylogger - INFO - 2015-12-02: No cover!
2017-05-08 04:14:14,492 - mylogger - INFO - -0.00466421
2017-05-08 04:14:14,493 - mylogger - INFO - 2015-12-03: No cover!
2017-05-08 04:14:14,897 - mylogger - INFO - 0.00984581
2017-05-08 04:14:14,897 - mylogger - INFO - 2015-12-04: hold
2017-05-08 04:14:15,204 - mylogger - INFO - 0.0053095
2017-05-08 04:14:15,204 - mylogger - INFO - 2015-12-07: hold
2017-05-08 04:14:15,505 - mylogger - INFO - 0.00367055
2017-05-08 04:14:15,505 - mylogger - INFO - 2015-12-08: hold
2017-05-08 04:14:15,904 - mylogger - INFO - 0.0094444
2017-05-08 04:14:15,904 - mylogger - INFO - 2015-12-09: hold
2017-05-08 04:14:16,209 - mylogger - INFO - 0.00400051
2017-05-08 04:14:16,209 - mylogger - INFO - 2015-12-10: hold
2017-05-08 04:14:16,510 - mylogger - INFO - 0.00225683
2017-05-08 04:14:16,510 - mylogger - INFO - 2015-12-11: hold
2017-05-08 04:14:16,907 - mylogger - INFO - 0.00200642
2017-05-08 04:14:16,907 - mylogger - INFO - 2015-12-14: hold
2017-05-08 04:14:17,211 - mylogger - INFO - -0.0147468
2017-05-08 04:14:17,212 - mylogger - INFO - 2015-12-15: No cover!
2017-05-08 04:14:17,517 - mylogger - INFO - 0.00417715
2017-05-08 04:14:17,517 - mylogger - INFO - 2015-12-16: hold
2017-05-08 04:14:17,817 - mylogger - INFO - -0.0150406
2017-05-08 04:14:17,818 - mylogger - INFO - 2015-12-17: No cover!
2017-05-08 04:14:18,218 - mylogger - INFO - -0.00882271
2017-05-08 04:14:18,219 - mylogger - INFO - 2015-12-18: No cover!
2017-05-08 04:14:18,520 - mylogger - INFO - 0.00684647
2017-05-08 04:14:18,520 - mylogger - INFO - 2015-12-21: hold
2017-05-08 04:14:18,824 - mylogger - INFO - -0.00735912
2017-05-08 04:14:18,825 - mylogger - INFO - 2015-12-22: No cover!
2017-05-08 04:14:19,219 - mylogger - INFO - 0.00439031
2017-05-08 04:14:19,219 - mylogger - INFO - 2015-12-23: hold
2017-05-08 04:14:19,524 - mylogger - INFO - 0.00272346
2017-05-08 04:14:19,524 - mylogger - INFO - 2015-12-24: hold
2017-05-08 04:14:19,826 - mylogger - INFO - -0.00137194
2017-05-08 04:14:19,827 - mylogger - INFO - 2015-12-28: No cover!
2017-05-08 04:14:20,224 - mylogger - INFO - -0.00917095
2017-05-08 04:14:20,225 - mylogger - INFO - 2015-12-29: No cover!
2017-05-08 04:14:20,531 - mylogger - INFO - 0.00269413
2017-05-08 04:14:20,532 - mylogger - INFO - 2015-12-30: hold
2017-05-08 04:14:20,835 - mylogger - INFO - -0.00745351
2017-05-08 04:14:20,836 - mylogger - INFO - 2015-12-31: No cover!
2017-05-08 04:14:21,492 - mylogger - INFO - Total profit and loss: 0.00820586499473
2017-05-08 04:14:21,527 - mylogger - INFO - Hit table:
2017-05-08 04:14:21,527 - mylogger - INFO - Date          signal  hit/miss
2017-05-08 04:14:21,528 - mylogger - INFO - 2014-01-02    buy     miss
2017-05-08 04:14:21,528 - mylogger - INFO - 2014-01-03    buy     miss
2017-05-08 04:14:21,528 - mylogger - INFO - 2014-01-06    buy     miss
2017-05-08 04:14:21,528 - mylogger - INFO - 2014-01-07    buy     miss
2017-05-08 04:14:21,528 - mylogger - INFO - 2014-01-08    buy     miss
2017-05-08 04:14:21,528 - mylogger - INFO - 2014-01-09    buy     miss
2017-05-08 04:14:21,529 - mylogger - INFO - 2014-01-10    buy     miss
2017-05-08 04:14:21,529 - mylogger - INFO - 2014-01-13    sell    miss
2017-05-08 04:14:21,529 - mylogger - INFO - 2014-01-14    buy     hit
2017-05-08 04:14:21,529 - mylogger - INFO - 2014-01-15    buy     miss
2017-05-08 04:14:21,529 - mylogger - INFO - 2014-01-16    buy     miss
2017-05-08 04:14:21,529 - mylogger - INFO - 2014-01-17    buy     hit
2017-05-08 04:14:21,530 - mylogger - INFO - 2014-01-21    buy     miss
2017-05-08 04:14:21,530 - mylogger - INFO - 2014-01-22    buy     miss
2017-05-08 04:14:21,530 - mylogger - INFO - 2014-01-23    buy     miss
2017-05-08 04:14:21,530 - mylogger - INFO - 2014-01-24    buy     miss
2017-05-08 04:14:21,530 - mylogger - INFO - 2014-01-27    buy     miss
2017-05-08 04:14:21,530 - mylogger - INFO - 2014-01-28    buy     miss
2017-05-08 04:14:21,531 - mylogger - INFO - 2014-01-29    buy     miss
2017-05-08 04:14:21,531 - mylogger - INFO - 2014-01-30    hold    hit
2017-05-08 04:14:21,531 - mylogger - INFO - 2014-01-31    sell    miss
2017-05-08 04:14:21,531 - mylogger - INFO - 2014-02-03    buy     hit
2017-05-08 04:14:21,531 - mylogger - INFO - 2014-02-04    buy     miss
2017-05-08 04:14:21,531 - mylogger - INFO - 2014-02-05    buy     miss
2017-05-08 04:14:21,532 - mylogger - INFO - 2014-02-06    sell    miss
2017-05-08 04:14:21,532 - mylogger - INFO - 2014-02-07    hold    miss
2017-05-08 04:14:21,532 - mylogger - INFO - 2014-02-10    sell    miss
2017-05-08 04:14:21,532 - mylogger - INFO - 2014-02-11    hold    miss
2017-05-08 04:14:21,532 - mylogger - INFO - 2014-02-12    hold    miss
2017-05-08 04:14:21,532 - mylogger - INFO - 2014-02-13    buy     miss
2017-05-08 04:14:21,532 - mylogger - INFO - 2014-02-14    buy     miss
2017-05-08 04:14:21,533 - mylogger - INFO - 2014-02-18    buy     miss
2017-05-08 04:14:21,533 - mylogger - INFO - 2014-02-19    buy     miss
2017-05-08 04:14:21,533 - mylogger - INFO - 2014-02-20    buy     miss
2017-05-08 04:14:21,533 - mylogger - INFO - 2014-02-21    hold    hit
2017-05-08 04:14:21,533 - mylogger - INFO - 2014-02-24    buy     miss
2017-05-08 04:14:21,533 - mylogger - INFO - 2014-02-25    buy     miss
2017-05-08 04:14:21,534 - mylogger - INFO - 2014-02-26    hold    miss
2017-05-08 04:14:21,534 - mylogger - INFO - 2014-02-27    hold    miss
2017-05-08 04:14:21,534 - mylogger - INFO - 2014-02-28    hold    hit
2017-05-08 04:14:21,534 - mylogger - INFO - 2014-03-03    buy     miss
2017-05-08 04:14:21,534 - mylogger - INFO - 2014-03-04    hold    hit
2017-05-08 04:14:21,534 - mylogger - INFO - 2014-03-05    buy     miss
2017-05-08 04:14:21,535 - mylogger - INFO - 2014-03-06    buy     miss
2017-05-08 04:14:21,535 - mylogger - INFO - 2014-03-07    buy     miss
2017-05-08 04:14:21,535 - mylogger - INFO - 2014-03-10    buy     miss
2017-05-08 04:14:21,535 - mylogger - INFO - 2014-03-11    buy     miss
2017-05-08 04:14:21,535 - mylogger - INFO - 2014-03-12    buy     miss
2017-05-08 04:14:21,535 - mylogger - INFO - 2014-03-13    buy     miss
2017-05-08 04:14:21,535 - mylogger - INFO - 2014-03-14    buy     miss
2017-05-08 04:14:21,536 - mylogger - INFO - 2014-03-17    buy     miss
2017-05-08 04:14:21,536 - mylogger - INFO - 2014-03-18    hold    miss
2017-05-08 04:14:21,536 - mylogger - INFO - 2014-03-19    buy     miss
2017-05-08 04:14:21,536 - mylogger - INFO - 2014-03-20    buy     miss
2017-05-08 04:14:21,536 - mylogger - INFO - 2014-03-21    buy     hit
2017-05-08 04:14:21,536 - mylogger - INFO - 2014-03-24    hold    miss
2017-05-08 04:14:21,537 - mylogger - INFO - 2014-03-25    buy     miss
2017-05-08 04:14:21,537 - mylogger - INFO - 2014-03-26    buy     miss
2017-05-08 04:14:21,537 - mylogger - INFO - 2014-03-27    buy     miss
2017-05-08 04:14:21,537 - mylogger - INFO - 2014-03-28    buy     miss
2017-05-08 04:14:21,537 - mylogger - INFO - 2014-03-31    hold    hit
2017-05-08 04:14:21,537 - mylogger - INFO - 2014-04-01    hold    hit
2017-05-08 04:14:21,538 - mylogger - INFO - 2014-04-02    buy     miss
2017-05-08 04:14:21,538 - mylogger - INFO - 2014-04-03    hold    miss
2017-05-08 04:14:21,538 - mylogger - INFO - 2014-04-04    buy     miss
2017-05-08 04:14:21,538 - mylogger - INFO - 2014-04-07    hold    miss
2017-05-08 04:14:21,539 - mylogger - INFO - 2014-04-08    buy     hit
2017-05-08 04:14:21,539 - mylogger - INFO - 2014-04-09    buy     miss
2017-05-08 04:14:21,539 - mylogger - INFO - 2014-04-10    buy     miss
2017-05-08 04:14:21,539 - mylogger - INFO - 2014-04-11    buy     miss
2017-05-08 04:14:21,539 - mylogger - INFO - 2014-04-14    buy     miss
2017-05-08 04:14:21,539 - mylogger - INFO - 2014-04-15    buy     miss
2017-05-08 04:14:21,540 - mylogger - INFO - 2014-04-16    buy     hit
2017-05-08 04:14:21,540 - mylogger - INFO - 2014-04-17    buy     hit
2017-05-08 04:14:21,540 - mylogger - INFO - 2014-04-21    sell    miss
2017-05-08 04:14:21,540 - mylogger - INFO - 2014-04-22    hold    miss
2017-05-08 04:14:21,540 - mylogger - INFO - 2014-04-23    buy     hit
2017-05-08 04:14:21,540 - mylogger - INFO - 2014-04-24    buy     miss
2017-05-08 04:14:21,540 - mylogger - INFO - 2014-04-25    buy     hit
2017-05-08 04:14:21,541 - mylogger - INFO - 2014-04-28    sell    hit
2017-05-08 04:14:21,541 - mylogger - INFO - 2014-04-29    buy     miss
2017-05-08 04:14:21,541 - mylogger - INFO - 2014-04-30    buy     miss
2017-05-08 04:14:21,541 - mylogger - INFO - 2014-05-01    buy     miss
2017-05-08 04:14:21,541 - mylogger - INFO - 2014-05-02    hold    miss
2017-05-08 04:14:21,542 - mylogger - INFO - 2014-05-05    buy     miss
2017-05-08 04:14:21,542 - mylogger - INFO - 2014-05-06    buy     miss
2017-05-08 04:14:21,542 - mylogger - INFO - 2014-05-07    buy     miss
2017-05-08 04:14:21,542 - mylogger - INFO - 2014-05-08    buy     miss
2017-05-08 04:14:21,542 - mylogger - INFO - 2014-05-09    buy     hit
2017-05-08 04:14:21,542 - mylogger - INFO - 2014-05-12    buy     miss
2017-05-08 04:14:21,543 - mylogger - INFO - 2014-05-13    buy     miss
2017-05-08 04:14:21,543 - mylogger - INFO - 2014-05-14    buy     miss
2017-05-08 04:14:21,543 - mylogger - INFO - 2014-05-15    buy     hit
2017-05-08 04:14:21,543 - mylogger - INFO - 2014-05-16    buy     hit
2017-05-08 04:14:21,543 - mylogger - INFO - 2014-05-19    buy     miss
2017-05-08 04:14:21,543 - mylogger - INFO - 2014-05-20    buy     miss
2017-05-08 04:14:21,543 - mylogger - INFO - 2014-05-21    buy     miss
2017-05-08 04:14:21,544 - mylogger - INFO - 2014-05-22    hold    miss
2017-05-08 04:14:21,544 - mylogger - INFO - 2014-05-23    buy     hit
2017-05-08 04:14:21,544 - mylogger - INFO - 2014-05-27    hold    miss
2017-05-08 04:14:21,544 - mylogger - INFO - 2014-05-28    hold    miss
2017-05-08 04:14:21,544 - mylogger - INFO - 2014-05-29    sell    hit
2017-05-08 04:14:21,544 - mylogger - INFO - 2014-05-30    hold    miss
2017-05-08 04:14:21,545 - mylogger - INFO - 2014-06-02    sell    miss
2017-05-08 04:14:21,545 - mylogger - INFO - 2014-06-03    sell    miss
2017-05-08 04:14:21,545 - mylogger - INFO - 2014-06-04    buy     miss
2017-05-08 04:14:21,545 - mylogger - INFO - 2014-06-05    hold    miss
2017-05-08 04:14:21,545 - mylogger - INFO - 2014-06-06    buy     hit
2017-05-08 04:14:21,545 - mylogger - INFO - 2014-06-09    buy     miss
2017-05-08 04:14:21,546 - mylogger - INFO - 2014-06-10    buy     miss
2017-05-08 04:14:21,546 - mylogger - INFO - 2014-06-11    buy     miss
2017-05-08 04:14:21,546 - mylogger - INFO - 2014-06-12    buy     miss
2017-05-08 04:14:21,546 - mylogger - INFO - 2014-06-13    sell    miss
2017-05-08 04:14:21,546 - mylogger - INFO - 2014-06-16    buy     miss
2017-05-08 04:14:21,546 - mylogger - INFO - 2014-06-17    sell    miss
2017-05-08 04:14:21,547 - mylogger - INFO - 2014-06-18    buy     miss
2017-05-08 04:14:21,547 - mylogger - INFO - 2014-06-19    hold    miss
2017-05-08 04:14:21,547 - mylogger - INFO - 2014-06-20    hold    miss
2017-05-08 04:14:21,547 - mylogger - INFO - 2014-06-23    hold    miss
2017-05-08 04:14:21,547 - mylogger - INFO - 2014-06-24    sell    miss
2017-05-08 04:14:21,547 - mylogger - INFO - 2014-06-25    hold    hit
2017-05-08 04:14:21,547 - mylogger - INFO - 2014-06-26    hold    miss
2017-05-08 04:14:21,548 - mylogger - INFO - 2014-06-27    buy     hit
2017-05-08 04:14:21,548 - mylogger - INFO - 2014-06-30    sell    miss
2017-05-08 04:14:21,548 - mylogger - INFO - 2014-07-01    sell    hit
2017-05-08 04:14:21,548 - mylogger - INFO - 2014-07-02    hold    hit
2017-05-08 04:14:21,548 - mylogger - INFO - 2014-07-03    hold    miss
2017-05-08 04:14:21,548 - mylogger - INFO - 2014-07-07    buy     miss
2017-05-08 04:14:21,549 - mylogger - INFO - 2014-07-08    buy     miss
2017-05-08 04:14:21,549 - mylogger - INFO - 2014-07-09    buy     miss
2017-05-08 04:14:21,549 - mylogger - INFO - 2014-07-10    buy     miss
2017-05-08 04:14:21,549 - mylogger - INFO - 2014-07-11    hold    miss
2017-05-08 04:14:21,549 - mylogger - INFO - 2014-07-14    buy     miss
2017-05-08 04:14:21,549 - mylogger - INFO - 2014-07-15    buy     miss
2017-05-08 04:14:21,550 - mylogger - INFO - 2014-07-16    hold    miss
2017-05-08 04:14:21,550 - mylogger - INFO - 2014-07-17    buy     hit
2017-05-08 04:14:21,550 - mylogger - INFO - 2014-07-18    buy     miss
2017-05-08 04:14:21,550 - mylogger - INFO - 2014-07-21    buy     miss
2017-05-08 04:14:21,550 - mylogger - INFO - 2014-07-22    buy     hit
2017-05-08 04:14:21,550 - mylogger - INFO - 2014-07-23    buy     miss
2017-05-08 04:14:21,551 - mylogger - INFO - 2014-07-24    buy     miss
2017-05-08 04:14:21,551 - mylogger - INFO - 2014-07-25    buy     hit
2017-05-08 04:14:21,551 - mylogger - INFO - 2014-07-28    buy     miss
2017-05-08 04:14:21,551 - mylogger - INFO - 2014-07-29    buy     miss
2017-05-08 04:14:21,551 - mylogger - INFO - 2014-07-30    buy     miss
2017-05-08 04:14:21,551 - mylogger - INFO - 2014-07-31    buy     miss
2017-05-08 04:14:21,551 - mylogger - INFO - 2014-08-01    buy     miss
2017-05-08 04:14:21,552 - mylogger - INFO - 2014-08-04    buy     miss
2017-05-08 04:14:21,552 - mylogger - INFO - 2014-08-05    hold    miss
2017-05-08 04:14:21,552 - mylogger - INFO - 2014-08-06    hold    miss
2017-05-08 04:14:21,552 - mylogger - INFO - 2014-08-07    sell    miss
2017-05-08 04:14:21,552 - mylogger - INFO - 2014-08-08    buy     hit
2017-05-08 04:14:21,552 - mylogger - INFO - 2014-08-11    hold    miss
2017-05-08 04:14:21,553 - mylogger - INFO - 2014-08-12    buy     hit
2017-05-08 04:14:21,553 - mylogger - INFO - 2014-08-13    sell    miss
2017-05-08 04:14:21,553 - mylogger - INFO - 2014-08-14    sell    miss
2017-05-08 04:14:21,553 - mylogger - INFO - 2014-08-15    hold    miss
2017-05-08 04:14:21,553 - mylogger - INFO - 2014-08-18    sell    miss
2017-05-08 04:14:21,553 - mylogger - INFO - 2014-08-19    hold    hit
2017-05-08 04:14:21,554 - mylogger - INFO - 2014-08-20    sell    miss
2017-05-08 04:14:21,554 - mylogger - INFO - 2014-08-21    hold    hit
2017-05-08 04:14:21,554 - mylogger - INFO - 2014-08-22    hold    hit
2017-05-08 04:14:21,554 - mylogger - INFO - 2014-08-25    hold    miss
2017-05-08 04:14:21,554 - mylogger - INFO - 2014-08-26    buy     hit
2017-05-08 04:14:21,554 - mylogger - INFO - 2014-08-27    buy     miss
2017-05-08 04:14:21,554 - mylogger - INFO - 2014-08-28    buy     miss
2017-05-08 04:14:21,555 - mylogger - INFO - 2014-08-29    buy     miss
2017-05-08 04:14:21,555 - mylogger - INFO - 2014-09-02    buy     miss
2017-05-08 04:14:21,555 - mylogger - INFO - 2014-09-03    buy     miss
2017-05-08 04:14:21,555 - mylogger - INFO - 2014-09-04    hold    hit
2017-05-08 04:14:21,555 - mylogger - INFO - 2014-09-05    buy     miss
2017-05-08 04:14:21,555 - mylogger - INFO - 2014-09-08    hold    miss
2017-05-08 04:14:21,556 - mylogger - INFO - 2014-09-09    hold    miss
2017-05-08 04:14:21,556 - mylogger - INFO - 2014-09-10    hold    hit
2017-05-08 04:14:21,556 - mylogger - INFO - 2014-09-11    buy     miss
2017-05-08 04:14:21,556 - mylogger - INFO - 2014-09-12    buy     miss
2017-05-08 04:14:21,556 - mylogger - INFO - 2014-09-15    buy     miss
2017-05-08 04:14:21,556 - mylogger - INFO - 2014-09-16    buy     miss
2017-05-08 04:14:21,557 - mylogger - INFO - 2014-09-17    buy     miss
2017-05-08 04:14:21,557 - mylogger - INFO - 2014-09-18    buy     miss
2017-05-08 04:14:21,557 - mylogger - INFO - 2014-09-19    buy     miss
2017-05-08 04:14:21,557 - mylogger - INFO - 2014-09-22    buy     hit
2017-05-08 04:14:21,557 - mylogger - INFO - 2014-09-23    buy     miss
2017-05-08 04:14:21,557 - mylogger - INFO - 2014-09-24    buy     miss
2017-05-08 04:14:21,557 - mylogger - INFO - 2014-09-25    buy     hit
2017-05-08 04:14:21,558 - mylogger - INFO - 2014-09-26    buy     miss
2017-05-08 04:14:21,558 - mylogger - INFO - 2014-09-29    buy     miss
2017-05-08 04:14:21,558 - mylogger - INFO - 2014-09-30    buy     miss
2017-05-08 04:14:21,558 - mylogger - INFO - 2014-10-01    buy     miss
2017-05-08 04:14:21,558 - mylogger - INFO - 2014-10-02    buy     miss
2017-05-08 04:14:21,558 - mylogger - INFO - 2014-10-03    buy     miss
2017-05-08 04:14:21,559 - mylogger - INFO - 2014-10-06    buy     miss
2017-05-08 04:14:21,559 - mylogger - INFO - 2014-10-07    buy     hit
2017-05-08 04:14:21,559 - mylogger - INFO - 2014-10-08    buy     miss
2017-05-08 04:14:21,559 - mylogger - INFO - 2014-10-09    hold    miss
2017-05-08 04:14:21,559 - mylogger - INFO - 2014-10-10    hold    miss
2017-05-08 04:14:21,559 - mylogger - INFO - 2014-10-13    buy     miss
2017-05-08 04:14:21,560 - mylogger - INFO - 2014-10-14    hold    miss
2017-05-08 04:14:21,560 - mylogger - INFO - 2014-10-15    buy     miss
2017-05-08 04:14:21,560 - mylogger - INFO - 2014-10-16    buy     hit
2017-05-08 04:14:21,560 - mylogger - INFO - 2014-10-17    hold    miss
2017-05-08 04:14:21,560 - mylogger - INFO - 2014-10-20    hold    miss
2017-05-08 04:14:21,560 - mylogger - INFO - 2014-10-21    sell    miss
2017-05-08 04:14:21,560 - mylogger - INFO - 2014-10-22    buy     hit
2017-05-08 04:14:21,561 - mylogger - INFO - 2014-10-23    hold    hit
2017-05-08 04:14:21,561 - mylogger - INFO - 2014-10-24    hold    miss
2017-05-08 04:14:21,561 - mylogger - INFO - 2014-10-27    sell    miss
2017-05-08 04:14:21,561 - mylogger - INFO - 2014-10-28    sell    miss
2017-05-08 04:14:21,561 - mylogger - INFO - 2014-10-29    buy     miss
2017-05-08 04:14:21,562 - mylogger - INFO - 2014-10-30    hold    hit
2017-05-08 04:14:21,562 - mylogger - INFO - 2014-10-31    buy     hit
2017-05-08 04:14:21,562 - mylogger - INFO - 2014-11-03    buy     miss
2017-05-08 04:14:21,562 - mylogger - INFO - 2014-11-04    buy     miss
2017-05-08 04:14:21,562 - mylogger - INFO - 2014-11-05    buy     miss
2017-05-08 04:14:21,562 - mylogger - INFO - 2014-11-06    hold    hit
2017-05-08 04:14:21,563 - mylogger - INFO - 2014-11-07    sell    hit
2017-05-08 04:14:21,563 - mylogger - INFO - 2014-11-10    buy     miss
2017-05-08 04:14:21,563 - mylogger - INFO - 2014-11-11    buy     hit
2017-05-08 04:14:21,563 - mylogger - INFO - 2014-11-12    buy     hit
2017-05-08 04:14:21,563 - mylogger - INFO - 2014-11-13    buy     hit
2017-05-08 04:14:21,563 - mylogger - INFO - 2014-11-14    hold    miss
2017-05-08 04:14:21,564 - mylogger - INFO - 2014-11-17    buy     hit
2017-05-08 04:14:21,564 - mylogger - INFO - 2014-11-18    buy     miss
2017-05-08 04:14:21,564 - mylogger - INFO - 2014-11-19    buy     hit
2017-05-08 04:14:21,564 - mylogger - INFO - 2014-11-20    hold    hit
2017-05-08 04:14:21,564 - mylogger - INFO - 2014-11-21    hold    miss
2017-05-08 04:14:21,564 - mylogger - INFO - 2014-11-24    hold    miss
2017-05-08 04:14:21,565 - mylogger - INFO - 2014-11-25    hold    miss
2017-05-08 04:14:21,565 - mylogger - INFO - 2014-11-26    buy     miss
2017-05-08 04:14:21,565 - mylogger - INFO - 2014-11-28    hold    miss
2017-05-08 04:14:21,565 - mylogger - INFO - 2014-12-01    buy     miss
2017-05-08 04:14:21,565 - mylogger - INFO - 2014-12-02    buy     hit
2017-05-08 04:14:21,565 - mylogger - INFO - 2014-12-03    buy     miss
2017-05-08 04:14:21,565 - mylogger - INFO - 2014-12-04    buy     miss
2017-05-08 04:14:21,566 - mylogger - INFO - 2014-12-05    buy     miss
2017-05-08 04:14:21,566 - mylogger - INFO - 2014-12-08    hold    miss
2017-05-08 04:14:21,566 - mylogger - INFO - 2014-12-09    buy     miss
2017-05-08 04:14:21,566 - mylogger - INFO - 2014-12-10    hold    miss
2017-05-08 04:14:21,566 - mylogger - INFO - 2014-12-11    buy     miss
2017-05-08 04:14:21,566 - mylogger - INFO - 2014-12-12    buy     miss
2017-05-08 04:14:21,567 - mylogger - INFO - 2014-12-15    buy     miss
2017-05-08 04:14:21,567 - mylogger - INFO - 2014-12-16    buy     hit
2017-05-08 04:14:21,567 - mylogger - INFO - 2014-12-17    buy     hit
2017-05-08 04:14:21,567 - mylogger - INFO - 2014-12-18    hold    miss
2017-05-08 04:14:21,567 - mylogger - INFO - 2014-12-19    sell    miss
2017-05-08 04:14:21,567 - mylogger - INFO - 2014-12-22    sell    hit
2017-05-08 04:14:21,568 - mylogger - INFO - 2014-12-23    sell    hit
2017-05-08 04:14:21,568 - mylogger - INFO - 2014-12-24    sell    miss
2017-05-08 04:14:21,568 - mylogger - INFO - 2014-12-26    hold    miss
2017-05-08 04:14:21,568 - mylogger - INFO - 2014-12-29    sell    hit
2017-05-08 04:14:21,568 - mylogger - INFO - 2014-12-30    sell    hit
2017-05-08 04:14:21,568 - mylogger - INFO - 2014-12-31    sell    hit
2017-05-08 04:14:21,568 - mylogger - INFO - 2015-01-02    sell    hit
2017-05-08 04:14:21,569 - mylogger - INFO - 2015-01-05    sell    miss
2017-05-08 04:14:21,569 - mylogger - INFO - 2015-01-06    sell    miss
2017-05-08 04:14:21,569 - mylogger - INFO - 2015-01-07    hold    miss
2017-05-08 04:14:21,569 - mylogger - INFO - 2015-01-08    sell    miss
2017-05-08 04:14:21,569 - mylogger - INFO - 2015-01-09    buy     miss
2017-05-08 04:14:21,569 - mylogger - INFO - 2015-01-12    sell    miss
2017-05-08 04:14:21,570 - mylogger - INFO - 2015-01-13    sell    hit
2017-05-08 04:14:21,570 - mylogger - INFO - 2015-01-14    buy     miss
2017-05-08 04:14:21,570 - mylogger - INFO - 2015-01-15    hold    miss
2017-05-08 04:14:21,570 - mylogger - INFO - 2015-01-16    hold    miss
2017-05-08 04:14:21,570 - mylogger - INFO - 2015-01-20    buy     miss
2017-05-08 04:14:21,570 - mylogger - INFO - 2015-01-21    hold    miss
2017-05-08 04:14:21,571 - mylogger - INFO - 2015-01-22    hold    hit
2017-05-08 04:14:21,571 - mylogger - INFO - 2015-01-23    sell    miss
2017-05-08 04:14:21,571 - mylogger - INFO - 2015-01-26    sell    hit
2017-05-08 04:14:21,571 - mylogger - INFO - 2015-01-27    hold    miss
2017-05-08 04:14:21,571 - mylogger - INFO - 2015-01-28    hold    miss
2017-05-08 04:14:21,572 - mylogger - INFO - 2015-01-29    sell    hit
2017-05-08 04:14:21,572 - mylogger - INFO - 2015-01-30    sell    miss
2017-05-08 04:14:21,572 - mylogger - INFO - 2015-02-02    sell    miss
2017-05-08 04:14:21,572 - mylogger - INFO - 2015-02-03    sell    miss
2017-05-08 04:14:21,573 - mylogger - INFO - 2015-02-04    sell    miss
2017-05-08 04:14:21,573 - mylogger - INFO - 2015-02-05    sell    hit
2017-05-08 04:14:21,573 - mylogger - INFO - 2015-02-06    sell    miss
2017-05-08 04:14:21,573 - mylogger - INFO - 2015-02-09    buy     hit
2017-05-08 04:14:21,573 - mylogger - INFO - 2015-02-10    sell    miss
2017-05-08 04:14:21,573 - mylogger - INFO - 2015-02-11    hold    miss
2017-05-08 04:14:21,574 - mylogger - INFO - 2015-02-12    hold    hit
2017-05-08 04:14:21,574 - mylogger - INFO - 2015-02-13    hold    hit
2017-05-08 04:14:21,574 - mylogger - INFO - 2015-02-17    hold    hit
2017-05-08 04:14:21,574 - mylogger - INFO - 2015-02-18    sell    hit
2017-05-08 04:14:21,574 - mylogger - INFO - 2015-02-19    sell    miss
2017-05-08 04:14:21,575 - mylogger - INFO - 2015-02-20    sell    miss
2017-05-08 04:14:21,575 - mylogger - INFO - 2015-02-23    hold    miss
2017-05-08 04:14:21,575 - mylogger - INFO - 2015-02-24    sell    hit
2017-05-08 04:14:21,575 - mylogger - INFO - 2015-02-25    hold    miss
2017-05-08 04:14:21,575 - mylogger - INFO - 2015-02-26    hold    miss
2017-05-08 04:14:21,575 - mylogger - INFO - 2015-02-27    hold    hit
2017-05-08 04:14:21,575 - mylogger - INFO - 2015-03-02    hold    hit
2017-05-08 04:14:21,576 - mylogger - INFO - 2015-03-03    hold    miss
2017-05-08 04:14:21,576 - mylogger - INFO - 2015-03-04    hold    miss
2017-05-08 04:14:21,576 - mylogger - INFO - 2015-03-05    buy     miss
2017-05-08 04:14:21,576 - mylogger - INFO - 2015-03-06    buy     miss
2017-05-08 04:14:21,576 - mylogger - INFO - 2015-03-09    hold    miss
2017-05-08 04:14:21,576 - mylogger - INFO - 2015-03-10    buy     miss
2017-05-08 04:14:21,577 - mylogger - INFO - 2015-03-11    buy     hit
2017-05-08 04:14:21,577 - mylogger - INFO - 2015-03-12    buy     miss
2017-05-08 04:14:21,577 - mylogger - INFO - 2015-03-13    buy     hit
2017-05-08 04:14:21,577 - mylogger - INFO - 2015-03-16    buy     hit
2017-05-08 04:14:21,577 - mylogger - INFO - 2015-03-17    buy     hit
2017-05-08 04:14:21,577 - mylogger - INFO - 2015-03-18    buy     miss
2017-05-08 04:14:21,578 - mylogger - INFO - 2015-03-19    buy     miss
2017-05-08 04:14:21,578 - mylogger - INFO - 2015-03-20    hold    miss
2017-05-08 04:14:21,578 - mylogger - INFO - 2015-03-23    hold    miss
2017-05-08 04:14:21,578 - mylogger - INFO - 2015-03-24    hold    miss
2017-05-08 04:14:21,578 - mylogger - INFO - 2015-03-25    hold    hit
2017-05-08 04:14:21,578 - mylogger - INFO - 2015-03-26    hold    miss
2017-05-08 04:14:21,579 - mylogger - INFO - 2015-03-27    hold    miss
2017-05-08 04:14:21,579 - mylogger - INFO - 2015-03-30    sell    hit
2017-05-08 04:14:21,579 - mylogger - INFO - 2015-03-31    buy     miss
2017-05-08 04:14:21,579 - mylogger - INFO - 2015-04-01    buy     miss
2017-05-08 04:14:21,579 - mylogger - INFO - 2015-04-02    buy     hit
2017-05-08 04:14:21,579 - mylogger - INFO - 2015-04-06    buy     miss
2017-05-08 04:14:21,580 - mylogger - INFO - 2015-04-07    sell    hit
2017-05-08 04:14:21,580 - mylogger - INFO - 2015-04-08    buy     miss
2017-05-08 04:14:21,580 - mylogger - INFO - 2015-04-09    buy     miss
2017-05-08 04:14:21,580 - mylogger - INFO - 2015-04-10    sell    hit
2017-05-08 04:14:21,580 - mylogger - INFO - 2015-04-13    hold    miss
2017-05-08 04:14:21,580 - mylogger - INFO - 2015-04-14    buy     miss
2017-05-08 04:14:21,581 - mylogger - INFO - 2015-04-15    hold    miss
2017-05-08 04:14:21,581 - mylogger - INFO - 2015-04-16    hold    miss
2017-05-08 04:14:21,581 - mylogger - INFO - 2015-04-17    hold    miss
2017-05-08 04:14:21,581 - mylogger - INFO - 2015-04-20    hold    miss
2017-05-08 04:14:21,581 - mylogger - INFO - 2015-04-21    hold    miss
2017-05-08 04:14:21,581 - mylogger - INFO - 2015-04-22    buy     miss
2017-05-08 04:14:21,581 - mylogger - INFO - 2015-04-23    hold    hit
2017-05-08 04:14:21,582 - mylogger - INFO - 2015-04-24    hold    miss
2017-05-08 04:14:21,582 - mylogger - INFO - 2015-04-27    sell    hit
2017-05-08 04:14:21,582 - mylogger - INFO - 2015-04-28    hold    miss
2017-05-08 04:14:21,582 - mylogger - INFO - 2015-04-29    hold    miss
2017-05-08 04:14:21,582 - mylogger - INFO - 2015-04-30    hold    miss
2017-05-08 04:14:21,582 - mylogger - INFO - 2015-05-01    buy     miss
2017-05-08 04:14:21,583 - mylogger - INFO - 2015-05-04    hold    miss
2017-05-08 04:14:21,583 - mylogger - INFO - 2015-05-05    buy     miss
2017-05-08 04:14:21,583 - mylogger - INFO - 2015-05-06    buy     miss
2017-05-08 04:14:21,583 - mylogger - INFO - 2015-05-07    hold    miss
2017-05-08 04:14:21,583 - mylogger - INFO - 2015-05-08    buy     miss
2017-05-08 04:14:21,583 - mylogger - INFO - 2015-05-11    buy     miss
2017-05-08 04:14:21,584 - mylogger - INFO - 2015-05-12    buy     miss
2017-05-08 04:14:21,584 - mylogger - INFO - 2015-05-13    hold    miss
2017-05-08 04:14:21,584 - mylogger - INFO - 2015-05-14    buy     miss
2017-05-08 04:14:21,584 - mylogger - INFO - 2015-05-15    buy     hit
2017-05-08 04:14:21,584 - mylogger - INFO - 2015-05-18    buy     miss
2017-05-08 04:14:21,584 - mylogger - INFO - 2015-05-19    buy     miss
2017-05-08 04:14:21,585 - mylogger - INFO - 2015-05-20    buy     hit
2017-05-08 04:14:21,585 - mylogger - INFO - 2015-05-21    hold    hit
2017-05-08 04:14:21,585 - mylogger - INFO - 2015-05-22    buy     miss
2017-05-08 04:14:21,585 - mylogger - INFO - 2015-05-26    buy     hit
2017-05-08 04:14:21,585 - mylogger - INFO - 2015-05-27    sell    hit
2017-05-08 04:14:21,585 - mylogger - INFO - 2015-05-28    hold    miss
2017-05-08 04:14:21,585 - mylogger - INFO - 2015-05-29    hold    hit
2017-05-08 04:14:21,586 - mylogger - INFO - 2015-06-01    buy     miss
2017-05-08 04:14:21,586 - mylogger - INFO - 2015-06-02    buy     miss
2017-05-08 04:14:21,586 - mylogger - INFO - 2015-06-03    buy     miss
2017-05-08 04:14:21,586 - mylogger - INFO - 2015-06-04    buy     miss
2017-05-08 04:14:21,586 - mylogger - INFO - 2015-06-05    buy     miss
2017-05-08 04:14:21,586 - mylogger - INFO - 2015-06-08    hold    miss
2017-05-08 04:14:21,587 - mylogger - INFO - 2015-06-09    buy     hit
2017-05-08 04:14:21,587 - mylogger - INFO - 2015-06-10    buy     miss
2017-05-08 04:14:21,587 - mylogger - INFO - 2015-06-11    sell    hit
2017-05-08 04:14:21,587 - mylogger - INFO - 2015-06-12    hold    miss
2017-05-08 04:14:21,587 - mylogger - INFO - 2015-06-15    sell    miss
2017-05-08 04:14:21,587 - mylogger - INFO - 2015-06-16    sell    hit
2017-05-08 04:14:21,588 - mylogger - INFO - 2015-06-17    buy     miss
2017-05-08 04:14:21,588 - mylogger - INFO - 2015-06-18    sell    hit
2017-05-08 04:14:21,588 - mylogger - INFO - 2015-06-19    hold    hit
2017-05-08 04:14:21,588 - mylogger - INFO - 2015-06-22    buy     miss
2017-05-08 04:14:21,588 - mylogger - INFO - 2015-06-23    hold    hit
2017-05-08 04:14:21,588 - mylogger - INFO - 2015-06-24    hold    miss
2017-05-08 04:14:21,588 - mylogger - INFO - 2015-06-25    buy     miss
2017-05-08 04:14:21,589 - mylogger - INFO - 2015-06-26    buy     miss
2017-05-08 04:14:21,589 - mylogger - INFO - 2015-06-29    hold    hit
2017-05-08 04:14:21,589 - mylogger - INFO - 2015-06-30    sell    miss
2017-05-08 04:14:21,589 - mylogger - INFO - 2015-07-01    sell    hit
2017-05-08 04:14:21,589 - mylogger - INFO - 2015-07-02    sell    hit
2017-05-08 04:14:21,589 - mylogger - INFO - 2015-07-06    hold    miss
2017-05-08 04:14:21,590 - mylogger - INFO - 2015-07-07    buy     miss
2017-05-08 04:14:21,590 - mylogger - INFO - 2015-07-08    sell    hit
2017-05-08 04:14:21,590 - mylogger - INFO - 2015-07-09    sell    miss
2017-05-08 04:14:21,590 - mylogger - INFO - 2015-07-10    hold    miss
2017-05-08 04:14:21,590 - mylogger - INFO - 2015-07-13    hold    miss
2017-05-08 04:14:21,590 - mylogger - INFO - 2015-07-14    sell    miss
2017-05-08 04:14:21,590 - mylogger - INFO - 2015-07-15    hold    miss
2017-05-08 04:14:21,591 - mylogger - INFO - 2015-07-16    buy     miss
2017-05-08 04:14:21,591 - mylogger - INFO - 2015-07-17    sell    miss
2017-05-08 04:14:21,591 - mylogger - INFO - 2015-07-20    hold    miss
2017-05-08 04:14:21,591 - mylogger - INFO - 2015-07-21    hold    miss
2017-05-08 04:14:21,591 - mylogger - INFO - 2015-07-22    buy     miss
2017-05-08 04:14:21,591 - mylogger - INFO - 2015-07-23    sell    hit
2017-05-08 04:14:21,592 - mylogger - INFO - 2015-07-24    hold    miss
2017-05-08 04:14:21,592 - mylogger - INFO - 2015-07-27    sell    miss
2017-05-08 04:14:21,592 - mylogger - INFO - 2015-07-28    sell    hit
2017-05-08 04:14:21,592 - mylogger - INFO - 2015-07-29    buy     miss
2017-05-08 04:14:21,592 - mylogger - INFO - 2015-07-30    sell    hit
2017-05-08 04:14:21,592 - mylogger - INFO - 2015-07-31    sell    hit
2017-05-08 04:14:21,593 - mylogger - INFO - 2015-08-03    hold    miss
2017-05-08 04:14:21,593 - mylogger - INFO - 2015-08-04    buy     miss
2017-05-08 04:14:21,593 - mylogger - INFO - 2015-08-05    sell    miss
2017-05-08 04:14:21,593 - mylogger - INFO - 2015-08-06    sell    miss
2017-05-08 04:14:21,593 - mylogger - INFO - 2015-08-07    buy     hit
2017-05-08 04:14:21,593 - mylogger - INFO - 2015-08-10    hold    miss
2017-05-08 04:14:21,593 - mylogger - INFO - 2015-08-11    buy     hit
2017-05-08 04:14:21,594 - mylogger - INFO - 2015-08-12    buy     miss
2017-05-08 04:14:21,594 - mylogger - INFO - 2015-08-13    buy     miss
2017-05-08 04:14:21,594 - mylogger - INFO - 2015-08-14    buy     hit
2017-05-08 04:14:21,594 - mylogger - INFO - 2015-08-17    buy     miss
2017-05-08 04:14:21,594 - mylogger - INFO - 2015-08-18    sell    hit
2017-05-08 04:14:21,594 - mylogger - INFO - 2015-08-19    hold    miss
2017-05-08 04:14:21,595 - mylogger - INFO - 2015-08-20    hold    miss
2017-05-08 04:14:21,595 - mylogger - INFO - 2015-08-21    sell    hit
2017-05-08 04:14:21,595 - mylogger - INFO - 2015-08-24    buy     miss
2017-05-08 04:14:21,595 - mylogger - INFO - 2015-08-25    buy     hit
2017-05-08 04:14:21,595 - mylogger - INFO - 2015-08-26    buy     hit
2017-05-08 04:14:21,595 - mylogger - INFO - 2015-08-27    hold    hit
2017-05-08 04:14:21,595 - mylogger - INFO - 2015-08-28    buy     miss
2017-05-08 04:14:21,596 - mylogger - INFO - 2015-08-31    buy     miss
2017-05-08 04:14:21,596 - mylogger - INFO - 2015-09-01    hold    miss
2017-05-08 04:14:21,596 - mylogger - INFO - 2015-09-02    buy     miss
2017-05-08 04:14:21,596 - mylogger - INFO - 2015-09-03    buy     miss
2017-05-08 04:14:21,596 - mylogger - INFO - 2015-09-04    buy     hit
2017-05-08 04:14:21,597 - mylogger - INFO - 2015-09-08    buy     miss
2017-05-08 04:14:21,597 - mylogger - INFO - 2015-09-09    buy     hit
2017-05-08 04:14:21,597 - mylogger - INFO - 2015-09-10    buy     hit
2017-05-08 04:14:21,597 - mylogger - INFO - 2015-09-11    hold    hit
2017-05-08 04:14:21,597 - mylogger - INFO - 2015-09-14    buy     miss
2017-05-08 04:14:21,597 - mylogger - INFO - 2015-09-15    buy     miss
2017-05-08 04:14:21,597 - mylogger - INFO - 2015-09-16    buy     miss
2017-05-08 04:14:21,598 - mylogger - INFO - 2015-09-17    buy     miss
2017-05-08 04:14:21,598 - mylogger - INFO - 2015-09-18    buy     hit
2017-05-08 04:14:21,598 - mylogger - INFO - 2015-09-21    hold    miss
2017-05-08 04:14:21,598 - mylogger - INFO - 2015-09-22    buy     miss
2017-05-08 04:14:21,598 - mylogger - INFO - 2015-09-23    buy     miss
2017-05-08 04:14:21,598 - mylogger - INFO - 2015-09-24    buy     miss
2017-05-08 04:14:21,599 - mylogger - INFO - 2015-09-25    hold    miss
2017-05-08 04:14:21,599 - mylogger - INFO - 2015-09-28    buy     miss
2017-05-08 04:14:21,599 - mylogger - INFO - 2015-09-29    buy     hit
2017-05-08 04:14:21,599 - mylogger - INFO - 2015-09-30    buy     miss
2017-05-08 04:14:21,599 - mylogger - INFO - 2015-10-01    buy     miss
2017-05-08 04:14:21,599 - mylogger - INFO - 2015-10-02    sell    miss
2017-05-08 04:14:21,599 - mylogger - INFO - 2015-10-05    sell    miss
2017-05-08 04:14:21,600 - mylogger - INFO - 2015-10-06    sell    hit
2017-05-08 04:14:21,600 - mylogger - INFO - 2015-10-07    sell    hit
2017-05-08 04:14:21,600 - mylogger - INFO - 2015-10-08    hold    miss
2017-05-08 04:14:21,600 - mylogger - INFO - 2015-10-09    sell    hit
2017-05-08 04:14:21,600 - mylogger - INFO - 2015-10-12    buy     miss
2017-05-08 04:14:21,600 - mylogger - INFO - 2015-10-13    buy     miss
2017-05-08 04:14:21,601 - mylogger - INFO - 2015-10-14    buy     hit
2017-05-08 04:14:21,601 - mylogger - INFO - 2015-10-15    buy     miss
2017-05-08 04:14:21,601 - mylogger - INFO - 2015-10-16    buy     miss
2017-05-08 04:14:21,601 - mylogger - INFO - 2015-10-19    buy     hit
2017-05-08 04:14:21,601 - mylogger - INFO - 2015-10-20    buy     miss
2017-05-08 04:14:21,601 - mylogger - INFO - 2015-10-21    buy     hit
2017-05-08 04:14:21,601 - mylogger - INFO - 2015-10-22    buy     hit
2017-05-08 04:14:21,602 - mylogger - INFO - 2015-10-23    buy     miss
2017-05-08 04:14:21,602 - mylogger - INFO - 2015-10-26    buy     miss
2017-05-08 04:14:21,602 - mylogger - INFO - 2015-10-27    buy     hit
2017-05-08 04:14:21,602 - mylogger - INFO - 2015-10-28    buy     hit
2017-05-08 04:14:21,602 - mylogger - INFO - 2015-10-29    buy     miss
2017-05-08 04:14:21,602 - mylogger - INFO - 2015-10-30    buy     hit
2017-05-08 04:14:21,603 - mylogger - INFO - 2015-11-02    hold    miss
2017-05-08 04:14:21,603 - mylogger - INFO - 2015-11-03    sell    hit
2017-05-08 04:14:21,603 - mylogger - INFO - 2015-11-04    buy     miss
2017-05-08 04:14:21,603 - mylogger - INFO - 2015-11-05    buy     miss
2017-05-08 04:14:21,603 - mylogger - INFO - 2015-11-06    buy     miss
2017-05-08 04:14:21,603 - mylogger - INFO - 2015-11-09    buy     miss
2017-05-08 04:14:21,603 - mylogger - INFO - 2015-11-10    buy     miss
2017-05-08 04:14:21,604 - mylogger - INFO - 2015-11-11    buy     miss
2017-05-08 04:14:21,604 - mylogger - INFO - 2015-11-12    buy     miss
2017-05-08 04:14:21,604 - mylogger - INFO - 2015-11-13    buy     hit
2017-05-08 04:14:21,604 - mylogger - INFO - 2015-11-16    buy     miss
2017-05-08 04:14:21,604 - mylogger - INFO - 2015-11-17    buy     hit
2017-05-08 04:14:21,604 - mylogger - INFO - 2015-11-18    buy     hit
2017-05-08 04:14:21,605 - mylogger - INFO - 2015-11-19    buy     miss
2017-05-08 04:14:21,605 - mylogger - INFO - 2015-11-20    buy     miss
2017-05-08 04:14:21,605 - mylogger - INFO - 2015-11-23    buy     miss
2017-05-08 04:14:21,605 - mylogger - INFO - 2015-11-24    buy     miss
2017-05-08 04:14:21,605 - mylogger - INFO - 2015-11-25    hold    miss
2017-05-08 04:14:21,606 - mylogger - INFO - 2015-11-27    buy     miss
2017-05-08 04:14:21,606 - mylogger - INFO - 2015-11-30    buy     miss
2017-05-08 04:14:21,606 - mylogger - INFO - 2015-12-01    buy     miss
2017-05-08 04:14:21,606 - mylogger - INFO - 2015-12-02    buy     miss
2017-05-08 04:14:21,606 - mylogger - INFO - 2015-12-03    buy     hit
2017-05-08 04:14:21,607 - mylogger - INFO - 2015-12-04    hold    miss
2017-05-08 04:14:21,607 - mylogger - INFO - 2015-12-07    hold    miss
2017-05-08 04:14:21,607 - mylogger - INFO - 2015-12-08    hold    miss
2017-05-08 04:14:21,607 - mylogger - INFO - 2015-12-09    hold    hit
2017-05-08 04:14:21,607 - mylogger - INFO - 2015-12-10    hold    miss
2017-05-08 04:14:21,607 - mylogger - INFO - 2015-12-11    hold    miss
2017-05-08 04:14:21,608 - mylogger - INFO - 2015-12-14    hold    miss
2017-05-08 04:14:21,608 - mylogger - INFO - 2015-12-15    buy     miss
2017-05-08 04:14:21,608 - mylogger - INFO - 2015-12-16    hold    miss
2017-05-08 04:14:21,608 - mylogger - INFO - 2015-12-17    buy     miss
2017-05-08 04:14:21,608 - mylogger - INFO - 2015-12-18    buy     hit
2017-05-08 04:14:21,608 - mylogger - INFO - 2015-12-21    hold    miss
2017-05-08 04:14:21,609 - mylogger - INFO - 2015-12-22    buy     hit
2017-05-08 04:14:21,609 - mylogger - INFO - 2015-12-23    hold    miss
2017-05-08 04:14:21,609 - mylogger - INFO - 2015-12-24    hold    miss
2017-05-08 04:14:21,609 - mylogger - INFO - 2015-12-28    buy     hit
2017-05-08 04:14:21,609 - mylogger - INFO - 2015-12-29    buy     miss
2017-05-08 04:14:21,609 - mylogger - INFO - 2015-12-30    hold    miss
2017-05-08 04:14:21,609 - mylogger - INFO - Hit number:139/503
2017-05-08 04:14:21,610 - mylogger - INFO - Hit rate:0.27634194831013914
