2017-05-08 06:05:39,543 - mylogger - INFO - -0.000181216
2017-05-08 06:05:39,543 - mylogger - INFO - 2014-01-02: No short!
2017-05-08 06:05:39,860 - mylogger - INFO - -0.00729769
2017-05-08 06:05:39,860 - mylogger - INFO - 2014-01-03: No short!
2017-05-08 06:05:40,181 - mylogger - INFO - -0.0219343
2017-05-08 06:05:40,181 - mylogger - INFO - 2014-01-06: No short!
2017-05-08 06:05:40,585 - mylogger - INFO - -0.0164078
2017-05-08 06:05:40,585 - mylogger - INFO - 2014-01-07: No short!
2017-05-08 06:05:40,913 - mylogger - INFO - -0.0186297
2017-05-08 06:05:40,913 - mylogger - INFO - 2014-01-08: No short!
2017-05-08 06:05:41,256 - mylogger - INFO - -0.0200085
2017-05-08 06:05:41,256 - mylogger - INFO - 2014-01-09: No short!
2017-05-08 06:05:41,771 - mylogger - INFO - -0.00350782
2017-05-08 06:05:41,771 - mylogger - INFO - 2014-01-10: No short!
2017-05-08 06:05:42,326 - mylogger - INFO - 0.0158488
2017-05-08 06:05:42,327 - mylogger - INFO - 2014-01-13: buy
2017-05-08 06:05:42,327 - mylogger - INFO - 100000.0
2017-05-08 06:05:42,784 - mylogger - INFO - -0.00387252
2017-05-08 06:05:42,785 - mylogger - INFO - 2014-01-14: sell
2017-05-08 06:05:43,194 - mylogger - INFO - -0.00837437
2017-05-08 06:05:43,195 - mylogger - INFO - 2014-01-15: No short!
2017-05-08 06:05:43,518 - mylogger - INFO - -0.0218657
2017-05-08 06:05:43,518 - mylogger - INFO - 2014-01-16: No short!
2017-05-08 06:05:43,838 - mylogger - INFO - -0.0321918
2017-05-08 06:05:43,838 - mylogger - INFO - 2014-01-17: No short!
2017-05-08 06:05:44,344 - mylogger - INFO - -0.0256469
2017-05-08 06:05:44,344 - mylogger - INFO - 2014-01-21: No short!
2017-05-08 06:05:44,753 - mylogger - INFO - -0.0342564
2017-05-08 06:05:44,753 - mylogger - INFO - 2014-01-22: No short!
2017-05-08 06:05:45,155 - mylogger - INFO - -0.0248549
2017-05-08 06:05:45,155 - mylogger - INFO - 2014-01-23: No short!
2017-05-08 06:05:45,633 - mylogger - INFO - -0.0333117
2017-05-08 06:05:45,633 - mylogger - INFO - 2014-01-24: No short!
2017-05-08 06:05:45,973 - mylogger - INFO - -0.0374128
2017-05-08 06:05:45,973 - mylogger - INFO - 2014-01-27: No short!
2017-05-08 06:05:46,303 - mylogger - INFO - -0.0318603
2017-05-08 06:05:46,303 - mylogger - INFO - 2014-01-28: No short!
2017-05-08 06:05:46,618 - mylogger - INFO - -0.0253261
2017-05-08 06:05:46,619 - mylogger - INFO - 2014-01-29: No short!
2017-05-08 06:05:47,075 - mylogger - INFO - 0.00349292
2017-05-08 06:05:47,076 - mylogger - INFO - 2014-01-30: hold
2017-05-08 06:05:47,418 - mylogger - INFO - 0.0169174
2017-05-08 06:05:47,419 - mylogger - INFO - 2014-01-31: buy
2017-05-08 06:05:47,419 - mylogger - INFO - 100144.9907
2017-05-08 06:05:47,759 - mylogger - INFO - -0.0124258
2017-05-08 06:05:47,760 - mylogger - INFO - 2014-02-03: sell
2017-05-08 06:05:48,191 - mylogger - INFO - -0.00123596
2017-05-08 06:05:48,191 - mylogger - INFO - 2014-02-04: No short!
2017-05-08 06:05:48,523 - mylogger - INFO - -0.00180355
2017-05-08 06:05:48,523 - mylogger - INFO - 2014-02-05: No short!
2017-05-08 06:05:48,862 - mylogger - INFO - 0.0109275
2017-05-08 06:05:48,863 - mylogger - INFO - 2014-02-06: buy
2017-05-08 06:05:48,863 - mylogger - INFO - 100240.2706
2017-05-08 06:05:49,272 - mylogger - INFO - 0.0015723
2017-05-08 06:05:49,272 - mylogger - INFO - 2014-02-07: hold
2017-05-08 06:05:49,606 - mylogger - INFO - 0.0112077
2017-05-08 06:05:49,607 - mylogger - INFO - 2014-02-10: buy
2017-05-08 06:05:49,607 - mylogger - INFO - 93234.207
2017-05-08 06:05:49,930 - mylogger - INFO - 0.00141424
2017-05-08 06:05:49,930 - mylogger - INFO - 2014-02-11: hold
2017-05-08 06:05:50,376 - mylogger - INFO - 0.00479708
2017-05-08 06:05:50,376 - mylogger - INFO - 2014-02-12: hold
2017-05-08 06:05:50,700 - mylogger - INFO - -0.0159083
2017-05-08 06:05:50,701 - mylogger - INFO - 2014-02-13: sell
2017-05-08 06:05:51,055 - mylogger - INFO - -0.0279024
2017-05-08 06:05:51,056 - mylogger - INFO - 2014-02-14: sell
2017-05-08 06:05:51,387 - mylogger - INFO - -0.0119477
2017-05-08 06:05:51,387 - mylogger - INFO - 2014-02-18: No short!
2017-05-08 06:05:51,818 - mylogger - INFO - -0.0161197
2017-05-08 06:05:51,818 - mylogger - INFO - 2014-02-19: No short!
2017-05-08 06:05:52,149 - mylogger - INFO - -0.00477918
2017-05-08 06:05:52,149 - mylogger - INFO - 2014-02-20: No short!
2017-05-08 06:05:52,473 - mylogger - INFO - 0.000709134
2017-05-08 06:05:52,473 - mylogger - INFO - 2014-02-21: hold
2017-05-08 06:05:52,900 - mylogger - INFO - -0.00826405
2017-05-08 06:05:52,900 - mylogger - INFO - 2014-02-24: No short!
2017-05-08 06:05:53,224 - mylogger - INFO - -0.00659117
2017-05-08 06:05:53,224 - mylogger - INFO - 2014-02-25: No short!
2017-05-08 06:05:53,572 - mylogger - INFO - 0.00253654
2017-05-08 06:05:53,572 - mylogger - INFO - 2014-02-26: hold
2017-05-08 06:05:53,990 - mylogger - INFO - 0.00143162
2017-05-08 06:05:53,991 - mylogger - INFO - 2014-02-27: hold
2017-05-08 06:05:54,334 - mylogger - INFO - 0.00783197
2017-05-08 06:05:54,334 - mylogger - INFO - 2014-02-28: hold
2017-05-08 06:05:54,667 - mylogger - INFO - -0.0196188
2017-05-08 06:05:54,667 - mylogger - INFO - 2014-03-03: No short!
2017-05-08 06:05:55,085 - mylogger - INFO - 0.0031922
2017-05-08 06:05:55,085 - mylogger - INFO - 2014-03-04: hold
2017-05-08 06:05:55,423 - mylogger - INFO - -0.023285
2017-05-08 06:05:55,424 - mylogger - INFO - 2014-03-05: No short!
2017-05-08 06:05:55,753 - mylogger - INFO - -0.0168269
2017-05-08 06:05:55,753 - mylogger - INFO - 2014-03-06: No short!
2017-05-08 06:05:56,086 - mylogger - INFO - -0.0146848
2017-05-08 06:05:56,087 - mylogger - INFO - 2014-03-07: No short!
2017-05-08 06:05:56,519 - mylogger - INFO - -0.0123977
2017-05-08 06:05:56,520 - mylogger - INFO - 2014-03-10: No short!
2017-05-08 06:05:56,857 - mylogger - INFO - -0.00863894
2017-05-08 06:05:56,858 - mylogger - INFO - 2014-03-11: No short!
2017-05-08 06:05:57,204 - mylogger - INFO - -0.012841
2017-05-08 06:05:57,204 - mylogger - INFO - 2014-03-12: No short!
2017-05-08 06:05:57,621 - mylogger - INFO - -0.0037223
2017-05-08 06:05:57,622 - mylogger - INFO - 2014-03-13: No short!
2017-05-08 06:05:57,953 - mylogger - INFO - -0.00651533
2017-05-08 06:05:57,953 - mylogger - INFO - 2014-03-14: No short!
2017-05-08 06:05:58,285 - mylogger - INFO - -0.0138573
2017-05-08 06:05:58,285 - mylogger - INFO - 2014-03-17: No short!
2017-05-08 06:05:58,716 - mylogger - INFO - 0.00105499
2017-05-08 06:05:58,716 - mylogger - INFO - 2014-03-18: hold
2017-05-08 06:05:59,059 - mylogger - INFO - -0.0186259
2017-05-08 06:05:59,059 - mylogger - INFO - 2014-03-19: No short!
2017-05-08 06:05:59,389 - mylogger - INFO - -0.0102661
2017-05-08 06:05:59,389 - mylogger - INFO - 2014-03-20: No short!
2017-05-08 06:05:59,806 - mylogger - INFO - -0.0192322
2017-05-08 06:05:59,807 - mylogger - INFO - 2014-03-21: No short!
2017-05-08 06:06:00,156 - mylogger - INFO - 0.00658228
2017-05-08 06:06:00,156 - mylogger - INFO - 2014-03-24: hold
2017-05-08 06:06:00,488 - mylogger - INFO - -0.00680924
2017-05-08 06:06:00,488 - mylogger - INFO - 2014-03-25: No short!
2017-05-08 06:06:00,817 - mylogger - INFO - -0.00682934
2017-05-08 06:06:00,818 - mylogger - INFO - 2014-03-26: No short!
2017-05-08 06:06:01,252 - mylogger - INFO - -0.00694865
2017-05-08 06:06:01,252 - mylogger - INFO - 2014-03-27: No short!
2017-05-08 06:06:01,585 - mylogger - INFO - -0.00193241
2017-05-08 06:06:01,585 - mylogger - INFO - 2014-03-28: No short!
2017-05-08 06:06:01,916 - mylogger - INFO - 0.00195194
2017-05-08 06:06:01,916 - mylogger - INFO - 2014-03-31: No short!
2017-05-08 06:06:02,370 - mylogger - INFO - 0.00406004
2017-05-08 06:06:02,371 - mylogger - INFO - 2014-04-01: hold
2017-05-08 06:06:02,707 - mylogger - INFO - -0.0106279
2017-05-08 06:06:02,708 - mylogger - INFO - 2014-04-02: No short!
2017-05-08 06:06:03,031 - mylogger - INFO - 4.27699e-05
2017-05-08 06:06:03,031 - mylogger - INFO - 2014-04-03: hold
2017-05-08 06:06:03,445 - mylogger - INFO - -0.0207358
2017-05-08 06:06:03,445 - mylogger - INFO - 2014-04-04: No short!
2017-05-08 06:06:03,786 - mylogger - INFO - 0.00934527
2017-05-08 06:06:03,786 - mylogger - INFO - 2014-04-07: hold
2017-05-08 06:06:04,122 - mylogger - INFO - -0.0209656
2017-05-08 06:06:04,122 - mylogger - INFO - 2014-04-08: No short!
2017-05-08 06:06:04,535 - mylogger - INFO - -0.00195819
2017-05-08 06:06:04,535 - mylogger - INFO - 2014-04-09: No short!
2017-05-08 06:06:04,887 - mylogger - INFO - -0.00899263
2017-05-08 06:06:04,887 - mylogger - INFO - 2014-04-10: No short!
2017-05-08 06:06:05,223 - mylogger - INFO - -0.0151366
2017-05-08 06:06:05,223 - mylogger - INFO - 2014-04-11: No short!
2017-05-08 06:06:05,546 - mylogger - INFO - -0.00484769
2017-05-08 06:06:05,546 - mylogger - INFO - 2014-04-14: No short!
2017-05-08 06:06:05,990 - mylogger - INFO - -0.0121815
2017-05-08 06:06:05,990 - mylogger - INFO - 2014-04-15: No short!
2017-05-08 06:06:06,316 - mylogger - INFO - -0.00733654
2017-05-08 06:06:06,316 - mylogger - INFO - 2014-04-16: No short!
2017-05-08 06:06:06,663 - mylogger - INFO - -0.00310508
2017-05-08 06:06:06,664 - mylogger - INFO - 2014-04-17: No short!
2017-05-08 06:06:07,092 - mylogger - INFO - 0.0164071
2017-05-08 06:06:07,093 - mylogger - INFO - 2014-04-21: buy
2017-05-08 06:06:07,094 - mylogger - INFO - 100699.16
2017-05-08 06:06:07,431 - mylogger - INFO - 0.00358733
2017-05-08 06:06:07,431 - mylogger - INFO - 2014-04-22: hold
2017-05-08 06:06:07,757 - mylogger - INFO - -0.00225434
2017-05-08 06:06:07,758 - mylogger - INFO - 2014-04-23: sell
2017-05-08 06:06:08,189 - mylogger - INFO - -0.0053498
2017-05-08 06:06:08,190 - mylogger - INFO - 2014-04-24: No short!
2017-05-08 06:06:08,514 - mylogger - INFO - -0.0184869
2017-05-08 06:06:08,514 - mylogger - INFO - 2014-04-25: No short!
2017-05-08 06:06:08,851 - mylogger - INFO - 0.0166801
2017-05-08 06:06:08,852 - mylogger - INFO - 2014-04-28: buy
2017-05-08 06:06:08,852 - mylogger - INFO - 101183.368
2017-05-08 06:06:09,256 - mylogger - INFO - -0.00712656
2017-05-08 06:06:09,257 - mylogger - INFO - 2014-04-29: sell
2017-05-08 06:06:09,581 - mylogger - INFO - -0.0131272
2017-05-08 06:06:09,581 - mylogger - INFO - 2014-04-30: No short!
2017-05-08 06:06:09,885 - mylogger - INFO - -0.00513233
2017-05-08 06:06:09,885 - mylogger - INFO - 2014-05-01: No short!
2017-05-08 06:06:10,196 - mylogger - INFO - 0.00329247
2017-05-08 06:06:10,196 - mylogger - INFO - 2014-05-02: hold
2017-05-08 06:06:10,600 - mylogger - INFO - -0.0213708
2017-05-08 06:06:10,601 - mylogger - INFO - 2014-05-05: No short!
2017-05-08 06:06:10,913 - mylogger - INFO - -0.0118796
2017-05-08 06:06:10,914 - mylogger - INFO - 2014-05-06: No short!
2017-05-08 06:06:11,223 - mylogger - INFO - -0.00491741
2017-05-08 06:06:11,223 - mylogger - INFO - 2014-05-07: No short!
2017-05-08 06:06:11,618 - mylogger - INFO - -0.00807187
2017-05-08 06:06:11,618 - mylogger - INFO - 2014-05-08: No short!
2017-05-08 06:06:11,922 - mylogger - INFO - -0.0165034
2017-05-08 06:06:11,922 - mylogger - INFO - 2014-05-09: No short!
2017-05-08 06:06:12,237 - mylogger - INFO - -0.0118851
2017-05-08 06:06:12,237 - mylogger - INFO - 2014-05-12: No short!
2017-05-08 06:06:12,660 - mylogger - INFO - -0.0161291
2017-05-08 06:06:12,660 - mylogger - INFO - 2014-05-13: No short!
2017-05-08 06:06:12,994 - mylogger - INFO - -0.0119985
2017-05-08 06:06:12,994 - mylogger - INFO - 2014-05-14: No short!
2017-05-08 06:06:13,329 - mylogger - INFO - -0.0162187
2017-05-08 06:06:13,329 - mylogger - INFO - 2014-05-15: No short!
2017-05-08 06:06:13,739 - mylogger - INFO - -0.000933796
2017-05-08 06:06:13,740 - mylogger - INFO - 2014-05-16: No short!
2017-05-08 06:06:14,074 - mylogger - INFO - -0.00473262
2017-05-08 06:06:14,074 - mylogger - INFO - 2014-05-19: No short!
2017-05-08 06:06:14,406 - mylogger - INFO - -0.022623
2017-05-08 06:06:14,406 - mylogger - INFO - 2014-05-20: No short!
2017-05-08 06:06:14,750 - mylogger - INFO - -0.00176835
2017-05-08 06:06:14,750 - mylogger - INFO - 2014-05-21: No short!
2017-05-08 06:06:15,175 - mylogger - INFO - 0.00186391
2017-05-08 06:06:15,175 - mylogger - INFO - 2014-05-22: hold
2017-05-08 06:06:15,550 - mylogger - INFO - -0.011219
2017-05-08 06:06:15,550 - mylogger - INFO - 2014-05-23: No short!
2017-05-08 06:06:15,881 - mylogger - INFO - 0.000624793
2017-05-08 06:06:15,881 - mylogger - INFO - 2014-05-27: hold
2017-05-08 06:06:16,300 - mylogger - INFO - 0.00110867
2017-05-08 06:06:16,300 - mylogger - INFO - 2014-05-28: hold
2017-05-08 06:06:16,638 - mylogger - INFO - 0.0172282
2017-05-08 06:06:16,639 - mylogger - INFO - 2014-05-29: buy
2017-05-08 06:06:16,639 - mylogger - INFO - 101151.1738
2017-05-08 06:06:16,981 - mylogger - INFO - 0.00843542
2017-05-08 06:06:16,981 - mylogger - INFO - 2014-05-30: hold
2017-05-08 06:06:17,404 - mylogger - INFO - 0.0164112
2017-05-08 06:06:17,405 - mylogger - INFO - 2014-06-02: buy
2017-05-08 06:06:17,405 - mylogger - INFO - 92569.9472
2017-05-08 06:06:17,751 - mylogger - INFO - 0.0106347
2017-05-08 06:06:17,752 - mylogger - INFO - 2014-06-03: buy
2017-05-08 06:06:17,752 - mylogger - INFO - 83927.1819
2017-05-08 06:06:18,082 - mylogger - INFO - -0.00608347
2017-05-08 06:06:18,083 - mylogger - INFO - 2014-06-04: sell
2017-05-08 06:06:18,514 - mylogger - INFO - 0.00586278
2017-05-08 06:06:18,514 - mylogger - INFO - 2014-06-05: hold
2017-05-08 06:06:18,845 - mylogger - INFO - -0.0141236
2017-05-08 06:06:18,846 - mylogger - INFO - 2014-06-06: sell
2017-05-08 06:06:19,177 - mylogger - INFO - -0.00349096
2017-05-08 06:06:19,178 - mylogger - INFO - 2014-06-09: sell
2017-05-08 06:06:19,513 - mylogger - INFO - -0.0116513
2017-05-08 06:06:19,513 - mylogger - INFO - 2014-06-10: No short!
2017-05-08 06:06:19,946 - mylogger - INFO - -0.00121162
2017-05-08 06:06:19,947 - mylogger - INFO - 2014-06-11: No short!
2017-05-08 06:06:20,281 - mylogger - INFO - -0.0109998
2017-05-08 06:06:20,281 - mylogger - INFO - 2014-06-12: No short!
2017-05-08 06:06:20,619 - mylogger - INFO - 0.0165486
2017-05-08 06:06:20,620 - mylogger - INFO - 2014-06-13: buy
2017-05-08 06:06:20,620 - mylogger - INFO - 101790.9269
2017-05-08 06:06:21,042 - mylogger - INFO - -0.00173329
2017-05-08 06:06:21,043 - mylogger - INFO - 2014-06-16: sell
2017-05-08 06:06:21,375 - mylogger - INFO - 0.0141039
2017-05-08 06:06:21,376 - mylogger - INFO - 2014-06-17: buy
2017-05-08 06:06:21,376 - mylogger - INFO - 101777.5412
2017-05-08 06:06:21,726 - mylogger - INFO - -0.00547631
2017-05-08 06:06:21,727 - mylogger - INFO - 2014-06-18: sell
2017-05-08 06:06:22,152 - mylogger - INFO - 0.0038878
2017-05-08 06:06:22,152 - mylogger - INFO - 2014-06-19: hold
2017-05-08 06:06:22,464 - mylogger - INFO - 0.00855487
2017-05-08 06:06:22,465 - mylogger - INFO - 2014-06-20: hold
2017-05-08 06:06:22,787 - mylogger - INFO - 0.00582582
2017-05-08 06:06:22,787 - mylogger - INFO - 2014-06-23: hold
2017-05-08 06:06:23,210 - mylogger - INFO - 0.0199771
2017-05-08 06:06:23,211 - mylogger - INFO - 2014-06-24: No short!
2017-05-08 06:06:23,550 - mylogger - INFO - 0.00695678
2017-05-08 06:06:23,550 - mylogger - INFO - 2014-06-25: hold
2017-05-08 06:06:23,872 - mylogger - INFO - 0.00100926
2017-05-08 06:06:23,873 - mylogger - INFO - 2014-06-26: hold
2017-05-08 06:06:24,216 - mylogger - INFO - -0.000156744
2017-05-08 06:06:24,216 - mylogger - INFO - 2014-06-27: No short!
2017-05-08 06:06:24,653 - mylogger - INFO - 0.0315953
2017-05-08 06:06:24,654 - mylogger - INFO - 2014-06-30: buy
2017-05-08 06:06:24,654 - mylogger - INFO - 101745.1783
2017-05-08 06:06:24,983 - mylogger - INFO - 0.022819
2017-05-08 06:06:24,984 - mylogger - INFO - 2014-07-01: buy
2017-05-08 06:06:24,984 - mylogger - INFO - 92870.6250999
2017-05-08 06:06:25,303 - mylogger - INFO - 0.00835251
2017-05-08 06:06:25,303 - mylogger - INFO - 2014-07-02: hold
2017-05-08 06:06:25,728 - mylogger - INFO - 0.00534679
2017-05-08 06:06:25,728 - mylogger - INFO - 2014-07-03: hold
2017-05-08 06:06:26,050 - mylogger - INFO - -0.00842006
2017-05-08 06:06:26,051 - mylogger - INFO - 2014-07-07: sell
2017-05-08 06:06:26,391 - mylogger - INFO - -0.000113508
2017-05-08 06:06:26,392 - mylogger - INFO - 2014-07-08: sell
2017-05-08 06:06:26,812 - mylogger - INFO - -0.00976054
2017-05-08 06:06:26,812 - mylogger - INFO - 2014-07-09: No short!
2017-05-08 06:06:27,152 - mylogger - INFO - -0.00395798
2017-05-08 06:06:27,153 - mylogger - INFO - 2014-07-10: No short!
2017-05-08 06:06:27,484 - mylogger - INFO - 0.00443009
2017-05-08 06:06:27,484 - mylogger - INFO - 2014-07-11: hold
2017-05-08 06:06:27,919 - mylogger - INFO - -0.016243
2017-05-08 06:06:27,920 - mylogger - INFO - 2014-07-14: No short!
2017-05-08 06:06:28,247 - mylogger - INFO - -0.00181949
2017-05-08 06:06:28,247 - mylogger - INFO - 2014-07-15: No short!
2017-05-08 06:06:28,577 - mylogger - INFO - 0.00608509
2017-05-08 06:06:28,577 - mylogger - INFO - 2014-07-16: hold
2017-05-08 06:06:28,898 - mylogger - INFO - -0.00197117
2017-05-08 06:06:28,898 - mylogger - INFO - 2014-07-17: No short!
2017-05-08 06:06:29,314 - mylogger - INFO - -0.00134285
2017-05-08 06:06:29,314 - mylogger - INFO - 2014-07-18: No short!
2017-05-08 06:06:29,621 - mylogger - INFO - -0.0113234
2017-05-08 06:06:29,621 - mylogger - INFO - 2014-07-21: No short!
2017-05-08 06:06:29,920 - mylogger - INFO - -0.00583306
2017-05-08 06:06:29,920 - mylogger - INFO - 2014-07-22: No short!
2017-05-08 06:06:30,308 - mylogger - INFO - -0.00040469
2017-05-08 06:06:30,308 - mylogger - INFO - 2014-07-23: No short!
2017-05-08 06:06:30,617 - mylogger - INFO - -0.0102829
2017-05-08 06:06:30,617 - mylogger - INFO - 2014-07-24: No short!
2017-05-08 06:06:30,915 - mylogger - INFO - -0.0283916
2017-05-08 06:06:30,916 - mylogger - INFO - 2014-07-25: No short!
2017-05-08 06:06:31,304 - mylogger - INFO - -0.00106519
2017-05-08 06:06:31,305 - mylogger - INFO - 2014-07-28: No short!
2017-05-08 06:06:31,604 - mylogger - INFO - -0.0232494
2017-05-08 06:06:31,605 - mylogger - INFO - 2014-07-29: No short!
2017-05-08 06:06:31,901 - mylogger - INFO - -0.00803073
2017-05-08 06:06:31,901 - mylogger - INFO - 2014-07-30: No short!
2017-05-08 06:06:32,299 - mylogger - INFO - -0.0150395
2017-05-08 06:06:32,299 - mylogger - INFO - 2014-07-31: No short!
2017-05-08 06:06:32,597 - mylogger - INFO - -0.0199407
2017-05-08 06:06:32,598 - mylogger - INFO - 2014-08-01: No short!
2017-05-08 06:06:32,895 - mylogger - INFO - -0.00428928
2017-05-08 06:06:32,895 - mylogger - INFO - 2014-08-04: No short!
2017-05-08 06:06:33,287 - mylogger - INFO - 0.000382936
2017-05-08 06:06:33,287 - mylogger - INFO - 2014-08-05: hold
2017-05-08 06:06:33,588 - mylogger - INFO - 0.00629717
2017-05-08 06:06:33,589 - mylogger - INFO - 2014-08-06: hold
2017-05-08 06:06:33,887 - mylogger - INFO - 0.0173608
2017-05-08 06:06:33,887 - mylogger - INFO - 2014-08-07: No short!
2017-05-08 06:06:34,188 - mylogger - INFO - -0.00404034
2017-05-08 06:06:34,189 - mylogger - INFO - 2014-08-08: No short!
2017-05-08 06:06:34,590 - mylogger - INFO - 0.00590034
2017-05-08 06:06:34,591 - mylogger - INFO - 2014-08-11: hold
2017-05-08 06:06:34,888 - mylogger - INFO - -0.00442624
2017-05-08 06:06:34,888 - mylogger - INFO - 2014-08-12: No short!
2017-05-08 06:06:35,189 - mylogger - INFO - 0.022824
2017-05-08 06:06:35,190 - mylogger - INFO - 2014-08-13: buy
2017-05-08 06:06:35,190 - mylogger - INFO - 102096.0444
2017-05-08 06:06:35,578 - mylogger - INFO - 0.0234513
2017-05-08 06:06:35,579 - mylogger - INFO - 2014-08-14: buy
2017-05-08 06:06:35,579 - mylogger - INFO - 92797.8361999
2017-05-08 06:06:35,884 - mylogger - INFO - 0.00998327
2017-05-08 06:06:35,884 - mylogger - INFO - 2014-08-15: hold
2017-05-08 06:06:36,183 - mylogger - INFO - 0.0147341
2017-05-08 06:06:36,184 - mylogger - INFO - 2014-08-18: buy
2017-05-08 06:06:36,184 - mylogger - INFO - 83453.8567999
2017-05-08 06:06:36,577 - mylogger - INFO - 0.0086323
2017-05-08 06:06:36,577 - mylogger - INFO - 2014-08-19: hold
2017-05-08 06:06:36,875 - mylogger - INFO - 0.0232184
2017-05-08 06:06:36,876 - mylogger - INFO - 2014-08-20: buy
2017-05-08 06:06:36,877 - mylogger - INFO - 73866.7200999
2017-05-08 06:06:37,178 - mylogger - INFO - 0.00199292
2017-05-08 06:06:37,178 - mylogger - INFO - 2014-08-21: hold
2017-05-08 06:06:37,579 - mylogger - INFO - 0.00725425
2017-05-08 06:06:37,579 - mylogger - INFO - 2014-08-22: hold
2017-05-08 06:06:37,876 - mylogger - INFO - 2.84936e-05
2017-05-08 06:06:37,877 - mylogger - INFO - 2014-08-25: hold
2017-05-08 06:06:38,186 - mylogger - INFO - -0.00544013
2017-05-08 06:06:38,187 - mylogger - INFO - 2014-08-26: sell
2017-05-08 06:06:38,489 - mylogger - INFO - -0.020115
2017-05-08 06:06:38,490 - mylogger - INFO - 2014-08-27: sell
2017-05-08 06:06:38,882 - mylogger - INFO - -0.0171862
2017-05-08 06:06:38,882 - mylogger - INFO - 2014-08-28: sell
2017-05-08 06:06:39,184 - mylogger - INFO - -0.0132361
2017-05-08 06:06:39,184 - mylogger - INFO - 2014-08-29: sell
2017-05-08 06:06:39,485 - mylogger - INFO - -0.0380113
2017-05-08 06:06:39,486 - mylogger - INFO - 2014-09-02: No short!
2017-05-08 06:06:39,875 - mylogger - INFO - -0.0204868
2017-05-08 06:06:39,875 - mylogger - INFO - 2014-09-03: No short!
2017-05-08 06:06:40,178 - mylogger - INFO - 0.00204398
2017-05-08 06:06:40,178 - mylogger - INFO - 2014-09-04: hold
2017-05-08 06:06:40,476 - mylogger - INFO - -0.00703137
2017-05-08 06:06:40,477 - mylogger - INFO - 2014-09-05: No short!
2017-05-08 06:06:40,867 - mylogger - INFO - 0.00845428
2017-05-08 06:06:40,867 - mylogger - INFO - 2014-09-08: hold
2017-05-08 06:06:41,166 - mylogger - INFO - 0.00977881
2017-05-08 06:06:41,166 - mylogger - INFO - 2014-09-09: hold
2017-05-08 06:06:41,465 - mylogger - INFO - 0.000206115
2017-05-08 06:06:41,465 - mylogger - INFO - 2014-09-10: hold
2017-05-08 06:06:41,853 - mylogger - INFO - -0.00397348
2017-05-08 06:06:41,853 - mylogger - INFO - 2014-09-11: No short!
2017-05-08 06:06:42,151 - mylogger - INFO - -0.0148312
2017-05-08 06:06:42,152 - mylogger - INFO - 2014-09-12: No short!
2017-05-08 06:06:42,455 - mylogger - INFO - -0.00315933
2017-05-08 06:06:42,455 - mylogger - INFO - 2014-09-15: No short!
2017-05-08 06:06:42,755 - mylogger - INFO - -0.0273355
2017-05-08 06:06:42,755 - mylogger - INFO - 2014-09-16: No short!
2017-05-08 06:06:43,156 - mylogger - INFO - -0.007601
2017-05-08 06:06:43,156 - mylogger - INFO - 2014-09-17: No short!
2017-05-08 06:06:43,453 - mylogger - INFO - -0.00413673
2017-05-08 06:06:43,453 - mylogger - INFO - 2014-09-18: No short!
2017-05-08 06:06:43,751 - mylogger - INFO - -0.00417722
2017-05-08 06:06:43,751 - mylogger - INFO - 2014-09-19: No short!
2017-05-08 06:06:44,151 - mylogger - INFO - -0.00120757
2017-05-08 06:06:44,152 - mylogger - INFO - 2014-09-22: No short!
2017-05-08 06:06:44,451 - mylogger - INFO - -0.000346461
2017-05-08 06:06:44,451 - mylogger - INFO - 2014-09-23: No short!
2017-05-08 06:06:44,751 - mylogger - INFO - -0.00321059
2017-05-08 06:06:44,752 - mylogger - INFO - 2014-09-24: No short!
2017-05-08 06:06:45,137 - mylogger - INFO - -0.00236456
2017-05-08 06:06:45,137 - mylogger - INFO - 2014-09-25: No short!
2017-05-08 06:06:45,436 - mylogger - INFO - -0.0129174
2017-05-08 06:06:45,436 - mylogger - INFO - 2014-09-26: No short!
2017-05-08 06:06:45,735 - mylogger - INFO - -0.0215199
2017-05-08 06:06:45,735 - mylogger - INFO - 2014-09-29: No short!
2017-05-08 06:06:46,120 - mylogger - INFO - -0.0284886
2017-05-08 06:06:46,120 - mylogger - INFO - 2014-09-30: No short!
2017-05-08 06:06:46,416 - mylogger - INFO - -0.00980079
2017-05-08 06:06:46,416 - mylogger - INFO - 2014-10-01: No short!
2017-05-08 06:06:46,718 - mylogger - INFO - -0.00893847
2017-05-08 06:06:46,718 - mylogger - INFO - 2014-10-02: No short!
2017-05-08 06:06:47,018 - mylogger - INFO - -0.0128756
2017-05-08 06:06:47,018 - mylogger - INFO - 2014-10-03: No short!
2017-05-08 06:06:47,407 - mylogger - INFO - -0.00747319
2017-05-08 06:06:47,407 - mylogger - INFO - 2014-10-06: No short!
2017-05-08 06:06:47,713 - mylogger - INFO - -0.0367611
2017-05-08 06:06:47,713 - mylogger - INFO - 2014-10-07: No short!
2017-05-08 06:06:48,012 - mylogger - INFO - -0.005718
2017-05-08 06:06:48,013 - mylogger - INFO - 2014-10-08: No short!
2017-05-08 06:06:48,399 - mylogger - INFO - 0.00468301
2017-05-08 06:06:48,399 - mylogger - INFO - 2014-10-09: hold
2017-05-08 06:06:48,695 - mylogger - INFO - 0.00130546
2017-05-08 06:06:48,695 - mylogger - INFO - 2014-10-10: hold
2017-05-08 06:06:48,991 - mylogger - INFO - -0.00782223
2017-05-08 06:06:48,991 - mylogger - INFO - 2014-10-13: No short!
2017-05-08 06:06:49,381 - mylogger - INFO - 0.00715411
2017-05-08 06:06:49,382 - mylogger - INFO - 2014-10-14: hold
2017-05-08 06:06:49,679 - mylogger - INFO - -0.00552603
2017-05-08 06:06:49,679 - mylogger - INFO - 2014-10-15: No short!
2017-05-08 06:06:49,978 - mylogger - INFO - -0.00351868
2017-05-08 06:06:49,978 - mylogger - INFO - 2014-10-16: No short!
2017-05-08 06:06:50,369 - mylogger - INFO - 0.00773397
2017-05-08 06:06:50,369 - mylogger - INFO - 2014-10-17: hold
2017-05-08 06:06:50,674 - mylogger - INFO - 0.00666716
2017-05-08 06:06:50,674 - mylogger - INFO - 2014-10-20: hold
2017-05-08 06:06:50,968 - mylogger - INFO - 0.0174068
2017-05-08 06:06:50,969 - mylogger - INFO - 2014-10-21: buy
2017-05-08 06:06:50,969 - mylogger - INFO - 103383.9318
2017-05-08 06:06:51,378 - mylogger - INFO - -0.00373292
2017-05-08 06:06:51,379 - mylogger - INFO - 2014-10-22: sell
2017-05-08 06:06:51,675 - mylogger - INFO - 0.00606594
2017-05-08 06:06:51,676 - mylogger - INFO - 2014-10-23: hold
2017-05-08 06:06:51,972 - mylogger - INFO - 0.00496807
2017-05-08 06:06:51,972 - mylogger - INFO - 2014-10-24: hold
2017-05-08 06:06:52,273 - mylogger - INFO - 0.0132986
2017-05-08 06:06:52,274 - mylogger - INFO - 2014-10-27: buy
2017-05-08 06:06:52,274 - mylogger - INFO - 103557.3872
2017-05-08 06:06:52,668 - mylogger - INFO - 0.017516
2017-05-08 06:06:52,669 - mylogger - INFO - 2014-10-28: buy
2017-05-08 06:06:52,670 - mylogger - INFO - 93378.0898999
2017-05-08 06:06:52,966 - mylogger - INFO - -0.00835651
2017-05-08 06:06:52,967 - mylogger - INFO - 2014-10-29: sell
2017-05-08 06:06:53,270 - mylogger - INFO - 0.00699923
2017-05-08 06:06:53,270 - mylogger - INFO - 2014-10-30: hold
2017-05-08 06:06:53,667 - mylogger - INFO - -0.00542985
2017-05-08 06:06:53,667 - mylogger - INFO - 2014-10-31: sell
2017-05-08 06:06:53,971 - mylogger - INFO - -0.00692754
2017-05-08 06:06:53,971 - mylogger - INFO - 2014-11-03: No short!
2017-05-08 06:06:54,268 - mylogger - INFO - -0.00190198
2017-05-08 06:06:54,269 - mylogger - INFO - 2014-11-04: No short!
2017-05-08 06:06:54,656 - mylogger - INFO - -0.000649528
2017-05-08 06:06:54,656 - mylogger - INFO - 2014-11-05: No short!
2017-05-08 06:06:54,956 - mylogger - INFO - 0.00863095
2017-05-08 06:06:54,956 - mylogger - INFO - 2014-11-06: hold
2017-05-08 06:06:55,253 - mylogger - INFO - 0.0235543
2017-05-08 06:06:55,254 - mylogger - INFO - 2014-11-07: buy
2017-05-08 06:06:55,254 - mylogger - INFO - 103772.7069
2017-05-08 06:06:55,640 - mylogger - INFO - -0.0086659
2017-05-08 06:06:55,641 - mylogger - INFO - 2014-11-10: sell
2017-05-08 06:06:55,941 - mylogger - INFO - -0.00878259
2017-05-08 06:06:55,941 - mylogger - INFO - 2014-11-11: No short!
2017-05-08 06:06:56,245 - mylogger - INFO - -0.0244121
2017-05-08 06:06:56,245 - mylogger - INFO - 2014-11-12: No short!
2017-05-08 06:06:56,630 - mylogger - INFO - -0.0163338
2017-05-08 06:06:56,630 - mylogger - INFO - 2014-11-13: No short!
2017-05-08 06:06:56,926 - mylogger - INFO - 0.00353835
2017-05-08 06:06:56,926 - mylogger - INFO - 2014-11-14: hold
2017-05-08 06:06:57,223 - mylogger - INFO - -0.0020356
2017-05-08 06:06:57,223 - mylogger - INFO - 2014-11-17: No short!
2017-05-08 06:06:57,519 - mylogger - INFO - -0.0205368
2017-05-08 06:06:57,519 - mylogger - INFO - 2014-11-18: No short!
2017-05-08 06:06:57,920 - mylogger - INFO - -0.0160181
2017-05-08 06:06:57,920 - mylogger - INFO - 2014-11-19: No short!
2017-05-08 06:06:58,218 - mylogger - INFO - 0.0032689
2017-05-08 06:06:58,218 - mylogger - INFO - 2014-11-20: hold
2017-05-08 06:06:58,514 - mylogger - INFO - 0.00489108
2017-05-08 06:06:58,514 - mylogger - INFO - 2014-11-21: hold
2017-05-08 06:06:58,898 - mylogger - INFO - 0.00194413
2017-05-08 06:06:58,898 - mylogger - INFO - 2014-11-24: hold
2017-05-08 06:06:59,198 - mylogger - INFO - 0.00549655
2017-05-08 06:06:59,198 - mylogger - INFO - 2014-11-25: hold
2017-05-08 06:06:59,492 - mylogger - INFO - -0.0100677
2017-05-08 06:06:59,493 - mylogger - INFO - 2014-11-26: No short!
2017-05-08 06:06:59,885 - mylogger - INFO - 0.00603043
2017-05-08 06:06:59,885 - mylogger - INFO - 2014-11-28: hold
2017-05-08 06:07:00,192 - mylogger - INFO - -0.0153822
2017-05-08 06:07:00,193 - mylogger - INFO - 2014-12-01: No short!
2017-05-08 06:07:00,491 - mylogger - INFO - -0.000508033
2017-05-08 06:07:00,491 - mylogger - INFO - 2014-12-02: No short!
2017-05-08 06:07:00,879 - mylogger - INFO - -0.0086369
2017-05-08 06:07:00,879 - mylogger - INFO - 2014-12-03: No short!
2017-05-08 06:07:01,177 - mylogger - INFO - -0.0101576
2017-05-08 06:07:01,177 - mylogger - INFO - 2014-12-04: No short!
2017-05-08 06:07:01,477 - mylogger - INFO - -0.00782457
2017-05-08 06:07:01,478 - mylogger - INFO - 2014-12-05: No short!
2017-05-08 06:07:01,777 - mylogger - INFO - 0.00258259
2017-05-08 06:07:01,777 - mylogger - INFO - 2014-12-08: hold
2017-05-08 06:07:02,175 - mylogger - INFO - -0.0143888
2017-05-08 06:07:02,175 - mylogger - INFO - 2014-12-09: No short!
2017-05-08 06:07:02,474 - mylogger - INFO - 0.00443548
2017-05-08 06:07:02,474 - mylogger - INFO - 2014-12-10: hold
2017-05-08 06:07:02,770 - mylogger - INFO - -0.00692712
2017-05-08 06:07:02,771 - mylogger - INFO - 2014-12-11: No short!
2017-05-08 06:07:03,157 - mylogger - INFO - -0.0168392
2017-05-08 06:07:03,157 - mylogger - INFO - 2014-12-12: No short!
2017-05-08 06:07:03,454 - mylogger - INFO - -0.00580634
2017-05-08 06:07:03,454 - mylogger - INFO - 2014-12-15: No short!
2017-05-08 06:07:03,765 - mylogger - INFO - -0.00925174
2017-05-08 06:07:03,766 - mylogger - INFO - 2014-12-16: No short!
2017-05-08 06:07:04,166 - mylogger - INFO - -0.000535799
2017-05-08 06:07:04,166 - mylogger - INFO - 2014-12-17: No short!
2017-05-08 06:07:04,471 - mylogger - INFO - 0.00283666
2017-05-08 06:07:04,471 - mylogger - INFO - 2014-12-18: hold
2017-05-08 06:07:04,781 - mylogger - INFO - 0.0208087
2017-05-08 06:07:04,782 - mylogger - INFO - 2014-12-19: buy
2017-05-08 06:07:04,782 - mylogger - INFO - 103854.0259
2017-05-08 06:07:05,191 - mylogger - INFO - 0.0314164
2017-05-08 06:07:05,192 - mylogger - INFO - 2014-12-22: buy
2017-05-08 06:07:05,192 - mylogger - INFO - 93036.8222998
2017-05-08 06:07:05,500 - mylogger - INFO - 0.0104236
2017-05-08 06:07:05,501 - mylogger - INFO - 2014-12-23: buy
2017-05-08 06:07:05,501 - mylogger - INFO - 82257.9265998
2017-05-08 06:07:05,816 - mylogger - INFO - 0.0131448
2017-05-08 06:07:05,817 - mylogger - INFO - 2014-12-24: buy
2017-05-08 06:07:05,818 - mylogger - INFO - 71529.7885998
2017-05-08 06:07:06,117 - mylogger - INFO - 0.0029954
2017-05-08 06:07:06,117 - mylogger - INFO - 2014-12-26: hold
2017-05-08 06:07:06,530 - mylogger - INFO - 0.0102972
2017-05-08 06:07:06,531 - mylogger - INFO - 2014-12-29: buy
2017-05-08 06:07:06,531 - mylogger - INFO - 60612.0274997
2017-05-08 06:07:06,850 - mylogger - INFO - 0.0308791
2017-05-08 06:07:06,851 - mylogger - INFO - 2014-12-30: buy
2017-05-08 06:07:06,851 - mylogger - INFO - 49835.0475997
2017-05-08 06:07:07,166 - mylogger - INFO - 0.0190286
2017-05-08 06:07:07,167 - mylogger - INFO - 2014-12-31: buy
2017-05-08 06:07:07,167 - mylogger - INFO - 39263.0142997
2017-05-08 06:07:07,565 - mylogger - INFO - 0.0338945
2017-05-08 06:07:07,566 - mylogger - INFO - 2015-01-02: sell
2017-05-08 06:07:07,890 - mylogger - INFO - 0.0405179
2017-05-08 06:07:07,891 - mylogger - INFO - 2015-01-05: sell
2017-05-08 06:07:08,221 - mylogger - INFO - 0.0211151
2017-05-08 06:07:08,222 - mylogger - INFO - 2015-01-06: buy
2017-05-08 06:07:08,222 - mylogger - INFO - 49141.5077997
2017-05-08 06:07:08,630 - mylogger - INFO - 0.00408815
2017-05-08 06:07:08,631 - mylogger - INFO - 2015-01-07: hold
2017-05-08 06:07:08,945 - mylogger - INFO - 0.0104964
2017-05-08 06:07:08,946 - mylogger - INFO - 2015-01-08: buy
2017-05-08 06:07:08,946 - mylogger - INFO - 38821.3478997
2017-05-08 06:07:09,276 - mylogger - INFO - -0.00660398
2017-05-08 06:07:09,277 - mylogger - INFO - 2015-01-09: sell
2017-05-08 06:07:09,678 - mylogger - INFO - 0.0121961
2017-05-08 06:07:09,679 - mylogger - INFO - 2015-01-12: buy
2017-05-08 06:07:09,679 - mylogger - INFO - 38555.0238997
2017-05-08 06:07:09,983 - mylogger - INFO - 0.0102904
2017-05-08 06:07:09,984 - mylogger - INFO - 2015-01-13: buy
2017-05-08 06:07:09,984 - mylogger - INFO - 27998.3133997
2017-05-08 06:07:10,288 - mylogger - INFO - -0.0144903
2017-05-08 06:07:10,289 - mylogger - INFO - 2015-01-14: sell
2017-05-08 06:07:10,589 - mylogger - INFO - 0.00208109
2017-05-08 06:07:10,589 - mylogger - INFO - 2015-01-15: hold
2017-05-08 06:07:10,990 - mylogger - INFO - 0.00739914
2017-05-08 06:07:10,990 - mylogger - INFO - 2015-01-16: hold
2017-05-08 06:07:11,290 - mylogger - INFO - -0.00230235
2017-05-08 06:07:11,291 - mylogger - INFO - 2015-01-20: sell
2017-05-08 06:07:11,589 - mylogger - INFO - 0.00965503
2017-05-08 06:07:11,590 - mylogger - INFO - 2015-01-21: hold
2017-05-08 06:07:11,980 - mylogger - INFO - 0.00653086
2017-05-08 06:07:11,980 - mylogger - INFO - 2015-01-22: hold
2017-05-08 06:07:12,285 - mylogger - INFO - 0.0133445
2017-05-08 06:07:12,286 - mylogger - INFO - 2015-01-23: buy
2017-05-08 06:07:12,286 - mylogger - INFO - 38201.4652997
2017-05-08 06:07:12,586 - mylogger - INFO - 0.0158077
2017-05-08 06:07:12,587 - mylogger - INFO - 2015-01-26: buy
2017-05-08 06:07:12,587 - mylogger - INFO - 27368.9389997
2017-05-08 06:07:12,979 - mylogger - INFO - 0.0085325
2017-05-08 06:07:12,980 - mylogger - INFO - 2015-01-27: hold
2017-05-08 06:07:13,281 - mylogger - INFO - 0.0049522
2017-05-08 06:07:13,281 - mylogger - INFO - 2015-01-28: hold
2017-05-08 06:07:13,578 - mylogger - INFO - 0.0111264
2017-05-08 06:07:13,579 - mylogger - INFO - 2015-01-29: buy
2017-05-08 06:07:13,579 - mylogger - INFO - 16915.6596997
2017-05-08 06:07:13,971 - mylogger - INFO - 0.0133918
2017-05-08 06:07:13,972 - mylogger - INFO - 2015-01-30: No cover!
2017-05-08 06:07:14,276 - mylogger - INFO - 0.0195414
2017-05-08 06:07:14,277 - mylogger - INFO - 2015-02-02: No cover!
2017-05-08 06:07:14,574 - mylogger - INFO - 0.010949
2017-05-08 06:07:14,575 - mylogger - INFO - 2015-02-03: No cover!
2017-05-08 06:07:14,876 - mylogger - INFO - 0.0207722
2017-05-08 06:07:14,877 - mylogger - INFO - 2015-02-04: No cover!
2017-05-08 06:07:15,275 - mylogger - INFO - 0.0190072
2017-05-08 06:07:15,276 - mylogger - INFO - 2015-02-05: No cover!
2017-05-08 06:07:15,573 - mylogger - INFO - 0.0174174
2017-05-08 06:07:15,575 - mylogger - INFO - 2015-02-06: No cover!
2017-05-08 06:07:15,873 - mylogger - INFO - -0.00550493
2017-05-08 06:07:15,874 - mylogger - INFO - 2015-02-09: sell
2017-05-08 06:07:16,263 - mylogger - INFO - 0.0235436
2017-05-08 06:07:16,264 - mylogger - INFO - 2015-02-10: buy
2017-05-08 06:07:16,264 - mylogger - INFO - 17425.2171997
2017-05-08 06:07:16,562 - mylogger - INFO - 0.00655214
2017-05-08 06:07:16,562 - mylogger - INFO - 2015-02-11: hold
2017-05-08 06:07:16,869 - mylogger - INFO - 0.00264049
2017-05-08 06:07:16,869 - mylogger - INFO - 2015-02-12: hold
2017-05-08 06:07:17,261 - mylogger - INFO - 0.00173437
2017-05-08 06:07:17,261 - mylogger - INFO - 2015-02-13: hold
2017-05-08 06:07:17,562 - mylogger - INFO - 0.0073675
2017-05-08 06:07:17,562 - mylogger - INFO - 2015-02-17: hold
2017-05-08 06:07:17,865 - mylogger - INFO - 0.0279449
2017-05-08 06:07:17,866 - mylogger - INFO - 2015-02-18: No cover!
2017-05-08 06:07:18,265 - mylogger - INFO - 0.0114341
2017-05-08 06:07:18,267 - mylogger - INFO - 2015-02-19: No cover!
2017-05-08 06:07:18,618 - mylogger - INFO - 0.0140424
2017-05-08 06:07:18,619 - mylogger - INFO - 2015-02-20: No cover!
2017-05-08 06:07:18,919 - mylogger - INFO - 0.00701496
2017-05-08 06:07:18,919 - mylogger - INFO - 2015-02-23: hold
2017-05-08 06:07:19,228 - mylogger - INFO - 0.0165693
2017-05-08 06:07:19,229 - mylogger - INFO - 2015-02-24: No cover!
2017-05-08 06:07:19,623 - mylogger - INFO - 0.00323001
2017-05-08 06:07:19,623 - mylogger - INFO - 2015-02-25: hold
2017-05-08 06:07:19,924 - mylogger - INFO - 0.00728479
2017-05-08 06:07:19,924 - mylogger - INFO - 2015-02-26: hold
2017-05-08 06:07:20,223 - mylogger - INFO - 0.00571681
2017-05-08 06:07:20,224 - mylogger - INFO - 2015-02-27: hold
2017-05-08 06:07:20,614 - mylogger - INFO - 0.00448474
2017-05-08 06:07:20,614 - mylogger - INFO - 2015-03-02: hold
2017-05-08 06:07:20,912 - mylogger - INFO - 0.00459307
2017-05-08 06:07:20,912 - mylogger - INFO - 2015-03-03: hold
2017-05-08 06:07:21,210 - mylogger - INFO - 1.75422e-05
2017-05-08 06:07:21,210 - mylogger - INFO - 2015-03-04: hold
2017-05-08 06:07:21,599 - mylogger - INFO - -0.00259512
2017-05-08 06:07:21,599 - mylogger - INFO - 2015-03-05: sell
2017-05-08 06:07:21,901 - mylogger - INFO - -0.00567999
2017-05-08 06:07:21,902 - mylogger - INFO - 2015-03-06: sell
2017-05-08 06:07:22,204 - mylogger - INFO - 0.00538148
2017-05-08 06:07:22,204 - mylogger - INFO - 2015-03-09: hold
2017-05-08 06:07:22,594 - mylogger - INFO - -0.0144674
2017-05-08 06:07:22,595 - mylogger - INFO - 2015-03-10: sell
2017-05-08 06:07:22,896 - mylogger - INFO - -0.0095013
2017-05-08 06:07:22,897 - mylogger - INFO - 2015-03-11: sell
2017-05-08 06:07:23,198 - mylogger - INFO - -0.0035865
2017-05-08 06:07:23,198 - mylogger - INFO - 2015-03-12: sell
2017-05-08 06:07:23,498 - mylogger - INFO - -0.0121102
2017-05-08 06:07:23,499 - mylogger - INFO - 2015-03-13: sell
2017-05-08 06:07:23,895 - mylogger - INFO - -0.0077647
2017-05-08 06:07:23,896 - mylogger - INFO - 2015-03-16: sell
2017-05-08 06:07:24,193 - mylogger - INFO - -0.0133122
2017-05-08 06:07:24,194 - mylogger - INFO - 2015-03-17: sell
2017-05-08 06:07:24,495 - mylogger - INFO - -0.00393364
2017-05-08 06:07:24,495 - mylogger - INFO - 2015-03-18: sell
2017-05-08 06:07:24,882 - mylogger - INFO - -0.00121343
2017-05-08 06:07:24,883 - mylogger - INFO - 2015-03-19: No short!
2017-05-08 06:07:25,180 - mylogger - INFO - 0.00268877
2017-05-08 06:07:25,180 - mylogger - INFO - 2015-03-20: hold
2017-05-08 06:07:25,477 - mylogger - INFO - 0.0015839
2017-05-08 06:07:25,477 - mylogger - INFO - 2015-03-23: hold
2017-05-08 06:07:25,863 - mylogger - INFO - 0.00494208
2017-05-08 06:07:25,863 - mylogger - INFO - 2015-03-24: hold
2017-05-08 06:07:26,162 - mylogger - INFO - 0.00911814
2017-05-08 06:07:26,163 - mylogger - INFO - 2015-03-25: hold
2017-05-08 06:07:26,459 - mylogger - INFO - 0.000631851
2017-05-08 06:07:26,459 - mylogger - INFO - 2015-03-26: hold
2017-05-08 06:07:26,847 - mylogger - INFO - 0.00115274
2017-05-08 06:07:26,848 - mylogger - INFO - 2015-03-27: hold
2017-05-08 06:07:27,145 - mylogger - INFO - 0.0107878
2017-05-08 06:07:27,145 - mylogger - INFO - 2015-03-30: buy
2017-05-08 06:07:27,145 - mylogger - INFO - 114245.287
2017-05-08 06:07:27,448 - mylogger - INFO - -0.0145446
2017-05-08 06:07:27,449 - mylogger - INFO - 2015-03-31: sell
2017-05-08 06:07:27,747 - mylogger - INFO - -0.000336438
2017-05-08 06:07:27,747 - mylogger - INFO - 2015-04-01: No short!
2017-05-08 06:07:28,141 - mylogger - INFO - -0.0172014
2017-05-08 06:07:28,142 - mylogger - INFO - 2015-04-02: No short!
2017-05-08 06:07:28,443 - mylogger - INFO - -0.0241287
2017-05-08 06:07:28,443 - mylogger - INFO - 2015-04-06: No short!
2017-05-08 06:07:28,743 - mylogger - INFO - 0.0133778
2017-05-08 06:07:28,743 - mylogger - INFO - 2015-04-07: buy
2017-05-08 06:07:28,744 - mylogger - INFO - 114225.9804
2017-05-08 06:07:29,129 - mylogger - INFO - -0.0177254
2017-05-08 06:07:29,130 - mylogger - INFO - 2015-04-08: sell
2017-05-08 06:07:29,436 - mylogger - INFO - -0.00321949
2017-05-08 06:07:29,436 - mylogger - INFO - 2015-04-09: No short!
2017-05-08 06:07:29,731 - mylogger - INFO - 0.0112068
2017-05-08 06:07:29,732 - mylogger - INFO - 2015-04-10: buy
2017-05-08 06:07:29,732 - mylogger - INFO - 114316.2818
2017-05-08 06:07:30,128 - mylogger - INFO - 0.00879954
2017-05-08 06:07:30,128 - mylogger - INFO - 2015-04-13: hold
2017-05-08 06:07:30,427 - mylogger - INFO - -0.00493905
2017-05-08 06:07:30,428 - mylogger - INFO - 2015-04-14: sell
2017-05-08 06:07:30,725 - mylogger - INFO - 0.00639383
2017-05-08 06:07:30,725 - mylogger - INFO - 2015-04-15: hold
2017-05-08 06:07:31,113 - mylogger - INFO - 0.00652056
2017-05-08 06:07:31,113 - mylogger - INFO - 2015-04-16: hold
2017-05-08 06:07:31,413 - mylogger - INFO - 0.00127693
2017-05-08 06:07:31,414 - mylogger - INFO - 2015-04-17: hold
2017-05-08 06:07:31,709 - mylogger - INFO - 0.00550353
2017-05-08 06:07:31,709 - mylogger - INFO - 2015-04-20: hold
2017-05-08 06:07:32,015 - mylogger - INFO - 0.00737683
2017-05-08 06:07:32,015 - mylogger - INFO - 2015-04-21: hold
2017-05-08 06:07:32,418 - mylogger - INFO - -0.00253277
2017-05-08 06:07:32,419 - mylogger - INFO - 2015-04-22: No short!
2017-05-08 06:07:32,715 - mylogger - INFO - 0.00930768
2017-05-08 06:07:32,715 - mylogger - INFO - 2015-04-23: hold
2017-05-08 06:07:33,012 - mylogger - INFO - 0.00514765
2017-05-08 06:07:33,012 - mylogger - INFO - 2015-04-24: hold
2017-05-08 06:07:33,397 - mylogger - INFO - 0.0159318
2017-05-08 06:07:33,398 - mylogger - INFO - 2015-04-27: buy
2017-05-08 06:07:33,398 - mylogger - INFO - 114307.5515
2017-05-08 06:07:33,708 - mylogger - INFO - 0.00284204
2017-05-08 06:07:33,708 - mylogger - INFO - 2015-04-28: hold
2017-05-08 06:07:34,005 - mylogger - INFO - 0.00996938
2017-05-08 06:07:34,005 - mylogger - INFO - 2015-04-29: hold
2017-05-08 06:07:34,398 - mylogger - INFO - 0.0017919
2017-05-08 06:07:34,398 - mylogger - INFO - 2015-04-30: hold
2017-05-08 06:07:34,697 - mylogger - INFO - -0.00471687
2017-05-08 06:07:34,697 - mylogger - INFO - 2015-05-01: sell
2017-05-08 06:07:34,994 - mylogger - INFO - 0.0037113
2017-05-08 06:07:34,995 - mylogger - INFO - 2015-05-04: hold
2017-05-08 06:07:35,382 - mylogger - INFO - -0.00197917
2017-05-08 06:07:35,382 - mylogger - INFO - 2015-05-05: No short!
2017-05-08 06:07:35,684 - mylogger - INFO - -0.00403443
2017-05-08 06:07:35,684 - mylogger - INFO - 2015-05-06: No short!
2017-05-08 06:07:35,980 - mylogger - INFO - 0.00612774
2017-05-08 06:07:35,981 - mylogger - INFO - 2015-05-07: hold
2017-05-08 06:07:36,375 - mylogger - INFO - -0.0101846
2017-05-08 06:07:36,375 - mylogger - INFO - 2015-05-08: No short!
2017-05-08 06:07:36,670 - mylogger - INFO - -0.0200946
2017-05-08 06:07:36,670 - mylogger - INFO - 2015-05-11: No short!
2017-05-08 06:07:36,968 - mylogger - INFO - -0.00694052
2017-05-08 06:07:36,968 - mylogger - INFO - 2015-05-12: No short!
2017-05-08 06:07:37,265 - mylogger - INFO - 0.00802742
2017-05-08 06:07:37,265 - mylogger - INFO - 2015-05-13: hold
2017-05-08 06:07:37,661 - mylogger - INFO - -0.00615793
2017-05-08 06:07:37,662 - mylogger - INFO - 2015-05-14: No short!
2017-05-08 06:07:37,964 - mylogger - INFO - -0.00494721
2017-05-08 06:07:37,964 - mylogger - INFO - 2015-05-15: No short!
2017-05-08 06:07:38,259 - mylogger - INFO - -0.0210642
2017-05-08 06:07:38,260 - mylogger - INFO - 2015-05-18: No short!
2017-05-08 06:07:38,647 - mylogger - INFO - -0.00866591
2017-05-08 06:07:38,648 - mylogger - INFO - 2015-05-19: No short!
2017-05-08 06:07:38,953 - mylogger - INFO - -3.17266e-05
2017-05-08 06:07:38,954 - mylogger - INFO - 2015-05-20: No short!
2017-05-08 06:07:39,258 - mylogger - INFO - 0.000908371
2017-05-08 06:07:39,258 - mylogger - INFO - 2015-05-21: hold
2017-05-08 06:07:39,664 - mylogger - INFO - -0.0124309
2017-05-08 06:07:39,664 - mylogger - INFO - 2015-05-22: No short!
2017-05-08 06:07:39,961 - mylogger - INFO - -0.00362217
2017-05-08 06:07:39,961 - mylogger - INFO - 2015-05-26: No short!
2017-05-08 06:07:40,260 - mylogger - INFO - 0.0106957
2017-05-08 06:07:40,261 - mylogger - INFO - 2015-05-27: buy
2017-05-08 06:07:40,261 - mylogger - INFO - 114126.7173
2017-05-08 06:07:40,656 - mylogger - INFO - 0.00530501
2017-05-08 06:07:40,656 - mylogger - INFO - 2015-05-28: hold
2017-05-08 06:07:40,954 - mylogger - INFO - 0.0078025
2017-05-08 06:07:40,954 - mylogger - INFO - 2015-05-29: hold
2017-05-08 06:07:41,252 - mylogger - INFO - -0.00732943
2017-05-08 06:07:41,253 - mylogger - INFO - 2015-06-01: sell
2017-05-08 06:07:41,603 - mylogger - INFO - -0.0121661
2017-05-08 06:07:41,603 - mylogger - INFO - 2015-06-02: No short!
2017-05-08 06:07:42,105 - mylogger - INFO - -0.00393261
2017-05-08 06:07:42,105 - mylogger - INFO - 2015-06-03: No short!
2017-05-08 06:07:42,414 - mylogger - INFO - -0.00743397
2017-05-08 06:07:42,414 - mylogger - INFO - 2015-06-04: No short!
2017-05-08 06:07:42,757 - mylogger - INFO - -0.0139577
2017-05-08 06:07:42,757 - mylogger - INFO - 2015-06-05: No short!
2017-05-08 06:07:43,185 - mylogger - INFO - 0.00827499
2017-05-08 06:07:43,185 - mylogger - INFO - 2015-06-08: hold
2017-05-08 06:07:43,511 - mylogger - INFO - -0.00359316
2017-05-08 06:07:43,511 - mylogger - INFO - 2015-06-09: No short!
2017-05-08 06:07:43,851 - mylogger - INFO - -0.00576056
2017-05-08 06:07:43,851 - mylogger - INFO - 2015-06-10: No short!
2017-05-08 06:07:44,256 - mylogger - INFO - 0.0207984
2017-05-08 06:07:44,257 - mylogger - INFO - 2015-06-11: buy
2017-05-08 06:07:44,257 - mylogger - INFO - 113948.9988
2017-05-08 06:07:44,566 - mylogger - INFO - 0.0079478
2017-05-08 06:07:44,566 - mylogger - INFO - 2015-06-12: hold
2017-05-08 06:07:44,890 - mylogger - INFO - 0.0195086
2017-05-08 06:07:44,892 - mylogger - INFO - 2015-06-15: buy
2017-05-08 06:07:44,892 - mylogger - INFO - 101669.8575
2017-05-08 06:07:45,323 - mylogger - INFO - 0.0141628
2017-05-08 06:07:45,324 - mylogger - INFO - 2015-06-16: buy
2017-05-08 06:07:45,325 - mylogger - INFO - 89349.2000995
2017-05-08 06:07:45,644 - mylogger - INFO - -0.000890444
2017-05-08 06:07:45,644 - mylogger - INFO - 2015-06-17: sell
2017-05-08 06:07:46,065 - mylogger - INFO - 0.0126583
2017-05-08 06:07:46,067 - mylogger - INFO - 2015-06-18: buy
2017-05-08 06:07:46,068 - mylogger - INFO - 89403.1979995
2017-05-08 06:07:46,431 - mylogger - INFO - 0.00320226
2017-05-08 06:07:46,431 - mylogger - INFO - 2015-06-19: hold
2017-05-08 06:07:46,856 - mylogger - INFO - -0.00265763
2017-05-08 06:07:46,857 - mylogger - INFO - 2015-06-22: sell
2017-05-08 06:07:47,170 - mylogger - INFO - 0.00671395
2017-05-08 06:07:47,170 - mylogger - INFO - 2015-06-23: hold
2017-05-08 06:07:47,485 - mylogger - INFO - 0.0039928
2017-05-08 06:07:47,485 - mylogger - INFO - 2015-06-24: hold
2017-05-08 06:07:47,894 - mylogger - INFO - -0.01544
2017-05-08 06:07:47,895 - mylogger - INFO - 2015-06-25: sell
2017-05-08 06:07:48,213 - mylogger - INFO - -0.00705249
2017-05-08 06:07:48,214 - mylogger - INFO - 2015-06-26: sell
2017-05-08 06:07:48,538 - mylogger - INFO - 0.00821586
2017-05-08 06:07:48,538 - mylogger - INFO - 2015-06-29: hold
2017-05-08 06:07:48,956 - mylogger - INFO - 0.0173052
2017-05-08 06:07:48,957 - mylogger - INFO - 2015-06-30: buy
2017-05-08 06:07:48,957 - mylogger - INFO - 113701.556699
2017-05-08 06:07:49,282 - mylogger - INFO - 0.0138093
2017-05-08 06:07:49,283 - mylogger - INFO - 2015-07-01: buy
2017-05-08 06:07:49,283 - mylogger - INFO - 101477.448399
2017-05-08 06:07:49,611 - mylogger - INFO - 0.0121126
2017-05-08 06:07:49,612 - mylogger - INFO - 2015-07-02: buy
2017-05-08 06:07:49,612 - mylogger - INFO - 89268.7874995
2017-05-08 06:07:50,046 - mylogger - INFO - 0.000626075
2017-05-08 06:07:50,046 - mylogger - INFO - 2015-07-06: hold
2017-05-08 06:07:50,382 - mylogger - INFO - -0.0123253
2017-05-08 06:07:50,383 - mylogger - INFO - 2015-07-07: sell
2017-05-08 06:07:50,706 - mylogger - INFO - 0.0178435
2017-05-08 06:07:50,706 - mylogger - INFO - 2015-07-08: sell
2017-05-08 06:07:51,040 - mylogger - INFO - 0.0159246
2017-05-08 06:07:51,041 - mylogger - INFO - 2015-07-09: sell
2017-05-08 06:07:51,478 - mylogger - INFO - 0.00567503
2017-05-08 06:07:51,478 - mylogger - INFO - 2015-07-10: hold
2017-05-08 06:07:51,803 - mylogger - INFO - 0.0044932
2017-05-08 06:07:51,803 - mylogger - INFO - 2015-07-13: hold
2017-05-08 06:07:52,126 - mylogger - INFO - 0.013578
2017-05-08 06:07:52,127 - mylogger - INFO - 2015-07-14: buy
2017-05-08 06:07:52,127 - mylogger - INFO - 112428.832999
2017-05-08 06:07:52,552 - mylogger - INFO - 0.00606664
2017-05-08 06:07:52,552 - mylogger - INFO - 2015-07-15: hold
2017-05-08 06:07:52,886 - mylogger - INFO - -0.0029918
2017-05-08 06:07:52,887 - mylogger - INFO - 2015-07-16: sell
2017-05-08 06:07:53,209 - mylogger - INFO - 0.0103951
2017-05-08 06:07:53,209 - mylogger - INFO - 2015-07-17: buy
2017-05-08 06:07:53,210 - mylogger - INFO - 112697.169899
2017-05-08 06:07:53,639 - mylogger - INFO - 0.00967555
2017-05-08 06:07:53,639 - mylogger - INFO - 2015-07-20: hold
2017-05-08 06:07:53,967 - mylogger - INFO - 0.00314982
2017-05-08 06:07:53,967 - mylogger - INFO - 2015-07-21: hold
2017-05-08 06:07:54,291 - mylogger - INFO - -0.00843859
2017-05-08 06:07:54,292 - mylogger - INFO - 2015-07-22: sell
2017-05-08 06:07:54,713 - mylogger - INFO - 0.0265968
2017-05-08 06:07:54,714 - mylogger - INFO - 2015-07-23: buy
2017-05-08 06:07:54,714 - mylogger - INFO - 112028.015699
2017-05-08 06:07:55,048 - mylogger - INFO - 0.00922124
2017-05-08 06:07:55,049 - mylogger - INFO - 2015-07-24: sell
2017-05-08 06:07:55,373 - mylogger - INFO - 0.0187695
2017-05-08 06:07:55,373 - mylogger - INFO - 2015-07-27: No short!
2017-05-08 06:07:55,693 - mylogger - INFO - 0.012344
2017-05-08 06:07:55,694 - mylogger - INFO - 2015-07-28: buy
2017-05-08 06:07:55,694 - mylogger - INFO - 111858.985499
2017-05-08 06:07:56,118 - mylogger - INFO - -0.00893715
2017-05-08 06:07:56,118 - mylogger - INFO - 2015-07-29: sell
2017-05-08 06:07:56,457 - mylogger - INFO - 0.0102307
2017-05-08 06:07:56,458 - mylogger - INFO - 2015-07-30: buy
2017-05-08 06:07:56,458 - mylogger - INFO - 111797.125599
2017-05-08 06:07:56,780 - mylogger - INFO - 0.0122572
2017-05-08 06:07:56,782 - mylogger - INFO - 2015-07-31: buy
2017-05-08 06:07:56,782 - mylogger - INFO - 100084.726699
2017-05-08 06:07:57,205 - mylogger - INFO - 0.00765259
2017-05-08 06:07:57,206 - mylogger - INFO - 2015-08-03: sell
2017-05-08 06:07:57,538 - mylogger - INFO - -0.00739683
2017-05-08 06:07:57,539 - mylogger - INFO - 2015-08-04: sell
2017-05-08 06:07:57,864 - mylogger - INFO - 0.0208248
2017-05-08 06:07:57,865 - mylogger - INFO - 2015-08-05: buy
2017-05-08 06:07:57,865 - mylogger - INFO - 110856.599499
2017-05-08 06:07:58,289 - mylogger - INFO - 0.0182637
2017-05-08 06:07:58,290 - mylogger - INFO - 2015-08-06: buy
2017-05-08 06:07:58,290 - mylogger - INFO - 99689.5944994
2017-05-08 06:07:58,610 - mylogger - INFO - -0.0015673
2017-05-08 06:07:58,611 - mylogger - INFO - 2015-08-07: sell
2017-05-08 06:07:58,975 - mylogger - INFO - 0.00507495
2017-05-08 06:07:58,975 - mylogger - INFO - 2015-08-10: hold
2017-05-08 06:07:59,415 - mylogger - INFO - -0.00243524
2017-05-08 06:07:59,416 - mylogger - INFO - 2015-08-11: sell
2017-05-08 06:07:59,732 - mylogger - INFO - -0.00933371
2017-05-08 06:07:59,732 - mylogger - INFO - 2015-08-12: No short!
2017-05-08 06:08:00,049 - mylogger - INFO - -0.0117335
2017-05-08 06:08:00,050 - mylogger - INFO - 2015-08-13: No short!
2017-05-08 06:08:00,369 - mylogger - INFO - -0.0168474
2017-05-08 06:08:00,369 - mylogger - INFO - 2015-08-14: No short!
2017-05-08 06:08:00,786 - mylogger - INFO - -0.00475829
2017-05-08 06:08:00,786 - mylogger - INFO - 2015-08-17: No short!
2017-05-08 06:08:01,096 - mylogger - INFO - 0.010872
2017-05-08 06:08:01,097 - mylogger - INFO - 2015-08-18: buy
2017-05-08 06:08:01,097 - mylogger - INFO - 111270.609899
2017-05-08 06:08:01,418 - mylogger - INFO - 0.00874707
2017-05-08 06:08:01,418 - mylogger - INFO - 2015-08-19: hold
2017-05-08 06:08:01,827 - mylogger - INFO - 0.00600882
2017-05-08 06:08:01,827 - mylogger - INFO - 2015-08-20: hold
2017-05-08 06:08:02,166 - mylogger - INFO - 0.0179755
2017-05-08 06:08:02,167 - mylogger - INFO - 2015-08-21: sell
2017-05-08 06:08:02,484 - mylogger - INFO - -0.00503718
2017-05-08 06:08:02,485 - mylogger - INFO - 2015-08-24: No short!
2017-05-08 06:08:02,907 - mylogger - INFO - -0.0164598
2017-05-08 06:08:02,907 - mylogger - INFO - 2015-08-25: No short!
2017-05-08 06:08:03,229 - mylogger - INFO - -0.00851904
2017-05-08 06:08:03,229 - mylogger - INFO - 2015-08-26: No short!
2017-05-08 06:08:03,552 - mylogger - INFO - 0.00415342
2017-05-08 06:08:03,552 - mylogger - INFO - 2015-08-27: hold
2017-05-08 06:08:03,988 - mylogger - INFO - -0.00619622
2017-05-08 06:08:03,988 - mylogger - INFO - 2015-08-28: No short!
2017-05-08 06:08:04,310 - mylogger - INFO - -0.0106658
2017-05-08 06:08:04,310 - mylogger - INFO - 2015-08-31: No short!
2017-05-08 06:08:04,637 - mylogger - INFO - 0.0025884
2017-05-08 06:08:04,637 - mylogger - INFO - 2015-09-01: hold
2017-05-08 06:08:04,968 - mylogger - INFO - -0.0127024
2017-05-08 06:08:04,969 - mylogger - INFO - 2015-09-02: No short!
2017-05-08 06:08:05,392 - mylogger - INFO - -0.014575
2017-05-08 06:08:05,392 - mylogger - INFO - 2015-09-03: No short!
2017-05-08 06:08:05,721 - mylogger - INFO - -0.0148564
2017-05-08 06:08:05,721 - mylogger - INFO - 2015-09-04: No short!
2017-05-08 06:08:06,049 - mylogger - INFO - -0.0149516
2017-05-08 06:08:06,051 - mylogger - INFO - 2015-09-08: No short!
2017-05-08 06:08:06,487 - mylogger - INFO - -0.0171438
2017-05-08 06:08:06,487 - mylogger - INFO - 2015-09-09: No short!
2017-05-08 06:08:06,805 - mylogger - INFO - -0.0119106
2017-05-08 06:08:06,805 - mylogger - INFO - 2015-09-10: No short!
2017-05-08 06:08:07,125 - mylogger - INFO - 0.000897947
2017-05-08 06:08:07,125 - mylogger - INFO - 2015-09-11: hold
2017-05-08 06:08:07,552 - mylogger - INFO - -0.00940515
2017-05-08 06:08:07,552 - mylogger - INFO - 2015-09-14: No short!
2017-05-08 06:08:07,881 - mylogger - INFO - -0.026694
2017-05-08 06:08:07,881 - mylogger - INFO - 2015-09-15: No short!
2017-05-08 06:08:08,206 - mylogger - INFO - -0.0027673
2017-05-08 06:08:08,206 - mylogger - INFO - 2015-09-16: No short!
2017-05-08 06:08:08,635 - mylogger - INFO - -0.016632
2017-05-08 06:08:08,635 - mylogger - INFO - 2015-09-17: No short!
2017-05-08 06:08:08,964 - mylogger - INFO - -0.00733152
2017-05-08 06:08:08,965 - mylogger - INFO - 2015-09-18: No short!
2017-05-08 06:08:09,287 - mylogger - INFO - 0.00932367
2017-05-08 06:08:09,287 - mylogger - INFO - 2015-09-21: hold
2017-05-08 06:08:09,606 - mylogger - INFO - -0.0129456
2017-05-08 06:08:09,606 - mylogger - INFO - 2015-09-22: No short!
2017-05-08 06:08:10,031 - mylogger - INFO - -0.00316564
2017-05-08 06:08:10,031 - mylogger - INFO - 2015-09-23: No short!
2017-05-08 06:08:10,366 - mylogger - INFO - -0.0113902
2017-05-08 06:08:10,366 - mylogger - INFO - 2015-09-24: No short!
2017-05-08 06:08:10,713 - mylogger - INFO - 0.00658356
2017-05-08 06:08:10,714 - mylogger - INFO - 2015-09-25: hold
2017-05-08 06:08:11,139 - mylogger - INFO - -0.00852482
2017-05-08 06:08:11,139 - mylogger - INFO - 2015-09-28: No short!
2017-05-08 06:08:11,464 - mylogger - INFO - -0.00564488
2017-05-08 06:08:11,464 - mylogger - INFO - 2015-09-29: No short!
2017-05-08 06:08:11,793 - mylogger - INFO - -0.010259
2017-05-08 06:08:11,793 - mylogger - INFO - 2015-09-30: No short!
2017-05-08 06:08:12,214 - mylogger - INFO - -0.00252948
2017-05-08 06:08:12,215 - mylogger - INFO - 2015-10-01: No short!
2017-05-08 06:08:12,546 - mylogger - INFO - 0.0185062
2017-05-08 06:08:12,547 - mylogger - INFO - 2015-10-02: buy
2017-05-08 06:08:12,547 - mylogger - INFO - 110115.445699
2017-05-08 06:08:12,871 - mylogger - INFO - 0.0269187
2017-05-08 06:08:12,872 - mylogger - INFO - 2015-10-05: buy
2017-05-08 06:08:12,872 - mylogger - INFO - 99370.3298993
2017-05-08 06:08:13,299 - mylogger - INFO - 0.014599
2017-05-08 06:08:13,300 - mylogger - INFO - 2015-10-06: buy
2017-05-08 06:08:13,301 - mylogger - INFO - 88573.8115993
2017-05-08 06:08:13,625 - mylogger - INFO - 0.0186095
2017-05-08 06:08:13,626 - mylogger - INFO - 2015-10-07: buy
2017-05-08 06:08:13,626 - mylogger - INFO - 77828.6957993
2017-05-08 06:08:13,973 - mylogger - INFO - 0.0088619
2017-05-08 06:08:13,974 - mylogger - INFO - 2015-10-08: hold
2017-05-08 06:08:14,321 - mylogger - INFO - 0.0136347
2017-05-08 06:08:14,322 - mylogger - INFO - 2015-10-09: buy
2017-05-08 06:08:14,322 - mylogger - INFO - 67207.7220993
2017-05-08 06:08:14,786 - mylogger - INFO - -0.00334142
2017-05-08 06:08:14,786 - mylogger - INFO - 2015-10-12: sell
2017-05-08 06:08:15,114 - mylogger - INFO - -0.0145428
2017-05-08 06:08:15,115 - mylogger - INFO - 2015-10-13: sell
2017-05-08 06:08:15,447 - mylogger - INFO - -0.0067723
2017-05-08 06:08:15,447 - mylogger - INFO - 2015-10-14: sell
2017-05-08 06:08:15,863 - mylogger - INFO - -0.0138003
2017-05-08 06:08:15,863 - mylogger - INFO - 2015-10-15: sell
2017-05-08 06:08:16,180 - mylogger - INFO - -0.0137227
2017-05-08 06:08:16,181 - mylogger - INFO - 2015-10-16: sell
2017-05-08 06:08:16,499 - mylogger - INFO - -0.0157513
2017-05-08 06:08:16,499 - mylogger - INFO - 2015-10-19: No short!
2017-05-08 06:08:16,915 - mylogger - INFO - -0.0139151
2017-05-08 06:08:16,916 - mylogger - INFO - 2015-10-20: No short!
2017-05-08 06:08:17,227 - mylogger - INFO - -0.014092
2017-05-08 06:08:17,227 - mylogger - INFO - 2015-10-21: No short!
2017-05-08 06:08:17,548 - mylogger - INFO - -0.00932498
2017-05-08 06:08:17,549 - mylogger - INFO - 2015-10-22: No short!
2017-05-08 06:08:17,967 - mylogger - INFO - -0.00799987
2017-05-08 06:08:17,967 - mylogger - INFO - 2015-10-23: No short!
2017-05-08 06:08:18,301 - mylogger - INFO - -0.00565023
2017-05-08 06:08:18,302 - mylogger - INFO - 2015-10-26: No short!
2017-05-08 06:08:18,629 - mylogger - INFO - -0.000721397
2017-05-08 06:08:18,630 - mylogger - INFO - 2015-10-27: No short!
2017-05-08 06:08:19,060 - mylogger - INFO - -0.0206171
2017-05-08 06:08:19,060 - mylogger - INFO - 2015-10-28: No short!
2017-05-08 06:08:19,389 - mylogger - INFO - -0.00723947
2017-05-08 06:08:19,389 - mylogger - INFO - 2015-10-29: No short!
2017-05-08 06:08:19,709 - mylogger - INFO - -0.024657
2017-05-08 06:08:19,709 - mylogger - INFO - 2015-10-30: No short!
2017-05-08 06:08:20,034 - mylogger - INFO - 0.000648634
2017-05-08 06:08:20,035 - mylogger - INFO - 2015-11-02: hold
2017-05-08 06:08:20,467 - mylogger - INFO - 0.0138834
2017-05-08 06:08:20,468 - mylogger - INFO - 2015-11-03: buy
2017-05-08 06:08:20,468 - mylogger - INFO - 110363.429599
2017-05-08 06:08:20,795 - mylogger - INFO - -0.0258997
2017-05-08 06:08:20,796 - mylogger - INFO - 2015-11-04: sell
2017-05-08 06:08:21,115 - mylogger - INFO - -0.0242291
2017-05-08 06:08:21,116 - mylogger - INFO - 2015-11-05: No short!
2017-05-08 06:08:21,540 - mylogger - INFO - -0.025151
2017-05-08 06:08:21,540 - mylogger - INFO - 2015-11-06: No short!
2017-05-08 06:08:21,870 - mylogger - INFO - -0.0137781
2017-05-08 06:08:21,870 - mylogger - INFO - 2015-11-09: No short!
2017-05-08 06:08:22,191 - mylogger - INFO - -0.00665229
2017-05-08 06:08:22,192 - mylogger - INFO - 2015-11-10: No short!
2017-05-08 06:08:22,625 - mylogger - INFO - -0.0168499
2017-05-08 06:08:22,625 - mylogger - INFO - 2015-11-11: No short!
2017-05-08 06:08:22,955 - mylogger - INFO - -0.0270238
2017-05-08 06:08:22,956 - mylogger - INFO - 2015-11-12: No short!
2017-05-08 06:08:23,276 - mylogger - INFO - -0.0124254
2017-05-08 06:08:23,276 - mylogger - INFO - 2015-11-13: No short!
2017-05-08 06:08:23,694 - mylogger - INFO - -0.0203822
2017-05-08 06:08:23,694 - mylogger - INFO - 2015-11-16: No short!
2017-05-08 06:08:24,021 - mylogger - INFO - -0.00176865
2017-05-08 06:08:24,021 - mylogger - INFO - 2015-11-17: No short!
2017-05-08 06:08:24,344 - mylogger - INFO - -0.0180753
2017-05-08 06:08:24,345 - mylogger - INFO - 2015-11-18: No short!
2017-05-08 06:08:24,768 - mylogger - INFO - -0.0218122
2017-05-08 06:08:24,768 - mylogger - INFO - 2015-11-19: No short!
2017-05-08 06:08:25,092 - mylogger - INFO - -0.0120384
2017-05-08 06:08:25,092 - mylogger - INFO - 2015-11-20: No short!
2017-05-08 06:08:25,419 - mylogger - INFO - -0.0155421
2017-05-08 06:08:25,420 - mylogger - INFO - 2015-11-23: No short!
2017-05-08 06:08:25,738 - mylogger - INFO - -0.00050935
2017-05-08 06:08:25,738 - mylogger - INFO - 2015-11-24: No short!
2017-05-08 06:08:26,170 - mylogger - INFO - 0.00507562
2017-05-08 06:08:26,171 - mylogger - INFO - 2015-11-25: hold
2017-05-08 06:08:26,493 - mylogger - INFO - -0.0014312
2017-05-08 06:08:26,494 - mylogger - INFO - 2015-11-27: No short!
2017-05-08 06:08:26,824 - mylogger - INFO - -0.00426782
2017-05-08 06:08:26,825 - mylogger - INFO - 2015-11-30: No short!
2017-05-08 06:08:27,261 - mylogger - INFO - -0.00671161
2017-05-08 06:08:27,261 - mylogger - INFO - 2015-12-01: No short!
2017-05-08 06:08:27,580 - mylogger - INFO - -0.0123852
2017-05-08 06:08:27,580 - mylogger - INFO - 2015-12-02: No short!
2017-05-08 06:08:27,897 - mylogger - INFO - -0.00466421
2017-05-08 06:08:27,897 - mylogger - INFO - 2015-12-03: No short!
2017-05-08 06:08:28,310 - mylogger - INFO - 0.00984581
2017-05-08 06:08:28,311 - mylogger - INFO - 2015-12-04: hold
2017-05-08 06:08:28,621 - mylogger - INFO - 0.0053095
2017-05-08 06:08:28,622 - mylogger - INFO - 2015-12-07: hold
2017-05-08 06:08:28,941 - mylogger - INFO - 0.00367055
2017-05-08 06:08:28,941 - mylogger - INFO - 2015-12-08: hold
2017-05-08 06:08:29,358 - mylogger - INFO - 0.0094444
2017-05-08 06:08:29,358 - mylogger - INFO - 2015-12-09: hold
2017-05-08 06:08:29,682 - mylogger - INFO - 0.00400051
2017-05-08 06:08:29,682 - mylogger - INFO - 2015-12-10: hold
2017-05-08 06:08:30,007 - mylogger - INFO - 0.00225683
2017-05-08 06:08:30,008 - mylogger - INFO - 2015-12-11: hold
2017-05-08 06:08:30,328 - mylogger - INFO - 0.00200642
2017-05-08 06:08:30,328 - mylogger - INFO - 2015-12-14: hold
2017-05-08 06:08:30,766 - mylogger - INFO - -0.0147468
2017-05-08 06:08:30,766 - mylogger - INFO - 2015-12-15: No short!
2017-05-08 06:08:31,082 - mylogger - INFO - 0.00417715
2017-05-08 06:08:31,083 - mylogger - INFO - 2015-12-16: hold
2017-05-08 06:08:31,401 - mylogger - INFO - -0.0150406
2017-05-08 06:08:31,402 - mylogger - INFO - 2015-12-17: No short!
2017-05-08 06:08:31,810 - mylogger - INFO - -0.00882271
2017-05-08 06:08:31,811 - mylogger - INFO - 2015-12-18: No short!
2017-05-08 06:08:32,132 - mylogger - INFO - 0.00684647
2017-05-08 06:08:32,133 - mylogger - INFO - 2015-12-21: hold
2017-05-08 06:08:32,453 - mylogger - INFO - -0.00735912
2017-05-08 06:08:32,453 - mylogger - INFO - 2015-12-22: No short!
2017-05-08 06:08:32,872 - mylogger - INFO - 0.00439031
2017-05-08 06:08:32,872 - mylogger - INFO - 2015-12-23: hold
2017-05-08 06:08:33,188 - mylogger - INFO - 0.00272346
2017-05-08 06:08:33,188 - mylogger - INFO - 2015-12-24: hold
2017-05-08 06:08:33,506 - mylogger - INFO - -0.00137194
2017-05-08 06:08:33,506 - mylogger - INFO - 2015-12-28: No short!
2017-05-08 06:08:33,929 - mylogger - INFO - -0.00917095
2017-05-08 06:08:33,929 - mylogger - INFO - 2015-12-29: No short!
2017-05-08 06:08:34,258 - mylogger - INFO - 0.00269413
2017-05-08 06:08:34,259 - mylogger - INFO - 2015-12-30: hold
2017-05-08 06:08:34,589 - mylogger - INFO - -0.00745351
2017-05-08 06:08:34,589 - mylogger - INFO - 2015-12-31: No short!
2017-05-08 06:08:35,253 - mylogger - INFO - Total profit and loss: 0.103068853993
2017-05-08 06:08:35,283 - mylogger - INFO - Hit table:
2017-05-08 06:08:35,283 - mylogger - INFO - Date          signal  hit/miss
2017-05-08 06:08:35,284 - mylogger - INFO - 2014-01-02    hold    miss
2017-05-08 06:08:35,284 - mylogger - INFO - 2014-01-03    hold    hit
2017-05-08 06:08:35,284 - mylogger - INFO - 2014-01-06    hold    miss
2017-05-08 06:08:35,284 - mylogger - INFO - 2014-01-07    hold    hit
2017-05-08 06:08:35,284 - mylogger - INFO - 2014-01-08    hold    miss
2017-05-08 06:08:35,284 - mylogger - INFO - 2014-01-09    hold    miss
2017-05-08 06:08:35,285 - mylogger - INFO - 2014-01-10    hold    hit
2017-05-08 06:08:35,285 - mylogger - INFO - 2014-01-13    buy     hit
2017-05-08 06:08:35,285 - mylogger - INFO - 2014-01-14    sell    miss
2017-05-08 06:08:35,285 - mylogger - INFO - 2014-01-15    hold    miss
2017-05-08 06:08:35,285 - mylogger - INFO - 2014-01-16    hold    miss
2017-05-08 06:08:35,285 - mylogger - INFO - 2014-01-17    hold    miss
2017-05-08 06:08:35,286 - mylogger - INFO - 2014-01-21    hold    hit
2017-05-08 06:08:35,286 - mylogger - INFO - 2014-01-22    hold    hit
2017-05-08 06:08:35,286 - mylogger - INFO - 2014-01-23    hold    miss
2017-05-08 06:08:35,286 - mylogger - INFO - 2014-01-24    hold    hit
2017-05-08 06:08:35,286 - mylogger - INFO - 2014-01-27    hold    miss
2017-05-08 06:08:35,286 - mylogger - INFO - 2014-01-28    hold    miss
2017-05-08 06:08:35,287 - mylogger - INFO - 2014-01-29    hold    miss
2017-05-08 06:08:35,287 - mylogger - INFO - 2014-01-30    hold    hit
2017-05-08 06:08:35,287 - mylogger - INFO - 2014-01-31    buy     miss
2017-05-08 06:08:35,287 - mylogger - INFO - 2014-02-03    sell    miss
2017-05-08 06:08:35,287 - mylogger - INFO - 2014-02-04    hold    hit
2017-05-08 06:08:35,288 - mylogger - INFO - 2014-02-05    hold    hit
2017-05-08 06:08:35,288 - mylogger - INFO - 2014-02-06    buy     hit
2017-05-08 06:08:35,288 - mylogger - INFO - 2014-02-07    hold    miss
2017-05-08 06:08:35,288 - mylogger - INFO - 2014-02-10    buy     hit
2017-05-08 06:08:35,288 - mylogger - INFO - 2014-02-11    hold    miss
2017-05-08 06:08:35,289 - mylogger - INFO - 2014-02-12    hold    miss
2017-05-08 06:08:35,289 - mylogger - INFO - 2014-02-13    sell    hit
2017-05-08 06:08:35,291 - mylogger - INFO - 2014-02-14    sell    miss
2017-05-08 06:08:35,291 - mylogger - INFO - 2014-02-18    hold    miss
2017-05-08 06:08:35,292 - mylogger - INFO - 2014-02-19    hold    miss
2017-05-08 06:08:35,292 - mylogger - INFO - 2014-02-20    hold    miss
2017-05-08 06:08:35,292 - mylogger - INFO - 2014-02-21    hold    hit
2017-05-08 06:08:35,293 - mylogger - INFO - 2014-02-24    hold    miss
2017-05-08 06:08:35,293 - mylogger - INFO - 2014-02-25    hold    miss
2017-05-08 06:08:35,293 - mylogger - INFO - 2014-02-26    hold    miss
2017-05-08 06:08:35,293 - mylogger - INFO - 2014-02-27    hold    miss
2017-05-08 06:08:35,294 - mylogger - INFO - 2014-02-28    hold    hit
2017-05-08 06:08:35,294 - mylogger - INFO - 2014-03-03    hold    hit
2017-05-08 06:08:35,294 - mylogger - INFO - 2014-03-04    hold    hit
2017-05-08 06:08:35,294 - mylogger - INFO - 2014-03-05    hold    miss
2017-05-08 06:08:35,294 - mylogger - INFO - 2014-03-06    hold    miss
2017-05-08 06:08:35,295 - mylogger - INFO - 2014-03-07    hold    hit
2017-05-08 06:08:35,295 - mylogger - INFO - 2014-03-10    hold    hit
2017-05-08 06:08:35,295 - mylogger - INFO - 2014-03-11    hold    hit
2017-05-08 06:08:35,295 - mylogger - INFO - 2014-03-12    hold    miss
2017-05-08 06:08:35,295 - mylogger - INFO - 2014-03-13    hold    miss
2017-05-08 06:08:35,296 - mylogger - INFO - 2014-03-14    hold    hit
2017-05-08 06:08:35,296 - mylogger - INFO - 2014-03-17    hold    hit
2017-05-08 06:08:35,296 - mylogger - INFO - 2014-03-18    hold    miss
2017-05-08 06:08:35,296 - mylogger - INFO - 2014-03-19    hold    miss
2017-05-08 06:08:35,296 - mylogger - INFO - 2014-03-20    hold    hit
2017-05-08 06:08:35,297 - mylogger - INFO - 2014-03-21    hold    miss
2017-05-08 06:08:35,297 - mylogger - INFO - 2014-03-24    hold    miss
2017-05-08 06:08:35,297 - mylogger - INFO - 2014-03-25    hold    miss
2017-05-08 06:08:35,297 - mylogger - INFO - 2014-03-26    hold    miss
2017-05-08 06:08:35,297 - mylogger - INFO - 2014-03-27    hold    miss
2017-05-08 06:08:35,297 - mylogger - INFO - 2014-03-28    hold    miss
2017-05-08 06:08:35,297 - mylogger - INFO - 2014-03-31    hold    hit
2017-05-08 06:08:35,298 - mylogger - INFO - 2014-04-01    hold    hit
2017-05-08 06:08:35,298 - mylogger - INFO - 2014-04-02    hold    miss
2017-05-08 06:08:35,298 - mylogger - INFO - 2014-04-03    hold    miss
2017-05-08 06:08:35,298 - mylogger - INFO - 2014-04-04    hold    miss
2017-05-08 06:08:35,298 - mylogger - INFO - 2014-04-07    hold    miss
2017-05-08 06:08:35,298 - mylogger - INFO - 2014-04-08    hold    miss
2017-05-08 06:08:35,298 - mylogger - INFO - 2014-04-09    hold    miss
2017-05-08 06:08:35,299 - mylogger - INFO - 2014-04-10    hold    miss
2017-05-08 06:08:35,299 - mylogger - INFO - 2014-04-11    hold    hit
2017-05-08 06:08:35,299 - mylogger - INFO - 2014-04-14    hold    miss
2017-05-08 06:08:35,299 - mylogger - INFO - 2014-04-15    hold    hit
2017-05-08 06:08:35,299 - mylogger - INFO - 2014-04-16    hold    miss
2017-05-08 06:08:35,300 - mylogger - INFO - 2014-04-17    hold    miss
2017-05-08 06:08:35,300 - mylogger - INFO - 2014-04-21    buy     miss
2017-05-08 06:08:35,300 - mylogger - INFO - 2014-04-22    hold    miss
2017-05-08 06:08:35,300 - mylogger - INFO - 2014-04-23    sell    miss
2017-05-08 06:08:35,300 - mylogger - INFO - 2014-04-24    hold    hit
2017-05-08 06:08:35,300 - mylogger - INFO - 2014-04-25    hold    miss
2017-05-08 06:08:35,300 - mylogger - INFO - 2014-04-28    buy     miss
2017-05-08 06:08:35,301 - mylogger - INFO - 2014-04-29    sell    hit
2017-05-08 06:08:35,301 - mylogger - INFO - 2014-04-30    hold    hit
2017-05-08 06:08:35,301 - mylogger - INFO - 2014-05-01    hold    hit
2017-05-08 06:08:35,301 - mylogger - INFO - 2014-05-02    hold    miss
2017-05-08 06:08:35,301 - mylogger - INFO - 2014-05-05    hold    miss
2017-05-08 06:08:35,301 - mylogger - INFO - 2014-05-06    hold    miss
2017-05-08 06:08:35,301 - mylogger - INFO - 2014-05-07    hold    miss
2017-05-08 06:08:35,301 - mylogger - INFO - 2014-05-08    hold    miss
2017-05-08 06:08:35,302 - mylogger - INFO - 2014-05-09    hold    miss
2017-05-08 06:08:35,302 - mylogger - INFO - 2014-05-12    hold    hit
2017-05-08 06:08:35,302 - mylogger - INFO - 2014-05-13    hold    hit
2017-05-08 06:08:35,302 - mylogger - INFO - 2014-05-14    hold    miss
2017-05-08 06:08:35,302 - mylogger - INFO - 2014-05-15    hold    miss
2017-05-08 06:08:35,302 - mylogger - INFO - 2014-05-16    hold    miss
2017-05-08 06:08:35,302 - mylogger - INFO - 2014-05-19    hold    hit
2017-05-08 06:08:35,302 - mylogger - INFO - 2014-05-20    hold    hit
2017-05-08 06:08:35,303 - mylogger - INFO - 2014-05-21    hold    hit
2017-05-08 06:08:35,303 - mylogger - INFO - 2014-05-22    hold    miss
2017-05-08 06:08:35,303 - mylogger - INFO - 2014-05-23    hold    miss
2017-05-08 06:08:35,303 - mylogger - INFO - 2014-05-27    hold    miss
2017-05-08 06:08:35,303 - mylogger - INFO - 2014-05-28    hold    miss
2017-05-08 06:08:35,303 - mylogger - INFO - 2014-05-29    buy     miss
2017-05-08 06:08:35,303 - mylogger - INFO - 2014-05-30    hold    miss
2017-05-08 06:08:35,303 - mylogger - INFO - 2014-06-02    buy     hit
2017-05-08 06:08:35,304 - mylogger - INFO - 2014-06-03    buy     hit
2017-05-08 06:08:35,304 - mylogger - INFO - 2014-06-04    sell    miss
2017-05-08 06:08:35,305 - mylogger - INFO - 2014-06-05    hold    miss
2017-05-08 06:08:35,306 - mylogger - INFO - 2014-06-06    sell    miss
2017-05-08 06:08:35,307 - mylogger - INFO - 2014-06-09    sell    miss
2017-05-08 06:08:35,308 - mylogger - INFO - 2014-06-10    hold    miss
2017-05-08 06:08:35,308 - mylogger - INFO - 2014-06-11    hold    miss
2017-05-08 06:08:35,308 - mylogger - INFO - 2014-06-12    hold    miss
2017-05-08 06:08:35,308 - mylogger - INFO - 2014-06-13    buy     hit
2017-05-08 06:08:35,309 - mylogger - INFO - 2014-06-16    sell    hit
2017-05-08 06:08:35,309 - mylogger - INFO - 2014-06-17    buy     miss
2017-05-08 06:08:35,309 - mylogger - INFO - 2014-06-18    sell    hit
2017-05-08 06:08:35,309 - mylogger - INFO - 2014-06-19    hold    miss
2017-05-08 06:08:35,309 - mylogger - INFO - 2014-06-20    hold    miss
2017-05-08 06:08:35,309 - mylogger - INFO - 2014-06-23    hold    miss
2017-05-08 06:08:35,310 - mylogger - INFO - 2014-06-24    hold    hit
2017-05-08 06:08:35,310 - mylogger - INFO - 2014-06-25    hold    hit
2017-05-08 06:08:35,310 - mylogger - INFO - 2014-06-26    hold    miss
2017-05-08 06:08:35,310 - mylogger - INFO - 2014-06-27    hold    miss
2017-05-08 06:08:35,310 - mylogger - INFO - 2014-06-30    buy     miss
2017-05-08 06:08:35,310 - mylogger - INFO - 2014-07-01    buy     miss
2017-05-08 06:08:35,311 - mylogger - INFO - 2014-07-02    hold    hit
2017-05-08 06:08:35,311 - mylogger - INFO - 2014-07-03    hold    miss
2017-05-08 06:08:35,311 - mylogger - INFO - 2014-07-07    sell    hit
2017-05-08 06:08:35,311 - mylogger - INFO - 2014-07-08    sell    miss
2017-05-08 06:08:35,311 - mylogger - INFO - 2014-07-09    hold    miss
2017-05-08 06:08:35,311 - mylogger - INFO - 2014-07-10    hold    hit
2017-05-08 06:08:35,312 - mylogger - INFO - 2014-07-11    hold    miss
2017-05-08 06:08:35,312 - mylogger - INFO - 2014-07-14    hold    miss
2017-05-08 06:08:35,312 - mylogger - INFO - 2014-07-15    hold    miss
2017-05-08 06:08:35,312 - mylogger - INFO - 2014-07-16    hold    miss
2017-05-08 06:08:35,312 - mylogger - INFO - 2014-07-17    hold    miss
2017-05-08 06:08:35,312 - mylogger - INFO - 2014-07-18    hold    miss
2017-05-08 06:08:35,313 - mylogger - INFO - 2014-07-21    hold    hit
2017-05-08 06:08:35,313 - mylogger - INFO - 2014-07-22    hold    miss
2017-05-08 06:08:35,313 - mylogger - INFO - 2014-07-23    hold    miss
2017-05-08 06:08:35,313 - mylogger - INFO - 2014-07-24    hold    hit
2017-05-08 06:08:35,313 - mylogger - INFO - 2014-07-25    hold    miss
2017-05-08 06:08:35,313 - mylogger - INFO - 2014-07-28    hold    miss
2017-05-08 06:08:35,314 - mylogger - INFO - 2014-07-29    hold    miss
2017-05-08 06:08:35,314 - mylogger - INFO - 2014-07-30    hold    miss
2017-05-08 06:08:35,314 - mylogger - INFO - 2014-07-31    hold    hit
2017-05-08 06:08:35,314 - mylogger - INFO - 2014-08-01    hold    miss
2017-05-08 06:08:35,314 - mylogger - INFO - 2014-08-04    hold    miss
2017-05-08 06:08:35,314 - mylogger - INFO - 2014-08-05    hold    miss
2017-05-08 06:08:35,315 - mylogger - INFO - 2014-08-06    hold    miss
2017-05-08 06:08:35,315 - mylogger - INFO - 2014-08-07    hold    hit
2017-05-08 06:08:35,315 - mylogger - INFO - 2014-08-08    hold    miss
2017-05-08 06:08:35,315 - mylogger - INFO - 2014-08-11    hold    miss
2017-05-08 06:08:35,315 - mylogger - INFO - 2014-08-12    hold    miss
2017-05-08 06:08:35,315 - mylogger - INFO - 2014-08-13    buy     miss
2017-05-08 06:08:35,316 - mylogger - INFO - 2014-08-14    buy     miss
2017-05-08 06:08:35,316 - mylogger - INFO - 2014-08-15    hold    miss
2017-05-08 06:08:35,316 - mylogger - INFO - 2014-08-18    buy     hit
2017-05-08 06:08:35,316 - mylogger - INFO - 2014-08-19    hold    hit
2017-05-08 06:08:35,316 - mylogger - INFO - 2014-08-20    buy     miss
2017-05-08 06:08:35,316 - mylogger - INFO - 2014-08-21    hold    hit
2017-05-08 06:08:35,317 - mylogger - INFO - 2014-08-22    hold    hit
2017-05-08 06:08:35,317 - mylogger - INFO - 2014-08-25    hold    miss
2017-05-08 06:08:35,317 - mylogger - INFO - 2014-08-26    sell    miss
2017-05-08 06:08:35,317 - mylogger - INFO - 2014-08-27    sell    miss
2017-05-08 06:08:35,317 - mylogger - INFO - 2014-08-28    sell    miss
2017-05-08 06:08:35,317 - mylogger - INFO - 2014-08-29    sell    miss
2017-05-08 06:08:35,318 - mylogger - INFO - 2014-09-02    hold    miss
2017-05-08 06:08:35,318 - mylogger - INFO - 2014-09-03    hold    miss
2017-05-08 06:08:35,318 - mylogger - INFO - 2014-09-04    hold    hit
2017-05-08 06:08:35,318 - mylogger - INFO - 2014-09-05    hold    miss
2017-05-08 06:08:35,318 - mylogger - INFO - 2014-09-08    hold    miss
2017-05-08 06:08:35,318 - mylogger - INFO - 2014-09-09    hold    miss
2017-05-08 06:08:35,319 - mylogger - INFO - 2014-09-10    hold    hit
2017-05-08 06:08:35,319 - mylogger - INFO - 2014-09-11    hold    hit
2017-05-08 06:08:35,319 - mylogger - INFO - 2014-09-12    hold    miss
2017-05-08 06:08:35,319 - mylogger - INFO - 2014-09-15    hold    miss
2017-05-08 06:08:35,319 - mylogger - INFO - 2014-09-16    hold    hit
2017-05-08 06:08:35,320 - mylogger - INFO - 2014-09-17    hold    hit
2017-05-08 06:08:35,320 - mylogger - INFO - 2014-09-18    hold    miss
2017-05-08 06:08:35,321 - mylogger - INFO - 2014-09-19    hold    hit
2017-05-08 06:08:35,323 - mylogger - INFO - 2014-09-22    hold    miss
2017-05-08 06:08:35,324 - mylogger - INFO - 2014-09-23    hold    miss
2017-05-08 06:08:35,325 - mylogger - INFO - 2014-09-24    hold    miss
2017-05-08 06:08:35,325 - mylogger - INFO - 2014-09-25    hold    miss
2017-05-08 06:08:35,326 - mylogger - INFO - 2014-09-26    hold    miss
2017-05-08 06:08:35,326 - mylogger - INFO - 2014-09-29    hold    hit
2017-05-08 06:08:35,327 - mylogger - INFO - 2014-09-30    hold    miss
2017-05-08 06:08:35,328 - mylogger - INFO - 2014-10-01    hold    hit
2017-05-08 06:08:35,328 - mylogger - INFO - 2014-10-02    hold    miss
2017-05-08 06:08:35,329 - mylogger - INFO - 2014-10-03    hold    miss
2017-05-08 06:08:35,329 - mylogger - INFO - 2014-10-06    hold    miss
2017-05-08 06:08:35,330 - mylogger - INFO - 2014-10-07    hold    miss
2017-05-08 06:08:35,330 - mylogger - INFO - 2014-10-08    hold    hit
2017-05-08 06:08:35,331 - mylogger - INFO - 2014-10-09    hold    miss
2017-05-08 06:08:35,331 - mylogger - INFO - 2014-10-10    hold    miss
2017-05-08 06:08:35,331 - mylogger - INFO - 2014-10-13    hold    miss
2017-05-08 06:08:35,331 - mylogger - INFO - 2014-10-14    hold    miss
2017-05-08 06:08:35,331 - mylogger - INFO - 2014-10-15    hold    miss
2017-05-08 06:08:35,331 - mylogger - INFO - 2014-10-16    hold    miss
2017-05-08 06:08:35,332 - mylogger - INFO - 2014-10-17    hold    miss
2017-05-08 06:08:35,332 - mylogger - INFO - 2014-10-20    hold    miss
2017-05-08 06:08:35,332 - mylogger - INFO - 2014-10-21    buy     miss
2017-05-08 06:08:35,333 - mylogger - INFO - 2014-10-22    sell    miss
2017-05-08 06:08:35,333 - mylogger - INFO - 2014-10-23    hold    hit
2017-05-08 06:08:35,333 - mylogger - INFO - 2014-10-24    hold    miss
2017-05-08 06:08:35,334 - mylogger - INFO - 2014-10-27    buy     hit
2017-05-08 06:08:35,334 - mylogger - INFO - 2014-10-28    buy     miss
2017-05-08 06:08:35,335 - mylogger - INFO - 2014-10-29    sell    hit
2017-05-08 06:08:35,335 - mylogger - INFO - 2014-10-30    hold    hit
2017-05-08 06:08:35,335 - mylogger - INFO - 2014-10-31    sell    miss
2017-05-08 06:08:35,336 - mylogger - INFO - 2014-11-03    hold    miss
2017-05-08 06:08:35,336 - mylogger - INFO - 2014-11-04    hold    hit
2017-05-08 06:08:35,337 - mylogger - INFO - 2014-11-05    hold    hit
2017-05-08 06:08:35,337 - mylogger - INFO - 2014-11-06    hold    hit
2017-05-08 06:08:35,337 - mylogger - INFO - 2014-11-07    buy     miss
2017-05-08 06:08:35,338 - mylogger - INFO - 2014-11-10    sell    miss
2017-05-08 06:08:35,338 - mylogger - INFO - 2014-11-11    hold    miss
2017-05-08 06:08:35,339 - mylogger - INFO - 2014-11-12    hold    miss
2017-05-08 06:08:35,339 - mylogger - INFO - 2014-11-13    hold    miss
2017-05-08 06:08:35,339 - mylogger - INFO - 2014-11-14    hold    miss
2017-05-08 06:08:35,339 - mylogger - INFO - 2014-11-17    hold    miss
2017-05-08 06:08:35,340 - mylogger - INFO - 2014-11-18    hold    miss
2017-05-08 06:08:35,340 - mylogger - INFO - 2014-11-19    hold    miss
2017-05-08 06:08:35,341 - mylogger - INFO - 2014-11-20    hold    hit
2017-05-08 06:08:35,341 - mylogger - INFO - 2014-11-21    hold    miss
2017-05-08 06:08:35,341 - mylogger - INFO - 2014-11-24    hold    miss
2017-05-08 06:08:35,342 - mylogger - INFO - 2014-11-25    hold    miss
2017-05-08 06:08:35,342 - mylogger - INFO - 2014-11-26    hold    miss
2017-05-08 06:08:35,343 - mylogger - INFO - 2014-11-28    hold    miss
2017-05-08 06:08:35,343 - mylogger - INFO - 2014-12-01    hold    miss
2017-05-08 06:08:35,344 - mylogger - INFO - 2014-12-02    hold    miss
2017-05-08 06:08:35,344 - mylogger - INFO - 2014-12-03    hold    miss
2017-05-08 06:08:35,344 - mylogger - INFO - 2014-12-04    hold    miss
2017-05-08 06:08:35,345 - mylogger - INFO - 2014-12-05    hold    miss
2017-05-08 06:08:35,345 - mylogger - INFO - 2014-12-08    hold    miss
2017-05-08 06:08:35,345 - mylogger - INFO - 2014-12-09    hold    miss
2017-05-08 06:08:35,345 - mylogger - INFO - 2014-12-10    hold    miss
2017-05-08 06:08:35,345 - mylogger - INFO - 2014-12-11    hold    miss
2017-05-08 06:08:35,345 - mylogger - INFO - 2014-12-12    hold    miss
2017-05-08 06:08:35,346 - mylogger - INFO - 2014-12-15    hold    miss
2017-05-08 06:08:35,346 - mylogger - INFO - 2014-12-16    hold    miss
2017-05-08 06:08:35,346 - mylogger - INFO - 2014-12-17    hold    miss
2017-05-08 06:08:35,346 - mylogger - INFO - 2014-12-18    hold    miss
2017-05-08 06:08:35,346 - mylogger - INFO - 2014-12-19    buy     hit
2017-05-08 06:08:35,346 - mylogger - INFO - 2014-12-22    buy     miss
2017-05-08 06:08:35,346 - mylogger - INFO - 2014-12-23    buy     miss
2017-05-08 06:08:35,346 - mylogger - INFO - 2014-12-24    buy     hit
2017-05-08 06:08:35,347 - mylogger - INFO - 2014-12-26    hold    miss
2017-05-08 06:08:35,347 - mylogger - INFO - 2014-12-29    buy     miss
2017-05-08 06:08:35,347 - mylogger - INFO - 2014-12-30    buy     miss
2017-05-08 06:08:35,347 - mylogger - INFO - 2014-12-31    buy     miss
2017-05-08 06:08:35,347 - mylogger - INFO - 2015-01-02    sell    hit
2017-05-08 06:08:35,347 - mylogger - INFO - 2015-01-05    sell    miss
2017-05-08 06:08:35,347 - mylogger - INFO - 2015-01-06    buy     hit
2017-05-08 06:08:35,347 - mylogger - INFO - 2015-01-07    hold    miss
2017-05-08 06:08:35,348 - mylogger - INFO - 2015-01-08    buy     miss
2017-05-08 06:08:35,348 - mylogger - INFO - 2015-01-09    sell    hit
2017-05-08 06:08:35,348 - mylogger - INFO - 2015-01-12    buy     miss
2017-05-08 06:08:35,348 - mylogger - INFO - 2015-01-13    buy     miss
2017-05-08 06:08:35,348 - mylogger - INFO - 2015-01-14    sell    hit
2017-05-08 06:08:35,348 - mylogger - INFO - 2015-01-15    hold    miss
2017-05-08 06:08:35,349 - mylogger - INFO - 2015-01-16    hold    miss
2017-05-08 06:08:35,349 - mylogger - INFO - 2015-01-20    sell    miss
2017-05-08 06:08:35,349 - mylogger - INFO - 2015-01-21    hold    miss
2017-05-08 06:08:35,349 - mylogger - INFO - 2015-01-22    hold    hit
2017-05-08 06:08:35,349 - mylogger - INFO - 2015-01-23    buy     miss
2017-05-08 06:08:35,349 - mylogger - INFO - 2015-01-26    buy     miss
2017-05-08 06:08:35,349 - mylogger - INFO - 2015-01-27    hold    miss
2017-05-08 06:08:35,350 - mylogger - INFO - 2015-01-28    hold    miss
2017-05-08 06:08:35,350 - mylogger - INFO - 2015-01-29    buy     miss
2017-05-08 06:08:35,350 - mylogger - INFO - 2015-01-30    hold    miss
2017-05-08 06:08:35,350 - mylogger - INFO - 2015-02-02    hold    hit
2017-05-08 06:08:35,350 - mylogger - INFO - 2015-02-03    hold    hit
2017-05-08 06:08:35,350 - mylogger - INFO - 2015-02-04    hold    hit
2017-05-08 06:08:35,350 - mylogger - INFO - 2015-02-05    hold    miss
2017-05-08 06:08:35,350 - mylogger - INFO - 2015-02-06    hold    hit
2017-05-08 06:08:35,351 - mylogger - INFO - 2015-02-09    sell    miss
2017-05-08 06:08:35,351 - mylogger - INFO - 2015-02-10    buy     hit
2017-05-08 06:08:35,351 - mylogger - INFO - 2015-02-11    hold    miss
2017-05-08 06:08:35,351 - mylogger - INFO - 2015-02-12    hold    hit
2017-05-08 06:08:35,351 - mylogger - INFO - 2015-02-13    hold    hit
2017-05-08 06:08:35,351 - mylogger - INFO - 2015-02-17    hold    hit
2017-05-08 06:08:35,351 - mylogger - INFO - 2015-02-18    hold    miss
2017-05-08 06:08:35,351 - mylogger - INFO - 2015-02-19    hold    hit
2017-05-08 06:08:35,352 - mylogger - INFO - 2015-02-20    hold    miss
2017-05-08 06:08:35,352 - mylogger - INFO - 2015-02-23    hold    miss
2017-05-08 06:08:35,352 - mylogger - INFO - 2015-02-24    hold    miss
2017-05-08 06:08:35,352 - mylogger - INFO - 2015-02-25    hold    miss
2017-05-08 06:08:35,352 - mylogger - INFO - 2015-02-26    hold    miss
2017-05-08 06:08:35,352 - mylogger - INFO - 2015-02-27    hold    hit
2017-05-08 06:08:35,353 - mylogger - INFO - 2015-03-02    hold    hit
2017-05-08 06:08:35,353 - mylogger - INFO - 2015-03-03    hold    miss
2017-05-08 06:08:35,353 - mylogger - INFO - 2015-03-04    hold    miss
2017-05-08 06:08:35,356 - mylogger - INFO - 2015-03-05    sell    miss
2017-05-08 06:08:35,357 - mylogger - INFO - 2015-03-06    sell    miss
2017-05-08 06:08:35,357 - mylogger - INFO - 2015-03-09    hold    miss
2017-05-08 06:08:35,357 - mylogger - INFO - 2015-03-10    sell    hit
2017-05-08 06:08:35,357 - mylogger - INFO - 2015-03-11    sell    miss
2017-05-08 06:08:35,357 - mylogger - INFO - 2015-03-12    sell    hit
2017-05-08 06:08:35,358 - mylogger - INFO - 2015-03-13    sell    miss
2017-05-08 06:08:35,358 - mylogger - INFO - 2015-03-16    sell    miss
2017-05-08 06:08:35,358 - mylogger - INFO - 2015-03-17    sell    miss
2017-05-08 06:08:35,358 - mylogger - INFO - 2015-03-18    sell    hit
2017-05-08 06:08:35,358 - mylogger - INFO - 2015-03-19    hold    miss
2017-05-08 06:08:35,358 - mylogger - INFO - 2015-03-20    hold    miss
2017-05-08 06:08:35,359 - mylogger - INFO - 2015-03-23    hold    miss
2017-05-08 06:08:35,359 - mylogger - INFO - 2015-03-24    hold    miss
2017-05-08 06:08:35,359 - mylogger - INFO - 2015-03-25    hold    hit
2017-05-08 06:08:35,359 - mylogger - INFO - 2015-03-26    hold    miss
2017-05-08 06:08:35,359 - mylogger - INFO - 2015-03-27    hold    miss
2017-05-08 06:08:35,359 - mylogger - INFO - 2015-03-30    buy     miss
2017-05-08 06:08:35,360 - mylogger - INFO - 2015-03-31    sell    hit
2017-05-08 06:08:35,360 - mylogger - INFO - 2015-04-01    hold    hit
2017-05-08 06:08:35,360 - mylogger - INFO - 2015-04-02    hold    miss
2017-05-08 06:08:35,360 - mylogger - INFO - 2015-04-06    hold    miss
2017-05-08 06:08:35,360 - mylogger - INFO - 2015-04-07    buy     miss
2017-05-08 06:08:35,360 - mylogger - INFO - 2015-04-08    sell    miss
2017-05-08 06:08:35,360 - mylogger - INFO - 2015-04-09    hold    hit
2017-05-08 06:08:35,361 - mylogger - INFO - 2015-04-10    buy     miss
2017-05-08 06:08:35,361 - mylogger - INFO - 2015-04-13    hold    miss
2017-05-08 06:08:35,361 - mylogger - INFO - 2015-04-14    sell    miss
2017-05-08 06:08:35,361 - mylogger - INFO - 2015-04-15    hold    miss
2017-05-08 06:08:35,361 - mylogger - INFO - 2015-04-16    hold    miss
2017-05-08 06:08:35,361 - mylogger - INFO - 2015-04-17    hold    miss
2017-05-08 06:08:35,362 - mylogger - INFO - 2015-04-20    hold    miss
2017-05-08 06:08:35,362 - mylogger - INFO - 2015-04-21    hold    miss
2017-05-08 06:08:35,362 - mylogger - INFO - 2015-04-22    hold    hit
2017-05-08 06:08:35,362 - mylogger - INFO - 2015-04-23    hold    hit
2017-05-08 06:08:35,362 - mylogger - INFO - 2015-04-24    hold    miss
2017-05-08 06:08:35,362 - mylogger - INFO - 2015-04-27    buy     miss
2017-05-08 06:08:35,363 - mylogger - INFO - 2015-04-28    hold    miss
2017-05-08 06:08:35,363 - mylogger - INFO - 2015-04-29    hold    miss
2017-05-08 06:08:35,363 - mylogger - INFO - 2015-04-30    hold    miss
2017-05-08 06:08:35,363 - mylogger - INFO - 2015-05-01    sell    hit
2017-05-08 06:08:35,363 - mylogger - INFO - 2015-05-04    hold    miss
2017-05-08 06:08:35,363 - mylogger - INFO - 2015-05-05    hold    miss
2017-05-08 06:08:35,363 - mylogger - INFO - 2015-05-06    hold    hit
2017-05-08 06:08:35,364 - mylogger - INFO - 2015-05-07    hold    miss
2017-05-08 06:08:35,364 - mylogger - INFO - 2015-05-08    hold    miss
2017-05-08 06:08:35,364 - mylogger - INFO - 2015-05-11    hold    miss
2017-05-08 06:08:35,364 - mylogger - INFO - 2015-05-12    hold    hit
2017-05-08 06:08:35,364 - mylogger - INFO - 2015-05-13    hold    miss
2017-05-08 06:08:35,364 - mylogger - INFO - 2015-05-14    hold    miss
2017-05-08 06:08:35,365 - mylogger - INFO - 2015-05-15    hold    miss
2017-05-08 06:08:35,365 - mylogger - INFO - 2015-05-18    hold    miss
2017-05-08 06:08:35,365 - mylogger - INFO - 2015-05-19    hold    miss
2017-05-08 06:08:35,365 - mylogger - INFO - 2015-05-20    hold    miss
2017-05-08 06:08:35,365 - mylogger - INFO - 2015-05-21    hold    hit
2017-05-08 06:08:35,365 - mylogger - INFO - 2015-05-22    hold    miss
2017-05-08 06:08:35,366 - mylogger - INFO - 2015-05-26    hold    miss
2017-05-08 06:08:35,366 - mylogger - INFO - 2015-05-27    buy     miss
2017-05-08 06:08:35,366 - mylogger - INFO - 2015-05-28    hold    miss
2017-05-08 06:08:35,366 - mylogger - INFO - 2015-05-29    hold    hit
2017-05-08 06:08:35,366 - mylogger - INFO - 2015-06-01    sell    hit
2017-05-08 06:08:35,366 - mylogger - INFO - 2015-06-02    hold    hit
2017-05-08 06:08:35,366 - mylogger - INFO - 2015-06-03    hold    miss
2017-05-08 06:08:35,367 - mylogger - INFO - 2015-06-04    hold    miss
2017-05-08 06:08:35,367 - mylogger - INFO - 2015-06-05    hold    miss
2017-05-08 06:08:35,367 - mylogger - INFO - 2015-06-08    hold    miss
2017-05-08 06:08:35,367 - mylogger - INFO - 2015-06-09    hold    miss
2017-05-08 06:08:35,367 - mylogger - INFO - 2015-06-10    hold    miss
2017-05-08 06:08:35,367 - mylogger - INFO - 2015-06-11    buy     miss
2017-05-08 06:08:35,368 - mylogger - INFO - 2015-06-12    hold    miss
2017-05-08 06:08:35,368 - mylogger - INFO - 2015-06-15    buy     miss
2017-05-08 06:08:35,368 - mylogger - INFO - 2015-06-16    buy     miss
2017-05-08 06:08:35,369 - mylogger - INFO - 2015-06-17    sell    miss
2017-05-08 06:08:35,369 - mylogger - INFO - 2015-06-18    buy     miss
2017-05-08 06:08:35,370 - mylogger - INFO - 2015-06-19    hold    hit
2017-05-08 06:08:35,370 - mylogger - INFO - 2015-06-22    sell    hit
2017-05-08 06:08:35,370 - mylogger - INFO - 2015-06-23    hold    hit
2017-05-08 06:08:35,370 - mylogger - INFO - 2015-06-24    hold    miss
2017-05-08 06:08:35,371 - mylogger - INFO - 2015-06-25    sell    hit
2017-05-08 06:08:35,371 - mylogger - INFO - 2015-06-26    sell    hit
2017-05-08 06:08:35,371 - mylogger - INFO - 2015-06-29    hold    hit
2017-05-08 06:08:35,371 - mylogger - INFO - 2015-06-30    buy     miss
2017-05-08 06:08:35,371 - mylogger - INFO - 2015-07-01    buy     miss
2017-05-08 06:08:35,372 - mylogger - INFO - 2015-07-02    buy     miss
2017-05-08 06:08:35,372 - mylogger - INFO - 2015-07-06    hold    miss
2017-05-08 06:08:35,372 - mylogger - INFO - 2015-07-07    sell    hit
2017-05-08 06:08:35,372 - mylogger - INFO - 2015-07-08    sell    hit
2017-05-08 06:08:35,373 - mylogger - INFO - 2015-07-09    sell    miss
2017-05-08 06:08:35,373 - mylogger - INFO - 2015-07-10    hold    miss
2017-05-08 06:08:35,373 - mylogger - INFO - 2015-07-13    hold    miss
2017-05-08 06:08:35,373 - mylogger - INFO - 2015-07-14    buy     miss
2017-05-08 06:08:35,373 - mylogger - INFO - 2015-07-15    hold    miss
2017-05-08 06:08:35,374 - mylogger - INFO - 2015-07-16    sell    miss
2017-05-08 06:08:35,374 - mylogger - INFO - 2015-07-17    buy     hit
2017-05-08 06:08:35,374 - mylogger - INFO - 2015-07-20    hold    miss
2017-05-08 06:08:35,374 - mylogger - INFO - 2015-07-21    hold    miss
2017-05-08 06:08:35,374 - mylogger - INFO - 2015-07-22    sell    hit
2017-05-08 06:08:35,375 - mylogger - INFO - 2015-07-23    buy     miss
2017-05-08 06:08:35,375 - mylogger - INFO - 2015-07-24    sell    hit
2017-05-08 06:08:35,375 - mylogger - INFO - 2015-07-27    hold    hit
2017-05-08 06:08:35,376 - mylogger - INFO - 2015-07-28    buy     miss
2017-05-08 06:08:35,376 - mylogger - INFO - 2015-07-29    sell    hit
2017-05-08 06:08:35,376 - mylogger - INFO - 2015-07-30    buy     miss
2017-05-08 06:08:35,376 - mylogger - INFO - 2015-07-31    buy     miss
2017-05-08 06:08:35,377 - mylogger - INFO - 2015-08-03    sell    hit
2017-05-08 06:08:35,377 - mylogger - INFO - 2015-08-04    sell    miss
2017-05-08 06:08:35,377 - mylogger - INFO - 2015-08-05    buy     miss
2017-05-08 06:08:35,378 - mylogger - INFO - 2015-08-06    buy     miss
2017-05-08 06:08:35,378 - mylogger - INFO - 2015-08-07    sell    miss
2017-05-08 06:08:35,379 - mylogger - INFO - 2015-08-10    hold    miss
2017-05-08 06:08:35,379 - mylogger - INFO - 2015-08-11    sell    miss
2017-05-08 06:08:35,379 - mylogger - INFO - 2015-08-12    hold    miss
2017-05-08 06:08:35,380 - mylogger - INFO - 2015-08-13    hold    hit
2017-05-08 06:08:35,380 - mylogger - INFO - 2015-08-14    hold    miss
2017-05-08 06:08:35,381 - mylogger - INFO - 2015-08-17    hold    miss
2017-05-08 06:08:35,381 - mylogger - INFO - 2015-08-18    buy     miss
2017-05-08 06:08:35,381 - mylogger - INFO - 2015-08-19    hold    miss
2017-05-08 06:08:35,382 - mylogger - INFO - 2015-08-20    hold    miss
2017-05-08 06:08:35,382 - mylogger - INFO - 2015-08-21    sell    hit
2017-05-08 06:08:35,383 - mylogger - INFO - 2015-08-24    hold    hit
2017-05-08 06:08:35,383 - mylogger - INFO - 2015-08-25    hold    miss
2017-05-08 06:08:35,383 - mylogger - INFO - 2015-08-26    hold    miss
2017-05-08 06:08:35,384 - mylogger - INFO - 2015-08-27    hold    hit
2017-05-08 06:08:35,384 - mylogger - INFO - 2015-08-28    hold    miss
2017-05-08 06:08:35,385 - mylogger - INFO - 2015-08-31    hold    miss
2017-05-08 06:08:35,385 - mylogger - INFO - 2015-09-01    hold    miss
2017-05-08 06:08:35,385 - mylogger - INFO - 2015-09-02    hold    miss
2017-05-08 06:08:35,386 - mylogger - INFO - 2015-09-03    hold    miss
2017-05-08 06:08:35,386 - mylogger - INFO - 2015-09-04    hold    miss
2017-05-08 06:08:35,387 - mylogger - INFO - 2015-09-08    hold    miss
2017-05-08 06:08:35,387 - mylogger - INFO - 2015-09-09    hold    miss
2017-05-08 06:08:35,387 - mylogger - INFO - 2015-09-10    hold    miss
2017-05-08 06:08:35,387 - mylogger - INFO - 2015-09-11    hold    hit
2017-05-08 06:08:35,388 - mylogger - INFO - 2015-09-14    hold    hit
2017-05-08 06:08:35,388 - mylogger - INFO - 2015-09-15    hold    hit
2017-05-08 06:08:35,388 - mylogger - INFO - 2015-09-16    hold    miss
2017-05-08 06:08:35,388 - mylogger - INFO - 2015-09-17    hold    miss
2017-05-08 06:08:35,388 - mylogger - INFO - 2015-09-18    hold    miss
2017-05-08 06:08:35,388 - mylogger - INFO - 2015-09-21    hold    miss
2017-05-08 06:08:35,389 - mylogger - INFO - 2015-09-22    hold    hit
2017-05-08 06:08:35,389 - mylogger - INFO - 2015-09-23    hold    hit
2017-05-08 06:08:35,389 - mylogger - INFO - 2015-09-24    hold    miss
2017-05-08 06:08:35,389 - mylogger - INFO - 2015-09-25    hold    miss
2017-05-08 06:08:35,389 - mylogger - INFO - 2015-09-28    hold    miss
2017-05-08 06:08:35,389 - mylogger - INFO - 2015-09-29    hold    miss
2017-05-08 06:08:35,390 - mylogger - INFO - 2015-09-30    hold    miss
2017-05-08 06:08:35,390 - mylogger - INFO - 2015-10-01    hold    hit
2017-05-08 06:08:35,390 - mylogger - INFO - 2015-10-02    buy     miss
2017-05-08 06:08:35,390 - mylogger - INFO - 2015-10-05    buy     miss
2017-05-08 06:08:35,390 - mylogger - INFO - 2015-10-06    buy     miss
2017-05-08 06:08:35,390 - mylogger - INFO - 2015-10-07    buy     miss
2017-05-08 06:08:35,391 - mylogger - INFO - 2015-10-08    hold    miss
2017-05-08 06:08:35,391 - mylogger - INFO - 2015-10-09    buy     miss
2017-05-08 06:08:35,391 - mylogger - INFO - 2015-10-12    sell    miss
2017-05-08 06:08:35,391 - mylogger - INFO - 2015-10-13    sell    hit
2017-05-08 06:08:35,391 - mylogger - INFO - 2015-10-14    sell    miss
2017-05-08 06:08:35,391 - mylogger - INFO - 2015-10-15    sell    hit
2017-05-08 06:08:35,391 - mylogger - INFO - 2015-10-16    sell    miss
2017-05-08 06:08:35,392 - mylogger - INFO - 2015-10-19    hold    miss
2017-05-08 06:08:35,392 - mylogger - INFO - 2015-10-20    hold    miss
2017-05-08 06:08:35,392 - mylogger - INFO - 2015-10-21    hold    miss
2017-05-08 06:08:35,392 - mylogger - INFO - 2015-10-22    hold    miss
2017-05-08 06:08:35,392 - mylogger - INFO - 2015-10-23    hold    miss
2017-05-08 06:08:35,392 - mylogger - INFO - 2015-10-26    hold    miss
2017-05-08 06:08:35,392 - mylogger - INFO - 2015-10-27    hold    miss
2017-05-08 06:08:35,392 - mylogger - INFO - 2015-10-28    hold    miss
2017-05-08 06:08:35,393 - mylogger - INFO - 2015-10-29    hold    miss
2017-05-08 06:08:35,393 - mylogger - INFO - 2015-10-30    hold    miss
2017-05-08 06:08:35,393 - mylogger - INFO - 2015-11-02    hold    miss
2017-05-08 06:08:35,393 - mylogger - INFO - 2015-11-03    buy     miss
2017-05-08 06:08:35,393 - mylogger - INFO - 2015-11-04    sell    hit
2017-05-08 06:08:35,393 - mylogger - INFO - 2015-11-05    hold    hit
2017-05-08 06:08:35,393 - mylogger - INFO - 2015-11-06    hold    miss
2017-05-08 06:08:35,393 - mylogger - INFO - 2015-11-09    hold    miss
2017-05-08 06:08:35,394 - mylogger - INFO - 2015-11-10    hold    miss
2017-05-08 06:08:35,394 - mylogger - INFO - 2015-11-11    hold    miss
2017-05-08 06:08:35,394 - mylogger - INFO - 2015-11-12    hold    miss
2017-05-08 06:08:35,394 - mylogger - INFO - 2015-11-13    hold    miss
2017-05-08 06:08:35,394 - mylogger - INFO - 2015-11-16    hold    miss
2017-05-08 06:08:35,394 - mylogger - INFO - 2015-11-17    hold    miss
2017-05-08 06:08:35,394 - mylogger - INFO - 2015-11-18    hold    miss
2017-05-08 06:08:35,394 - mylogger - INFO - 2015-11-19    hold    hit
2017-05-08 06:08:35,395 - mylogger - INFO - 2015-11-20    hold    miss
2017-05-08 06:08:35,395 - mylogger - INFO - 2015-11-23    hold    hit
2017-05-08 06:08:35,395 - mylogger - INFO - 2015-11-24    hold    miss
2017-05-08 06:08:35,395 - mylogger - INFO - 2015-11-25    hold    miss
2017-05-08 06:08:35,395 - mylogger - INFO - 2015-11-27    hold    hit
2017-05-08 06:08:35,395 - mylogger - INFO - 2015-11-30    hold    miss
2017-05-08 06:08:35,395 - mylogger - INFO - 2015-12-01    hold    miss
2017-05-08 06:08:35,395 - mylogger - INFO - 2015-12-02    hold    miss
2017-05-08 06:08:35,396 - mylogger - INFO - 2015-12-03    hold    miss
2017-05-08 06:08:35,396 - mylogger - INFO - 2015-12-04    hold    miss
2017-05-08 06:08:35,396 - mylogger - INFO - 2015-12-07    hold    miss
2017-05-08 06:08:35,396 - mylogger - INFO - 2015-12-08    hold    miss
2017-05-08 06:08:35,396 - mylogger - INFO - 2015-12-09    hold    hit
2017-05-08 06:08:35,396 - mylogger - INFO - 2015-12-10    hold    miss
2017-05-08 06:08:35,396 - mylogger - INFO - 2015-12-11    hold    miss
2017-05-08 06:08:35,396 - mylogger - INFO - 2015-12-14    hold    miss
2017-05-08 06:08:35,397 - mylogger - INFO - 2015-12-15    hold    hit
2017-05-08 06:08:35,397 - mylogger - INFO - 2015-12-16    hold    miss
2017-05-08 06:08:35,397 - mylogger - INFO - 2015-12-17    hold    miss
2017-05-08 06:08:35,397 - mylogger - INFO - 2015-12-18    hold    miss
2017-05-08 06:08:35,397 - mylogger - INFO - 2015-12-21    hold    miss
2017-05-08 06:08:35,397 - mylogger - INFO - 2015-12-22    hold    miss
2017-05-08 06:08:35,397 - mylogger - INFO - 2015-12-23    hold    miss
2017-05-08 06:08:35,397 - mylogger - INFO - 2015-12-24    hold    miss
2017-05-08 06:08:35,398 - mylogger - INFO - 2015-12-28    hold    miss
2017-05-08 06:08:35,398 - mylogger - INFO - 2015-12-29    hold    miss
2017-05-08 06:08:35,398 - mylogger - INFO - 2015-12-30    hold    miss
2017-05-08 06:08:35,398 - mylogger - INFO - Hit number:138/503
2017-05-08 06:08:35,398 - mylogger - INFO - Hit rate:0.27435387673956263
