2017-05-10 18:20:48,904 - mylogger - INFO - -0.0116582
2017-05-10 18:20:48,905 - mylogger - INFO - 2014-01-02: No short!
2017-05-10 18:20:49,242 - mylogger - INFO - -0.00310335
2017-05-10 18:20:49,243 - mylogger - INFO - 2014-01-03: No short!
2017-05-10 18:20:49,813 - mylogger - INFO - -0.005527
2017-05-10 18:20:49,813 - mylogger - INFO - 2014-01-06: No short!
2017-05-10 18:20:50,227 - mylogger - INFO - -0.00466171
2017-05-10 18:20:50,227 - mylogger - INFO - 2014-01-07: No short!
2017-05-10 18:20:50,546 - mylogger - INFO - -0.0189514
2017-05-10 18:20:50,546 - mylogger - INFO - 2014-01-08: No short!
2017-05-10 18:20:50,870 - mylogger - INFO - -0.00892445
2017-05-10 18:20:50,870 - mylogger - INFO - 2014-01-09: No short!
2017-05-10 18:20:51,283 - mylogger - INFO - -0.0114479
2017-05-10 18:20:51,284 - mylogger - INFO - 2014-01-10: No short!
2017-05-10 18:20:51,608 - mylogger - INFO - -0.0176404
2017-05-10 18:20:51,608 - mylogger - INFO - 2014-01-13: No short!
2017-05-10 18:20:51,924 - mylogger - INFO - -0.00138544
2017-05-10 18:20:51,924 - mylogger - INFO - 2014-01-14: No short!
2017-05-10 18:20:52,329 - mylogger - INFO - -0.00494958
2017-05-10 18:20:52,330 - mylogger - INFO - 2014-01-15: No short!
2017-05-10 18:20:52,658 - mylogger - INFO - -0.00708454
2017-05-10 18:20:52,658 - mylogger - INFO - 2014-01-16: No short!
2017-05-10 18:20:52,982 - mylogger - INFO - -0.00659112
2017-05-10 18:20:52,982 - mylogger - INFO - 2014-01-17: No short!
2017-05-10 18:20:53,408 - mylogger - INFO - -0.0162808
2017-05-10 18:20:53,408 - mylogger - INFO - 2014-01-21: No short!
2017-05-10 18:20:53,743 - mylogger - INFO - -0.0186626
2017-05-10 18:20:53,743 - mylogger - INFO - 2014-01-22: No short!
2017-05-10 18:20:54,068 - mylogger - INFO - -0.0112517
2017-05-10 18:20:54,068 - mylogger - INFO - 2014-01-23: No short!
2017-05-10 18:20:54,488 - mylogger - INFO - -0.0159711
2017-05-10 18:20:54,489 - mylogger - INFO - 2014-01-24: No short!
2017-05-10 18:20:54,818 - mylogger - INFO - -0.020501
2017-05-10 18:20:54,819 - mylogger - INFO - 2014-01-27: No short!
2017-05-10 18:20:55,149 - mylogger - INFO - -0.00947366
2017-05-10 18:20:55,149 - mylogger - INFO - 2014-01-28: No short!
2017-05-10 18:20:55,480 - mylogger - INFO - -0.0198108
2017-05-10 18:20:55,480 - mylogger - INFO - 2014-01-29: No short!
2017-05-10 18:20:55,908 - mylogger - INFO - -0.0214684
2017-05-10 18:20:55,908 - mylogger - INFO - 2014-01-30: No short!
2017-05-10 18:20:56,237 - mylogger - INFO - -0.0194751
2017-05-10 18:20:56,237 - mylogger - INFO - 2014-01-31: No short!
2017-05-10 18:20:56,554 - mylogger - INFO - -0.0114796
2017-05-10 18:20:56,554 - mylogger - INFO - 2014-02-03: No short!
2017-05-10 18:20:56,953 - mylogger - INFO - -0.0150503
2017-05-10 18:20:56,954 - mylogger - INFO - 2014-02-04: No short!
2017-05-10 18:20:57,270 - mylogger - INFO - 0.00377287
2017-05-10 18:20:57,270 - mylogger - INFO - 2014-02-05: hold
2017-05-10 18:20:57,604 - mylogger - INFO - 0.00810552
2017-05-10 18:20:57,605 - mylogger - INFO - 2014-02-06: buy
2017-05-10 18:20:57,605 - mylogger - INFO - 100000.0
2017-05-10 18:20:58,030 - mylogger - INFO - -0.000970858
2017-05-10 18:20:58,032 - mylogger - INFO - 2014-02-07: sell
2017-05-10 18:20:58,357 - mylogger - INFO - -0.00185032
2017-05-10 18:20:58,358 - mylogger - INFO - 2014-02-10: No short!
2017-05-10 18:20:58,692 - mylogger - INFO - -0.0174835
2017-05-10 18:20:58,692 - mylogger - INFO - 2014-02-11: No short!
2017-05-10 18:20:59,105 - mylogger - INFO - -0.0035676
2017-05-10 18:20:59,105 - mylogger - INFO - 2014-02-12: No short!
2017-05-10 18:20:59,433 - mylogger - INFO - -0.00198482
2017-05-10 18:20:59,433 - mylogger - INFO - 2014-02-13: No short!
2017-05-10 18:20:59,755 - mylogger - INFO - -0.00338731
2017-05-10 18:20:59,755 - mylogger - INFO - 2014-02-14: No short!
2017-05-10 18:21:00,082 - mylogger - INFO - -0.0151391
2017-05-10 18:21:00,082 - mylogger - INFO - 2014-02-18: No short!
2017-05-10 18:21:00,493 - mylogger - INFO - -0.0113511
2017-05-10 18:21:00,493 - mylogger - INFO - 2014-02-19: No short!
2017-05-10 18:21:00,822 - mylogger - INFO - -0.0188394
2017-05-10 18:21:00,823 - mylogger - INFO - 2014-02-20: No short!
2017-05-10 18:21:01,149 - mylogger - INFO - -0.00536318
2017-05-10 18:21:01,150 - mylogger - INFO - 2014-02-21: No short!
2017-05-10 18:21:01,575 - mylogger - INFO - -0.0131693
2017-05-10 18:21:01,575 - mylogger - INFO - 2014-02-24: No short!
2017-05-10 18:21:01,900 - mylogger - INFO - -0.0113047
2017-05-10 18:21:01,901 - mylogger - INFO - 2014-02-25: No short!
2017-05-10 18:21:02,233 - mylogger - INFO - -0.0194138
2017-05-10 18:21:02,233 - mylogger - INFO - 2014-02-26: No short!
2017-05-10 18:21:02,645 - mylogger - INFO - -0.0215802
2017-05-10 18:21:02,645 - mylogger - INFO - 2014-02-27: No short!
2017-05-10 18:21:02,965 - mylogger - INFO - -0.027066
2017-05-10 18:21:02,965 - mylogger - INFO - 2014-02-28: No short!
2017-05-10 18:21:03,297 - mylogger - INFO - -0.0143045
2017-05-10 18:21:03,297 - mylogger - INFO - 2014-03-03: No short!
2017-05-10 18:21:03,714 - mylogger - INFO - -0.0219202
2017-05-10 18:21:03,714 - mylogger - INFO - 2014-03-04: No short!
2017-05-10 18:21:04,039 - mylogger - INFO - -0.0201152
2017-05-10 18:21:04,039 - mylogger - INFO - 2014-03-05: No short!
2017-05-10 18:21:04,361 - mylogger - INFO - -0.0101108
2017-05-10 18:21:04,362 - mylogger - INFO - 2014-03-06: No short!
2017-05-10 18:21:04,694 - mylogger - INFO - -0.00250041
2017-05-10 18:21:04,694 - mylogger - INFO - 2014-03-07: No short!
2017-05-10 18:21:05,118 - mylogger - INFO - -0.00511314
2017-05-10 18:21:05,118 - mylogger - INFO - 2014-03-10: No short!
2017-05-10 18:21:05,445 - mylogger - INFO - -0.0122636
2017-05-10 18:21:05,445 - mylogger - INFO - 2014-03-11: No short!
2017-05-10 18:21:05,774 - mylogger - INFO - -0.0173148
2017-05-10 18:21:05,774 - mylogger - INFO - 2014-03-12: No short!
2017-05-10 18:21:06,191 - mylogger - INFO - -0.0152472
2017-05-10 18:21:06,191 - mylogger - INFO - 2014-03-13: No short!
2017-05-10 18:21:06,518 - mylogger - INFO - -0.0266588
2017-05-10 18:21:06,519 - mylogger - INFO - 2014-03-14: No short!
2017-05-10 18:21:06,862 - mylogger - INFO - -0.0137628
2017-05-10 18:21:06,862 - mylogger - INFO - 2014-03-17: No short!
2017-05-10 18:21:07,295 - mylogger - INFO - -0.0163127
2017-05-10 18:21:07,296 - mylogger - INFO - 2014-03-18: No short!
2017-05-10 18:21:07,628 - mylogger - INFO - -0.0203431
2017-05-10 18:21:07,629 - mylogger - INFO - 2014-03-19: No short!
2017-05-10 18:21:07,953 - mylogger - INFO - -0.0157675
2017-05-10 18:21:07,953 - mylogger - INFO - 2014-03-20: No short!
2017-05-10 18:21:08,363 - mylogger - INFO - -0.0152698
2017-05-10 18:21:08,364 - mylogger - INFO - 2014-03-21: No short!
2017-05-10 18:21:08,695 - mylogger - INFO - -0.0243314
2017-05-10 18:21:08,695 - mylogger - INFO - 2014-03-24: No short!
2017-05-10 18:21:09,025 - mylogger - INFO - -0.00919497
2017-05-10 18:21:09,025 - mylogger - INFO - 2014-03-25: No short!
2017-05-10 18:21:09,347 - mylogger - INFO - -0.0103851
2017-05-10 18:21:09,347 - mylogger - INFO - 2014-03-26: No short!
2017-05-10 18:21:09,766 - mylogger - INFO - -0.00158475
2017-05-10 18:21:09,766 - mylogger - INFO - 2014-03-27: No short!
2017-05-10 18:21:10,096 - mylogger - INFO - -0.00735251
2017-05-10 18:21:10,096 - mylogger - INFO - 2014-03-28: No short!
2017-05-10 18:21:10,422 - mylogger - INFO - -0.0113989
2017-05-10 18:21:10,423 - mylogger - INFO - 2014-03-31: No short!
2017-05-10 18:21:10,836 - mylogger - INFO - -0.00623317
2017-05-10 18:21:10,837 - mylogger - INFO - 2014-04-01: No short!
2017-05-10 18:21:11,163 - mylogger - INFO - -0.0265018
2017-05-10 18:21:11,164 - mylogger - INFO - 2014-04-02: No short!
2017-05-10 18:21:11,494 - mylogger - INFO - -0.0098456
2017-05-10 18:21:11,495 - mylogger - INFO - 2014-04-03: No short!
2017-05-10 18:21:11,912 - mylogger - INFO - -0.00991505
2017-05-10 18:21:11,912 - mylogger - INFO - 2014-04-04: No short!
2017-05-10 18:21:12,243 - mylogger - INFO - -0.00265213
2017-05-10 18:21:12,243 - mylogger - INFO - 2014-04-07: No short!
2017-05-10 18:21:12,567 - mylogger - INFO - -0.00688531
2017-05-10 18:21:12,568 - mylogger - INFO - 2014-04-08: No short!
2017-05-10 18:21:12,982 - mylogger - INFO - -0.00851877
2017-05-10 18:21:12,983 - mylogger - INFO - 2014-04-09: No short!
2017-05-10 18:21:13,325 - mylogger - INFO - -0.0226794
2017-05-10 18:21:13,325 - mylogger - INFO - 2014-04-10: No short!
2017-05-10 18:21:13,642 - mylogger - INFO - -0.0168597
2017-05-10 18:21:13,642 - mylogger - INFO - 2014-04-11: No short!
2017-05-10 18:21:13,958 - mylogger - INFO - -0.0166915
2017-05-10 18:21:13,958 - mylogger - INFO - 2014-04-14: No short!
2017-05-10 18:21:14,362 - mylogger - INFO - -0.0202877
2017-05-10 18:21:14,363 - mylogger - INFO - 2014-04-15: No short!
2017-05-10 18:21:14,686 - mylogger - INFO - -0.0179074
2017-05-10 18:21:14,687 - mylogger - INFO - 2014-04-16: No short!
2017-05-10 18:21:15,003 - mylogger - INFO - -0.00625831
2017-05-10 18:21:15,004 - mylogger - INFO - 2014-04-17: No short!
2017-05-10 18:21:15,403 - mylogger - INFO - -0.00167592
2017-05-10 18:21:15,404 - mylogger - INFO - 2014-04-21: No short!
2017-05-10 18:21:15,729 - mylogger - INFO - -0.0159298
2017-05-10 18:21:15,729 - mylogger - INFO - 2014-04-22: No short!
2017-05-10 18:21:16,049 - mylogger - INFO - -0.0164269
2017-05-10 18:21:16,050 - mylogger - INFO - 2014-04-23: No short!
2017-05-10 18:21:16,449 - mylogger - INFO - -0.0226985
2017-05-10 18:21:16,449 - mylogger - INFO - 2014-04-24: No short!
2017-05-10 18:21:16,759 - mylogger - INFO - -0.0159051
2017-05-10 18:21:16,759 - mylogger - INFO - 2014-04-25: No short!
2017-05-10 18:21:17,086 - mylogger - INFO - -0.00336956
2017-05-10 18:21:17,086 - mylogger - INFO - 2014-04-28: No short!
2017-05-10 18:21:17,494 - mylogger - INFO - -0.0112874
2017-05-10 18:21:17,495 - mylogger - INFO - 2014-04-29: No short!
2017-05-10 18:21:17,823 - mylogger - INFO - -0.0114332
2017-05-10 18:21:17,824 - mylogger - INFO - 2014-04-30: No short!
2017-05-10 18:21:18,148 - mylogger - INFO - -0.0184361
2017-05-10 18:21:18,149 - mylogger - INFO - 2014-05-01: No short!
2017-05-10 18:21:18,491 - mylogger - INFO - -0.0178152
2017-05-10 18:21:18,491 - mylogger - INFO - 2014-05-02: No short!
2017-05-10 18:21:18,904 - mylogger - INFO - -0.0319143
2017-05-10 18:21:18,904 - mylogger - INFO - 2014-05-05: No short!
2017-05-10 18:21:19,222 - mylogger - INFO - -0.0139233
2017-05-10 18:21:19,222 - mylogger - INFO - 2014-05-06: No short!
2017-05-10 18:21:19,540 - mylogger - INFO - -0.010895
2017-05-10 18:21:19,541 - mylogger - INFO - 2014-05-07: No short!
2017-05-10 18:21:19,945 - mylogger - INFO - -0.000378267
2017-05-10 18:21:19,945 - mylogger - INFO - 2014-05-08: No short!
2017-05-10 18:21:20,263 - mylogger - INFO - -0.00968199
2017-05-10 18:21:20,264 - mylogger - INFO - 2014-05-09: No short!
2017-05-10 18:21:20,583 - mylogger - INFO - -0.0206371
2017-05-10 18:21:20,583 - mylogger - INFO - 2014-05-12: No short!
2017-05-10 18:21:20,985 - mylogger - INFO - -0.0216693
2017-05-10 18:21:20,985 - mylogger - INFO - 2014-05-13: No short!
2017-05-10 18:21:21,325 - mylogger - INFO - -0.0330971
2017-05-10 18:21:21,325 - mylogger - INFO - 2014-05-14: No short!
2017-05-10 18:21:21,649 - mylogger - INFO - -0.00811472
2017-05-10 18:21:21,649 - mylogger - INFO - 2014-05-15: No short!
2017-05-10 18:21:22,058 - mylogger - INFO - -0.00694807
2017-05-10 18:21:22,059 - mylogger - INFO - 2014-05-16: No short!
2017-05-10 18:21:22,380 - mylogger - INFO - 0.00485353
2017-05-10 18:21:22,380 - mylogger - INFO - 2014-05-19: hold
2017-05-10 18:21:22,706 - mylogger - INFO - -0.000165632
2017-05-10 18:21:22,707 - mylogger - INFO - 2014-05-20: No short!
2017-05-10 18:21:23,032 - mylogger - INFO - 0.00076801
2017-05-10 18:21:23,032 - mylogger - INFO - 2014-05-21: hold
2017-05-10 18:21:23,455 - mylogger - INFO - -0.0113863
2017-05-10 18:21:23,455 - mylogger - INFO - 2014-05-22: No short!
2017-05-10 18:21:23,781 - mylogger - INFO - -0.0162883
2017-05-10 18:21:23,781 - mylogger - INFO - 2014-05-23: No short!
2017-05-10 18:21:24,112 - mylogger - INFO - -0.0131519
2017-05-10 18:21:24,112 - mylogger - INFO - 2014-05-27: No short!
2017-05-10 18:21:24,538 - mylogger - INFO - -0.00255486
2017-05-10 18:21:24,538 - mylogger - INFO - 2014-05-28: No short!
2017-05-10 18:21:24,858 - mylogger - INFO - 0.00363337
2017-05-10 18:21:24,859 - mylogger - INFO - 2014-05-29: hold
2017-05-10 18:21:25,183 - mylogger - INFO - -0.018469
2017-05-10 18:21:25,183 - mylogger - INFO - 2014-05-30: No short!
2017-05-10 18:21:25,603 - mylogger - INFO - 0.00429372
2017-05-10 18:21:25,603 - mylogger - INFO - 2014-06-02: hold
2017-05-10 18:21:25,922 - mylogger - INFO - -0.00781147
2017-05-10 18:21:25,922 - mylogger - INFO - 2014-06-03: No short!
2017-05-10 18:21:26,249 - mylogger - INFO - -0.0123209
2017-05-10 18:21:26,249 - mylogger - INFO - 2014-06-04: No short!
2017-05-10 18:21:26,667 - mylogger - INFO - -0.026825
2017-05-10 18:21:26,667 - mylogger - INFO - 2014-06-05: No short!
2017-05-10 18:21:26,991 - mylogger - INFO - -0.0122683
2017-05-10 18:21:26,991 - mylogger - INFO - 2014-06-06: No short!
2017-05-10 18:21:27,327 - mylogger - INFO - -0.00810143
2017-05-10 18:21:27,328 - mylogger - INFO - 2014-06-09: No short!
2017-05-10 18:21:27,663 - mylogger - INFO - -0.00310349
2017-05-10 18:21:27,663 - mylogger - INFO - 2014-06-10: No short!
2017-05-10 18:21:28,082 - mylogger - INFO - -0.0152581
2017-05-10 18:21:28,082 - mylogger - INFO - 2014-06-11: No short!
2017-05-10 18:21:28,401 - mylogger - INFO - -0.0124214
2017-05-10 18:21:28,401 - mylogger - INFO - 2014-06-12: No short!
2017-05-10 18:21:28,728 - mylogger - INFO - -0.0200082
2017-05-10 18:21:28,728 - mylogger - INFO - 2014-06-13: No short!
2017-05-10 18:21:29,146 - mylogger - INFO - -0.0150057
2017-05-10 18:21:29,146 - mylogger - INFO - 2014-06-16: No short!
2017-05-10 18:21:29,475 - mylogger - INFO - -0.000203644
2017-05-10 18:21:29,475 - mylogger - INFO - 2014-06-17: No short!
2017-05-10 18:21:29,797 - mylogger - INFO - -0.0175566
2017-05-10 18:21:29,797 - mylogger - INFO - 2014-06-18: No short!
2017-05-10 18:21:30,222 - mylogger - INFO - -0.00358352
2017-05-10 18:21:30,222 - mylogger - INFO - 2014-06-19: No short!
2017-05-10 18:21:30,548 - mylogger - INFO - -0.00860266
2017-05-10 18:21:30,549 - mylogger - INFO - 2014-06-20: No short!
2017-05-10 18:21:30,876 - mylogger - INFO - -0.00348691
2017-05-10 18:21:30,876 - mylogger - INFO - 2014-06-23: No short!
2017-05-10 18:21:31,301 - mylogger - INFO - -0.0107504
2017-05-10 18:21:31,301 - mylogger - INFO - 2014-06-24: No short!
2017-05-10 18:21:31,632 - mylogger - INFO - -0.0191756
2017-05-10 18:21:31,632 - mylogger - INFO - 2014-06-25: No short!
2017-05-10 18:21:31,967 - mylogger - INFO - -0.0185113
2017-05-10 18:21:31,967 - mylogger - INFO - 2014-06-26: No short!
2017-05-10 18:21:32,379 - mylogger - INFO - -0.0170387
2017-05-10 18:21:32,380 - mylogger - INFO - 2014-06-27: No short!
2017-05-10 18:21:32,719 - mylogger - INFO - -0.0186672
2017-05-10 18:21:32,720 - mylogger - INFO - 2014-06-30: No short!
2017-05-10 18:21:33,045 - mylogger - INFO - -0.0111757
2017-05-10 18:21:33,046 - mylogger - INFO - 2014-07-01: No short!
2017-05-10 18:21:33,366 - mylogger - INFO - -0.00778971
2017-05-10 18:21:33,366 - mylogger - INFO - 2014-07-02: No short!
2017-05-10 18:21:33,792 - mylogger - INFO - -0.00708425
2017-05-10 18:21:33,792 - mylogger - INFO - 2014-07-03: No short!
2017-05-10 18:21:34,126 - mylogger - INFO - -0.00568153
2017-05-10 18:21:34,126 - mylogger - INFO - 2014-07-07: No short!
2017-05-10 18:21:34,451 - mylogger - INFO - -0.00938128
2017-05-10 18:21:34,451 - mylogger - INFO - 2014-07-08: No short!
2017-05-10 18:21:34,861 - mylogger - INFO - -0.00348812
2017-05-10 18:21:34,861 - mylogger - INFO - 2014-07-09: No short!
2017-05-10 18:21:35,190 - mylogger - INFO - -0.0017729
2017-05-10 18:21:35,190 - mylogger - INFO - 2014-07-10: No short!
2017-05-10 18:21:35,512 - mylogger - INFO - -0.0065233
2017-05-10 18:21:35,512 - mylogger - INFO - 2014-07-11: No short!
2017-05-10 18:21:35,930 - mylogger - INFO - 0.00886513
2017-05-10 18:21:35,931 - mylogger - INFO - 2014-07-14: buy
2017-05-10 18:21:35,931 - mylogger - INFO - 99372.0043838
2017-05-10 18:21:36,259 - mylogger - INFO - -0.0174195
2017-05-10 18:21:36,260 - mylogger - INFO - 2014-07-15: sell
2017-05-10 18:21:36,587 - mylogger - INFO - -0.01864
2017-05-10 18:21:36,588 - mylogger - INFO - 2014-07-16: No short!
2017-05-10 18:21:37,020 - mylogger - INFO - -0.0245207
2017-05-10 18:21:37,020 - mylogger - INFO - 2014-07-17: No short!
2017-05-10 18:21:37,375 - mylogger - INFO - -0.00769207
2017-05-10 18:21:37,375 - mylogger - INFO - 2014-07-18: No short!
2017-05-10 18:21:37,703 - mylogger - INFO - -0.0221671
2017-05-10 18:21:37,703 - mylogger - INFO - 2014-07-21: No short!
2017-05-10 18:21:38,034 - mylogger - INFO - -0.00665627
2017-05-10 18:21:38,034 - mylogger - INFO - 2014-07-22: No short!
2017-05-10 18:21:38,457 - mylogger - INFO - -0.00166254
2017-05-10 18:21:38,457 - mylogger - INFO - 2014-07-23: No short!
2017-05-10 18:21:38,780 - mylogger - INFO - -0.00386232
2017-05-10 18:21:38,780 - mylogger - INFO - 2014-07-24: No short!
2017-05-10 18:21:39,109 - mylogger - INFO - -0.00434661
2017-05-10 18:21:39,110 - mylogger - INFO - 2014-07-25: No short!
2017-05-10 18:21:39,529 - mylogger - INFO - -0.00663537
2017-05-10 18:21:39,529 - mylogger - INFO - 2014-07-28: No short!
2017-05-10 18:21:39,849 - mylogger - INFO - -0.00414662
2017-05-10 18:21:39,849 - mylogger - INFO - 2014-07-29: No short!
2017-05-10 18:21:40,181 - mylogger - INFO - -0.00417921
2017-05-10 18:21:40,181 - mylogger - INFO - 2014-07-30: No short!
2017-05-10 18:21:40,608 - mylogger - INFO - -0.00316853
2017-05-10 18:21:40,608 - mylogger - INFO - 2014-07-31: No short!
2017-05-10 18:21:40,932 - mylogger - INFO - -0.013388
2017-05-10 18:21:40,932 - mylogger - INFO - 2014-08-01: No short!
2017-05-10 18:21:41,257 - mylogger - INFO - -0.0128242
2017-05-10 18:21:41,257 - mylogger - INFO - 2014-08-04: No short!
2017-05-10 18:21:41,682 - mylogger - INFO - -0.0116691
2017-05-10 18:21:41,682 - mylogger - INFO - 2014-08-05: No short!
2017-05-10 18:21:42,007 - mylogger - INFO - -0.0118466
2017-05-10 18:21:42,007 - mylogger - INFO - 2014-08-06: No short!
2017-05-10 18:21:42,333 - mylogger - INFO - -0.00819157
2017-05-10 18:21:42,333 - mylogger - INFO - 2014-08-07: No short!
2017-05-10 18:21:42,668 - mylogger - INFO - -0.0085846
2017-05-10 18:21:42,668 - mylogger - INFO - 2014-08-08: No short!
2017-05-10 18:21:43,092 - mylogger - INFO - -0.00929811
2017-05-10 18:21:43,092 - mylogger - INFO - 2014-08-11: No short!
2017-05-10 18:21:43,419 - mylogger - INFO - -0.00480547
2017-05-10 18:21:43,420 - mylogger - INFO - 2014-08-12: No short!
2017-05-10 18:21:43,739 - mylogger - INFO - 0.00794901
2017-05-10 18:21:43,740 - mylogger - INFO - 2014-08-13: buy
2017-05-10 18:21:43,740 - mylogger - INFO - 100838.862132
2017-05-10 18:21:44,163 - mylogger - INFO - -0.00991912
2017-05-10 18:21:44,164 - mylogger - INFO - 2014-08-14: sell
2017-05-10 18:21:44,487 - mylogger - INFO - -0.0162431
2017-05-10 18:21:44,487 - mylogger - INFO - 2014-08-15: No short!
2017-05-10 18:21:44,831 - mylogger - INFO - -0.0164816
2017-05-10 18:21:44,831 - mylogger - INFO - 2014-08-18: No short!
2017-05-10 18:21:45,242 - mylogger - INFO - -0.00506521
2017-05-10 18:21:45,243 - mylogger - INFO - 2014-08-19: No short!
2017-05-10 18:21:45,580 - mylogger - INFO - 0.0025163
2017-05-10 18:21:45,581 - mylogger - INFO - 2014-08-20: hold
2017-05-10 18:21:45,904 - mylogger - INFO - -0.0168508
2017-05-10 18:21:45,904 - mylogger - INFO - 2014-08-21: No short!
2017-05-10 18:21:46,331 - mylogger - INFO - -0.0111692
2017-05-10 18:21:46,331 - mylogger - INFO - 2014-08-22: No short!
2017-05-10 18:21:46,659 - mylogger - INFO - -0.00959034
2017-05-10 18:21:46,659 - mylogger - INFO - 2014-08-25: No short!
2017-05-10 18:21:46,977 - mylogger - INFO - -0.0172875
2017-05-10 18:21:46,977 - mylogger - INFO - 2014-08-26: No short!
2017-05-10 18:21:47,299 - mylogger - INFO - -0.000243955
2017-05-10 18:21:47,299 - mylogger - INFO - 2014-08-27: No short!
2017-05-10 18:21:47,720 - mylogger - INFO - 0.00183932
2017-05-10 18:21:47,720 - mylogger - INFO - 2014-08-28: hold
2017-05-10 18:21:48,042 - mylogger - INFO - -0.00332741
2017-05-10 18:21:48,042 - mylogger - INFO - 2014-08-29: No short!
2017-05-10 18:21:48,376 - mylogger - INFO - 0.00294849
2017-05-10 18:21:48,376 - mylogger - INFO - 2014-09-02: hold
2017-05-10 18:21:48,808 - mylogger - INFO - 0.00306106
2017-05-10 18:21:48,809 - mylogger - INFO - 2014-09-03: hold
2017-05-10 18:21:49,131 - mylogger - INFO - -0.0014747
2017-05-10 18:21:49,131 - mylogger - INFO - 2014-09-04: No short!
2017-05-10 18:21:49,446 - mylogger - INFO - -0.0165423
2017-05-10 18:21:49,446 - mylogger - INFO - 2014-09-05: No short!
2017-05-10 18:21:49,854 - mylogger - INFO - -0.0066991
2017-05-10 18:21:49,854 - mylogger - INFO - 2014-09-08: No short!
2017-05-10 18:21:50,189 - mylogger - INFO - -0.00879693
2017-05-10 18:21:50,190 - mylogger - INFO - 2014-09-09: No short!
2017-05-10 18:21:50,517 - mylogger - INFO - -0.0167885
2017-05-10 18:21:50,517 - mylogger - INFO - 2014-09-10: No short!
2017-05-10 18:21:50,934 - mylogger - INFO - 0.000958762
2017-05-10 18:21:50,934 - mylogger - INFO - 2014-09-11: hold
2017-05-10 18:21:51,262 - mylogger - INFO - -0.0111899
2017-05-10 18:21:51,262 - mylogger - INFO - 2014-09-12: No short!
2017-05-10 18:21:51,587 - mylogger - INFO - -0.00283867
2017-05-10 18:21:51,588 - mylogger - INFO - 2014-09-15: No short!
2017-05-10 18:21:51,908 - mylogger - INFO - -0.00323806
2017-05-10 18:21:51,908 - mylogger - INFO - 2014-09-16: No short!
2017-05-10 18:21:52,327 - mylogger - INFO - 0.0056036
2017-05-10 18:21:52,328 - mylogger - INFO - 2014-09-17: buy
2017-05-10 18:21:52,328 - mylogger - INFO - 99837.9796803
2017-05-10 18:21:52,658 - mylogger - INFO - -0.00686236
2017-05-10 18:21:52,660 - mylogger - INFO - 2014-09-18: sell
2017-05-10 18:21:52,985 - mylogger - INFO - -0.00391173
2017-05-10 18:21:52,985 - mylogger - INFO - 2014-09-19: No short!
2017-05-10 18:21:53,416 - mylogger - INFO - 0.007196
2017-05-10 18:21:53,417 - mylogger - INFO - 2014-09-22: buy
2017-05-10 18:21:53,417 - mylogger - INFO - 100082.158907
2017-05-10 18:21:53,741 - mylogger - INFO - -0.0149628
2017-05-10 18:21:53,742 - mylogger - INFO - 2014-09-23: sell
2017-05-10 18:21:54,062 - mylogger - INFO - -0.00762816
2017-05-10 18:21:54,063 - mylogger - INFO - 2014-09-24: No short!
2017-05-10 18:21:54,475 - mylogger - INFO - -0.0151995
2017-05-10 18:21:54,475 - mylogger - INFO - 2014-09-25: No short!
2017-05-10 18:21:54,803 - mylogger - INFO - -0.00881074
2017-05-10 18:21:54,803 - mylogger - INFO - 2014-09-26: No short!
2017-05-10 18:21:55,134 - mylogger - INFO - -0.00459106
2017-05-10 18:21:55,134 - mylogger - INFO - 2014-09-29: No short!
2017-05-10 18:21:55,562 - mylogger - INFO - -0.0047997
2017-05-10 18:21:55,562 - mylogger - INFO - 2014-09-30: No short!
2017-05-10 18:21:55,883 - mylogger - INFO - -0.0201522
2017-05-10 18:21:55,883 - mylogger - INFO - 2014-10-01: No short!
2017-05-10 18:21:56,218 - mylogger - INFO - -0.0247047
2017-05-10 18:21:56,218 - mylogger - INFO - 2014-10-02: No short!
2017-05-10 18:21:56,555 - mylogger - INFO - -0.0146809
2017-05-10 18:21:56,555 - mylogger - INFO - 2014-10-03: No short!
2017-05-10 18:21:56,969 - mylogger - INFO - -0.0270915
2017-05-10 18:21:56,969 - mylogger - INFO - 2014-10-06: No short!
2017-05-10 18:21:57,290 - mylogger - INFO - -0.0166527
2017-05-10 18:21:57,290 - mylogger - INFO - 2014-10-07: No short!
2017-05-10 18:21:57,616 - mylogger - INFO - -0.0167504
2017-05-10 18:21:57,616 - mylogger - INFO - 2014-10-08: No short!
2017-05-10 18:21:58,042 - mylogger - INFO - 0.000671138
2017-05-10 18:21:58,042 - mylogger - INFO - 2014-10-09: hold
2017-05-10 18:21:58,370 - mylogger - INFO - -0.0159787
2017-05-10 18:21:58,371 - mylogger - INFO - 2014-10-10: No short!
2017-05-10 18:21:58,709 - mylogger - INFO - -0.0271925
2017-05-10 18:21:58,709 - mylogger - INFO - 2014-10-13: No short!
2017-05-10 18:21:59,137 - mylogger - INFO - -0.0254604
2017-05-10 18:21:59,137 - mylogger - INFO - 2014-10-14: No short!
2017-05-10 18:21:59,456 - mylogger - INFO - -0.0231232
2017-05-10 18:21:59,457 - mylogger - INFO - 2014-10-15: No short!
2017-05-10 18:21:59,786 - mylogger - INFO - -0.00343917
2017-05-10 18:21:59,786 - mylogger - INFO - 2014-10-16: No short!
2017-05-10 18:22:00,205 - mylogger - INFO - -0.00252417
2017-05-10 18:22:00,205 - mylogger - INFO - 2014-10-17: No short!
2017-05-10 18:22:00,530 - mylogger - INFO - -0.00736828
2017-05-10 18:22:00,530 - mylogger - INFO - 2014-10-20: No short!
2017-05-10 18:22:00,853 - mylogger - INFO - -0.000248813
2017-05-10 18:22:00,853 - mylogger - INFO - 2014-10-21: No short!
2017-05-10 18:22:01,277 - mylogger - INFO - -0.0142328
2017-05-10 18:22:01,277 - mylogger - INFO - 2014-10-22: No short!
2017-05-10 18:22:01,612 - mylogger - INFO - -0.010477
2017-05-10 18:22:01,612 - mylogger - INFO - 2014-10-23: No short!
2017-05-10 18:22:01,938 - mylogger - INFO - -0.0228611
2017-05-10 18:22:01,938 - mylogger - INFO - 2014-10-24: No short!
2017-05-10 18:22:02,265 - mylogger - INFO - -0.0224668
2017-05-10 18:22:02,265 - mylogger - INFO - 2014-10-27: No short!
2017-05-10 18:22:02,688 - mylogger - INFO - -0.0183047
2017-05-10 18:22:02,688 - mylogger - INFO - 2014-10-28: No short!
2017-05-10 18:22:03,014 - mylogger - INFO - -0.0190775
2017-05-10 18:22:03,014 - mylogger - INFO - 2014-10-29: No short!
2017-05-10 18:22:03,345 - mylogger - INFO - -0.0084762
2017-05-10 18:22:03,345 - mylogger - INFO - 2014-10-30: No short!
2017-05-10 18:22:03,765 - mylogger - INFO - -0.0172683
2017-05-10 18:22:03,766 - mylogger - INFO - 2014-10-31: No short!
2017-05-10 18:22:04,089 - mylogger - INFO - -0.0230473
2017-05-10 18:22:04,089 - mylogger - INFO - 2014-11-03: No short!
2017-05-10 18:22:04,411 - mylogger - INFO - -0.0131123
2017-05-10 18:22:04,411 - mylogger - INFO - 2014-11-04: No short!
2017-05-10 18:22:04,839 - mylogger - INFO - -0.0146706
2017-05-10 18:22:04,839 - mylogger - INFO - 2014-11-05: No short!
2017-05-10 18:22:05,172 - mylogger - INFO - -0.00971908
2017-05-10 18:22:05,172 - mylogger - INFO - 2014-11-06: No short!
2017-05-10 18:22:05,493 - mylogger - INFO - -0.0273462
2017-05-10 18:22:05,493 - mylogger - INFO - 2014-11-07: No short!
2017-05-10 18:22:05,913 - mylogger - INFO - -0.0164537
2017-05-10 18:22:05,913 - mylogger - INFO - 2014-11-10: No short!
2017-05-10 18:22:06,249 - mylogger - INFO - -0.000995054
2017-05-10 18:22:06,249 - mylogger - INFO - 2014-11-11: No short!
2017-05-10 18:22:06,583 - mylogger - INFO - 0.00500581
2017-05-10 18:22:06,584 - mylogger - INFO - 2014-11-12: buy
2017-05-10 18:22:06,584 - mylogger - INFO - 99674.37157
2017-05-10 18:22:07,010 - mylogger - INFO - -0.00422094
2017-05-10 18:22:07,011 - mylogger - INFO - 2014-11-13: sell
2017-05-10 18:22:07,351 - mylogger - INFO - -0.00348458
2017-05-10 18:22:07,351 - mylogger - INFO - 2014-11-14: No short!
2017-05-10 18:22:07,683 - mylogger - INFO - 0.00852213
2017-05-10 18:22:07,684 - mylogger - INFO - 2014-11-17: buy
2017-05-10 18:22:07,684 - mylogger - INFO - 99763.5064977
2017-05-10 18:22:08,013 - mylogger - INFO - 0.0155445
2017-05-10 18:22:08,014 - mylogger - INFO - 2014-11-18: No cover!
2017-05-10 18:22:08,433 - mylogger - INFO - -0.00240361
2017-05-10 18:22:08,434 - mylogger - INFO - 2014-11-19: sell
2017-05-10 18:22:08,764 - mylogger - INFO - -0.00926975
2017-05-10 18:22:08,764 - mylogger - INFO - 2014-11-20: No short!
2017-05-10 18:22:09,094 - mylogger - INFO - -0.0114388
2017-05-10 18:22:09,095 - mylogger - INFO - 2014-11-21: No short!
2017-05-10 18:22:09,513 - mylogger - INFO - -0.0160788
2017-05-10 18:22:09,513 - mylogger - INFO - 2014-11-24: No short!
2017-05-10 18:22:09,843 - mylogger - INFO - -0.0202456
2017-05-10 18:22:09,843 - mylogger - INFO - 2014-11-25: No short!
2017-05-10 18:22:10,171 - mylogger - INFO - -0.00772796
2017-05-10 18:22:10,171 - mylogger - INFO - 2014-11-26: No short!
2017-05-10 18:22:10,597 - mylogger - INFO - -0.0308272
2017-05-10 18:22:10,597 - mylogger - INFO - 2014-11-28: No short!
2017-05-10 18:22:10,926 - mylogger - INFO - -0.0137318
2017-05-10 18:22:10,927 - mylogger - INFO - 2014-12-01: No short!
2017-05-10 18:22:11,262 - mylogger - INFO - -0.0261368
2017-05-10 18:22:11,262 - mylogger - INFO - 2014-12-02: No short!
2017-05-10 18:22:11,689 - mylogger - INFO - -0.0244996
2017-05-10 18:22:11,689 - mylogger - INFO - 2014-12-03: No short!
2017-05-10 18:22:12,016 - mylogger - INFO - -0.000660415
2017-05-10 18:22:12,016 - mylogger - INFO - 2014-12-04: No short!
2017-05-10 18:22:12,345 - mylogger - INFO - -0.00853378
2017-05-10 18:22:12,345 - mylogger - INFO - 2014-12-05: No short!
2017-05-10 18:22:12,688 - mylogger - INFO - -0.00267582
2017-05-10 18:22:12,688 - mylogger - INFO - 2014-12-08: No short!
2017-05-10 18:22:13,112 - mylogger - INFO - -0.00826673
2017-05-10 18:22:13,113 - mylogger - INFO - 2014-12-09: No short!
2017-05-10 18:22:13,433 - mylogger - INFO - -0.00782849
2017-05-10 18:22:13,434 - mylogger - INFO - 2014-12-10: No short!
2017-05-10 18:22:13,762 - mylogger - INFO - -0.0172156
2017-05-10 18:22:13,762 - mylogger - INFO - 2014-12-11: No short!
2017-05-10 18:22:14,184 - mylogger - INFO - -0.0103524
2017-05-10 18:22:14,184 - mylogger - INFO - 2014-12-12: No short!
2017-05-10 18:22:14,511 - mylogger - INFO - -0.0195314
2017-05-10 18:22:14,511 - mylogger - INFO - 2014-12-15: No short!
2017-05-10 18:22:14,829 - mylogger - INFO - -0.00800063
2017-05-10 18:22:14,830 - mylogger - INFO - 2014-12-16: No short!
2017-05-10 18:22:15,257 - mylogger - INFO - -0.0196698
2017-05-10 18:22:15,258 - mylogger - INFO - 2014-12-17: No short!
2017-05-10 18:22:15,586 - mylogger - INFO - -0.0178441
2017-05-10 18:22:15,587 - mylogger - INFO - 2014-12-18: No short!
2017-05-10 18:22:15,909 - mylogger - INFO - -0.0148702
2017-05-10 18:22:15,909 - mylogger - INFO - 2014-12-19: No short!
2017-05-10 18:22:16,338 - mylogger - INFO - -0.0195411
2017-05-10 18:22:16,338 - mylogger - INFO - 2014-12-22: No short!
2017-05-10 18:22:16,670 - mylogger - INFO - -0.00274205
2017-05-10 18:22:16,670 - mylogger - INFO - 2014-12-23: No short!
2017-05-10 18:22:16,993 - mylogger - INFO - -0.0127126
2017-05-10 18:22:16,993 - mylogger - INFO - 2014-12-24: No short!
2017-05-10 18:22:17,323 - mylogger - INFO - -0.0164083
2017-05-10 18:22:17,323 - mylogger - INFO - 2014-12-26: No short!
2017-05-10 18:22:17,748 - mylogger - INFO - -0.0145283
2017-05-10 18:22:17,748 - mylogger - INFO - 2014-12-29: No short!
2017-05-10 18:22:18,075 - mylogger - INFO - -0.0185085
2017-05-10 18:22:18,075 - mylogger - INFO - 2014-12-30: No short!
2017-05-10 18:22:18,401 - mylogger - INFO - -0.0127779
2017-05-10 18:22:18,401 - mylogger - INFO - 2014-12-31: No short!
2017-05-10 18:22:18,822 - mylogger - INFO - 0.0031091
2017-05-10 18:22:18,823 - mylogger - INFO - 2015-01-02: hold
2017-05-10 18:22:19,175 - mylogger - INFO - -0.0102729
2017-05-10 18:22:19,175 - mylogger - INFO - 2015-01-05: No short!
2017-05-10 18:22:19,502 - mylogger - INFO - -0.00979815
2017-05-10 18:22:19,503 - mylogger - INFO - 2015-01-06: No short!
2017-05-10 18:22:19,930 - mylogger - INFO - -0.0185552
2017-05-10 18:22:19,930 - mylogger - INFO - 2015-01-07: No short!
2017-05-10 18:22:20,256 - mylogger - INFO - -0.0201153
2017-05-10 18:22:20,257 - mylogger - INFO - 2015-01-08: No short!
2017-05-10 18:22:20,588 - mylogger - INFO - -0.0218425
2017-05-10 18:22:20,588 - mylogger - INFO - 2015-01-09: No short!
2017-05-10 18:22:21,013 - mylogger - INFO - -0.0174417
2017-05-10 18:22:21,013 - mylogger - INFO - 2015-01-12: No short!
2017-05-10 18:22:21,349 - mylogger - INFO - -0.0172645
2017-05-10 18:22:21,349 - mylogger - INFO - 2015-01-13: No short!
2017-05-10 18:22:21,677 - mylogger - INFO - -0.00699222
2017-05-10 18:22:21,677 - mylogger - INFO - 2015-01-14: No short!
2017-05-10 18:22:21,996 - mylogger - INFO - -0.00108601
2017-05-10 18:22:21,997 - mylogger - INFO - 2015-01-15: No short!
2017-05-10 18:22:22,421 - mylogger - INFO - -0.0129003
2017-05-10 18:22:22,421 - mylogger - INFO - 2015-01-16: No short!
2017-05-10 18:22:22,745 - mylogger - INFO - -0.00768164
2017-05-10 18:22:22,746 - mylogger - INFO - 2015-01-20: No short!
2017-05-10 18:22:23,079 - mylogger - INFO - -0.0272769
2017-05-10 18:22:23,079 - mylogger - INFO - 2015-01-21: No short!
2017-05-10 18:22:23,502 - mylogger - INFO - -0.0179739
2017-05-10 18:22:23,502 - mylogger - INFO - 2015-01-22: No short!
2017-05-10 18:22:23,837 - mylogger - INFO - -0.014527
2017-05-10 18:22:23,838 - mylogger - INFO - 2015-01-23: No short!
2017-05-10 18:22:24,177 - mylogger - INFO - -0.00521694
2017-05-10 18:22:24,177 - mylogger - INFO - 2015-01-26: No short!
2017-05-10 18:22:24,603 - mylogger - INFO - -0.00985323
2017-05-10 18:22:24,604 - mylogger - INFO - 2015-01-27: No short!
2017-05-10 18:22:24,922 - mylogger - INFO - -0.00312275
2017-05-10 18:22:24,923 - mylogger - INFO - 2015-01-28: No short!
2017-05-10 18:22:25,244 - mylogger - INFO - -0.0109634
2017-05-10 18:22:25,244 - mylogger - INFO - 2015-01-29: No short!
2017-05-10 18:22:25,665 - mylogger - INFO - 0.00010135
2017-05-10 18:22:25,665 - mylogger - INFO - 2015-01-30: hold
2017-05-10 18:22:25,993 - mylogger - INFO - -0.0137227
2017-05-10 18:22:25,993 - mylogger - INFO - 2015-02-02: No short!
2017-05-10 18:22:26,321 - mylogger - INFO - -0.0120275
2017-05-10 18:22:26,322 - mylogger - INFO - 2015-02-03: No short!
2017-05-10 18:22:26,649 - mylogger - INFO - -0.00462388
2017-05-10 18:22:26,649 - mylogger - INFO - 2015-02-04: No short!
2017-05-10 18:22:27,074 - mylogger - INFO - -0.00227177
2017-05-10 18:22:27,075 - mylogger - INFO - 2015-02-05: No short!
2017-05-10 18:22:27,401 - mylogger - INFO - -0.0161946
2017-05-10 18:22:27,401 - mylogger - INFO - 2015-02-06: No short!
2017-05-10 18:22:27,736 - mylogger - INFO - -0.0204458
2017-05-10 18:22:27,736 - mylogger - INFO - 2015-02-09: No short!
2017-05-10 18:22:28,166 - mylogger - INFO - -0.00543473
2017-05-10 18:22:28,166 - mylogger - INFO - 2015-02-10: No short!
2017-05-10 18:22:28,490 - mylogger - INFO - -0.0181943
2017-05-10 18:22:28,490 - mylogger - INFO - 2015-02-11: No short!
2017-05-10 18:22:28,818 - mylogger - INFO - -0.0140836
2017-05-10 18:22:28,819 - mylogger - INFO - 2015-02-12: No short!
2017-05-10 18:22:29,242 - mylogger - INFO - -0.00604701
2017-05-10 18:22:29,242 - mylogger - INFO - 2015-02-13: No short!
2017-05-10 18:22:29,574 - mylogger - INFO - -0.00422123
2017-05-10 18:22:29,574 - mylogger - INFO - 2015-02-17: No short!
2017-05-10 18:22:29,899 - mylogger - INFO - -0.00984796
2017-05-10 18:22:29,900 - mylogger - INFO - 2015-02-18: No short!
2017-05-10 18:22:30,325 - mylogger - INFO - -0.00577125
2017-05-10 18:22:30,325 - mylogger - INFO - 2015-02-19: No short!
2017-05-10 18:22:30,661 - mylogger - INFO - -0.0232078
2017-05-10 18:22:30,661 - mylogger - INFO - 2015-02-20: No short!
2017-05-10 18:22:30,990 - mylogger - INFO - -0.00929229
2017-05-10 18:22:30,990 - mylogger - INFO - 2015-02-23: No short!
2017-05-10 18:22:31,322 - mylogger - INFO - -0.00362009
2017-05-10 18:22:31,322 - mylogger - INFO - 2015-02-24: No short!
2017-05-10 18:22:31,746 - mylogger - INFO - 0.00265948
2017-05-10 18:22:31,747 - mylogger - INFO - 2015-02-25: hold
2017-05-10 18:22:32,083 - mylogger - INFO - -0.0125432
2017-05-10 18:22:32,083 - mylogger - INFO - 2015-02-26: No short!
2017-05-10 18:22:32,410 - mylogger - INFO - -0.00396838
2017-05-10 18:22:32,410 - mylogger - INFO - 2015-02-27: No short!
2017-05-10 18:22:32,836 - mylogger - INFO - -0.0069943
2017-05-10 18:22:32,837 - mylogger - INFO - 2015-03-02: No short!
2017-05-10 18:22:33,168 - mylogger - INFO - -0.0112082
2017-05-10 18:22:33,168 - mylogger - INFO - 2015-03-03: No short!
2017-05-10 18:22:33,496 - mylogger - INFO - -0.0238458
2017-05-10 18:22:33,496 - mylogger - INFO - 2015-03-04: No short!
2017-05-10 18:22:33,924 - mylogger - INFO - -0.018441
2017-05-10 18:22:33,924 - mylogger - INFO - 2015-03-05: No short!
2017-05-10 18:22:34,245 - mylogger - INFO - -0.0150245
2017-05-10 18:22:34,246 - mylogger - INFO - 2015-03-06: No short!
2017-05-10 18:22:34,569 - mylogger - INFO - -0.0219089
2017-05-10 18:22:34,569 - mylogger - INFO - 2015-03-09: No short!
2017-05-10 18:22:34,986 - mylogger - INFO - -0.0057409
2017-05-10 18:22:34,986 - mylogger - INFO - 2015-03-10: No short!
2017-05-10 18:22:35,333 - mylogger - INFO - -0.0312041
2017-05-10 18:22:35,333 - mylogger - INFO - 2015-03-11: No short!
2017-05-10 18:22:35,651 - mylogger - INFO - -0.0226611
2017-05-10 18:22:35,652 - mylogger - INFO - 2015-03-12: No short!
2017-05-10 18:22:35,965 - mylogger - INFO - -0.0310686
2017-05-10 18:22:35,965 - mylogger - INFO - 2015-03-13: No short!
2017-05-10 18:22:36,386 - mylogger - INFO - -0.0215271
2017-05-10 18:22:36,386 - mylogger - INFO - 2015-03-16: No short!
2017-05-10 18:22:36,704 - mylogger - INFO - -0.0168535
2017-05-10 18:22:36,704 - mylogger - INFO - 2015-03-17: No short!
2017-05-10 18:22:37,034 - mylogger - INFO - -0.0106245
2017-05-10 18:22:37,034 - mylogger - INFO - 2015-03-18: No short!
2017-05-10 18:22:37,443 - mylogger - INFO - -0.0170075
2017-05-10 18:22:37,443 - mylogger - INFO - 2015-03-19: No short!
2017-05-10 18:22:37,769 - mylogger - INFO - -0.0161301
2017-05-10 18:22:37,770 - mylogger - INFO - 2015-03-20: No short!
2017-05-10 18:22:38,105 - mylogger - INFO - -0.00762799
2017-05-10 18:22:38,105 - mylogger - INFO - 2015-03-23: No short!
2017-05-10 18:22:38,534 - mylogger - INFO - -0.0178207
2017-05-10 18:22:38,534 - mylogger - INFO - 2015-03-24: No short!
2017-05-10 18:22:38,854 - mylogger - INFO - -0.0081814
2017-05-10 18:22:38,855 - mylogger - INFO - 2015-03-25: No short!
2017-05-10 18:22:39,179 - mylogger - INFO - -0.0165287
2017-05-10 18:22:39,179 - mylogger - INFO - 2015-03-26: No short!
2017-05-10 18:22:39,605 - mylogger - INFO - -0.0241543
2017-05-10 18:22:39,605 - mylogger - INFO - 2015-03-27: No short!
2017-05-10 18:22:39,927 - mylogger - INFO - -0.0239425
2017-05-10 18:22:39,927 - mylogger - INFO - 2015-03-30: No short!
2017-05-10 18:22:40,254 - mylogger - INFO - -0.0237635
2017-05-10 18:22:40,255 - mylogger - INFO - 2015-03-31: No short!
2017-05-10 18:22:40,679 - mylogger - INFO - -0.0263315
2017-05-10 18:22:40,680 - mylogger - INFO - 2015-04-01: No short!
2017-05-10 18:22:41,006 - mylogger - INFO - -0.0237635
2017-05-10 18:22:41,007 - mylogger - INFO - 2015-04-02: No short!
2017-05-10 18:22:41,331 - mylogger - INFO - -0.0224931
2017-05-10 18:22:41,331 - mylogger - INFO - 2015-04-06: No short!
2017-05-10 18:22:41,658 - mylogger - INFO - -0.0379671
2017-05-10 18:22:41,658 - mylogger - INFO - 2015-04-07: No short!
2017-05-10 18:22:42,092 - mylogger - INFO - -0.00555143
2017-05-10 18:22:42,092 - mylogger - INFO - 2015-04-08: No short!
2017-05-10 18:22:42,413 - mylogger - INFO - -0.0132464
2017-05-10 18:22:42,414 - mylogger - INFO - 2015-04-09: No short!
2017-05-10 18:22:42,739 - mylogger - INFO - -0.0122823
2017-05-10 18:22:42,739 - mylogger - INFO - 2015-04-10: No short!
2017-05-10 18:22:43,161 - mylogger - INFO - -0.00926815
2017-05-10 18:22:43,162 - mylogger - INFO - 2015-04-13: No short!
2017-05-10 18:22:43,486 - mylogger - INFO - -0.0188989
2017-05-10 18:22:43,486 - mylogger - INFO - 2015-04-14: No short!
2017-05-10 18:22:43,823 - mylogger - INFO - -0.0208519
2017-05-10 18:22:43,823 - mylogger - INFO - 2015-04-15: No short!
2017-05-10 18:22:44,243 - mylogger - INFO - -0.0177849
2017-05-10 18:22:44,243 - mylogger - INFO - 2015-04-16: No short!
2017-05-10 18:22:44,577 - mylogger - INFO - -0.0174508
2017-05-10 18:22:44,578 - mylogger - INFO - 2015-04-17: No short!
2017-05-10 18:22:44,896 - mylogger - INFO - -0.0167906
2017-05-10 18:22:44,896 - mylogger - INFO - 2015-04-20: No short!
2017-05-10 18:22:45,322 - mylogger - INFO - -0.0144428
2017-05-10 18:22:45,322 - mylogger - INFO - 2015-04-21: No short!
2017-05-10 18:22:45,652 - mylogger - INFO - -0.024867
2017-05-10 18:22:45,653 - mylogger - INFO - 2015-04-22: No short!
2017-05-10 18:22:45,974 - mylogger - INFO - -0.0286045
2017-05-10 18:22:45,974 - mylogger - INFO - 2015-04-23: No short!
2017-05-10 18:22:46,297 - mylogger - INFO - -0.0291682
2017-05-10 18:22:46,298 - mylogger - INFO - 2015-04-24: No short!
2017-05-10 18:22:46,723 - mylogger - INFO - -0.0217209
2017-05-10 18:22:46,723 - mylogger - INFO - 2015-04-27: No short!
2017-05-10 18:22:47,050 - mylogger - INFO - -0.0247995
2017-05-10 18:22:47,050 - mylogger - INFO - 2015-04-28: No short!
2017-05-10 18:22:47,381 - mylogger - INFO - -0.0194541
2017-05-10 18:22:47,382 - mylogger - INFO - 2015-04-29: No short!
2017-05-10 18:22:47,805 - mylogger - INFO - -0.0332958
2017-05-10 18:22:47,805 - mylogger - INFO - 2015-04-30: No short!
2017-05-10 18:22:48,132 - mylogger - INFO - -0.0259456
2017-05-10 18:22:48,132 - mylogger - INFO - 2015-05-01: No short!
2017-05-10 18:22:48,454 - mylogger - INFO - -0.0433448
2017-05-10 18:22:48,454 - mylogger - INFO - 2015-05-04: No short!
2017-05-10 18:22:48,872 - mylogger - INFO - -0.0256904
2017-05-10 18:22:48,872 - mylogger - INFO - 2015-05-05: No short!
2017-05-10 18:22:49,226 - mylogger - INFO - -0.0368645
2017-05-10 18:22:49,226 - mylogger - INFO - 2015-05-06: No short!
2017-05-10 18:22:49,566 - mylogger - INFO - -0.021974
2017-05-10 18:22:49,567 - mylogger - INFO - 2015-05-07: No short!
2017-05-10 18:22:49,988 - mylogger - INFO - -0.0151104
2017-05-10 18:22:49,989 - mylogger - INFO - 2015-05-08: No short!
2017-05-10 18:22:50,331 - mylogger - INFO - -0.0155823
2017-05-10 18:22:50,331 - mylogger - INFO - 2015-05-11: No short!
2017-05-10 18:22:50,650 - mylogger - INFO - -0.0189318
2017-05-10 18:22:50,650 - mylogger - INFO - 2015-05-12: No short!
2017-05-10 18:22:50,963 - mylogger - INFO - -0.0220588
2017-05-10 18:22:50,963 - mylogger - INFO - 2015-05-13: No short!
2017-05-10 18:22:51,379 - mylogger - INFO - -0.0155356
2017-05-10 18:22:51,379 - mylogger - INFO - 2015-05-14: No short!
2017-05-10 18:22:51,711 - mylogger - INFO - -0.00509096
2017-05-10 18:22:51,711 - mylogger - INFO - 2015-05-15: No short!
2017-05-10 18:22:52,046 - mylogger - INFO - -0.014741
2017-05-10 18:22:52,046 - mylogger - INFO - 2015-05-18: No short!
2017-05-10 18:22:52,469 - mylogger - INFO - -0.0152806
2017-05-10 18:22:52,470 - mylogger - INFO - 2015-05-19: No short!
2017-05-10 18:22:52,800 - mylogger - INFO - -0.0164893
2017-05-10 18:22:52,801 - mylogger - INFO - 2015-05-20: No short!
2017-05-10 18:22:53,129 - mylogger - INFO - -0.0076275
2017-05-10 18:22:53,130 - mylogger - INFO - 2015-05-21: No short!
2017-05-10 18:22:53,560 - mylogger - INFO - -0.0114807
2017-05-10 18:22:53,560 - mylogger - INFO - 2015-05-22: No short!
2017-05-10 18:22:53,885 - mylogger - INFO - -0.0127335
2017-05-10 18:22:53,885 - mylogger - INFO - 2015-05-26: No short!
2017-05-10 18:22:54,218 - mylogger - INFO - -0.0140802
2017-05-10 18:22:54,218 - mylogger - INFO - 2015-05-27: No short!
2017-05-10 18:22:54,644 - mylogger - INFO - -0.00946739
2017-05-10 18:22:54,645 - mylogger - INFO - 2015-05-28: No short!
2017-05-10 18:22:54,966 - mylogger - INFO - -0.0189071
2017-05-10 18:22:54,967 - mylogger - INFO - 2015-05-29: No short!
2017-05-10 18:22:55,294 - mylogger - INFO - -0.0117341
2017-05-10 18:22:55,294 - mylogger - INFO - 2015-06-01: No short!
2017-05-10 18:22:55,617 - mylogger - INFO - -0.0219632
2017-05-10 18:22:55,617 - mylogger - INFO - 2015-06-02: No short!
2017-05-10 18:22:56,041 - mylogger - INFO - -0.0230774
2017-05-10 18:22:56,041 - mylogger - INFO - 2015-06-03: No short!
2017-05-10 18:22:56,363 - mylogger - INFO - -0.0156361
2017-05-10 18:22:56,363 - mylogger - INFO - 2015-06-04: No short!
2017-05-10 18:22:56,689 - mylogger - INFO - -0.00923992
2017-05-10 18:22:56,689 - mylogger - INFO - 2015-06-05: No short!
2017-05-10 18:22:57,124 - mylogger - INFO - 0.00201738
2017-05-10 18:22:57,124 - mylogger - INFO - 2015-06-08: hold
2017-05-10 18:22:57,448 - mylogger - INFO - 0.000156404
2017-05-10 18:22:57,448 - mylogger - INFO - 2015-06-09: hold
2017-05-10 18:22:57,794 - mylogger - INFO - -0.00395789
2017-05-10 18:22:57,794 - mylogger - INFO - 2015-06-10: No short!
2017-05-10 18:22:58,229 - mylogger - INFO - -0.00150158
2017-05-10 18:22:58,229 - mylogger - INFO - 2015-06-11: No short!
2017-05-10 18:22:58,587 - mylogger - INFO - -0.0058607
2017-05-10 18:22:58,588 - mylogger - INFO - 2015-06-12: No short!
2017-05-10 18:22:58,912 - mylogger - INFO - -0.0221402
2017-05-10 18:22:58,912 - mylogger - INFO - 2015-06-15: No short!
2017-05-10 18:22:59,342 - mylogger - INFO - -0.00538897
2017-05-10 18:22:59,342 - mylogger - INFO - 2015-06-16: No short!
2017-05-10 18:22:59,667 - mylogger - INFO - -0.0183709
2017-05-10 18:22:59,668 - mylogger - INFO - 2015-06-17: No short!
2017-05-10 18:22:59,991 - mylogger - INFO - -0.0177007
2017-05-10 18:22:59,992 - mylogger - INFO - 2015-06-18: No short!
2017-05-10 18:23:00,325 - mylogger - INFO - 0.00134852
2017-05-10 18:23:00,325 - mylogger - INFO - 2015-06-19: hold
2017-05-10 18:23:00,752 - mylogger - INFO - -0.0075539
2017-05-10 18:23:00,752 - mylogger - INFO - 2015-06-22: No short!
2017-05-10 18:23:01,082 - mylogger - INFO - -0.00295499
2017-05-10 18:23:01,082 - mylogger - INFO - 2015-06-23: No short!
2017-05-10 18:23:01,403 - mylogger - INFO - -0.00991568
2017-05-10 18:23:01,403 - mylogger - INFO - 2015-06-24: No short!
2017-05-10 18:23:01,829 - mylogger - INFO - -0.0212007
2017-05-10 18:23:01,829 - mylogger - INFO - 2015-06-25: No short!
2017-05-10 18:23:02,165 - mylogger - INFO - -0.0103925
2017-05-10 18:23:02,165 - mylogger - INFO - 2015-06-26: No short!
2017-05-10 18:23:02,488 - mylogger - INFO - -0.00441419
2017-05-10 18:23:02,488 - mylogger - INFO - 2015-06-29: No short!
2017-05-10 18:23:02,917 - mylogger - INFO - -0.0112457
2017-05-10 18:23:02,918 - mylogger - INFO - 2015-06-30: No short!
2017-05-10 18:23:03,250 - mylogger - INFO - -0.00925211
2017-05-10 18:23:03,250 - mylogger - INFO - 2015-07-01: No short!
2017-05-10 18:23:03,576 - mylogger - INFO - -0.015126
2017-05-10 18:23:03,577 - mylogger - INFO - 2015-07-02: No short!
2017-05-10 18:23:04,002 - mylogger - INFO - -0.0113762
2017-05-10 18:23:04,003 - mylogger - INFO - 2015-07-06: No short!
2017-05-10 18:23:04,327 - mylogger - INFO - 0.0033541
2017-05-10 18:23:04,327 - mylogger - INFO - 2015-07-07: hold
2017-05-10 18:23:04,658 - mylogger - INFO - -0.00872624
2017-05-10 18:23:04,658 - mylogger - INFO - 2015-07-08: No short!
2017-05-10 18:23:04,978 - mylogger - INFO - -0.0227558
2017-05-10 18:23:04,978 - mylogger - INFO - 2015-07-09: No short!
2017-05-10 18:23:05,402 - mylogger - INFO - -0.00787886
2017-05-10 18:23:05,402 - mylogger - INFO - 2015-07-10: No short!
2017-05-10 18:23:05,729 - mylogger - INFO - -0.0194861
2017-05-10 18:23:05,729 - mylogger - INFO - 2015-07-13: No short!
2017-05-10 18:23:06,053 - mylogger - INFO - -0.0220951
2017-05-10 18:23:06,054 - mylogger - INFO - 2015-07-14: No short!
2017-05-10 18:23:06,478 - mylogger - INFO - -0.0190757
2017-05-10 18:23:06,478 - mylogger - INFO - 2015-07-15: No short!
2017-05-10 18:23:06,808 - mylogger - INFO - -0.0185873
2017-05-10 18:23:06,808 - mylogger - INFO - 2015-07-16: No short!
2017-05-10 18:23:07,141 - mylogger - INFO - -0.00302972
2017-05-10 18:23:07,141 - mylogger - INFO - 2015-07-17: No short!
2017-05-10 18:23:07,576 - mylogger - INFO - -0.0133234
2017-05-10 18:23:07,576 - mylogger - INFO - 2015-07-20: No short!
2017-05-10 18:23:07,895 - mylogger - INFO - -0.0168675
2017-05-10 18:23:07,895 - mylogger - INFO - 2015-07-21: No short!
2017-05-10 18:23:08,228 - mylogger - INFO - -0.0170754
2017-05-10 18:23:08,228 - mylogger - INFO - 2015-07-22: No short!
2017-05-10 18:23:08,657 - mylogger - INFO - -0.0224032
2017-05-10 18:23:08,658 - mylogger - INFO - 2015-07-23: No short!
2017-05-10 18:23:08,984 - mylogger - INFO - -0.0122722
2017-05-10 18:23:08,984 - mylogger - INFO - 2015-07-24: No short!
2017-05-10 18:23:09,330 - mylogger - INFO - -0.00594772
2017-05-10 18:23:09,330 - mylogger - INFO - 2015-07-27: No short!
2017-05-10 18:23:09,647 - mylogger - INFO - -0.0106957
2017-05-10 18:23:09,648 - mylogger - INFO - 2015-07-28: No short!
2017-05-10 18:23:10,065 - mylogger - INFO - -0.000576632
2017-05-10 18:23:10,065 - mylogger - INFO - 2015-07-29: No short!
2017-05-10 18:23:10,378 - mylogger - INFO - -0.00164213
2017-05-10 18:23:10,378 - mylogger - INFO - 2015-07-30: No short!
2017-05-10 18:23:10,707 - mylogger - INFO - -0.00377074
2017-05-10 18:23:10,707 - mylogger - INFO - 2015-07-31: No short!
2017-05-10 18:23:11,139 - mylogger - INFO - -0.00636816
2017-05-10 18:23:11,139 - mylogger - INFO - 2015-08-03: No short!
2017-05-10 18:23:11,462 - mylogger - INFO - -0.0146952
2017-05-10 18:23:11,462 - mylogger - INFO - 2015-08-04: No short!
2017-05-10 18:23:11,781 - mylogger - INFO - -0.0142594
2017-05-10 18:23:11,781 - mylogger - INFO - 2015-08-05: No short!
2017-05-10 18:23:12,206 - mylogger - INFO - -0.00176402
2017-05-10 18:23:12,206 - mylogger - INFO - 2015-08-06: No short!
2017-05-10 18:23:12,536 - mylogger - INFO - -0.00990586
2017-05-10 18:23:12,536 - mylogger - INFO - 2015-08-07: No short!
2017-05-10 18:23:12,860 - mylogger - INFO - -0.00875684
2017-05-10 18:23:12,861 - mylogger - INFO - 2015-08-10: No short!
2017-05-10 18:23:13,294 - mylogger - INFO - -0.014449
2017-05-10 18:23:13,294 - mylogger - INFO - 2015-08-11: No short!
2017-05-10 18:23:13,629 - mylogger - INFO - -0.00840637
2017-05-10 18:23:13,629 - mylogger - INFO - 2015-08-12: No short!
2017-05-10 18:23:13,952 - mylogger - INFO - -0.0163422
2017-05-10 18:23:13,952 - mylogger - INFO - 2015-08-13: No short!
2017-05-10 18:23:14,279 - mylogger - INFO - -0.013379
2017-05-10 18:23:14,279 - mylogger - INFO - 2015-08-14: No short!
2017-05-10 18:23:14,707 - mylogger - INFO - -0.017271
2017-05-10 18:23:14,707 - mylogger - INFO - 2015-08-17: No short!
2017-05-10 18:23:15,031 - mylogger - INFO - -0.0193389
2017-05-10 18:23:15,031 - mylogger - INFO - 2015-08-18: No short!
2017-05-10 18:23:15,359 - mylogger - INFO - -0.0284346
2017-05-10 18:23:15,359 - mylogger - INFO - 2015-08-19: No short!
2017-05-10 18:23:15,784 - mylogger - INFO - -0.023235
2017-05-10 18:23:15,784 - mylogger - INFO - 2015-08-20: No short!
2017-05-10 18:23:16,113 - mylogger - INFO - -0.0177167
2017-05-10 18:23:16,113 - mylogger - INFO - 2015-08-21: No short!
2017-05-10 18:23:16,434 - mylogger - INFO - -0.0397408
2017-05-10 18:23:16,434 - mylogger - INFO - 2015-08-24: No short!
2017-05-10 18:23:16,856 - mylogger - INFO - -0.0120648
2017-05-10 18:23:16,856 - mylogger - INFO - 2015-08-25: No short!
2017-05-10 18:23:17,185 - mylogger - INFO - -0.0114004
2017-05-10 18:23:17,186 - mylogger - INFO - 2015-08-26: No short!
2017-05-10 18:23:17,510 - mylogger - INFO - -0.00512236
2017-05-10 18:23:17,511 - mylogger - INFO - 2015-08-27: No short!
2017-05-10 18:23:17,935 - mylogger - INFO - -0.00676549
2017-05-10 18:23:17,935 - mylogger - INFO - 2015-08-28: No short!
2017-05-10 18:23:18,257 - mylogger - INFO - -0.00884377
2017-05-10 18:23:18,257 - mylogger - INFO - 2015-08-31: No short!
2017-05-10 18:23:18,582 - mylogger - INFO - -0.00931691
2017-05-10 18:23:18,583 - mylogger - INFO - 2015-09-01: No short!
2017-05-10 18:23:18,907 - mylogger - INFO - 0.00651086
2017-05-10 18:23:18,908 - mylogger - INFO - 2015-09-02: buy
2017-05-10 18:23:18,908 - mylogger - INFO - 99102.7370239
2017-05-10 18:23:19,353 - mylogger - INFO - -0.00900641
2017-05-10 18:23:19,354 - mylogger - INFO - 2015-09-03: sell
2017-05-10 18:23:19,687 - mylogger - INFO - -0.0270786
2017-05-10 18:23:19,687 - mylogger - INFO - 2015-09-04: No short!
2017-05-10 18:23:20,013 - mylogger - INFO - -0.00411164
2017-05-10 18:23:20,013 - mylogger - INFO - 2015-09-08: No short!
2017-05-10 18:23:20,436 - mylogger - INFO - -0.0067898
2017-05-10 18:23:20,437 - mylogger - INFO - 2015-09-09: No short!
2017-05-10 18:23:20,761 - mylogger - INFO - -0.0203573
2017-05-10 18:23:20,761 - mylogger - INFO - 2015-09-10: No short!
2017-05-10 18:23:21,086 - mylogger - INFO - -0.00274651
2017-05-10 18:23:21,087 - mylogger - INFO - 2015-09-11: No short!
2017-05-10 18:23:21,514 - mylogger - INFO - -0.022768
2017-05-10 18:23:21,514 - mylogger - INFO - 2015-09-14: No short!
2017-05-10 18:23:21,843 - mylogger - INFO - -0.0201892
2017-05-10 18:23:21,844 - mylogger - INFO - 2015-09-15: No short!
2017-05-10 18:23:22,173 - mylogger - INFO - -0.00370546
2017-05-10 18:23:22,173 - mylogger - INFO - 2015-09-16: No short!
2017-05-10 18:23:22,603 - mylogger - INFO - -0.00998073
2017-05-10 18:23:22,604 - mylogger - INFO - 2015-09-17: No short!
2017-05-10 18:23:22,931 - mylogger - INFO - -0.0195293
2017-05-10 18:23:22,931 - mylogger - INFO - 2015-09-18: No short!
2017-05-10 18:23:23,252 - mylogger - INFO - -0.0268997
2017-05-10 18:23:23,252 - mylogger - INFO - 2015-09-21: No short!
2017-05-10 18:23:23,579 - mylogger - INFO - -0.0217663
2017-05-10 18:23:23,579 - mylogger - INFO - 2015-09-22: No short!
2017-05-10 18:23:24,006 - mylogger - INFO - -0.0299795
2017-05-10 18:23:24,006 - mylogger - INFO - 2015-09-23: No short!
2017-05-10 18:23:24,328 - mylogger - INFO - -0.0257319
2017-05-10 18:23:24,328 - mylogger - INFO - 2015-09-24: No short!
2017-05-10 18:23:24,658 - mylogger - INFO - -0.0277157
2017-05-10 18:23:24,658 - mylogger - INFO - 2015-09-25: No short!
2017-05-10 18:23:25,083 - mylogger - INFO - -0.015971
2017-05-10 18:23:25,083 - mylogger - INFO - 2015-09-28: No short!
2017-05-10 18:23:25,413 - mylogger - INFO - -0.0291424
2017-05-10 18:23:25,414 - mylogger - INFO - 2015-09-29: No short!
2017-05-10 18:23:25,736 - mylogger - INFO - -0.0221394
2017-05-10 18:23:25,737 - mylogger - INFO - 2015-09-30: No short!
2017-05-10 18:23:26,159 - mylogger - INFO - -0.0310735
2017-05-10 18:23:26,159 - mylogger - INFO - 2015-10-01: No short!
2017-05-10 18:23:26,482 - mylogger - INFO - -0.0258417
2017-05-10 18:23:26,482 - mylogger - INFO - 2015-10-02: No short!
2017-05-10 18:23:26,819 - mylogger - INFO - -0.0259304
2017-05-10 18:23:26,819 - mylogger - INFO - 2015-10-05: No short!
2017-05-10 18:23:27,235 - mylogger - INFO - -0.0292841
2017-05-10 18:23:27,235 - mylogger - INFO - 2015-10-06: No short!
2017-05-10 18:23:27,565 - mylogger - INFO - -0.0342903
2017-05-10 18:23:27,565 - mylogger - INFO - 2015-10-07: No short!
2017-05-10 18:23:27,895 - mylogger - INFO - -0.0198991
2017-05-10 18:23:27,895 - mylogger - INFO - 2015-10-08: No short!
2017-05-10 18:23:28,328 - mylogger - INFO - -0.012586
2017-05-10 18:23:28,328 - mylogger - INFO - 2015-10-09: No short!
2017-05-10 18:23:28,652 - mylogger - INFO - -0.0213304
2017-05-10 18:23:28,652 - mylogger - INFO - 2015-10-12: No short!
2017-05-10 18:23:28,977 - mylogger - INFO - -0.0233282
2017-05-10 18:23:28,978 - mylogger - INFO - 2015-10-13: No short!
2017-05-10 18:23:29,308 - mylogger - INFO - -0.0192602
2017-05-10 18:23:29,308 - mylogger - INFO - 2015-10-14: No short!
2017-05-10 18:23:29,733 - mylogger - INFO - -0.0195567
2017-05-10 18:23:29,733 - mylogger - INFO - 2015-10-15: No short!
2017-05-10 18:23:30,064 - mylogger - INFO - 0.00301611
2017-05-10 18:23:30,065 - mylogger - INFO - 2015-10-16: hold
2017-05-10 18:23:30,395 - mylogger - INFO - -0.0172024
2017-05-10 18:23:30,395 - mylogger - INFO - 2015-10-19: No short!
2017-05-10 18:23:30,823 - mylogger - INFO - -0.000363525
2017-05-10 18:23:30,823 - mylogger - INFO - 2015-10-20: No short!
2017-05-10 18:23:31,151 - mylogger - INFO - -0.0196248
2017-05-10 18:23:31,151 - mylogger - INFO - 2015-10-21: No short!
2017-05-10 18:23:31,492 - mylogger - INFO - -0.0251197
2017-05-10 18:23:31,492 - mylogger - INFO - 2015-10-22: No short!
2017-05-10 18:23:31,939 - mylogger - INFO - -0.022476
2017-05-10 18:23:31,939 - mylogger - INFO - 2015-10-23: No short!
2017-05-10 18:23:32,263 - mylogger - INFO - -0.0172305
2017-05-10 18:23:32,263 - mylogger - INFO - 2015-10-26: No short!
2017-05-10 18:23:32,589 - mylogger - INFO - -0.0178855
2017-05-10 18:23:32,590 - mylogger - INFO - 2015-10-27: No short!
2017-05-10 18:23:33,018 - mylogger - INFO - -0.0251434
2017-05-10 18:23:33,018 - mylogger - INFO - 2015-10-28: No short!
2017-05-10 18:23:33,358 - mylogger - INFO - -0.0170026
2017-05-10 18:23:33,359 - mylogger - INFO - 2015-10-29: No short!
2017-05-10 18:23:33,689 - mylogger - INFO - -0.0138221
2017-05-10 18:23:33,689 - mylogger - INFO - 2015-10-30: No short!
2017-05-10 18:23:34,114 - mylogger - INFO - -0.00492383
2017-05-10 18:23:34,114 - mylogger - INFO - 2015-11-02: No short!
2017-05-10 18:23:34,436 - mylogger - INFO - -0.00705619
2017-05-10 18:23:34,437 - mylogger - INFO - 2015-11-03: No short!
2017-05-10 18:23:34,757 - mylogger - INFO - -0.0219634
2017-05-10 18:23:34,758 - mylogger - INFO - 2015-11-04: No short!
2017-05-10 18:23:35,091 - mylogger - INFO - -0.0183831
2017-05-10 18:23:35,091 - mylogger - INFO - 2015-11-05: No short!
2017-05-10 18:23:35,519 - mylogger - INFO - 0.0018888
2017-05-10 18:23:35,520 - mylogger - INFO - 2015-11-06: hold
2017-05-10 18:23:35,845 - mylogger - INFO - -0.0110222
2017-05-10 18:23:35,845 - mylogger - INFO - 2015-11-09: No short!
2017-05-10 18:23:36,173 - mylogger - INFO - -0.0236585
2017-05-10 18:23:36,174 - mylogger - INFO - 2015-11-10: No short!
2017-05-10 18:23:36,599 - mylogger - INFO - -0.0135008
2017-05-10 18:23:36,599 - mylogger - INFO - 2015-11-11: No short!
2017-05-10 18:23:36,928 - mylogger - INFO - -0.0134115
2017-05-10 18:23:36,928 - mylogger - INFO - 2015-11-12: No short!
2017-05-10 18:23:37,271 - mylogger - INFO - -0.0123172
2017-05-10 18:23:37,272 - mylogger - INFO - 2015-11-13: No short!
2017-05-10 18:23:37,746 - mylogger - INFO - -0.01152
2017-05-10 18:23:37,747 - mylogger - INFO - 2015-11-16: No short!
2017-05-10 18:23:38,078 - mylogger - INFO - -0.0133069
2017-05-10 18:23:38,078 - mylogger - INFO - 2015-11-17: No short!
2017-05-10 18:23:38,408 - mylogger - INFO - -0.016677
2017-05-10 18:23:38,409 - mylogger - INFO - 2015-11-18: No short!
2017-05-10 18:23:38,833 - mylogger - INFO - -0.0232055
2017-05-10 18:23:38,834 - mylogger - INFO - 2015-11-19: No short!
2017-05-10 18:23:39,173 - mylogger - INFO - -0.0163792
2017-05-10 18:23:39,174 - mylogger - INFO - 2015-11-20: No short!
2017-05-10 18:23:39,500 - mylogger - INFO - -0.00877563
2017-05-10 18:23:39,500 - mylogger - INFO - 2015-11-23: No short!
2017-05-10 18:23:39,930 - mylogger - INFO - -0.0132269
2017-05-10 18:23:39,931 - mylogger - INFO - 2015-11-24: No short!
2017-05-10 18:23:40,260 - mylogger - INFO - -0.015649
2017-05-10 18:23:40,260 - mylogger - INFO - 2015-11-25: No short!
2017-05-10 18:23:40,587 - mylogger - INFO - -0.0121702
2017-05-10 18:23:40,587 - mylogger - INFO - 2015-11-27: No short!
2017-05-10 18:23:40,908 - mylogger - INFO - 0.00338387
2017-05-10 18:23:40,909 - mylogger - INFO - 2015-11-30: hold
2017-05-10 18:23:41,347 - mylogger - INFO - -0.0117925
2017-05-10 18:23:41,348 - mylogger - INFO - 2015-12-01: No short!
2017-05-10 18:23:41,684 - mylogger - INFO - -0.00111976
2017-05-10 18:23:41,684 - mylogger - INFO - 2015-12-02: No short!
2017-05-10 18:23:42,024 - mylogger - INFO - -0.0121048
2017-05-10 18:23:42,025 - mylogger - INFO - 2015-12-03: No short!
2017-05-10 18:23:42,453 - mylogger - INFO - -0.018304
2017-05-10 18:23:42,453 - mylogger - INFO - 2015-12-04: No short!
2017-05-10 18:23:42,785 - mylogger - INFO - -0.00829892
2017-05-10 18:23:42,786 - mylogger - INFO - 2015-12-07: No short!
2017-05-10 18:23:43,126 - mylogger - INFO - 0.00137679
2017-05-10 18:23:43,126 - mylogger - INFO - 2015-12-08: hold
2017-05-10 18:23:43,567 - mylogger - INFO - -0.0030048
2017-05-10 18:23:43,567 - mylogger - INFO - 2015-12-09: No short!
2017-05-10 18:23:43,896 - mylogger - INFO - -0.00128272
2017-05-10 18:23:43,896 - mylogger - INFO - 2015-12-10: No short!
2017-05-10 18:23:44,238 - mylogger - INFO - 0.00836334
2017-05-10 18:23:44,239 - mylogger - INFO - 2015-12-11: buy
2017-05-10 18:23:44,239 - mylogger - INFO - 96982.2074662
2017-05-10 18:23:44,687 - mylogger - INFO - 0.00291719
2017-05-10 18:23:44,688 - mylogger - INFO - 2015-12-14: hold
2017-05-10 18:23:45,038 - mylogger - INFO - 0.000224628
2017-05-10 18:23:45,038 - mylogger - INFO - 2015-12-15: hold
2017-05-10 18:23:45,386 - mylogger - INFO - -0.00411878
2017-05-10 18:23:45,387 - mylogger - INFO - 2015-12-16: sell
2017-05-10 18:23:45,716 - mylogger - INFO - 0.00141404
2017-05-10 18:23:45,716 - mylogger - INFO - 2015-12-17: hold
2017-05-10 18:23:46,147 - mylogger - INFO - -0.000209456
2017-05-10 18:23:46,148 - mylogger - INFO - 2015-12-18: No short!
2017-05-10 18:23:46,475 - mylogger - INFO - 0.00907781
2017-05-10 18:23:46,476 - mylogger - INFO - 2015-12-21: buy
2017-05-10 18:23:46,476 - mylogger - INFO - 98593.4196514
2017-05-10 18:23:46,798 - mylogger - INFO - -0.0123817
2017-05-10 18:23:46,799 - mylogger - INFO - 2015-12-22: sell
2017-05-10 18:23:47,223 - mylogger - INFO - 0.0165389
2017-05-10 18:23:47,224 - mylogger - INFO - 2015-12-23: buy
2017-05-10 18:23:47,224 - mylogger - INFO - 100034.596161
2017-05-10 18:23:47,551 - mylogger - INFO - 0.000452761
2017-05-10 18:23:47,551 - mylogger - INFO - 2015-12-24: hold
2017-05-10 18:23:47,870 - mylogger - INFO - 0.000903483
2017-05-10 18:23:47,870 - mylogger - INFO - 2015-12-28: hold
2017-05-10 18:23:48,311 - mylogger - INFO - -0.00374947
2017-05-10 18:23:48,312 - mylogger - INFO - 2015-12-29: sell
2017-05-10 18:23:48,638 - mylogger - INFO - -0.0171971
2017-05-10 18:23:48,638 - mylogger - INFO - 2015-12-30: No short!
2017-05-10 18:23:48,965 - mylogger - INFO - -0.0114474
2017-05-10 18:23:48,965 - mylogger - INFO - 2015-12-31: No short!
2017-05-10 18:23:49,666 - mylogger - INFO - Total profit and loss: 0.00695109172863
2017-05-10 18:23:49,698 - mylogger - INFO - Hit table:
2017-05-10 18:23:49,698 - mylogger - INFO - Date          signal  hit/miss
2017-05-10 18:23:49,698 - mylogger - INFO - 2014-01-02    hold    miss
2017-05-10 18:23:49,699 - mylogger - INFO - 2014-01-03    hold    miss
2017-05-10 18:23:49,699 - mylogger - INFO - 2014-01-06    hold    hit
2017-05-10 18:23:49,699 - mylogger - INFO - 2014-01-07    hold    miss
2017-05-10 18:23:49,699 - mylogger - INFO - 2014-01-08    hold    hit
2017-05-10 18:23:49,699 - mylogger - INFO - 2014-01-09    hold    miss
2017-05-10 18:23:49,699 - mylogger - INFO - 2014-01-10    hold    miss
2017-05-10 18:23:49,700 - mylogger - INFO - 2014-01-13    hold    miss
2017-05-10 18:23:49,700 - mylogger - INFO - 2014-01-14    hold    miss
2017-05-10 18:23:49,700 - mylogger - INFO - 2014-01-15    hold    miss
2017-05-10 18:23:49,700 - mylogger - INFO - 2014-01-16    hold    miss
2017-05-10 18:23:49,700 - mylogger - INFO - 2014-01-17    hold    miss
2017-05-10 18:23:49,700 - mylogger - INFO - 2014-01-21    hold    miss
2017-05-10 18:23:49,701 - mylogger - INFO - 2014-01-22    hold    miss
2017-05-10 18:23:49,701 - mylogger - INFO - 2014-01-23    hold    miss
2017-05-10 18:23:49,701 - mylogger - INFO - 2014-01-24    hold    hit
2017-05-10 18:23:49,701 - mylogger - INFO - 2014-01-27    hold    miss
2017-05-10 18:23:49,702 - mylogger - INFO - 2014-01-28    hold    miss
2017-05-10 18:23:49,702 - mylogger - INFO - 2014-01-29    hold    miss
2017-05-10 18:23:49,702 - mylogger - INFO - 2014-01-30    hold    miss
2017-05-10 18:23:49,702 - mylogger - INFO - 2014-01-31    hold    miss
2017-05-10 18:23:49,702 - mylogger - INFO - 2014-02-03    hold    miss
2017-05-10 18:23:49,703 - mylogger - INFO - 2014-02-04    hold    miss
2017-05-10 18:23:49,703 - mylogger - INFO - 2014-02-05    hold    miss
2017-05-10 18:23:49,703 - mylogger - INFO - 2014-02-06    buy     hit
2017-05-10 18:23:49,703 - mylogger - INFO - 2014-02-07    sell    hit
2017-05-10 18:23:49,704 - mylogger - INFO - 2014-02-10    hold    miss
2017-05-10 18:23:49,704 - mylogger - INFO - 2014-02-11    hold    miss
2017-05-10 18:23:49,704 - mylogger - INFO - 2014-02-12    hold    hit
2017-05-10 18:23:49,704 - mylogger - INFO - 2014-02-13    hold    miss
2017-05-10 18:23:49,704 - mylogger - INFO - 2014-02-14    hold    miss
2017-05-10 18:23:49,704 - mylogger - INFO - 2014-02-18    hold    miss
2017-05-10 18:23:49,705 - mylogger - INFO - 2014-02-19    hold    miss
2017-05-10 18:23:49,705 - mylogger - INFO - 2014-02-20    hold    miss
2017-05-10 18:23:49,705 - mylogger - INFO - 2014-02-21    hold    miss
2017-05-10 18:23:49,705 - mylogger - INFO - 2014-02-24    hold    miss
2017-05-10 18:23:49,705 - mylogger - INFO - 2014-02-25    hold    hit
2017-05-10 18:23:49,705 - mylogger - INFO - 2014-02-26    hold    miss
2017-05-10 18:23:49,705 - mylogger - INFO - 2014-02-27    hold    miss
2017-05-10 18:23:49,705 - mylogger - INFO - 2014-02-28    hold    miss
2017-05-10 18:23:49,706 - mylogger - INFO - 2014-03-03    hold    miss
2017-05-10 18:23:49,706 - mylogger - INFO - 2014-03-04    hold    miss
2017-05-10 18:23:49,706 - mylogger - INFO - 2014-03-05    hold    miss
2017-05-10 18:23:49,706 - mylogger - INFO - 2014-03-06    hold    miss
2017-05-10 18:23:49,706 - mylogger - INFO - 2014-03-07    hold    miss
2017-05-10 18:23:49,706 - mylogger - INFO - 2014-03-10    hold    miss
2017-05-10 18:23:49,706 - mylogger - INFO - 2014-03-11    hold    miss
2017-05-10 18:23:49,706 - mylogger - INFO - 2014-03-12    hold    miss
2017-05-10 18:23:49,707 - mylogger - INFO - 2014-03-13    hold    miss
2017-05-10 18:23:49,707 - mylogger - INFO - 2014-03-14    hold    miss
2017-05-10 18:23:49,707 - mylogger - INFO - 2014-03-17    hold    miss
2017-05-10 18:23:49,707 - mylogger - INFO - 2014-03-18    hold    miss
2017-05-10 18:23:49,707 - mylogger - INFO - 2014-03-19    hold    miss
2017-05-10 18:23:49,707 - mylogger - INFO - 2014-03-20    hold    miss
2017-05-10 18:23:49,707 - mylogger - INFO - 2014-03-21    hold    hit
2017-05-10 18:23:49,708 - mylogger - INFO - 2014-03-24    hold    miss
2017-05-10 18:23:49,708 - mylogger - INFO - 2014-03-25    hold    miss
2017-05-10 18:23:49,708 - mylogger - INFO - 2014-03-26    hold    miss
2017-05-10 18:23:49,708 - mylogger - INFO - 2014-03-27    hold    hit
2017-05-10 18:23:49,708 - mylogger - INFO - 2014-03-28    hold    hit
2017-05-10 18:23:49,708 - mylogger - INFO - 2014-03-31    hold    miss
2017-05-10 18:23:49,708 - mylogger - INFO - 2014-04-01    hold    miss
2017-05-10 18:23:49,708 - mylogger - INFO - 2014-04-02    hold    miss
2017-05-10 18:23:49,709 - mylogger - INFO - 2014-04-03    hold    miss
2017-05-10 18:23:49,709 - mylogger - INFO - 2014-04-04    hold    miss
2017-05-10 18:23:49,709 - mylogger - INFO - 2014-04-07    hold    miss
2017-05-10 18:23:49,709 - mylogger - INFO - 2014-04-08    hold    miss
2017-05-10 18:23:49,709 - mylogger - INFO - 2014-04-09    hold    miss
2017-05-10 18:23:49,709 - mylogger - INFO - 2014-04-10    hold    miss
2017-05-10 18:23:49,709 - mylogger - INFO - 2014-04-11    hold    miss
2017-05-10 18:23:49,709 - mylogger - INFO - 2014-04-14    hold    hit
2017-05-10 18:23:49,710 - mylogger - INFO - 2014-04-15    hold    miss
2017-05-10 18:23:49,710 - mylogger - INFO - 2014-04-16    hold    miss
2017-05-10 18:23:49,710 - mylogger - INFO - 2014-04-17    hold    hit
2017-05-10 18:23:49,710 - mylogger - INFO - 2014-04-21    hold    miss
2017-05-10 18:23:49,710 - mylogger - INFO - 2014-04-22    hold    miss
2017-05-10 18:23:49,710 - mylogger - INFO - 2014-04-23    hold    hit
2017-05-10 18:23:49,710 - mylogger - INFO - 2014-04-24    hold    miss
2017-05-10 18:23:49,711 - mylogger - INFO - 2014-04-25    hold    miss
2017-05-10 18:23:49,711 - mylogger - INFO - 2014-04-28    hold    miss
2017-05-10 18:23:49,711 - mylogger - INFO - 2014-04-29    hold    hit
2017-05-10 18:23:49,711 - mylogger - INFO - 2014-04-30    hold    miss
2017-05-10 18:23:49,711 - mylogger - INFO - 2014-05-01    hold    miss
2017-05-10 18:23:49,711 - mylogger - INFO - 2014-05-02    hold    miss
2017-05-10 18:23:49,711 - mylogger - INFO - 2014-05-05    hold    miss
2017-05-10 18:23:49,711 - mylogger - INFO - 2014-05-06    hold    miss
2017-05-10 18:23:49,712 - mylogger - INFO - 2014-05-07    hold    miss
2017-05-10 18:23:49,712 - mylogger - INFO - 2014-05-08    hold    miss
2017-05-10 18:23:49,712 - mylogger - INFO - 2014-05-09    hold    miss
2017-05-10 18:23:49,712 - mylogger - INFO - 2014-05-12    hold    hit
2017-05-10 18:23:49,712 - mylogger - INFO - 2014-05-13    hold    miss
2017-05-10 18:23:49,712 - mylogger - INFO - 2014-05-14    hold    miss
2017-05-10 18:23:49,712 - mylogger - INFO - 2014-05-15    hold    hit
2017-05-10 18:23:49,712 - mylogger - INFO - 2014-05-16    hold    miss
2017-05-10 18:23:49,713 - mylogger - INFO - 2014-05-19    hold    miss
2017-05-10 18:23:49,713 - mylogger - INFO - 2014-05-20    hold    miss
2017-05-10 18:23:49,713 - mylogger - INFO - 2014-05-21    hold    hit
2017-05-10 18:23:49,713 - mylogger - INFO - 2014-05-22    hold    miss
2017-05-10 18:23:49,713 - mylogger - INFO - 2014-05-23    hold    hit
2017-05-10 18:23:49,713 - mylogger - INFO - 2014-05-27    hold    hit
2017-05-10 18:23:49,713 - mylogger - INFO - 2014-05-28    hold    hit
2017-05-10 18:23:49,713 - mylogger - INFO - 2014-05-29    hold    hit
2017-05-10 18:23:49,714 - mylogger - INFO - 2014-05-30    hold    hit
2017-05-10 18:23:49,714 - mylogger - INFO - 2014-06-02    hold    miss
2017-05-10 18:23:49,714 - mylogger - INFO - 2014-06-03    hold    miss
2017-05-10 18:23:49,714 - mylogger - INFO - 2014-06-04    hold    miss
2017-05-10 18:23:49,714 - mylogger - INFO - 2014-06-05    hold    miss
2017-05-10 18:23:49,714 - mylogger - INFO - 2014-06-06    hold    miss
2017-05-10 18:23:49,715 - mylogger - INFO - 2014-06-09    hold    miss
2017-05-10 18:23:49,715 - mylogger - INFO - 2014-06-10    hold    miss
2017-05-10 18:23:49,715 - mylogger - INFO - 2014-06-11    hold    miss
2017-05-10 18:23:49,715 - mylogger - INFO - 2014-06-12    hold    hit
2017-05-10 18:23:49,715 - mylogger - INFO - 2014-06-13    hold    miss
2017-05-10 18:23:49,715 - mylogger - INFO - 2014-06-16    hold    hit
2017-05-10 18:23:49,716 - mylogger - INFO - 2014-06-17    hold    hit
2017-05-10 18:23:49,716 - mylogger - INFO - 2014-06-18    hold    miss
2017-05-10 18:23:49,716 - mylogger - INFO - 2014-06-19    hold    hit
2017-05-10 18:23:49,716 - mylogger - INFO - 2014-06-20    hold    miss
2017-05-10 18:23:49,716 - mylogger - INFO - 2014-06-23    hold    miss
2017-05-10 18:23:49,717 - mylogger - INFO - 2014-06-24    hold    miss
2017-05-10 18:23:49,717 - mylogger - INFO - 2014-06-25    hold    miss
2017-05-10 18:23:49,717 - mylogger - INFO - 2014-06-26    hold    miss
2017-05-10 18:23:49,721 - mylogger - INFO - 2014-06-27    hold    miss
2017-05-10 18:23:49,721 - mylogger - INFO - 2014-06-30    hold    hit
2017-05-10 18:23:49,722 - mylogger - INFO - 2014-07-01    hold    miss
2017-05-10 18:23:49,722 - mylogger - INFO - 2014-07-02    hold    miss
2017-05-10 18:23:49,722 - mylogger - INFO - 2014-07-03    hold    miss
2017-05-10 18:23:49,722 - mylogger - INFO - 2014-07-07    hold    miss
2017-05-10 18:23:49,722 - mylogger - INFO - 2014-07-08    hold    miss
2017-05-10 18:23:49,723 - mylogger - INFO - 2014-07-09    hold    miss
2017-05-10 18:23:49,723 - mylogger - INFO - 2014-07-10    hold    miss
2017-05-10 18:23:49,723 - mylogger - INFO - 2014-07-11    hold    hit
2017-05-10 18:23:49,723 - mylogger - INFO - 2014-07-14    buy     miss
2017-05-10 18:23:49,723 - mylogger - INFO - 2014-07-15    sell    miss
2017-05-10 18:23:49,723 - mylogger - INFO - 2014-07-16    hold    miss
2017-05-10 18:23:49,724 - mylogger - INFO - 2014-07-17    hold    miss
2017-05-10 18:23:49,724 - mylogger - INFO - 2014-07-18    hold    miss
2017-05-10 18:23:49,724 - mylogger - INFO - 2014-07-21    hold    hit
2017-05-10 18:23:49,724 - mylogger - INFO - 2014-07-22    hold    miss
2017-05-10 18:23:49,724 - mylogger - INFO - 2014-07-23    hold    hit
2017-05-10 18:23:49,724 - mylogger - INFO - 2014-07-24    hold    miss
2017-05-10 18:23:49,725 - mylogger - INFO - 2014-07-25    hold    miss
2017-05-10 18:23:49,725 - mylogger - INFO - 2014-07-28    hold    miss
2017-05-10 18:23:49,725 - mylogger - INFO - 2014-07-29    hold    miss
2017-05-10 18:23:49,725 - mylogger - INFO - 2014-07-30    hold    miss
2017-05-10 18:23:49,725 - mylogger - INFO - 2014-07-31    hold    miss
2017-05-10 18:23:49,726 - mylogger - INFO - 2014-08-01    hold    miss
2017-05-10 18:23:49,726 - mylogger - INFO - 2014-08-04    hold    miss
2017-05-10 18:23:49,726 - mylogger - INFO - 2014-08-05    hold    miss
2017-05-10 18:23:49,726 - mylogger - INFO - 2014-08-06    hold    hit
2017-05-10 18:23:49,726 - mylogger - INFO - 2014-08-07    hold    miss
2017-05-10 18:23:49,727 - mylogger - INFO - 2014-08-08    hold    miss
2017-05-10 18:23:49,727 - mylogger - INFO - 2014-08-11    hold    miss
2017-05-10 18:23:49,727 - mylogger - INFO - 2014-08-12    hold    miss
2017-05-10 18:23:49,728 - mylogger - INFO - 2014-08-13    buy     miss
2017-05-10 18:23:49,730 - mylogger - INFO - 2014-08-14    sell    hit
2017-05-10 18:23:49,731 - mylogger - INFO - 2014-08-15    hold    miss
2017-05-10 18:23:49,731 - mylogger - INFO - 2014-08-18    hold    miss
2017-05-10 18:23:49,732 - mylogger - INFO - 2014-08-19    hold    miss
2017-05-10 18:23:49,732 - mylogger - INFO - 2014-08-20    hold    hit
2017-05-10 18:23:49,733 - mylogger - INFO - 2014-08-21    hold    miss
2017-05-10 18:23:49,733 - mylogger - INFO - 2014-08-22    hold    hit
2017-05-10 18:23:49,734 - mylogger - INFO - 2014-08-25    hold    miss
2017-05-10 18:23:49,735 - mylogger - INFO - 2014-08-26    hold    hit
2017-05-10 18:23:49,735 - mylogger - INFO - 2014-08-27    hold    miss
2017-05-10 18:23:49,736 - mylogger - INFO - 2014-08-28    hold    miss
2017-05-10 18:23:49,736 - mylogger - INFO - 2014-08-29    hold    miss
2017-05-10 18:23:49,737 - mylogger - INFO - 2014-09-02    hold    hit
2017-05-10 18:23:49,737 - mylogger - INFO - 2014-09-03    hold    hit
2017-05-10 18:23:49,737 - mylogger - INFO - 2014-09-04    hold    miss
2017-05-10 18:23:49,737 - mylogger - INFO - 2014-09-05    hold    miss
2017-05-10 18:23:49,738 - mylogger - INFO - 2014-09-08    hold    miss
2017-05-10 18:23:49,738 - mylogger - INFO - 2014-09-09    hold    hit
2017-05-10 18:23:49,738 - mylogger - INFO - 2014-09-10    hold    hit
2017-05-10 18:23:49,738 - mylogger - INFO - 2014-09-11    hold    miss
2017-05-10 18:23:49,738 - mylogger - INFO - 2014-09-12    hold    hit
2017-05-10 18:23:49,739 - mylogger - INFO - 2014-09-15    hold    miss
2017-05-10 18:23:49,739 - mylogger - INFO - 2014-09-16    hold    hit
2017-05-10 18:23:49,740 - mylogger - INFO - 2014-09-17    buy     hit
2017-05-10 18:23:49,740 - mylogger - INFO - 2014-09-18    sell    miss
2017-05-10 18:23:49,740 - mylogger - INFO - 2014-09-19    hold    miss
2017-05-10 18:23:49,741 - mylogger - INFO - 2014-09-22    buy     miss
2017-05-10 18:23:49,741 - mylogger - INFO - 2014-09-23    sell    hit
2017-05-10 18:23:49,741 - mylogger - INFO - 2014-09-24    hold    miss
2017-05-10 18:23:49,742 - mylogger - INFO - 2014-09-25    hold    hit
2017-05-10 18:23:49,742 - mylogger - INFO - 2014-09-26    hold    miss
2017-05-10 18:23:49,742 - mylogger - INFO - 2014-09-29    hold    miss
2017-05-10 18:23:49,743 - mylogger - INFO - 2014-09-30    hold    miss
2017-05-10 18:23:49,743 - mylogger - INFO - 2014-10-01    hold    miss
2017-05-10 18:23:49,744 - mylogger - INFO - 2014-10-02    hold    miss
2017-05-10 18:23:49,744 - mylogger - INFO - 2014-10-03    hold    miss
2017-05-10 18:23:49,744 - mylogger - INFO - 2014-10-06    hold    miss
2017-05-10 18:23:49,745 - mylogger - INFO - 2014-10-07    hold    miss
2017-05-10 18:23:49,745 - mylogger - INFO - 2014-10-08    hold    miss
2017-05-10 18:23:49,745 - mylogger - INFO - 2014-10-09    hold    miss
2017-05-10 18:23:49,746 - mylogger - INFO - 2014-10-10    hold    miss
2017-05-10 18:23:49,746 - mylogger - INFO - 2014-10-13    hold    miss
2017-05-10 18:23:49,746 - mylogger - INFO - 2014-10-14    hold    miss
2017-05-10 18:23:49,746 - mylogger - INFO - 2014-10-15    hold    miss
2017-05-10 18:23:49,746 - mylogger - INFO - 2014-10-16    hold    miss
2017-05-10 18:23:49,747 - mylogger - INFO - 2014-10-17    hold    miss
2017-05-10 18:23:49,747 - mylogger - INFO - 2014-10-20    hold    miss
2017-05-10 18:23:49,748 - mylogger - INFO - 2014-10-21    hold    miss
2017-05-10 18:23:49,748 - mylogger - INFO - 2014-10-22    hold    miss
2017-05-10 18:23:49,748 - mylogger - INFO - 2014-10-23    hold    miss
2017-05-10 18:23:49,749 - mylogger - INFO - 2014-10-24    hold    miss
2017-05-10 18:23:49,749 - mylogger - INFO - 2014-10-27    hold    miss
2017-05-10 18:23:49,750 - mylogger - INFO - 2014-10-28    hold    miss
2017-05-10 18:23:49,750 - mylogger - INFO - 2014-10-29    hold    hit
2017-05-10 18:23:49,750 - mylogger - INFO - 2014-10-30    hold    miss
2017-05-10 18:23:49,750 - mylogger - INFO - 2014-10-31    hold    miss
2017-05-10 18:23:49,751 - mylogger - INFO - 2014-11-03    hold    miss
2017-05-10 18:23:49,751 - mylogger - INFO - 2014-11-04    hold    hit
2017-05-10 18:23:49,751 - mylogger - INFO - 2014-11-05    hold    miss
2017-05-10 18:23:49,751 - mylogger - INFO - 2014-11-06    hold    hit
2017-05-10 18:23:49,751 - mylogger - INFO - 2014-11-07    hold    hit
2017-05-10 18:23:49,752 - mylogger - INFO - 2014-11-10    hold    miss
2017-05-10 18:23:49,752 - mylogger - INFO - 2014-11-11    hold    miss
2017-05-10 18:23:49,752 - mylogger - INFO - 2014-11-12    buy     miss
2017-05-10 18:23:49,752 - mylogger - INFO - 2014-11-13    sell    miss
2017-05-10 18:23:49,752 - mylogger - INFO - 2014-11-14    hold    miss
2017-05-10 18:23:49,752 - mylogger - INFO - 2014-11-17    buy     hit
2017-05-10 18:23:49,752 - mylogger - INFO - 2014-11-18    hold    miss
2017-05-10 18:23:49,753 - mylogger - INFO - 2014-11-19    sell    hit
2017-05-10 18:23:49,753 - mylogger - INFO - 2014-11-20    hold    miss
2017-05-10 18:23:49,753 - mylogger - INFO - 2014-11-21    hold    hit
2017-05-10 18:23:49,753 - mylogger - INFO - 2014-11-24    hold    miss
2017-05-10 18:23:49,753 - mylogger - INFO - 2014-11-25    hold    hit
2017-05-10 18:23:49,753 - mylogger - INFO - 2014-11-26    hold    miss
2017-05-10 18:23:49,754 - mylogger - INFO - 2014-11-28    hold    miss
2017-05-10 18:23:49,754 - mylogger - INFO - 2014-12-01    hold    hit
2017-05-10 18:23:49,754 - mylogger - INFO - 2014-12-02    hold    miss
2017-05-10 18:23:49,754 - mylogger - INFO - 2014-12-03    hold    miss
2017-05-10 18:23:49,754 - mylogger - INFO - 2014-12-04    hold    miss
2017-05-10 18:23:49,754 - mylogger - INFO - 2014-12-05    hold    miss
2017-05-10 18:23:49,755 - mylogger - INFO - 2014-12-08    hold    miss
2017-05-10 18:23:49,755 - mylogger - INFO - 2014-12-09    hold    miss
2017-05-10 18:23:49,755 - mylogger - INFO - 2014-12-10    hold    miss
2017-05-10 18:23:49,755 - mylogger - INFO - 2014-12-11    hold    miss
2017-05-10 18:23:49,755 - mylogger - INFO - 2014-12-12    hold    miss
2017-05-10 18:23:49,755 - mylogger - INFO - 2014-12-15    hold    miss
2017-05-10 18:23:49,756 - mylogger - INFO - 2014-12-16    hold    miss
2017-05-10 18:23:49,756 - mylogger - INFO - 2014-12-17    hold    miss
2017-05-10 18:23:49,756 - mylogger - INFO - 2014-12-18    hold    miss
2017-05-10 18:23:49,756 - mylogger - INFO - 2014-12-19    hold    hit
2017-05-10 18:23:49,756 - mylogger - INFO - 2014-12-22    hold    miss
2017-05-10 18:23:49,756 - mylogger - INFO - 2014-12-23    hold    miss
2017-05-10 18:23:49,756 - mylogger - INFO - 2014-12-24    hold    miss
2017-05-10 18:23:49,757 - mylogger - INFO - 2014-12-26    hold    miss
2017-05-10 18:23:49,757 - mylogger - INFO - 2014-12-29    hold    miss
2017-05-10 18:23:49,757 - mylogger - INFO - 2014-12-30    hold    miss
2017-05-10 18:23:49,757 - mylogger - INFO - 2014-12-31    hold    miss
2017-05-10 18:23:49,757 - mylogger - INFO - 2015-01-02    hold    miss
2017-05-10 18:23:49,758 - mylogger - INFO - 2015-01-05    hold    miss
2017-05-10 18:23:49,758 - mylogger - INFO - 2015-01-06    hold    hit
2017-05-10 18:23:49,758 - mylogger - INFO - 2015-01-07    hold    miss
2017-05-10 18:23:49,758 - mylogger - INFO - 2015-01-08    hold    miss
2017-05-10 18:23:49,758 - mylogger - INFO - 2015-01-09    hold    miss
2017-05-10 18:23:49,758 - mylogger - INFO - 2015-01-12    hold    miss
2017-05-10 18:23:49,759 - mylogger - INFO - 2015-01-13    hold    miss
2017-05-10 18:23:49,759 - mylogger - INFO - 2015-01-14    hold    miss
2017-05-10 18:23:49,759 - mylogger - INFO - 2015-01-15    hold    hit
2017-05-10 18:23:49,759 - mylogger - INFO - 2015-01-16    hold    miss
2017-05-10 18:23:49,759 - mylogger - INFO - 2015-01-20    hold    miss
2017-05-10 18:23:49,760 - mylogger - INFO - 2015-01-21    hold    miss
2017-05-10 18:23:49,760 - mylogger - INFO - 2015-01-22    hold    miss
2017-05-10 18:23:49,760 - mylogger - INFO - 2015-01-23    hold    hit
2017-05-10 18:23:49,760 - mylogger - INFO - 2015-01-26    hold    miss
2017-05-10 18:23:49,760 - mylogger - INFO - 2015-01-27    hold    miss
2017-05-10 18:23:49,761 - mylogger - INFO - 2015-01-28    hold    miss
2017-05-10 18:23:49,761 - mylogger - INFO - 2015-01-29    hold    miss
2017-05-10 18:23:49,761 - mylogger - INFO - 2015-01-30    hold    miss
2017-05-10 18:23:49,761 - mylogger - INFO - 2015-02-02    hold    miss
2017-05-10 18:23:49,761 - mylogger - INFO - 2015-02-03    hold    miss
2017-05-10 18:23:49,761 - mylogger - INFO - 2015-02-04    hold    miss
2017-05-10 18:23:49,762 - mylogger - INFO - 2015-02-05    hold    hit
2017-05-10 18:23:49,762 - mylogger - INFO - 2015-02-06    hold    hit
2017-05-10 18:23:49,762 - mylogger - INFO - 2015-02-09    hold    hit
2017-05-10 18:23:49,762 - mylogger - INFO - 2015-02-10    hold    hit
2017-05-10 18:23:49,762 - mylogger - INFO - 2015-02-11    hold    hit
2017-05-10 18:23:49,763 - mylogger - INFO - 2015-02-12    hold    miss
2017-05-10 18:23:49,763 - mylogger - INFO - 2015-02-13    hold    hit
2017-05-10 18:23:49,763 - mylogger - INFO - 2015-02-17    hold    hit
2017-05-10 18:23:49,763 - mylogger - INFO - 2015-02-18    hold    miss
2017-05-10 18:23:49,763 - mylogger - INFO - 2015-02-19    hold    miss
2017-05-10 18:23:49,763 - mylogger - INFO - 2015-02-20    hold    miss
2017-05-10 18:23:49,764 - mylogger - INFO - 2015-02-23    hold    miss
2017-05-10 18:23:49,764 - mylogger - INFO - 2015-02-24    hold    miss
2017-05-10 18:23:49,767 - mylogger - INFO - 2015-02-25    hold    miss
2017-05-10 18:23:49,768 - mylogger - INFO - 2015-02-26    hold    hit
2017-05-10 18:23:49,768 - mylogger - INFO - 2015-02-27    hold    hit
2017-05-10 18:23:49,768 - mylogger - INFO - 2015-03-02    hold    miss
2017-05-10 18:23:49,768 - mylogger - INFO - 2015-03-03    hold    miss
2017-05-10 18:23:49,768 - mylogger - INFO - 2015-03-04    hold    miss
2017-05-10 18:23:49,768 - mylogger - INFO - 2015-03-05    hold    miss
2017-05-10 18:23:49,769 - mylogger - INFO - 2015-03-06    hold    miss
2017-05-10 18:23:49,769 - mylogger - INFO - 2015-03-09    hold    miss
2017-05-10 18:23:49,769 - mylogger - INFO - 2015-03-10    hold    hit
2017-05-10 18:23:49,769 - mylogger - INFO - 2015-03-11    hold    miss
2017-05-10 18:23:49,769 - mylogger - INFO - 2015-03-12    hold    miss
2017-05-10 18:23:49,769 - mylogger - INFO - 2015-03-13    hold    miss
2017-05-10 18:23:49,770 - mylogger - INFO - 2015-03-16    hold    miss
2017-05-10 18:23:49,770 - mylogger - INFO - 2015-03-17    hold    miss
2017-05-10 18:23:49,770 - mylogger - INFO - 2015-03-18    hold    miss
2017-05-10 18:23:49,770 - mylogger - INFO - 2015-03-19    hold    hit
2017-05-10 18:23:49,770 - mylogger - INFO - 2015-03-20    hold    hit
2017-05-10 18:23:49,770 - mylogger - INFO - 2015-03-23    hold    miss
2017-05-10 18:23:49,771 - mylogger - INFO - 2015-03-24    hold    miss
2017-05-10 18:23:49,771 - mylogger - INFO - 2015-03-25    hold    miss
2017-05-10 18:23:49,771 - mylogger - INFO - 2015-03-26    hold    hit
2017-05-10 18:23:49,771 - mylogger - INFO - 2015-03-27    hold    miss
2017-05-10 18:23:49,771 - mylogger - INFO - 2015-03-30    hold    miss
2017-05-10 18:23:49,771 - mylogger - INFO - 2015-03-31    hold    hit
2017-05-10 18:23:49,771 - mylogger - INFO - 2015-04-01    hold    hit
2017-05-10 18:23:49,772 - mylogger - INFO - 2015-04-02    hold    miss
2017-05-10 18:23:49,772 - mylogger - INFO - 2015-04-06    hold    miss
2017-05-10 18:23:49,772 - mylogger - INFO - 2015-04-07    hold    miss
2017-05-10 18:23:49,772 - mylogger - INFO - 2015-04-08    hold    miss
2017-05-10 18:23:49,772 - mylogger - INFO - 2015-04-09    hold    miss
2017-05-10 18:23:49,772 - mylogger - INFO - 2015-04-10    hold    miss
2017-05-10 18:23:49,773 - mylogger - INFO - 2015-04-13    hold    hit
2017-05-10 18:23:49,773 - mylogger - INFO - 2015-04-14    hold    miss
2017-05-10 18:23:49,773 - mylogger - INFO - 2015-04-15    hold    miss
2017-05-10 18:23:49,773 - mylogger - INFO - 2015-04-16    hold    miss
2017-05-10 18:23:49,773 - mylogger - INFO - 2015-04-17    hold    miss
2017-05-10 18:23:49,773 - mylogger - INFO - 2015-04-20    hold    miss
2017-05-10 18:23:49,774 - mylogger - INFO - 2015-04-21    hold    miss
2017-05-10 18:23:49,774 - mylogger - INFO - 2015-04-22    hold    miss
2017-05-10 18:23:49,774 - mylogger - INFO - 2015-04-23    hold    miss
2017-05-10 18:23:49,774 - mylogger - INFO - 2015-04-24    hold    hit
2017-05-10 18:23:49,774 - mylogger - INFO - 2015-04-27    hold    miss
2017-05-10 18:23:49,774 - mylogger - INFO - 2015-04-28    hold    miss
2017-05-10 18:23:49,775 - mylogger - INFO - 2015-04-29    hold    miss
2017-05-10 18:23:49,775 - mylogger - INFO - 2015-04-30    hold    miss
2017-05-10 18:23:49,775 - mylogger - INFO - 2015-05-01    hold    miss
2017-05-10 18:23:49,775 - mylogger - INFO - 2015-05-04    hold    miss
2017-05-10 18:23:49,775 - mylogger - INFO - 2015-05-05    hold    miss
2017-05-10 18:23:49,776 - mylogger - INFO - 2015-05-06    hold    miss
2017-05-10 18:23:49,776 - mylogger - INFO - 2015-05-07    hold    miss
2017-05-10 18:23:49,776 - mylogger - INFO - 2015-05-08    hold    miss
2017-05-10 18:23:49,776 - mylogger - INFO - 2015-05-11    hold    hit
2017-05-10 18:23:49,776 - mylogger - INFO - 2015-05-12    hold    miss
2017-05-10 18:23:49,777 - mylogger - INFO - 2015-05-13    hold    miss
2017-05-10 18:23:49,778 - mylogger - INFO - 2015-05-14    hold    miss
2017-05-10 18:23:49,778 - mylogger - INFO - 2015-05-15    hold    hit
2017-05-10 18:23:49,778 - mylogger - INFO - 2015-05-18    hold    hit
2017-05-10 18:23:49,779 - mylogger - INFO - 2015-05-19    hold    miss
2017-05-10 18:23:49,779 - mylogger - INFO - 2015-05-20    hold    hit
2017-05-10 18:23:49,779 - mylogger - INFO - 2015-05-21    hold    miss
2017-05-10 18:23:49,779 - mylogger - INFO - 2015-05-22    hold    miss
2017-05-10 18:23:49,779 - mylogger - INFO - 2015-05-26    hold    miss
2017-05-10 18:23:49,780 - mylogger - INFO - 2015-05-27    hold    hit
2017-05-10 18:23:49,780 - mylogger - INFO - 2015-05-28    hold    miss
2017-05-10 18:23:49,780 - mylogger - INFO - 2015-05-29    hold    hit
2017-05-10 18:23:49,780 - mylogger - INFO - 2015-06-01    hold    hit
2017-05-10 18:23:49,780 - mylogger - INFO - 2015-06-02    hold    miss
2017-05-10 18:23:49,780 - mylogger - INFO - 2015-06-03    hold    miss
2017-05-10 18:23:49,781 - mylogger - INFO - 2015-06-04    hold    hit
2017-05-10 18:23:49,781 - mylogger - INFO - 2015-06-05    hold    miss
2017-05-10 18:23:49,781 - mylogger - INFO - 2015-06-08    hold    hit
2017-05-10 18:23:49,781 - mylogger - INFO - 2015-06-09    hold    miss
2017-05-10 18:23:49,781 - mylogger - INFO - 2015-06-10    hold    miss
2017-05-10 18:23:49,781 - mylogger - INFO - 2015-06-11    hold    miss
2017-05-10 18:23:49,782 - mylogger - INFO - 2015-06-12    hold    miss
2017-05-10 18:23:49,782 - mylogger - INFO - 2015-06-15    hold    hit
2017-05-10 18:23:49,782 - mylogger - INFO - 2015-06-16    hold    hit
2017-05-10 18:23:49,782 - mylogger - INFO - 2015-06-17    hold    miss
2017-05-10 18:23:49,783 - mylogger - INFO - 2015-06-18    hold    miss
2017-05-10 18:23:49,783 - mylogger - INFO - 2015-06-19    hold    miss
2017-05-10 18:23:49,784 - mylogger - INFO - 2015-06-22    hold    hit
2017-05-10 18:23:49,784 - mylogger - INFO - 2015-06-23    hold    miss
2017-05-10 18:23:49,784 - mylogger - INFO - 2015-06-24    hold    miss
2017-05-10 18:23:49,785 - mylogger - INFO - 2015-06-25    hold    hit
2017-05-10 18:23:49,785 - mylogger - INFO - 2015-06-26    hold    miss
2017-05-10 18:23:49,786 - mylogger - INFO - 2015-06-29    hold    miss
2017-05-10 18:23:49,786 - mylogger - INFO - 2015-06-30    hold    hit
2017-05-10 18:23:49,787 - mylogger - INFO - 2015-07-01    hold    hit
2017-05-10 18:23:49,787 - mylogger - INFO - 2015-07-02    hold    miss
2017-05-10 18:23:49,787 - mylogger - INFO - 2015-07-06    hold    miss
2017-05-10 18:23:49,788 - mylogger - INFO - 2015-07-07    hold    miss
2017-05-10 18:23:49,788 - mylogger - INFO - 2015-07-08    hold    miss
2017-05-10 18:23:49,788 - mylogger - INFO - 2015-07-09    hold    miss
2017-05-10 18:23:49,789 - mylogger - INFO - 2015-07-10    hold    miss
2017-05-10 18:23:49,789 - mylogger - INFO - 2015-07-13    hold    miss
2017-05-10 18:23:49,789 - mylogger - INFO - 2015-07-14    hold    hit
2017-05-10 18:23:49,790 - mylogger - INFO - 2015-07-15    hold    miss
2017-05-10 18:23:49,790 - mylogger - INFO - 2015-07-16    hold    miss
2017-05-10 18:23:49,790 - mylogger - INFO - 2015-07-17    hold    miss
2017-05-10 18:23:49,791 - mylogger - INFO - 2015-07-20    hold    miss
2017-05-10 18:23:49,791 - mylogger - INFO - 2015-07-21    hold    miss
2017-05-10 18:23:49,791 - mylogger - INFO - 2015-07-22    hold    miss
2017-05-10 18:23:49,791 - mylogger - INFO - 2015-07-23    hold    miss
2017-05-10 18:23:49,792 - mylogger - INFO - 2015-07-24    hold    miss
2017-05-10 18:23:49,792 - mylogger - INFO - 2015-07-27    hold    miss
2017-05-10 18:23:49,792 - mylogger - INFO - 2015-07-28    hold    miss
2017-05-10 18:23:49,793 - mylogger - INFO - 2015-07-29    hold    miss
2017-05-10 18:23:49,793 - mylogger - INFO - 2015-07-30    hold    miss
2017-05-10 18:23:49,794 - mylogger - INFO - 2015-07-31    hold    miss
2017-05-10 18:23:49,794 - mylogger - INFO - 2015-08-03    hold    hit
2017-05-10 18:23:49,794 - mylogger - INFO - 2015-08-04    hold    miss
2017-05-10 18:23:49,794 - mylogger - INFO - 2015-08-05    hold    miss
2017-05-10 18:23:49,795 - mylogger - INFO - 2015-08-06    hold    miss
2017-05-10 18:23:49,795 - mylogger - INFO - 2015-08-07    hold    miss
2017-05-10 18:23:49,795 - mylogger - INFO - 2015-08-10    hold    miss
2017-05-10 18:23:49,795 - mylogger - INFO - 2015-08-11    hold    miss
2017-05-10 18:23:49,795 - mylogger - INFO - 2015-08-12    hold    miss
2017-05-10 18:23:49,796 - mylogger - INFO - 2015-08-13    hold    miss
2017-05-10 18:23:49,796 - mylogger - INFO - 2015-08-14    hold    hit
2017-05-10 18:23:49,796 - mylogger - INFO - 2015-08-17    hold    miss
2017-05-10 18:23:49,796 - mylogger - INFO - 2015-08-18    hold    miss
2017-05-10 18:23:49,796 - mylogger - INFO - 2015-08-19    hold    miss
2017-05-10 18:23:49,796 - mylogger - INFO - 2015-08-20    hold    miss
2017-05-10 18:23:49,797 - mylogger - INFO - 2015-08-21    hold    miss
2017-05-10 18:23:49,797 - mylogger - INFO - 2015-08-24    hold    miss
2017-05-10 18:23:49,797 - mylogger - INFO - 2015-08-25    hold    miss
2017-05-10 18:23:49,797 - mylogger - INFO - 2015-08-26    hold    miss
2017-05-10 18:23:49,797 - mylogger - INFO - 2015-08-27    hold    miss
2017-05-10 18:23:49,797 - mylogger - INFO - 2015-08-28    hold    miss
2017-05-10 18:23:49,798 - mylogger - INFO - 2015-08-31    hold    miss
2017-05-10 18:23:49,798 - mylogger - INFO - 2015-09-01    hold    miss
2017-05-10 18:23:49,798 - mylogger - INFO - 2015-09-02    buy     miss
2017-05-10 18:23:49,798 - mylogger - INFO - 2015-09-03    sell    hit
2017-05-10 18:23:49,798 - mylogger - INFO - 2015-09-04    hold    miss
2017-05-10 18:23:49,798 - mylogger - INFO - 2015-09-08    hold    miss
2017-05-10 18:23:49,799 - mylogger - INFO - 2015-09-09    hold    miss
2017-05-10 18:23:49,799 - mylogger - INFO - 2015-09-10    hold    miss
2017-05-10 18:23:49,799 - mylogger - INFO - 2015-09-11    hold    miss
2017-05-10 18:23:49,799 - mylogger - INFO - 2015-09-14    hold    miss
2017-05-10 18:23:49,799 - mylogger - INFO - 2015-09-15    hold    miss
2017-05-10 18:23:49,799 - mylogger - INFO - 2015-09-16    hold    miss
2017-05-10 18:23:49,799 - mylogger - INFO - 2015-09-17    hold    miss
2017-05-10 18:23:49,800 - mylogger - INFO - 2015-09-18    hold    miss
2017-05-10 18:23:49,800 - mylogger - INFO - 2015-09-21    hold    hit
2017-05-10 18:23:49,800 - mylogger - INFO - 2015-09-22    hold    hit
2017-05-10 18:23:49,800 - mylogger - INFO - 2015-09-23    hold    miss
2017-05-10 18:23:49,800 - mylogger - INFO - 2015-09-24    hold    hit
2017-05-10 18:23:49,800 - mylogger - INFO - 2015-09-25    hold    miss
2017-05-10 18:23:49,801 - mylogger - INFO - 2015-09-28    hold    miss
2017-05-10 18:23:49,801 - mylogger - INFO - 2015-09-29    hold    miss
2017-05-10 18:23:49,801 - mylogger - INFO - 2015-09-30    hold    miss
2017-05-10 18:23:49,801 - mylogger - INFO - 2015-10-01    hold    miss
2017-05-10 18:23:49,801 - mylogger - INFO - 2015-10-02    hold    miss
2017-05-10 18:23:49,801 - mylogger - INFO - 2015-10-05    hold    miss
2017-05-10 18:23:49,802 - mylogger - INFO - 2015-10-06    hold    miss
2017-05-10 18:23:49,802 - mylogger - INFO - 2015-10-07    hold    miss
2017-05-10 18:23:49,802 - mylogger - INFO - 2015-10-08    hold    hit
2017-05-10 18:23:49,802 - mylogger - INFO - 2015-10-09    hold    hit
2017-05-10 18:23:49,802 - mylogger - INFO - 2015-10-12    hold    miss
2017-05-10 18:23:49,802 - mylogger - INFO - 2015-10-13    hold    miss
2017-05-10 18:23:49,803 - mylogger - INFO - 2015-10-14    hold    miss
2017-05-10 18:23:49,803 - mylogger - INFO - 2015-10-15    hold    miss
2017-05-10 18:23:49,803 - mylogger - INFO - 2015-10-16    hold    hit
2017-05-10 18:23:49,803 - mylogger - INFO - 2015-10-19    hold    miss
2017-05-10 18:23:49,803 - mylogger - INFO - 2015-10-20    hold    hit
2017-05-10 18:23:49,804 - mylogger - INFO - 2015-10-21    hold    miss
2017-05-10 18:23:49,804 - mylogger - INFO - 2015-10-22    hold    miss
2017-05-10 18:23:49,804 - mylogger - INFO - 2015-10-23    hold    hit
2017-05-10 18:23:49,804 - mylogger - INFO - 2015-10-26    hold    miss
2017-05-10 18:23:49,804 - mylogger - INFO - 2015-10-27    hold    miss
2017-05-10 18:23:49,804 - mylogger - INFO - 2015-10-28    hold    miss
2017-05-10 18:23:49,805 - mylogger - INFO - 2015-10-29    hold    miss
2017-05-10 18:23:49,805 - mylogger - INFO - 2015-10-30    hold    miss
2017-05-10 18:23:49,805 - mylogger - INFO - 2015-11-02    hold    miss
2017-05-10 18:23:49,808 - mylogger - INFO - 2015-11-03    hold    miss
2017-05-10 18:23:49,809 - mylogger - INFO - 2015-11-04    hold    hit
2017-05-10 18:23:49,809 - mylogger - INFO - 2015-11-05    hold    miss
2017-05-10 18:23:49,809 - mylogger - INFO - 2015-11-06    hold    miss
2017-05-10 18:23:49,809 - mylogger - INFO - 2015-11-09    hold    miss
2017-05-10 18:23:49,809 - mylogger - INFO - 2015-11-10    hold    miss
2017-05-10 18:23:49,810 - mylogger - INFO - 2015-11-11    hold    miss
2017-05-10 18:23:49,810 - mylogger - INFO - 2015-11-12    hold    hit
2017-05-10 18:23:49,810 - mylogger - INFO - 2015-11-13    hold    hit
2017-05-10 18:23:49,810 - mylogger - INFO - 2015-11-16    hold    miss
2017-05-10 18:23:49,811 - mylogger - INFO - 2015-11-17    hold    miss
2017-05-10 18:23:49,811 - mylogger - INFO - 2015-11-18    hold    miss
2017-05-10 18:23:49,811 - mylogger - INFO - 2015-11-19    hold    miss
2017-05-10 18:23:49,811 - mylogger - INFO - 2015-11-20    hold    miss
2017-05-10 18:23:49,811 - mylogger - INFO - 2015-11-23    hold    hit
2017-05-10 18:23:49,812 - mylogger - INFO - 2015-11-24    hold    miss
2017-05-10 18:23:49,812 - mylogger - INFO - 2015-11-25    hold    miss
2017-05-10 18:23:49,812 - mylogger - INFO - 2015-11-27    hold    miss
2017-05-10 18:23:49,816 - mylogger - INFO - 2015-11-30    hold    miss
2017-05-10 18:23:49,816 - mylogger - INFO - 2015-12-01    hold    miss
2017-05-10 18:23:49,816 - mylogger - INFO - 2015-12-02    hold    hit
2017-05-10 18:23:49,816 - mylogger - INFO - 2015-12-03    hold    miss
2017-05-10 18:23:49,816 - mylogger - INFO - 2015-12-04    hold    miss
2017-05-10 18:23:49,816 - mylogger - INFO - 2015-12-07    hold    miss
2017-05-10 18:23:49,817 - mylogger - INFO - 2015-12-08    hold    miss
2017-05-10 18:23:49,817 - mylogger - INFO - 2015-12-09    hold    miss
2017-05-10 18:23:49,817 - mylogger - INFO - 2015-12-10    hold    miss
2017-05-10 18:23:49,817 - mylogger - INFO - 2015-12-11    buy     miss
2017-05-10 18:23:49,817 - mylogger - INFO - 2015-12-14    hold    hit
2017-05-10 18:23:49,817 - mylogger - INFO - 2015-12-15    hold    miss
2017-05-10 18:23:49,818 - mylogger - INFO - 2015-12-16    sell    hit
2017-05-10 18:23:49,818 - mylogger - INFO - 2015-12-17    hold    miss
2017-05-10 18:23:49,818 - mylogger - INFO - 2015-12-18    hold    hit
2017-05-10 18:23:49,818 - mylogger - INFO - 2015-12-21    buy     miss
2017-05-10 18:23:49,818 - mylogger - INFO - 2015-12-22    sell    miss
2017-05-10 18:23:49,818 - mylogger - INFO - 2015-12-23    buy     miss
2017-05-10 18:23:49,818 - mylogger - INFO - 2015-12-24    hold    hit
2017-05-10 18:23:49,819 - mylogger - INFO - 2015-12-28    hold    miss
2017-05-10 18:23:49,819 - mylogger - INFO - 2015-12-29    sell    hit
2017-05-10 18:23:49,819 - mylogger - INFO - 2015-12-30    hold    hit
2017-05-10 18:23:49,819 - mylogger - INFO - Hit number:112/503
2017-05-10 18:23:49,819 - mylogger - INFO - Hit rate:0.22266401590457258
