2017-05-07 22:35:54,523 - mylogger - INFO - -0.00543846
2017-05-07 22:35:54,523 - mylogger - INFO - 2014-01-02: sell
2017-05-07 22:35:54,853 - mylogger - INFO - 0.000929773
2017-05-07 22:35:54,854 - mylogger - INFO - 2014-01-03: buy
2017-05-07 22:35:54,854 - mylogger - INFO - 92750.2103
2017-05-07 22:35:55,201 - mylogger - INFO - 0.00479415
2017-05-07 22:35:55,202 - mylogger - INFO - 2014-01-06: buy
2017-05-07 22:35:55,202 - mylogger - INFO - 85460.8928
2017-05-07 22:35:55,617 - mylogger - INFO - -0.000173035
2017-05-07 22:35:55,618 - mylogger - INFO - 2014-01-07: sell
2017-05-07 22:35:55,946 - mylogger - INFO - 0.00203422
2017-05-07 22:35:55,947 - mylogger - INFO - 2014-01-08: buy
2017-05-07 22:35:55,947 - mylogger - INFO - 70940.6782
2017-05-07 22:35:56,277 - mylogger - INFO - 0.00587189
2017-05-07 22:35:56,278 - mylogger - INFO - 2014-01-09: buy
2017-05-07 22:35:56,278 - mylogger - INFO - 63750.65
2017-05-07 22:35:56,694 - mylogger - INFO - 0.00220069
2017-05-07 22:35:56,695 - mylogger - INFO - 2014-01-10: buy
2017-05-07 22:35:56,696 - mylogger - INFO - 56608.5915
2017-05-07 22:35:57,023 - mylogger - INFO - -0.00693526
2017-05-07 22:35:57,024 - mylogger - INFO - 2014-01-13: sell
2017-05-07 22:35:57,353 - mylogger - INFO - 0.00153063
2017-05-07 22:35:57,354 - mylogger - INFO - 2014-01-14: buy
2017-05-07 22:35:57,354 - mylogger - INFO - 42106.8682
2017-05-07 22:35:57,769 - mylogger - INFO - -0.010288
2017-05-07 22:35:57,770 - mylogger - INFO - 2014-01-15: sell
2017-05-07 22:35:58,102 - mylogger - INFO - -0.00095473
2017-05-07 22:35:58,103 - mylogger - INFO - 2014-01-16: sell
2017-05-07 22:35:58,424 - mylogger - INFO - -0.000587729
2017-05-07 22:35:58,425 - mylogger - INFO - 2014-01-17: sell
2017-05-07 22:35:58,831 - mylogger - INFO - -0.00739399
2017-05-07 22:35:58,832 - mylogger - INFO - 2014-01-21: sell
2017-05-07 22:35:59,160 - mylogger - INFO - -0.00919189
2017-05-07 22:35:59,161 - mylogger - INFO - 2014-01-22: sell
2017-05-07 22:35:59,493 - mylogger - INFO - -0.00863939
2017-05-07 22:35:59,494 - mylogger - INFO - 2014-01-23: sell
2017-05-07 22:35:59,911 - mylogger - INFO - -0.0025435
2017-05-07 22:35:59,912 - mylogger - INFO - 2014-01-24: sell
2017-05-07 22:36:00,242 - mylogger - INFO - -0.00677459
2017-05-07 22:36:00,243 - mylogger - INFO - 2014-01-27: sell
2017-05-07 22:36:00,575 - mylogger - INFO - -0.00798405
2017-05-07 22:36:00,576 - mylogger - INFO - 2014-01-28: sell
2017-05-07 22:36:00,915 - mylogger - INFO - -0.00579092
2017-05-07 22:36:00,916 - mylogger - INFO - 2014-01-29: sell
2017-05-07 22:36:01,326 - mylogger - INFO - 0.00572069
2017-05-07 22:36:01,327 - mylogger - INFO - 2014-01-30: No cover!
2017-05-07 22:36:01,663 - mylogger - INFO - -0.00368935
2017-05-07 22:36:01,663 - mylogger - INFO - 2014-01-31: sell
2017-05-07 22:36:01,995 - mylogger - INFO - -0.00711314
2017-05-07 22:36:01,995 - mylogger - INFO - 2014-02-03: sell
2017-05-07 22:36:02,411 - mylogger - INFO - -0.0128869
2017-05-07 22:36:02,412 - mylogger - INFO - 2014-02-04: sell
2017-05-07 22:36:02,746 - mylogger - INFO - -0.00139049
2017-05-07 22:36:02,747 - mylogger - INFO - 2014-02-05: sell
2017-05-07 22:36:03,082 - mylogger - INFO - -0.0031116
2017-05-07 22:36:03,083 - mylogger - INFO - 2014-02-06: sell
2017-05-07 22:36:03,503 - mylogger - INFO - -0.0050762
2017-05-07 22:36:03,504 - mylogger - INFO - 2014-02-07: sell
2017-05-07 22:36:03,837 - mylogger - INFO - -0.00614417
2017-05-07 22:36:03,838 - mylogger - INFO - 2014-02-10: sell
2017-05-07 22:36:04,176 - mylogger - INFO - 0.0011417
2017-05-07 22:36:04,177 - mylogger - INFO - 2014-02-11: No cover!
2017-05-07 22:36:04,596 - mylogger - INFO - 0.00487955
2017-05-07 22:36:04,597 - mylogger - INFO - 2014-02-12: No cover!
2017-05-07 22:36:04,935 - mylogger - INFO - -0.00418668
2017-05-07 22:36:04,935 - mylogger - INFO - 2014-02-13: sell
2017-05-07 22:36:05,269 - mylogger - INFO - -0.0027375
2017-05-07 22:36:05,270 - mylogger - INFO - 2014-02-14: sell
2017-05-07 22:36:05,604 - mylogger - INFO - -0.00808495
2017-05-07 22:36:05,605 - mylogger - INFO - 2014-02-18: sell
2017-05-07 22:36:06,031 - mylogger - INFO - -0.00637862
2017-05-07 22:36:06,032 - mylogger - INFO - 2014-02-19: sell
2017-05-07 22:36:06,362 - mylogger - INFO - -0.0112828
2017-05-07 22:36:06,364 - mylogger - INFO - 2014-02-20: sell
2017-05-07 22:36:06,694 - mylogger - INFO - -0.00714785
2017-05-07 22:36:06,695 - mylogger - INFO - 2014-02-21: sell
2017-05-07 22:36:07,114 - mylogger - INFO - -0.00348911
2017-05-07 22:36:07,115 - mylogger - INFO - 2014-02-24: sell
2017-05-07 22:36:07,473 - mylogger - INFO - -0.00343755
2017-05-07 22:36:07,476 - mylogger - INFO - 2014-02-25: sell
2017-05-07 22:36:07,799 - mylogger - INFO - -0.00168422
2017-05-07 22:36:07,800 - mylogger - INFO - 2014-02-26: sell
2017-05-07 22:36:08,210 - mylogger - INFO - -0.0101689
2017-05-07 22:36:08,211 - mylogger - INFO - 2014-02-27: sell
2017-05-07 22:36:08,537 - mylogger - INFO - -0.00197225
2017-05-07 22:36:08,538 - mylogger - INFO - 2014-02-28: sell
2017-05-07 22:36:08,860 - mylogger - INFO - -0.0097098
2017-05-07 22:36:08,861 - mylogger - INFO - 2014-03-03: sell
2017-05-07 22:36:09,278 - mylogger - INFO - -0.00542865
2017-05-07 22:36:09,279 - mylogger - INFO - 2014-03-04: sell
2017-05-07 22:36:09,609 - mylogger - INFO - -0.00537938
2017-05-07 22:36:09,610 - mylogger - INFO - 2014-03-05: sell
2017-05-07 22:36:09,942 - mylogger - INFO - -0.00727764
2017-05-07 22:36:09,943 - mylogger - INFO - 2014-03-06: sell
2017-05-07 22:36:10,268 - mylogger - INFO - -0.0105162
2017-05-07 22:36:10,268 - mylogger - INFO - 2014-03-07: sell
2017-05-07 22:36:10,688 - mylogger - INFO - -0.00727607
2017-05-07 22:36:10,689 - mylogger - INFO - 2014-03-10: sell
2017-05-07 22:36:11,019 - mylogger - INFO - -0.00701483
2017-05-07 22:36:11,020 - mylogger - INFO - 2014-03-11: sell
2017-05-07 22:36:11,336 - mylogger - INFO - -0.0167303
2017-05-07 22:36:11,336 - mylogger - INFO - 2014-03-12: sell
2017-05-07 22:36:11,745 - mylogger - INFO - -0.0019669
2017-05-07 22:36:11,746 - mylogger - INFO - 2014-03-13: sell
2017-05-07 22:36:12,069 - mylogger - INFO - 0.00826974
2017-05-07 22:36:12,070 - mylogger - INFO - 2014-03-14: No cover!
2017-05-07 22:36:12,393 - mylogger - INFO - -0.00292829
2017-05-07 22:36:12,394 - mylogger - INFO - 2014-03-17: sell
2017-05-07 22:36:12,798 - mylogger - INFO - -0.00637122
2017-05-07 22:36:12,799 - mylogger - INFO - 2014-03-18: sell
2017-05-07 22:36:13,122 - mylogger - INFO - -0.00190999
2017-05-07 22:36:13,123 - mylogger - INFO - 2014-03-19: sell
2017-05-07 22:36:13,447 - mylogger - INFO - 0.00650583
2017-05-07 22:36:13,448 - mylogger - INFO - 2014-03-20: No cover!
2017-05-07 22:36:13,859 - mylogger - INFO - 0.000377446
2017-05-07 22:36:13,860 - mylogger - INFO - 2014-03-21: No cover!
2017-05-07 22:36:14,193 - mylogger - INFO - 0.00840818
2017-05-07 22:36:14,194 - mylogger - INFO - 2014-03-24: No cover!
2017-05-07 22:36:14,535 - mylogger - INFO - 0.00518756
2017-05-07 22:36:14,536 - mylogger - INFO - 2014-03-25: No cover!
2017-05-07 22:36:14,862 - mylogger - INFO - 0.0022729
2017-05-07 22:36:14,863 - mylogger - INFO - 2014-03-26: No cover!
2017-05-07 22:36:15,283 - mylogger - INFO - 0.0065232
2017-05-07 22:36:15,284 - mylogger - INFO - 2014-03-27: No cover!
2017-05-07 22:36:15,605 - mylogger - INFO - -0.000363438
2017-05-07 22:36:15,606 - mylogger - INFO - 2014-03-28: sell
2017-05-07 22:36:15,946 - mylogger - INFO - -0.00544026
2017-05-07 22:36:15,947 - mylogger - INFO - 2014-03-31: sell
2017-05-07 22:36:16,354 - mylogger - INFO - 0.00827653
2017-05-07 22:36:16,356 - mylogger - INFO - 2014-04-01: No cover!
2017-05-07 22:36:16,705 - mylogger - INFO - -0.00769456
2017-05-07 22:36:16,706 - mylogger - INFO - 2014-04-02: sell
2017-05-07 22:36:17,033 - mylogger - INFO - 0.00134316
2017-05-07 22:36:17,034 - mylogger - INFO - 2014-04-03: No cover!
2017-05-07 22:36:17,444 - mylogger - INFO - -0.0018297
2017-05-07 22:36:17,444 - mylogger - INFO - 2014-04-04: sell
2017-05-07 22:36:17,768 - mylogger - INFO - 0.000702869
2017-05-07 22:36:17,769 - mylogger - INFO - 2014-04-07: No cover!
2017-05-07 22:36:18,095 - mylogger - INFO - -0.000923905
2017-05-07 22:36:18,096 - mylogger - INFO - 2014-04-08: sell
2017-05-07 22:36:18,507 - mylogger - INFO - -0.00246779
2017-05-07 22:36:18,508 - mylogger - INFO - 2014-04-09: sell
2017-05-07 22:36:18,837 - mylogger - INFO - -0.00185804
2017-05-07 22:36:18,838 - mylogger - INFO - 2014-04-10: sell
2017-05-07 22:36:19,167 - mylogger - INFO - -0.00452679
2017-05-07 22:36:19,168 - mylogger - INFO - 2014-04-11: sell
2017-05-07 22:36:19,500 - mylogger - INFO - -0.00259938
2017-05-07 22:36:19,501 - mylogger - INFO - 2014-04-14: sell
2017-05-07 22:36:19,919 - mylogger - INFO - -0.00427164
2017-05-07 22:36:19,920 - mylogger - INFO - 2014-04-15: sell
2017-05-07 22:36:20,246 - mylogger - INFO - 0.00365305
2017-05-07 22:36:20,248 - mylogger - INFO - 2014-04-16: No cover!
2017-05-07 22:36:20,613 - mylogger - INFO - -0.00248324
2017-05-07 22:36:20,615 - mylogger - INFO - 2014-04-17: sell
2017-05-07 22:36:21,125 - mylogger - INFO - 0.00148014
2017-05-07 22:36:21,128 - mylogger - INFO - 2014-04-21: No cover!
2017-05-07 22:36:21,459 - mylogger - INFO - 0.000968005
2017-05-07 22:36:21,460 - mylogger - INFO - 2014-04-22: No cover!
2017-05-07 22:36:21,783 - mylogger - INFO - 0.0061662
2017-05-07 22:36:21,785 - mylogger - INFO - 2014-04-23: No cover!
2017-05-07 22:36:22,194 - mylogger - INFO - 0.00410071
2017-05-07 22:36:22,196 - mylogger - INFO - 2014-04-24: No cover!
2017-05-07 22:36:22,520 - mylogger - INFO - -0.00606064
2017-05-07 22:36:22,521 - mylogger - INFO - 2014-04-25: sell
2017-05-07 22:36:22,844 - mylogger - INFO - 0.00122135
2017-05-07 22:36:22,845 - mylogger - INFO - 2014-04-28: No cover!
2017-05-07 22:36:23,285 - mylogger - INFO - 0.00256533
2017-05-07 22:36:23,287 - mylogger - INFO - 2014-04-29: No cover!
2017-05-07 22:36:23,638 - mylogger - INFO - 4.76973e-05
2017-05-07 22:36:23,639 - mylogger - INFO - 2014-04-30: No cover!
2017-05-07 22:36:24,076 - mylogger - INFO - 0.00177551
2017-05-07 22:36:24,078 - mylogger - INFO - 2014-05-01: No cover!
2017-05-07 22:36:24,483 - mylogger - INFO - -0.00691248
2017-05-07 22:36:24,484 - mylogger - INFO - 2014-05-02: sell
2017-05-07 22:36:24,961 - mylogger - INFO - -0.00110762
2017-05-07 22:36:24,961 - mylogger - INFO - 2014-05-05: sell
2017-05-07 22:36:25,297 - mylogger - INFO - 0.00454597
2017-05-07 22:36:25,298 - mylogger - INFO - 2014-05-06: No cover!
2017-05-07 22:36:25,637 - mylogger - INFO - -0.00151022
2017-05-07 22:36:25,638 - mylogger - INFO - 2014-05-07: sell
2017-05-07 22:36:26,071 - mylogger - INFO - 0.00254613
2017-05-07 22:36:26,073 - mylogger - INFO - 2014-05-08: No cover!
2017-05-07 22:36:26,420 - mylogger - INFO - -0.00621204
2017-05-07 22:36:26,421 - mylogger - INFO - 2014-05-09: sell
2017-05-07 22:36:26,761 - mylogger - INFO - -0.00864118
2017-05-07 22:36:26,762 - mylogger - INFO - 2014-05-12: sell
2017-05-07 22:36:27,209 - mylogger - INFO - -0.00408789
2017-05-07 22:36:27,209 - mylogger - INFO - 2014-05-13: sell
2017-05-07 22:36:27,556 - mylogger - INFO - -0.00911962
2017-05-07 22:36:27,557 - mylogger - INFO - 2014-05-14: sell
2017-05-07 22:36:27,902 - mylogger - INFO - -0.00476813
2017-05-07 22:36:27,903 - mylogger - INFO - 2014-05-15: sell
2017-05-07 22:36:28,342 - mylogger - INFO - -0.00336419
2017-05-07 22:36:28,343 - mylogger - INFO - 2014-05-16: sell
2017-05-07 22:36:28,706 - mylogger - INFO - -0.00465043
2017-05-07 22:36:28,707 - mylogger - INFO - 2014-05-19: sell
2017-05-07 22:36:29,064 - mylogger - INFO - -0.00706124
2017-05-07 22:36:29,065 - mylogger - INFO - 2014-05-20: sell
2017-05-07 22:36:29,410 - mylogger - INFO - -0.00961593
2017-05-07 22:36:29,411 - mylogger - INFO - 2014-05-21: sell
2017-05-07 22:36:29,867 - mylogger - INFO - -0.00501455
2017-05-07 22:36:29,868 - mylogger - INFO - 2014-05-22: sell
2017-05-07 22:36:30,378 - mylogger - INFO - -0.00661682
2017-05-07 22:36:30,381 - mylogger - INFO - 2014-05-23: sell
2017-05-07 22:36:30,743 - mylogger - INFO - -0.00435512
2017-05-07 22:36:30,744 - mylogger - INFO - 2014-05-27: sell
2017-05-07 22:36:31,163 - mylogger - INFO - 0.000759335
2017-05-07 22:36:31,164 - mylogger - INFO - 2014-05-28: No cover!
2017-05-07 22:36:31,494 - mylogger - INFO - -0.00576081
2017-05-07 22:36:31,494 - mylogger - INFO - 2014-05-29: sell
2017-05-07 22:36:31,826 - mylogger - INFO - 0.00422546
2017-05-07 22:36:31,827 - mylogger - INFO - 2014-05-30: No cover!
2017-05-07 22:36:32,237 - mylogger - INFO - -0.0172092
2017-05-07 22:36:32,237 - mylogger - INFO - 2014-06-02: sell
2017-05-07 22:36:32,567 - mylogger - INFO - 0.000476748
2017-05-07 22:36:32,568 - mylogger - INFO - 2014-06-03: No cover!
2017-05-07 22:36:32,898 - mylogger - INFO - -0.0108309
2017-05-07 22:36:32,899 - mylogger - INFO - 2014-06-04: sell
2017-05-07 22:36:33,316 - mylogger - INFO - 0.00383495
2017-05-07 22:36:33,317 - mylogger - INFO - 2014-06-05: No cover!
2017-05-07 22:36:33,647 - mylogger - INFO - -0.011115
2017-05-07 22:36:33,648 - mylogger - INFO - 2014-06-06: sell
2017-05-07 22:36:33,974 - mylogger - INFO - -0.00161649
2017-05-07 22:36:33,975 - mylogger - INFO - 2014-06-09: sell
2017-05-07 22:36:34,306 - mylogger - INFO - -0.0124849
2017-05-07 22:36:34,307 - mylogger - INFO - 2014-06-10: sell
2017-05-07 22:36:34,720 - mylogger - INFO - -0.00561554
2017-05-07 22:36:34,721 - mylogger - INFO - 2014-06-11: sell
2017-05-07 22:36:35,059 - mylogger - INFO - -0.00615314
2017-05-07 22:36:35,059 - mylogger - INFO - 2014-06-12: sell
2017-05-07 22:36:35,386 - mylogger - INFO - -0.0127675
2017-05-07 22:36:35,387 - mylogger - INFO - 2014-06-13: sell
2017-05-07 22:36:35,810 - mylogger - INFO - -0.00867163
2017-05-07 22:36:35,811 - mylogger - INFO - 2014-06-16: sell
2017-05-07 22:36:36,140 - mylogger - INFO - -0.00066179
2017-05-07 22:36:36,141 - mylogger - INFO - 2014-06-17: sell
2017-05-07 22:36:36,470 - mylogger - INFO - 0.000754297
2017-05-07 22:36:36,471 - mylogger - INFO - 2014-06-18: No cover!
2017-05-07 22:36:36,885 - mylogger - INFO - -0.00784986
2017-05-07 22:36:36,885 - mylogger - INFO - 2014-06-19: sell
2017-05-07 22:36:37,206 - mylogger - INFO - 0.00679113
2017-05-07 22:36:37,207 - mylogger - INFO - 2014-06-20: No cover!
2017-05-07 22:36:37,538 - mylogger - INFO - -0.00313621
2017-05-07 22:36:37,539 - mylogger - INFO - 2014-06-23: sell
2017-05-07 22:36:37,952 - mylogger - INFO - 0.00125605
2017-05-07 22:36:37,953 - mylogger - INFO - 2014-06-24: No cover!
2017-05-07 22:36:38,285 - mylogger - INFO - -0.00525486
2017-05-07 22:36:38,285 - mylogger - INFO - 2014-06-25: sell
2017-05-07 22:36:38,615 - mylogger - INFO - -0.00171608
2017-05-07 22:36:38,616 - mylogger - INFO - 2014-06-26: sell
2017-05-07 22:36:38,947 - mylogger - INFO - -0.00228751
2017-05-07 22:36:38,948 - mylogger - INFO - 2014-06-27: sell
2017-05-07 22:36:39,381 - mylogger - INFO - -0.000577171
2017-05-07 22:36:39,381 - mylogger - INFO - 2014-06-30: sell
2017-05-07 22:36:39,711 - mylogger - INFO - -0.0165127
2017-05-07 22:36:39,712 - mylogger - INFO - 2014-07-01: sell
2017-05-07 22:36:40,049 - mylogger - INFO - -0.0170911
2017-05-07 22:36:40,050 - mylogger - INFO - 2014-07-02: sell
2017-05-07 22:36:40,464 - mylogger - INFO - -0.017408
2017-05-07 22:36:40,465 - mylogger - INFO - 2014-07-03: sell
2017-05-07 22:36:40,797 - mylogger - INFO - -0.0159845
2017-05-07 22:36:40,798 - mylogger - INFO - 2014-07-07: sell
2017-05-07 22:36:41,125 - mylogger - INFO - -0.00787336
2017-05-07 22:36:41,125 - mylogger - INFO - 2014-07-08: sell
2017-05-07 22:36:41,539 - mylogger - INFO - -0.00981637
2017-05-07 22:36:41,539 - mylogger - INFO - 2014-07-09: sell
2017-05-07 22:36:41,872 - mylogger - INFO - -0.00024002
2017-05-07 22:36:41,873 - mylogger - INFO - 2014-07-10: sell
2017-05-07 22:36:42,206 - mylogger - INFO - 0.000896424
2017-05-07 22:36:42,207 - mylogger - INFO - 2014-07-11: No cover!
2017-05-07 22:36:42,627 - mylogger - INFO - 0.00815434
2017-05-07 22:36:42,628 - mylogger - INFO - 2014-07-14: No cover!
2017-05-07 22:36:42,961 - mylogger - INFO - 0.00633317
2017-05-07 22:36:42,962 - mylogger - INFO - 2014-07-15: No cover!
2017-05-07 22:36:43,293 - mylogger - INFO - 0.000607283
2017-05-07 22:36:43,294 - mylogger - INFO - 2014-07-16: No cover!
2017-05-07 22:36:43,613 - mylogger - INFO - -0.00884445
2017-05-07 22:36:43,614 - mylogger - INFO - 2014-07-17: sell
2017-05-07 22:36:44,031 - mylogger - INFO - -0.01124
2017-05-07 22:36:44,032 - mylogger - INFO - 2014-07-18: sell
2017-05-07 22:36:44,373 - mylogger - INFO - 0.00316552
2017-05-07 22:36:44,374 - mylogger - INFO - 2014-07-21: No cover!
2017-05-07 22:36:44,692 - mylogger - INFO - -0.00249067
2017-05-07 22:36:44,693 - mylogger - INFO - 2014-07-22: sell
2017-05-07 22:36:45,104 - mylogger - INFO - -0.0100283
2017-05-07 22:36:45,104 - mylogger - INFO - 2014-07-23: sell
2017-05-07 22:36:45,433 - mylogger - INFO - 0.0019363
2017-05-07 22:36:45,434 - mylogger - INFO - 2014-07-24: No cover!
2017-05-07 22:36:45,751 - mylogger - INFO - -0.0196557
2017-05-07 22:36:45,752 - mylogger - INFO - 2014-07-25: sell
2017-05-07 22:36:46,168 - mylogger - INFO - -0.00172581
2017-05-07 22:36:46,169 - mylogger - INFO - 2014-07-28: sell
2017-05-07 22:36:46,496 - mylogger - INFO - 0.00234213
2017-05-07 22:36:46,497 - mylogger - INFO - 2014-07-29: No cover!
2017-05-07 22:36:46,821 - mylogger - INFO - -0.00519772
2017-05-07 22:36:46,822 - mylogger - INFO - 2014-07-30: sell
2017-05-07 22:36:47,234 - mylogger - INFO - -0.00976579
2017-05-07 22:36:47,235 - mylogger - INFO - 2014-07-31: sell
2017-05-07 22:36:47,567 - mylogger - INFO - -0.00685058
2017-05-07 22:36:47,568 - mylogger - INFO - 2014-08-01: sell
2017-05-07 22:36:47,895 - mylogger - INFO - -0.00562692
2017-05-07 22:36:47,896 - mylogger - INFO - 2014-08-04: sell
2017-05-07 22:36:48,315 - mylogger - INFO - 0.0096018
2017-05-07 22:36:48,316 - mylogger - INFO - 2014-08-05: No cover!
2017-05-07 22:36:48,648 - mylogger - INFO - -0.00496582
2017-05-07 22:36:48,649 - mylogger - INFO - 2014-08-06: sell
2017-05-07 22:36:48,976 - mylogger - INFO - -0.00197022
2017-05-07 22:36:48,977 - mylogger - INFO - 2014-08-07: sell
2017-05-07 22:36:49,311 - mylogger - INFO - -0.00219307
2017-05-07 22:36:49,312 - mylogger - INFO - 2014-08-08: sell
2017-05-07 22:36:49,736 - mylogger - INFO - 0.000411495
2017-05-07 22:36:49,737 - mylogger - INFO - 2014-08-11: No cover!
2017-05-07 22:36:50,072 - mylogger - INFO - -0.00548301
2017-05-07 22:36:50,073 - mylogger - INFO - 2014-08-12: sell
2017-05-07 22:36:50,410 - mylogger - INFO - -0.00231156
2017-05-07 22:36:50,411 - mylogger - INFO - 2014-08-13: sell
2017-05-07 22:36:50,831 - mylogger - INFO - -0.0105477
2017-05-07 22:36:50,831 - mylogger - INFO - 2014-08-14: sell
2017-05-07 22:36:51,163 - mylogger - INFO - -0.00925761
2017-05-07 22:36:51,164 - mylogger - INFO - 2014-08-15: sell
2017-05-07 22:36:51,495 - mylogger - INFO - -0.007655
2017-05-07 22:36:51,496 - mylogger - INFO - 2014-08-18: sell
2017-05-07 22:36:51,919 - mylogger - INFO - 0.00222189
2017-05-07 22:36:51,920 - mylogger - INFO - 2014-08-19: No cover!
2017-05-07 22:36:52,260 - mylogger - INFO - -0.000717022
2017-05-07 22:36:52,261 - mylogger - INFO - 2014-08-20: sell
2017-05-07 22:36:52,595 - mylogger - INFO - 0.00164065
2017-05-07 22:36:52,596 - mylogger - INFO - 2014-08-21: No cover!
2017-05-07 22:36:53,014 - mylogger - INFO - -0.00614818
2017-05-07 22:36:53,015 - mylogger - INFO - 2014-08-22: sell
2017-05-07 22:36:53,351 - mylogger - INFO - -0.00321279
2017-05-07 22:36:53,351 - mylogger - INFO - 2014-08-25: sell
2017-05-07 22:36:53,674 - mylogger - INFO - -0.00567417
2017-05-07 22:36:53,675 - mylogger - INFO - 2014-08-26: sell
2017-05-07 22:36:54,006 - mylogger - INFO - -0.00482678
2017-05-07 22:36:54,007 - mylogger - INFO - 2014-08-27: sell
2017-05-07 22:36:54,433 - mylogger - INFO - -0.00742924
2017-05-07 22:36:54,434 - mylogger - INFO - 2014-08-28: sell
2017-05-07 22:36:54,758 - mylogger - INFO - -0.0143265
2017-05-07 22:36:54,759 - mylogger - INFO - 2014-08-29: sell
2017-05-07 22:36:55,103 - mylogger - INFO - -0.00720399
2017-05-07 22:36:55,104 - mylogger - INFO - 2014-09-02: sell
2017-05-07 22:36:55,522 - mylogger - INFO - -0.00779435
2017-05-07 22:36:55,523 - mylogger - INFO - 2014-09-03: sell
2017-05-07 22:36:55,847 - mylogger - INFO - -0.00291603
2017-05-07 22:36:55,848 - mylogger - INFO - 2014-09-04: sell
2017-05-07 22:36:56,175 - mylogger - INFO - -0.00677205
2017-05-07 22:36:56,176 - mylogger - INFO - 2014-09-05: sell
2017-05-07 22:36:56,586 - mylogger - INFO - -0.00328829
2017-05-07 22:36:56,587 - mylogger - INFO - 2014-09-08: sell
2017-05-07 22:36:56,917 - mylogger - INFO - 0.00226169
2017-05-07 22:36:56,918 - mylogger - INFO - 2014-09-09: No cover!
2017-05-07 22:36:57,246 - mylogger - INFO - -0.0049036
2017-05-07 22:36:57,247 - mylogger - INFO - 2014-09-10: sell
2017-05-07 22:36:57,676 - mylogger - INFO - 0.00247183
2017-05-07 22:36:57,677 - mylogger - INFO - 2014-09-11: No cover!
2017-05-07 22:36:58,010 - mylogger - INFO - -0.000368576
2017-05-07 22:36:58,010 - mylogger - INFO - 2014-09-12: sell
2017-05-07 22:36:58,337 - mylogger - INFO - -0.00603587
2017-05-07 22:36:58,338 - mylogger - INFO - 2014-09-15: sell
2017-05-07 22:36:58,673 - mylogger - INFO - 0.00022146
2017-05-07 22:36:58,674 - mylogger - INFO - 2014-09-16: No cover!
2017-05-07 22:36:59,093 - mylogger - INFO - 0.00163152
2017-05-07 22:36:59,094 - mylogger - INFO - 2014-09-17: No cover!
2017-05-07 22:36:59,436 - mylogger - INFO - -0.00382046
2017-05-07 22:36:59,437 - mylogger - INFO - 2014-09-18: sell
2017-05-07 22:36:59,764 - mylogger - INFO - 0.0011346
2017-05-07 22:36:59,766 - mylogger - INFO - 2014-09-19: No cover!
2017-05-07 22:37:00,191 - mylogger - INFO - -0.00927009
2017-05-07 22:37:00,192 - mylogger - INFO - 2014-09-22: sell
2017-05-07 22:37:00,524 - mylogger - INFO - -0.00198429
2017-05-07 22:37:00,525 - mylogger - INFO - 2014-09-23: sell
2017-05-07 22:37:00,855 - mylogger - INFO - -0.00728242
2017-05-07 22:37:00,856 - mylogger - INFO - 2014-09-24: sell
2017-05-07 22:37:01,293 - mylogger - INFO - -0.00609243
2017-05-07 22:37:01,294 - mylogger - INFO - 2014-09-25: sell
2017-05-07 22:37:01,623 - mylogger - INFO - -0.00157515
2017-05-07 22:37:01,624 - mylogger - INFO - 2014-09-26: sell
2017-05-07 22:37:01,955 - mylogger - INFO - -0.000775831
2017-05-07 22:37:01,956 - mylogger - INFO - 2014-09-29: sell
2017-05-07 22:37:02,371 - mylogger - INFO - 0.00293247
2017-05-07 22:37:02,372 - mylogger - INFO - 2014-09-30: No cover!
2017-05-07 22:37:02,710 - mylogger - INFO - -0.00663488
2017-05-07 22:37:02,711 - mylogger - INFO - 2014-10-01: sell
2017-05-07 22:37:03,042 - mylogger - INFO - -0.00682754
2017-05-07 22:37:03,043 - mylogger - INFO - 2014-10-02: sell
2017-05-07 22:37:03,376 - mylogger - INFO - -0.0256881
2017-05-07 22:37:03,377 - mylogger - INFO - 2014-10-03: sell
2017-05-07 22:37:03,804 - mylogger - INFO - -0.026958
2017-05-07 22:37:03,805 - mylogger - INFO - 2014-10-06: sell
2017-05-07 22:37:04,132 - mylogger - INFO - -0.0132209
2017-05-07 22:37:04,133 - mylogger - INFO - 2014-10-07: sell
2017-05-07 22:37:04,463 - mylogger - INFO - -0.00642069
2017-05-07 22:37:04,464 - mylogger - INFO - 2014-10-08: sell
2017-05-07 22:37:04,872 - mylogger - INFO - -0.017899
2017-05-07 22:37:04,873 - mylogger - INFO - 2014-10-09: sell
2017-05-07 22:37:05,207 - mylogger - INFO - -0.00391486
2017-05-07 22:37:05,208 - mylogger - INFO - 2014-10-10: sell
2017-05-07 22:37:05,531 - mylogger - INFO - -0.00222008
2017-05-07 22:37:05,532 - mylogger - INFO - 2014-10-13: sell
2017-05-07 22:37:05,952 - mylogger - INFO - -0.000318798
2017-05-07 22:37:05,953 - mylogger - INFO - 2014-10-14: sell
2017-05-07 22:37:06,277 - mylogger - INFO - -0.000503033
2017-05-07 22:37:06,278 - mylogger - INFO - 2014-10-15: sell
2017-05-07 22:37:06,606 - mylogger - INFO - -0.00542242
2017-05-07 22:37:06,607 - mylogger - INFO - 2014-10-16: sell
2017-05-07 22:37:07,031 - mylogger - INFO - -0.00368779
2017-05-07 22:37:07,032 - mylogger - INFO - 2014-10-17: sell
2017-05-07 22:37:07,366 - mylogger - INFO - -0.00915629
2017-05-07 22:37:07,366 - mylogger - INFO - 2014-10-20: sell
2017-05-07 22:37:07,743 - mylogger - INFO - -0.00128922
2017-05-07 22:37:07,744 - mylogger - INFO - 2014-10-21: sell
2017-05-07 22:37:08,155 - mylogger - INFO - -0.00238375
2017-05-07 22:37:08,156 - mylogger - INFO - 2014-10-22: sell
2017-05-07 22:37:08,492 - mylogger - INFO - -0.00416104
2017-05-07 22:37:08,493 - mylogger - INFO - 2014-10-23: sell
2017-05-07 22:37:08,824 - mylogger - INFO - -0.00430833
2017-05-07 22:37:08,824 - mylogger - INFO - 2014-10-24: sell
2017-05-07 22:37:09,159 - mylogger - INFO - 0.00028345
2017-05-07 22:37:09,160 - mylogger - INFO - 2014-10-27: No cover!
2017-05-07 22:37:09,592 - mylogger - INFO - -0.00515851
2017-05-07 22:37:09,593 - mylogger - INFO - 2014-10-28: sell
2017-05-07 22:37:09,922 - mylogger - INFO - -0.0146621
2017-05-07 22:37:09,923 - mylogger - INFO - 2014-10-29: sell
2017-05-07 22:37:10,258 - mylogger - INFO - -0.0108601
2017-05-07 22:37:10,259 - mylogger - INFO - 2014-10-30: sell
2017-05-07 22:37:10,673 - mylogger - INFO - -0.0110978
2017-05-07 22:37:10,674 - mylogger - INFO - 2014-10-31: sell
2017-05-07 22:37:11,004 - mylogger - INFO - -0.00582403
2017-05-07 22:37:11,005 - mylogger - INFO - 2014-11-03: sell
2017-05-07 22:37:11,336 - mylogger - INFO - -0.00587175
2017-05-07 22:37:11,336 - mylogger - INFO - 2014-11-04: sell
2017-05-07 22:37:11,750 - mylogger - INFO - -0.00621742
2017-05-07 22:37:11,751 - mylogger - INFO - 2014-11-05: sell
2017-05-07 22:37:12,091 - mylogger - INFO - -0.00863129
2017-05-07 22:37:12,092 - mylogger - INFO - 2014-11-06: sell
2017-05-07 22:37:12,421 - mylogger - INFO - 0.00159237
2017-05-07 22:37:12,422 - mylogger - INFO - 2014-11-07: No cover!
2017-05-07 22:37:12,844 - mylogger - INFO - -0.0047041
2017-05-07 22:37:12,845 - mylogger - INFO - 2014-11-10: sell
2017-05-07 22:37:13,169 - mylogger - INFO - -0.00354569
2017-05-07 22:37:13,169 - mylogger - INFO - 2014-11-11: sell
2017-05-07 22:37:13,504 - mylogger - INFO - -0.0041934
2017-05-07 22:37:13,505 - mylogger - INFO - 2014-11-12: sell
2017-05-07 22:37:13,922 - mylogger - INFO - -0.00394575
2017-05-07 22:37:13,923 - mylogger - INFO - 2014-11-13: sell
2017-05-07 22:37:14,254 - mylogger - INFO - -0.00123433
2017-05-07 22:37:14,255 - mylogger - INFO - 2014-11-14: sell
2017-05-07 22:37:14,592 - mylogger - INFO - 0.00479302
2017-05-07 22:37:14,593 - mylogger - INFO - 2014-11-17: No cover!
2017-05-07 22:37:14,915 - mylogger - INFO - 0.00134628
2017-05-07 22:37:14,916 - mylogger - INFO - 2014-11-18: No cover!
2017-05-07 22:37:15,335 - mylogger - INFO - -0.0082431
2017-05-07 22:37:15,336 - mylogger - INFO - 2014-11-19: sell
2017-05-07 22:37:15,664 - mylogger - INFO - 0.00168105
2017-05-07 22:37:15,665 - mylogger - INFO - 2014-11-20: No cover!
2017-05-07 22:37:15,996 - mylogger - INFO - -0.00507233
2017-05-07 22:37:15,996 - mylogger - INFO - 2014-11-21: sell
2017-05-07 22:37:16,409 - mylogger - INFO - 0.00245504
2017-05-07 22:37:16,410 - mylogger - INFO - 2014-11-24: No cover!
2017-05-07 22:37:16,738 - mylogger - INFO - 0.000687899
2017-05-07 22:37:16,739 - mylogger - INFO - 2014-11-25: No cover!
2017-05-07 22:37:17,070 - mylogger - INFO - 0.0024413
2017-05-07 22:37:17,071 - mylogger - INFO - 2014-11-26: No cover!
2017-05-07 22:37:17,492 - mylogger - INFO - 0.00312885
2017-05-07 22:37:17,493 - mylogger - INFO - 2014-11-28: No cover!
2017-05-07 22:37:17,828 - mylogger - INFO - 0.00847033
2017-05-07 22:37:17,830 - mylogger - INFO - 2014-12-01: No cover!
2017-05-07 22:37:18,161 - mylogger - INFO - 0.00396668
2017-05-07 22:37:18,162 - mylogger - INFO - 2014-12-02: No cover!
2017-05-07 22:37:18,598 - mylogger - INFO - 0.00188413
2017-05-07 22:37:18,600 - mylogger - INFO - 2014-12-03: No cover!
2017-05-07 22:37:18,936 - mylogger - INFO - 0.00619536
2017-05-07 22:37:18,938 - mylogger - INFO - 2014-12-04: No cover!
2017-05-07 22:37:19,268 - mylogger - INFO - 0.00738376
2017-05-07 22:37:19,269 - mylogger - INFO - 2014-12-05: No cover!
2017-05-07 22:37:19,604 - mylogger - INFO - 0.000592758
2017-05-07 22:37:19,606 - mylogger - INFO - 2014-12-08: No cover!
2017-05-07 22:37:20,026 - mylogger - INFO - 0.00158293
2017-05-07 22:37:20,027 - mylogger - INFO - 2014-12-09: No cover!
2017-05-07 22:37:20,356 - mylogger - INFO - 9.29051e-05
2017-05-07 22:37:20,357 - mylogger - INFO - 2014-12-10: No cover!
2017-05-07 22:37:20,701 - mylogger - INFO - 0.00324723
2017-05-07 22:37:20,702 - mylogger - INFO - 2014-12-11: No cover!
2017-05-07 22:37:21,119 - mylogger - INFO - -0.0112032
2017-05-07 22:37:21,120 - mylogger - INFO - 2014-12-12: sell
2017-05-07 22:37:21,455 - mylogger - INFO - -0.0106965
2017-05-07 22:37:21,456 - mylogger - INFO - 2014-12-15: sell
2017-05-07 22:37:21,786 - mylogger - INFO - -0.0131933
2017-05-07 22:37:21,787 - mylogger - INFO - 2014-12-16: sell
2017-05-07 22:37:22,205 - mylogger - INFO - -0.0134257
2017-05-07 22:37:22,205 - mylogger - INFO - 2014-12-17: sell
2017-05-07 22:37:22,539 - mylogger - INFO - -0.00831633
2017-05-07 22:37:22,540 - mylogger - INFO - 2014-12-18: sell
2017-05-07 22:37:22,860 - mylogger - INFO - -0.00569962
2017-05-07 22:37:22,861 - mylogger - INFO - 2014-12-19: sell
2017-05-07 22:37:23,300 - mylogger - INFO - -0.00369659
2017-05-07 22:37:23,301 - mylogger - INFO - 2014-12-22: sell
2017-05-07 22:37:23,630 - mylogger - INFO - 0.00173084
2017-05-07 22:37:23,631 - mylogger - INFO - 2014-12-23: No cover!
2017-05-07 22:37:23,954 - mylogger - INFO - -0.00667514
2017-05-07 22:37:23,955 - mylogger - INFO - 2014-12-24: sell
2017-05-07 22:37:24,277 - mylogger - INFO - -0.00634854
2017-05-07 22:37:24,278 - mylogger - INFO - 2014-12-26: sell
2017-05-07 22:37:24,706 - mylogger - INFO - -0.00558108
2017-05-07 22:37:24,707 - mylogger - INFO - 2014-12-29: sell
2017-05-07 22:37:25,032 - mylogger - INFO - 0.00594446
2017-05-07 22:37:25,033 - mylogger - INFO - 2014-12-30: No cover!
2017-05-07 22:37:25,376 - mylogger - INFO - 0.000706524
2017-05-07 22:37:25,378 - mylogger - INFO - 2014-12-31: No cover!
2017-05-07 22:37:25,787 - mylogger - INFO - -0.000232101
2017-05-07 22:37:25,788 - mylogger - INFO - 2015-01-02: sell
2017-05-07 22:37:26,122 - mylogger - INFO - -0.000527932
2017-05-07 22:37:26,123 - mylogger - INFO - 2015-01-05: sell
2017-05-07 22:37:26,453 - mylogger - INFO - 0.00647596
2017-05-07 22:37:26,454 - mylogger - INFO - 2015-01-06: No cover!
2017-05-07 22:37:26,865 - mylogger - INFO - 0.00273084
2017-05-07 22:37:26,866 - mylogger - INFO - 2015-01-07: No cover!
2017-05-07 22:37:27,196 - mylogger - INFO - 0.00536432
2017-05-07 22:37:27,197 - mylogger - INFO - 2015-01-08: No cover!
2017-05-07 22:37:27,522 - mylogger - INFO - -0.00624813
2017-05-07 22:37:27,523 - mylogger - INFO - 2015-01-09: sell
2017-05-07 22:37:27,940 - mylogger - INFO - 0.0105087
2017-05-07 22:37:27,941 - mylogger - INFO - 2015-01-12: No cover!
2017-05-07 22:37:28,269 - mylogger - INFO - 0.00391
2017-05-07 22:37:28,270 - mylogger - INFO - 2015-01-13: No cover!
2017-05-07 22:37:28,594 - mylogger - INFO - 0.00275617
2017-05-07 22:37:28,595 - mylogger - INFO - 2015-01-14: No cover!
2017-05-07 22:37:28,923 - mylogger - INFO - -0.000241939
2017-05-07 22:37:28,924 - mylogger - INFO - 2015-01-15: sell
2017-05-07 22:37:29,343 - mylogger - INFO - -0.00309148
2017-05-07 22:37:29,344 - mylogger - INFO - 2015-01-16: sell
2017-05-07 22:37:29,670 - mylogger - INFO - 0.00344462
2017-05-07 22:37:29,671 - mylogger - INFO - 2015-01-20: No cover!
2017-05-07 22:37:29,995 - mylogger - INFO - 0.00365502
2017-05-07 22:37:29,996 - mylogger - INFO - 2015-01-21: No cover!
2017-05-07 22:37:30,418 - mylogger - INFO - 0.00391476
2017-05-07 22:37:30,419 - mylogger - INFO - 2015-01-22: No cover!
2017-05-07 22:37:30,752 - mylogger - INFO - 0.000598737
2017-05-07 22:37:30,753 - mylogger - INFO - 2015-01-23: No cover!
2017-05-07 22:37:31,090 - mylogger - INFO - 0.0057605
2017-05-07 22:37:31,091 - mylogger - INFO - 2015-01-26: No cover!
2017-05-07 22:37:31,517 - mylogger - INFO - 0.00531715
2017-05-07 22:37:31,518 - mylogger - INFO - 2015-01-27: No cover!
2017-05-07 22:37:31,848 - mylogger - INFO - -0.00178915
2017-05-07 22:37:31,849 - mylogger - INFO - 2015-01-28: sell
2017-05-07 22:37:32,176 - mylogger - INFO - -0.00722122
2017-05-07 22:37:32,177 - mylogger - INFO - 2015-01-29: sell
2017-05-07 22:37:32,598 - mylogger - INFO - -0.00306656
2017-05-07 22:37:32,598 - mylogger - INFO - 2015-01-30: sell
2017-05-07 22:37:32,928 - mylogger - INFO - -0.00157375
2017-05-07 22:37:32,929 - mylogger - INFO - 2015-02-02: sell
2017-05-07 22:37:33,257 - mylogger - INFO - -0.00240553
2017-05-07 22:37:33,257 - mylogger - INFO - 2015-02-03: sell
2017-05-07 22:37:33,590 - mylogger - INFO - -0.00330774
2017-05-07 22:37:33,591 - mylogger - INFO - 2015-02-04: sell
2017-05-07 22:37:34,011 - mylogger - INFO - -0.00015269
2017-05-07 22:37:34,011 - mylogger - INFO - 2015-02-05: sell
2017-05-07 22:37:34,337 - mylogger - INFO - 0.00339833
2017-05-07 22:37:34,338 - mylogger - INFO - 2015-02-06: No cover!
2017-05-07 22:37:34,665 - mylogger - INFO - 0.00353632
2017-05-07 22:37:34,666 - mylogger - INFO - 2015-02-09: No cover!
2017-05-07 22:37:35,082 - mylogger - INFO - -0.00593575
2017-05-07 22:37:35,083 - mylogger - INFO - 2015-02-10: sell
2017-05-07 22:37:35,416 - mylogger - INFO - -0.00782135
2017-05-07 22:37:35,417 - mylogger - INFO - 2015-02-11: sell
2017-05-07 22:37:35,736 - mylogger - INFO - 0.00354089
2017-05-07 22:37:35,737 - mylogger - INFO - 2015-02-12: No cover!
2017-05-07 22:37:36,161 - mylogger - INFO - -0.00865847
2017-05-07 22:37:36,162 - mylogger - INFO - 2015-02-13: sell
2017-05-07 22:37:36,488 - mylogger - INFO - -0.0022071
2017-05-07 22:37:36,488 - mylogger - INFO - 2015-02-17: sell
2017-05-07 22:37:36,813 - mylogger - INFO - 0.00283631
2017-05-07 22:37:36,814 - mylogger - INFO - 2015-02-18: No cover!
2017-05-07 22:37:37,229 - mylogger - INFO - 0.000837296
2017-05-07 22:37:37,230 - mylogger - INFO - 2015-02-19: No cover!
2017-05-07 22:37:37,560 - mylogger - INFO - 0.00291688
2017-05-07 22:37:37,561 - mylogger - INFO - 2015-02-20: No cover!
2017-05-07 22:37:37,886 - mylogger - INFO - -0.00554623
2017-05-07 22:37:37,888 - mylogger - INFO - 2015-02-23: sell
2017-05-07 22:37:38,215 - mylogger - INFO - -0.00696851
2017-05-07 22:37:38,215 - mylogger - INFO - 2015-02-24: sell
2017-05-07 22:37:38,638 - mylogger - INFO - -0.00897142
2017-05-07 22:37:38,639 - mylogger - INFO - 2015-02-25: sell
2017-05-07 22:37:38,967 - mylogger - INFO - -0.0032153
2017-05-07 22:37:38,968 - mylogger - INFO - 2015-02-26: sell
2017-05-07 22:37:39,292 - mylogger - INFO - -0.00349134
2017-05-07 22:37:39,293 - mylogger - INFO - 2015-02-27: sell
2017-05-07 22:37:39,716 - mylogger - INFO - -0.0120835
2017-05-07 22:37:39,717 - mylogger - INFO - 2015-03-02: sell
2017-05-07 22:37:40,045 - mylogger - INFO - -0.0066985
2017-05-07 22:37:40,046 - mylogger - INFO - 2015-03-03: sell
2017-05-07 22:37:40,376 - mylogger - INFO - -0.0112239
2017-05-07 22:37:40,377 - mylogger - INFO - 2015-03-04: sell
2017-05-07 22:37:40,790 - mylogger - INFO - -0.000219473
2017-05-07 22:37:40,791 - mylogger - INFO - 2015-03-05: sell
2017-05-07 22:37:41,118 - mylogger - INFO - -0.0063978
2017-05-07 22:37:41,119 - mylogger - INFO - 2015-03-06: sell
2017-05-07 22:37:41,445 - mylogger - INFO - -0.0118208
2017-05-07 22:37:41,446 - mylogger - INFO - 2015-03-09: sell
2017-05-07 22:37:41,863 - mylogger - INFO - -0.0109167
2017-05-07 22:37:41,865 - mylogger - INFO - 2015-03-10: sell
2017-05-07 22:37:42,207 - mylogger - INFO - -0.0128213
2017-05-07 22:37:42,208 - mylogger - INFO - 2015-03-11: sell
2017-05-07 22:37:42,538 - mylogger - INFO - -0.000219037
2017-05-07 22:37:42,539 - mylogger - INFO - 2015-03-12: sell
2017-05-07 22:37:42,867 - mylogger - INFO - -0.00607481
2017-05-07 22:37:42,868 - mylogger - INFO - 2015-03-13: sell
2017-05-07 22:37:43,288 - mylogger - INFO - -0.00964901
2017-05-07 22:37:43,289 - mylogger - INFO - 2015-03-16: sell
2017-05-07 22:37:43,620 - mylogger - INFO - 0.00145082
2017-05-07 22:37:43,622 - mylogger - INFO - 2015-03-17: No cover!
2017-05-07 22:37:43,950 - mylogger - INFO - -2.44819e-05
2017-05-07 22:37:43,951 - mylogger - INFO - 2015-03-18: sell
2017-05-07 22:37:44,371 - mylogger - INFO - 0.00193347
2017-05-07 22:37:44,373 - mylogger - INFO - 2015-03-19: No cover!
2017-05-07 22:37:44,704 - mylogger - INFO - 0.00225525
2017-05-07 22:37:44,705 - mylogger - INFO - 2015-03-20: No cover!
2017-05-07 22:37:45,034 - mylogger - INFO - -0.000555812
2017-05-07 22:37:45,035 - mylogger - INFO - 2015-03-23: sell
2017-05-07 22:37:45,458 - mylogger - INFO - -0.000158633
2017-05-07 22:37:45,459 - mylogger - INFO - 2015-03-24: sell
2017-05-07 22:37:45,781 - mylogger - INFO - 0.00098126
2017-05-07 22:37:45,782 - mylogger - INFO - 2015-03-25: No cover!
2017-05-07 22:37:46,115 - mylogger - INFO - -0.004986
2017-05-07 22:37:46,116 - mylogger - INFO - 2015-03-26: sell
2017-05-07 22:37:46,539 - mylogger - INFO - -0.00566859
2017-05-07 22:37:46,540 - mylogger - INFO - 2015-03-27: sell
2017-05-07 22:37:46,868 - mylogger - INFO - 0.00247535
2017-05-07 22:37:46,869 - mylogger - INFO - 2015-03-30: No cover!
2017-05-07 22:37:47,207 - mylogger - INFO - -0.0115918
2017-05-07 22:37:47,208 - mylogger - INFO - 2015-03-31: sell
2017-05-07 22:37:47,535 - mylogger - INFO - -0.00396939
2017-05-07 22:37:47,535 - mylogger - INFO - 2015-04-01: sell
2017-05-07 22:37:47,957 - mylogger - INFO - -0.0109524
2017-05-07 22:37:47,958 - mylogger - INFO - 2015-04-02: sell
2017-05-07 22:37:48,288 - mylogger - INFO - -0.0154658
2017-05-07 22:37:48,289 - mylogger - INFO - 2015-04-06: sell
2017-05-07 22:37:48,623 - mylogger - INFO - -0.00924962
2017-05-07 22:37:48,624 - mylogger - INFO - 2015-04-07: sell
2017-05-07 22:37:49,040 - mylogger - INFO - -0.00836421
2017-05-07 22:37:49,041 - mylogger - INFO - 2015-04-08: sell
2017-05-07 22:37:49,368 - mylogger - INFO - -0.00172476
2017-05-07 22:37:49,369 - mylogger - INFO - 2015-04-09: sell
2017-05-07 22:37:49,704 - mylogger - INFO - -0.000348762
2017-05-07 22:37:49,704 - mylogger - INFO - 2015-04-10: sell
2017-05-07 22:37:50,120 - mylogger - INFO - 0.00354396
2017-05-07 22:37:50,121 - mylogger - INFO - 2015-04-13: No cover!
2017-05-07 22:37:50,453 - mylogger - INFO - -0.000123049
2017-05-07 22:37:50,454 - mylogger - INFO - 2015-04-14: sell
2017-05-07 22:37:50,783 - mylogger - INFO - 0.0077628
2017-05-07 22:37:50,784 - mylogger - INFO - 2015-04-15: No cover!
2017-05-07 22:37:51,205 - mylogger - INFO - 0.00089069
2017-05-07 22:37:51,206 - mylogger - INFO - 2015-04-16: No cover!
2017-05-07 22:37:51,536 - mylogger - INFO - -0.0127294
2017-05-07 22:37:51,537 - mylogger - INFO - 2015-04-17: sell
2017-05-07 22:37:51,852 - mylogger - INFO - 0.00318258
2017-05-07 22:37:51,853 - mylogger - INFO - 2015-04-20: No cover!
2017-05-07 22:37:52,193 - mylogger - INFO - 0.00464853
2017-05-07 22:37:52,194 - mylogger - INFO - 2015-04-21: No cover!
2017-05-07 22:37:52,617 - mylogger - INFO - 0.00743841
2017-05-07 22:37:52,619 - mylogger - INFO - 2015-04-22: No cover!
2017-05-07 22:37:52,953 - mylogger - INFO - -0.00673567
2017-05-07 22:37:52,953 - mylogger - INFO - 2015-04-23: sell
2017-05-07 22:37:53,283 - mylogger - INFO - -0.0066081
2017-05-07 22:37:53,283 - mylogger - INFO - 2015-04-24: sell
2017-05-07 22:37:53,707 - mylogger - INFO - -0.00257082
2017-05-07 22:37:53,708 - mylogger - INFO - 2015-04-27: sell
2017-05-07 22:37:54,037 - mylogger - INFO - -0.000994921
2017-05-07 22:37:54,037 - mylogger - INFO - 2015-04-28: sell
2017-05-07 22:37:54,365 - mylogger - INFO - -0.00473946
2017-05-07 22:37:54,366 - mylogger - INFO - 2015-04-29: sell
2017-05-07 22:37:54,802 - mylogger - INFO - -0.010247
2017-05-07 22:37:54,803 - mylogger - INFO - 2015-04-30: sell
2017-05-07 22:37:55,133 - mylogger - INFO - -0.00322164
2017-05-07 22:37:55,134 - mylogger - INFO - 2015-05-01: sell
2017-05-07 22:37:55,480 - mylogger - INFO - -0.0107438
2017-05-07 22:37:55,481 - mylogger - INFO - 2015-05-04: sell
2017-05-07 22:37:55,914 - mylogger - INFO - -0.00219962
2017-05-07 22:37:55,915 - mylogger - INFO - 2015-05-05: sell
2017-05-07 22:37:56,248 - mylogger - INFO - -0.0101926
2017-05-07 22:37:56,249 - mylogger - INFO - 2015-05-06: sell
2017-05-07 22:37:56,581 - mylogger - INFO - -0.0113442
2017-05-07 22:37:56,582 - mylogger - INFO - 2015-05-07: sell
2017-05-07 22:37:57,000 - mylogger - INFO - -0.00419333
2017-05-07 22:37:57,001 - mylogger - INFO - 2015-05-08: sell
2017-05-07 22:37:57,335 - mylogger - INFO - -0.0215345
2017-05-07 22:37:57,336 - mylogger - INFO - 2015-05-11: sell
2017-05-07 22:37:57,657 - mylogger - INFO - -0.00667097
2017-05-07 22:37:57,658 - mylogger - INFO - 2015-05-12: sell
2017-05-07 22:37:57,987 - mylogger - INFO - -0.00825425
2017-05-07 22:37:57,988 - mylogger - INFO - 2015-05-13: sell
2017-05-07 22:37:58,407 - mylogger - INFO - -0.00887889
2017-05-07 22:37:58,407 - mylogger - INFO - 2015-05-14: sell
2017-05-07 22:37:58,738 - mylogger - INFO - -0.0148772
2017-05-07 22:37:58,739 - mylogger - INFO - 2015-05-15: sell
2017-05-07 22:37:59,070 - mylogger - INFO - -0.0101951
2017-05-07 22:37:59,071 - mylogger - INFO - 2015-05-18: sell
2017-05-07 22:37:59,490 - mylogger - INFO - -0.00274666
2017-05-07 22:37:59,491 - mylogger - INFO - 2015-05-19: sell
2017-05-07 22:37:59,817 - mylogger - INFO - -0.00577547
2017-05-07 22:37:59,817 - mylogger - INFO - 2015-05-20: sell
2017-05-07 22:38:00,142 - mylogger - INFO - -0.00464566
2017-05-07 22:38:00,143 - mylogger - INFO - 2015-05-21: sell
2017-05-07 22:38:00,561 - mylogger - INFO - -0.00579773
2017-05-07 22:38:00,562 - mylogger - INFO - 2015-05-22: sell
2017-05-07 22:38:00,880 - mylogger - INFO - 0.00013909
2017-05-07 22:38:00,881 - mylogger - INFO - 2015-05-26: No cover!
2017-05-07 22:38:01,205 - mylogger - INFO - 0.000447833
2017-05-07 22:38:01,206 - mylogger - INFO - 2015-05-27: No cover!
2017-05-07 22:38:01,619 - mylogger - INFO - -0.00382922
2017-05-07 22:38:01,620 - mylogger - INFO - 2015-05-28: sell
2017-05-07 22:38:01,953 - mylogger - INFO - -0.00319024
2017-05-07 22:38:01,954 - mylogger - INFO - 2015-05-29: sell
2017-05-07 22:38:02,286 - mylogger - INFO - 0.00530196
2017-05-07 22:38:02,287 - mylogger - INFO - 2015-06-01: No cover!
2017-05-07 22:38:02,617 - mylogger - INFO - -0.00572913
2017-05-07 22:38:02,618 - mylogger - INFO - 2015-06-02: sell
2017-05-07 22:38:03,053 - mylogger - INFO - 0.00587801
2017-05-07 22:38:03,054 - mylogger - INFO - 2015-06-03: No cover!
2017-05-07 22:38:03,380 - mylogger - INFO - -0.00633873
2017-05-07 22:38:03,381 - mylogger - INFO - 2015-06-04: sell
2017-05-07 22:38:03,707 - mylogger - INFO - -0.00514248
2017-05-07 22:38:03,708 - mylogger - INFO - 2015-06-05: sell
2017-05-07 22:38:04,124 - mylogger - INFO - -0.00207857
2017-05-07 22:38:04,125 - mylogger - INFO - 2015-06-08: sell
2017-05-07 22:38:04,448 - mylogger - INFO - 0.00158194
2017-05-07 22:38:04,449 - mylogger - INFO - 2015-06-09: No cover!
2017-05-07 22:38:04,773 - mylogger - INFO - 0.00373295
2017-05-07 22:38:04,774 - mylogger - INFO - 2015-06-10: No cover!
2017-05-07 22:38:05,195 - mylogger - INFO - -0.00257455
2017-05-07 22:38:05,195 - mylogger - INFO - 2015-06-11: sell
2017-05-07 22:38:05,518 - mylogger - INFO - -0.0031569
2017-05-07 22:38:05,519 - mylogger - INFO - 2015-06-12: sell
2017-05-07 22:38:05,844 - mylogger - INFO - -0.0028861
2017-05-07 22:38:05,845 - mylogger - INFO - 2015-06-15: sell
2017-05-07 22:38:06,269 - mylogger - INFO - 8.08288e-05
2017-05-07 22:38:06,270 - mylogger - INFO - 2015-06-16: No cover!
2017-05-07 22:38:06,602 - mylogger - INFO - -0.00743304
2017-05-07 22:38:06,603 - mylogger - INFO - 2015-06-17: sell
2017-05-07 22:38:06,937 - mylogger - INFO - -0.00937289
2017-05-07 22:38:06,938 - mylogger - INFO - 2015-06-18: sell
2017-05-07 22:38:07,278 - mylogger - INFO - -0.00601131
2017-05-07 22:38:07,279 - mylogger - INFO - 2015-06-19: sell
2017-05-07 22:38:07,707 - mylogger - INFO - -0.00872918
2017-05-07 22:38:07,708 - mylogger - INFO - 2015-06-22: sell
2017-05-07 22:38:08,036 - mylogger - INFO - -0.00435593
2017-05-07 22:38:08,037 - mylogger - INFO - 2015-06-23: sell
2017-05-07 22:38:08,354 - mylogger - INFO - -0.0115947
2017-05-07 22:38:08,355 - mylogger - INFO - 2015-06-24: sell
2017-05-07 22:38:08,800 - mylogger - INFO - -0.00249468
2017-05-07 22:38:08,801 - mylogger - INFO - 2015-06-25: sell
2017-05-07 22:38:09,117 - mylogger - INFO - -0.00103893
2017-05-07 22:38:09,118 - mylogger - INFO - 2015-06-26: sell
2017-05-07 22:38:09,444 - mylogger - INFO - 0.000126895
2017-05-07 22:38:09,445 - mylogger - INFO - 2015-06-29: No cover!
2017-05-07 22:38:09,861 - mylogger - INFO - -0.00167064
2017-05-07 22:38:09,862 - mylogger - INFO - 2015-06-30: sell
2017-05-07 22:38:10,204 - mylogger - INFO - -0.00142624
2017-05-07 22:38:10,205 - mylogger - INFO - 2015-07-01: sell
2017-05-07 22:38:10,534 - mylogger - INFO - 0.00784463
2017-05-07 22:38:10,535 - mylogger - INFO - 2015-07-02: No cover!
2017-05-07 22:38:10,960 - mylogger - INFO - 0.00301356
2017-05-07 22:38:10,961 - mylogger - INFO - 2015-07-06: No cover!
2017-05-07 22:38:11,294 - mylogger - INFO - -0.00482755
2017-05-07 22:38:11,295 - mylogger - INFO - 2015-07-07: sell
2017-05-07 22:38:11,628 - mylogger - INFO - 0.00448557
2017-05-07 22:38:11,629 - mylogger - INFO - 2015-07-08: No cover!
2017-05-07 22:38:11,956 - mylogger - INFO - 0.00518642
2017-05-07 22:38:11,957 - mylogger - INFO - 2015-07-09: No cover!
2017-05-07 22:38:12,383 - mylogger - INFO - 0.00104071
2017-05-07 22:38:12,385 - mylogger - INFO - 2015-07-10: No cover!
2017-05-07 22:38:12,714 - mylogger - INFO - -0.00508349
2017-05-07 22:38:12,715 - mylogger - INFO - 2015-07-13: sell
2017-05-07 22:38:13,050 - mylogger - INFO - -0.000340027
2017-05-07 22:38:13,051 - mylogger - INFO - 2015-07-14: sell
2017-05-07 22:38:13,478 - mylogger - INFO - 0.0013935
2017-05-07 22:38:13,479 - mylogger - INFO - 2015-07-15: No cover!
2017-05-07 22:38:13,809 - mylogger - INFO - 0.00673533
2017-05-07 22:38:13,810 - mylogger - INFO - 2015-07-16: No cover!
2017-05-07 22:38:14,140 - mylogger - INFO - 0.0025865
2017-05-07 22:38:14,141 - mylogger - INFO - 2015-07-17: No cover!
2017-05-07 22:38:14,581 - mylogger - INFO - 0.00486302
2017-05-07 22:38:14,582 - mylogger - INFO - 2015-07-20: No cover!
2017-05-07 22:38:14,912 - mylogger - INFO - 0.00451643
2017-05-07 22:38:14,913 - mylogger - INFO - 2015-07-21: No cover!
2017-05-07 22:38:15,248 - mylogger - INFO - 0.00152293
2017-05-07 22:38:15,249 - mylogger - INFO - 2015-07-22: No cover!
2017-05-07 22:38:15,679 - mylogger - INFO - 0.0105738
2017-05-07 22:38:15,680 - mylogger - INFO - 2015-07-23: No cover!
2017-05-07 22:38:16,014 - mylogger - INFO - 0.00146636
2017-05-07 22:38:16,015 - mylogger - INFO - 2015-07-24: No cover!
2017-05-07 22:38:16,345 - mylogger - INFO - 0.0074514
2017-05-07 22:38:16,346 - mylogger - INFO - 2015-07-27: No cover!
2017-05-07 22:38:16,662 - mylogger - INFO - 0.00837363
2017-05-07 22:38:16,664 - mylogger - INFO - 2015-07-28: No cover!
2017-05-07 22:38:17,082 - mylogger - INFO - 0.00827049
2017-05-07 22:38:17,083 - mylogger - INFO - 2015-07-29: No cover!
2017-05-07 22:38:17,413 - mylogger - INFO - 0.00668738
2017-05-07 22:38:17,414 - mylogger - INFO - 2015-07-30: No cover!
2017-05-07 22:38:17,731 - mylogger - INFO - -0.00132206
2017-05-07 22:38:17,732 - mylogger - INFO - 2015-07-31: sell
2017-05-07 22:38:18,162 - mylogger - INFO - -0.00119643
2017-05-07 22:38:18,163 - mylogger - INFO - 2015-08-03: sell
2017-05-07 22:38:18,494 - mylogger - INFO - -0.000650027
2017-05-07 22:38:18,495 - mylogger - INFO - 2015-08-04: sell
2017-05-07 22:38:18,817 - mylogger - INFO - -0.000101619
2017-05-07 22:38:18,817 - mylogger - INFO - 2015-08-05: sell
2017-05-07 22:38:19,226 - mylogger - INFO - 9.38262e-05
2017-05-07 22:38:19,227 - mylogger - INFO - 2015-08-06: No cover!
2017-05-07 22:38:19,556 - mylogger - INFO - -0.00584947
2017-05-07 22:38:19,557 - mylogger - INFO - 2015-08-07: sell
2017-05-07 22:38:19,885 - mylogger - INFO - -0.00343503
2017-05-07 22:38:19,886 - mylogger - INFO - 2015-08-10: sell
2017-05-07 22:38:20,310 - mylogger - INFO - -0.0051816
2017-05-07 22:38:20,310 - mylogger - INFO - 2015-08-11: sell
2017-05-07 22:38:20,640 - mylogger - INFO - -0.00488473
2017-05-07 22:38:20,641 - mylogger - INFO - 2015-08-12: sell
2017-05-07 22:38:20,962 - mylogger - INFO - -0.00442174
2017-05-07 22:38:20,963 - mylogger - INFO - 2015-08-13: sell
2017-05-07 22:38:21,289 - mylogger - INFO - -0.00231985
2017-05-07 22:38:21,290 - mylogger - INFO - 2015-08-14: sell
2017-05-07 22:38:21,709 - mylogger - INFO - -0.00583203
2017-05-07 22:38:21,710 - mylogger - INFO - 2015-08-17: sell
2017-05-07 22:38:22,042 - mylogger - INFO - -0.00628383
2017-05-07 22:38:22,043 - mylogger - INFO - 2015-08-18: sell
2017-05-07 22:38:22,372 - mylogger - INFO - -0.00797112
2017-05-07 22:38:22,373 - mylogger - INFO - 2015-08-19: sell
2017-05-07 22:38:22,792 - mylogger - INFO - -0.00419939
2017-05-07 22:38:22,793 - mylogger - INFO - 2015-08-20: sell
2017-05-07 22:38:23,123 - mylogger - INFO - -0.00280738
2017-05-07 22:38:23,124 - mylogger - INFO - 2015-08-21: sell
2017-05-07 22:38:23,450 - mylogger - INFO - -0.00273812
2017-05-07 22:38:23,451 - mylogger - INFO - 2015-08-24: sell
2017-05-07 22:38:23,869 - mylogger - INFO - -0.00515073
2017-05-07 22:38:23,870 - mylogger - INFO - 2015-08-25: sell
2017-05-07 22:38:24,191 - mylogger - INFO - -0.000698417
2017-05-07 22:38:24,192 - mylogger - INFO - 2015-08-26: sell
2017-05-07 22:38:24,510 - mylogger - INFO - -0.0020269
2017-05-07 22:38:24,511 - mylogger - INFO - 2015-08-27: sell
2017-05-07 22:38:24,945 - mylogger - INFO - -0.0078984
2017-05-07 22:38:24,946 - mylogger - INFO - 2015-08-28: sell
2017-05-07 22:38:25,271 - mylogger - INFO - -0.00572762
2017-05-07 22:38:25,272 - mylogger - INFO - 2015-08-31: sell
2017-05-07 22:38:25,612 - mylogger - INFO - -0.0114978
2017-05-07 22:38:25,613 - mylogger - INFO - 2015-09-01: sell
2017-05-07 22:38:25,960 - mylogger - INFO - -0.0127403
2017-05-07 22:38:25,961 - mylogger - INFO - 2015-09-02: sell
2017-05-07 22:38:26,391 - mylogger - INFO - -0.00803031
2017-05-07 22:38:26,392 - mylogger - INFO - 2015-09-03: sell
2017-05-07 22:38:26,714 - mylogger - INFO - -0.0131042
2017-05-07 22:38:26,715 - mylogger - INFO - 2015-09-04: sell
2017-05-07 22:38:27,036 - mylogger - INFO - -0.00411394
2017-05-07 22:38:27,037 - mylogger - INFO - 2015-09-08: sell
2017-05-07 22:38:27,460 - mylogger - INFO - -0.0148445
2017-05-07 22:38:27,460 - mylogger - INFO - 2015-09-09: sell
2017-05-07 22:38:27,779 - mylogger - INFO - -0.00830258
2017-05-07 22:38:27,780 - mylogger - INFO - 2015-09-10: sell
2017-05-07 22:38:28,111 - mylogger - INFO - -0.0132591
2017-05-07 22:38:28,112 - mylogger - INFO - 2015-09-11: sell
2017-05-07 22:38:28,528 - mylogger - INFO - 0.00210164
2017-05-07 22:38:28,529 - mylogger - INFO - 2015-09-14: No cover!
2017-05-07 22:38:28,852 - mylogger - INFO - -0.00297431
2017-05-07 22:38:28,853 - mylogger - INFO - 2015-09-15: sell
2017-05-07 22:38:29,178 - mylogger - INFO - -0.00129723
2017-05-07 22:38:29,179 - mylogger - INFO - 2015-09-16: sell
2017-05-07 22:38:29,600 - mylogger - INFO - -0.00948086
2017-05-07 22:38:29,600 - mylogger - INFO - 2015-09-17: sell
2017-05-07 22:38:29,931 - mylogger - INFO - -0.00182518
2017-05-07 22:38:29,931 - mylogger - INFO - 2015-09-18: sell
2017-05-07 22:38:30,252 - mylogger - INFO - 0.000736542
2017-05-07 22:38:30,253 - mylogger - INFO - 2015-09-21: No cover!
2017-05-07 22:38:30,587 - mylogger - INFO - -0.00846731
2017-05-07 22:38:30,588 - mylogger - INFO - 2015-09-22: sell
2017-05-07 22:38:31,017 - mylogger - INFO - -0.00214952
2017-05-07 22:38:31,018 - mylogger - INFO - 2015-09-23: sell
2017-05-07 22:38:31,350 - mylogger - INFO - -0.00613831
2017-05-07 22:38:31,351 - mylogger - INFO - 2015-09-24: sell
2017-05-07 22:38:31,676 - mylogger - INFO - -0.00449989
2017-05-07 22:38:31,677 - mylogger - INFO - 2015-09-25: sell
2017-05-07 22:38:32,108 - mylogger - INFO - -0.00448867
2017-05-07 22:38:32,108 - mylogger - INFO - 2015-09-28: sell
2017-05-07 22:38:32,450 - mylogger - INFO - -0.0113485
2017-05-07 22:38:32,451 - mylogger - INFO - 2015-09-29: sell
2017-05-07 22:38:32,782 - mylogger - INFO - -0.0121607
2017-05-07 22:38:32,783 - mylogger - INFO - 2015-09-30: sell
2017-05-07 22:38:33,226 - mylogger - INFO - 0.000655446
2017-05-07 22:38:33,227 - mylogger - INFO - 2015-10-01: No cover!
2017-05-07 22:38:33,562 - mylogger - INFO - -0.00608803
2017-05-07 22:38:33,562 - mylogger - INFO - 2015-10-02: sell
2017-05-07 22:38:33,898 - mylogger - INFO - 0.000755415
2017-05-07 22:38:33,899 - mylogger - INFO - 2015-10-05: No cover!
2017-05-07 22:38:34,326 - mylogger - INFO - 0.00423106
2017-05-07 22:38:34,328 - mylogger - INFO - 2015-10-06: No cover!
2017-05-07 22:38:34,649 - mylogger - INFO - 0.00747164
2017-05-07 22:38:34,650 - mylogger - INFO - 2015-10-07: No cover!
2017-05-07 22:38:34,983 - mylogger - INFO - 0.00651047
2017-05-07 22:38:34,984 - mylogger - INFO - 2015-10-08: No cover!
2017-05-07 22:38:35,307 - mylogger - INFO - 0.00183074
2017-05-07 22:38:35,308 - mylogger - INFO - 2015-10-09: No cover!
2017-05-07 22:38:35,733 - mylogger - INFO - 0.00457236
2017-05-07 22:38:35,734 - mylogger - INFO - 2015-10-12: No cover!
2017-05-07 22:38:36,066 - mylogger - INFO - 4.69027e-05
2017-05-07 22:38:36,067 - mylogger - INFO - 2015-10-13: No cover!
2017-05-07 22:38:36,400 - mylogger - INFO - -0.00598759
2017-05-07 22:38:36,401 - mylogger - INFO - 2015-10-14: sell
2017-05-07 22:38:36,816 - mylogger - INFO - -0.00620167
2017-05-07 22:38:36,817 - mylogger - INFO - 2015-10-15: sell
2017-05-07 22:38:37,148 - mylogger - INFO - -0.00190893
2017-05-07 22:38:37,149 - mylogger - INFO - 2015-10-16: sell
2017-05-07 22:38:37,473 - mylogger - INFO - -0.00178755
2017-05-07 22:38:37,474 - mylogger - INFO - 2015-10-19: sell
2017-05-07 22:38:37,895 - mylogger - INFO - -0.00285772
2017-05-07 22:38:37,896 - mylogger - INFO - 2015-10-20: sell
2017-05-07 22:38:38,221 - mylogger - INFO - -0.00237748
2017-05-07 22:38:38,222 - mylogger - INFO - 2015-10-21: sell
2017-05-07 22:38:38,550 - mylogger - INFO - -0.00343277
2017-05-07 22:38:38,551 - mylogger - INFO - 2015-10-22: sell
2017-05-07 22:38:38,977 - mylogger - INFO - -0.00522359
2017-05-07 22:38:38,978 - mylogger - INFO - 2015-10-23: sell
2017-05-07 22:38:39,304 - mylogger - INFO - -0.000535596
2017-05-07 22:38:39,305 - mylogger - INFO - 2015-10-26: sell
2017-05-07 22:38:39,629 - mylogger - INFO - -0.000348927
2017-05-07 22:38:39,630 - mylogger - INFO - 2015-10-27: sell
2017-05-07 22:38:40,056 - mylogger - INFO - -0.00388309
2017-05-07 22:38:40,057 - mylogger - INFO - 2015-10-28: sell
2017-05-07 22:38:40,384 - mylogger - INFO - -0.00275527
2017-05-07 22:38:40,385 - mylogger - INFO - 2015-10-29: sell
2017-05-07 22:38:40,710 - mylogger - INFO - -0.0113379
2017-05-07 22:38:40,711 - mylogger - INFO - 2015-10-30: sell
2017-05-07 22:38:41,039 - mylogger - INFO - -0.00646516
2017-05-07 22:38:41,040 - mylogger - INFO - 2015-11-02: sell
2017-05-07 22:38:41,469 - mylogger - INFO - -0.00173234
2017-05-07 22:38:41,470 - mylogger - INFO - 2015-11-03: sell
2017-05-07 22:38:41,790 - mylogger - INFO - -0.00518572
2017-05-07 22:38:41,790 - mylogger - INFO - 2015-11-04: sell
2017-05-07 22:38:42,118 - mylogger - INFO - -0.00792488
2017-05-07 22:38:42,119 - mylogger - INFO - 2015-11-05: sell
2017-05-07 22:38:42,543 - mylogger - INFO - -0.0100053
2017-05-07 22:38:42,543 - mylogger - INFO - 2015-11-06: sell
2017-05-07 22:38:42,860 - mylogger - INFO - 0.00183584
2017-05-07 22:38:42,861 - mylogger - INFO - 2015-11-09: No cover!
2017-05-07 22:38:43,212 - mylogger - INFO - -0.00800811
2017-05-07 22:38:43,213 - mylogger - INFO - 2015-11-10: sell
2017-05-07 22:38:43,638 - mylogger - INFO - -0.00662172
2017-05-07 22:38:43,639 - mylogger - INFO - 2015-11-11: sell
2017-05-07 22:38:43,980 - mylogger - INFO - -0.0102589
2017-05-07 22:38:43,981 - mylogger - INFO - 2015-11-12: sell
2017-05-07 22:38:44,319 - mylogger - INFO - -0.0118129
2017-05-07 22:38:44,320 - mylogger - INFO - 2015-11-13: sell
2017-05-07 22:38:44,746 - mylogger - INFO - -0.00486008
2017-05-07 22:38:44,746 - mylogger - INFO - 2015-11-16: sell
2017-05-07 22:38:45,071 - mylogger - INFO - -0.0120628
2017-05-07 22:38:45,072 - mylogger - INFO - 2015-11-17: sell
2017-05-07 22:38:45,411 - mylogger - INFO - -0.0202104
2017-05-07 22:38:45,411 - mylogger - INFO - 2015-11-18: sell
2017-05-07 22:38:45,832 - mylogger - INFO - -0.00751682
2017-05-07 22:38:45,833 - mylogger - INFO - 2015-11-19: sell
2017-05-07 22:38:46,162 - mylogger - INFO - -0.00327245
2017-05-07 22:38:46,163 - mylogger - INFO - 2015-11-20: sell
2017-05-07 22:38:46,493 - mylogger - INFO - 0.00216578
2017-05-07 22:38:46,494 - mylogger - INFO - 2015-11-23: No cover!
2017-05-07 22:38:46,813 - mylogger - INFO - -0.00683861
2017-05-07 22:38:46,814 - mylogger - INFO - 2015-11-24: sell
2017-05-07 22:38:47,238 - mylogger - INFO - -0.0133449
2017-05-07 22:38:47,239 - mylogger - INFO - 2015-11-25: sell
2017-05-07 22:38:47,575 - mylogger - INFO - -0.00627626
2017-05-07 22:38:47,575 - mylogger - INFO - 2015-11-27: sell
2017-05-07 22:38:47,890 - mylogger - INFO - -0.00977226
2017-05-07 22:38:47,891 - mylogger - INFO - 2015-11-30: sell
2017-05-07 22:38:48,318 - mylogger - INFO - -0.0120146
2017-05-07 22:38:48,319 - mylogger - INFO - 2015-12-01: sell
2017-05-07 22:38:48,644 - mylogger - INFO - -0.0130963
2017-05-07 22:38:48,645 - mylogger - INFO - 2015-12-02: sell
2017-05-07 22:38:48,971 - mylogger - INFO - -0.0103506
2017-05-07 22:38:48,972 - mylogger - INFO - 2015-12-03: sell
2017-05-07 22:38:49,394 - mylogger - INFO - -0.0153761
2017-05-07 22:38:49,395 - mylogger - INFO - 2015-12-04: sell
2017-05-07 22:38:49,725 - mylogger - INFO - -0.0113601
2017-05-07 22:38:49,726 - mylogger - INFO - 2015-12-07: sell
2017-05-07 22:38:50,057 - mylogger - INFO - -0.0105713
2017-05-07 22:38:50,058 - mylogger - INFO - 2015-12-08: sell
2017-05-07 22:38:50,477 - mylogger - INFO - -0.00077318
2017-05-07 22:38:50,477 - mylogger - INFO - 2015-12-09: sell
2017-05-07 22:38:50,809 - mylogger - INFO - -0.0158177
2017-05-07 22:38:50,810 - mylogger - INFO - 2015-12-10: sell
2017-05-07 22:38:51,123 - mylogger - INFO - -0.00453399
2017-05-07 22:38:51,124 - mylogger - INFO - 2015-12-11: sell
2017-05-07 22:38:51,457 - mylogger - INFO - -0.0127625
2017-05-07 22:38:51,458 - mylogger - INFO - 2015-12-14: sell
2017-05-07 22:38:51,884 - mylogger - INFO - -0.0148791
2017-05-07 22:38:51,885 - mylogger - INFO - 2015-12-15: sell
2017-05-07 22:38:52,220 - mylogger - INFO - -0.00762761
2017-05-07 22:38:52,221 - mylogger - INFO - 2015-12-16: sell
2017-05-07 22:38:52,549 - mylogger - INFO - -0.00114466
2017-05-07 22:38:52,549 - mylogger - INFO - 2015-12-17: sell
2017-05-07 22:38:52,977 - mylogger - INFO - 0.00079401
2017-05-07 22:38:52,978 - mylogger - INFO - 2015-12-18: No cover!
2017-05-07 22:38:53,305 - mylogger - INFO - -0.00612334
2017-05-07 22:38:53,306 - mylogger - INFO - 2015-12-21: sell
2017-05-07 22:38:53,631 - mylogger - INFO - -0.0114833
2017-05-07 22:38:53,632 - mylogger - INFO - 2015-12-22: sell
2017-05-07 22:38:54,054 - mylogger - INFO - -0.0146498
2017-05-07 22:38:54,055 - mylogger - INFO - 2015-12-23: sell
2017-05-07 22:38:54,382 - mylogger - INFO - -0.0119084
2017-05-07 22:38:54,383 - mylogger - INFO - 2015-12-24: sell
2017-05-07 22:38:54,711 - mylogger - INFO - -0.00950131
2017-05-07 22:38:54,711 - mylogger - INFO - 2015-12-28: sell
2017-05-07 22:38:55,139 - mylogger - INFO - -0.00503085
2017-05-07 22:38:55,140 - mylogger - INFO - 2015-12-29: sell
2017-05-07 22:38:55,483 - mylogger - INFO - -0.00456192
2017-05-07 22:38:55,484 - mylogger - INFO - 2015-12-30: sell
2017-05-07 22:38:55,831 - mylogger - INFO - -0.00406941
2017-05-07 22:38:55,832 - mylogger - INFO - 2015-12-31: sell
2017-05-07 22:38:56,503 - mylogger - INFO - Total profit and loss: 0.471038351982
2017-05-07 22:38:56,534 - mylogger - INFO - Hit table:
2017-05-07 22:38:56,534 - mylogger - INFO - Date          signal  hit/miss
2017-05-07 22:38:56,534 - mylogger - INFO - 2014-01-02    sell    hit
2017-05-07 22:38:56,534 - mylogger - INFO - 2014-01-03    buy    hit
2017-05-07 22:38:56,534 - mylogger - INFO - 2014-01-06    buy    miss
2017-05-07 22:38:56,534 - mylogger - INFO - 2014-01-07    sell    miss
2017-05-07 22:38:56,535 - mylogger - INFO - 2014-01-08    buy    miss
2017-05-07 22:38:56,535 - mylogger - INFO - 2014-01-09    buy    miss
2017-05-07 22:38:56,535 - mylogger - INFO - 2014-01-10    buy    hit
2017-05-07 22:38:56,535 - mylogger - INFO - 2014-01-13    sell    miss
2017-05-07 22:38:56,535 - mylogger - INFO - 2014-01-14    buy    hit
2017-05-07 22:38:56,535 - mylogger - INFO - 2014-01-15    sell    hit
2017-05-07 22:38:56,535 - mylogger - INFO - 2014-01-16    sell    hit
2017-05-07 22:38:56,536 - mylogger - INFO - 2014-01-17    sell    miss
2017-05-07 22:38:56,536 - mylogger - INFO - 2014-01-21    sell    miss
2017-05-07 22:38:56,536 - mylogger - INFO - 2014-01-22    sell    miss
2017-05-07 22:38:56,536 - mylogger - INFO - 2014-01-23    sell    hit
2017-05-07 22:38:56,536 - mylogger - INFO - 2014-01-24    sell    miss
2017-05-07 22:38:56,536 - mylogger - INFO - 2014-01-27    sell    hit
2017-05-07 22:38:56,536 - mylogger - INFO - 2014-01-28    sell    hit
2017-05-07 22:38:56,537 - mylogger - INFO - 2014-01-29    sell    hit
2017-05-07 22:38:56,537 - mylogger - INFO - 2014-01-30    buy    hit
2017-05-07 22:38:56,537 - mylogger - INFO - 2014-01-31    sell    miss
2017-05-07 22:38:56,537 - mylogger - INFO - 2014-02-03    sell    miss
2017-05-07 22:38:56,537 - mylogger - INFO - 2014-02-04    sell    miss
2017-05-07 22:38:56,537 - mylogger - INFO - 2014-02-05    sell    miss
2017-05-07 22:38:56,537 - mylogger - INFO - 2014-02-06    sell    miss
2017-05-07 22:38:56,538 - mylogger - INFO - 2014-02-07    sell    miss
2017-05-07 22:38:56,538 - mylogger - INFO - 2014-02-10    sell    miss
2017-05-07 22:38:56,538 - mylogger - INFO - 2014-02-11    buy    miss
2017-05-07 22:38:56,538 - mylogger - INFO - 2014-02-12    buy    hit
2017-05-07 22:38:56,538 - mylogger - INFO - 2014-02-13    sell    hit
2017-05-07 22:38:56,538 - mylogger - INFO - 2014-02-14    sell    miss
2017-05-07 22:38:56,539 - mylogger - INFO - 2014-02-18    sell    hit
2017-05-07 22:38:56,539 - mylogger - INFO - 2014-02-19    sell    hit
2017-05-07 22:38:56,539 - mylogger - INFO - 2014-02-20    sell    hit
2017-05-07 22:38:56,539 - mylogger - INFO - 2014-02-21    sell    miss
2017-05-07 22:38:56,539 - mylogger - INFO - 2014-02-24    sell    hit
2017-05-07 22:38:56,540 - mylogger - INFO - 2014-02-25    sell    hit
2017-05-07 22:38:56,540 - mylogger - INFO - 2014-02-26    sell    miss
2017-05-07 22:38:56,540 - mylogger - INFO - 2014-02-27    sell    hit
2017-05-07 22:38:56,540 - mylogger - INFO - 2014-02-28    sell    miss
2017-05-07 22:38:56,540 - mylogger - INFO - 2014-03-03    sell    miss
2017-05-07 22:38:56,541 - mylogger - INFO - 2014-03-04    sell    miss
2017-05-07 22:38:56,541 - mylogger - INFO - 2014-03-05    sell    hit
2017-05-07 22:38:56,541 - mylogger - INFO - 2014-03-06    sell    hit
2017-05-07 22:38:56,541 - mylogger - INFO - 2014-03-07    sell    miss
2017-05-07 22:38:56,541 - mylogger - INFO - 2014-03-10    sell    miss
2017-05-07 22:38:56,542 - mylogger - INFO - 2014-03-11    sell    miss
2017-05-07 22:38:56,542 - mylogger - INFO - 2014-03-12    sell    hit
2017-05-07 22:38:56,542 - mylogger - INFO - 2014-03-13    sell    hit
2017-05-07 22:38:56,542 - mylogger - INFO - 2014-03-14    buy    hit
2017-05-07 22:38:56,543 - mylogger - INFO - 2014-03-17    sell    miss
2017-05-07 22:38:56,543 - mylogger - INFO - 2014-03-18    sell    hit
2017-05-07 22:38:56,543 - mylogger - INFO - 2014-03-19    sell    hit
2017-05-07 22:38:56,543 - mylogger - INFO - 2014-03-20    buy    hit
2017-05-07 22:38:56,543 - mylogger - INFO - 2014-03-21    buy    hit
2017-05-07 22:38:56,543 - mylogger - INFO - 2014-03-24    buy    hit
2017-05-07 22:38:56,544 - mylogger - INFO - 2014-03-25    buy    miss
2017-05-07 22:38:56,544 - mylogger - INFO - 2014-03-26    buy    miss
2017-05-07 22:38:56,544 - mylogger - INFO - 2014-03-27    buy    miss
2017-05-07 22:38:56,544 - mylogger - INFO - 2014-03-28    sell    hit
2017-05-07 22:38:56,544 - mylogger - INFO - 2014-03-31    sell    miss
2017-05-07 22:38:56,544 - mylogger - INFO - 2014-04-01    buy    hit
2017-05-07 22:38:56,545 - mylogger - INFO - 2014-04-02    sell    hit
2017-05-07 22:38:56,545 - mylogger - INFO - 2014-04-03    buy    miss
2017-05-07 22:38:56,545 - mylogger - INFO - 2014-04-04    sell    hit
2017-05-07 22:38:56,545 - mylogger - INFO - 2014-04-07    buy    miss
2017-05-07 22:38:56,545 - mylogger - INFO - 2014-04-08    sell    miss
2017-05-07 22:38:56,546 - mylogger - INFO - 2014-04-09    sell    hit
2017-05-07 22:38:56,546 - mylogger - INFO - 2014-04-10    sell    hit
2017-05-07 22:38:56,546 - mylogger - INFO - 2014-04-11    sell    miss
2017-05-07 22:38:56,546 - mylogger - INFO - 2014-04-14    sell    hit
2017-05-07 22:38:56,546 - mylogger - INFO - 2014-04-15    sell    miss
2017-05-07 22:38:56,546 - mylogger - INFO - 2014-04-16    buy    hit
2017-05-07 22:38:56,547 - mylogger - INFO - 2014-04-17    sell    miss
2017-05-07 22:38:56,547 - mylogger - INFO - 2014-04-21    buy    hit
2017-05-07 22:38:56,547 - mylogger - INFO - 2014-04-22    buy    miss
2017-05-07 22:38:56,547 - mylogger - INFO - 2014-04-23    buy    hit
2017-05-07 22:38:56,547 - mylogger - INFO - 2014-04-24    buy    hit
2017-05-07 22:38:56,547 - mylogger - INFO - 2014-04-25    sell    miss
2017-05-07 22:38:56,547 - mylogger - INFO - 2014-04-28    buy    miss
2017-05-07 22:38:56,548 - mylogger - INFO - 2014-04-29    buy    miss
2017-05-07 22:38:56,548 - mylogger - INFO - 2014-04-30    buy    hit
2017-05-07 22:38:56,548 - mylogger - INFO - 2014-05-01    buy    hit
2017-05-07 22:38:56,548 - mylogger - INFO - 2014-05-02    sell    miss
2017-05-07 22:38:56,548 - mylogger - INFO - 2014-05-05    sell    hit
2017-05-07 22:38:56,548 - mylogger - INFO - 2014-05-06    buy    miss
2017-05-07 22:38:56,548 - mylogger - INFO - 2014-05-07    sell    hit
2017-05-07 22:38:56,548 - mylogger - INFO - 2014-05-08    buy    miss
2017-05-07 22:38:56,548 - mylogger - INFO - 2014-05-09    sell    miss
2017-05-07 22:38:56,549 - mylogger - INFO - 2014-05-12    sell    miss
2017-05-07 22:38:56,549 - mylogger - INFO - 2014-05-13    sell    miss
2017-05-07 22:38:56,549 - mylogger - INFO - 2014-05-14    sell    hit
2017-05-07 22:38:56,549 - mylogger - INFO - 2014-05-15    sell    miss
2017-05-07 22:38:56,549 - mylogger - INFO - 2014-05-16    sell    miss
2017-05-07 22:38:56,549 - mylogger - INFO - 2014-05-19    sell    miss
2017-05-07 22:38:56,549 - mylogger - INFO - 2014-05-20    sell    miss
2017-05-07 22:38:56,549 - mylogger - INFO - 2014-05-21    sell    miss
2017-05-07 22:38:56,549 - mylogger - INFO - 2014-05-22    sell    miss
2017-05-07 22:38:56,550 - mylogger - INFO - 2014-05-23    sell    miss
2017-05-07 22:38:56,550 - mylogger - INFO - 2014-05-27    sell    hit
2017-05-07 22:38:56,550 - mylogger - INFO - 2014-05-28    buy    hit
2017-05-07 22:38:56,550 - mylogger - INFO - 2014-05-29    sell    hit
2017-05-07 22:38:56,550 - mylogger - INFO - 2014-05-30    buy    miss
2017-05-07 22:38:56,550 - mylogger - INFO - 2014-06-02    sell    miss
2017-05-07 22:38:56,551 - mylogger - INFO - 2014-06-03    buy    hit
2017-05-07 22:38:56,551 - mylogger - INFO - 2014-06-04    sell    miss
2017-05-07 22:38:56,551 - mylogger - INFO - 2014-06-05    buy    miss
2017-05-07 22:38:56,551 - mylogger - INFO - 2014-06-06    sell    miss
2017-05-07 22:38:56,551 - mylogger - INFO - 2014-06-09    sell    miss
2017-05-07 22:38:56,551 - mylogger - INFO - 2014-06-10    sell    hit
2017-05-07 22:38:56,552 - mylogger - INFO - 2014-06-11    sell    hit
2017-05-07 22:38:56,552 - mylogger - INFO - 2014-06-12    sell    hit
2017-05-07 22:38:56,555 - mylogger - INFO - 2014-06-13    sell    miss
2017-05-07 22:38:56,555 - mylogger - INFO - 2014-06-16    sell    hit
2017-05-07 22:38:56,555 - mylogger - INFO - 2014-06-17    sell    miss
2017-05-07 22:38:56,555 - mylogger - INFO - 2014-06-18    buy    miss
2017-05-07 22:38:56,556 - mylogger - INFO - 2014-06-19    sell    hit
2017-05-07 22:38:56,556 - mylogger - INFO - 2014-06-20    buy    miss
2017-05-07 22:38:56,556 - mylogger - INFO - 2014-06-23    sell    hit
2017-05-07 22:38:56,556 - mylogger - INFO - 2014-06-24    buy    hit
2017-05-07 22:38:56,556 - mylogger - INFO - 2014-06-25    sell    miss
2017-05-07 22:38:56,556 - mylogger - INFO - 2014-06-26    sell    miss
2017-05-07 22:38:56,556 - mylogger - INFO - 2014-06-27    sell    miss
2017-05-07 22:38:56,556 - mylogger - INFO - 2014-06-30    sell    miss
2017-05-07 22:38:56,557 - mylogger - INFO - 2014-07-01    sell    hit
2017-05-07 22:38:56,557 - mylogger - INFO - 2014-07-02    sell    miss
2017-05-07 22:38:56,557 - mylogger - INFO - 2014-07-03    sell    miss
2017-05-07 22:38:56,557 - mylogger - INFO - 2014-07-07    sell    hit
2017-05-07 22:38:56,557 - mylogger - INFO - 2014-07-08    sell    miss
2017-05-07 22:38:56,557 - mylogger - INFO - 2014-07-09    sell    hit
2017-05-07 22:38:56,557 - mylogger - INFO - 2014-07-10    sell    miss
2017-05-07 22:38:56,558 - mylogger - INFO - 2014-07-11    buy    hit
2017-05-07 22:38:56,558 - mylogger - INFO - 2014-07-14    buy    miss
2017-05-07 22:38:56,558 - mylogger - INFO - 2014-07-15    buy    miss
2017-05-07 22:38:56,558 - mylogger - INFO - 2014-07-16    buy    miss
2017-05-07 22:38:56,558 - mylogger - INFO - 2014-07-17    sell    miss
2017-05-07 22:38:56,558 - mylogger - INFO - 2014-07-18    sell    hit
2017-05-07 22:38:56,558 - mylogger - INFO - 2014-07-21    buy    hit
2017-05-07 22:38:56,559 - mylogger - INFO - 2014-07-22    sell    miss
2017-05-07 22:38:56,559 - mylogger - INFO - 2014-07-23    sell    hit
2017-05-07 22:38:56,559 - mylogger - INFO - 2014-07-24    buy    hit
2017-05-07 22:38:56,559 - mylogger - INFO - 2014-07-25    sell    miss
2017-05-07 22:38:56,559 - mylogger - INFO - 2014-07-28    sell    hit
2017-05-07 22:38:56,559 - mylogger - INFO - 2014-07-29    buy    miss
2017-05-07 22:38:56,559 - mylogger - INFO - 2014-07-30    sell    hit
2017-05-07 22:38:56,560 - mylogger - INFO - 2014-07-31    sell    miss
2017-05-07 22:38:56,560 - mylogger - INFO - 2014-08-01    sell    hit
2017-05-07 22:38:56,560 - mylogger - INFO - 2014-08-04    sell    hit
2017-05-07 22:38:56,560 - mylogger - INFO - 2014-08-05    buy    miss
2017-05-07 22:38:56,560 - mylogger - INFO - 2014-08-06    sell    hit
2017-05-07 22:38:56,560 - mylogger - INFO - 2014-08-07    sell    miss
2017-05-07 22:38:56,560 - mylogger - INFO - 2014-08-08    sell    miss
2017-05-07 22:38:56,561 - mylogger - INFO - 2014-08-11    buy    miss
2017-05-07 22:38:56,561 - mylogger - INFO - 2014-08-12    sell    miss
2017-05-07 22:38:56,561 - mylogger - INFO - 2014-08-13    sell    miss
2017-05-07 22:38:56,561 - mylogger - INFO - 2014-08-14    sell    miss
2017-05-07 22:38:56,561 - mylogger - INFO - 2014-08-15    sell    miss
2017-05-07 22:38:56,561 - mylogger - INFO - 2014-08-18    sell    miss
2017-05-07 22:38:56,561 - mylogger - INFO - 2014-08-19    buy    hit
2017-05-07 22:38:56,561 - mylogger - INFO - 2014-08-20    sell    miss
2017-05-07 22:38:56,562 - mylogger - INFO - 2014-08-21    buy    hit
2017-05-07 22:38:56,562 - mylogger - INFO - 2014-08-22    sell    miss
2017-05-07 22:38:56,562 - mylogger - INFO - 2014-08-25    sell    hit
2017-05-07 22:38:56,562 - mylogger - INFO - 2014-08-26    sell    miss
2017-05-07 22:38:56,562 - mylogger - INFO - 2014-08-27    sell    miss
2017-05-07 22:38:56,562 - mylogger - INFO - 2014-08-28    sell    miss
2017-05-07 22:38:56,563 - mylogger - INFO - 2014-08-29    sell    miss
2017-05-07 22:38:56,563 - mylogger - INFO - 2014-09-02    sell    hit
2017-05-07 22:38:56,563 - mylogger - INFO - 2014-09-03    sell    hit
2017-05-07 22:38:56,563 - mylogger - INFO - 2014-09-04    sell    miss
2017-05-07 22:38:56,564 - mylogger - INFO - 2014-09-05    sell    hit
2017-05-07 22:38:56,564 - mylogger - INFO - 2014-09-08    sell    hit
2017-05-07 22:38:56,564 - mylogger - INFO - 2014-09-09    buy    hit
2017-05-07 22:38:56,564 - mylogger - INFO - 2014-09-10    sell    miss
2017-05-07 22:38:56,565 - mylogger - INFO - 2014-09-11    buy    hit
2017-05-07 22:38:56,565 - mylogger - INFO - 2014-09-12    sell    hit
2017-05-07 22:38:56,565 - mylogger - INFO - 2014-09-15    sell    hit
2017-05-07 22:38:56,565 - mylogger - INFO - 2014-09-16    buy    hit
2017-05-07 22:38:56,565 - mylogger - INFO - 2014-09-17    buy    hit
2017-05-07 22:38:56,565 - mylogger - INFO - 2014-09-18    sell    hit
2017-05-07 22:38:56,566 - mylogger - INFO - 2014-09-19    buy    hit
2017-05-07 22:38:56,566 - mylogger - INFO - 2014-09-22    sell    miss
2017-05-07 22:38:56,566 - mylogger - INFO - 2014-09-23    sell    hit
2017-05-07 22:38:56,566 - mylogger - INFO - 2014-09-24    sell    hit
2017-05-07 22:38:56,566 - mylogger - INFO - 2014-09-25    sell    miss
2017-05-07 22:38:56,566 - mylogger - INFO - 2014-09-26    sell    hit
2017-05-07 22:38:56,567 - mylogger - INFO - 2014-09-29    sell    miss
2017-05-07 22:38:56,567 - mylogger - INFO - 2014-09-30    buy    miss
2017-05-07 22:38:56,567 - mylogger - INFO - 2014-10-01    sell    miss
2017-05-07 22:38:56,567 - mylogger - INFO - 2014-10-02    sell    hit
2017-05-07 22:38:56,567 - mylogger - INFO - 2014-10-03    sell    miss
2017-05-07 22:38:56,567 - mylogger - INFO - 2014-10-06    sell    hit
2017-05-07 22:38:56,568 - mylogger - INFO - 2014-10-07    sell    miss
2017-05-07 22:38:56,568 - mylogger - INFO - 2014-10-08    sell    miss
2017-05-07 22:38:56,568 - mylogger - INFO - 2014-10-09    sell    hit
2017-05-07 22:38:56,568 - mylogger - INFO - 2014-10-10    sell    hit
2017-05-07 22:38:56,568 - mylogger - INFO - 2014-10-13    sell    hit
2017-05-07 22:38:56,568 - mylogger - INFO - 2014-10-14    sell    hit
2017-05-07 22:38:56,569 - mylogger - INFO - 2014-10-15    sell    hit
2017-05-07 22:38:56,569 - mylogger - INFO - 2014-10-16    sell    miss
2017-05-07 22:38:56,569 - mylogger - INFO - 2014-10-17    sell    miss
2017-05-07 22:38:56,569 - mylogger - INFO - 2014-10-20    sell    miss
2017-05-07 22:38:56,569 - mylogger - INFO - 2014-10-21    sell    miss
2017-05-07 22:38:56,570 - mylogger - INFO - 2014-10-22    sell    miss
2017-05-07 22:38:56,570 - mylogger - INFO - 2014-10-23    sell    miss
2017-05-07 22:38:56,570 - mylogger - INFO - 2014-10-24    sell    hit
2017-05-07 22:38:56,570 - mylogger - INFO - 2014-10-27    buy    hit
2017-05-07 22:38:56,570 - mylogger - INFO - 2014-10-28    sell    miss
2017-05-07 22:38:56,570 - mylogger - INFO - 2014-10-29    sell    hit
2017-05-07 22:38:56,570 - mylogger - INFO - 2014-10-30    sell    miss
2017-05-07 22:38:56,571 - mylogger - INFO - 2014-10-31    sell    miss
2017-05-07 22:38:56,571 - mylogger - INFO - 2014-11-03    sell    hit
2017-05-07 22:38:56,571 - mylogger - INFO - 2014-11-04    sell    miss
2017-05-07 22:38:56,571 - mylogger - INFO - 2014-11-05    sell    miss
2017-05-07 22:38:56,571 - mylogger - INFO - 2014-11-06    sell    miss
2017-05-07 22:38:56,572 - mylogger - INFO - 2014-11-07    buy    miss
2017-05-07 22:38:56,572 - mylogger - INFO - 2014-11-10    sell    miss
2017-05-07 22:38:56,572 - mylogger - INFO - 2014-11-11    sell    miss
2017-05-07 22:38:56,572 - mylogger - INFO - 2014-11-12    sell    miss
2017-05-07 22:38:56,572 - mylogger - INFO - 2014-11-13    sell    miss
2017-05-07 22:38:56,572 - mylogger - INFO - 2014-11-14    sell    hit
2017-05-07 22:38:56,572 - mylogger - INFO - 2014-11-17    buy    hit
2017-05-07 22:38:56,572 - mylogger - INFO - 2014-11-18    buy    miss
2017-05-07 22:38:56,573 - mylogger - INFO - 2014-11-19    sell    miss
2017-05-07 22:38:56,573 - mylogger - INFO - 2014-11-20    buy    hit
2017-05-07 22:38:56,573 - mylogger - INFO - 2014-11-21    sell    miss
2017-05-07 22:38:56,573 - mylogger - INFO - 2014-11-24    buy    miss
2017-05-07 22:38:56,573 - mylogger - INFO - 2014-11-25    buy    hit
2017-05-07 22:38:56,573 - mylogger - INFO - 2014-11-26    buy    miss
2017-05-07 22:38:56,574 - mylogger - INFO - 2014-11-28    buy    miss
2017-05-07 22:38:56,574 - mylogger - INFO - 2014-12-01    buy    miss
2017-05-07 22:38:56,574 - mylogger - INFO - 2014-12-02    buy    hit
2017-05-07 22:38:56,574 - mylogger - INFO - 2014-12-03    buy    miss
2017-05-07 22:38:56,574 - mylogger - INFO - 2014-12-04    buy    miss
2017-05-07 22:38:56,574 - mylogger - INFO - 2014-12-05    buy    miss
2017-05-07 22:38:56,574 - mylogger - INFO - 2014-12-08    buy    hit
2017-05-07 22:38:56,575 - mylogger - INFO - 2014-12-09    buy    miss
2017-05-07 22:38:56,575 - mylogger - INFO - 2014-12-10    buy    miss
2017-05-07 22:38:56,575 - mylogger - INFO - 2014-12-11    buy    miss
2017-05-07 22:38:56,575 - mylogger - INFO - 2014-12-12    sell    hit
2017-05-07 22:38:56,575 - mylogger - INFO - 2014-12-15    sell    hit
2017-05-07 22:38:56,575 - mylogger - INFO - 2014-12-16    sell    miss
2017-05-07 22:38:56,575 - mylogger - INFO - 2014-12-17    sell    miss
2017-05-07 22:38:56,576 - mylogger - INFO - 2014-12-18    sell    hit
2017-05-07 22:38:56,576 - mylogger - INFO - 2014-12-19    sell    miss
2017-05-07 22:38:56,576 - mylogger - INFO - 2014-12-22    sell    hit
2017-05-07 22:38:56,576 - mylogger - INFO - 2014-12-23    buy    miss
2017-05-07 22:38:56,576 - mylogger - INFO - 2014-12-24    sell    miss
2017-05-07 22:38:56,577 - mylogger - INFO - 2014-12-26    sell    hit
2017-05-07 22:38:56,577 - mylogger - INFO - 2014-12-29    sell    hit
2017-05-07 22:38:56,577 - mylogger - INFO - 2014-12-30    buy    miss
2017-05-07 22:38:56,577 - mylogger - INFO - 2014-12-31    buy    miss
2017-05-07 22:38:56,577 - mylogger - INFO - 2015-01-02    sell    hit
2017-05-07 22:38:56,578 - mylogger - INFO - 2015-01-05    sell    miss
2017-05-07 22:38:56,578 - mylogger - INFO - 2015-01-06    buy    hit
2017-05-07 22:38:56,578 - mylogger - INFO - 2015-01-07    buy    hit
2017-05-07 22:38:56,578 - mylogger - INFO - 2015-01-08    buy    hit
2017-05-07 22:38:56,578 - mylogger - INFO - 2015-01-09    sell    hit
2017-05-07 22:38:56,579 - mylogger - INFO - 2015-01-12    buy    hit
2017-05-07 22:38:56,579 - mylogger - INFO - 2015-01-13    buy    miss
2017-05-07 22:38:56,579 - mylogger - INFO - 2015-01-14    buy    miss
2017-05-07 22:38:56,579 - mylogger - INFO - 2015-01-15    sell    hit
2017-05-07 22:38:56,579 - mylogger - INFO - 2015-01-16    sell    miss
2017-05-07 22:38:56,580 - mylogger - INFO - 2015-01-20    buy    hit
2017-05-07 22:38:56,580 - mylogger - INFO - 2015-01-21    buy    hit
2017-05-07 22:38:56,580 - mylogger - INFO - 2015-01-22    buy    hit
2017-05-07 22:38:56,580 - mylogger - INFO - 2015-01-23    buy    hit
2017-05-07 22:38:56,580 - mylogger - INFO - 2015-01-26    buy    miss
2017-05-07 22:38:56,581 - mylogger - INFO - 2015-01-27    buy    hit
2017-05-07 22:38:56,581 - mylogger - INFO - 2015-01-28    sell    miss
2017-05-07 22:38:56,581 - mylogger - INFO - 2015-01-29    sell    hit
2017-05-07 22:38:56,581 - mylogger - INFO - 2015-01-30    sell    miss
2017-05-07 22:38:56,581 - mylogger - INFO - 2015-02-02    sell    miss
2017-05-07 22:38:56,581 - mylogger - INFO - 2015-02-03    sell    miss
2017-05-07 22:38:56,582 - mylogger - INFO - 2015-02-04    sell    miss
2017-05-07 22:38:56,582 - mylogger - INFO - 2015-02-05    sell    hit
2017-05-07 22:38:56,582 - mylogger - INFO - 2015-02-06    buy    hit
2017-05-07 22:38:56,582 - mylogger - INFO - 2015-02-09    buy    hit
2017-05-07 22:38:56,582 - mylogger - INFO - 2015-02-10    sell    miss
2017-05-07 22:38:56,582 - mylogger - INFO - 2015-02-11    sell    miss
2017-05-07 22:38:56,583 - mylogger - INFO - 2015-02-12    buy    hit
2017-05-07 22:38:56,583 - mylogger - INFO - 2015-02-13    sell    miss
2017-05-07 22:38:56,583 - mylogger - INFO - 2015-02-17    sell    miss
2017-05-07 22:38:56,583 - mylogger - INFO - 2015-02-18    buy    miss
2017-05-07 22:38:56,583 - mylogger - INFO - 2015-02-19    buy    hit
2017-05-07 22:38:56,583 - mylogger - INFO - 2015-02-20    buy    hit
2017-05-07 22:38:56,583 - mylogger - INFO - 2015-02-23    sell    hit
2017-05-07 22:38:56,584 - mylogger - INFO - 2015-02-24    sell    hit
2017-05-07 22:38:56,584 - mylogger - INFO - 2015-02-25    sell    miss
2017-05-07 22:38:56,584 - mylogger - INFO - 2015-02-26    sell    hit
2017-05-07 22:38:56,584 - mylogger - INFO - 2015-02-27    sell    miss
2017-05-07 22:38:56,585 - mylogger - INFO - 2015-03-02    sell    miss
2017-05-07 22:38:56,585 - mylogger - INFO - 2015-03-03    sell    hit
2017-05-07 22:38:56,585 - mylogger - INFO - 2015-03-04    sell    hit
2017-05-07 22:38:56,585 - mylogger - INFO - 2015-03-05    sell    miss
2017-05-07 22:38:56,586 - mylogger - INFO - 2015-03-06    sell    miss
2017-05-07 22:38:56,586 - mylogger - INFO - 2015-03-09    sell    hit
2017-05-07 22:38:56,586 - mylogger - INFO - 2015-03-10    sell    hit
2017-05-07 22:38:56,586 - mylogger - INFO - 2015-03-11    sell    miss
2017-05-07 22:38:56,586 - mylogger - INFO - 2015-03-12    sell    hit
2017-05-07 22:38:56,587 - mylogger - INFO - 2015-03-13    sell    miss
2017-05-07 22:38:56,587 - mylogger - INFO - 2015-03-16    sell    miss
2017-05-07 22:38:56,587 - mylogger - INFO - 2015-03-17    buy    hit
2017-05-07 22:38:56,587 - mylogger - INFO - 2015-03-18    sell    hit
2017-05-07 22:38:56,587 - mylogger - INFO - 2015-03-19    buy    miss
2017-05-07 22:38:56,587 - mylogger - INFO - 2015-03-20    buy    hit
2017-05-07 22:38:56,588 - mylogger - INFO - 2015-03-23    sell    hit
2017-05-07 22:38:56,588 - mylogger - INFO - 2015-03-24    sell    hit
2017-05-07 22:38:56,588 - mylogger - INFO - 2015-03-25    buy    hit
2017-05-07 22:38:56,588 - mylogger - INFO - 2015-03-26    sell    hit
2017-05-07 22:38:56,589 - mylogger - INFO - 2015-03-27    sell    miss
2017-05-07 22:38:56,589 - mylogger - INFO - 2015-03-30    buy    miss
2017-05-07 22:38:56,589 - mylogger - INFO - 2015-03-31    sell    hit
2017-05-07 22:38:56,589 - mylogger - INFO - 2015-04-01    sell    miss
2017-05-07 22:38:56,589 - mylogger - INFO - 2015-04-02    sell    miss
2017-05-07 22:38:56,590 - mylogger - INFO - 2015-04-06    sell    hit
2017-05-07 22:38:56,590 - mylogger - INFO - 2015-04-07    sell    hit
2017-05-07 22:38:56,590 - mylogger - INFO - 2015-04-08    sell    miss
2017-05-07 22:38:56,590 - mylogger - INFO - 2015-04-09    sell    miss
2017-05-07 22:38:56,590 - mylogger - INFO - 2015-04-10    sell    hit
2017-05-07 22:38:56,590 - mylogger - INFO - 2015-04-13    buy    miss
2017-05-07 22:38:56,591 - mylogger - INFO - 2015-04-14    sell    miss
2017-05-07 22:38:56,591 - mylogger - INFO - 2015-04-15    buy    miss
2017-05-07 22:38:56,591 - mylogger - INFO - 2015-04-16    buy    miss
2017-05-07 22:38:56,592 - mylogger - INFO - 2015-04-17    sell    miss
2017-05-07 22:38:56,592 - mylogger - INFO - 2015-04-20    buy    miss
2017-05-07 22:38:56,592 - mylogger - INFO - 2015-04-21    buy    hit
2017-05-07 22:38:56,593 - mylogger - INFO - 2015-04-22    buy    hit
2017-05-07 22:38:56,593 - mylogger - INFO - 2015-04-23    sell    miss
2017-05-07 22:38:56,594 - mylogger - INFO - 2015-04-24    sell    miss
2017-05-07 22:38:56,594 - mylogger - INFO - 2015-04-27    sell    hit
2017-05-07 22:38:56,594 - mylogger - INFO - 2015-04-28    sell    hit
2017-05-07 22:38:56,594 - mylogger - INFO - 2015-04-29    sell    hit
2017-05-07 22:38:56,595 - mylogger - INFO - 2015-04-30    sell    miss
2017-05-07 22:38:56,595 - mylogger - INFO - 2015-05-01    sell    hit
2017-05-07 22:38:56,595 - mylogger - INFO - 2015-05-04    sell    hit
2017-05-07 22:38:56,595 - mylogger - INFO - 2015-05-05    sell    hit
2017-05-07 22:38:56,595 - mylogger - INFO - 2015-05-06    sell    miss
2017-05-07 22:38:56,596 - mylogger - INFO - 2015-05-07    sell    miss
2017-05-07 22:38:56,596 - mylogger - INFO - 2015-05-08    sell    hit
2017-05-07 22:38:56,596 - mylogger - INFO - 2015-05-11    sell    hit
2017-05-07 22:38:56,596 - mylogger - INFO - 2015-05-12    sell    miss
2017-05-07 22:38:56,596 - mylogger - INFO - 2015-05-13    sell    miss
2017-05-07 22:38:56,597 - mylogger - INFO - 2015-05-14    sell    hit
2017-05-07 22:38:56,597 - mylogger - INFO - 2015-05-15    sell    miss
2017-05-07 22:38:56,597 - mylogger - INFO - 2015-05-18    sell    hit
2017-05-07 22:38:56,597 - mylogger - INFO - 2015-05-19    sell    hit
2017-05-07 22:38:56,597 - mylogger - INFO - 2015-05-20    sell    miss
2017-05-07 22:38:56,597 - mylogger - INFO - 2015-05-21    sell    miss
2017-05-07 22:38:56,598 - mylogger - INFO - 2015-05-22    sell    hit
2017-05-07 22:38:56,598 - mylogger - INFO - 2015-05-26    buy    hit
2017-05-07 22:38:56,598 - mylogger - INFO - 2015-05-27    buy    miss
2017-05-07 22:38:56,598 - mylogger - INFO - 2015-05-28    sell    hit
2017-05-07 22:38:56,598 - mylogger - INFO - 2015-05-29    sell    miss
2017-05-07 22:38:56,599 - mylogger - INFO - 2015-06-01    buy    miss
2017-05-07 22:38:56,599 - mylogger - INFO - 2015-06-02    sell    miss
2017-05-07 22:38:56,599 - mylogger - INFO - 2015-06-03    buy    miss
2017-05-07 22:38:56,599 - mylogger - INFO - 2015-06-04    sell    hit
2017-05-07 22:38:56,599 - mylogger - INFO - 2015-06-05    sell    hit
2017-05-07 22:38:56,600 - mylogger - INFO - 2015-06-08    sell    hit
2017-05-07 22:38:56,600 - mylogger - INFO - 2015-06-09    buy    hit
2017-05-07 22:38:56,600 - mylogger - INFO - 2015-06-10    buy    miss
2017-05-07 22:38:56,600 - mylogger - INFO - 2015-06-11    sell    hit
2017-05-07 22:38:56,600 - mylogger - INFO - 2015-06-12    sell    hit
2017-05-07 22:38:56,600 - mylogger - INFO - 2015-06-15    sell    miss
2017-05-07 22:38:56,601 - mylogger - INFO - 2015-06-16    buy    miss
2017-05-07 22:38:56,601 - mylogger - INFO - 2015-06-17    sell    miss
2017-05-07 22:38:56,601 - mylogger - INFO - 2015-06-18    sell    hit
2017-05-07 22:38:56,601 - mylogger - INFO - 2015-06-19    sell    miss
2017-05-07 22:38:56,601 - mylogger - INFO - 2015-06-22    sell    hit
2017-05-07 22:38:56,601 - mylogger - INFO - 2015-06-23    sell    miss
2017-05-07 22:38:56,601 - mylogger - INFO - 2015-06-24    sell    hit
2017-05-07 22:38:56,602 - mylogger - INFO - 2015-06-25    sell    hit
2017-05-07 22:38:56,606 - mylogger - INFO - 2015-06-26    sell    hit
2017-05-07 22:38:56,606 - mylogger - INFO - 2015-06-29    buy    hit
2017-05-07 22:38:56,606 - mylogger - INFO - 2015-06-30    sell    miss
2017-05-07 22:38:56,606 - mylogger - INFO - 2015-07-01    sell    hit
2017-05-07 22:38:56,606 - mylogger - INFO - 2015-07-02    buy    miss
2017-05-07 22:38:56,607 - mylogger - INFO - 2015-07-06    buy    miss
2017-05-07 22:38:56,607 - mylogger - INFO - 2015-07-07    sell    hit
2017-05-07 22:38:56,607 - mylogger - INFO - 2015-07-08    buy    miss
2017-05-07 22:38:56,607 - mylogger - INFO - 2015-07-09    buy    hit
2017-05-07 22:38:56,607 - mylogger - INFO - 2015-07-10    buy    hit
2017-05-07 22:38:56,607 - mylogger - INFO - 2015-07-13    sell    hit
2017-05-07 22:38:56,607 - mylogger - INFO - 2015-07-14    sell    miss
2017-05-07 22:38:56,608 - mylogger - INFO - 2015-07-15    buy    hit
2017-05-07 22:38:56,608 - mylogger - INFO - 2015-07-16    buy    hit
2017-05-07 22:38:56,608 - mylogger - INFO - 2015-07-17    buy    hit
2017-05-07 22:38:56,608 - mylogger - INFO - 2015-07-20    buy    miss
2017-05-07 22:38:56,608 - mylogger - INFO - 2015-07-21    buy    miss
2017-05-07 22:38:56,608 - mylogger - INFO - 2015-07-22    buy    miss
2017-05-07 22:38:56,608 - mylogger - INFO - 2015-07-23    buy    miss
2017-05-07 22:38:56,608 - mylogger - INFO - 2015-07-24    buy    miss
2017-05-07 22:38:56,609 - mylogger - INFO - 2015-07-27    buy    hit
2017-05-07 22:38:56,609 - mylogger - INFO - 2015-07-28    buy    miss
2017-05-07 22:38:56,609 - mylogger - INFO - 2015-07-29    buy    miss
2017-05-07 22:38:56,609 - mylogger - INFO - 2015-07-30    buy    miss
2017-05-07 22:38:56,609 - mylogger - INFO - 2015-07-31    sell    hit
2017-05-07 22:38:56,609 - mylogger - INFO - 2015-08-03    sell    hit
2017-05-07 22:38:56,609 - mylogger - INFO - 2015-08-04    sell    miss
2017-05-07 22:38:56,610 - mylogger - INFO - 2015-08-05    sell    miss
2017-05-07 22:38:56,610 - mylogger - INFO - 2015-08-06    buy    hit
2017-05-07 22:38:56,610 - mylogger - INFO - 2015-08-07    sell    miss
2017-05-07 22:38:56,610 - mylogger - INFO - 2015-08-10    sell    hit
2017-05-07 22:38:56,610 - mylogger - INFO - 2015-08-11    sell    miss
2017-05-07 22:38:56,610 - mylogger - INFO - 2015-08-12    sell    hit
2017-05-07 22:38:56,610 - mylogger - INFO - 2015-08-13    sell    miss
2017-05-07 22:38:56,611 - mylogger - INFO - 2015-08-14    sell    miss
2017-05-07 22:38:56,611 - mylogger - INFO - 2015-08-17    sell    hit
2017-05-07 22:38:56,611 - mylogger - INFO - 2015-08-18    sell    hit
2017-05-07 22:38:56,611 - mylogger - INFO - 2015-08-19    sell    hit
2017-05-07 22:38:56,611 - mylogger - INFO - 2015-08-20    sell    hit
2017-05-07 22:38:56,611 - mylogger - INFO - 2015-08-21    sell    hit
2017-05-07 22:38:56,611 - mylogger - INFO - 2015-08-24    sell    miss
2017-05-07 22:38:56,611 - mylogger - INFO - 2015-08-25    sell    miss
2017-05-07 22:38:56,612 - mylogger - INFO - 2015-08-26    sell    miss
2017-05-07 22:38:56,612 - mylogger - INFO - 2015-08-27    sell    miss
2017-05-07 22:38:56,612 - mylogger - INFO - 2015-08-28    sell    hit
2017-05-07 22:38:56,612 - mylogger - INFO - 2015-08-31    sell    hit
2017-05-07 22:38:56,612 - mylogger - INFO - 2015-09-01    sell    miss
2017-05-07 22:38:56,613 - mylogger - INFO - 2015-09-02    sell    hit
2017-05-07 22:38:56,613 - mylogger - INFO - 2015-09-03    sell    hit
2017-05-07 22:38:56,613 - mylogger - INFO - 2015-09-04    sell    miss
2017-05-07 22:38:56,613 - mylogger - INFO - 2015-09-08    sell    hit
2017-05-07 22:38:56,613 - mylogger - INFO - 2015-09-09    sell    miss
2017-05-07 22:38:56,614 - mylogger - INFO - 2015-09-10    sell    miss
2017-05-07 22:38:56,614 - mylogger - INFO - 2015-09-11    sell    miss
2017-05-07 22:38:56,614 - mylogger - INFO - 2015-09-14    buy    hit
2017-05-07 22:38:56,614 - mylogger - INFO - 2015-09-15    sell    miss
2017-05-07 22:38:56,614 - mylogger - INFO - 2015-09-16    sell    hit
2017-05-07 22:38:56,615 - mylogger - INFO - 2015-09-17    sell    hit
2017-05-07 22:38:56,615 - mylogger - INFO - 2015-09-18    sell    miss
2017-05-07 22:38:56,615 - mylogger - INFO - 2015-09-21    buy    miss
2017-05-07 22:38:56,615 - mylogger - INFO - 2015-09-22    sell    miss
2017-05-07 22:38:56,615 - mylogger - INFO - 2015-09-23    sell    miss
2017-05-07 22:38:56,616 - mylogger - INFO - 2015-09-24    sell    hit
2017-05-07 22:38:56,616 - mylogger - INFO - 2015-09-25    sell    hit
2017-05-07 22:38:56,616 - mylogger - INFO - 2015-09-28    sell    hit
2017-05-07 22:38:56,616 - mylogger - INFO - 2015-09-29    sell    miss
2017-05-07 22:38:56,616 - mylogger - INFO - 2015-09-30    sell    hit
2017-05-07 22:38:56,617 - mylogger - INFO - 2015-10-01    buy    hit
2017-05-07 22:38:56,617 - mylogger - INFO - 2015-10-02    sell    miss
2017-05-07 22:38:56,617 - mylogger - INFO - 2015-10-05    buy    hit
2017-05-07 22:38:56,617 - mylogger - INFO - 2015-10-06    buy    miss
2017-05-07 22:38:56,617 - mylogger - INFO - 2015-10-07    buy    miss
2017-05-07 22:38:56,617 - mylogger - INFO - 2015-10-08    buy    hit
2017-05-07 22:38:56,617 - mylogger - INFO - 2015-10-09    buy    miss
2017-05-07 22:38:56,618 - mylogger - INFO - 2015-10-12    buy    hit
2017-05-07 22:38:56,618 - mylogger - INFO - 2015-10-13    buy    miss
2017-05-07 22:38:56,618 - mylogger - INFO - 2015-10-14    sell    miss
2017-05-07 22:38:56,618 - mylogger - INFO - 2015-10-15    sell    hit
2017-05-07 22:38:56,618 - mylogger - INFO - 2015-10-16    sell    miss
2017-05-07 22:38:56,618 - mylogger - INFO - 2015-10-19    sell    miss
2017-05-07 22:38:56,619 - mylogger - INFO - 2015-10-20    sell    hit
2017-05-07 22:38:56,619 - mylogger - INFO - 2015-10-21    sell    miss
2017-05-07 22:38:56,619 - mylogger - INFO - 2015-10-22    sell    miss
2017-05-07 22:38:56,619 - mylogger - INFO - 2015-10-23    sell    hit
2017-05-07 22:38:56,619 - mylogger - INFO - 2015-10-26    sell    hit
2017-05-07 22:38:56,619 - mylogger - INFO - 2015-10-27    sell    miss
2017-05-07 22:38:56,619 - mylogger - INFO - 2015-10-28    sell    miss
2017-05-07 22:38:56,619 - mylogger - INFO - 2015-10-29    sell    hit
2017-05-07 22:38:56,620 - mylogger - INFO - 2015-10-30    sell    miss
2017-05-07 22:38:56,620 - mylogger - INFO - 2015-11-02    sell    miss
2017-05-07 22:38:56,620 - mylogger - INFO - 2015-11-03    sell    hit
2017-05-07 22:38:56,620 - mylogger - INFO - 2015-11-04    sell    hit
2017-05-07 22:38:56,620 - mylogger - INFO - 2015-11-05    sell    miss
2017-05-07 22:38:56,620 - mylogger - INFO - 2015-11-06    sell    hit
2017-05-07 22:38:56,620 - mylogger - INFO - 2015-11-09    buy    miss
2017-05-07 22:38:56,621 - mylogger - INFO - 2015-11-10    sell    hit
2017-05-07 22:38:56,621 - mylogger - INFO - 2015-11-11    sell    hit
2017-05-07 22:38:56,621 - mylogger - INFO - 2015-11-12    sell    hit
2017-05-07 22:38:56,621 - mylogger - INFO - 2015-11-13    sell    miss
2017-05-07 22:38:56,621 - mylogger - INFO - 2015-11-16    sell    hit
2017-05-07 22:38:56,622 - mylogger - INFO - 2015-11-17    sell    miss
2017-05-07 22:38:56,622 - mylogger - INFO - 2015-11-18    sell    miss
2017-05-07 22:38:56,622 - mylogger - INFO - 2015-11-19    sell    miss
2017-05-07 22:38:56,622 - mylogger - INFO - 2015-11-20    sell    hit
2017-05-07 22:38:56,622 - mylogger - INFO - 2015-11-23    buy    hit
2017-05-07 22:38:56,622 - mylogger - INFO - 2015-11-24    sell    hit
2017-05-07 22:38:56,622 - mylogger - INFO - 2015-11-25    sell    hit
2017-05-07 22:38:56,623 - mylogger - INFO - 2015-11-27    sell    miss
2017-05-07 22:38:56,623 - mylogger - INFO - 2015-11-30    sell    hit
2017-05-07 22:38:56,623 - mylogger - INFO - 2015-12-01    sell    hit
2017-05-07 22:38:56,623 - mylogger - INFO - 2015-12-02    sell    hit
2017-05-07 22:38:56,623 - mylogger - INFO - 2015-12-03    sell    miss
2017-05-07 22:38:56,623 - mylogger - INFO - 2015-12-04    sell    hit
2017-05-07 22:38:56,624 - mylogger - INFO - 2015-12-07    sell    hit
2017-05-07 22:38:56,624 - mylogger - INFO - 2015-12-08    sell    hit
2017-05-07 22:38:56,624 - mylogger - INFO - 2015-12-09    sell    miss
2017-05-07 22:38:56,624 - mylogger - INFO - 2015-12-10    sell    hit
2017-05-07 22:38:56,625 - mylogger - INFO - 2015-12-11    sell    hit
2017-05-07 22:38:56,625 - mylogger - INFO - 2015-12-14    sell    hit
2017-05-07 22:38:56,625 - mylogger - INFO - 2015-12-15    sell    miss
2017-05-07 22:38:56,625 - mylogger - INFO - 2015-12-16    sell    hit
2017-05-07 22:38:56,625 - mylogger - INFO - 2015-12-17    sell    hit
2017-05-07 22:38:56,626 - mylogger - INFO - 2015-12-18    buy    hit
2017-05-07 22:38:56,626 - mylogger - INFO - 2015-12-21    sell    hit
2017-05-07 22:38:56,626 - mylogger - INFO - 2015-12-22    sell    miss
2017-05-07 22:38:56,626 - mylogger - INFO - 2015-12-23    sell    hit
2017-05-07 22:38:56,626 - mylogger - INFO - 2015-12-24    sell    hit
2017-05-07 22:38:56,627 - mylogger - INFO - 2015-12-28    sell    miss
2017-05-07 22:38:56,627 - mylogger - INFO - 2015-12-29    sell    hit
2017-05-07 22:38:56,627 - mylogger - INFO - 2015-12-30    sell    hit
2017-05-07 22:38:56,627 - mylogger - INFO - Hit number:244/503
2017-05-07 22:38:56,627 - mylogger - INFO - Hit rate:0.4850894632206759
