2017-05-08 16:12:25,195 - mylogger - INFO - -0.0197455
2017-05-08 16:12:25,195 - mylogger - INFO - 2014-01-02: No short!
2017-05-08 16:12:25,517 - mylogger - INFO - -0.0112097
2017-05-08 16:12:25,517 - mylogger - INFO - 2014-01-03: No short!
2017-05-08 16:12:25,932 - mylogger - INFO - -0.0125221
2017-05-08 16:12:25,932 - mylogger - INFO - 2014-01-06: No short!
2017-05-08 16:12:26,259 - mylogger - INFO - -0.0123745
2017-05-08 16:12:26,259 - mylogger - INFO - 2014-01-07: No short!
2017-05-08 16:12:26,583 - mylogger - INFO - -0.0146155
2017-05-08 16:12:26,583 - mylogger - INFO - 2014-01-08: No short!
2017-05-08 16:12:26,906 - mylogger - INFO - -0.0103969
2017-05-08 16:12:26,906 - mylogger - INFO - 2014-01-09: No short!
2017-05-08 16:12:27,323 - mylogger - INFO - -0.00489835
2017-05-08 16:12:27,324 - mylogger - INFO - 2014-01-10: hold
2017-05-08 16:12:27,653 - mylogger - INFO - 0.00381606
2017-05-08 16:12:27,653 - mylogger - INFO - 2014-01-13: hold
2017-05-08 16:12:27,982 - mylogger - INFO - -0.000746271
2017-05-08 16:12:27,982 - mylogger - INFO - 2014-01-14: hold
2017-05-08 16:12:28,398 - mylogger - INFO - 0.0107183
2017-05-08 16:12:28,399 - mylogger - INFO - 2014-01-15: buy
2017-05-08 16:12:28,399 - mylogger - INFO - 100000.0
2017-05-08 16:12:28,736 - mylogger - INFO - -0.00259444
2017-05-08 16:12:28,736 - mylogger - INFO - 2014-01-16: hold
2017-05-08 16:12:29,065 - mylogger - INFO - 0.00874707
2017-05-08 16:12:29,067 - mylogger - INFO - 2014-01-17: buy
2017-05-08 16:12:29,067 - mylogger - INFO - 622.066360586
2017-05-08 16:12:29,478 - mylogger - INFO - 0.00576263
2017-05-08 16:12:29,479 - mylogger - INFO - 2014-01-21: No cover!
2017-05-08 16:12:29,796 - mylogger - INFO - -0.00357332
2017-05-08 16:12:29,796 - mylogger - INFO - 2014-01-22: hold
2017-05-08 16:12:30,128 - mylogger - INFO - -0.00878963
2017-05-08 16:12:30,129 - mylogger - INFO - 2014-01-23: sell
2017-05-08 16:12:30,544 - mylogger - INFO - 0.00971529
2017-05-08 16:12:30,545 - mylogger - INFO - 2014-01-24: buy
2017-05-08 16:12:30,545 - mylogger - INFO - 97952.1399616
2017-05-08 16:12:30,864 - mylogger - INFO - -0.0118624
2017-05-08 16:12:30,866 - mylogger - INFO - 2014-01-27: sell
2017-05-08 16:12:31,185 - mylogger - INFO - 0.00154284
2017-05-08 16:12:31,185 - mylogger - INFO - 2014-01-28: hold
2017-05-08 16:12:31,516 - mylogger - INFO - -0.00556555
2017-05-08 16:12:31,516 - mylogger - INFO - 2014-01-29: No short!
2017-05-08 16:12:31,937 - mylogger - INFO - 0.000699475
2017-05-08 16:12:31,938 - mylogger - INFO - 2014-01-30: hold
2017-05-08 16:12:32,261 - mylogger - INFO - 0.010566
2017-05-08 16:12:32,262 - mylogger - INFO - 2014-01-31: buy
2017-05-08 16:12:32,262 - mylogger - INFO - 90043.5872345
2017-05-08 16:12:32,596 - mylogger - INFO - 0.00240497
2017-05-08 16:12:32,597 - mylogger - INFO - 2014-02-03: hold
2017-05-08 16:12:33,028 - mylogger - INFO - -0.0107169
2017-05-08 16:12:33,029 - mylogger - INFO - 2014-02-04: sell
2017-05-08 16:12:33,386 - mylogger - INFO - 0.0172276
2017-05-08 16:12:33,387 - mylogger - INFO - 2014-02-05: buy
2017-05-08 16:12:33,387 - mylogger - INFO - 92012.2636544
2017-05-08 16:12:33,705 - mylogger - INFO - 0.0127297
2017-05-08 16:12:33,706 - mylogger - INFO - 2014-02-06: No cover!
2017-05-08 16:12:34,115 - mylogger - INFO - -0.00311927
2017-05-08 16:12:34,116 - mylogger - INFO - 2014-02-07: hold
2017-05-08 16:12:34,452 - mylogger - INFO - -0.00827571
2017-05-08 16:12:34,453 - mylogger - INFO - 2014-02-10: sell
2017-05-08 16:12:34,781 - mylogger - INFO - 0.00144623
2017-05-08 16:12:34,781 - mylogger - INFO - 2014-02-11: hold
2017-05-08 16:12:35,198 - mylogger - INFO - -0.00251693
2017-05-08 16:12:35,198 - mylogger - INFO - 2014-02-12: hold
2017-05-08 16:12:35,531 - mylogger - INFO - 0.00343878
2017-05-08 16:12:35,531 - mylogger - INFO - 2014-02-13: hold
2017-05-08 16:12:35,857 - mylogger - INFO - -0.00696126
2017-05-08 16:12:35,857 - mylogger - INFO - 2014-02-14: No short!
2017-05-08 16:12:36,189 - mylogger - INFO - -0.000517529
2017-05-08 16:12:36,189 - mylogger - INFO - 2014-02-18: hold
2017-05-08 16:12:36,604 - mylogger - INFO - -0.00409594
2017-05-08 16:12:36,604 - mylogger - INFO - 2014-02-19: hold
2017-05-08 16:12:36,928 - mylogger - INFO - 0.000472286
2017-05-08 16:12:36,928 - mylogger - INFO - 2014-02-20: hold
2017-05-08 16:12:37,255 - mylogger - INFO - 0.00542736
2017-05-08 16:12:37,256 - mylogger - INFO - 2014-02-21: buy
2017-05-08 16:12:37,256 - mylogger - INFO - 96224.7014089
2017-05-08 16:12:37,671 - mylogger - INFO - -0.0110528
2017-05-08 16:12:37,673 - mylogger - INFO - 2014-02-24: sell
2017-05-08 16:12:37,996 - mylogger - INFO - 0.00499299
2017-05-08 16:12:37,997 - mylogger - INFO - 2014-02-25: hold
2017-05-08 16:12:38,316 - mylogger - INFO - 0.00952494
2017-05-08 16:12:38,317 - mylogger - INFO - 2014-02-26: buy
2017-05-08 16:12:38,317 - mylogger - INFO - 95198.6169893
2017-05-08 16:12:38,734 - mylogger - INFO - 0.00790221
2017-05-08 16:12:38,735 - mylogger - INFO - 2014-02-27: No cover!
2017-05-08 16:12:39,058 - mylogger - INFO - -0.000569625
2017-05-08 16:12:39,058 - mylogger - INFO - 2014-02-28: hold
2017-05-08 16:12:39,377 - mylogger - INFO - -0.0123395
2017-05-08 16:12:39,378 - mylogger - INFO - 2014-03-03: sell
2017-05-08 16:12:39,791 - mylogger - INFO - 0.00804287
2017-05-08 16:12:39,792 - mylogger - INFO - 2014-03-04: buy
2017-05-08 16:12:39,792 - mylogger - INFO - 95835.0004568
2017-05-08 16:12:40,122 - mylogger - INFO - -0.0147678
2017-05-08 16:12:40,123 - mylogger - INFO - 2014-03-05: sell
2017-05-08 16:12:40,452 - mylogger - INFO - -0.0124652
2017-05-08 16:12:40,452 - mylogger - INFO - 2014-03-06: No short!
2017-05-08 16:12:40,776 - mylogger - INFO - -0.00653105
2017-05-08 16:12:40,777 - mylogger - INFO - 2014-03-07: No short!
2017-05-08 16:12:41,195 - mylogger - INFO - -0.00656519
2017-05-08 16:12:41,196 - mylogger - INFO - 2014-03-10: No short!
2017-05-08 16:12:41,522 - mylogger - INFO - 0.0129896
2017-05-08 16:12:41,523 - mylogger - INFO - 2014-03-11: buy
2017-05-08 16:12:41,523 - mylogger - INFO - 95524.5523299
2017-05-08 16:12:41,844 - mylogger - INFO - -0.0152959
2017-05-08 16:12:41,845 - mylogger - INFO - 2014-03-12: sell
2017-05-08 16:12:42,253 - mylogger - INFO - 0.00452948
2017-05-08 16:12:42,253 - mylogger - INFO - 2014-03-13: hold
2017-05-08 16:12:42,584 - mylogger - INFO - 0.0102511
2017-05-08 16:12:42,585 - mylogger - INFO - 2014-03-14: buy
2017-05-08 16:12:42,585 - mylogger - INFO - 94443.4723392
2017-05-08 16:12:42,905 - mylogger - INFO - 0.00993897
2017-05-08 16:12:42,906 - mylogger - INFO - 2014-03-17: No cover!
2017-05-08 16:12:43,321 - mylogger - INFO - 0.00191046
2017-05-08 16:12:43,321 - mylogger - INFO - 2014-03-18: hold
2017-05-08 16:12:43,648 - mylogger - INFO - 0.00826997
2017-05-08 16:12:43,649 - mylogger - INFO - 2014-03-19: No cover!
2017-05-08 16:12:43,980 - mylogger - INFO - 0.014649
2017-05-08 16:12:43,981 - mylogger - INFO - 2014-03-20: No cover!
2017-05-08 16:12:44,396 - mylogger - INFO - 0.0125954
2017-05-08 16:12:44,397 - mylogger - INFO - 2014-03-21: No cover!
2017-05-08 16:12:44,724 - mylogger - INFO - -0.00604204
2017-05-08 16:12:44,725 - mylogger - INFO - 2014-03-24: sell
2017-05-08 16:12:45,052 - mylogger - INFO - 0.00531991
2017-05-08 16:12:45,053 - mylogger - INFO - 2014-03-25: buy
2017-05-08 16:12:45,053 - mylogger - INFO - 97707.5713589
2017-05-08 16:12:45,378 - mylogger - INFO - 0.0149874
2017-05-08 16:12:45,379 - mylogger - INFO - 2014-03-26: buy
2017-05-08 16:12:45,379 - mylogger - INFO - 926.755125885
2017-05-08 16:12:45,793 - mylogger - INFO - 0.00354271
2017-05-08 16:12:45,794 - mylogger - INFO - 2014-03-27: hold
2017-05-08 16:12:46,126 - mylogger - INFO - -0.00356136
2017-05-08 16:12:46,126 - mylogger - INFO - 2014-03-28: hold
2017-05-08 16:12:46,450 - mylogger - INFO - 0.000989656
2017-05-08 16:12:46,450 - mylogger - INFO - 2014-03-31: hold
2017-05-08 16:12:46,861 - mylogger - INFO - -0.00759971
2017-05-08 16:12:46,862 - mylogger - INFO - 2014-04-01: sell
2017-05-08 16:12:47,188 - mylogger - INFO - -0.0136585
2017-05-08 16:12:47,188 - mylogger - INFO - 2014-04-02: No short!
2017-05-08 16:12:47,519 - mylogger - INFO - -0.00688595
2017-05-08 16:12:47,519 - mylogger - INFO - 2014-04-03: No short!
2017-05-08 16:12:47,932 - mylogger - INFO - -0.00858773
2017-05-08 16:12:47,932 - mylogger - INFO - 2014-04-04: No short!
2017-05-08 16:12:48,264 - mylogger - INFO - -0.00464587
2017-05-08 16:12:48,264 - mylogger - INFO - 2014-04-07: hold
2017-05-08 16:12:48,592 - mylogger - INFO - -0.00291161
2017-05-08 16:12:48,593 - mylogger - INFO - 2014-04-08: hold
2017-05-08 16:12:49,009 - mylogger - INFO - -0.00622028
2017-05-08 16:12:49,010 - mylogger - INFO - 2014-04-09: No short!
2017-05-08 16:12:49,338 - mylogger - INFO - 0.00695876
2017-05-08 16:12:49,339 - mylogger - INFO - 2014-04-10: buy
2017-05-08 16:12:49,339 - mylogger - INFO - 99084.8516216
2017-05-08 16:12:49,661 - mylogger - INFO - 0.0135884
2017-05-08 16:12:49,662 - mylogger - INFO - 2014-04-11: buy
2017-05-08 16:12:49,662 - mylogger - INFO - 736.468393425
2017-05-08 16:12:49,987 - mylogger - INFO - -0.0019374
2017-05-08 16:12:49,987 - mylogger - INFO - 2014-04-14: hold
2017-05-08 16:12:50,402 - mylogger - INFO - 0.00522963
2017-05-08 16:12:50,403 - mylogger - INFO - 2014-04-15: No cover!
2017-05-08 16:12:50,736 - mylogger - INFO - -0.00443063
2017-05-08 16:12:50,736 - mylogger - INFO - 2014-04-16: hold
2017-05-08 16:12:51,060 - mylogger - INFO - -0.00649853
2017-05-08 16:12:51,061 - mylogger - INFO - 2014-04-17: sell
2017-05-08 16:12:51,479 - mylogger - INFO - -0.00673256
2017-05-08 16:12:51,479 - mylogger - INFO - 2014-04-21: No short!
2017-05-08 16:12:51,803 - mylogger - INFO - -0.0099788
2017-05-08 16:12:51,804 - mylogger - INFO - 2014-04-22: No short!
2017-05-08 16:12:52,135 - mylogger - INFO - 0.0102965
2017-05-08 16:12:52,136 - mylogger - INFO - 2014-04-23: buy
2017-05-08 16:12:52,136 - mylogger - INFO - 103039.160523
2017-05-08 16:12:52,557 - mylogger - INFO - -0.00905914
2017-05-08 16:12:52,559 - mylogger - INFO - 2014-04-24: sell
2017-05-08 16:12:52,881 - mylogger - INFO - 0.00421608
2017-05-08 16:12:52,881 - mylogger - INFO - 2014-04-25: hold
2017-05-08 16:12:53,208 - mylogger - INFO - 0.00585464
2017-05-08 16:12:53,209 - mylogger - INFO - 2014-04-28: buy
2017-05-08 16:12:53,209 - mylogger - INFO - 103835.73084
2017-05-08 16:12:53,636 - mylogger - INFO - 0.0108999
2017-05-08 16:12:53,637 - mylogger - INFO - 2014-04-29: buy
2017-05-08 16:12:53,637 - mylogger - INFO - 348.777813378
2017-05-08 16:12:53,969 - mylogger - INFO - -0.00697412
2017-05-08 16:12:53,970 - mylogger - INFO - 2014-04-30: sell
2017-05-08 16:12:54,296 - mylogger - INFO - -0.00790452
2017-05-08 16:12:54,296 - mylogger - INFO - 2014-05-01: No short!
2017-05-08 16:12:54,626 - mylogger - INFO - 0.00779203
2017-05-08 16:12:54,627 - mylogger - INFO - 2014-05-02: buy
2017-05-08 16:12:54,627 - mylogger - INFO - 103891.891679
2017-05-08 16:12:55,047 - mylogger - INFO - 0.00230358
2017-05-08 16:12:55,047 - mylogger - INFO - 2014-05-05: hold
2017-05-08 16:12:55,375 - mylogger - INFO - 0.00570271
2017-05-08 16:12:55,376 - mylogger - INFO - 2014-05-06: No cover!
2017-05-08 16:12:55,703 - mylogger - INFO - -0.00452094
2017-05-08 16:12:55,703 - mylogger - INFO - 2014-05-07: hold
2017-05-08 16:12:56,117 - mylogger - INFO - 0.0114876
2017-05-08 16:12:56,118 - mylogger - INFO - 2014-05-08: No cover!
2017-05-08 16:12:56,440 - mylogger - INFO - 0.000533599
2017-05-08 16:12:56,441 - mylogger - INFO - 2014-05-09: hold
2017-05-08 16:12:56,762 - mylogger - INFO - 0.0234358
2017-05-08 16:12:56,762 - mylogger - INFO - 2014-05-12: No cover!
2017-05-08 16:12:57,184 - mylogger - INFO - 0.012811
2017-05-08 16:12:57,184 - mylogger - INFO - 2014-05-13: No cover!
2017-05-08 16:12:57,514 - mylogger - INFO - 0.0228366
2017-05-08 16:12:57,514 - mylogger - INFO - 2014-05-14: No cover!
2017-05-08 16:12:57,838 - mylogger - INFO - 0.0125258
2017-05-08 16:12:57,839 - mylogger - INFO - 2014-05-15: No cover!
2017-05-08 16:12:58,249 - mylogger - INFO - 0.0101064
2017-05-08 16:12:58,250 - mylogger - INFO - 2014-05-16: No cover!
2017-05-08 16:12:58,581 - mylogger - INFO - 0.0344488
2017-05-08 16:12:58,582 - mylogger - INFO - 2014-05-19: No cover!
2017-05-08 16:12:58,903 - mylogger - INFO - -0.00332811
2017-05-08 16:12:58,903 - mylogger - INFO - 2014-05-20: hold
2017-05-08 16:12:59,231 - mylogger - INFO - 0.0188992
2017-05-08 16:12:59,232 - mylogger - INFO - 2014-05-21: No cover!
2017-05-08 16:12:59,658 - mylogger - INFO - 0.011069
2017-05-08 16:12:59,659 - mylogger - INFO - 2014-05-22: No cover!
2017-05-08 16:12:59,983 - mylogger - INFO - 0.0215208
2017-05-08 16:12:59,984 - mylogger - INFO - 2014-05-23: No cover!
2017-05-08 16:13:00,306 - mylogger - INFO - -0.00298746
2017-05-08 16:13:00,306 - mylogger - INFO - 2014-05-27: hold
2017-05-08 16:13:00,735 - mylogger - INFO - 0.0114574
2017-05-08 16:13:00,735 - mylogger - INFO - 2014-05-28: No cover!
2017-05-08 16:13:01,067 - mylogger - INFO - 0.00842514
2017-05-08 16:13:01,068 - mylogger - INFO - 2014-05-29: No cover!
2017-05-08 16:13:01,387 - mylogger - INFO - -0.00303293
2017-05-08 16:13:01,387 - mylogger - INFO - 2014-05-30: hold
2017-05-08 16:13:01,812 - mylogger - INFO - -0.00757353
2017-05-08 16:13:01,813 - mylogger - INFO - 2014-06-02: sell
2017-05-08 16:13:02,129 - mylogger - INFO - 0.00275911
2017-05-08 16:13:02,129 - mylogger - INFO - 2014-06-03: hold
2017-05-08 16:13:02,445 - mylogger - INFO - -0.00714224
2017-05-08 16:13:02,446 - mylogger - INFO - 2014-06-04: No short!
2017-05-08 16:13:02,855 - mylogger - INFO - 0.00704437
2017-05-08 16:13:02,856 - mylogger - INFO - 2014-06-05: buy
2017-05-08 16:13:02,856 - mylogger - INFO - 110906.460272
2017-05-08 16:13:03,186 - mylogger - INFO - -0.00667898
2017-05-08 16:13:03,187 - mylogger - INFO - 2014-06-06: sell
2017-05-08 16:13:03,519 - mylogger - INFO - -0.00426351
2017-05-08 16:13:03,519 - mylogger - INFO - 2014-06-09: hold
2017-05-08 16:13:03,842 - mylogger - INFO - -0.00165302
2017-05-08 16:13:03,842 - mylogger - INFO - 2014-06-10: hold
2017-05-08 16:13:04,252 - mylogger - INFO - -0.00119122
2017-05-08 16:13:04,252 - mylogger - INFO - 2014-06-11: hold
2017-05-08 16:13:04,586 - mylogger - INFO - 0.00650633
2017-05-08 16:13:04,587 - mylogger - INFO - 2014-06-12: buy
2017-05-08 16:13:04,587 - mylogger - INFO - 112655.981759
2017-05-08 16:13:04,922 - mylogger - INFO - 0.0121733
2017-05-08 16:13:04,924 - mylogger - INFO - 2014-06-13: buy
2017-05-08 16:13:04,924 - mylogger - INFO - 1265.70700092
2017-05-08 16:13:05,339 - mylogger - INFO - -0.000770891
2017-05-08 16:13:05,339 - mylogger - INFO - 2014-06-16: hold
2017-05-08 16:13:05,666 - mylogger - INFO - 0.0162537
2017-05-08 16:13:05,667 - mylogger - INFO - 2014-06-17: No cover!
2017-05-08 16:13:05,988 - mylogger - INFO - 0.00249364
2017-05-08 16:13:05,989 - mylogger - INFO - 2014-06-18: hold
2017-05-08 16:13:06,403 - mylogger - INFO - -0.00121005
2017-05-08 16:13:06,403 - mylogger - INFO - 2014-06-19: hold
2017-05-08 16:13:06,730 - mylogger - INFO - 0.00916822
2017-05-08 16:13:06,731 - mylogger - INFO - 2014-06-20: No cover!
2017-05-08 16:13:07,065 - mylogger - INFO - 0.00554309
2017-05-08 16:13:07,066 - mylogger - INFO - 2014-06-23: No cover!
2017-05-08 16:13:07,487 - mylogger - INFO - 0.00489546
2017-05-08 16:13:07,487 - mylogger - INFO - 2014-06-24: hold
2017-05-08 16:13:07,815 - mylogger - INFO - -0.00252051
2017-05-08 16:13:07,815 - mylogger - INFO - 2014-06-25: hold
2017-05-08 16:13:08,147 - mylogger - INFO - 0.00598169
2017-05-08 16:13:08,148 - mylogger - INFO - 2014-06-26: No cover!
2017-05-08 16:13:08,481 - mylogger - INFO - 0.00480309
2017-05-08 16:13:08,482 - mylogger - INFO - 2014-06-27: hold
2017-05-08 16:13:08,904 - mylogger - INFO - 0.00378242
2017-05-08 16:13:08,904 - mylogger - INFO - 2014-06-30: hold
2017-05-08 16:13:09,232 - mylogger - INFO - 0.0121946
2017-05-08 16:13:09,233 - mylogger - INFO - 2014-07-01: No cover!
2017-05-08 16:13:09,555 - mylogger - INFO - 0.0149857
2017-05-08 16:13:09,556 - mylogger - INFO - 2014-07-02: No cover!
2017-05-08 16:13:09,976 - mylogger - INFO - 0.0181553
2017-05-08 16:13:09,977 - mylogger - INFO - 2014-07-03: No cover!
2017-05-08 16:13:10,302 - mylogger - INFO - 0.0192133
2017-05-08 16:13:10,303 - mylogger - INFO - 2014-07-07: No cover!
2017-05-08 16:13:10,630 - mylogger - INFO - 0.0275998
2017-05-08 16:13:10,631 - mylogger - INFO - 2014-07-08: No cover!
2017-05-08 16:13:11,051 - mylogger - INFO - 0.0246225
2017-05-08 16:13:11,052 - mylogger - INFO - 2014-07-09: No cover!
2017-05-08 16:13:11,376 - mylogger - INFO - -0.00580116
2017-05-08 16:13:11,377 - mylogger - INFO - 2014-07-10: sell
2017-05-08 16:13:11,699 - mylogger - INFO - 0.00311673
2017-05-08 16:13:11,699 - mylogger - INFO - 2014-07-11: hold
2017-05-08 16:13:12,131 - mylogger - INFO - 0.0146732
2017-05-08 16:13:12,132 - mylogger - INFO - 2014-07-14: buy
2017-05-08 16:13:12,132 - mylogger - INFO - 121149.967741
2017-05-08 16:13:12,464 - mylogger - INFO - 0.0143696
2017-05-08 16:13:12,465 - mylogger - INFO - 2014-07-15: buy
2017-05-08 16:13:12,465 - mylogger - INFO - 1483.36352657
2017-05-08 16:13:12,792 - mylogger - INFO - 0.00440891
2017-05-08 16:13:12,793 - mylogger - INFO - 2014-07-16: hold
2017-05-08 16:13:13,219 - mylogger - INFO - 0.0199396
2017-05-08 16:13:13,220 - mylogger - INFO - 2014-07-17: No cover!
2017-05-08 16:13:13,545 - mylogger - INFO - 0.0393542
2017-05-08 16:13:13,545 - mylogger - INFO - 2014-07-18: No cover!
2017-05-08 16:13:13,872 - mylogger - INFO - 0.0245341
2017-05-08 16:13:13,873 - mylogger - INFO - 2014-07-21: No cover!
2017-05-08 16:13:14,199 - mylogger - INFO - 0.0250564
2017-05-08 16:13:14,199 - mylogger - INFO - 2014-07-22: No cover!
2017-05-08 16:13:14,622 - mylogger - INFO - 0.0361209
2017-05-08 16:13:14,623 - mylogger - INFO - 2014-07-23: No cover!
2017-05-08 16:13:14,950 - mylogger - INFO - 0.0175782
2017-05-08 16:13:14,951 - mylogger - INFO - 2014-07-24: No cover!
2017-05-08 16:13:15,283 - mylogger - INFO - 0.0299311
2017-05-08 16:13:15,284 - mylogger - INFO - 2014-07-25: No cover!
2017-05-08 16:13:15,763 - mylogger - INFO - 0.00956746
2017-05-08 16:13:15,764 - mylogger - INFO - 2014-07-28: No cover!
2017-05-08 16:13:16,130 - mylogger - INFO - 0.0314078
2017-05-08 16:13:16,130 - mylogger - INFO - 2014-07-29: No cover!
2017-05-08 16:13:16,469 - mylogger - INFO - 0.0201077
2017-05-08 16:13:16,470 - mylogger - INFO - 2014-07-30: No cover!
2017-05-08 16:13:16,878 - mylogger - INFO - 0.0180605
2017-05-08 16:13:16,878 - mylogger - INFO - 2014-07-31: No cover!
2017-05-08 16:13:17,213 - mylogger - INFO - 0.00731433
2017-05-08 16:13:17,214 - mylogger - INFO - 2014-08-01: No cover!
2017-05-08 16:13:17,547 - mylogger - INFO - 0.021021
2017-05-08 16:13:17,547 - mylogger - INFO - 2014-08-04: No cover!
2017-05-08 16:13:17,967 - mylogger - INFO - 0.0146087
2017-05-08 16:13:17,968 - mylogger - INFO - 2014-08-05: No cover!
2017-05-08 16:13:18,299 - mylogger - INFO - 0.00746642
2017-05-08 16:13:18,300 - mylogger - INFO - 2014-08-06: No cover!
2017-05-08 16:13:18,623 - mylogger - INFO - 0.0203791
2017-05-08 16:13:18,624 - mylogger - INFO - 2014-08-07: No cover!
2017-05-08 16:13:18,957 - mylogger - INFO - 0.0260387
2017-05-08 16:13:18,958 - mylogger - INFO - 2014-08-08: No cover!
2017-05-08 16:13:19,376 - mylogger - INFO - 0.0117165
2017-05-08 16:13:19,377 - mylogger - INFO - 2014-08-11: No cover!
2017-05-08 16:13:19,700 - mylogger - INFO - 0.0275652
2017-05-08 16:13:19,701 - mylogger - INFO - 2014-08-12: No cover!
2017-05-08 16:13:20,029 - mylogger - INFO - 0.0188678
2017-05-08 16:13:20,030 - mylogger - INFO - 2014-08-13: No cover!
2017-05-08 16:13:20,453 - mylogger - INFO - 0.0166409
2017-05-08 16:13:20,454 - mylogger - INFO - 2014-08-14: No cover!
2017-05-08 16:13:20,794 - mylogger - INFO - 0.0249998
2017-05-08 16:13:20,795 - mylogger - INFO - 2014-08-15: No cover!
2017-05-08 16:13:21,134 - mylogger - INFO - 0.0143211
2017-05-08 16:13:21,135 - mylogger - INFO - 2014-08-18: No cover!
2017-05-08 16:13:21,551 - mylogger - INFO - 0.0212916
2017-05-08 16:13:21,551 - mylogger - INFO - 2014-08-19: No cover!
2017-05-08 16:13:21,867 - mylogger - INFO - 0.00257414
2017-05-08 16:13:21,868 - mylogger - INFO - 2014-08-20: hold
2017-05-08 16:13:22,188 - mylogger - INFO - 0.00820878
2017-05-08 16:13:22,189 - mylogger - INFO - 2014-08-21: No cover!
2017-05-08 16:13:22,612 - mylogger - INFO - 0.0144423
2017-05-08 16:13:22,613 - mylogger - INFO - 2014-08-22: No cover!
2017-05-08 16:13:22,936 - mylogger - INFO - 0.0295876
2017-05-08 16:13:22,937 - mylogger - INFO - 2014-08-25: No cover!
2017-05-08 16:13:23,269 - mylogger - INFO - 0.0285131
2017-05-08 16:13:23,270 - mylogger - INFO - 2014-08-26: No cover!
2017-05-08 16:13:23,604 - mylogger - INFO - 0.0212056
2017-05-08 16:13:23,605 - mylogger - INFO - 2014-08-27: No cover!
2017-05-08 16:13:24,029 - mylogger - INFO - 0.00189471
2017-05-08 16:13:24,029 - mylogger - INFO - 2014-08-28: hold
2017-05-08 16:13:24,348 - mylogger - INFO - 0.0225361
2017-05-08 16:13:24,349 - mylogger - INFO - 2014-08-29: No cover!
2017-05-08 16:13:24,667 - mylogger - INFO - -0.00708349
2017-05-08 16:13:24,669 - mylogger - INFO - 2014-09-02: sell
2017-05-08 16:13:25,095 - mylogger - INFO - 0.0088398
2017-05-08 16:13:25,096 - mylogger - INFO - 2014-09-03: buy
2017-05-08 16:13:25,096 - mylogger - INFO - 132182.600943
2017-05-08 16:13:25,429 - mylogger - INFO - 0.00464622
2017-05-08 16:13:25,429 - mylogger - INFO - 2014-09-04: hold
2017-05-08 16:13:25,809 - mylogger - INFO - 0.01094
2017-05-08 16:13:25,811 - mylogger - INFO - 2014-09-05: buy
2017-05-08 16:13:25,811 - mylogger - INFO - 1089.92134719
2017-05-08 16:13:26,280 - mylogger - INFO - 0.016631
2017-05-08 16:13:26,280 - mylogger - INFO - 2014-09-08: No cover!
2017-05-08 16:13:26,627 - mylogger - INFO - 0.00568877
2017-05-08 16:13:26,628 - mylogger - INFO - 2014-09-09: No cover!
2017-05-08 16:13:26,965 - mylogger - INFO - -0.00306088
2017-05-08 16:13:26,965 - mylogger - INFO - 2014-09-10: hold
2017-05-08 16:13:27,378 - mylogger - INFO - 0.00771297
2017-05-08 16:13:27,378 - mylogger - INFO - 2014-09-11: No cover!
2017-05-08 16:13:27,707 - mylogger - INFO - -0.00681119
2017-05-08 16:13:27,708 - mylogger - INFO - 2014-09-12: sell
2017-05-08 16:13:28,045 - mylogger - INFO - 0.00656824
2017-05-08 16:13:28,046 - mylogger - INFO - 2014-09-15: buy
2017-05-08 16:13:28,046 - mylogger - INFO - 141232.346903
2017-05-08 16:13:28,378 - mylogger - INFO - -0.000758611
2017-05-08 16:13:28,378 - mylogger - INFO - 2014-09-16: hold
2017-05-08 16:13:28,795 - mylogger - INFO - 0.00578893
2017-05-08 16:13:28,796 - mylogger - INFO - 2014-09-17: buy
2017-05-08 16:13:28,796 - mylogger - INFO - 1092.92328788
2017-05-08 16:13:29,117 - mylogger - INFO - 0.0179503
2017-05-08 16:13:29,117 - mylogger - INFO - 2014-09-18: No cover!
2017-05-08 16:13:29,436 - mylogger - INFO - 0.00647785
2017-05-08 16:13:29,437 - mylogger - INFO - 2014-09-19: No cover!
2017-05-08 16:13:29,843 - mylogger - INFO - 0.0115633
2017-05-08 16:13:29,843 - mylogger - INFO - 2014-09-22: No cover!
2017-05-08 16:13:30,161 - mylogger - INFO - 0.000212995
2017-05-08 16:13:30,161 - mylogger - INFO - 2014-09-23: hold
2017-05-08 16:13:30,481 - mylogger - INFO - 0.010694
2017-05-08 16:13:30,482 - mylogger - INFO - 2014-09-24: No cover!
2017-05-08 16:13:30,922 - mylogger - INFO - -0.00683794
2017-05-08 16:13:30,923 - mylogger - INFO - 2014-09-25: sell
2017-05-08 16:13:31,267 - mylogger - INFO - -0.00714572
2017-05-08 16:13:31,267 - mylogger - INFO - 2014-09-26: No short!
2017-05-08 16:13:31,590 - mylogger - INFO - 0.00352085
2017-05-08 16:13:31,590 - mylogger - INFO - 2014-09-29: hold
2017-05-08 16:13:31,999 - mylogger - INFO - 0.0036909
2017-05-08 16:13:31,999 - mylogger - INFO - 2014-09-30: hold
2017-05-08 16:13:32,333 - mylogger - INFO - -0.000929177
2017-05-08 16:13:32,333 - mylogger - INFO - 2014-10-01: hold
2017-05-08 16:13:32,660 - mylogger - INFO - 0.0152736
2017-05-08 16:13:32,661 - mylogger - INFO - 2014-10-02: buy
2017-05-08 16:13:32,661 - mylogger - INFO - 139579.821239
2017-05-08 16:13:32,995 - mylogger - INFO - 0.00993333
2017-05-08 16:13:32,996 - mylogger - INFO - 2014-10-03: buy
2017-05-08 16:13:32,996 - mylogger - INFO - 403.164308198
2017-05-08 16:13:33,414 - mylogger - INFO - 0.0149855
2017-05-08 16:13:33,415 - mylogger - INFO - 2014-10-06: No cover!
2017-05-08 16:13:33,734 - mylogger - INFO - -0.0111051
2017-05-08 16:13:33,735 - mylogger - INFO - 2014-10-07: sell
2017-05-08 16:13:34,057 - mylogger - INFO - 0.00112781
2017-05-08 16:13:34,057 - mylogger - INFO - 2014-10-08: hold
2017-05-08 16:13:34,470 - mylogger - INFO - 0.00104102
2017-05-08 16:13:34,470 - mylogger - INFO - 2014-10-09: hold
2017-05-08 16:13:34,797 - mylogger - INFO - -0.0111428
2017-05-08 16:13:34,797 - mylogger - INFO - 2014-10-10: No short!
2017-05-08 16:13:35,125 - mylogger - INFO - -0.0151656
2017-05-08 16:13:35,125 - mylogger - INFO - 2014-10-13: No short!
2017-05-08 16:13:35,551 - mylogger - INFO - -0.00263888
2017-05-08 16:13:35,551 - mylogger - INFO - 2014-10-14: hold
2017-05-08 16:13:35,873 - mylogger - INFO - 0.0038966
2017-05-08 16:13:35,873 - mylogger - INFO - 2014-10-15: hold
2017-05-08 16:13:36,198 - mylogger - INFO - -0.000625462
2017-05-08 16:13:36,198 - mylogger - INFO - 2014-10-16: hold
2017-05-08 16:13:36,628 - mylogger - INFO - -0.00114195
2017-05-08 16:13:36,628 - mylogger - INFO - 2014-10-17: hold
2017-05-08 16:13:36,961 - mylogger - INFO - 0.0042629
2017-05-08 16:13:36,961 - mylogger - INFO - 2014-10-20: hold
2017-05-08 16:13:37,288 - mylogger - INFO - 0.00239913
2017-05-08 16:13:37,288 - mylogger - INFO - 2014-10-21: hold
2017-05-08 16:13:37,710 - mylogger - INFO - 0.0168941
2017-05-08 16:13:37,711 - mylogger - INFO - 2014-10-22: buy
2017-05-08 16:13:37,711 - mylogger - INFO - 142837.150862
2017-05-08 16:13:38,044 - mylogger - INFO - 0.0012388
2017-05-08 16:13:38,044 - mylogger - INFO - 2014-10-23: hold
2017-05-08 16:13:38,366 - mylogger - INFO - 0.00164266
2017-05-08 16:13:38,366 - mylogger - INFO - 2014-10-24: hold
2017-05-08 16:13:38,694 - mylogger - INFO - -0.0177123
2017-05-08 16:13:38,696 - mylogger - INFO - 2014-10-27: sell
2017-05-08 16:13:39,123 - mylogger - INFO - 0.00183475
2017-05-08 16:13:39,124 - mylogger - INFO - 2014-10-28: hold
2017-05-08 16:13:39,453 - mylogger - INFO - 0.00706974
2017-05-08 16:13:39,454 - mylogger - INFO - 2014-10-29: buy
2017-05-08 16:13:39,454 - mylogger - INFO - 145463.505226
2017-05-08 16:13:39,786 - mylogger - INFO - -0.00669604
2017-05-08 16:13:39,787 - mylogger - INFO - 2014-10-30: sell
2017-05-08 16:13:40,219 - mylogger - INFO - 0.00444367
2017-05-08 16:13:40,219 - mylogger - INFO - 2014-10-31: hold
2017-05-08 16:13:40,556 - mylogger - INFO - 0.0130275
2017-05-08 16:13:40,557 - mylogger - INFO - 2014-11-03: buy
2017-05-08 16:13:40,557 - mylogger - INFO - 146824.294581
2017-05-08 16:13:40,890 - mylogger - INFO - 0.00467236
2017-05-08 16:13:40,890 - mylogger - INFO - 2014-11-04: hold
2017-05-08 16:13:41,332 - mylogger - INFO - 0.00670953
2017-05-08 16:13:41,334 - mylogger - INFO - 2014-11-05: buy
2017-05-08 16:13:41,334 - mylogger - INFO - 1109.61289974
2017-05-08 16:13:41,657 - mylogger - INFO - -0.00277946
2017-05-08 16:13:41,657 - mylogger - INFO - 2014-11-06: hold
2017-05-08 16:13:41,985 - mylogger - INFO - -0.00141848
2017-05-08 16:13:41,986 - mylogger - INFO - 2014-11-07: hold
2017-05-08 16:13:42,416 - mylogger - INFO - 0.0131234
2017-05-08 16:13:42,418 - mylogger - INFO - 2014-11-10: No cover!
2017-05-08 16:13:42,746 - mylogger - INFO - 0.00684622
2017-05-08 16:13:42,747 - mylogger - INFO - 2014-11-11: No cover!
2017-05-08 16:13:43,081 - mylogger - INFO - 0.0116217
2017-05-08 16:13:43,082 - mylogger - INFO - 2014-11-12: No cover!
2017-05-08 16:13:43,505 - mylogger - INFO - 0.0220348
2017-05-08 16:13:43,506 - mylogger - INFO - 2014-11-13: No cover!
2017-05-08 16:13:43,830 - mylogger - INFO - 0.00321731
2017-05-08 16:13:43,830 - mylogger - INFO - 2014-11-14: hold
2017-05-08 16:13:44,164 - mylogger - INFO - 0.00224221
2017-05-08 16:13:44,164 - mylogger - INFO - 2014-11-17: hold
2017-05-08 16:13:44,493 - mylogger - INFO - -0.00395855
2017-05-08 16:13:44,493 - mylogger - INFO - 2014-11-18: hold
2017-05-08 16:13:44,917 - mylogger - INFO - 0.0215584
2017-05-08 16:13:44,918 - mylogger - INFO - 2014-11-19: No cover!
2017-05-08 16:13:45,243 - mylogger - INFO - 0.0098798
2017-05-08 16:13:45,244 - mylogger - INFO - 2014-11-20: No cover!
2017-05-08 16:13:45,572 - mylogger - INFO - 0.00486922
2017-05-08 16:13:45,572 - mylogger - INFO - 2014-11-21: hold
2017-05-08 16:13:46,000 - mylogger - INFO - -0.00683825
2017-05-08 16:13:46,001 - mylogger - INFO - 2014-11-24: sell
2017-05-08 16:13:46,330 - mylogger - INFO - -0.00431225
2017-05-08 16:13:46,330 - mylogger - INFO - 2014-11-25: hold
2017-05-08 16:13:46,656 - mylogger - INFO - 0.0135493
2017-05-08 16:13:46,657 - mylogger - INFO - 2014-11-26: buy
2017-05-08 16:13:46,657 - mylogger - INFO - 171618.800973
2017-05-08 16:13:47,084 - mylogger - INFO - -0.00784543
2017-05-08 16:13:47,086 - mylogger - INFO - 2014-11-28: sell
2017-05-08 16:13:47,415 - mylogger - INFO - 0.00135946
2017-05-08 16:13:47,415 - mylogger - INFO - 2014-12-01: hold
2017-05-08 16:13:47,739 - mylogger - INFO - 0.00297029
2017-05-08 16:13:47,739 - mylogger - INFO - 2014-12-02: hold
2017-05-08 16:13:48,161 - mylogger - INFO - -0.00308327
2017-05-08 16:13:48,161 - mylogger - INFO - 2014-12-03: hold
2017-05-08 16:13:48,490 - mylogger - INFO - 0.0200559
2017-05-08 16:13:48,491 - mylogger - INFO - 2014-12-04: buy
2017-05-08 16:13:48,491 - mylogger - INFO - 166032.689395
2017-05-08 16:13:48,816 - mylogger - INFO - 0.00630965
2017-05-08 16:13:48,817 - mylogger - INFO - 2014-12-05: buy
2017-05-08 16:13:48,818 - mylogger - INFO - 708.969484223
2017-05-08 16:13:49,150 - mylogger - INFO - -0.00228753
2017-05-08 16:13:49,150 - mylogger - INFO - 2014-12-08: hold
2017-05-08 16:13:49,579 - mylogger - INFO - -0.00315305
2017-05-08 16:13:49,580 - mylogger - INFO - 2014-12-09: hold
2017-05-08 16:13:49,909 - mylogger - INFO - -0.000340472
2017-05-08 16:13:49,909 - mylogger - INFO - 2014-12-10: hold
2017-05-08 16:13:50,234 - mylogger - INFO - 0.00337467
2017-05-08 16:13:50,234 - mylogger - INFO - 2014-12-11: hold
2017-05-08 16:13:50,661 - mylogger - INFO - 0.00918457
2017-05-08 16:13:50,662 - mylogger - INFO - 2014-12-12: No cover!
2017-05-08 16:13:50,992 - mylogger - INFO - 0.0154659
2017-05-08 16:13:50,993 - mylogger - INFO - 2014-12-15: No cover!
2017-05-08 16:13:51,318 - mylogger - INFO - 0.00660063
2017-05-08 16:13:51,319 - mylogger - INFO - 2014-12-16: No cover!
2017-05-08 16:13:51,736 - mylogger - INFO - -0.00333044
2017-05-08 16:13:51,737 - mylogger - INFO - 2014-12-17: hold
2017-05-08 16:13:52,070 - mylogger - INFO - -0.00973063
2017-05-08 16:13:52,071 - mylogger - INFO - 2014-12-18: sell
2017-05-08 16:13:52,396 - mylogger - INFO - -0.0150472
2017-05-08 16:13:52,396 - mylogger - INFO - 2014-12-19: No short!
2017-05-08 16:13:52,823 - mylogger - INFO - 0.019869
2017-05-08 16:13:52,824 - mylogger - INFO - 2014-12-22: buy
2017-05-08 16:13:52,824 - mylogger - INFO - 160464.002632
2017-05-08 16:13:53,151 - mylogger - INFO - 0.0202602
2017-05-08 16:13:53,152 - mylogger - INFO - 2014-12-23: buy
2017-05-08 16:13:53,152 - mylogger - INFO - 616.686848998
2017-05-08 16:13:53,479 - mylogger - INFO - -0.00500523
2017-05-08 16:13:53,480 - mylogger - INFO - 2014-12-24: sell
2017-05-08 16:13:53,810 - mylogger - INFO - 0.00683969
2017-05-08 16:13:53,811 - mylogger - INFO - 2014-12-26: buy
2017-05-08 16:13:53,811 - mylogger - INFO - 165300.40277
2017-05-08 16:13:54,236 - mylogger - INFO - 0.0162937
2017-05-08 16:13:54,237 - mylogger - INFO - 2014-12-29: buy
2017-05-08 16:13:54,237 - mylogger - INFO - 125.272205957
2017-05-08 16:13:54,566 - mylogger - INFO - 0.0114749
2017-05-08 16:13:54,566 - mylogger - INFO - 2014-12-30: No cover!
2017-05-08 16:13:54,894 - mylogger - INFO - 0.00102218
2017-05-08 16:13:54,894 - mylogger - INFO - 2014-12-31: hold
2017-05-08 16:13:55,333 - mylogger - INFO - 0.00758364
2017-05-08 16:13:55,334 - mylogger - INFO - 2015-01-02: No cover!
2017-05-08 16:13:55,651 - mylogger - INFO - 0.0178067
2017-05-08 16:13:55,652 - mylogger - INFO - 2015-01-05: No cover!
2017-05-08 16:13:55,970 - mylogger - INFO - -4.70815e-05
2017-05-08 16:13:55,971 - mylogger - INFO - 2015-01-06: hold
2017-05-08 16:13:56,381 - mylogger - INFO - -0.0128946
2017-05-08 16:13:56,382 - mylogger - INFO - 2015-01-07: sell
2017-05-08 16:13:56,717 - mylogger - INFO - 0.00524877
2017-05-08 16:13:56,718 - mylogger - INFO - 2015-01-08: buy
2017-05-08 16:13:56,718 - mylogger - INFO - 161411.99576
2017-05-08 16:13:57,047 - mylogger - INFO - -0.00530668
2017-05-08 16:13:57,048 - mylogger - INFO - 2015-01-09: sell
2017-05-08 16:13:57,472 - mylogger - INFO - -0.00501192
2017-05-08 16:13:57,472 - mylogger - INFO - 2015-01-12: No short!
2017-05-08 16:13:57,821 - mylogger - INFO - 0.00141283
2017-05-08 16:13:57,821 - mylogger - INFO - 2015-01-13: hold
2017-05-08 16:13:58,149 - mylogger - INFO - 0.00615047
2017-05-08 16:13:58,150 - mylogger - INFO - 2015-01-14: buy
2017-05-08 16:13:58,150 - mylogger - INFO - 157408.686293
2017-05-08 16:13:58,483 - mylogger - INFO - 0.00666608
2017-05-08 16:13:58,484 - mylogger - INFO - 2015-01-15: buy
2017-05-08 16:13:58,484 - mylogger - INFO - 4355.25705178
2017-05-08 16:13:58,900 - mylogger - INFO - 0.0172155
2017-05-08 16:13:58,901 - mylogger - INFO - 2015-01-16: No cover!
2017-05-08 16:13:59,230 - mylogger - INFO - -0.0140177
2017-05-08 16:13:59,231 - mylogger - INFO - 2015-01-20: sell
2017-05-08 16:13:59,562 - mylogger - INFO - 0.0069893
2017-05-08 16:13:59,563 - mylogger - INFO - 2015-01-21: buy
2017-05-08 16:13:59,563 - mylogger - INFO - 166518.137238
2017-05-08 16:13:59,987 - mylogger - INFO - 0.00689165
2017-05-08 16:13:59,988 - mylogger - INFO - 2015-01-22: No cover!
2017-05-08 16:14:00,318 - mylogger - INFO - -0.00661692
2017-05-08 16:14:00,319 - mylogger - INFO - 2015-01-23: sell
2017-05-08 16:14:00,652 - mylogger - INFO - 0.00927318
2017-05-08 16:14:00,652 - mylogger - INFO - 2015-01-26: buy
2017-05-08 16:14:00,653 - mylogger - INFO - 167558.23003
2017-05-08 16:14:01,077 - mylogger - INFO - 0.0119348
2017-05-08 16:14:01,078 - mylogger - INFO - 2015-01-27: buy
2017-05-08 16:14:01,079 - mylogger - INFO - 5954.39704752
2017-05-08 16:14:01,409 - mylogger - INFO - 0.0100461
2017-05-08 16:14:01,410 - mylogger - INFO - 2015-01-28: No cover!
2017-05-08 16:14:01,740 - mylogger - INFO - 0.0141453
2017-05-08 16:14:01,740 - mylogger - INFO - 2015-01-29: No cover!
2017-05-08 16:14:02,171 - mylogger - INFO - 0.00737631
2017-05-08 16:14:02,172 - mylogger - INFO - 2015-01-30: No cover!
2017-05-08 16:14:02,504 - mylogger - INFO - 0.0126549
2017-05-08 16:14:02,505 - mylogger - INFO - 2015-02-02: No cover!
2017-05-08 16:14:02,845 - mylogger - INFO - 0.0200702
2017-05-08 16:14:02,846 - mylogger - INFO - 2015-02-03: No cover!
2017-05-08 16:14:03,212 - mylogger - INFO - 0.011407
2017-05-08 16:14:03,213 - mylogger - INFO - 2015-02-04: No cover!
2017-05-08 16:14:03,632 - mylogger - INFO - 0.00920574
2017-05-08 16:14:03,633 - mylogger - INFO - 2015-02-05: No cover!
2017-05-08 16:14:03,965 - mylogger - INFO - 0.0230666
2017-05-08 16:14:03,966 - mylogger - INFO - 2015-02-06: No cover!
2017-05-08 16:14:04,299 - mylogger - INFO - 0.0235889
2017-05-08 16:14:04,300 - mylogger - INFO - 2015-02-09: No cover!
2017-05-08 16:14:04,731 - mylogger - INFO - 0.0280799
2017-05-08 16:14:04,732 - mylogger - INFO - 2015-02-10: No cover!
2017-05-08 16:14:05,061 - mylogger - INFO - 0.0151536
2017-05-08 16:14:05,062 - mylogger - INFO - 2015-02-11: No cover!
2017-05-08 16:14:05,390 - mylogger - INFO - 0.0116823
2017-05-08 16:14:05,391 - mylogger - INFO - 2015-02-12: No cover!
2017-05-08 16:14:05,829 - mylogger - INFO - -0.00141034
2017-05-08 16:14:05,829 - mylogger - INFO - 2015-02-13: hold
2017-05-08 16:14:06,149 - mylogger - INFO - 0.0118518
2017-05-08 16:14:06,150 - mylogger - INFO - 2015-02-17: No cover!
2017-05-08 16:14:06,471 - mylogger - INFO - -0.00184779
2017-05-08 16:14:06,472 - mylogger - INFO - 2015-02-18: hold
2017-05-08 16:14:06,879 - mylogger - INFO - -0.00880799
2017-05-08 16:14:06,880 - mylogger - INFO - 2015-02-19: sell
2017-05-08 16:14:07,212 - mylogger - INFO - 0.00484166
2017-05-08 16:14:07,212 - mylogger - INFO - 2015-02-20: hold
2017-05-08 16:14:07,542 - mylogger - INFO - -0.00165372
2017-05-08 16:14:07,542 - mylogger - INFO - 2015-02-23: hold
2017-05-08 16:14:07,870 - mylogger - INFO - 0.00014939
2017-05-08 16:14:07,870 - mylogger - INFO - 2015-02-24: hold
2017-05-08 16:14:08,284 - mylogger - INFO - -0.00515084
2017-05-08 16:14:08,284 - mylogger - INFO - 2015-02-25: No short!
2017-05-08 16:14:08,601 - mylogger - INFO - 0.0118574
2017-05-08 16:14:08,602 - mylogger - INFO - 2015-02-26: buy
2017-05-08 16:14:08,602 - mylogger - INFO - 220967.436819
2017-05-08 16:14:08,925 - mylogger - INFO - 0.0154576
2017-05-08 16:14:08,926 - mylogger - INFO - 2015-02-27: buy
2017-05-08 16:14:08,926 - mylogger - INFO - 3327.86270771
2017-05-08 16:14:09,337 - mylogger - INFO - 0.00972349
2017-05-08 16:14:09,338 - mylogger - INFO - 2015-03-02: No cover!
2017-05-08 16:14:09,651 - mylogger - INFO - -0.00317279
2017-05-08 16:14:09,651 - mylogger - INFO - 2015-03-03: hold
2017-05-08 16:14:09,977 - mylogger - INFO - 0.0160207
2017-05-08 16:14:09,978 - mylogger - INFO - 2015-03-04: No cover!
2017-05-08 16:14:10,390 - mylogger - INFO - 0.00269501
2017-05-08 16:14:10,390 - mylogger - INFO - 2015-03-05: hold
2017-05-08 16:14:10,736 - mylogger - INFO - 0.000610287
2017-05-08 16:14:10,736 - mylogger - INFO - 2015-03-06: hold
2017-05-08 16:14:11,053 - mylogger - INFO - 0.0159402
2017-05-08 16:14:11,053 - mylogger - INFO - 2015-03-09: No cover!
2017-05-08 16:14:11,467 - mylogger - INFO - 0.00207987
2017-05-08 16:14:11,467 - mylogger - INFO - 2015-03-10: hold
2017-05-08 16:14:11,799 - mylogger - INFO - 0.0159694
2017-05-08 16:14:11,800 - mylogger - INFO - 2015-03-11: No cover!
2017-05-08 16:14:12,136 - mylogger - INFO - 0.022304
2017-05-08 16:14:12,137 - mylogger - INFO - 2015-03-12: No cover!
2017-05-08 16:14:12,470 - mylogger - INFO - 0.00825211
2017-05-08 16:14:12,471 - mylogger - INFO - 2015-03-13: No cover!
2017-05-08 16:14:12,890 - mylogger - INFO - 0.0137555
2017-05-08 16:14:12,891 - mylogger - INFO - 2015-03-16: No cover!
2017-05-08 16:14:13,244 - mylogger - INFO - 0.0220152
2017-05-08 16:14:13,245 - mylogger - INFO - 2015-03-17: No cover!
2017-05-08 16:14:13,566 - mylogger - INFO - 0.0246224
2017-05-08 16:14:13,567 - mylogger - INFO - 2015-03-18: No cover!
2017-05-08 16:14:13,993 - mylogger - INFO - 0.0115169
2017-05-08 16:14:13,994 - mylogger - INFO - 2015-03-19: No cover!
2017-05-08 16:14:14,323 - mylogger - INFO - 0.0107916
2017-05-08 16:14:14,324 - mylogger - INFO - 2015-03-20: No cover!
2017-05-08 16:14:14,659 - mylogger - INFO - 0.010943
2017-05-08 16:14:14,660 - mylogger - INFO - 2015-03-23: No cover!
2017-05-08 16:14:15,090 - mylogger - INFO - 0.0143936
2017-05-08 16:14:15,091 - mylogger - INFO - 2015-03-24: No cover!
2017-05-08 16:14:15,418 - mylogger - INFO - 0.00280211
2017-05-08 16:14:15,418 - mylogger - INFO - 2015-03-25: hold
2017-05-08 16:14:15,745 - mylogger - INFO - -0.00469294
2017-05-08 16:14:15,745 - mylogger - INFO - 2015-03-26: hold
2017-05-08 16:14:16,174 - mylogger - INFO - -0.0101428
2017-05-08 16:14:16,175 - mylogger - INFO - 2015-03-27: sell
2017-05-08 16:14:16,505 - mylogger - INFO - 0.00708469
2017-05-08 16:14:16,506 - mylogger - INFO - 2015-03-30: buy
2017-05-08 16:14:16,506 - mylogger - INFO - 212697.489204
2017-05-08 16:14:16,826 - mylogger - INFO - 0.00560188
2017-05-08 16:14:16,827 - mylogger - INFO - 2015-03-31: buy
2017-05-08 16:14:16,828 - mylogger - INFO - 3320.94416782
2017-05-08 16:14:17,157 - mylogger - INFO - 0.0111537
2017-05-08 16:14:17,158 - mylogger - INFO - 2015-04-01: No cover!
2017-05-08 16:14:17,584 - mylogger - INFO - 0.00984461
2017-05-08 16:14:17,585 - mylogger - INFO - 2015-04-02: No cover!
2017-05-08 16:14:17,921 - mylogger - INFO - -0.00629973
2017-05-08 16:14:17,922 - mylogger - INFO - 2015-04-06: sell
2017-05-08 16:14:18,251 - mylogger - INFO - -0.000804188
2017-05-08 16:14:18,252 - mylogger - INFO - 2015-04-07: hold
2017-05-08 16:14:18,674 - mylogger - INFO - 0.00810261
2017-05-08 16:14:18,675 - mylogger - INFO - 2015-04-08: buy
2017-05-08 16:14:18,676 - mylogger - INFO - 218310.097013
2017-05-08 16:14:19,015 - mylogger - INFO - 0.0075184
2017-05-08 16:14:19,016 - mylogger - INFO - 2015-04-09: No cover!
2017-05-08 16:14:19,343 - mylogger - INFO - 0.00726554
2017-05-08 16:14:19,344 - mylogger - INFO - 2015-04-10: No cover!
2017-05-08 16:14:19,766 - mylogger - INFO - -0.00450076
2017-05-08 16:14:19,766 - mylogger - INFO - 2015-04-13: hold
2017-05-08 16:14:20,095 - mylogger - INFO - 0.00486258
2017-05-08 16:14:20,095 - mylogger - INFO - 2015-04-14: hold
2017-05-08 16:14:20,424 - mylogger - INFO - -0.000801892
2017-05-08 16:14:20,424 - mylogger - INFO - 2015-04-15: hold
2017-05-08 16:14:20,847 - mylogger - INFO - 0.0174181
2017-05-08 16:14:20,848 - mylogger - INFO - 2015-04-16: No cover!
2017-05-08 16:14:21,179 - mylogger - INFO - 0.0190633
2017-05-08 16:14:21,180 - mylogger - INFO - 2015-04-17: No cover!
2017-05-08 16:14:21,507 - mylogger - INFO - 0.0251152
2017-05-08 16:14:21,508 - mylogger - INFO - 2015-04-20: No cover!
2017-05-08 16:14:21,930 - mylogger - INFO - 0.0112044
2017-05-08 16:14:21,931 - mylogger - INFO - 2015-04-21: No cover!
2017-05-08 16:14:22,256 - mylogger - INFO - 0.016199
2017-05-08 16:14:22,256 - mylogger - INFO - 2015-04-22: No cover!
2017-05-08 16:14:22,595 - mylogger - INFO - 0.0225077
2017-05-08 16:14:22,596 - mylogger - INFO - 2015-04-23: No cover!
2017-05-08 16:14:22,925 - mylogger - INFO - 0.0240137
2017-05-08 16:14:22,926 - mylogger - INFO - 2015-04-24: No cover!
2017-05-08 16:14:23,348 - mylogger - INFO - 0.0248846
2017-05-08 16:14:23,349 - mylogger - INFO - 2015-04-27: No cover!
2017-05-08 16:14:23,663 - mylogger - INFO - 0.0245381
2017-05-08 16:14:23,664 - mylogger - INFO - 2015-04-28: No cover!
2017-05-08 16:14:23,989 - mylogger - INFO - 0.0086876
2017-05-08 16:14:23,990 - mylogger - INFO - 2015-04-29: No cover!
2017-05-08 16:14:24,414 - mylogger - INFO - -0.0115811
2017-05-08 16:14:24,415 - mylogger - INFO - 2015-04-30: sell
2017-05-08 16:14:24,746 - mylogger - INFO - 0.00636052
2017-05-08 16:14:24,747 - mylogger - INFO - 2015-05-01: buy
2017-05-08 16:14:24,747 - mylogger - INFO - 222435.338784
2017-05-08 16:14:25,081 - mylogger - INFO - 0.0128851
2017-05-08 16:14:25,082 - mylogger - INFO - 2015-05-04: buy
2017-05-08 16:14:25,082 - mylogger - INFO - 429.216548674
2017-05-08 16:14:25,512 - mylogger - INFO - 0.00435571
2017-05-08 16:14:25,512 - mylogger - INFO - 2015-05-05: hold
2017-05-08 16:14:25,837 - mylogger - INFO - 0.00665498
2017-05-08 16:14:25,838 - mylogger - INFO - 2015-05-06: No cover!
2017-05-08 16:14:26,166 - mylogger - INFO - 0.00731204
2017-05-08 16:14:26,167 - mylogger - INFO - 2015-05-07: No cover!
2017-05-08 16:14:26,608 - mylogger - INFO - 0.00112285
2017-05-08 16:14:26,608 - mylogger - INFO - 2015-05-08: hold
2017-05-08 16:14:26,956 - mylogger - INFO - 0.00394981
2017-05-08 16:14:26,956 - mylogger - INFO - 2015-05-11: hold
2017-05-08 16:14:27,293 - mylogger - INFO - 0.0122954
2017-05-08 16:14:27,294 - mylogger - INFO - 2015-05-12: No cover!
2017-05-08 16:14:27,627 - mylogger - INFO - 0.0102755
2017-05-08 16:14:27,628 - mylogger - INFO - 2015-05-13: No cover!
2017-05-08 16:14:28,083 - mylogger - INFO - 0.00219654
2017-05-08 16:14:28,083 - mylogger - INFO - 2015-05-14: hold
2017-05-08 16:14:28,416 - mylogger - INFO - 0.0195145
2017-05-08 16:14:28,417 - mylogger - INFO - 2015-05-15: No cover!
2017-05-08 16:14:28,738 - mylogger - INFO - 0.00534444
2017-05-08 16:14:28,739 - mylogger - INFO - 2015-05-18: No cover!
2017-05-08 16:14:29,169 - mylogger - INFO - 0.00283001
2017-05-08 16:14:29,169 - mylogger - INFO - 2015-05-19: hold
2017-05-08 16:14:29,496 - mylogger - INFO - 0.00570865
2017-05-08 16:14:29,497 - mylogger - INFO - 2015-05-20: No cover!
2017-05-08 16:14:29,819 - mylogger - INFO - 0.0182397
2017-05-08 16:14:29,819 - mylogger - INFO - 2015-05-21: No cover!
2017-05-08 16:14:30,246 - mylogger - INFO - 0.0142924
2017-05-08 16:14:30,246 - mylogger - INFO - 2015-05-22: No cover!
2017-05-08 16:14:30,580 - mylogger - INFO - 0.0121379
2017-05-08 16:14:30,580 - mylogger - INFO - 2015-05-26: No cover!
2017-05-08 16:14:30,903 - mylogger - INFO - 0.000489834
2017-05-08 16:14:30,904 - mylogger - INFO - 2015-05-27: hold
2017-05-08 16:14:31,336 - mylogger - INFO - 0.000366659
2017-05-08 16:14:31,336 - mylogger - INFO - 2015-05-28: hold
2017-05-08 16:14:31,658 - mylogger - INFO - 0.00834107
2017-05-08 16:14:31,659 - mylogger - INFO - 2015-05-29: No cover!
2017-05-08 16:14:31,995 - mylogger - INFO - 0.0147488
2017-05-08 16:14:31,996 - mylogger - INFO - 2015-06-01: No cover!
2017-05-08 16:14:32,319 - mylogger - INFO - -0.00135041
2017-05-08 16:14:32,319 - mylogger - INFO - 2015-06-02: hold
2017-05-08 16:14:32,748 - mylogger - INFO - -0.0006754
2017-05-08 16:14:32,748 - mylogger - INFO - 2015-06-03: hold
2017-05-08 16:14:33,100 - mylogger - INFO - 0.0149779
2017-05-08 16:14:33,101 - mylogger - INFO - 2015-06-04: No cover!
2017-05-08 16:14:33,430 - mylogger - INFO - 0.00300868
2017-05-08 16:14:33,430 - mylogger - INFO - 2015-06-05: hold
2017-05-08 16:14:33,851 - mylogger - INFO - 0.0141919
2017-05-08 16:14:33,852 - mylogger - INFO - 2015-06-08: No cover!
2017-05-08 16:14:34,179 - mylogger - INFO - 0.00914813
2017-05-08 16:14:34,180 - mylogger - INFO - 2015-06-09: No cover!
2017-05-08 16:14:34,504 - mylogger - INFO - 0.00988035
2017-05-08 16:14:34,505 - mylogger - INFO - 2015-06-10: No cover!
2017-05-08 16:14:34,937 - mylogger - INFO - 0.0117225
2017-05-08 16:14:34,937 - mylogger - INFO - 2015-06-11: No cover!
2017-05-08 16:14:35,260 - mylogger - INFO - 0.0116328
2017-05-08 16:14:35,261 - mylogger - INFO - 2015-06-12: No cover!
2017-05-08 16:14:35,587 - mylogger - INFO - 0.00560997
2017-05-08 16:14:35,588 - mylogger - INFO - 2015-06-15: No cover!
2017-05-08 16:14:36,012 - mylogger - INFO - 0.0126683
2017-05-08 16:14:36,013 - mylogger - INFO - 2015-06-16: No cover!
2017-05-08 16:14:36,341 - mylogger - INFO - 0.0179903
2017-05-08 16:14:36,342 - mylogger - INFO - 2015-06-17: No cover!
2017-05-08 16:14:36,667 - mylogger - INFO - 0.00352169
2017-05-08 16:14:36,667 - mylogger - INFO - 2015-06-18: hold
2017-05-08 16:14:36,998 - mylogger - INFO - -0.000206679
2017-05-08 16:14:36,998 - mylogger - INFO - 2015-06-19: hold
2017-05-08 16:14:37,422 - mylogger - INFO - 0.00704029
2017-05-08 16:14:37,423 - mylogger - INFO - 2015-06-22: No cover!
2017-05-08 16:14:37,737 - mylogger - INFO - -0.00186441
2017-05-08 16:14:37,737 - mylogger - INFO - 2015-06-23: hold
2017-05-08 16:14:38,058 - mylogger - INFO - 0.00985015
2017-05-08 16:14:38,059 - mylogger - INFO - 2015-06-24: No cover!
2017-05-08 16:14:38,474 - mylogger - INFO - 0.00993717
2017-05-08 16:14:38,475 - mylogger - INFO - 2015-06-25: No cover!
2017-05-08 16:14:38,808 - mylogger - INFO - 0.000362818
2017-05-08 16:14:38,809 - mylogger - INFO - 2015-06-26: hold
2017-05-08 16:14:39,134 - mylogger - INFO - -0.0139376
2017-05-08 16:14:39,135 - mylogger - INFO - 2015-06-29: sell
2017-05-08 16:14:39,565 - mylogger - INFO - -0.000904958
2017-05-08 16:14:39,565 - mylogger - INFO - 2015-06-30: hold
2017-05-08 16:14:39,889 - mylogger - INFO - -0.00328044
2017-05-08 16:14:39,889 - mylogger - INFO - 2015-07-01: hold
2017-05-08 16:14:40,229 - mylogger - INFO - -0.0192404
2017-05-08 16:14:40,230 - mylogger - INFO - 2015-07-02: No short!
2017-05-08 16:14:40,648 - mylogger - INFO - -0.0257782
2017-05-08 16:14:40,648 - mylogger - INFO - 2015-07-06: No short!
2017-05-08 16:14:40,981 - mylogger - INFO - -0.0130563
2017-05-08 16:14:40,981 - mylogger - INFO - 2015-07-07: No short!
2017-05-08 16:14:41,312 - mylogger - INFO - -0.00633595
2017-05-08 16:14:41,313 - mylogger - INFO - 2015-07-08: No short!
2017-05-08 16:14:41,634 - mylogger - INFO - -0.000225058
2017-05-08 16:14:41,634 - mylogger - INFO - 2015-07-09: hold
2017-05-08 16:14:42,065 - mylogger - INFO - 0.00342424
2017-05-08 16:14:42,065 - mylogger - INFO - 2015-07-10: hold
2017-05-08 16:14:42,393 - mylogger - INFO - 0.00698845
2017-05-08 16:14:42,394 - mylogger - INFO - 2015-07-13: buy
2017-05-08 16:14:42,394 - mylogger - INFO - 217910.781472
2017-05-08 16:14:42,737 - mylogger - INFO - 0.0162835
2017-05-08 16:14:42,738 - mylogger - INFO - 2015-07-14: buy
2017-05-08 16:14:42,738 - mylogger - INFO - 86.962402305
2017-05-08 16:14:43,153 - mylogger - INFO - -0.00249735
2017-05-08 16:14:43,153 - mylogger - INFO - 2015-07-15: hold
2017-05-08 16:14:43,475 - mylogger - INFO - 0.000390838
2017-05-08 16:14:43,475 - mylogger - INFO - 2015-07-16: hold
2017-05-08 16:14:43,788 - mylogger - INFO - -0.00762114
2017-05-08 16:14:43,790 - mylogger - INFO - 2015-07-17: sell
2017-05-08 16:14:44,219 - mylogger - INFO - -0.00271876
2017-05-08 16:14:44,219 - mylogger - INFO - 2015-07-20: hold
2017-05-08 16:14:44,546 - mylogger - INFO - 0.0131857
2017-05-08 16:14:44,547 - mylogger - INFO - 2015-07-21: buy
2017-05-08 16:14:44,547 - mylogger - INFO - 238162.308345
2017-05-08 16:14:44,875 - mylogger - INFO - 0.00695483
2017-05-08 16:14:44,876 - mylogger - INFO - 2015-07-22: buy
2017-05-08 16:14:44,876 - mylogger - INFO - 10133.1981652
2017-05-08 16:14:45,306 - mylogger - INFO - 0.0197411
2017-05-08 16:14:45,307 - mylogger - INFO - 2015-07-23: No cover!
2017-05-08 16:14:45,639 - mylogger - INFO - 0.0018616
2017-05-08 16:14:45,639 - mylogger - INFO - 2015-07-24: hold
2017-05-08 16:14:45,974 - mylogger - INFO - -0.0052609
2017-05-08 16:14:45,975 - mylogger - INFO - 2015-07-27: sell
2017-05-08 16:14:46,308 - mylogger - INFO - 0.00708472
2017-05-08 16:14:46,309 - mylogger - INFO - 2015-07-28: buy
2017-05-08 16:14:46,309 - mylogger - INFO - 231370.110333
2017-05-08 16:14:46,727 - mylogger - INFO - 0.00536688
2017-05-08 16:14:46,729 - mylogger - INFO - 2015-07-29: buy
2017-05-08 16:14:46,729 - mylogger - INFO - 751.469665437
2017-05-08 16:14:47,059 - mylogger - INFO - 0.0101112
2017-05-08 16:14:47,060 - mylogger - INFO - 2015-07-30: No cover!
2017-05-08 16:14:47,381 - mylogger - INFO - 0.0237326
2017-05-08 16:14:47,382 - mylogger - INFO - 2015-07-31: No cover!
2017-05-08 16:14:47,805 - mylogger - INFO - 0.0111016
2017-05-08 16:14:47,805 - mylogger - INFO - 2015-08-03: No cover!
2017-05-08 16:14:48,142 - mylogger - INFO - 0.0162437
2017-05-08 16:14:48,143 - mylogger - INFO - 2015-08-04: No cover!
2017-05-08 16:14:48,489 - mylogger - INFO - 0.0150146
2017-05-08 16:14:48,490 - mylogger - INFO - 2015-08-05: No cover!
2017-05-08 16:14:48,946 - mylogger - INFO - 0.00689154
2017-05-08 16:14:48,946 - mylogger - INFO - 2015-08-06: No cover!
2017-05-08 16:14:49,277 - mylogger - INFO - -0.00206394
2017-05-08 16:14:49,277 - mylogger - INFO - 2015-08-07: hold
2017-05-08 16:14:49,609 - mylogger - INFO - 0.00494504
2017-05-08 16:14:49,609 - mylogger - INFO - 2015-08-10: hold
2017-05-08 16:14:50,047 - mylogger - INFO - 0.00340208
2017-05-08 16:14:50,047 - mylogger - INFO - 2015-08-11: hold
2017-05-08 16:14:50,368 - mylogger - INFO - 0.0136792
2017-05-08 16:14:50,369 - mylogger - INFO - 2015-08-12: No cover!
2017-05-08 16:14:50,702 - mylogger - INFO - 0.00410375
2017-05-08 16:14:50,702 - mylogger - INFO - 2015-08-13: hold
2017-05-08 16:14:51,031 - mylogger - INFO - 0.00581813
2017-05-08 16:14:51,032 - mylogger - INFO - 2015-08-14: No cover!
2017-05-08 16:14:51,461 - mylogger - INFO - 0.000712533
2017-05-08 16:14:51,461 - mylogger - INFO - 2015-08-17: hold
2017-05-08 16:14:51,777 - mylogger - INFO - 0.010553
2017-05-08 16:14:51,778 - mylogger - INFO - 2015-08-18: No cover!
2017-05-08 16:14:52,095 - mylogger - INFO - -0.00234685
2017-05-08 16:14:52,095 - mylogger - INFO - 2015-08-19: hold
2017-05-08 16:14:52,512 - mylogger - INFO - -0.0138749
2017-05-08 16:14:52,513 - mylogger - INFO - 2015-08-20: sell
2017-05-08 16:14:52,858 - mylogger - INFO - -0.0080633
2017-05-08 16:14:52,859 - mylogger - INFO - 2015-08-21: No short!
2017-05-08 16:14:53,196 - mylogger - INFO - -0.00655981
2017-05-08 16:14:53,197 - mylogger - INFO - 2015-08-24: No short!
2017-05-08 16:14:53,613 - mylogger - INFO - 0.000377946
2017-05-08 16:14:53,613 - mylogger - INFO - 2015-08-25: hold
2017-05-08 16:14:53,943 - mylogger - INFO - -0.0052213
2017-05-08 16:14:53,944 - mylogger - INFO - 2015-08-26: No short!
2017-05-08 16:14:54,270 - mylogger - INFO - 0.00253938
2017-05-08 16:14:54,271 - mylogger - INFO - 2015-08-27: hold
2017-05-08 16:14:54,700 - mylogger - INFO - 0.00966401
2017-05-08 16:14:54,701 - mylogger - INFO - 2015-08-28: buy
2017-05-08 16:14:54,701 - mylogger - INFO - 169564.079118
2017-05-08 16:14:55,030 - mylogger - INFO - 0.0216949
2017-05-08 16:14:55,031 - mylogger - INFO - 2015-08-31: buy
2017-05-08 16:14:55,032 - mylogger - INFO - 807.735249808
2017-05-08 16:14:55,354 - mylogger - INFO - -7.44197e-05
2017-05-08 16:14:55,354 - mylogger - INFO - 2015-09-01: hold
2017-05-08 16:14:55,679 - mylogger - INFO - 0.000355755
2017-05-08 16:14:55,679 - mylogger - INFO - 2015-09-02: hold
2017-05-08 16:14:56,108 - mylogger - INFO - 0.00355915
2017-05-08 16:14:56,109 - mylogger - INFO - 2015-09-03: hold
2017-05-08 16:14:56,430 - mylogger - INFO - 0.0168614
2017-05-08 16:14:56,431 - mylogger - INFO - 2015-09-04: No cover!
2017-05-08 16:14:56,756 - mylogger - INFO - 0.0163806
2017-05-08 16:14:56,757 - mylogger - INFO - 2015-09-08: No cover!
2017-05-08 16:14:57,178 - mylogger - INFO - 0.00641979
2017-05-08 16:14:57,179 - mylogger - INFO - 2015-09-09: No cover!
2017-05-08 16:14:57,510 - mylogger - INFO - 0.00742542
2017-05-08 16:14:57,510 - mylogger - INFO - 2015-09-10: No cover!
2017-05-08 16:14:57,829 - mylogger - INFO - -0.00767054
2017-05-08 16:14:57,830 - mylogger - INFO - 2015-09-11: sell
2017-05-08 16:14:58,257 - mylogger - INFO - 0.00961755
2017-05-08 16:14:58,258 - mylogger - INFO - 2015-09-14: buy
2017-05-08 16:14:58,258 - mylogger - INFO - 184743.659471
2017-05-08 16:14:58,590 - mylogger - INFO - 0.00546208
2017-05-08 16:14:58,591 - mylogger - INFO - 2015-09-15: No cover!
2017-05-08 16:14:58,918 - mylogger - INFO - 0.0058058
2017-05-08 16:14:58,918 - mylogger - INFO - 2015-09-16: No cover!
2017-05-08 16:14:59,349 - mylogger - INFO - -0.00820243
2017-05-08 16:14:59,351 - mylogger - INFO - 2015-09-17: sell
2017-05-08 16:14:59,679 - mylogger - INFO - 0.00313045
2017-05-08 16:14:59,679 - mylogger - INFO - 2015-09-18: hold
2017-05-08 16:15:00,013 - mylogger - INFO - 0.0064766
2017-05-08 16:15:00,013 - mylogger - INFO - 2015-09-21: buy
2017-05-08 16:15:00,014 - mylogger - INFO - 180187.383178
2017-05-08 16:15:00,335 - mylogger - INFO - -0.0111018
2017-05-08 16:15:00,337 - mylogger - INFO - 2015-09-22: sell
2017-05-08 16:15:00,757 - mylogger - INFO - 0.00679375
2017-05-08 16:15:00,758 - mylogger - INFO - 2015-09-23: buy
2017-05-08 16:15:00,758 - mylogger - INFO - 181601.542364
2017-05-08 16:15:01,096 - mylogger - INFO - 0.01127
2017-05-08 16:15:01,096 - mylogger - INFO - 2015-09-24: No cover!
2017-05-08 16:15:01,424 - mylogger - INFO - -0.00844621
2017-05-08 16:15:01,425 - mylogger - INFO - 2015-09-25: sell
2017-05-08 16:15:01,845 - mylogger - INFO - 0.00955025
2017-05-08 16:15:01,846 - mylogger - INFO - 2015-09-28: buy
2017-05-08 16:15:01,846 - mylogger - INFO - 177512.57661
2017-05-08 16:15:02,169 - mylogger - INFO - -0.000701487
2017-05-08 16:15:02,169 - mylogger - INFO - 2015-09-29: hold
2017-05-08 16:15:02,500 - mylogger - INFO - 0.0186116
2017-05-08 16:15:02,501 - mylogger - INFO - 2015-09-30: buy
2017-05-08 16:15:02,502 - mylogger - INFO - 5407.7096091
2017-05-08 16:15:02,924 - mylogger - INFO - 0.00699867
2017-05-08 16:15:02,925 - mylogger - INFO - 2015-10-01: No cover!
2017-05-08 16:15:03,265 - mylogger - INFO - -0.00561601
2017-05-08 16:15:03,266 - mylogger - INFO - 2015-10-02: sell
2017-05-08 16:15:03,597 - mylogger - INFO - 0.00508276
2017-05-08 16:15:03,598 - mylogger - INFO - 2015-10-05: buy
2017-05-08 16:15:03,598 - mylogger - INFO - 182128.85893
2017-05-08 16:15:04,024 - mylogger - INFO - 0.0111171
2017-05-08 16:15:04,025 - mylogger - INFO - 2015-10-06: No cover!
2017-05-08 16:15:04,347 - mylogger - INFO - 0.0176452
2017-05-08 16:15:04,348 - mylogger - INFO - 2015-10-07: No cover!
2017-05-08 16:15:04,672 - mylogger - INFO - 0.0110228
2017-05-08 16:15:04,673 - mylogger - INFO - 2015-10-08: No cover!
2017-05-08 16:15:04,999 - mylogger - INFO - -0.0132362
2017-05-08 16:15:05,000 - mylogger - INFO - 2015-10-09: sell
2017-05-08 16:15:05,421 - mylogger - INFO - 0.00103849
2017-05-08 16:15:05,421 - mylogger - INFO - 2015-10-12: hold
2017-05-08 16:15:05,740 - mylogger - INFO - 0.00447054
2017-05-08 16:15:05,740 - mylogger - INFO - 2015-10-13: hold
2017-05-08 16:15:06,055 - mylogger - INFO - -0.00786652
2017-05-08 16:15:06,055 - mylogger - INFO - 2015-10-14: No short!
2017-05-08 16:15:06,466 - mylogger - INFO - 0.0155606
2017-05-08 16:15:06,467 - mylogger - INFO - 2015-10-15: buy
2017-05-08 16:15:06,467 - mylogger - INFO - 182580.16955
2017-05-08 16:15:06,781 - mylogger - INFO - 0.00464771
2017-05-08 16:15:06,781 - mylogger - INFO - 2015-10-16: hold
2017-05-08 16:15:07,099 - mylogger - INFO - 0.0198244
2017-05-08 16:15:07,100 - mylogger - INFO - 2015-10-19: buy
2017-05-08 16:15:07,101 - mylogger - INFO - 1427.38523117
2017-05-08 16:15:07,520 - mylogger - INFO - 0.00585709
2017-05-08 16:15:07,521 - mylogger - INFO - 2015-10-20: No cover!
2017-05-08 16:15:07,852 - mylogger - INFO - 0.0048806
2017-05-08 16:15:07,852 - mylogger - INFO - 2015-10-21: hold
2017-05-08 16:15:08,182 - mylogger - INFO - 0.00757823
2017-05-08 16:15:08,182 - mylogger - INFO - 2015-10-22: No cover!
2017-05-08 16:15:08,613 - mylogger - INFO - 0.00260646
2017-05-08 16:15:08,613 - mylogger - INFO - 2015-10-23: hold
2017-05-08 16:15:08,947 - mylogger - INFO - -0.0136222
2017-05-08 16:15:08,948 - mylogger - INFO - 2015-10-26: sell
2017-05-08 16:15:09,276 - mylogger - INFO - -0.0138716
2017-05-08 16:15:09,276 - mylogger - INFO - 2015-10-27: No short!
2017-05-08 16:15:09,716 - mylogger - INFO - 0.00858076
2017-05-08 16:15:09,717 - mylogger - INFO - 2015-10-28: buy
2017-05-08 16:15:09,717 - mylogger - INFO - 189537.663088
2017-05-08 16:15:10,050 - mylogger - INFO - 0.00546541
2017-05-08 16:15:10,051 - mylogger - INFO - 2015-10-29: No cover!
2017-05-08 16:15:10,373 - mylogger - INFO - 0.0121792
2017-05-08 16:15:10,374 - mylogger - INFO - 2015-10-30: No cover!
2017-05-08 16:15:10,699 - mylogger - INFO - 0.0185884
2017-05-08 16:15:10,700 - mylogger - INFO - 2015-11-02: No cover!
2017-05-08 16:15:11,136 - mylogger - INFO - 0.00247782
2017-05-08 16:15:11,136 - mylogger - INFO - 2015-11-03: hold
2017-05-08 16:15:11,464 - mylogger - INFO - 0.0152579
2017-05-08 16:15:11,465 - mylogger - INFO - 2015-11-04: No cover!
2017-05-08 16:15:11,786 - mylogger - INFO - 0.00726625
2017-05-08 16:15:11,787 - mylogger - INFO - 2015-11-05: No cover!
2017-05-08 16:15:12,216 - mylogger - INFO - 0.00881736
2017-05-08 16:15:12,216 - mylogger - INFO - 2015-11-06: No cover!
2017-05-08 16:15:12,547 - mylogger - INFO - -0.00127214
2017-05-08 16:15:12,547 - mylogger - INFO - 2015-11-09: hold
2017-05-08 16:15:12,869 - mylogger - INFO - 0.00472661
2017-05-08 16:15:12,869 - mylogger - INFO - 2015-11-10: hold
2017-05-08 16:15:13,323 - mylogger - INFO - 0.0101055
2017-05-08 16:15:13,324 - mylogger - INFO - 2015-11-11: No cover!
2017-05-08 16:15:13,664 - mylogger - INFO - 0.0138063
2017-05-08 16:15:13,665 - mylogger - INFO - 2015-11-12: No cover!
2017-05-08 16:15:14,008 - mylogger - INFO - 0.00802348
2017-05-08 16:15:14,009 - mylogger - INFO - 2015-11-13: No cover!
2017-05-08 16:15:14,444 - mylogger - INFO - 0.00911991
2017-05-08 16:15:14,445 - mylogger - INFO - 2015-11-16: No cover!
2017-05-08 16:15:14,769 - mylogger - INFO - 0.00513843
2017-05-08 16:15:14,770 - mylogger - INFO - 2015-11-17: No cover!
2017-05-08 16:15:15,097 - mylogger - INFO - 0.00495526
2017-05-08 16:15:15,097 - mylogger - INFO - 2015-11-18: hold
2017-05-08 16:15:15,526 - mylogger - INFO - -0.00818135
2017-05-08 16:15:15,527 - mylogger - INFO - 2015-11-19: sell
2017-05-08 16:15:15,855 - mylogger - INFO - 0.000441793
2017-05-08 16:15:15,855 - mylogger - INFO - 2015-11-20: hold
2017-05-08 16:15:16,186 - mylogger - INFO - 0.0240397
2017-05-08 16:15:16,187 - mylogger - INFO - 2015-11-23: buy
2017-05-08 16:15:16,187 - mylogger - INFO - 188370.357067
2017-05-08 16:15:16,512 - mylogger - INFO - 0.00831904
2017-05-08 16:15:16,513 - mylogger - INFO - 2015-11-24: No cover!
2017-05-08 16:15:16,933 - mylogger - INFO - 0.0143804
2017-05-08 16:15:16,934 - mylogger - INFO - 2015-11-25: No cover!
2017-05-08 16:15:17,248 - mylogger - INFO - 0.0195673
2017-05-08 16:15:17,248 - mylogger - INFO - 2015-11-27: No cover!
2017-05-08 16:15:17,576 - mylogger - INFO - 0.0151597
2017-05-08 16:15:17,576 - mylogger - INFO - 2015-11-30: No cover!
2017-05-08 16:15:18,000 - mylogger - INFO - 0.0157956
2017-05-08 16:15:18,001 - mylogger - INFO - 2015-12-01: No cover!
2017-05-08 16:15:18,334 - mylogger - INFO - 0.0146065
2017-05-08 16:15:18,335 - mylogger - INFO - 2015-12-02: No cover!
2017-05-08 16:15:18,654 - mylogger - INFO - 0.0157722
2017-05-08 16:15:18,655 - mylogger - INFO - 2015-12-03: No cover!
2017-05-08 16:15:19,086 - mylogger - INFO - -0.00409287
2017-05-08 16:15:19,086 - mylogger - INFO - 2015-12-04: hold
2017-05-08 16:15:19,405 - mylogger - INFO - 0.00425816
2017-05-08 16:15:19,406 - mylogger - INFO - 2015-12-07: hold
2017-05-08 16:15:19,740 - mylogger - INFO - 0.0225058
2017-05-08 16:15:19,741 - mylogger - INFO - 2015-12-08: No cover!
2017-05-08 16:15:20,167 - mylogger - INFO - -0.00087582
2017-05-08 16:15:20,167 - mylogger - INFO - 2015-12-09: hold
2017-05-08 16:15:20,497 - mylogger - INFO - 0.0104111
2017-05-08 16:15:20,497 - mylogger - INFO - 2015-12-10: No cover!
2017-05-08 16:15:20,822 - mylogger - INFO - 0.0210715
2017-05-08 16:15:20,823 - mylogger - INFO - 2015-12-11: No cover!
2017-05-08 16:15:21,255 - mylogger - INFO - 0.00729105
2017-05-08 16:15:21,255 - mylogger - INFO - 2015-12-14: No cover!
2017-05-08 16:15:21,588 - mylogger - INFO - 0.00888683
2017-05-08 16:15:21,589 - mylogger - INFO - 2015-12-15: No cover!
2017-05-08 16:15:21,931 - mylogger - INFO - -0.000222583
2017-05-08 16:15:21,932 - mylogger - INFO - 2015-12-16: hold
2017-05-08 16:15:22,277 - mylogger - INFO - 0.0234558
2017-05-08 16:15:22,277 - mylogger - INFO - 2015-12-17: No cover!
2017-05-08 16:15:22,704 - mylogger - INFO - 0.0204675
2017-05-08 16:15:22,705 - mylogger - INFO - 2015-12-18: No cover!
2017-05-08 16:15:23,032 - mylogger - INFO - 0.0132216
2017-05-08 16:15:23,033 - mylogger - INFO - 2015-12-21: No cover!
2017-05-08 16:15:23,349 - mylogger - INFO - 0.0139993
2017-05-08 16:15:23,349 - mylogger - INFO - 2015-12-22: No cover!
2017-05-08 16:15:23,762 - mylogger - INFO - 0.0120108
2017-05-08 16:15:23,763 - mylogger - INFO - 2015-12-23: No cover!
2017-05-08 16:15:24,087 - mylogger - INFO - 0.000863965
2017-05-08 16:15:24,088 - mylogger - INFO - 2015-12-24: hold
2017-05-08 16:15:24,402 - mylogger - INFO - 0.0237409
2017-05-08 16:15:24,403 - mylogger - INFO - 2015-12-28: No cover!
2017-05-08 16:15:24,822 - mylogger - INFO - -0.00920186
2017-05-08 16:15:24,823 - mylogger - INFO - 2015-12-29: sell
2017-05-08 16:15:25,154 - mylogger - INFO - 0.00873239
2017-05-08 16:15:25,155 - mylogger - INFO - 2015-12-30: buy
2017-05-08 16:15:25,155 - mylogger - INFO - 169857.49989
2017-05-08 16:15:25,486 - mylogger - INFO - 0.0145724
2017-05-08 16:15:25,487 - mylogger - INFO - 2015-12-31: buy
2017-05-08 16:15:25,487 - mylogger - INFO - 3345.4896396
2017-05-08 16:15:26,156 - mylogger - INFO - Total profit and loss: 0.698453198636
2017-05-08 16:15:26,186 - mylogger - INFO - Hit table:
2017-05-08 16:15:26,186 - mylogger - INFO - Date          signal  hit/miss
2017-05-08 16:15:26,187 - mylogger - INFO - 2014-01-02    hold    miss
2017-05-08 16:15:26,187 - mylogger - INFO - 2014-01-03    hold    miss
2017-05-08 16:15:26,187 - mylogger - INFO - 2014-01-06    hold    miss
2017-05-08 16:15:26,187 - mylogger - INFO - 2014-01-07    hold    miss
2017-05-08 16:15:26,187 - mylogger - INFO - 2014-01-08    hold    miss
2017-05-08 16:15:26,187 - mylogger - INFO - 2014-01-09    hold    miss
2017-05-08 16:15:26,188 - mylogger - INFO - 2014-01-10    hold    miss
2017-05-08 16:15:26,188 - mylogger - INFO - 2014-01-13    hold    miss
2017-05-08 16:15:26,188 - mylogger - INFO - 2014-01-14    hold    miss
2017-05-08 16:15:26,188 - mylogger - INFO - 2014-01-15    buy     miss
2017-05-08 16:15:26,188 - mylogger - INFO - 2014-01-16    hold    miss
2017-05-08 16:15:26,188 - mylogger - INFO - 2014-01-17    buy     hit
2017-05-08 16:15:26,188 - mylogger - INFO - 2014-01-21    hold    hit
2017-05-08 16:15:26,189 - mylogger - INFO - 2014-01-22    hold    miss
2017-05-08 16:15:26,189 - mylogger - INFO - 2014-01-23    sell    hit
2017-05-08 16:15:26,189 - mylogger - INFO - 2014-01-24    buy     hit
2017-05-08 16:15:26,189 - mylogger - INFO - 2014-01-27    sell    hit
2017-05-08 16:15:26,189 - mylogger - INFO - 2014-01-28    hold    miss
2017-05-08 16:15:26,189 - mylogger - INFO - 2014-01-29    hold    hit
2017-05-08 16:15:26,190 - mylogger - INFO - 2014-01-30    hold    hit
2017-05-08 16:15:26,190 - mylogger - INFO - 2014-01-31    buy     miss
2017-05-08 16:15:26,191 - mylogger - INFO - 2014-02-03    hold    miss
2017-05-08 16:15:26,191 - mylogger - INFO - 2014-02-04    sell    miss
2017-05-08 16:15:26,192 - mylogger - INFO - 2014-02-05    buy     hit
2017-05-08 16:15:26,192 - mylogger - INFO - 2014-02-06    hold    miss
2017-05-08 16:15:26,193 - mylogger - INFO - 2014-02-07    hold    miss
2017-05-08 16:15:26,193 - mylogger - INFO - 2014-02-10    sell    miss
2017-05-08 16:15:26,193 - mylogger - INFO - 2014-02-11    hold    hit
2017-05-08 16:15:26,194 - mylogger - INFO - 2014-02-12    hold    miss
2017-05-08 16:15:26,194 - mylogger - INFO - 2014-02-13    hold    hit
2017-05-08 16:15:26,194 - mylogger - INFO - 2014-02-14    hold    hit
2017-05-08 16:15:26,195 - mylogger - INFO - 2014-02-18    hold    miss
2017-05-08 16:15:26,195 - mylogger - INFO - 2014-02-19    hold    miss
2017-05-08 16:15:26,195 - mylogger - INFO - 2014-02-20    hold    miss
2017-05-08 16:15:26,195 - mylogger - INFO - 2014-02-21    buy     miss
2017-05-08 16:15:26,196 - mylogger - INFO - 2014-02-24    sell    hit
2017-05-08 16:15:26,196 - mylogger - INFO - 2014-02-25    hold    miss
2017-05-08 16:15:26,196 - mylogger - INFO - 2014-02-26    buy     hit
2017-05-08 16:15:26,197 - mylogger - INFO - 2014-02-27    hold    hit
2017-05-08 16:15:26,197 - mylogger - INFO - 2014-02-28    hold    hit
2017-05-08 16:15:26,197 - mylogger - INFO - 2014-03-03    sell    miss
2017-05-08 16:15:26,197 - mylogger - INFO - 2014-03-04    buy     miss
2017-05-08 16:15:26,198 - mylogger - INFO - 2014-03-05    sell    miss
2017-05-08 16:15:26,198 - mylogger - INFO - 2014-03-06    hold    hit
2017-05-08 16:15:26,198 - mylogger - INFO - 2014-03-07    hold    hit
2017-05-08 16:15:26,198 - mylogger - INFO - 2014-03-10    hold    miss
2017-05-08 16:15:26,198 - mylogger - INFO - 2014-03-11    buy     miss
2017-05-08 16:15:26,199 - mylogger - INFO - 2014-03-12    sell    hit
2017-05-08 16:15:26,199 - mylogger - INFO - 2014-03-13    hold    miss
2017-05-08 16:15:26,199 - mylogger - INFO - 2014-03-14    buy     miss
2017-05-08 16:15:26,199 - mylogger - INFO - 2014-03-17    hold    miss
2017-05-08 16:15:26,199 - mylogger - INFO - 2014-03-18    hold    hit
2017-05-08 16:15:26,200 - mylogger - INFO - 2014-03-19    hold    hit
2017-05-08 16:15:26,200 - mylogger - INFO - 2014-03-20    hold    miss
2017-05-08 16:15:26,200 - mylogger - INFO - 2014-03-21    hold    miss
2017-05-08 16:15:26,200 - mylogger - INFO - 2014-03-24    sell    miss
2017-05-08 16:15:26,200 - mylogger - INFO - 2014-03-25    buy     miss
2017-05-08 16:15:26,201 - mylogger - INFO - 2014-03-26    buy     miss
2017-05-08 16:15:26,201 - mylogger - INFO - 2014-03-27    hold    hit
2017-05-08 16:15:26,201 - mylogger - INFO - 2014-03-28    hold    hit
2017-05-08 16:15:26,201 - mylogger - INFO - 2014-03-31    hold    miss
2017-05-08 16:15:26,201 - mylogger - INFO - 2014-04-01    sell    miss
2017-05-08 16:15:26,202 - mylogger - INFO - 2014-04-02    hold    miss
2017-05-08 16:15:26,202 - mylogger - INFO - 2014-04-03    hold    miss
2017-05-08 16:15:26,202 - mylogger - INFO - 2014-04-04    hold    miss
2017-05-08 16:15:26,202 - mylogger - INFO - 2014-04-07    hold    hit
2017-05-08 16:15:26,202 - mylogger - INFO - 2014-04-08    hold    miss
2017-05-08 16:15:26,203 - mylogger - INFO - 2014-04-09    hold    miss
2017-05-08 16:15:26,203 - mylogger - INFO - 2014-04-10    buy     miss
2017-05-08 16:15:26,203 - mylogger - INFO - 2014-04-11    buy     miss
2017-05-08 16:15:26,203 - mylogger - INFO - 2014-04-14    hold    miss
2017-05-08 16:15:26,203 - mylogger - INFO - 2014-04-15    hold    hit
2017-05-08 16:15:26,203 - mylogger - INFO - 2014-04-16    hold    miss
2017-05-08 16:15:26,204 - mylogger - INFO - 2014-04-17    sell    miss
2017-05-08 16:15:26,204 - mylogger - INFO - 2014-04-21    hold    hit
2017-05-08 16:15:26,204 - mylogger - INFO - 2014-04-22    hold    miss
2017-05-08 16:15:26,204 - mylogger - INFO - 2014-04-23    buy     hit
2017-05-08 16:15:26,204 - mylogger - INFO - 2014-04-24    sell    miss
2017-05-08 16:15:26,205 - mylogger - INFO - 2014-04-25    hold    miss
2017-05-08 16:15:26,205 - mylogger - INFO - 2014-04-28    buy     miss
2017-05-08 16:15:26,205 - mylogger - INFO - 2014-04-29    buy     miss
2017-05-08 16:15:26,205 - mylogger - INFO - 2014-04-30    sell    miss
2017-05-08 16:15:26,205 - mylogger - INFO - 2014-05-01    hold    hit
2017-05-08 16:15:26,209 - mylogger - INFO - 2014-05-02    buy     hit
2017-05-08 16:15:26,210 - mylogger - INFO - 2014-05-05    hold    miss
2017-05-08 16:15:26,210 - mylogger - INFO - 2014-05-06    hold    hit
2017-05-08 16:15:26,210 - mylogger - INFO - 2014-05-07    hold    hit
2017-05-08 16:15:26,210 - mylogger - INFO - 2014-05-08    hold    hit
2017-05-08 16:15:26,210 - mylogger - INFO - 2014-05-09    hold    miss
2017-05-08 16:15:26,211 - mylogger - INFO - 2014-05-12    hold    hit
2017-05-08 16:15:26,211 - mylogger - INFO - 2014-05-13    hold    hit
2017-05-08 16:15:26,211 - mylogger - INFO - 2014-05-14    hold    miss
2017-05-08 16:15:26,211 - mylogger - INFO - 2014-05-15    hold    miss
2017-05-08 16:15:26,211 - mylogger - INFO - 2014-05-16    hold    miss
2017-05-08 16:15:26,211 - mylogger - INFO - 2014-05-19    hold    hit
2017-05-08 16:15:26,212 - mylogger - INFO - 2014-05-20    hold    hit
2017-05-08 16:15:26,212 - mylogger - INFO - 2014-05-21    hold    hit
2017-05-08 16:15:26,212 - mylogger - INFO - 2014-05-22    hold    miss
2017-05-08 16:15:26,212 - mylogger - INFO - 2014-05-23    hold    miss
2017-05-08 16:15:26,212 - mylogger - INFO - 2014-05-27    hold    hit
2017-05-08 16:15:26,212 - mylogger - INFO - 2014-05-28    hold    miss
2017-05-08 16:15:26,212 - mylogger - INFO - 2014-05-29    hold    hit
2017-05-08 16:15:26,213 - mylogger - INFO - 2014-05-30    hold    miss
2017-05-08 16:15:26,213 - mylogger - INFO - 2014-06-02    sell    miss
2017-05-08 16:15:26,213 - mylogger - INFO - 2014-06-03    hold    miss
2017-05-08 16:15:26,213 - mylogger - INFO - 2014-06-04    hold    hit
2017-05-08 16:15:26,213 - mylogger - INFO - 2014-06-05    buy     miss
2017-05-08 16:15:26,213 - mylogger - INFO - 2014-06-06    sell    miss
2017-05-08 16:15:26,214 - mylogger - INFO - 2014-06-09    hold    miss
2017-05-08 16:15:26,214 - mylogger - INFO - 2014-06-10    hold    hit
2017-05-08 16:15:26,214 - mylogger - INFO - 2014-06-11    hold    miss
2017-05-08 16:15:26,214 - mylogger - INFO - 2014-06-12    buy     miss
2017-05-08 16:15:26,214 - mylogger - INFO - 2014-06-13    buy     hit
2017-05-08 16:15:26,214 - mylogger - INFO - 2014-06-16    hold    hit
2017-05-08 16:15:26,214 - mylogger - INFO - 2014-06-17    hold    hit
2017-05-08 16:15:26,215 - mylogger - INFO - 2014-06-18    hold    hit
2017-05-08 16:15:26,215 - mylogger - INFO - 2014-06-19    hold    miss
2017-05-08 16:15:26,215 - mylogger - INFO - 2014-06-20    hold    hit
2017-05-08 16:15:26,215 - mylogger - INFO - 2014-06-23    hold    miss
2017-05-08 16:15:26,215 - mylogger - INFO - 2014-06-24    hold    hit
2017-05-08 16:15:26,215 - mylogger - INFO - 2014-06-25    hold    miss
2017-05-08 16:15:26,216 - mylogger - INFO - 2014-06-26    hold    miss
2017-05-08 16:15:26,216 - mylogger - INFO - 2014-06-27    hold    miss
2017-05-08 16:15:26,216 - mylogger - INFO - 2014-06-30    hold    miss
2017-05-08 16:15:26,216 - mylogger - INFO - 2014-07-01    hold    hit
2017-05-08 16:15:26,216 - mylogger - INFO - 2014-07-02    hold    miss
2017-05-08 16:15:26,216 - mylogger - INFO - 2014-07-03    hold    miss
2017-05-08 16:15:26,217 - mylogger - INFO - 2014-07-07    hold    miss
2017-05-08 16:15:26,217 - mylogger - INFO - 2014-07-08    hold    hit
2017-05-08 16:15:26,217 - mylogger - INFO - 2014-07-09    hold    hit
2017-05-08 16:15:26,217 - mylogger - INFO - 2014-07-10    sell    miss
2017-05-08 16:15:26,217 - mylogger - INFO - 2014-07-11    hold    miss
2017-05-08 16:15:26,217 - mylogger - INFO - 2014-07-14    buy     miss
2017-05-08 16:15:26,218 - mylogger - INFO - 2014-07-15    buy     miss
2017-05-08 16:15:26,218 - mylogger - INFO - 2014-07-16    hold    miss
2017-05-08 16:15:26,218 - mylogger - INFO - 2014-07-17    hold    miss
2017-05-08 16:15:26,218 - mylogger - INFO - 2014-07-18    hold    miss
2017-05-08 16:15:26,218 - mylogger - INFO - 2014-07-21    hold    miss
2017-05-08 16:15:26,218 - mylogger - INFO - 2014-07-22    hold    miss
2017-05-08 16:15:26,219 - mylogger - INFO - 2014-07-23    hold    hit
2017-05-08 16:15:26,219 - mylogger - INFO - 2014-07-24    hold    miss
2017-05-08 16:15:26,219 - mylogger - INFO - 2014-07-25    hold    miss
2017-05-08 16:15:26,219 - mylogger - INFO - 2014-07-28    hold    miss
2017-05-08 16:15:26,219 - mylogger - INFO - 2014-07-29    hold    hit
2017-05-08 16:15:26,219 - mylogger - INFO - 2014-07-30    hold    miss
2017-05-08 16:15:26,219 - mylogger - INFO - 2014-07-31    hold    miss
2017-05-08 16:15:26,220 - mylogger - INFO - 2014-08-01    hold    miss
2017-05-08 16:15:26,220 - mylogger - INFO - 2014-08-04    hold    hit
2017-05-08 16:15:26,220 - mylogger - INFO - 2014-08-05    hold    hit
2017-05-08 16:15:26,220 - mylogger - INFO - 2014-08-06    hold    hit
2017-05-08 16:15:26,220 - mylogger - INFO - 2014-08-07    hold    hit
2017-05-08 16:15:26,221 - mylogger - INFO - 2014-08-08    hold    miss
2017-05-08 16:15:26,221 - mylogger - INFO - 2014-08-11    hold    hit
2017-05-08 16:15:26,222 - mylogger - INFO - 2014-08-12    hold    miss
2017-05-08 16:15:26,224 - mylogger - INFO - 2014-08-13    hold    hit
2017-05-08 16:15:26,225 - mylogger - INFO - 2014-08-14    hold    hit
2017-05-08 16:15:26,226 - mylogger - INFO - 2014-08-15    hold    miss
2017-05-08 16:15:26,227 - mylogger - INFO - 2014-08-18    hold    miss
2017-05-08 16:15:26,227 - mylogger - INFO - 2014-08-19    hold    hit
2017-05-08 16:15:26,228 - mylogger - INFO - 2014-08-20    hold    hit
2017-05-08 16:15:26,229 - mylogger - INFO - 2014-08-21    hold    miss
2017-05-08 16:15:26,229 - mylogger - INFO - 2014-08-22    hold    hit
2017-05-08 16:15:26,229 - mylogger - INFO - 2014-08-25    hold    miss
2017-05-08 16:15:26,230 - mylogger - INFO - 2014-08-26    hold    miss
2017-05-08 16:15:26,231 - mylogger - INFO - 2014-08-27    hold    hit
2017-05-08 16:15:26,231 - mylogger - INFO - 2014-08-28    hold    hit
2017-05-08 16:15:26,232 - mylogger - INFO - 2014-08-29    hold    miss
2017-05-08 16:15:26,232 - mylogger - INFO - 2014-09-02    sell    hit
2017-05-08 16:15:26,233 - mylogger - INFO - 2014-09-03    buy     miss
2017-05-08 16:15:26,233 - mylogger - INFO - 2014-09-04    hold    miss
2017-05-08 16:15:26,233 - mylogger - INFO - 2014-09-05    buy     miss
2017-05-08 16:15:26,234 - mylogger - INFO - 2014-09-08    hold    hit
2017-05-08 16:15:26,234 - mylogger - INFO - 2014-09-09    hold    miss
2017-05-08 16:15:26,234 - mylogger - INFO - 2014-09-10    hold    hit
2017-05-08 16:15:26,234 - mylogger - INFO - 2014-09-11    hold    hit
2017-05-08 16:15:26,235 - mylogger - INFO - 2014-09-12    sell    miss
2017-05-08 16:15:26,235 - mylogger - INFO - 2014-09-15    buy     miss
2017-05-08 16:15:26,235 - mylogger - INFO - 2014-09-16    hold    miss
2017-05-08 16:15:26,235 - mylogger - INFO - 2014-09-17    buy     miss
2017-05-08 16:15:26,236 - mylogger - INFO - 2014-09-18    hold    miss
2017-05-08 16:15:26,236 - mylogger - INFO - 2014-09-19    hold    hit
2017-05-08 16:15:26,236 - mylogger - INFO - 2014-09-22    hold    miss
2017-05-08 16:15:26,237 - mylogger - INFO - 2014-09-23    hold    miss
2017-05-08 16:15:26,237 - mylogger - INFO - 2014-09-24    hold    miss
2017-05-08 16:15:26,237 - mylogger - INFO - 2014-09-25    sell    miss
2017-05-08 16:15:26,237 - mylogger - INFO - 2014-09-26    hold    miss
2017-05-08 16:15:26,238 - mylogger - INFO - 2014-09-29    hold    miss
2017-05-08 16:15:26,238 - mylogger - INFO - 2014-09-30    hold    miss
2017-05-08 16:15:26,238 - mylogger - INFO - 2014-10-01    hold    miss
2017-05-08 16:15:26,239 - mylogger - INFO - 2014-10-02    buy     miss
2017-05-08 16:15:26,239 - mylogger - INFO - 2014-10-03    buy     miss
2017-05-08 16:15:26,239 - mylogger - INFO - 2014-10-06    hold    miss
2017-05-08 16:15:26,239 - mylogger - INFO - 2014-10-07    sell    miss
2017-05-08 16:15:26,240 - mylogger - INFO - 2014-10-08    hold    hit
2017-05-08 16:15:26,240 - mylogger - INFO - 2014-10-09    hold    hit
2017-05-08 16:15:26,240 - mylogger - INFO - 2014-10-10    hold    miss
2017-05-08 16:15:26,240 - mylogger - INFO - 2014-10-13    hold    miss
2017-05-08 16:15:26,241 - mylogger - INFO - 2014-10-14    hold    miss
2017-05-08 16:15:26,241 - mylogger - INFO - 2014-10-15    hold    miss
2017-05-08 16:15:26,241 - mylogger - INFO - 2014-10-16    hold    miss
2017-05-08 16:15:26,242 - mylogger - INFO - 2014-10-17    hold    miss
2017-05-08 16:15:26,242 - mylogger - INFO - 2014-10-20    hold    miss
2017-05-08 16:15:26,242 - mylogger - INFO - 2014-10-21    hold    miss
2017-05-08 16:15:26,243 - mylogger - INFO - 2014-10-22    buy     hit
2017-05-08 16:15:26,244 - mylogger - INFO - 2014-10-23    hold    hit
2017-05-08 16:15:26,244 - mylogger - INFO - 2014-10-24    hold    hit
2017-05-08 16:15:26,244 - mylogger - INFO - 2014-10-27    sell    miss
2017-05-08 16:15:26,245 - mylogger - INFO - 2014-10-28    hold    miss
2017-05-08 16:15:26,245 - mylogger - INFO - 2014-10-29    buy     miss
2017-05-08 16:15:26,245 - mylogger - INFO - 2014-10-30    sell    miss
2017-05-08 16:15:26,245 - mylogger - INFO - 2014-10-31    hold    miss
2017-05-08 16:15:26,246 - mylogger - INFO - 2014-11-03    buy     miss
2017-05-08 16:15:26,246 - mylogger - INFO - 2014-11-04    hold    hit
2017-05-08 16:15:26,246 - mylogger - INFO - 2014-11-05    buy     miss
2017-05-08 16:15:26,247 - mylogger - INFO - 2014-11-06    hold    hit
2017-05-08 16:15:26,247 - mylogger - INFO - 2014-11-07    hold    hit
2017-05-08 16:15:26,247 - mylogger - INFO - 2014-11-10    hold    miss
2017-05-08 16:15:26,247 - mylogger - INFO - 2014-11-11    hold    miss
2017-05-08 16:15:26,248 - mylogger - INFO - 2014-11-12    hold    miss
2017-05-08 16:15:26,248 - mylogger - INFO - 2014-11-13    hold    miss
2017-05-08 16:15:26,248 - mylogger - INFO - 2014-11-14    hold    hit
2017-05-08 16:15:26,248 - mylogger - INFO - 2014-11-17    hold    miss
2017-05-08 16:15:26,249 - mylogger - INFO - 2014-11-18    hold    miss
2017-05-08 16:15:26,249 - mylogger - INFO - 2014-11-19    hold    miss
2017-05-08 16:15:26,249 - mylogger - INFO - 2014-11-20    hold    hit
2017-05-08 16:15:26,249 - mylogger - INFO - 2014-11-21    hold    miss
2017-05-08 16:15:26,249 - mylogger - INFO - 2014-11-24    sell    hit
2017-05-08 16:15:26,250 - mylogger - INFO - 2014-11-25    hold    miss
2017-05-08 16:15:26,250 - mylogger - INFO - 2014-11-26    buy     miss
2017-05-08 16:15:26,250 - mylogger - INFO - 2014-11-28    sell    hit
2017-05-08 16:15:26,250 - mylogger - INFO - 2014-12-01    hold    hit
2017-05-08 16:15:26,251 - mylogger - INFO - 2014-12-02    hold    miss
2017-05-08 16:15:26,251 - mylogger - INFO - 2014-12-03    hold    hit
2017-05-08 16:15:26,251 - mylogger - INFO - 2014-12-04    buy     miss
2017-05-08 16:15:26,251 - mylogger - INFO - 2014-12-05    buy     miss
2017-05-08 16:15:26,251 - mylogger - INFO - 2014-12-08    hold    miss
2017-05-08 16:15:26,252 - mylogger - INFO - 2014-12-09    hold    miss
2017-05-08 16:15:26,252 - mylogger - INFO - 2014-12-10    hold    hit
2017-05-08 16:15:26,252 - mylogger - INFO - 2014-12-11    hold    miss
2017-05-08 16:15:26,252 - mylogger - INFO - 2014-12-12    hold    miss
2017-05-08 16:15:26,253 - mylogger - INFO - 2014-12-15    hold    miss
2017-05-08 16:15:26,253 - mylogger - INFO - 2014-12-16    hold    miss
2017-05-08 16:15:26,253 - mylogger - INFO - 2014-12-17    hold    miss
2017-05-08 16:15:26,253 - mylogger - INFO - 2014-12-18    sell    hit
2017-05-08 16:15:26,253 - mylogger - INFO - 2014-12-19    hold    miss
2017-05-08 16:15:26,254 - mylogger - INFO - 2014-12-22    buy     miss
2017-05-08 16:15:26,254 - mylogger - INFO - 2014-12-23    buy     miss
2017-05-08 16:15:26,254 - mylogger - INFO - 2014-12-24    sell    miss
2017-05-08 16:15:26,254 - mylogger - INFO - 2014-12-26    buy     miss
2017-05-08 16:15:26,254 - mylogger - INFO - 2014-12-29    buy     miss
2017-05-08 16:15:26,254 - mylogger - INFO - 2014-12-30    hold    miss
2017-05-08 16:15:26,255 - mylogger - INFO - 2014-12-31    hold    miss
2017-05-08 16:15:26,255 - mylogger - INFO - 2015-01-02    hold    miss
2017-05-08 16:15:26,255 - mylogger - INFO - 2015-01-05    hold    hit
2017-05-08 16:15:26,258 - mylogger - INFO - 2015-01-06    hold    miss
2017-05-08 16:15:26,259 - mylogger - INFO - 2015-01-07    sell    miss
2017-05-08 16:15:26,259 - mylogger - INFO - 2015-01-08    buy     miss
2017-05-08 16:15:26,259 - mylogger - INFO - 2015-01-09    sell    hit
2017-05-08 16:15:26,259 - mylogger - INFO - 2015-01-12    hold    miss
2017-05-08 16:15:26,259 - mylogger - INFO - 2015-01-13    hold    hit
2017-05-08 16:15:26,260 - mylogger - INFO - 2015-01-14    buy     miss
2017-05-08 16:15:26,260 - mylogger - INFO - 2015-01-15    buy     miss
2017-05-08 16:15:26,260 - mylogger - INFO - 2015-01-16    hold    miss
2017-05-08 16:15:26,260 - mylogger - INFO - 2015-01-20    sell    miss
2017-05-08 16:15:26,260 - mylogger - INFO - 2015-01-21    buy     hit
2017-05-08 16:15:26,260 - mylogger - INFO - 2015-01-22    hold    miss
2017-05-08 16:15:26,261 - mylogger - INFO - 2015-01-23    sell    miss
2017-05-08 16:15:26,261 - mylogger - INFO - 2015-01-26    buy     miss
2017-05-08 16:15:26,261 - mylogger - INFO - 2015-01-27    buy     hit
2017-05-08 16:15:26,261 - mylogger - INFO - 2015-01-28    hold    miss
2017-05-08 16:15:26,261 - mylogger - INFO - 2015-01-29    hold    miss
2017-05-08 16:15:26,261 - mylogger - INFO - 2015-01-30    hold    miss
2017-05-08 16:15:26,261 - mylogger - INFO - 2015-02-02    hold    hit
2017-05-08 16:15:26,262 - mylogger - INFO - 2015-02-03    hold    miss
2017-05-08 16:15:26,262 - mylogger - INFO - 2015-02-04    hold    miss
2017-05-08 16:15:26,262 - mylogger - INFO - 2015-02-05    hold    miss
2017-05-08 16:15:26,262 - mylogger - INFO - 2015-02-06    hold    miss
2017-05-08 16:15:26,262 - mylogger - INFO - 2015-02-09    hold    miss
2017-05-08 16:15:26,262 - mylogger - INFO - 2015-02-10    hold    miss
2017-05-08 16:15:26,263 - mylogger - INFO - 2015-02-11    hold    miss
2017-05-08 16:15:26,263 - mylogger - INFO - 2015-02-12    hold    hit
2017-05-08 16:15:26,263 - mylogger - INFO - 2015-02-13    hold    miss
2017-05-08 16:15:26,263 - mylogger - INFO - 2015-02-17    hold    miss
2017-05-08 16:15:26,263 - mylogger - INFO - 2015-02-18    hold    hit
2017-05-08 16:15:26,263 - mylogger - INFO - 2015-02-19    sell    miss
2017-05-08 16:15:26,264 - mylogger - INFO - 2015-02-20    hold    miss
2017-05-08 16:15:26,264 - mylogger - INFO - 2015-02-23    hold    miss
2017-05-08 16:15:26,264 - mylogger - INFO - 2015-02-24    hold    miss
2017-05-08 16:15:26,264 - mylogger - INFO - 2015-02-25    hold    miss
2017-05-08 16:15:26,264 - mylogger - INFO - 2015-02-26    buy     miss
2017-05-08 16:15:26,264 - mylogger - INFO - 2015-02-27    buy     miss
2017-05-08 16:15:26,264 - mylogger - INFO - 2015-03-02    hold    hit
2017-05-08 16:15:26,265 - mylogger - INFO - 2015-03-03    hold    miss
2017-05-08 16:15:26,265 - mylogger - INFO - 2015-03-04    hold    miss
2017-05-08 16:15:26,265 - mylogger - INFO - 2015-03-05    hold    hit
2017-05-08 16:15:26,265 - mylogger - INFO - 2015-03-06    hold    hit
2017-05-08 16:15:26,265 - mylogger - INFO - 2015-03-09    hold    miss
2017-05-08 16:15:26,265 - mylogger - INFO - 2015-03-10    hold    miss
2017-05-08 16:15:26,266 - mylogger - INFO - 2015-03-11    hold    miss
2017-05-08 16:15:26,266 - mylogger - INFO - 2015-03-12    hold    miss
2017-05-08 16:15:26,266 - mylogger - INFO - 2015-03-13    hold    miss
2017-05-08 16:15:26,266 - mylogger - INFO - 2015-03-16    hold    miss
2017-05-08 16:15:26,266 - mylogger - INFO - 2015-03-17    hold    miss
2017-05-08 16:15:26,266 - mylogger - INFO - 2015-03-18    hold    miss
2017-05-08 16:15:26,267 - mylogger - INFO - 2015-03-19    hold    miss
2017-05-08 16:15:26,267 - mylogger - INFO - 2015-03-20    hold    miss
2017-05-08 16:15:26,267 - mylogger - INFO - 2015-03-23    hold    hit
2017-05-08 16:15:26,267 - mylogger - INFO - 2015-03-24    hold    miss
2017-05-08 16:15:26,267 - mylogger - INFO - 2015-03-25    hold    miss
2017-05-08 16:15:26,267 - mylogger - INFO - 2015-03-26    hold    miss
2017-05-08 16:15:26,267 - mylogger - INFO - 2015-03-27    sell    miss
2017-05-08 16:15:26,268 - mylogger - INFO - 2015-03-30    buy     miss
2017-05-08 16:15:26,268 - mylogger - INFO - 2015-03-31    buy     miss
2017-05-08 16:15:26,268 - mylogger - INFO - 2015-04-01    hold    miss
2017-05-08 16:15:26,268 - mylogger - INFO - 2015-04-02    hold    miss
2017-05-08 16:15:26,268 - mylogger - INFO - 2015-04-06    sell    hit
2017-05-08 16:15:26,268 - mylogger - INFO - 2015-04-07    hold    hit
2017-05-08 16:15:26,269 - mylogger - INFO - 2015-04-08    buy     hit
2017-05-08 16:15:26,269 - mylogger - INFO - 2015-04-09    hold    hit
2017-05-08 16:15:26,269 - mylogger - INFO - 2015-04-10    hold    hit
2017-05-08 16:15:26,269 - mylogger - INFO - 2015-04-13    hold    hit
2017-05-08 16:15:26,269 - mylogger - INFO - 2015-04-14    hold    hit
2017-05-08 16:15:26,269 - mylogger - INFO - 2015-04-15    hold    hit
2017-05-08 16:15:26,270 - mylogger - INFO - 2015-04-16    hold    miss
2017-05-08 16:15:26,270 - mylogger - INFO - 2015-04-17    hold    miss
2017-05-08 16:15:26,270 - mylogger - INFO - 2015-04-20    hold    miss
2017-05-08 16:15:26,270 - mylogger - INFO - 2015-04-21    hold    miss
2017-05-08 16:15:26,270 - mylogger - INFO - 2015-04-22    hold    miss
2017-05-08 16:15:26,270 - mylogger - INFO - 2015-04-23    hold    hit
2017-05-08 16:15:26,271 - mylogger - INFO - 2015-04-24    hold    miss
2017-05-08 16:15:26,271 - mylogger - INFO - 2015-04-27    hold    miss
2017-05-08 16:15:26,272 - mylogger - INFO - 2015-04-28    hold    miss
2017-05-08 16:15:26,272 - mylogger - INFO - 2015-04-29    hold    miss
2017-05-08 16:15:26,272 - mylogger - INFO - 2015-04-30    sell    miss
2017-05-08 16:15:26,273 - mylogger - INFO - 2015-05-01    buy     miss
2017-05-08 16:15:26,273 - mylogger - INFO - 2015-05-04    buy     miss
2017-05-08 16:15:26,273 - mylogger - INFO - 2015-05-05    hold    miss
2017-05-08 16:15:26,273 - mylogger - INFO - 2015-05-06    hold    miss
2017-05-08 16:15:26,273 - mylogger - INFO - 2015-05-07    hold    miss
2017-05-08 16:15:26,273 - mylogger - INFO - 2015-05-08    hold    miss
2017-05-08 16:15:26,274 - mylogger - INFO - 2015-05-11    hold    hit
2017-05-08 16:15:26,274 - mylogger - INFO - 2015-05-12    hold    hit
2017-05-08 16:15:26,274 - mylogger - INFO - 2015-05-13    hold    miss
2017-05-08 16:15:26,274 - mylogger - INFO - 2015-05-14    hold    hit
2017-05-08 16:15:26,275 - mylogger - INFO - 2015-05-15    hold    miss
2017-05-08 16:15:26,275 - mylogger - INFO - 2015-05-18    hold    hit
2017-05-08 16:15:26,275 - mylogger - INFO - 2015-05-19    hold    hit
2017-05-08 16:15:26,275 - mylogger - INFO - 2015-05-20    hold    miss
2017-05-08 16:15:26,275 - mylogger - INFO - 2015-05-21    hold    miss
2017-05-08 16:15:26,275 - mylogger - INFO - 2015-05-22    hold    miss
2017-05-08 16:15:26,275 - mylogger - INFO - 2015-05-26    hold    miss
2017-05-08 16:15:26,276 - mylogger - INFO - 2015-05-27    hold    hit
2017-05-08 16:15:26,276 - mylogger - INFO - 2015-05-28    hold    miss
2017-05-08 16:15:26,276 - mylogger - INFO - 2015-05-29    hold    hit
2017-05-08 16:15:26,276 - mylogger - INFO - 2015-06-01    hold    hit
2017-05-08 16:15:26,277 - mylogger - INFO - 2015-06-02    hold    hit
2017-05-08 16:15:26,277 - mylogger - INFO - 2015-06-03    hold    miss
2017-05-08 16:15:26,277 - mylogger - INFO - 2015-06-04    hold    miss
2017-05-08 16:15:26,278 - mylogger - INFO - 2015-06-05    hold    miss
2017-05-08 16:15:26,278 - mylogger - INFO - 2015-06-08    hold    hit
2017-05-08 16:15:26,278 - mylogger - INFO - 2015-06-09    hold    miss
2017-05-08 16:15:26,279 - mylogger - INFO - 2015-06-10    hold    hit
2017-05-08 16:15:26,279 - mylogger - INFO - 2015-06-11    hold    miss
2017-05-08 16:15:26,280 - mylogger - INFO - 2015-06-12    hold    hit
2017-05-08 16:15:26,280 - mylogger - INFO - 2015-06-15    hold    miss
2017-05-08 16:15:26,280 - mylogger - INFO - 2015-06-16    hold    hit
2017-05-08 16:15:26,281 - mylogger - INFO - 2015-06-17    hold    hit
2017-05-08 16:15:26,281 - mylogger - INFO - 2015-06-18    hold    miss
2017-05-08 16:15:26,281 - mylogger - INFO - 2015-06-19    hold    miss
2017-05-08 16:15:26,282 - mylogger - INFO - 2015-06-22    hold    hit
2017-05-08 16:15:26,282 - mylogger - INFO - 2015-06-23    hold    miss
2017-05-08 16:15:26,282 - mylogger - INFO - 2015-06-24    hold    hit
2017-05-08 16:15:26,283 - mylogger - INFO - 2015-06-25    hold    miss
2017-05-08 16:15:26,283 - mylogger - INFO - 2015-06-26    hold    miss
2017-05-08 16:15:26,283 - mylogger - INFO - 2015-06-29    sell    miss
2017-05-08 16:15:26,284 - mylogger - INFO - 2015-06-30    hold    miss
2017-05-08 16:15:26,284 - mylogger - INFO - 2015-07-01    hold    hit
2017-05-08 16:15:26,284 - mylogger - INFO - 2015-07-02    hold    hit
2017-05-08 16:15:26,285 - mylogger - INFO - 2015-07-06    hold    hit
2017-05-08 16:15:26,285 - mylogger - INFO - 2015-07-07    hold    miss
2017-05-08 16:15:26,285 - mylogger - INFO - 2015-07-08    hold    miss
2017-05-08 16:15:26,286 - mylogger - INFO - 2015-07-09    hold    miss
2017-05-08 16:15:26,286 - mylogger - INFO - 2015-07-10    hold    miss
2017-05-08 16:15:26,286 - mylogger - INFO - 2015-07-13    buy     miss
2017-05-08 16:15:26,287 - mylogger - INFO - 2015-07-14    buy     hit
2017-05-08 16:15:26,287 - mylogger - INFO - 2015-07-15    hold    miss
2017-05-08 16:15:26,287 - mylogger - INFO - 2015-07-16    hold    miss
2017-05-08 16:15:26,288 - mylogger - INFO - 2015-07-17    sell    miss
2017-05-08 16:15:26,288 - mylogger - INFO - 2015-07-20    hold    miss
2017-05-08 16:15:26,288 - mylogger - INFO - 2015-07-21    buy     miss
2017-05-08 16:15:26,289 - mylogger - INFO - 2015-07-22    buy     miss
2017-05-08 16:15:26,289 - mylogger - INFO - 2015-07-23    hold    miss
2017-05-08 16:15:26,289 - mylogger - INFO - 2015-07-24    hold    miss
2017-05-08 16:15:26,290 - mylogger - INFO - 2015-07-27    sell    miss
2017-05-08 16:15:26,290 - mylogger - INFO - 2015-07-28    buy     miss
2017-05-08 16:15:26,290 - mylogger - INFO - 2015-07-29    buy     miss
2017-05-08 16:15:26,290 - mylogger - INFO - 2015-07-30    hold    miss
2017-05-08 16:15:26,291 - mylogger - INFO - 2015-07-31    hold    miss
2017-05-08 16:15:26,291 - mylogger - INFO - 2015-08-03    hold    miss
2017-05-08 16:15:26,291 - mylogger - INFO - 2015-08-04    hold    miss
2017-05-08 16:15:26,291 - mylogger - INFO - 2015-08-05    hold    hit
2017-05-08 16:15:26,291 - mylogger - INFO - 2015-08-06    hold    hit
2017-05-08 16:15:26,291 - mylogger - INFO - 2015-08-07    hold    miss
2017-05-08 16:15:26,291 - mylogger - INFO - 2015-08-10    hold    miss
2017-05-08 16:15:26,292 - mylogger - INFO - 2015-08-11    hold    miss
2017-05-08 16:15:26,292 - mylogger - INFO - 2015-08-12    hold    hit
2017-05-08 16:15:26,292 - mylogger - INFO - 2015-08-13    hold    miss
2017-05-08 16:15:26,292 - mylogger - INFO - 2015-08-14    hold    miss
2017-05-08 16:15:26,293 - mylogger - INFO - 2015-08-17    hold    miss
2017-05-08 16:15:26,293 - mylogger - INFO - 2015-08-18    hold    miss
2017-05-08 16:15:26,293 - mylogger - INFO - 2015-08-19    hold    miss
2017-05-08 16:15:26,293 - mylogger - INFO - 2015-08-20    sell    hit
2017-05-08 16:15:26,294 - mylogger - INFO - 2015-08-21    hold    miss
2017-05-08 16:15:26,294 - mylogger - INFO - 2015-08-24    hold    miss
2017-05-08 16:15:26,294 - mylogger - INFO - 2015-08-25    hold    miss
2017-05-08 16:15:26,295 - mylogger - INFO - 2015-08-26    hold    miss
2017-05-08 16:15:26,295 - mylogger - INFO - 2015-08-27    hold    hit
2017-05-08 16:15:26,295 - mylogger - INFO - 2015-08-28    buy     miss
2017-05-08 16:15:26,295 - mylogger - INFO - 2015-08-31    buy     miss
2017-05-08 16:15:26,296 - mylogger - INFO - 2015-09-01    hold    miss
2017-05-08 16:15:26,296 - mylogger - INFO - 2015-09-02    hold    miss
2017-05-08 16:15:26,296 - mylogger - INFO - 2015-09-03    hold    miss
2017-05-08 16:15:26,296 - mylogger - INFO - 2015-09-04    hold    miss
2017-05-08 16:15:26,297 - mylogger - INFO - 2015-09-08    hold    miss
2017-05-08 16:15:26,297 - mylogger - INFO - 2015-09-09    hold    miss
2017-05-08 16:15:26,297 - mylogger - INFO - 2015-09-10    hold    miss
2017-05-08 16:15:26,297 - mylogger - INFO - 2015-09-11    sell    miss
2017-05-08 16:15:26,298 - mylogger - INFO - 2015-09-14    buy     hit
2017-05-08 16:15:26,298 - mylogger - INFO - 2015-09-15    hold    hit
2017-05-08 16:15:26,298 - mylogger - INFO - 2015-09-16    hold    miss
2017-05-08 16:15:26,298 - mylogger - INFO - 2015-09-17    sell    miss
2017-05-08 16:15:26,298 - mylogger - INFO - 2015-09-18    hold    miss
2017-05-08 16:15:26,299 - mylogger - INFO - 2015-09-21    buy     miss
2017-05-08 16:15:26,299 - mylogger - INFO - 2015-09-22    sell    miss
2017-05-08 16:15:26,299 - mylogger - INFO - 2015-09-23    buy     hit
2017-05-08 16:15:26,299 - mylogger - INFO - 2015-09-24    hold    hit
2017-05-08 16:15:26,300 - mylogger - INFO - 2015-09-25    sell    hit
2017-05-08 16:15:26,300 - mylogger - INFO - 2015-09-28    buy     miss
2017-05-08 16:15:26,300 - mylogger - INFO - 2015-09-29    hold    miss
2017-05-08 16:15:26,300 - mylogger - INFO - 2015-09-30    buy     miss
2017-05-08 16:15:26,300 - mylogger - INFO - 2015-10-01    hold    miss
2017-05-08 16:15:26,300 - mylogger - INFO - 2015-10-02    sell    miss
2017-05-08 16:15:26,301 - mylogger - INFO - 2015-10-05    buy     miss
2017-05-08 16:15:26,301 - mylogger - INFO - 2015-10-06    hold    hit
2017-05-08 16:15:26,301 - mylogger - INFO - 2015-10-07    hold    miss
2017-05-08 16:15:26,301 - mylogger - INFO - 2015-10-08    hold    miss
2017-05-08 16:15:26,301 - mylogger - INFO - 2015-10-09    sell    miss
2017-05-08 16:15:26,302 - mylogger - INFO - 2015-10-12    hold    hit
2017-05-08 16:15:26,302 - mylogger - INFO - 2015-10-13    hold    miss
2017-05-08 16:15:26,302 - mylogger - INFO - 2015-10-14    hold    miss
2017-05-08 16:15:26,302 - mylogger - INFO - 2015-10-15    buy     miss
2017-05-08 16:15:26,302 - mylogger - INFO - 2015-10-16    hold    miss
2017-05-08 16:15:26,306 - mylogger - INFO - 2015-10-19    buy     hit
2017-05-08 16:15:26,306 - mylogger - INFO - 2015-10-20    hold    hit
2017-05-08 16:15:26,306 - mylogger - INFO - 2015-10-21    hold    miss
2017-05-08 16:15:26,306 - mylogger - INFO - 2015-10-22    hold    miss
2017-05-08 16:15:26,306 - mylogger - INFO - 2015-10-23    hold    miss
2017-05-08 16:15:26,307 - mylogger - INFO - 2015-10-26    sell    hit
2017-05-08 16:15:26,307 - mylogger - INFO - 2015-10-27    hold    miss
2017-05-08 16:15:26,307 - mylogger - INFO - 2015-10-28    buy     hit
2017-05-08 16:15:26,307 - mylogger - INFO - 2015-10-29    hold    miss
2017-05-08 16:15:26,307 - mylogger - INFO - 2015-10-30    hold    miss
2017-05-08 16:15:26,307 - mylogger - INFO - 2015-11-02    hold    miss
2017-05-08 16:15:26,308 - mylogger - INFO - 2015-11-03    hold    hit
2017-05-08 16:15:26,308 - mylogger - INFO - 2015-11-04    hold    hit
2017-05-08 16:15:26,308 - mylogger - INFO - 2015-11-05    hold    hit
2017-05-08 16:15:26,308 - mylogger - INFO - 2015-11-06    hold    hit
2017-05-08 16:15:26,308 - mylogger - INFO - 2015-11-09    hold    miss
2017-05-08 16:15:26,308 - mylogger - INFO - 2015-11-10    hold    miss
2017-05-08 16:15:26,309 - mylogger - INFO - 2015-11-11    hold    hit
2017-05-08 16:15:26,309 - mylogger - INFO - 2015-11-12    hold    miss
2017-05-08 16:15:26,309 - mylogger - INFO - 2015-11-13    hold    miss
2017-05-08 16:15:26,309 - mylogger - INFO - 2015-11-16    hold    hit
2017-05-08 16:15:26,309 - mylogger - INFO - 2015-11-17    hold    miss
2017-05-08 16:15:26,309 - mylogger - INFO - 2015-11-18    hold    miss
2017-05-08 16:15:26,309 - mylogger - INFO - 2015-11-19    sell    miss
2017-05-08 16:15:26,310 - mylogger - INFO - 2015-11-20    hold    miss
2017-05-08 16:15:26,310 - mylogger - INFO - 2015-11-23    buy     hit
2017-05-08 16:15:26,310 - mylogger - INFO - 2015-11-24    hold    miss
2017-05-08 16:15:26,310 - mylogger - INFO - 2015-11-25    hold    hit
2017-05-08 16:15:26,310 - mylogger - INFO - 2015-11-27    hold    hit
2017-05-08 16:15:26,311 - mylogger - INFO - 2015-11-30    hold    miss
2017-05-08 16:15:26,311 - mylogger - INFO - 2015-12-01    hold    miss
2017-05-08 16:15:26,311 - mylogger - INFO - 2015-12-02    hold    miss
2017-05-08 16:15:26,311 - mylogger - INFO - 2015-12-03    hold    miss
2017-05-08 16:15:26,311 - mylogger - INFO - 2015-12-04    hold    miss
2017-05-08 16:15:26,312 - mylogger - INFO - 2015-12-07    hold    hit
2017-05-08 16:15:26,312 - mylogger - INFO - 2015-12-08    hold    miss
2017-05-08 16:15:26,312 - mylogger - INFO - 2015-12-09    hold    hit
2017-05-08 16:15:26,312 - mylogger - INFO - 2015-12-10    hold    miss
2017-05-08 16:15:26,312 - mylogger - INFO - 2015-12-11    hold    miss
2017-05-08 16:15:26,312 - mylogger - INFO - 2015-12-14    hold    miss
2017-05-08 16:15:26,313 - mylogger - INFO - 2015-12-15    hold    miss
2017-05-08 16:15:26,313 - mylogger - INFO - 2015-12-16    hold    miss
2017-05-08 16:15:26,313 - mylogger - INFO - 2015-12-17    hold    miss
2017-05-08 16:15:26,313 - mylogger - INFO - 2015-12-18    hold    miss
2017-05-08 16:15:26,313 - mylogger - INFO - 2015-12-21    hold    hit
2017-05-08 16:15:26,313 - mylogger - INFO - 2015-12-22    hold    miss
2017-05-08 16:15:26,313 - mylogger - INFO - 2015-12-23    hold    miss
2017-05-08 16:15:26,314 - mylogger - INFO - 2015-12-24    hold    miss
2017-05-08 16:15:26,314 - mylogger - INFO - 2015-12-28    hold    miss
2017-05-08 16:15:26,314 - mylogger - INFO - 2015-12-29    sell    hit
2017-05-08 16:15:26,314 - mylogger - INFO - 2015-12-30    buy     miss
2017-05-08 16:15:26,314 - mylogger - INFO - Hit number:154/503
2017-05-08 16:15:26,314 - mylogger - INFO - Hit rate:0.3061630218687873
