2017-05-08 03:57:12,825 - mylogger - INFO - -0.000181216
2017-05-08 03:57:12,826 - mylogger - INFO - 2014-01-02: sell
2017-05-08 03:57:13,141 - mylogger - INFO - -0.00729769
2017-05-08 03:57:13,141 - mylogger - INFO - 2014-01-03: sell
2017-05-08 03:57:13,558 - mylogger - INFO - -0.0219343
2017-05-08 03:57:13,559 - mylogger - INFO - 2014-01-06: sell
2017-05-08 03:57:13,886 - mylogger - INFO - -0.0164078
2017-05-08 03:57:13,887 - mylogger - INFO - 2014-01-07: sell
2017-05-08 03:57:14,227 - mylogger - INFO - -0.0186297
2017-05-08 03:57:14,228 - mylogger - INFO - 2014-01-08: sell
2017-05-08 03:57:14,563 - mylogger - INFO - -0.0200085
2017-05-08 03:57:14,564 - mylogger - INFO - 2014-01-09: sell
2017-05-08 03:57:14,983 - mylogger - INFO - -0.00350782
2017-05-08 03:57:14,984 - mylogger - INFO - 2014-01-10: sell
2017-05-08 03:57:15,307 - mylogger - INFO - 0.0158488
2017-05-08 03:57:15,308 - mylogger - INFO - 2014-01-13: buy
2017-05-08 03:57:15,308 - mylogger - INFO - 49429.1485
2017-05-08 03:57:15,643 - mylogger - INFO - -0.00387252
2017-05-08 03:57:15,644 - mylogger - INFO - 2014-01-14: sell
2017-05-08 03:57:16,067 - mylogger - INFO - -0.00837437
2017-05-08 03:57:16,067 - mylogger - INFO - 2014-01-15: sell
2017-05-08 03:57:16,397 - mylogger - INFO - -0.0218657
2017-05-08 03:57:16,398 - mylogger - INFO - 2014-01-16: sell
2017-05-08 03:57:16,728 - mylogger - INFO - -0.0321918
2017-05-08 03:57:16,729 - mylogger - INFO - 2014-01-17: sell
2017-05-08 03:57:17,148 - mylogger - INFO - -0.0256469
2017-05-08 03:57:17,149 - mylogger - INFO - 2014-01-21: sell
2017-05-08 03:57:17,484 - mylogger - INFO - -0.0342564
2017-05-08 03:57:17,485 - mylogger - INFO - 2014-01-22: sell
2017-05-08 03:57:17,815 - mylogger - INFO - -0.0248549
2017-05-08 03:57:17,816 - mylogger - INFO - 2014-01-23: sell
2017-05-08 03:57:18,234 - mylogger - INFO - -0.0333117
2017-05-08 03:57:18,235 - mylogger - INFO - 2014-01-24: sell
2017-05-08 03:57:18,567 - mylogger - INFO - -0.0374128
2017-05-08 03:57:18,568 - mylogger - INFO - 2014-01-27: sell
2017-05-08 03:57:18,895 - mylogger - INFO - -0.0318603
2017-05-08 03:57:18,896 - mylogger - INFO - 2014-01-28: sell
2017-05-08 03:57:19,220 - mylogger - INFO - -0.0253261
2017-05-08 03:57:19,221 - mylogger - INFO - 2014-01-29: sell
2017-05-08 03:57:19,640 - mylogger - INFO - 0.00349292
2017-05-08 03:57:19,640 - mylogger - INFO - 2014-01-30: hold
2017-05-08 03:57:19,968 - mylogger - INFO - 0.0169174
2017-05-08 03:57:19,969 - mylogger - INFO - 2014-01-31: No cover!
2017-05-08 03:57:20,293 - mylogger - INFO - -0.0124258
2017-05-08 03:57:20,294 - mylogger - INFO - 2014-02-03: sell
2017-05-08 03:57:20,710 - mylogger - INFO - -0.00123596
2017-05-08 03:57:20,711 - mylogger - INFO - 2014-02-04: sell
2017-05-08 03:57:21,046 - mylogger - INFO - -0.00180355
2017-05-08 03:57:21,047 - mylogger - INFO - 2014-02-05: sell
2017-05-08 03:57:21,372 - mylogger - INFO - 0.0109275
2017-05-08 03:57:21,373 - mylogger - INFO - 2014-02-06: No cover!
2017-05-08 03:57:21,794 - mylogger - INFO - 0.0015723
2017-05-08 03:57:21,794 - mylogger - INFO - 2014-02-07: hold
2017-05-08 03:57:22,119 - mylogger - INFO - 0.0112077
2017-05-08 03:57:22,120 - mylogger - INFO - 2014-02-10: No cover!
2017-05-08 03:57:22,444 - mylogger - INFO - 0.00141424
2017-05-08 03:57:22,444 - mylogger - INFO - 2014-02-11: hold
2017-05-08 03:57:22,847 - mylogger - INFO - 0.00479708
2017-05-08 03:57:22,848 - mylogger - INFO - 2014-02-12: hold
2017-05-08 03:57:23,171 - mylogger - INFO - -0.0159083
2017-05-08 03:57:23,172 - mylogger - INFO - 2014-02-13: sell
2017-05-08 03:57:23,501 - mylogger - INFO - -0.0279024
2017-05-08 03:57:23,502 - mylogger - INFO - 2014-02-14: sell
2017-05-08 03:57:23,823 - mylogger - INFO - -0.0119477
2017-05-08 03:57:23,824 - mylogger - INFO - 2014-02-18: sell
2017-05-08 03:57:24,247 - mylogger - INFO - -0.0161197
2017-05-08 03:57:24,247 - mylogger - INFO - 2014-02-19: sell
2017-05-08 03:57:24,582 - mylogger - INFO - -0.00477918
2017-05-08 03:57:24,583 - mylogger - INFO - 2014-02-20: sell
2017-05-08 03:57:24,908 - mylogger - INFO - 0.000709134
2017-05-08 03:57:24,908 - mylogger - INFO - 2014-02-21: hold
2017-05-08 03:57:25,321 - mylogger - INFO - -0.00826405
2017-05-08 03:57:25,322 - mylogger - INFO - 2014-02-24: sell
2017-05-08 03:57:25,644 - mylogger - INFO - -0.00659117
2017-05-08 03:57:25,645 - mylogger - INFO - 2014-02-25: sell
2017-05-08 03:57:25,980 - mylogger - INFO - 0.00253654
2017-05-08 03:57:25,980 - mylogger - INFO - 2014-02-26: hold
2017-05-08 03:57:26,396 - mylogger - INFO - 0.00143162
2017-05-08 03:57:26,396 - mylogger - INFO - 2014-02-27: hold
2017-05-08 03:57:26,728 - mylogger - INFO - 0.00783197
2017-05-08 03:57:26,729 - mylogger - INFO - 2014-02-28: hold
2017-05-08 03:57:27,064 - mylogger - INFO - -0.0196188
2017-05-08 03:57:27,065 - mylogger - INFO - 2014-03-03: sell
2017-05-08 03:57:27,481 - mylogger - INFO - 0.0031922
2017-05-08 03:57:27,481 - mylogger - INFO - 2014-03-04: hold
2017-05-08 03:57:27,804 - mylogger - INFO - -0.023285
2017-05-08 03:57:27,805 - mylogger - INFO - 2014-03-05: sell
2017-05-08 03:57:28,139 - mylogger - INFO - -0.0168269
2017-05-08 03:57:28,140 - mylogger - INFO - 2014-03-06: sell
2017-05-08 03:57:28,477 - mylogger - INFO - -0.0146848
2017-05-08 03:57:28,478 - mylogger - INFO - 2014-03-07: sell
2017-05-08 03:57:28,891 - mylogger - INFO - -0.0123977
2017-05-08 03:57:28,893 - mylogger - INFO - 2014-03-10: sell
2017-05-08 03:57:29,224 - mylogger - INFO - -0.00863894
2017-05-08 03:57:29,225 - mylogger - INFO - 2014-03-11: sell
2017-05-08 03:57:29,550 - mylogger - INFO - -0.012841
2017-05-08 03:57:29,551 - mylogger - INFO - 2014-03-12: sell
2017-05-08 03:57:29,969 - mylogger - INFO - -0.0037223
2017-05-08 03:57:29,969 - mylogger - INFO - 2014-03-13: sell
2017-05-08 03:57:30,294 - mylogger - INFO - -0.00651533
2017-05-08 03:57:30,295 - mylogger - INFO - 2014-03-14: sell
2017-05-08 03:57:30,626 - mylogger - INFO - -0.0138573
2017-05-08 03:57:30,627 - mylogger - INFO - 2014-03-17: sell
2017-05-08 03:57:31,044 - mylogger - INFO - 0.00105499
2017-05-08 03:57:31,044 - mylogger - INFO - 2014-03-18: hold
2017-05-08 03:57:31,370 - mylogger - INFO - -0.0186259
2017-05-08 03:57:31,371 - mylogger - INFO - 2014-03-19: sell
2017-05-08 03:57:31,724 - mylogger - INFO - -0.0102661
2017-05-08 03:57:31,725 - mylogger - INFO - 2014-03-20: sell
2017-05-08 03:57:32,141 - mylogger - INFO - -0.0192322
2017-05-08 03:57:32,142 - mylogger - INFO - 2014-03-21: sell
2017-05-08 03:57:32,467 - mylogger - INFO - 0.00658228
2017-05-08 03:57:32,467 - mylogger - INFO - 2014-03-24: hold
2017-05-08 03:57:32,789 - mylogger - INFO - -0.00680924
2017-05-08 03:57:32,790 - mylogger - INFO - 2014-03-25: sell
2017-05-08 03:57:33,122 - mylogger - INFO - -0.00682934
2017-05-08 03:57:33,123 - mylogger - INFO - 2014-03-26: sell
2017-05-08 03:57:33,646 - mylogger - INFO - -0.00694865
2017-05-08 03:57:33,646 - mylogger - INFO - 2014-03-27: sell
2017-05-08 03:57:33,979 - mylogger - INFO - -0.00193241
2017-05-08 03:57:33,980 - mylogger - INFO - 2014-03-28: sell
2017-05-08 03:57:34,296 - mylogger - INFO - 0.00195194
2017-05-08 03:57:34,296 - mylogger - INFO - 2014-03-31: hold
2017-05-08 03:57:34,692 - mylogger - INFO - 0.00406004
2017-05-08 03:57:34,692 - mylogger - INFO - 2014-04-01: hold
2017-05-08 03:57:34,998 - mylogger - INFO - -0.0106279
2017-05-08 03:57:34,999 - mylogger - INFO - 2014-04-02: sell
2017-05-08 03:57:35,305 - mylogger - INFO - 4.27699e-05
2017-05-08 03:57:35,306 - mylogger - INFO - 2014-04-03: hold
2017-05-08 03:57:35,712 - mylogger - INFO - -0.0207358
2017-05-08 03:57:35,713 - mylogger - INFO - 2014-04-04: sell
2017-05-08 03:57:36,031 - mylogger - INFO - 0.00934527
2017-05-08 03:57:36,031 - mylogger - INFO - 2014-04-07: hold
2017-05-08 03:57:36,337 - mylogger - INFO - -0.0209656
2017-05-08 03:57:36,338 - mylogger - INFO - 2014-04-08: sell
2017-05-08 03:57:36,727 - mylogger - INFO - -0.00195819
2017-05-08 03:57:36,728 - mylogger - INFO - 2014-04-09: sell
2017-05-08 03:57:37,031 - mylogger - INFO - -0.00899263
2017-05-08 03:57:37,032 - mylogger - INFO - 2014-04-10: sell
2017-05-08 03:57:37,333 - mylogger - INFO - -0.0151366
2017-05-08 03:57:37,335 - mylogger - INFO - 2014-04-11: sell
2017-05-08 03:57:37,637 - mylogger - INFO - -0.00484769
2017-05-08 03:57:37,638 - mylogger - INFO - 2014-04-14: sell
2017-05-08 03:57:38,038 - mylogger - INFO - -0.0121815
2017-05-08 03:57:38,038 - mylogger - INFO - 2014-04-15: sell
2017-05-08 03:57:38,344 - mylogger - INFO - -0.00733654
2017-05-08 03:57:38,345 - mylogger - INFO - 2014-04-16: sell
2017-05-08 03:57:38,648 - mylogger - INFO - -0.00310508
2017-05-08 03:57:38,649 - mylogger - INFO - 2014-04-17: sell
2017-05-08 03:57:39,038 - mylogger - INFO - 0.0164071
2017-05-08 03:57:39,039 - mylogger - INFO - 2014-04-21: No cover!
2017-05-08 03:57:39,340 - mylogger - INFO - 0.00358733
2017-05-08 03:57:39,340 - mylogger - INFO - 2014-04-22: hold
2017-05-08 03:57:39,648 - mylogger - INFO - -0.00225434
2017-05-08 03:57:39,649 - mylogger - INFO - 2014-04-23: sell
2017-05-08 03:57:40,035 - mylogger - INFO - -0.0053498
2017-05-08 03:57:40,036 - mylogger - INFO - 2014-04-24: sell
2017-05-08 03:57:40,339 - mylogger - INFO - -0.0184869
2017-05-08 03:57:40,340 - mylogger - INFO - 2014-04-25: sell
2017-05-08 03:57:40,642 - mylogger - INFO - 0.0166801
2017-05-08 03:57:40,643 - mylogger - INFO - 2014-04-28: No cover!
2017-05-08 03:57:41,029 - mylogger - INFO - -0.00712656
2017-05-08 03:57:41,030 - mylogger - INFO - 2014-04-29: sell
2017-05-08 03:57:41,335 - mylogger - INFO - -0.0131272
2017-05-08 03:57:41,336 - mylogger - INFO - 2014-04-30: sell
2017-05-08 03:57:41,640 - mylogger - INFO - -0.00513233
2017-05-08 03:57:41,641 - mylogger - INFO - 2014-05-01: sell
2017-05-08 03:57:41,946 - mylogger - INFO - 0.00329247
2017-05-08 03:57:41,946 - mylogger - INFO - 2014-05-02: hold
2017-05-08 03:57:42,338 - mylogger - INFO - -0.0213708
2017-05-08 03:57:42,339 - mylogger - INFO - 2014-05-05: sell
2017-05-08 03:57:42,643 - mylogger - INFO - -0.0118796
2017-05-08 03:57:42,644 - mylogger - INFO - 2014-05-06: sell
2017-05-08 03:57:42,950 - mylogger - INFO - -0.00491741
2017-05-08 03:57:42,951 - mylogger - INFO - 2014-05-07: sell
2017-05-08 03:57:43,350 - mylogger - INFO - -0.00807187
2017-05-08 03:57:43,351 - mylogger - INFO - 2014-05-08: sell
2017-05-08 03:57:43,653 - mylogger - INFO - -0.0165034
2017-05-08 03:57:43,654 - mylogger - INFO - 2014-05-09: sell
2017-05-08 03:57:43,964 - mylogger - INFO - -0.0118851
2017-05-08 03:57:43,965 - mylogger - INFO - 2014-05-12: sell
2017-05-08 03:57:44,351 - mylogger - INFO - -0.0161291
2017-05-08 03:57:44,352 - mylogger - INFO - 2014-05-13: sell
2017-05-08 03:57:44,657 - mylogger - INFO - -0.0119985
2017-05-08 03:57:44,658 - mylogger - INFO - 2014-05-14: sell
2017-05-08 03:57:44,967 - mylogger - INFO - -0.0162187
2017-05-08 03:57:44,967 - mylogger - INFO - 2014-05-15: sell
2017-05-08 03:57:45,358 - mylogger - INFO - -0.000933796
2017-05-08 03:57:45,359 - mylogger - INFO - 2014-05-16: sell
2017-05-08 03:57:45,664 - mylogger - INFO - -0.00473262
2017-05-08 03:57:45,665 - mylogger - INFO - 2014-05-19: sell
2017-05-08 03:57:45,971 - mylogger - INFO - -0.022623
2017-05-08 03:57:45,972 - mylogger - INFO - 2014-05-20: sell
2017-05-08 03:57:46,280 - mylogger - INFO - -0.00176835
2017-05-08 03:57:46,280 - mylogger - INFO - 2014-05-21: sell
2017-05-08 03:57:46,680 - mylogger - INFO - 0.00186391
2017-05-08 03:57:46,680 - mylogger - INFO - 2014-05-22: hold
2017-05-08 03:57:46,984 - mylogger - INFO - -0.011219
2017-05-08 03:57:46,985 - mylogger - INFO - 2014-05-23: sell
2017-05-08 03:57:47,289 - mylogger - INFO - 0.000624793
2017-05-08 03:57:47,290 - mylogger - INFO - 2014-05-27: hold
2017-05-08 03:57:47,680 - mylogger - INFO - 0.00110867
2017-05-08 03:57:47,681 - mylogger - INFO - 2014-05-28: hold
2017-05-08 03:57:47,984 - mylogger - INFO - 0.0172282
2017-05-08 03:57:47,985 - mylogger - INFO - 2014-05-29: No cover!
2017-05-08 03:57:48,288 - mylogger - INFO - 0.00843542
2017-05-08 03:57:48,288 - mylogger - INFO - 2014-05-30: hold
2017-05-08 03:57:48,681 - mylogger - INFO - 0.0164112
2017-05-08 03:57:48,682 - mylogger - INFO - 2014-06-02: No cover!
2017-05-08 03:57:48,987 - mylogger - INFO - 0.0106347
2017-05-08 03:57:48,988 - mylogger - INFO - 2014-06-03: No cover!
2017-05-08 03:57:49,290 - mylogger - INFO - -0.00608347
2017-05-08 03:57:49,291 - mylogger - INFO - 2014-06-04: sell
2017-05-08 03:57:49,683 - mylogger - INFO - 0.00586278
2017-05-08 03:57:49,683 - mylogger - INFO - 2014-06-05: hold
2017-05-08 03:57:49,989 - mylogger - INFO - -0.0141236
2017-05-08 03:57:49,990 - mylogger - INFO - 2014-06-06: sell
2017-05-08 03:57:50,292 - mylogger - INFO - -0.00349096
2017-05-08 03:57:50,293 - mylogger - INFO - 2014-06-09: sell
2017-05-08 03:57:50,602 - mylogger - INFO - -0.0116513
2017-05-08 03:57:50,602 - mylogger - INFO - 2014-06-10: sell
2017-05-08 03:57:50,997 - mylogger - INFO - -0.00121162
2017-05-08 03:57:50,998 - mylogger - INFO - 2014-06-11: sell
2017-05-08 03:57:51,303 - mylogger - INFO - -0.0109998
2017-05-08 03:57:51,304 - mylogger - INFO - 2014-06-12: sell
2017-05-08 03:57:51,609 - mylogger - INFO - 0.0165486
2017-05-08 03:57:51,610 - mylogger - INFO - 2014-06-13: No cover!
2017-05-08 03:57:51,998 - mylogger - INFO - -0.00173329
2017-05-08 03:57:51,999 - mylogger - INFO - 2014-06-16: sell
2017-05-08 03:57:52,301 - mylogger - INFO - 0.0141039
2017-05-08 03:57:52,302 - mylogger - INFO - 2014-06-17: No cover!
2017-05-08 03:57:52,607 - mylogger - INFO - -0.00547631
2017-05-08 03:57:52,607 - mylogger - INFO - 2014-06-18: sell
2017-05-08 03:57:52,996 - mylogger - INFO - 0.0038878
2017-05-08 03:57:52,997 - mylogger - INFO - 2014-06-19: hold
2017-05-08 03:57:53,299 - mylogger - INFO - 0.00855487
2017-05-08 03:57:53,299 - mylogger - INFO - 2014-06-20: hold
2017-05-08 03:57:53,603 - mylogger - INFO - 0.00582582
2017-05-08 03:57:53,603 - mylogger - INFO - 2014-06-23: hold
2017-05-08 03:57:53,994 - mylogger - INFO - 0.0199771
2017-05-08 03:57:53,995 - mylogger - INFO - 2014-06-24: No cover!
2017-05-08 03:57:54,297 - mylogger - INFO - 0.00695678
2017-05-08 03:57:54,297 - mylogger - INFO - 2014-06-25: hold
2017-05-08 03:57:54,602 - mylogger - INFO - 0.00100926
2017-05-08 03:57:54,602 - mylogger - INFO - 2014-06-26: hold
2017-05-08 03:57:54,991 - mylogger - INFO - -0.000156744
2017-05-08 03:57:54,992 - mylogger - INFO - 2014-06-27: sell
2017-05-08 03:57:55,295 - mylogger - INFO - 0.0315953
2017-05-08 03:57:55,296 - mylogger - INFO - 2014-06-30: No cover!
2017-05-08 03:57:55,602 - mylogger - INFO - 0.022819
2017-05-08 03:57:55,603 - mylogger - INFO - 2014-07-01: No cover!
2017-05-08 03:57:55,903 - mylogger - INFO - 0.00835251
2017-05-08 03:57:55,904 - mylogger - INFO - 2014-07-02: hold
2017-05-08 03:57:56,299 - mylogger - INFO - 0.00534679
2017-05-08 03:57:56,299 - mylogger - INFO - 2014-07-03: hold
2017-05-08 03:57:56,602 - mylogger - INFO - -0.00842006
2017-05-08 03:57:56,603 - mylogger - INFO - 2014-07-07: sell
2017-05-08 03:57:56,909 - mylogger - INFO - -0.000113508
2017-05-08 03:57:56,910 - mylogger - INFO - 2014-07-08: sell
2017-05-08 03:57:57,301 - mylogger - INFO - -0.00976054
2017-05-08 03:57:57,302 - mylogger - INFO - 2014-07-09: sell
2017-05-08 03:57:57,605 - mylogger - INFO - -0.00395798
2017-05-08 03:57:57,605 - mylogger - INFO - 2014-07-10: sell
2017-05-08 03:57:57,907 - mylogger - INFO - 0.00443009
2017-05-08 03:57:57,908 - mylogger - INFO - 2014-07-11: hold
2017-05-08 03:57:58,299 - mylogger - INFO - -0.016243
2017-05-08 03:57:58,300 - mylogger - INFO - 2014-07-14: sell
2017-05-08 03:57:58,607 - mylogger - INFO - -0.00181949
2017-05-08 03:57:58,608 - mylogger - INFO - 2014-07-15: sell
2017-05-08 03:57:58,913 - mylogger - INFO - 0.00608509
2017-05-08 03:57:58,913 - mylogger - INFO - 2014-07-16: hold
2017-05-08 03:57:59,302 - mylogger - INFO - -0.00197117
2017-05-08 03:57:59,303 - mylogger - INFO - 2014-07-17: sell
2017-05-08 03:57:59,612 - mylogger - INFO - -0.00134285
2017-05-08 03:57:59,613 - mylogger - INFO - 2014-07-18: sell
2017-05-08 03:57:59,919 - mylogger - INFO - -0.0113234
2017-05-08 03:57:59,920 - mylogger - INFO - 2014-07-21: sell
2017-05-08 03:58:00,229 - mylogger - INFO - -0.00583306
2017-05-08 03:58:00,230 - mylogger - INFO - 2014-07-22: sell
2017-05-08 03:58:00,628 - mylogger - INFO - -0.00040469
2017-05-08 03:58:00,629 - mylogger - INFO - 2014-07-23: sell
2017-05-08 03:58:00,936 - mylogger - INFO - -0.0102829
2017-05-08 03:58:00,937 - mylogger - INFO - 2014-07-24: sell
2017-05-08 03:58:01,239 - mylogger - INFO - -0.0283916
2017-05-08 03:58:01,240 - mylogger - INFO - 2014-07-25: sell
2017-05-08 03:58:01,633 - mylogger - INFO - -0.00106519
2017-05-08 03:58:01,634 - mylogger - INFO - 2014-07-28: sell
2017-05-08 03:58:01,941 - mylogger - INFO - -0.0232494
2017-05-08 03:58:01,941 - mylogger - INFO - 2014-07-29: sell
2017-05-08 03:58:02,249 - mylogger - INFO - -0.00803073
2017-05-08 03:58:02,250 - mylogger - INFO - 2014-07-30: sell
2017-05-08 03:58:02,640 - mylogger - INFO - -0.0150395
2017-05-08 03:58:02,641 - mylogger - INFO - 2014-07-31: sell
2017-05-08 03:58:02,951 - mylogger - INFO - -0.0199407
2017-05-08 03:58:02,952 - mylogger - INFO - 2014-08-01: sell
2017-05-08 03:58:03,256 - mylogger - INFO - -0.00428928
2017-05-08 03:58:03,257 - mylogger - INFO - 2014-08-04: sell
2017-05-08 03:58:03,651 - mylogger - INFO - 0.000382936
2017-05-08 03:58:03,651 - mylogger - INFO - 2014-08-05: hold
2017-05-08 03:58:03,958 - mylogger - INFO - 0.00629717
2017-05-08 03:58:03,959 - mylogger - INFO - 2014-08-06: hold
2017-05-08 03:58:04,264 - mylogger - INFO - 0.0173608
2017-05-08 03:58:04,265 - mylogger - INFO - 2014-08-07: No cover!
2017-05-08 03:58:04,567 - mylogger - INFO - -0.00404034
2017-05-08 03:58:04,568 - mylogger - INFO - 2014-08-08: sell
2017-05-08 03:58:04,966 - mylogger - INFO - 0.00590034
2017-05-08 03:58:04,966 - mylogger - INFO - 2014-08-11: hold
2017-05-08 03:58:05,269 - mylogger - INFO - -0.00442624
2017-05-08 03:58:05,270 - mylogger - INFO - 2014-08-12: sell
2017-05-08 03:58:05,580 - mylogger - INFO - 0.022824
2017-05-08 03:58:05,581 - mylogger - INFO - 2014-08-13: No cover!
2017-05-08 03:58:05,974 - mylogger - INFO - 0.0234513
2017-05-08 03:58:05,975 - mylogger - INFO - 2014-08-14: No cover!
2017-05-08 03:58:06,282 - mylogger - INFO - 0.00998327
2017-05-08 03:58:06,282 - mylogger - INFO - 2014-08-15: hold
2017-05-08 03:58:06,584 - mylogger - INFO - 0.0147341
2017-05-08 03:58:06,585 - mylogger - INFO - 2014-08-18: No cover!
2017-05-08 03:58:06,978 - mylogger - INFO - 0.0086323
2017-05-08 03:58:06,978 - mylogger - INFO - 2014-08-19: hold
2017-05-08 03:58:07,283 - mylogger - INFO - 0.0232184
2017-05-08 03:58:07,284 - mylogger - INFO - 2014-08-20: No cover!
2017-05-08 03:58:07,586 - mylogger - INFO - 0.00199292
2017-05-08 03:58:07,587 - mylogger - INFO - 2014-08-21: hold
2017-05-08 03:58:07,973 - mylogger - INFO - 0.00725425
2017-05-08 03:58:07,973 - mylogger - INFO - 2014-08-22: hold
2017-05-08 03:58:08,276 - mylogger - INFO - 2.84936e-05
2017-05-08 03:58:08,276 - mylogger - INFO - 2014-08-25: hold
2017-05-08 03:58:08,580 - mylogger - INFO - -0.00544013
2017-05-08 03:58:08,581 - mylogger - INFO - 2014-08-26: sell
2017-05-08 03:58:08,883 - mylogger - INFO - -0.020115
2017-05-08 03:58:08,884 - mylogger - INFO - 2014-08-27: sell
2017-05-08 03:58:09,284 - mylogger - INFO - -0.0171862
2017-05-08 03:58:09,285 - mylogger - INFO - 2014-08-28: sell
2017-05-08 03:58:09,591 - mylogger - INFO - -0.0132361
2017-05-08 03:58:09,592 - mylogger - INFO - 2014-08-29: sell
2017-05-08 03:58:09,899 - mylogger - INFO - -0.0380113
2017-05-08 03:58:09,900 - mylogger - INFO - 2014-09-02: sell
2017-05-08 03:58:10,288 - mylogger - INFO - -0.0204868
2017-05-08 03:58:10,288 - mylogger - INFO - 2014-09-03: sell
2017-05-08 03:58:10,594 - mylogger - INFO - 0.00204398
2017-05-08 03:58:10,595 - mylogger - INFO - 2014-09-04: hold
2017-05-08 03:58:10,896 - mylogger - INFO - -0.00703137
2017-05-08 03:58:10,896 - mylogger - INFO - 2014-09-05: sell
2017-05-08 03:58:11,288 - mylogger - INFO - 0.00845428
2017-05-08 03:58:11,289 - mylogger - INFO - 2014-09-08: hold
2017-05-08 03:58:11,592 - mylogger - INFO - 0.00977881
2017-05-08 03:58:11,592 - mylogger - INFO - 2014-09-09: hold
2017-05-08 03:58:11,895 - mylogger - INFO - 0.000206115
2017-05-08 03:58:11,895 - mylogger - INFO - 2014-09-10: hold
2017-05-08 03:58:12,287 - mylogger - INFO - -0.00397348
2017-05-08 03:58:12,288 - mylogger - INFO - 2014-09-11: sell
2017-05-08 03:58:12,592 - mylogger - INFO - -0.0148312
2017-05-08 03:58:12,593 - mylogger - INFO - 2014-09-12: sell
2017-05-08 03:58:12,898 - mylogger - INFO - -0.00315933
2017-05-08 03:58:12,899 - mylogger - INFO - 2014-09-15: sell
2017-05-08 03:58:13,204 - mylogger - INFO - -0.0273355
2017-05-08 03:58:13,205 - mylogger - INFO - 2014-09-16: sell
2017-05-08 03:58:13,613 - mylogger - INFO - -0.007601
2017-05-08 03:58:13,613 - mylogger - INFO - 2014-09-17: sell
2017-05-08 03:58:13,915 - mylogger - INFO - -0.00413673
2017-05-08 03:58:13,916 - mylogger - INFO - 2014-09-18: sell
2017-05-08 03:58:14,222 - mylogger - INFO - -0.00417722
2017-05-08 03:58:14,223 - mylogger - INFO - 2014-09-19: sell
2017-05-08 03:58:14,612 - mylogger - INFO - -0.00120757
2017-05-08 03:58:14,612 - mylogger - INFO - 2014-09-22: sell
2017-05-08 03:58:14,917 - mylogger - INFO - -0.000346461
2017-05-08 03:58:14,918 - mylogger - INFO - 2014-09-23: sell
2017-05-08 03:58:15,221 - mylogger - INFO - -0.00321059
2017-05-08 03:58:15,222 - mylogger - INFO - 2014-09-24: sell
2017-05-08 03:58:15,618 - mylogger - INFO - -0.00236456
2017-05-08 03:58:15,619 - mylogger - INFO - 2014-09-25: sell
2017-05-08 03:58:15,922 - mylogger - INFO - -0.0129174
2017-05-08 03:58:15,923 - mylogger - INFO - 2014-09-26: sell
2017-05-08 03:58:16,226 - mylogger - INFO - -0.0215199
2017-05-08 03:58:16,226 - mylogger - INFO - 2014-09-29: sell
2017-05-08 03:58:16,624 - mylogger - INFO - -0.0284886
2017-05-08 03:58:16,625 - mylogger - INFO - 2014-09-30: sell
2017-05-08 03:58:16,930 - mylogger - INFO - -0.00980079
2017-05-08 03:58:16,931 - mylogger - INFO - 2014-10-01: sell
2017-05-08 03:58:17,242 - mylogger - INFO - -0.00893847
2017-05-08 03:58:17,243 - mylogger - INFO - 2014-10-02: sell
2017-05-08 03:58:17,549 - mylogger - INFO - -0.0128756
2017-05-08 03:58:17,550 - mylogger - INFO - 2014-10-03: sell
2017-05-08 03:58:17,951 - mylogger - INFO - -0.00747319
2017-05-08 03:58:17,952 - mylogger - INFO - 2014-10-06: sell
2017-05-08 03:58:18,255 - mylogger - INFO - -0.0367611
2017-05-08 03:58:18,256 - mylogger - INFO - 2014-10-07: sell
2017-05-08 03:58:18,563 - mylogger - INFO - -0.005718
2017-05-08 03:58:18,564 - mylogger - INFO - 2014-10-08: sell
2017-05-08 03:58:18,956 - mylogger - INFO - 0.00468301
2017-05-08 03:58:18,956 - mylogger - INFO - 2014-10-09: hold
2017-05-08 03:58:19,259 - mylogger - INFO - 0.00130546
2017-05-08 03:58:19,259 - mylogger - INFO - 2014-10-10: hold
2017-05-08 03:58:19,563 - mylogger - INFO - -0.00782223
2017-05-08 03:58:19,564 - mylogger - INFO - 2014-10-13: sell
2017-05-08 03:58:19,962 - mylogger - INFO - 0.00715411
2017-05-08 03:58:19,962 - mylogger - INFO - 2014-10-14: hold
2017-05-08 03:58:20,266 - mylogger - INFO - -0.00552603
2017-05-08 03:58:20,266 - mylogger - INFO - 2014-10-15: sell
2017-05-08 03:58:20,573 - mylogger - INFO - -0.00351868
2017-05-08 03:58:20,574 - mylogger - INFO - 2014-10-16: sell
2017-05-08 03:58:20,985 - mylogger - INFO - 0.00773397
2017-05-08 03:58:20,985 - mylogger - INFO - 2014-10-17: hold
2017-05-08 03:58:21,287 - mylogger - INFO - 0.00666716
2017-05-08 03:58:21,288 - mylogger - INFO - 2014-10-20: hold
2017-05-08 03:58:21,590 - mylogger - INFO - 0.0174068
2017-05-08 03:58:21,592 - mylogger - INFO - 2014-10-21: No cover!
2017-05-08 03:58:21,987 - mylogger - INFO - -0.00373292
2017-05-08 03:58:21,988 - mylogger - INFO - 2014-10-22: sell
2017-05-08 03:58:22,292 - mylogger - INFO - 0.00606594
2017-05-08 03:58:22,292 - mylogger - INFO - 2014-10-23: hold
2017-05-08 03:58:22,599 - mylogger - INFO - 0.00496807
2017-05-08 03:58:22,599 - mylogger - INFO - 2014-10-24: hold
2017-05-08 03:58:22,904 - mylogger - INFO - 0.0132986
2017-05-08 03:58:22,905 - mylogger - INFO - 2014-10-27: No cover!
2017-05-08 03:58:23,305 - mylogger - INFO - 0.017516
2017-05-08 03:58:23,306 - mylogger - INFO - 2014-10-28: No cover!
2017-05-08 03:58:23,608 - mylogger - INFO - -0.00835651
2017-05-08 03:58:23,609 - mylogger - INFO - 2014-10-29: sell
2017-05-08 03:58:23,913 - mylogger - INFO - 0.00699923
2017-05-08 03:58:23,913 - mylogger - INFO - 2014-10-30: hold
2017-05-08 03:58:24,305 - mylogger - INFO - -0.00542985
2017-05-08 03:58:24,305 - mylogger - INFO - 2014-10-31: sell
2017-05-08 03:58:24,612 - mylogger - INFO - -0.00692754
2017-05-08 03:58:24,613 - mylogger - INFO - 2014-11-03: sell
2017-05-08 03:58:24,920 - mylogger - INFO - -0.00190198
2017-05-08 03:58:24,921 - mylogger - INFO - 2014-11-04: sell
2017-05-08 03:58:25,317 - mylogger - INFO - -0.000649528
2017-05-08 03:58:25,318 - mylogger - INFO - 2014-11-05: sell
2017-05-08 03:58:25,625 - mylogger - INFO - 0.00863095
2017-05-08 03:58:25,625 - mylogger - INFO - 2014-11-06: hold
2017-05-08 03:58:25,933 - mylogger - INFO - 0.0235543
2017-05-08 03:58:25,934 - mylogger - INFO - 2014-11-07: No cover!
2017-05-08 03:58:26,334 - mylogger - INFO - -0.0086659
2017-05-08 03:58:26,335 - mylogger - INFO - 2014-11-10: sell
2017-05-08 03:58:26,638 - mylogger - INFO - -0.00878259
2017-05-08 03:58:26,639 - mylogger - INFO - 2014-11-11: sell
2017-05-08 03:58:26,946 - mylogger - INFO - -0.0244121
2017-05-08 03:58:26,947 - mylogger - INFO - 2014-11-12: sell
2017-05-08 03:58:27,343 - mylogger - INFO - -0.0163338
2017-05-08 03:58:27,344 - mylogger - INFO - 2014-11-13: sell
2017-05-08 03:58:27,652 - mylogger - INFO - 0.00353835
2017-05-08 03:58:27,652 - mylogger - INFO - 2014-11-14: hold
2017-05-08 03:58:27,957 - mylogger - INFO - -0.0020356
2017-05-08 03:58:27,958 - mylogger - INFO - 2014-11-17: sell
2017-05-08 03:58:28,268 - mylogger - INFO - -0.0205368
2017-05-08 03:58:28,269 - mylogger - INFO - 2014-11-18: sell
2017-05-08 03:58:28,669 - mylogger - INFO - -0.0160181
2017-05-08 03:58:28,670 - mylogger - INFO - 2014-11-19: sell
2017-05-08 03:58:28,977 - mylogger - INFO - 0.0032689
2017-05-08 03:58:28,977 - mylogger - INFO - 2014-11-20: hold
2017-05-08 03:58:29,280 - mylogger - INFO - 0.00489108
2017-05-08 03:58:29,280 - mylogger - INFO - 2014-11-21: hold
2017-05-08 03:58:29,671 - mylogger - INFO - 0.00194413
2017-05-08 03:58:29,671 - mylogger - INFO - 2014-11-24: hold
2017-05-08 03:58:29,974 - mylogger - INFO - 0.00549655
2017-05-08 03:58:29,974 - mylogger - INFO - 2014-11-25: hold
2017-05-08 03:58:30,278 - mylogger - INFO - -0.0100677
2017-05-08 03:58:30,279 - mylogger - INFO - 2014-11-26: sell
2017-05-08 03:58:30,674 - mylogger - INFO - 0.00603043
2017-05-08 03:58:30,674 - mylogger - INFO - 2014-11-28: hold
2017-05-08 03:58:30,979 - mylogger - INFO - -0.0153822
2017-05-08 03:58:30,980 - mylogger - INFO - 2014-12-01: sell
2017-05-08 03:58:31,286 - mylogger - INFO - -0.000508033
2017-05-08 03:58:31,287 - mylogger - INFO - 2014-12-02: sell
2017-05-08 03:58:31,700 - mylogger - INFO - -0.0086369
2017-05-08 03:58:31,701 - mylogger - INFO - 2014-12-03: sell
2017-05-08 03:58:32,007 - mylogger - INFO - -0.0101576
2017-05-08 03:58:32,008 - mylogger - INFO - 2014-12-04: sell
2017-05-08 03:58:32,311 - mylogger - INFO - -0.00782457
2017-05-08 03:58:32,312 - mylogger - INFO - 2014-12-05: sell
2017-05-08 03:58:32,616 - mylogger - INFO - 0.00258259
2017-05-08 03:58:32,617 - mylogger - INFO - 2014-12-08: hold
2017-05-08 03:58:33,021 - mylogger - INFO - -0.0143888
2017-05-08 03:58:33,022 - mylogger - INFO - 2014-12-09: sell
2017-05-08 03:58:33,325 - mylogger - INFO - 0.00443548
2017-05-08 03:58:33,325 - mylogger - INFO - 2014-12-10: hold
2017-05-08 03:58:33,639 - mylogger - INFO - -0.00692712
2017-05-08 03:58:33,640 - mylogger - INFO - 2014-12-11: sell
2017-05-08 03:58:34,066 - mylogger - INFO - -0.0168392
2017-05-08 03:58:34,067 - mylogger - INFO - 2014-12-12: sell
2017-05-08 03:58:34,383 - mylogger - INFO - -0.00580634
2017-05-08 03:58:34,384 - mylogger - INFO - 2014-12-15: sell
2017-05-08 03:58:34,694 - mylogger - INFO - -0.00925174
2017-05-08 03:58:34,694 - mylogger - INFO - 2014-12-16: sell
2017-05-08 03:58:35,092 - mylogger - INFO - -0.000535799
2017-05-08 03:58:35,093 - mylogger - INFO - 2014-12-17: sell
2017-05-08 03:58:35,398 - mylogger - INFO - 0.00283666
2017-05-08 03:58:35,399 - mylogger - INFO - 2014-12-18: hold
2017-05-08 03:58:35,708 - mylogger - INFO - 0.0208087
2017-05-08 03:58:35,709 - mylogger - INFO - 2014-12-19: No cover!
2017-05-08 03:58:36,110 - mylogger - INFO - 0.0314164
2017-05-08 03:58:36,111 - mylogger - INFO - 2014-12-22: No cover!
2017-05-08 03:58:36,422 - mylogger - INFO - 0.0104236
2017-05-08 03:58:36,423 - mylogger - INFO - 2014-12-23: No cover!
2017-05-08 03:58:36,725 - mylogger - INFO - 0.0131448
2017-05-08 03:58:36,726 - mylogger - INFO - 2014-12-24: No cover!
2017-05-08 03:58:37,069 - mylogger - INFO - 0.0029954
2017-05-08 03:58:37,070 - mylogger - INFO - 2014-12-26: hold
2017-05-08 03:58:37,598 - mylogger - INFO - 0.0102972
2017-05-08 03:58:37,599 - mylogger - INFO - 2014-12-29: No cover!
2017-05-08 03:58:37,987 - mylogger - INFO - 0.0308791
2017-05-08 03:58:37,988 - mylogger - INFO - 2014-12-30: No cover!
2017-05-08 03:58:38,322 - mylogger - INFO - 0.0190286
2017-05-08 03:58:38,323 - mylogger - INFO - 2014-12-31: No cover!
2017-05-08 03:58:38,751 - mylogger - INFO - 0.0338945
2017-05-08 03:58:38,752 - mylogger - INFO - 2015-01-02: No cover!
2017-05-08 03:58:39,102 - mylogger - INFO - 0.0405179
2017-05-08 03:58:39,103 - mylogger - INFO - 2015-01-05: No cover!
2017-05-08 03:58:39,435 - mylogger - INFO - 0.0211151
2017-05-08 03:58:39,436 - mylogger - INFO - 2015-01-06: No cover!
2017-05-08 03:58:39,872 - mylogger - INFO - 0.00408815
2017-05-08 03:58:39,872 - mylogger - INFO - 2015-01-07: hold
2017-05-08 03:58:40,213 - mylogger - INFO - 0.0104964
2017-05-08 03:58:40,214 - mylogger - INFO - 2015-01-08: No cover!
2017-05-08 03:58:40,548 - mylogger - INFO - -0.00660398
2017-05-08 03:58:40,549 - mylogger - INFO - 2015-01-09: sell
2017-05-08 03:58:40,989 - mylogger - INFO - 0.0121961
2017-05-08 03:58:40,990 - mylogger - INFO - 2015-01-12: No cover!
2017-05-08 03:58:41,323 - mylogger - INFO - 0.0102904
2017-05-08 03:58:41,324 - mylogger - INFO - 2015-01-13: No cover!
2017-05-08 03:58:41,661 - mylogger - INFO - -0.0144903
2017-05-08 03:58:41,662 - mylogger - INFO - 2015-01-14: sell
2017-05-08 03:58:42,006 - mylogger - INFO - 0.00208109
2017-05-08 03:58:42,006 - mylogger - INFO - 2015-01-15: hold
2017-05-08 03:58:42,446 - mylogger - INFO - 0.00739914
2017-05-08 03:58:42,447 - mylogger - INFO - 2015-01-16: hold
2017-05-08 03:58:42,912 - mylogger - INFO - -0.00230235
2017-05-08 03:58:42,914 - mylogger - INFO - 2015-01-20: sell
2017-05-08 03:58:43,424 - mylogger - INFO - 0.00965503
2017-05-08 03:58:43,424 - mylogger - INFO - 2015-01-21: hold
2017-05-08 03:58:43,940 - mylogger - INFO - 0.00653086
2017-05-08 03:58:43,940 - mylogger - INFO - 2015-01-22: hold
2017-05-08 03:58:44,265 - mylogger - INFO - 0.0133445
2017-05-08 03:58:44,266 - mylogger - INFO - 2015-01-23: No cover!
2017-05-08 03:58:44,595 - mylogger - INFO - 0.0158077
2017-05-08 03:58:44,597 - mylogger - INFO - 2015-01-26: No cover!
2017-05-08 03:58:45,030 - mylogger - INFO - 0.0085325
2017-05-08 03:58:45,031 - mylogger - INFO - 2015-01-27: hold
2017-05-08 03:58:45,362 - mylogger - INFO - 0.0049522
2017-05-08 03:58:45,362 - mylogger - INFO - 2015-01-28: hold
2017-05-08 03:58:45,698 - mylogger - INFO - 0.0111264
2017-05-08 03:58:45,699 - mylogger - INFO - 2015-01-29: No cover!
2017-05-08 03:58:46,145 - mylogger - INFO - 0.0133918
2017-05-08 03:58:46,146 - mylogger - INFO - 2015-01-30: No cover!
2017-05-08 03:58:46,485 - mylogger - INFO - 0.0195414
2017-05-08 03:58:46,486 - mylogger - INFO - 2015-02-02: No cover!
2017-05-08 03:58:46,827 - mylogger - INFO - 0.010949
2017-05-08 03:58:46,828 - mylogger - INFO - 2015-02-03: No cover!
2017-05-08 03:58:47,188 - mylogger - INFO - 0.0207722
2017-05-08 03:58:47,189 - mylogger - INFO - 2015-02-04: No cover!
2017-05-08 03:58:47,627 - mylogger - INFO - 0.0190072
2017-05-08 03:58:47,628 - mylogger - INFO - 2015-02-05: No cover!
2017-05-08 03:58:47,956 - mylogger - INFO - 0.0174174
2017-05-08 03:58:47,957 - mylogger - INFO - 2015-02-06: No cover!
2017-05-08 03:58:48,289 - mylogger - INFO - -0.00550493
2017-05-08 03:58:48,290 - mylogger - INFO - 2015-02-09: sell
2017-05-08 03:58:48,758 - mylogger - INFO - 0.0235436
2017-05-08 03:58:48,759 - mylogger - INFO - 2015-02-10: No cover!
2017-05-08 03:58:49,116 - mylogger - INFO - 0.00655214
2017-05-08 03:58:49,116 - mylogger - INFO - 2015-02-11: hold
2017-05-08 03:58:49,459 - mylogger - INFO - 0.00264049
2017-05-08 03:58:49,459 - mylogger - INFO - 2015-02-12: hold
2017-05-08 03:58:49,898 - mylogger - INFO - 0.00173437
2017-05-08 03:58:49,898 - mylogger - INFO - 2015-02-13: hold
2017-05-08 03:58:50,240 - mylogger - INFO - 0.0073675
2017-05-08 03:58:50,240 - mylogger - INFO - 2015-02-17: hold
2017-05-08 03:58:50,594 - mylogger - INFO - 0.0279449
2017-05-08 03:58:50,595 - mylogger - INFO - 2015-02-18: No cover!
2017-05-08 03:58:51,335 - mylogger - INFO - 0.0114341
2017-05-08 03:58:51,338 - mylogger - INFO - 2015-02-19: No cover!
2017-05-08 03:58:51,724 - mylogger - INFO - 0.0140424
2017-05-08 03:58:51,725 - mylogger - INFO - 2015-02-20: No cover!
2017-05-08 03:58:52,054 - mylogger - INFO - 0.00701496
2017-05-08 03:58:52,054 - mylogger - INFO - 2015-02-23: hold
2017-05-08 03:58:52,358 - mylogger - INFO - 0.0165693
2017-05-08 03:58:52,359 - mylogger - INFO - 2015-02-24: No cover!
2017-05-08 03:58:52,760 - mylogger - INFO - 0.00323001
2017-05-08 03:58:52,760 - mylogger - INFO - 2015-02-25: hold
2017-05-08 03:58:53,063 - mylogger - INFO - 0.00728479
2017-05-08 03:58:53,063 - mylogger - INFO - 2015-02-26: hold
2017-05-08 03:58:53,366 - mylogger - INFO - 0.00571681
2017-05-08 03:58:53,366 - mylogger - INFO - 2015-02-27: hold
2017-05-08 03:58:53,762 - mylogger - INFO - 0.00448474
2017-05-08 03:58:53,762 - mylogger - INFO - 2015-03-02: hold
2017-05-08 03:58:54,065 - mylogger - INFO - 0.00459307
2017-05-08 03:58:54,065 - mylogger - INFO - 2015-03-03: hold
2017-05-08 03:58:54,364 - mylogger - INFO - 1.75422e-05
2017-05-08 03:58:54,364 - mylogger - INFO - 2015-03-04: hold
2017-05-08 03:58:54,757 - mylogger - INFO - -0.00259512
2017-05-08 03:58:54,758 - mylogger - INFO - 2015-03-05: sell
2017-05-08 03:58:55,061 - mylogger - INFO - -0.00567999
2017-05-08 03:58:55,062 - mylogger - INFO - 2015-03-06: sell
2017-05-08 03:58:55,364 - mylogger - INFO - 0.00538148
2017-05-08 03:58:55,365 - mylogger - INFO - 2015-03-09: hold
2017-05-08 03:58:55,787 - mylogger - INFO - -0.0144674
2017-05-08 03:58:55,788 - mylogger - INFO - 2015-03-10: sell
2017-05-08 03:58:56,119 - mylogger - INFO - -0.0095013
2017-05-08 03:58:56,120 - mylogger - INFO - 2015-03-11: sell
2017-05-08 03:58:56,455 - mylogger - INFO - -0.0035865
2017-05-08 03:58:56,456 - mylogger - INFO - 2015-03-12: sell
2017-05-08 03:58:56,760 - mylogger - INFO - -0.0121102
2017-05-08 03:58:56,760 - mylogger - INFO - 2015-03-13: sell
2017-05-08 03:58:57,162 - mylogger - INFO - -0.0077647
2017-05-08 03:58:57,163 - mylogger - INFO - 2015-03-16: sell
2017-05-08 03:58:57,467 - mylogger - INFO - -0.0133122
2017-05-08 03:58:57,468 - mylogger - INFO - 2015-03-17: sell
2017-05-08 03:58:57,770 - mylogger - INFO - -0.00393364
2017-05-08 03:58:57,771 - mylogger - INFO - 2015-03-18: sell
2017-05-08 03:58:58,165 - mylogger - INFO - -0.00121343
2017-05-08 03:58:58,166 - mylogger - INFO - 2015-03-19: sell
2017-05-08 03:58:58,467 - mylogger - INFO - 0.00268877
2017-05-08 03:58:58,467 - mylogger - INFO - 2015-03-20: hold
2017-05-08 03:58:58,775 - mylogger - INFO - 0.0015839
2017-05-08 03:58:58,775 - mylogger - INFO - 2015-03-23: hold
2017-05-08 03:58:59,166 - mylogger - INFO - 0.00494208
2017-05-08 03:58:59,166 - mylogger - INFO - 2015-03-24: hold
2017-05-08 03:58:59,466 - mylogger - INFO - 0.00911814
2017-05-08 03:58:59,467 - mylogger - INFO - 2015-03-25: hold
2017-05-08 03:58:59,768 - mylogger - INFO - 0.000631851
2017-05-08 03:58:59,768 - mylogger - INFO - 2015-03-26: hold
2017-05-08 03:59:00,159 - mylogger - INFO - 0.00115274
2017-05-08 03:59:00,159 - mylogger - INFO - 2015-03-27: hold
2017-05-08 03:59:00,462 - mylogger - INFO - 0.0107878
2017-05-08 03:59:00,463 - mylogger - INFO - 2015-03-30: No cover!
2017-05-08 03:59:00,764 - mylogger - INFO - -0.0145446
2017-05-08 03:59:00,765 - mylogger - INFO - 2015-03-31: sell
2017-05-08 03:59:01,163 - mylogger - INFO - -0.000336438
2017-05-08 03:59:01,164 - mylogger - INFO - 2015-04-01: sell
2017-05-08 03:59:01,466 - mylogger - INFO - -0.0172014
2017-05-08 03:59:01,467 - mylogger - INFO - 2015-04-02: sell
2017-05-08 03:59:01,780 - mylogger - INFO - -0.0241287
2017-05-08 03:59:01,781 - mylogger - INFO - 2015-04-06: sell
2017-05-08 03:59:02,083 - mylogger - INFO - 0.0133778
2017-05-08 03:59:02,085 - mylogger - INFO - 2015-04-07: No cover!
2017-05-08 03:59:02,483 - mylogger - INFO - -0.0177254
2017-05-08 03:59:02,484 - mylogger - INFO - 2015-04-08: sell
2017-05-08 03:59:02,786 - mylogger - INFO - -0.00321949
2017-05-08 03:59:02,787 - mylogger - INFO - 2015-04-09: sell
2017-05-08 03:59:03,090 - mylogger - INFO - 0.0112068
2017-05-08 03:59:03,091 - mylogger - INFO - 2015-04-10: No cover!
2017-05-08 03:59:03,481 - mylogger - INFO - 0.00879954
2017-05-08 03:59:03,481 - mylogger - INFO - 2015-04-13: hold
2017-05-08 03:59:03,787 - mylogger - INFO - -0.00493905
2017-05-08 03:59:03,788 - mylogger - INFO - 2015-04-14: sell
2017-05-08 03:59:04,091 - mylogger - INFO - 0.00639383
2017-05-08 03:59:04,091 - mylogger - INFO - 2015-04-15: hold
2017-05-08 03:59:04,482 - mylogger - INFO - 0.00652056
2017-05-08 03:59:04,482 - mylogger - INFO - 2015-04-16: hold
2017-05-08 03:59:04,783 - mylogger - INFO - 0.00127693
2017-05-08 03:59:04,783 - mylogger - INFO - 2015-04-17: hold
2017-05-08 03:59:05,086 - mylogger - INFO - 0.00550353
2017-05-08 03:59:05,087 - mylogger - INFO - 2015-04-20: hold
2017-05-08 03:59:05,481 - mylogger - INFO - 0.00737683
2017-05-08 03:59:05,482 - mylogger - INFO - 2015-04-21: hold
2017-05-08 03:59:05,790 - mylogger - INFO - -0.00253277
2017-05-08 03:59:05,791 - mylogger - INFO - 2015-04-22: sell
2017-05-08 03:59:06,094 - mylogger - INFO - 0.00930768
2017-05-08 03:59:06,095 - mylogger - INFO - 2015-04-23: hold
2017-05-08 03:59:06,399 - mylogger - INFO - 0.00514765
2017-05-08 03:59:06,399 - mylogger - INFO - 2015-04-24: hold
2017-05-08 03:59:06,800 - mylogger - INFO - 0.0159318
2017-05-08 03:59:06,801 - mylogger - INFO - 2015-04-27: No cover!
2017-05-08 03:59:07,137 - mylogger - INFO - 0.00284204
2017-05-08 03:59:07,137 - mylogger - INFO - 2015-04-28: hold
2017-05-08 03:59:07,440 - mylogger - INFO - 0.00996938
2017-05-08 03:59:07,440 - mylogger - INFO - 2015-04-29: hold
2017-05-08 03:59:07,832 - mylogger - INFO - 0.0017919
2017-05-08 03:59:07,833 - mylogger - INFO - 2015-04-30: hold
2017-05-08 03:59:08,145 - mylogger - INFO - -0.00471687
2017-05-08 03:59:08,146 - mylogger - INFO - 2015-05-01: sell
2017-05-08 03:59:08,447 - mylogger - INFO - 0.0037113
2017-05-08 03:59:08,447 - mylogger - INFO - 2015-05-04: hold
2017-05-08 03:59:08,844 - mylogger - INFO - -0.00197917
2017-05-08 03:59:08,845 - mylogger - INFO - 2015-05-05: sell
2017-05-08 03:59:09,148 - mylogger - INFO - -0.00403443
2017-05-08 03:59:09,149 - mylogger - INFO - 2015-05-06: sell
2017-05-08 03:59:09,452 - mylogger - INFO - 0.00612774
2017-05-08 03:59:09,452 - mylogger - INFO - 2015-05-07: hold
2017-05-08 03:59:09,850 - mylogger - INFO - -0.0101846
2017-05-08 03:59:09,851 - mylogger - INFO - 2015-05-08: sell
2017-05-08 03:59:10,156 - mylogger - INFO - -0.0200946
2017-05-08 03:59:10,156 - mylogger - INFO - 2015-05-11: sell
2017-05-08 03:59:10,459 - mylogger - INFO - -0.00694052
2017-05-08 03:59:10,460 - mylogger - INFO - 2015-05-12: sell
2017-05-08 03:59:10,762 - mylogger - INFO - 0.00802742
2017-05-08 03:59:10,762 - mylogger - INFO - 2015-05-13: hold
2017-05-08 03:59:11,159 - mylogger - INFO - -0.00615793
2017-05-08 03:59:11,160 - mylogger - INFO - 2015-05-14: sell
2017-05-08 03:59:11,461 - mylogger - INFO - -0.00494721
2017-05-08 03:59:11,462 - mylogger - INFO - 2015-05-15: sell
2017-05-08 03:59:11,766 - mylogger - INFO - -0.0210642
2017-05-08 03:59:11,767 - mylogger - INFO - 2015-05-18: sell
2017-05-08 03:59:12,159 - mylogger - INFO - -0.00866591
2017-05-08 03:59:12,160 - mylogger - INFO - 2015-05-19: sell
2017-05-08 03:59:12,462 - mylogger - INFO - -3.17266e-05
2017-05-08 03:59:12,463 - mylogger - INFO - 2015-05-20: sell
2017-05-08 03:59:12,765 - mylogger - INFO - 0.000908371
2017-05-08 03:59:12,765 - mylogger - INFO - 2015-05-21: hold
2017-05-08 03:59:13,157 - mylogger - INFO - -0.0124309
2017-05-08 03:59:13,158 - mylogger - INFO - 2015-05-22: sell
2017-05-08 03:59:13,459 - mylogger - INFO - -0.00362217
2017-05-08 03:59:13,460 - mylogger - INFO - 2015-05-26: sell
2017-05-08 03:59:13,763 - mylogger - INFO - 0.0106957
2017-05-08 03:59:13,764 - mylogger - INFO - 2015-05-27: No cover!
2017-05-08 03:59:14,158 - mylogger - INFO - 0.00530501
2017-05-08 03:59:14,158 - mylogger - INFO - 2015-05-28: hold
2017-05-08 03:59:14,458 - mylogger - INFO - 0.0078025
2017-05-08 03:59:14,458 - mylogger - INFO - 2015-05-29: hold
2017-05-08 03:59:14,761 - mylogger - INFO - -0.00732943
2017-05-08 03:59:14,762 - mylogger - INFO - 2015-06-01: sell
2017-05-08 03:59:15,067 - mylogger - INFO - -0.0121661
2017-05-08 03:59:15,068 - mylogger - INFO - 2015-06-02: sell
2017-05-08 03:59:15,469 - mylogger - INFO - -0.00393261
2017-05-08 03:59:15,469 - mylogger - INFO - 2015-06-03: sell
2017-05-08 03:59:15,771 - mylogger - INFO - -0.00743397
2017-05-08 03:59:15,772 - mylogger - INFO - 2015-06-04: sell
2017-05-08 03:59:16,072 - mylogger - INFO - -0.0139577
2017-05-08 03:59:16,073 - mylogger - INFO - 2015-06-05: sell
2017-05-08 03:59:16,462 - mylogger - INFO - 0.00827499
2017-05-08 03:59:16,462 - mylogger - INFO - 2015-06-08: hold
2017-05-08 03:59:16,765 - mylogger - INFO - -0.00359316
2017-05-08 03:59:16,766 - mylogger - INFO - 2015-06-09: sell
2017-05-08 03:59:17,067 - mylogger - INFO - -0.00576056
2017-05-08 03:59:17,067 - mylogger - INFO - 2015-06-10: sell
2017-05-08 03:59:17,462 - mylogger - INFO - 0.0207984
2017-05-08 03:59:17,463 - mylogger - INFO - 2015-06-11: No cover!
2017-05-08 03:59:17,766 - mylogger - INFO - 0.0079478
2017-05-08 03:59:17,766 - mylogger - INFO - 2015-06-12: hold
2017-05-08 03:59:18,066 - mylogger - INFO - 0.0195086
2017-05-08 03:59:18,067 - mylogger - INFO - 2015-06-15: No cover!
2017-05-08 03:59:18,458 - mylogger - INFO - 0.0141628
2017-05-08 03:59:18,459 - mylogger - INFO - 2015-06-16: No cover!
2017-05-08 03:59:18,765 - mylogger - INFO - -0.000890444
2017-05-08 03:59:18,766 - mylogger - INFO - 2015-06-17: sell
2017-05-08 03:59:19,068 - mylogger - INFO - 0.0126583
2017-05-08 03:59:19,069 - mylogger - INFO - 2015-06-18: No cover!
2017-05-08 03:59:19,372 - mylogger - INFO - 0.00320226
2017-05-08 03:59:19,372 - mylogger - INFO - 2015-06-19: hold
2017-05-08 03:59:19,777 - mylogger - INFO - -0.00265763
2017-05-08 03:59:19,778 - mylogger - INFO - 2015-06-22: sell
2017-05-08 03:59:20,080 - mylogger - INFO - 0.00671395
2017-05-08 03:59:20,080 - mylogger - INFO - 2015-06-23: hold
2017-05-08 03:59:20,378 - mylogger - INFO - 0.0039928
2017-05-08 03:59:20,378 - mylogger - INFO - 2015-06-24: hold
2017-05-08 03:59:20,769 - mylogger - INFO - -0.01544
2017-05-08 03:59:20,770 - mylogger - INFO - 2015-06-25: sell
2017-05-08 03:59:21,071 - mylogger - INFO - -0.00705249
2017-05-08 03:59:21,072 - mylogger - INFO - 2015-06-26: sell
2017-05-08 03:59:21,375 - mylogger - INFO - 0.00821586
2017-05-08 03:59:21,375 - mylogger - INFO - 2015-06-29: hold
2017-05-08 03:59:21,768 - mylogger - INFO - 0.0173052
2017-05-08 03:59:21,769 - mylogger - INFO - 2015-06-30: No cover!
2017-05-08 03:59:22,069 - mylogger - INFO - 0.0138093
2017-05-08 03:59:22,070 - mylogger - INFO - 2015-07-01: No cover!
2017-05-08 03:59:22,369 - mylogger - INFO - 0.0121126
2017-05-08 03:59:22,370 - mylogger - INFO - 2015-07-02: No cover!
2017-05-08 03:59:22,766 - mylogger - INFO - 0.000626075
2017-05-08 03:59:22,766 - mylogger - INFO - 2015-07-06: hold
2017-05-08 03:59:23,066 - mylogger - INFO - -0.0123253
2017-05-08 03:59:23,067 - mylogger - INFO - 2015-07-07: sell
2017-05-08 03:59:23,367 - mylogger - INFO - 0.0178435
2017-05-08 03:59:23,368 - mylogger - INFO - 2015-07-08: No cover!
2017-05-08 03:59:23,666 - mylogger - INFO - 0.0159246
2017-05-08 03:59:23,667 - mylogger - INFO - 2015-07-09: No cover!
2017-05-08 03:59:24,071 - mylogger - INFO - 0.00567503
2017-05-08 03:59:24,071 - mylogger - INFO - 2015-07-10: hold
2017-05-08 03:59:24,372 - mylogger - INFO - 0.0044932
2017-05-08 03:59:24,373 - mylogger - INFO - 2015-07-13: hold
2017-05-08 03:59:24,672 - mylogger - INFO - 0.013578
2017-05-08 03:59:24,673 - mylogger - INFO - 2015-07-14: No cover!
2017-05-08 03:59:25,064 - mylogger - INFO - 0.00606664
2017-05-08 03:59:25,064 - mylogger - INFO - 2015-07-15: hold
2017-05-08 03:59:25,365 - mylogger - INFO - -0.0029918
2017-05-08 03:59:25,366 - mylogger - INFO - 2015-07-16: sell
2017-05-08 03:59:25,670 - mylogger - INFO - 0.0103951
2017-05-08 03:59:25,671 - mylogger - INFO - 2015-07-17: No cover!
2017-05-08 03:59:26,061 - mylogger - INFO - 0.00967555
2017-05-08 03:59:26,061 - mylogger - INFO - 2015-07-20: hold
2017-05-08 03:59:26,378 - mylogger - INFO - 0.00314982
2017-05-08 03:59:26,378 - mylogger - INFO - 2015-07-21: hold
2017-05-08 03:59:26,678 - mylogger - INFO - -0.00843859
2017-05-08 03:59:26,678 - mylogger - INFO - 2015-07-22: sell
2017-05-08 03:59:27,073 - mylogger - INFO - 0.0265968
2017-05-08 03:59:27,074 - mylogger - INFO - 2015-07-23: No cover!
2017-05-08 03:59:27,373 - mylogger - INFO - 0.00922124
2017-05-08 03:59:27,373 - mylogger - INFO - 2015-07-24: hold
2017-05-08 03:59:27,675 - mylogger - INFO - 0.0187695
2017-05-08 03:59:27,676 - mylogger - INFO - 2015-07-27: No cover!
2017-05-08 03:59:27,977 - mylogger - INFO - 0.012344
2017-05-08 03:59:27,978 - mylogger - INFO - 2015-07-28: No cover!
2017-05-08 03:59:28,376 - mylogger - INFO - -0.00893715
2017-05-08 03:59:28,377 - mylogger - INFO - 2015-07-29: sell
2017-05-08 03:59:28,678 - mylogger - INFO - 0.0102307
2017-05-08 03:59:28,679 - mylogger - INFO - 2015-07-30: No cover!
2017-05-08 03:59:28,977 - mylogger - INFO - 0.0122572
2017-05-08 03:59:28,978 - mylogger - INFO - 2015-07-31: No cover!
2017-05-08 03:59:29,368 - mylogger - INFO - 0.00765259
2017-05-08 03:59:29,368 - mylogger - INFO - 2015-08-03: hold
2017-05-08 03:59:29,670 - mylogger - INFO - -0.00739683
2017-05-08 03:59:29,671 - mylogger - INFO - 2015-08-04: sell
2017-05-08 03:59:29,971 - mylogger - INFO - 0.0208248
2017-05-08 03:59:29,972 - mylogger - INFO - 2015-08-05: No cover!
2017-05-08 03:59:30,365 - mylogger - INFO - 0.0182637
2017-05-08 03:59:30,366 - mylogger - INFO - 2015-08-06: No cover!
2017-05-08 03:59:30,665 - mylogger - INFO - -0.0015673
2017-05-08 03:59:30,666 - mylogger - INFO - 2015-08-07: sell
2017-05-08 03:59:30,967 - mylogger - INFO - 0.00507495
2017-05-08 03:59:30,967 - mylogger - INFO - 2015-08-10: hold
2017-05-08 03:59:31,362 - mylogger - INFO - -0.00243524
2017-05-08 03:59:31,363 - mylogger - INFO - 2015-08-11: sell
2017-05-08 03:59:31,673 - mylogger - INFO - -0.00933371
2017-05-08 03:59:31,674 - mylogger - INFO - 2015-08-12: sell
2017-05-08 03:59:31,977 - mylogger - INFO - -0.0117335
2017-05-08 03:59:31,978 - mylogger - INFO - 2015-08-13: sell
2017-05-08 03:59:32,278 - mylogger - INFO - -0.0168474
2017-05-08 03:59:32,279 - mylogger - INFO - 2015-08-14: sell
2017-05-08 03:59:32,689 - mylogger - INFO - -0.00475829
2017-05-08 03:59:32,690 - mylogger - INFO - 2015-08-17: sell
2017-05-08 03:59:32,989 - mylogger - INFO - 0.010872
2017-05-08 03:59:32,990 - mylogger - INFO - 2015-08-18: No cover!
2017-05-08 03:59:33,291 - mylogger - INFO - 0.00874707
2017-05-08 03:59:33,291 - mylogger - INFO - 2015-08-19: hold
2017-05-08 03:59:33,687 - mylogger - INFO - 0.00600882
2017-05-08 03:59:33,687 - mylogger - INFO - 2015-08-20: hold
2017-05-08 03:59:33,985 - mylogger - INFO - 0.0179755
2017-05-08 03:59:33,986 - mylogger - INFO - 2015-08-21: No cover!
2017-05-08 03:59:34,287 - mylogger - INFO - -0.00503718
2017-05-08 03:59:34,288 - mylogger - INFO - 2015-08-24: sell
2017-05-08 03:59:34,680 - mylogger - INFO - -0.0164598
2017-05-08 03:59:34,681 - mylogger - INFO - 2015-08-25: sell
2017-05-08 03:59:34,981 - mylogger - INFO - -0.00851904
2017-05-08 03:59:34,982 - mylogger - INFO - 2015-08-26: sell
2017-05-08 03:59:35,284 - mylogger - INFO - 0.00415342
2017-05-08 03:59:35,284 - mylogger - INFO - 2015-08-27: hold
2017-05-08 03:59:35,683 - mylogger - INFO - -0.00619622
2017-05-08 03:59:35,684 - mylogger - INFO - 2015-08-28: sell
2017-05-08 03:59:35,985 - mylogger - INFO - -0.0106658
2017-05-08 03:59:35,986 - mylogger - INFO - 2015-08-31: sell
2017-05-08 03:59:36,288 - mylogger - INFO - 0.0025884
2017-05-08 03:59:36,288 - mylogger - INFO - 2015-09-01: hold
2017-05-08 03:59:36,588 - mylogger - INFO - -0.0127024
2017-05-08 03:59:36,589 - mylogger - INFO - 2015-09-02: sell
2017-05-08 03:59:36,987 - mylogger - INFO - -0.014575
2017-05-08 03:59:36,988 - mylogger - INFO - 2015-09-03: sell
2017-05-08 03:59:37,289 - mylogger - INFO - -0.0148564
2017-05-08 03:59:37,290 - mylogger - INFO - 2015-09-04: sell
2017-05-08 03:59:37,590 - mylogger - INFO - -0.0149516
2017-05-08 03:59:37,591 - mylogger - INFO - 2015-09-08: sell
2017-05-08 03:59:37,982 - mylogger - INFO - -0.0171438
2017-05-08 03:59:37,983 - mylogger - INFO - 2015-09-09: sell
2017-05-08 03:59:38,288 - mylogger - INFO - -0.0119106
2017-05-08 03:59:38,289 - mylogger - INFO - 2015-09-10: sell
2017-05-08 03:59:38,592 - mylogger - INFO - 0.000897947
2017-05-08 03:59:38,592 - mylogger - INFO - 2015-09-11: hold
2017-05-08 03:59:38,986 - mylogger - INFO - -0.00940515
2017-05-08 03:59:38,986 - mylogger - INFO - 2015-09-14: sell
2017-05-08 03:59:39,292 - mylogger - INFO - -0.026694
2017-05-08 03:59:39,293 - mylogger - INFO - 2015-09-15: sell
2017-05-08 03:59:39,597 - mylogger - INFO - -0.0027673
2017-05-08 03:59:39,598 - mylogger - INFO - 2015-09-16: sell
2017-05-08 03:59:39,990 - mylogger - INFO - -0.016632
2017-05-08 03:59:39,991 - mylogger - INFO - 2015-09-17: sell
2017-05-08 03:59:40,294 - mylogger - INFO - -0.00733152
2017-05-08 03:59:40,295 - mylogger - INFO - 2015-09-18: sell
2017-05-08 03:59:40,595 - mylogger - INFO - 0.00932367
2017-05-08 03:59:40,595 - mylogger - INFO - 2015-09-21: hold
2017-05-08 03:59:40,897 - mylogger - INFO - -0.0129456
2017-05-08 03:59:40,898 - mylogger - INFO - 2015-09-22: sell
2017-05-08 03:59:41,303 - mylogger - INFO - -0.00316564
2017-05-08 03:59:41,304 - mylogger - INFO - 2015-09-23: sell
2017-05-08 03:59:41,603 - mylogger - INFO - -0.0113902
2017-05-08 03:59:41,604 - mylogger - INFO - 2015-09-24: sell
2017-05-08 03:59:41,907 - mylogger - INFO - 0.00658356
2017-05-08 03:59:41,907 - mylogger - INFO - 2015-09-25: hold
2017-05-08 03:59:42,300 - mylogger - INFO - -0.00852482
2017-05-08 03:59:42,301 - mylogger - INFO - 2015-09-28: sell
2017-05-08 03:59:42,598 - mylogger - INFO - -0.00564488
2017-05-08 03:59:42,598 - mylogger - INFO - 2015-09-29: sell
2017-05-08 03:59:42,898 - mylogger - INFO - -0.010259
2017-05-08 03:59:42,899 - mylogger - INFO - 2015-09-30: sell
2017-05-08 03:59:43,308 - mylogger - INFO - -0.00252948
2017-05-08 03:59:43,309 - mylogger - INFO - 2015-10-01: sell
2017-05-08 03:59:43,609 - mylogger - INFO - 0.0185062
2017-05-08 03:59:43,610 - mylogger - INFO - 2015-10-02: No cover!
2017-05-08 03:59:43,911 - mylogger - INFO - 0.0269187
2017-05-08 03:59:43,912 - mylogger - INFO - 2015-10-05: No cover!
2017-05-08 03:59:44,306 - mylogger - INFO - 0.014599
2017-05-08 03:59:44,308 - mylogger - INFO - 2015-10-06: No cover!
2017-05-08 03:59:44,609 - mylogger - INFO - 0.0186095
2017-05-08 03:59:44,610 - mylogger - INFO - 2015-10-07: No cover!
2017-05-08 03:59:44,909 - mylogger - INFO - 0.0088619
2017-05-08 03:59:44,909 - mylogger - INFO - 2015-10-08: hold
2017-05-08 03:59:45,305 - mylogger - INFO - 0.0136347
2017-05-08 03:59:45,307 - mylogger - INFO - 2015-10-09: No cover!
2017-05-08 03:59:45,609 - mylogger - INFO - -0.00334142
2017-05-08 03:59:45,610 - mylogger - INFO - 2015-10-12: sell
2017-05-08 03:59:45,918 - mylogger - INFO - -0.0145428
2017-05-08 03:59:45,919 - mylogger - INFO - 2015-10-13: sell
2017-05-08 03:59:46,224 - mylogger - INFO - -0.0067723
2017-05-08 03:59:46,225 - mylogger - INFO - 2015-10-14: sell
2017-05-08 03:59:46,625 - mylogger - INFO - -0.0138003
2017-05-08 03:59:46,626 - mylogger - INFO - 2015-10-15: sell
2017-05-08 03:59:46,927 - mylogger - INFO - -0.0137227
2017-05-08 03:59:46,928 - mylogger - INFO - 2015-10-16: sell
2017-05-08 03:59:47,229 - mylogger - INFO - -0.0157513
2017-05-08 03:59:47,229 - mylogger - INFO - 2015-10-19: sell
2017-05-08 03:59:47,620 - mylogger - INFO - -0.0139151
2017-05-08 03:59:47,621 - mylogger - INFO - 2015-10-20: sell
2017-05-08 03:59:47,922 - mylogger - INFO - -0.014092
2017-05-08 03:59:47,923 - mylogger - INFO - 2015-10-21: sell
2017-05-08 03:59:48,229 - mylogger - INFO - -0.00932498
2017-05-08 03:59:48,230 - mylogger - INFO - 2015-10-22: sell
2017-05-08 03:59:48,626 - mylogger - INFO - -0.00799987
2017-05-08 03:59:48,627 - mylogger - INFO - 2015-10-23: sell
2017-05-08 03:59:48,930 - mylogger - INFO - -0.00565023
2017-05-08 03:59:48,930 - mylogger - INFO - 2015-10-26: sell
2017-05-08 03:59:49,235 - mylogger - INFO - -0.000721397
2017-05-08 03:59:49,236 - mylogger - INFO - 2015-10-27: sell
2017-05-08 03:59:49,630 - mylogger - INFO - -0.0206171
2017-05-08 03:59:49,631 - mylogger - INFO - 2015-10-28: sell
2017-05-08 03:59:49,933 - mylogger - INFO - -0.00723947
2017-05-08 03:59:49,934 - mylogger - INFO - 2015-10-29: sell
2017-05-08 03:59:50,238 - mylogger - INFO - -0.024657
2017-05-08 03:59:50,239 - mylogger - INFO - 2015-10-30: sell
2017-05-08 03:59:50,638 - mylogger - INFO - 0.000648634
2017-05-08 03:59:50,638 - mylogger - INFO - 2015-11-02: hold
2017-05-08 03:59:50,939 - mylogger - INFO - 0.0138834
2017-05-08 03:59:50,940 - mylogger - INFO - 2015-11-03: No cover!
2017-05-08 03:59:51,239 - mylogger - INFO - -0.0258997
2017-05-08 03:59:51,240 - mylogger - INFO - 2015-11-04: sell
2017-05-08 03:59:51,539 - mylogger - INFO - -0.0242291
2017-05-08 03:59:51,540 - mylogger - INFO - 2015-11-05: sell
2017-05-08 03:59:51,941 - mylogger - INFO - -0.025151
2017-05-08 03:59:51,942 - mylogger - INFO - 2015-11-06: sell
2017-05-08 03:59:52,245 - mylogger - INFO - -0.0137781
2017-05-08 03:59:52,246 - mylogger - INFO - 2015-11-09: sell
2017-05-08 03:59:52,545 - mylogger - INFO - -0.00665229
2017-05-08 03:59:52,546 - mylogger - INFO - 2015-11-10: sell
2017-05-08 03:59:52,947 - mylogger - INFO - -0.0168499
2017-05-08 03:59:52,948 - mylogger - INFO - 2015-11-11: sell
2017-05-08 03:59:53,257 - mylogger - INFO - -0.0270238
2017-05-08 03:59:53,258 - mylogger - INFO - 2015-11-12: sell
2017-05-08 03:59:53,559 - mylogger - INFO - -0.0124254
2017-05-08 03:59:53,560 - mylogger - INFO - 2015-11-13: sell
2017-05-08 03:59:53,956 - mylogger - INFO - -0.0203822
2017-05-08 03:59:53,956 - mylogger - INFO - 2015-11-16: sell
2017-05-08 03:59:54,261 - mylogger - INFO - -0.00176865
2017-05-08 03:59:54,262 - mylogger - INFO - 2015-11-17: sell
2017-05-08 03:59:54,562 - mylogger - INFO - -0.0180753
2017-05-08 03:59:54,563 - mylogger - INFO - 2015-11-18: sell
2017-05-08 03:59:54,960 - mylogger - INFO - -0.0218122
2017-05-08 03:59:54,960 - mylogger - INFO - 2015-11-19: sell
2017-05-08 03:59:55,262 - mylogger - INFO - -0.0120384
2017-05-08 03:59:55,263 - mylogger - INFO - 2015-11-20: sell
2017-05-08 03:59:55,566 - mylogger - INFO - -0.0155421
2017-05-08 03:59:55,567 - mylogger - INFO - 2015-11-23: sell
2017-05-08 03:59:55,963 - mylogger - INFO - -0.00050935
2017-05-08 03:59:55,964 - mylogger - INFO - 2015-11-24: sell
2017-05-08 03:59:56,270 - mylogger - INFO - 0.00507562
2017-05-08 03:59:56,271 - mylogger - INFO - 2015-11-25: hold
2017-05-08 03:59:56,573 - mylogger - INFO - -0.0014312
2017-05-08 03:59:56,573 - mylogger - INFO - 2015-11-27: sell
2017-05-08 03:59:56,873 - mylogger - INFO - -0.00426782
2017-05-08 03:59:56,874 - mylogger - INFO - 2015-11-30: sell
2017-05-08 03:59:57,281 - mylogger - INFO - -0.00671161
2017-05-08 03:59:57,282 - mylogger - INFO - 2015-12-01: sell
2017-05-08 03:59:57,583 - mylogger - INFO - -0.0123852
2017-05-08 03:59:57,583 - mylogger - INFO - 2015-12-02: sell
2017-05-08 03:59:57,885 - mylogger - INFO - -0.00466421
2017-05-08 03:59:57,886 - mylogger - INFO - 2015-12-03: sell
2017-05-08 03:59:58,282 - mylogger - INFO - 0.00984581
2017-05-08 03:59:58,282 - mylogger - INFO - 2015-12-04: hold
2017-05-08 03:59:58,582 - mylogger - INFO - 0.0053095
2017-05-08 03:59:58,582 - mylogger - INFO - 2015-12-07: hold
2017-05-08 03:59:58,886 - mylogger - INFO - 0.00367055
2017-05-08 03:59:58,886 - mylogger - INFO - 2015-12-08: hold
2017-05-08 03:59:59,279 - mylogger - INFO - 0.0094444
2017-05-08 03:59:59,279 - mylogger - INFO - 2015-12-09: hold
2017-05-08 03:59:59,581 - mylogger - INFO - 0.00400051
2017-05-08 03:59:59,581 - mylogger - INFO - 2015-12-10: hold
2017-05-08 03:59:59,882 - mylogger - INFO - 0.00225683
2017-05-08 03:59:59,882 - mylogger - INFO - 2015-12-11: hold
2017-05-08 04:00:00,279 - mylogger - INFO - 0.00200642
2017-05-08 04:00:00,279 - mylogger - INFO - 2015-12-14: hold
2017-05-08 04:00:00,577 - mylogger - INFO - -0.0147468
2017-05-08 04:00:00,578 - mylogger - INFO - 2015-12-15: sell
2017-05-08 04:00:00,880 - mylogger - INFO - 0.00417715
2017-05-08 04:00:00,880 - mylogger - INFO - 2015-12-16: hold
2017-05-08 04:00:01,182 - mylogger - INFO - -0.0150406
2017-05-08 04:00:01,183 - mylogger - INFO - 2015-12-17: sell
2017-05-08 04:00:01,585 - mylogger - INFO - -0.00882271
2017-05-08 04:00:01,586 - mylogger - INFO - 2015-12-18: sell
2017-05-08 04:00:01,903 - mylogger - INFO - 0.00684647
2017-05-08 04:00:01,903 - mylogger - INFO - 2015-12-21: hold
2017-05-08 04:00:02,205 - mylogger - INFO - -0.00735912
2017-05-08 04:00:02,206 - mylogger - INFO - 2015-12-22: sell
2017-05-08 04:00:02,600 - mylogger - INFO - 0.00439031
2017-05-08 04:00:02,601 - mylogger - INFO - 2015-12-23: hold
2017-05-08 04:00:02,904 - mylogger - INFO - 0.00272346
2017-05-08 04:00:02,904 - mylogger - INFO - 2015-12-24: hold
2017-05-08 04:00:03,204 - mylogger - INFO - -0.00137194
2017-05-08 04:00:03,205 - mylogger - INFO - 2015-12-28: sell
2017-05-08 04:00:03,603 - mylogger - INFO - -0.00917095
2017-05-08 04:00:03,604 - mylogger - INFO - 2015-12-29: sell
2017-05-08 04:00:03,906 - mylogger - INFO - 0.00269413
2017-05-08 04:00:03,906 - mylogger - INFO - 2015-12-30: hold
2017-05-08 04:00:04,206 - mylogger - INFO - -0.00745351
2017-05-08 04:00:04,207 - mylogger - INFO - 2015-12-31: sell
2017-05-08 04:00:04,848 - mylogger - INFO - Total profit and loss: 1.09407014799
2017-05-08 04:00:04,878 - mylogger - INFO - Hit table:
2017-05-08 04:00:04,879 - mylogger - INFO - Date          signal  hit/miss
2017-05-08 04:00:04,879 - mylogger - INFO - 2014-01-02    sell    hit
2017-05-08 04:00:04,879 - mylogger - INFO - 2014-01-03    sell    miss
2017-05-08 04:00:04,879 - mylogger - INFO - 2014-01-06    sell    hit
2017-05-08 04:00:04,879 - mylogger - INFO - 2014-01-07    sell    miss
2017-05-08 04:00:04,880 - mylogger - INFO - 2014-01-08    sell    hit
2017-05-08 04:00:04,880 - mylogger - INFO - 2014-01-09    sell    hit
2017-05-08 04:00:04,880 - mylogger - INFO - 2014-01-10    sell    miss
2017-05-08 04:00:04,880 - mylogger - INFO - 2014-01-13    buy     hit
2017-05-08 04:00:04,880 - mylogger - INFO - 2014-01-14    sell    miss
2017-05-08 04:00:04,880 - mylogger - INFO - 2014-01-15    sell    hit
2017-05-08 04:00:04,880 - mylogger - INFO - 2014-01-16    sell    hit
2017-05-08 04:00:04,880 - mylogger - INFO - 2014-01-17    sell    miss
2017-05-08 04:00:04,881 - mylogger - INFO - 2014-01-21    sell    miss
2017-05-08 04:00:04,881 - mylogger - INFO - 2014-01-22    sell    miss
2017-05-08 04:00:04,881 - mylogger - INFO - 2014-01-23    sell    hit
2017-05-08 04:00:04,881 - mylogger - INFO - 2014-01-24    sell    miss
2017-05-08 04:00:04,881 - mylogger - INFO - 2014-01-27    sell    hit
2017-05-08 04:00:04,881 - mylogger - INFO - 2014-01-28    sell    hit
2017-05-08 04:00:04,881 - mylogger - INFO - 2014-01-29    sell    hit
2017-05-08 04:00:04,881 - mylogger - INFO - 2014-01-30    hold    hit
2017-05-08 04:00:04,882 - mylogger - INFO - 2014-01-31    buy     miss
2017-05-08 04:00:04,882 - mylogger - INFO - 2014-02-03    sell    miss
2017-05-08 04:00:04,882 - mylogger - INFO - 2014-02-04    sell    miss
2017-05-08 04:00:04,882 - mylogger - INFO - 2014-02-05    sell    miss
2017-05-08 04:00:04,882 - mylogger - INFO - 2014-02-06    buy     hit
2017-05-08 04:00:04,882 - mylogger - INFO - 2014-02-07    hold    miss
2017-05-08 04:00:04,882 - mylogger - INFO - 2014-02-10    buy     hit
2017-05-08 04:00:04,883 - mylogger - INFO - 2014-02-11    hold    miss
2017-05-08 04:00:04,883 - mylogger - INFO - 2014-02-12    hold    miss
2017-05-08 04:00:04,883 - mylogger - INFO - 2014-02-13    sell    hit
2017-05-08 04:00:04,883 - mylogger - INFO - 2014-02-14    sell    miss
2017-05-08 04:00:04,883 - mylogger - INFO - 2014-02-18    sell    hit
2017-05-08 04:00:04,883 - mylogger - INFO - 2014-02-19    sell    hit
2017-05-08 04:00:04,884 - mylogger - INFO - 2014-02-20    sell    hit
2017-05-08 04:00:04,884 - mylogger - INFO - 2014-02-21    hold    hit
2017-05-08 04:00:04,885 - mylogger - INFO - 2014-02-24    sell    hit
2017-05-08 04:00:04,885 - mylogger - INFO - 2014-02-25    sell    hit
2017-05-08 04:00:04,885 - mylogger - INFO - 2014-02-26    hold    miss
2017-05-08 04:00:04,885 - mylogger - INFO - 2014-02-27    hold    miss
2017-05-08 04:00:04,885 - mylogger - INFO - 2014-02-28    hold    hit
2017-05-08 04:00:04,885 - mylogger - INFO - 2014-03-03    sell    miss
2017-05-08 04:00:04,885 - mylogger - INFO - 2014-03-04    hold    hit
2017-05-08 04:00:04,885 - mylogger - INFO - 2014-03-05    sell    hit
2017-05-08 04:00:04,886 - mylogger - INFO - 2014-03-06    sell    hit
2017-05-08 04:00:04,886 - mylogger - INFO - 2014-03-07    sell    miss
2017-05-08 04:00:04,886 - mylogger - INFO - 2014-03-10    sell    miss
2017-05-08 04:00:04,886 - mylogger - INFO - 2014-03-11    sell    miss
2017-05-08 04:00:04,886 - mylogger - INFO - 2014-03-12    sell    hit
2017-05-08 04:00:04,886 - mylogger - INFO - 2014-03-13    sell    hit
2017-05-08 04:00:04,886 - mylogger - INFO - 2014-03-14    sell    miss
2017-05-08 04:00:04,886 - mylogger - INFO - 2014-03-17    sell    miss
2017-05-08 04:00:04,887 - mylogger - INFO - 2014-03-18    hold    miss
2017-05-08 04:00:04,887 - mylogger - INFO - 2014-03-19    sell    hit
2017-05-08 04:00:04,887 - mylogger - INFO - 2014-03-20    sell    miss
2017-05-08 04:00:04,887 - mylogger - INFO - 2014-03-21    sell    miss
2017-05-08 04:00:04,887 - mylogger - INFO - 2014-03-24    hold    miss
2017-05-08 04:00:04,887 - mylogger - INFO - 2014-03-25    sell    hit
2017-05-08 04:00:04,887 - mylogger - INFO - 2014-03-26    sell    hit
2017-05-08 04:00:04,887 - mylogger - INFO - 2014-03-27    sell    hit
2017-05-08 04:00:04,888 - mylogger - INFO - 2014-03-28    sell    hit
2017-05-08 04:00:04,888 - mylogger - INFO - 2014-03-31    hold    hit
2017-05-08 04:00:04,888 - mylogger - INFO - 2014-04-01    hold    hit
2017-05-08 04:00:04,888 - mylogger - INFO - 2014-04-02    sell    hit
2017-05-08 04:00:04,888 - mylogger - INFO - 2014-04-03    hold    miss
2017-05-08 04:00:04,888 - mylogger - INFO - 2014-04-04    sell    hit
2017-05-08 04:00:04,888 - mylogger - INFO - 2014-04-07    hold    miss
2017-05-08 04:00:04,888 - mylogger - INFO - 2014-04-08    sell    miss
2017-05-08 04:00:04,889 - mylogger - INFO - 2014-04-09    sell    hit
2017-05-08 04:00:04,889 - mylogger - INFO - 2014-04-10    sell    hit
2017-05-08 04:00:04,889 - mylogger - INFO - 2014-04-11    sell    miss
2017-05-08 04:00:04,889 - mylogger - INFO - 2014-04-14    sell    hit
2017-05-08 04:00:04,889 - mylogger - INFO - 2014-04-15    sell    miss
2017-05-08 04:00:04,889 - mylogger - INFO - 2014-04-16    sell    miss
2017-05-08 04:00:04,889 - mylogger - INFO - 2014-04-17    sell    miss
2017-05-08 04:00:04,889 - mylogger - INFO - 2014-04-21    buy     miss
2017-05-08 04:00:04,890 - mylogger - INFO - 2014-04-22    hold    miss
2017-05-08 04:00:04,890 - mylogger - INFO - 2014-04-23    sell    miss
2017-05-08 04:00:04,890 - mylogger - INFO - 2014-04-24    sell    miss
2017-05-08 04:00:04,890 - mylogger - INFO - 2014-04-25    sell    miss
2017-05-08 04:00:04,890 - mylogger - INFO - 2014-04-28    buy     miss
2017-05-08 04:00:04,890 - mylogger - INFO - 2014-04-29    sell    hit
2017-05-08 04:00:04,890 - mylogger - INFO - 2014-04-30    sell    miss
2017-05-08 04:00:04,890 - mylogger - INFO - 2014-05-01    sell    miss
2017-05-08 04:00:04,891 - mylogger - INFO - 2014-05-02    hold    miss
2017-05-08 04:00:04,891 - mylogger - INFO - 2014-05-05    sell    hit
2017-05-08 04:00:04,891 - mylogger - INFO - 2014-05-06    sell    hit
2017-05-08 04:00:04,891 - mylogger - INFO - 2014-05-07    sell    hit
2017-05-08 04:00:04,891 - mylogger - INFO - 2014-05-08    sell    hit
2017-05-08 04:00:04,891 - mylogger - INFO - 2014-05-09    sell    miss
2017-05-08 04:00:04,891 - mylogger - INFO - 2014-05-12    sell    miss
2017-05-08 04:00:04,892 - mylogger - INFO - 2014-05-13    sell    miss
2017-05-08 04:00:04,892 - mylogger - INFO - 2014-05-14    sell    hit
2017-05-08 04:00:04,892 - mylogger - INFO - 2014-05-15    sell    miss
2017-05-08 04:00:04,892 - mylogger - INFO - 2014-05-16    sell    miss
2017-05-08 04:00:04,892 - mylogger - INFO - 2014-05-19    sell    miss
2017-05-08 04:00:04,892 - mylogger - INFO - 2014-05-20    sell    miss
2017-05-08 04:00:04,892 - mylogger - INFO - 2014-05-21    sell    miss
2017-05-08 04:00:04,892 - mylogger - INFO - 2014-05-22    hold    miss
2017-05-08 04:00:04,893 - mylogger - INFO - 2014-05-23    sell    miss
2017-05-08 04:00:04,893 - mylogger - INFO - 2014-05-27    hold    miss
2017-05-08 04:00:04,893 - mylogger - INFO - 2014-05-28    hold    miss
2017-05-08 04:00:04,893 - mylogger - INFO - 2014-05-29    buy     miss
2017-05-08 04:00:04,893 - mylogger - INFO - 2014-05-30    hold    miss
2017-05-08 04:00:04,893 - mylogger - INFO - 2014-06-02    buy     hit
2017-05-08 04:00:04,893 - mylogger - INFO - 2014-06-03    buy     hit
2017-05-08 04:00:04,893 - mylogger - INFO - 2014-06-04    sell    miss
2017-05-08 04:00:04,894 - mylogger - INFO - 2014-06-05    hold    miss
2017-05-08 04:00:04,894 - mylogger - INFO - 2014-06-06    sell    miss
2017-05-08 04:00:04,894 - mylogger - INFO - 2014-06-09    sell    miss
2017-05-08 04:00:04,894 - mylogger - INFO - 2014-06-10    sell    hit
2017-05-08 04:00:04,894 - mylogger - INFO - 2014-06-11    sell    hit
2017-05-08 04:00:04,894 - mylogger - INFO - 2014-06-12    sell    hit
2017-05-08 04:00:04,894 - mylogger - INFO - 2014-06-13    buy     hit
2017-05-08 04:00:04,894 - mylogger - INFO - 2014-06-16    sell    hit
2017-05-08 04:00:04,895 - mylogger - INFO - 2014-06-17    buy     miss
2017-05-08 04:00:04,895 - mylogger - INFO - 2014-06-18    sell    hit
2017-05-08 04:00:04,895 - mylogger - INFO - 2014-06-19    hold    miss
2017-05-08 04:00:04,895 - mylogger - INFO - 2014-06-20    hold    miss
2017-05-08 04:00:04,895 - mylogger - INFO - 2014-06-23    hold    miss
2017-05-08 04:00:04,895 - mylogger - INFO - 2014-06-24    buy     miss
2017-05-08 04:00:04,895 - mylogger - INFO - 2014-06-25    hold    hit
2017-05-08 04:00:04,895 - mylogger - INFO - 2014-06-26    hold    miss
2017-05-08 04:00:04,896 - mylogger - INFO - 2014-06-27    sell    miss
2017-05-08 04:00:04,896 - mylogger - INFO - 2014-06-30    buy     miss
2017-05-08 04:00:04,896 - mylogger - INFO - 2014-07-01    buy     miss
2017-05-08 04:00:04,896 - mylogger - INFO - 2014-07-02    hold    hit
2017-05-08 04:00:04,896 - mylogger - INFO - 2014-07-03    hold    miss
2017-05-08 04:00:04,896 - mylogger - INFO - 2014-07-07    sell    hit
2017-05-08 04:00:04,896 - mylogger - INFO - 2014-07-08    sell    miss
2017-05-08 04:00:04,896 - mylogger - INFO - 2014-07-09    sell    hit
2017-05-08 04:00:04,897 - mylogger - INFO - 2014-07-10    sell    miss
2017-05-08 04:00:04,897 - mylogger - INFO - 2014-07-11    hold    miss
2017-05-08 04:00:04,897 - mylogger - INFO - 2014-07-14    sell    hit
2017-05-08 04:00:04,897 - mylogger - INFO - 2014-07-15    sell    hit
2017-05-08 04:00:04,897 - mylogger - INFO - 2014-07-16    hold    miss
2017-05-08 04:00:04,897 - mylogger - INFO - 2014-07-17    sell    miss
2017-05-08 04:00:04,897 - mylogger - INFO - 2014-07-18    sell    hit
2017-05-08 04:00:04,897 - mylogger - INFO - 2014-07-21    sell    miss
2017-05-08 04:00:04,898 - mylogger - INFO - 2014-07-22    sell    miss
2017-05-08 04:00:04,898 - mylogger - INFO - 2014-07-23    sell    hit
2017-05-08 04:00:04,898 - mylogger - INFO - 2014-07-24    sell    miss
2017-05-08 04:00:04,898 - mylogger - INFO - 2014-07-25    sell    miss
2017-05-08 04:00:04,898 - mylogger - INFO - 2014-07-28    sell    hit
2017-05-08 04:00:04,898 - mylogger - INFO - 2014-07-29    sell    hit
2017-05-08 04:00:04,898 - mylogger - INFO - 2014-07-30    sell    hit
2017-05-08 04:00:04,898 - mylogger - INFO - 2014-07-31    sell    miss
2017-05-08 04:00:04,899 - mylogger - INFO - 2014-08-01    sell    hit
2017-05-08 04:00:04,899 - mylogger - INFO - 2014-08-04    sell    hit
2017-05-08 04:00:04,899 - mylogger - INFO - 2014-08-05    hold    miss
2017-05-08 04:00:04,899 - mylogger - INFO - 2014-08-06    hold    miss
2017-05-08 04:00:04,899 - mylogger - INFO - 2014-08-07    buy     miss
2017-05-08 04:00:04,899 - mylogger - INFO - 2014-08-08    sell    miss
2017-05-08 04:00:04,899 - mylogger - INFO - 2014-08-11    hold    miss
2017-05-08 04:00:04,900 - mylogger - INFO - 2014-08-12    sell    miss
2017-05-08 04:00:04,900 - mylogger - INFO - 2014-08-13    buy     miss
2017-05-08 04:00:04,900 - mylogger - INFO - 2014-08-14    buy     miss
2017-05-08 04:00:04,900 - mylogger - INFO - 2014-08-15    hold    miss
2017-05-08 04:00:04,900 - mylogger - INFO - 2014-08-18    buy     hit
2017-05-08 04:00:04,900 - mylogger - INFO - 2014-08-19    hold    hit
2017-05-08 04:00:04,900 - mylogger - INFO - 2014-08-20    buy     miss
2017-05-08 04:00:04,900 - mylogger - INFO - 2014-08-21    hold    hit
2017-05-08 04:00:04,901 - mylogger - INFO - 2014-08-22    hold    hit
2017-05-08 04:00:04,901 - mylogger - INFO - 2014-08-25    hold    miss
2017-05-08 04:00:04,901 - mylogger - INFO - 2014-08-26    sell    miss
2017-05-08 04:00:04,901 - mylogger - INFO - 2014-08-27    sell    miss
2017-05-08 04:00:04,901 - mylogger - INFO - 2014-08-28    sell    miss
2017-05-08 04:00:04,901 - mylogger - INFO - 2014-08-29    sell    miss
2017-05-08 04:00:04,901 - mylogger - INFO - 2014-09-02    sell    hit
2017-05-08 04:00:04,901 - mylogger - INFO - 2014-09-03    sell    hit
2017-05-08 04:00:04,902 - mylogger - INFO - 2014-09-04    hold    hit
2017-05-08 04:00:04,902 - mylogger - INFO - 2014-09-05    sell    hit
2017-05-08 04:00:04,902 - mylogger - INFO - 2014-09-08    hold    miss
2017-05-08 04:00:04,902 - mylogger - INFO - 2014-09-09    hold    miss
2017-05-08 04:00:04,902 - mylogger - INFO - 2014-09-10    hold    hit
2017-05-08 04:00:04,902 - mylogger - INFO - 2014-09-11    sell    miss
2017-05-08 04:00:04,902 - mylogger - INFO - 2014-09-12    sell    hit
2017-05-08 04:00:04,902 - mylogger - INFO - 2014-09-15    sell    hit
2017-05-08 04:00:04,903 - mylogger - INFO - 2014-09-16    sell    miss
2017-05-08 04:00:04,903 - mylogger - INFO - 2014-09-17    sell    miss
2017-05-08 04:00:04,903 - mylogger - INFO - 2014-09-18    sell    hit
2017-05-08 04:00:04,903 - mylogger - INFO - 2014-09-19    sell    miss
2017-05-08 04:00:04,903 - mylogger - INFO - 2014-09-22    sell    miss
2017-05-08 04:00:04,903 - mylogger - INFO - 2014-09-23    sell    hit
2017-05-08 04:00:04,903 - mylogger - INFO - 2014-09-24    sell    hit
2017-05-08 04:00:04,903 - mylogger - INFO - 2014-09-25    sell    miss
2017-05-08 04:00:04,904 - mylogger - INFO - 2014-09-26    sell    hit
2017-05-08 04:00:04,904 - mylogger - INFO - 2014-09-29    sell    miss
2017-05-08 04:00:04,904 - mylogger - INFO - 2014-09-30    sell    hit
2017-05-08 04:00:04,904 - mylogger - INFO - 2014-10-01    sell    miss
2017-05-08 04:00:04,904 - mylogger - INFO - 2014-10-02    sell    hit
2017-05-08 04:00:04,904 - mylogger - INFO - 2014-10-03    sell    miss
2017-05-08 04:00:04,904 - mylogger - INFO - 2014-10-06    sell    hit
2017-05-08 04:00:04,904 - mylogger - INFO - 2014-10-07    sell    miss
2017-05-08 04:00:04,905 - mylogger - INFO - 2014-10-08    sell    miss
2017-05-08 04:00:04,905 - mylogger - INFO - 2014-10-09    hold    miss
2017-05-08 04:00:04,905 - mylogger - INFO - 2014-10-10    hold    miss
2017-05-08 04:00:04,905 - mylogger - INFO - 2014-10-13    sell    hit
2017-05-08 04:00:04,905 - mylogger - INFO - 2014-10-14    hold    miss
2017-05-08 04:00:04,905 - mylogger - INFO - 2014-10-15    sell    hit
2017-05-08 04:00:04,905 - mylogger - INFO - 2014-10-16    sell    miss
2017-05-08 04:00:04,905 - mylogger - INFO - 2014-10-17    hold    miss
2017-05-08 04:00:04,906 - mylogger - INFO - 2014-10-20    hold    miss
2017-05-08 04:00:04,906 - mylogger - INFO - 2014-10-21    buy     miss
2017-05-08 04:00:04,906 - mylogger - INFO - 2014-10-22    sell    miss
2017-05-08 04:00:04,906 - mylogger - INFO - 2014-10-23    hold    hit
2017-05-08 04:00:04,906 - mylogger - INFO - 2014-10-24    hold    miss
2017-05-08 04:00:04,906 - mylogger - INFO - 2014-10-27    buy     hit
2017-05-08 04:00:04,906 - mylogger - INFO - 2014-10-28    buy     miss
2017-05-08 04:00:04,906 - mylogger - INFO - 2014-10-29    sell    hit
2017-05-08 04:00:04,907 - mylogger - INFO - 2014-10-30    hold    hit
2017-05-08 04:00:04,907 - mylogger - INFO - 2014-10-31    sell    miss
2017-05-08 04:00:04,907 - mylogger - INFO - 2014-11-03    sell    hit
2017-05-08 04:00:04,907 - mylogger - INFO - 2014-11-04    sell    miss
2017-05-08 04:00:04,907 - mylogger - INFO - 2014-11-05    sell    miss
2017-05-08 04:00:04,907 - mylogger - INFO - 2014-11-06    hold    hit
2017-05-08 04:00:04,907 - mylogger - INFO - 2014-11-07    buy     miss
2017-05-08 04:00:04,907 - mylogger - INFO - 2014-11-10    sell    miss
2017-05-08 04:00:04,908 - mylogger - INFO - 2014-11-11    sell    miss
2017-05-08 04:00:04,908 - mylogger - INFO - 2014-11-12    sell    miss
2017-05-08 04:00:04,908 - mylogger - INFO - 2014-11-13    sell    miss
2017-05-08 04:00:04,908 - mylogger - INFO - 2014-11-14    hold    miss
2017-05-08 04:00:04,908 - mylogger - INFO - 2014-11-17    sell    miss
2017-05-08 04:00:04,908 - mylogger - INFO - 2014-11-18    sell    hit
2017-05-08 04:00:04,908 - mylogger - INFO - 2014-11-19    sell    miss
2017-05-08 04:00:04,908 - mylogger - INFO - 2014-11-20    hold    hit
2017-05-08 04:00:04,909 - mylogger - INFO - 2014-11-21    hold    miss
2017-05-08 04:00:04,909 - mylogger - INFO - 2014-11-24    hold    miss
2017-05-08 04:00:04,909 - mylogger - INFO - 2014-11-25    hold    miss
2017-05-08 04:00:04,909 - mylogger - INFO - 2014-11-26    sell    hit
2017-05-08 04:00:04,909 - mylogger - INFO - 2014-11-28    hold    miss
2017-05-08 04:00:04,909 - mylogger - INFO - 2014-12-01    sell    hit
2017-05-08 04:00:04,909 - mylogger - INFO - 2014-12-02    sell    miss
2017-05-08 04:00:04,910 - mylogger - INFO - 2014-12-03    sell    hit
2017-05-08 04:00:04,910 - mylogger - INFO - 2014-12-04    sell    hit
2017-05-08 04:00:04,910 - mylogger - INFO - 2014-12-05    sell    hit
2017-05-08 04:00:04,910 - mylogger - INFO - 2014-12-08    hold    miss
2017-05-08 04:00:04,910 - mylogger - INFO - 2014-12-09    sell    hit
2017-05-08 04:00:04,910 - mylogger - INFO - 2014-12-10    hold    miss
2017-05-08 04:00:04,910 - mylogger - INFO - 2014-12-11    sell    hit
2017-05-08 04:00:04,910 - mylogger - INFO - 2014-12-12    sell    hit
2017-05-08 04:00:04,911 - mylogger - INFO - 2014-12-15    sell    hit
2017-05-08 04:00:04,911 - mylogger - INFO - 2014-12-16    sell    miss
2017-05-08 04:00:04,911 - mylogger - INFO - 2014-12-17    sell    miss
2017-05-08 04:00:04,911 - mylogger - INFO - 2014-12-18    hold    miss
2017-05-08 04:00:04,911 - mylogger - INFO - 2014-12-19    buy     hit
2017-05-08 04:00:04,911 - mylogger - INFO - 2014-12-22    buy     miss
2017-05-08 04:00:04,911 - mylogger - INFO - 2014-12-23    buy     miss
2017-05-08 04:00:04,911 - mylogger - INFO - 2014-12-24    buy     hit
2017-05-08 04:00:04,912 - mylogger - INFO - 2014-12-26    hold    miss
2017-05-08 04:00:04,912 - mylogger - INFO - 2014-12-29    buy     miss
2017-05-08 04:00:04,912 - mylogger - INFO - 2014-12-30    buy     miss
2017-05-08 04:00:04,912 - mylogger - INFO - 2014-12-31    buy     miss
2017-05-08 04:00:04,912 - mylogger - INFO - 2015-01-02    buy     miss
2017-05-08 04:00:04,912 - mylogger - INFO - 2015-01-05    buy     miss
2017-05-08 04:00:04,912 - mylogger - INFO - 2015-01-06    buy     hit
2017-05-08 04:00:04,912 - mylogger - INFO - 2015-01-07    hold    miss
2017-05-08 04:00:04,913 - mylogger - INFO - 2015-01-08    buy     miss
2017-05-08 04:00:04,913 - mylogger - INFO - 2015-01-09    sell    hit
2017-05-08 04:00:04,913 - mylogger - INFO - 2015-01-12    buy     miss
2017-05-08 04:00:04,913 - mylogger - INFO - 2015-01-13    buy     miss
2017-05-08 04:00:04,913 - mylogger - INFO - 2015-01-14    sell    hit
2017-05-08 04:00:04,913 - mylogger - INFO - 2015-01-15    hold    miss
2017-05-08 04:00:04,913 - mylogger - INFO - 2015-01-16    hold    miss
2017-05-08 04:00:04,913 - mylogger - INFO - 2015-01-20    sell    miss
2017-05-08 04:00:04,914 - mylogger - INFO - 2015-01-21    hold    miss
2017-05-08 04:00:04,914 - mylogger - INFO - 2015-01-22    hold    hit
2017-05-08 04:00:04,914 - mylogger - INFO - 2015-01-23    buy     miss
2017-05-08 04:00:04,914 - mylogger - INFO - 2015-01-26    buy     miss
2017-05-08 04:00:04,914 - mylogger - INFO - 2015-01-27    hold    miss
2017-05-08 04:00:04,914 - mylogger - INFO - 2015-01-28    hold    miss
2017-05-08 04:00:04,914 - mylogger - INFO - 2015-01-29    buy     miss
2017-05-08 04:00:04,914 - mylogger - INFO - 2015-01-30    buy     hit
2017-05-08 04:00:04,915 - mylogger - INFO - 2015-02-02    buy     miss
2017-05-08 04:00:04,915 - mylogger - INFO - 2015-02-03    buy     miss
2017-05-08 04:00:04,915 - mylogger - INFO - 2015-02-04    buy     miss
2017-05-08 04:00:04,915 - mylogger - INFO - 2015-02-05    buy     miss
2017-05-08 04:00:04,915 - mylogger - INFO - 2015-02-06    buy     miss
2017-05-08 04:00:04,915 - mylogger - INFO - 2015-02-09    sell    miss
2017-05-08 04:00:04,915 - mylogger - INFO - 2015-02-10    buy     hit
2017-05-08 04:00:04,915 - mylogger - INFO - 2015-02-11    hold    miss
2017-05-08 04:00:04,916 - mylogger - INFO - 2015-02-12    hold    hit
2017-05-08 04:00:04,916 - mylogger - INFO - 2015-02-13    hold    hit
2017-05-08 04:00:04,916 - mylogger - INFO - 2015-02-17    hold    hit
2017-05-08 04:00:04,916 - mylogger - INFO - 2015-02-18    buy     miss
2017-05-08 04:00:04,916 - mylogger - INFO - 2015-02-19    buy     miss
2017-05-08 04:00:04,916 - mylogger - INFO - 2015-02-20    buy     hit
2017-05-08 04:00:04,916 - mylogger - INFO - 2015-02-23    hold    miss
2017-05-08 04:00:04,916 - mylogger - INFO - 2015-02-24    buy     miss
2017-05-08 04:00:04,917 - mylogger - INFO - 2015-02-25    hold    miss
2017-05-08 04:00:04,917 - mylogger - INFO - 2015-02-26    hold    miss
2017-05-08 04:00:04,917 - mylogger - INFO - 2015-02-27    hold    hit
2017-05-08 04:00:04,917 - mylogger - INFO - 2015-03-02    hold    hit
2017-05-08 04:00:04,917 - mylogger - INFO - 2015-03-03    hold    miss
2017-05-08 04:00:04,917 - mylogger - INFO - 2015-03-04    hold    miss
2017-05-08 04:00:04,917 - mylogger - INFO - 2015-03-05    sell    miss
2017-05-08 04:00:04,917 - mylogger - INFO - 2015-03-06    sell    miss
2017-05-08 04:00:04,918 - mylogger - INFO - 2015-03-09    hold    miss
2017-05-08 04:00:04,918 - mylogger - INFO - 2015-03-10    sell    hit
2017-05-08 04:00:04,918 - mylogger - INFO - 2015-03-11    sell    miss
2017-05-08 04:00:04,918 - mylogger - INFO - 2015-03-12    sell    hit
2017-05-08 04:00:04,918 - mylogger - INFO - 2015-03-13    sell    miss
2017-05-08 04:00:04,918 - mylogger - INFO - 2015-03-16    sell    miss
2017-05-08 04:00:04,918 - mylogger - INFO - 2015-03-17    sell    miss
2017-05-08 04:00:04,919 - mylogger - INFO - 2015-03-18    sell    hit
2017-05-08 04:00:04,919 - mylogger - INFO - 2015-03-19    sell    hit
2017-05-08 04:00:04,919 - mylogger - INFO - 2015-03-20    hold    miss
2017-05-08 04:00:04,919 - mylogger - INFO - 2015-03-23    hold    miss
2017-05-08 04:00:04,919 - mylogger - INFO - 2015-03-24    hold    miss
2017-05-08 04:00:04,919 - mylogger - INFO - 2015-03-25    hold    hit
2017-05-08 04:00:04,919 - mylogger - INFO - 2015-03-26    hold    miss
2017-05-08 04:00:04,919 - mylogger - INFO - 2015-03-27    hold    miss
2017-05-08 04:00:04,920 - mylogger - INFO - 2015-03-30    buy     miss
2017-05-08 04:00:04,920 - mylogger - INFO - 2015-03-31    sell    hit
2017-05-08 04:00:04,920 - mylogger - INFO - 2015-04-01    sell    miss
2017-05-08 04:00:04,920 - mylogger - INFO - 2015-04-02    sell    miss
2017-05-08 04:00:04,920 - mylogger - INFO - 2015-04-06    sell    hit
2017-05-08 04:00:04,920 - mylogger - INFO - 2015-04-07    buy     miss
2017-05-08 04:00:04,920 - mylogger - INFO - 2015-04-08    sell    miss
2017-05-08 04:00:04,920 - mylogger - INFO - 2015-04-09    sell    miss
2017-05-08 04:00:04,921 - mylogger - INFO - 2015-04-10    buy     miss
2017-05-08 04:00:04,921 - mylogger - INFO - 2015-04-13    hold    miss
2017-05-08 04:00:04,921 - mylogger - INFO - 2015-04-14    sell    miss
2017-05-08 04:00:04,921 - mylogger - INFO - 2015-04-15    hold    miss
2017-05-08 04:00:04,921 - mylogger - INFO - 2015-04-16    hold    miss
2017-05-08 04:00:04,921 - mylogger - INFO - 2015-04-17    hold    miss
2017-05-08 04:00:04,921 - mylogger - INFO - 2015-04-20    hold    miss
2017-05-08 04:00:04,921 - mylogger - INFO - 2015-04-21    hold    miss
2017-05-08 04:00:04,922 - mylogger - INFO - 2015-04-22    sell    miss
2017-05-08 04:00:04,922 - mylogger - INFO - 2015-04-23    hold    hit
2017-05-08 04:00:04,922 - mylogger - INFO - 2015-04-24    hold    miss
2017-05-08 04:00:04,922 - mylogger - INFO - 2015-04-27    buy     miss
2017-05-08 04:00:04,922 - mylogger - INFO - 2015-04-28    hold    miss
2017-05-08 04:00:04,922 - mylogger - INFO - 2015-04-29    hold    miss
2017-05-08 04:00:04,922 - mylogger - INFO - 2015-04-30    hold    miss
2017-05-08 04:00:04,922 - mylogger - INFO - 2015-05-01    sell    hit
2017-05-08 04:00:04,923 - mylogger - INFO - 2015-05-04    hold    miss
2017-05-08 04:00:04,923 - mylogger - INFO - 2015-05-05    sell    hit
2017-05-08 04:00:04,923 - mylogger - INFO - 2015-05-06    sell    miss
2017-05-08 04:00:04,923 - mylogger - INFO - 2015-05-07    hold    miss
2017-05-08 04:00:04,923 - mylogger - INFO - 2015-05-08    sell    hit
2017-05-08 04:00:04,923 - mylogger - INFO - 2015-05-11    sell    hit
2017-05-08 04:00:04,923 - mylogger - INFO - 2015-05-12    sell    miss
2017-05-08 04:00:04,923 - mylogger - INFO - 2015-05-13    hold    miss
2017-05-08 04:00:04,924 - mylogger - INFO - 2015-05-14    sell    hit
2017-05-08 04:00:04,924 - mylogger - INFO - 2015-05-15    sell    miss
2017-05-08 04:00:04,924 - mylogger - INFO - 2015-05-18    sell    hit
2017-05-08 04:00:04,924 - mylogger - INFO - 2015-05-19    sell    hit
2017-05-08 04:00:04,924 - mylogger - INFO - 2015-05-20    sell    miss
2017-05-08 04:00:04,924 - mylogger - INFO - 2015-05-21    hold    hit
2017-05-08 04:00:04,924 - mylogger - INFO - 2015-05-22    sell    hit
2017-05-08 04:00:04,924 - mylogger - INFO - 2015-05-26    sell    miss
2017-05-08 04:00:04,925 - mylogger - INFO - 2015-05-27    buy     miss
2017-05-08 04:00:04,925 - mylogger - INFO - 2015-05-28    hold    miss
2017-05-08 04:00:04,925 - mylogger - INFO - 2015-05-29    hold    hit
2017-05-08 04:00:04,925 - mylogger - INFO - 2015-06-01    sell    hit
2017-05-08 04:00:04,925 - mylogger - INFO - 2015-06-02    sell    miss
2017-05-08 04:00:04,925 - mylogger - INFO - 2015-06-03    sell    hit
2017-05-08 04:00:04,925 - mylogger - INFO - 2015-06-04    sell    hit
2017-05-08 04:00:04,925 - mylogger - INFO - 2015-06-05    sell    hit
2017-05-08 04:00:04,926 - mylogger - INFO - 2015-06-08    hold    miss
2017-05-08 04:00:04,926 - mylogger - INFO - 2015-06-09    sell    miss
2017-05-08 04:00:04,926 - mylogger - INFO - 2015-06-10    sell    hit
2017-05-08 04:00:04,926 - mylogger - INFO - 2015-06-11    buy     miss
2017-05-08 04:00:04,926 - mylogger - INFO - 2015-06-12    hold    miss
2017-05-08 04:00:04,926 - mylogger - INFO - 2015-06-15    buy     miss
2017-05-08 04:00:04,926 - mylogger - INFO - 2015-06-16    buy     miss
2017-05-08 04:00:04,926 - mylogger - INFO - 2015-06-17    sell    miss
2017-05-08 04:00:04,927 - mylogger - INFO - 2015-06-18    buy     miss
2017-05-08 04:00:04,927 - mylogger - INFO - 2015-06-19    hold    hit
2017-05-08 04:00:04,927 - mylogger - INFO - 2015-06-22    sell    hit
2017-05-08 04:00:04,927 - mylogger - INFO - 2015-06-23    hold    hit
2017-05-08 04:00:04,927 - mylogger - INFO - 2015-06-24    hold    miss
2017-05-08 04:00:04,927 - mylogger - INFO - 2015-06-25    sell    hit
2017-05-08 04:00:04,927 - mylogger - INFO - 2015-06-26    sell    hit
2017-05-08 04:00:04,927 - mylogger - INFO - 2015-06-29    hold    hit
2017-05-08 04:00:04,928 - mylogger - INFO - 2015-06-30    buy     miss
2017-05-08 04:00:04,928 - mylogger - INFO - 2015-07-01    buy     miss
2017-05-08 04:00:04,928 - mylogger - INFO - 2015-07-02    buy     miss
2017-05-08 04:00:04,928 - mylogger - INFO - 2015-07-06    hold    miss
2017-05-08 04:00:04,928 - mylogger - INFO - 2015-07-07    sell    hit
2017-05-08 04:00:04,928 - mylogger - INFO - 2015-07-08    buy     miss
2017-05-08 04:00:04,928 - mylogger - INFO - 2015-07-09    buy     hit
2017-05-08 04:00:04,929 - mylogger - INFO - 2015-07-10    hold    miss
2017-05-08 04:00:04,929 - mylogger - INFO - 2015-07-13    hold    miss
2017-05-08 04:00:04,929 - mylogger - INFO - 2015-07-14    buy     miss
2017-05-08 04:00:04,929 - mylogger - INFO - 2015-07-15    hold    miss
2017-05-08 04:00:04,929 - mylogger - INFO - 2015-07-16    sell    miss
2017-05-08 04:00:04,929 - mylogger - INFO - 2015-07-17    buy     hit
2017-05-08 04:00:04,929 - mylogger - INFO - 2015-07-20    hold    miss
2017-05-08 04:00:04,929 - mylogger - INFO - 2015-07-21    hold    miss
2017-05-08 04:00:04,930 - mylogger - INFO - 2015-07-22    sell    hit
2017-05-08 04:00:04,930 - mylogger - INFO - 2015-07-23    buy     miss
2017-05-08 04:00:04,930 - mylogger - INFO - 2015-07-24    hold    miss
2017-05-08 04:00:04,930 - mylogger - INFO - 2015-07-27    buy     miss
2017-05-08 04:00:04,930 - mylogger - INFO - 2015-07-28    buy     miss
2017-05-08 04:00:04,930 - mylogger - INFO - 2015-07-29    sell    hit
2017-05-08 04:00:04,930 - mylogger - INFO - 2015-07-30    buy     miss
2017-05-08 04:00:04,930 - mylogger - INFO - 2015-07-31    buy     miss
2017-05-08 04:00:04,931 - mylogger - INFO - 2015-08-03    hold    miss
2017-05-08 04:00:04,931 - mylogger - INFO - 2015-08-04    sell    miss
2017-05-08 04:00:04,931 - mylogger - INFO - 2015-08-05    buy     miss
2017-05-08 04:00:04,931 - mylogger - INFO - 2015-08-06    buy     miss
2017-05-08 04:00:04,931 - mylogger - INFO - 2015-08-07    sell    miss
2017-05-08 04:00:04,931 - mylogger - INFO - 2015-08-10    hold    miss
2017-05-08 04:00:04,931 - mylogger - INFO - 2015-08-11    sell    miss
2017-05-08 04:00:04,931 - mylogger - INFO - 2015-08-12    sell    hit
2017-05-08 04:00:04,932 - mylogger - INFO - 2015-08-13    sell    miss
2017-05-08 04:00:04,932 - mylogger - INFO - 2015-08-14    sell    miss
2017-05-08 04:00:04,932 - mylogger - INFO - 2015-08-17    sell    hit
2017-05-08 04:00:04,932 - mylogger - INFO - 2015-08-18    buy     miss
2017-05-08 04:00:04,932 - mylogger - INFO - 2015-08-19    hold    miss
2017-05-08 04:00:04,932 - mylogger - INFO - 2015-08-20    hold    miss
2017-05-08 04:00:04,932 - mylogger - INFO - 2015-08-21    buy     miss
2017-05-08 04:00:04,932 - mylogger - INFO - 2015-08-24    sell    miss
2017-05-08 04:00:04,933 - mylogger - INFO - 2015-08-25    sell    miss
2017-05-08 04:00:04,933 - mylogger - INFO - 2015-08-26    sell    miss
2017-05-08 04:00:04,933 - mylogger - INFO - 2015-08-27    hold    hit
2017-05-08 04:00:04,933 - mylogger - INFO - 2015-08-28    sell    hit
2017-05-08 04:00:04,933 - mylogger - INFO - 2015-08-31    sell    hit
2017-05-08 04:00:04,933 - mylogger - INFO - 2015-09-01    hold    miss
2017-05-08 04:00:04,933 - mylogger - INFO - 2015-09-02    sell    hit
2017-05-08 04:00:04,933 - mylogger - INFO - 2015-09-03    sell    hit
2017-05-08 04:00:04,934 - mylogger - INFO - 2015-09-04    sell    miss
2017-05-08 04:00:04,934 - mylogger - INFO - 2015-09-08    sell    hit
2017-05-08 04:00:04,934 - mylogger - INFO - 2015-09-09    sell    miss
2017-05-08 04:00:04,934 - mylogger - INFO - 2015-09-10    sell    miss
2017-05-08 04:00:04,934 - mylogger - INFO - 2015-09-11    hold    hit
2017-05-08 04:00:04,934 - mylogger - INFO - 2015-09-14    sell    miss
2017-05-08 04:00:04,934 - mylogger - INFO - 2015-09-15    sell    miss
2017-05-08 04:00:04,934 - mylogger - INFO - 2015-09-16    sell    hit
2017-05-08 04:00:04,935 - mylogger - INFO - 2015-09-17    sell    hit
2017-05-08 04:00:04,935 - mylogger - INFO - 2015-09-18    sell    miss
2017-05-08 04:00:04,935 - mylogger - INFO - 2015-09-21    hold    miss
2017-05-08 04:00:04,935 - mylogger - INFO - 2015-09-22    sell    miss
2017-05-08 04:00:04,935 - mylogger - INFO - 2015-09-23    sell    miss
2017-05-08 04:00:04,935 - mylogger - INFO - 2015-09-24    sell    hit
2017-05-08 04:00:04,935 - mylogger - INFO - 2015-09-25    hold    miss
2017-05-08 04:00:04,935 - mylogger - INFO - 2015-09-28    sell    hit
2017-05-08 04:00:04,936 - mylogger - INFO - 2015-09-29    sell    miss
2017-05-08 04:00:04,936 - mylogger - INFO - 2015-09-30    sell    hit
2017-05-08 04:00:04,936 - mylogger - INFO - 2015-10-01    sell    miss
2017-05-08 04:00:04,936 - mylogger - INFO - 2015-10-02    buy     miss
2017-05-08 04:00:04,936 - mylogger - INFO - 2015-10-05    buy     miss
2017-05-08 04:00:04,936 - mylogger - INFO - 2015-10-06    buy     miss
2017-05-08 04:00:04,936 - mylogger - INFO - 2015-10-07    buy     miss
2017-05-08 04:00:04,937 - mylogger - INFO - 2015-10-08    hold    miss
2017-05-08 04:00:04,937 - mylogger - INFO - 2015-10-09    buy     miss
2017-05-08 04:00:04,937 - mylogger - INFO - 2015-10-12    sell    miss
2017-05-08 04:00:04,937 - mylogger - INFO - 2015-10-13    sell    hit
2017-05-08 04:00:04,937 - mylogger - INFO - 2015-10-14    sell    miss
2017-05-08 04:00:04,937 - mylogger - INFO - 2015-10-15    sell    hit
2017-05-08 04:00:04,937 - mylogger - INFO - 2015-10-16    sell    miss
2017-05-08 04:00:04,937 - mylogger - INFO - 2015-10-19    sell    miss
2017-05-08 04:00:04,938 - mylogger - INFO - 2015-10-20    sell    hit
2017-05-08 04:00:04,938 - mylogger - INFO - 2015-10-21    sell    miss
2017-05-08 04:00:04,938 - mylogger - INFO - 2015-10-22    sell    miss
2017-05-08 04:00:04,938 - mylogger - INFO - 2015-10-23    sell    hit
2017-05-08 04:00:04,938 - mylogger - INFO - 2015-10-26    sell    hit
2017-05-08 04:00:04,938 - mylogger - INFO - 2015-10-27    sell    miss
2017-05-08 04:00:04,938 - mylogger - INFO - 2015-10-28    sell    miss
2017-05-08 04:00:04,938 - mylogger - INFO - 2015-10-29    sell    hit
2017-05-08 04:00:04,939 - mylogger - INFO - 2015-10-30    sell    miss
2017-05-08 04:00:04,939 - mylogger - INFO - 2015-11-02    hold    miss
2017-05-08 04:00:04,939 - mylogger - INFO - 2015-11-03    buy     miss
2017-05-08 04:00:04,939 - mylogger - INFO - 2015-11-04    sell    hit
2017-05-08 04:00:04,939 - mylogger - INFO - 2015-11-05    sell    miss
2017-05-08 04:00:04,939 - mylogger - INFO - 2015-11-06    sell    hit
2017-05-08 04:00:04,939 - mylogger - INFO - 2015-11-09    sell    hit
2017-05-08 04:00:04,939 - mylogger - INFO - 2015-11-10    sell    hit
2017-05-08 04:00:04,940 - mylogger - INFO - 2015-11-11    sell    hit
2017-05-08 04:00:04,940 - mylogger - INFO - 2015-11-12    sell    hit
2017-05-08 04:00:04,940 - mylogger - INFO - 2015-11-13    sell    miss
2017-05-08 04:00:04,940 - mylogger - INFO - 2015-11-16    sell    hit
2017-05-08 04:00:04,940 - mylogger - INFO - 2015-11-17    sell    miss
2017-05-08 04:00:04,940 - mylogger - INFO - 2015-11-18    sell    miss
2017-05-08 04:00:04,940 - mylogger - INFO - 2015-11-19    sell    miss
2017-05-08 04:00:04,940 - mylogger - INFO - 2015-11-20    sell    hit
2017-05-08 04:00:04,941 - mylogger - INFO - 2015-11-23    sell    miss
2017-05-08 04:00:04,941 - mylogger - INFO - 2015-11-24    sell    hit
2017-05-08 04:00:04,941 - mylogger - INFO - 2015-11-25    hold    miss
2017-05-08 04:00:04,941 - mylogger - INFO - 2015-11-27    sell    miss
2017-05-08 04:00:04,941 - mylogger - INFO - 2015-11-30    sell    hit
2017-05-08 04:00:04,941 - mylogger - INFO - 2015-12-01    sell    hit
2017-05-08 04:00:04,941 - mylogger - INFO - 2015-12-02    sell    hit
2017-05-08 04:00:04,942 - mylogger - INFO - 2015-12-03    sell    miss
2017-05-08 04:00:04,942 - mylogger - INFO - 2015-12-04    hold    miss
2017-05-08 04:00:04,942 - mylogger - INFO - 2015-12-07    hold    miss
2017-05-08 04:00:04,942 - mylogger - INFO - 2015-12-08    hold    miss
2017-05-08 04:00:04,942 - mylogger - INFO - 2015-12-09    hold    hit
2017-05-08 04:00:04,942 - mylogger - INFO - 2015-12-10    hold    miss
2017-05-08 04:00:04,942 - mylogger - INFO - 2015-12-11    hold    miss
2017-05-08 04:00:04,942 - mylogger - INFO - 2015-12-14    hold    miss
2017-05-08 04:00:04,943 - mylogger - INFO - 2015-12-15    sell    miss
2017-05-08 04:00:04,943 - mylogger - INFO - 2015-12-16    hold    miss
2017-05-08 04:00:04,943 - mylogger - INFO - 2015-12-17    sell    hit
2017-05-08 04:00:04,943 - mylogger - INFO - 2015-12-18    sell    miss
2017-05-08 04:00:04,943 - mylogger - INFO - 2015-12-21    hold    miss
2017-05-08 04:00:04,943 - mylogger - INFO - 2015-12-22    sell    miss
2017-05-08 04:00:04,943 - mylogger - INFO - 2015-12-23    hold    miss
2017-05-08 04:00:04,943 - mylogger - INFO - 2015-12-24    hold    miss
2017-05-08 04:00:04,944 - mylogger - INFO - 2015-12-28    sell    miss
2017-05-08 04:00:04,944 - mylogger - INFO - 2015-12-29    sell    hit
2017-05-08 04:00:04,944 - mylogger - INFO - 2015-12-30    hold    miss
2017-05-08 04:00:04,944 - mylogger - INFO - Hit number:186/503
2017-05-08 04:00:04,944 - mylogger - INFO - Hit rate:0.3697813121272366
