2017-05-08 05:15:01,870 - mylogger - INFO - -0.000181216
2017-05-08 05:15:01,870 - mylogger - INFO - 2014-01-02: sell
2017-05-08 05:15:02,226 - mylogger - INFO - -0.00729769
2017-05-08 05:15:02,227 - mylogger - INFO - 2014-01-03: sell
2017-05-08 05:15:02,596 - mylogger - INFO - -0.0219343
2017-05-08 05:15:02,597 - mylogger - INFO - 2014-01-06: sell
2017-05-08 05:15:03,104 - mylogger - INFO - -0.0164078
2017-05-08 05:15:03,104 - mylogger - INFO - 2014-01-07: sell
2017-05-08 05:15:03,437 - mylogger - INFO - -0.0186297
2017-05-08 05:15:03,438 - mylogger - INFO - 2014-01-08: sell
2017-05-08 05:15:03,800 - mylogger - INFO - -0.0200085
2017-05-08 05:15:03,800 - mylogger - INFO - 2014-01-09: sell
2017-05-08 05:15:04,309 - mylogger - INFO - -0.00350782
2017-05-08 05:15:04,312 - mylogger - INFO - 2014-01-10: sell
2017-05-08 05:15:04,804 - mylogger - INFO - 0.0158488
2017-05-08 05:15:04,806 - mylogger - INFO - 2014-01-13: buy
2017-05-08 05:15:04,806 - mylogger - INFO - 49429.1485
2017-05-08 05:15:05,211 - mylogger - INFO - -0.00387252
2017-05-08 05:15:05,212 - mylogger - INFO - 2014-01-14: sell
2017-05-08 05:15:05,686 - mylogger - INFO - -0.00837437
2017-05-08 05:15:05,687 - mylogger - INFO - 2014-01-15: sell
2017-05-08 05:15:06,074 - mylogger - INFO - -0.0218657
2017-05-08 05:15:06,075 - mylogger - INFO - 2014-01-16: sell
2017-05-08 05:15:06,545 - mylogger - INFO - -0.0321918
2017-05-08 05:15:06,546 - mylogger - INFO - 2014-01-17: sell
2017-05-08 05:15:07,027 - mylogger - INFO - -0.0256469
2017-05-08 05:15:07,028 - mylogger - INFO - 2014-01-21: sell
2017-05-08 05:15:07,439 - mylogger - INFO - -0.0342564
2017-05-08 05:15:07,441 - mylogger - INFO - 2014-01-22: sell
2017-05-08 05:15:07,830 - mylogger - INFO - -0.0248549
2017-05-08 05:15:07,831 - mylogger - INFO - 2014-01-23: sell
2017-05-08 05:15:08,305 - mylogger - INFO - -0.0333117
2017-05-08 05:15:08,306 - mylogger - INFO - 2014-01-24: sell
2017-05-08 05:15:08,691 - mylogger - INFO - -0.0374128
2017-05-08 05:15:08,692 - mylogger - INFO - 2014-01-27: sell
2017-05-08 05:15:09,094 - mylogger - INFO - -0.0318603
2017-05-08 05:15:09,095 - mylogger - INFO - 2014-01-28: sell
2017-05-08 05:15:09,543 - mylogger - INFO - -0.0253261
2017-05-08 05:15:09,544 - mylogger - INFO - 2014-01-29: sell
2017-05-08 05:15:10,055 - mylogger - INFO - 0.00349292
2017-05-08 05:15:10,056 - mylogger - INFO - 2014-01-30: hold
2017-05-08 05:15:10,527 - mylogger - INFO - 0.0169174
2017-05-08 05:15:10,529 - mylogger - INFO - 2014-01-31: No cover!
2017-05-08 05:15:10,950 - mylogger - INFO - -0.0124258
2017-05-08 05:15:10,951 - mylogger - INFO - 2014-02-03: sell
2017-05-08 05:15:11,531 - mylogger - INFO - -0.00123596
2017-05-08 05:15:11,532 - mylogger - INFO - 2014-02-04: sell
2017-05-08 05:15:11,994 - mylogger - INFO - -0.00180355
2017-05-08 05:15:11,995 - mylogger - INFO - 2014-02-05: sell
2017-05-08 05:15:12,457 - mylogger - INFO - 0.0109275
2017-05-08 05:15:12,458 - mylogger - INFO - 2014-02-06: No cover!
2017-05-08 05:15:12,902 - mylogger - INFO - 0.0015723
2017-05-08 05:15:12,902 - mylogger - INFO - 2014-02-07: hold
2017-05-08 05:15:13,268 - mylogger - INFO - 0.0112077
2017-05-08 05:15:13,269 - mylogger - INFO - 2014-02-10: No cover!
2017-05-08 05:15:13,685 - mylogger - INFO - 0.00141424
2017-05-08 05:15:13,685 - mylogger - INFO - 2014-02-11: hold
2017-05-08 05:15:14,218 - mylogger - INFO - 0.00479708
2017-05-08 05:15:14,219 - mylogger - INFO - 2014-02-12: hold
2017-05-08 05:15:14,778 - mylogger - INFO - -0.0159083
2017-05-08 05:15:14,779 - mylogger - INFO - 2014-02-13: sell
2017-05-08 05:15:15,320 - mylogger - INFO - -0.0279024
2017-05-08 05:15:15,321 - mylogger - INFO - 2014-02-14: sell
2017-05-08 05:15:15,710 - mylogger - INFO - -0.0119477
2017-05-08 05:15:15,711 - mylogger - INFO - 2014-02-18: sell
2017-05-08 05:15:16,179 - mylogger - INFO - -0.0161197
2017-05-08 05:15:16,180 - mylogger - INFO - 2014-02-19: sell
2017-05-08 05:15:16,598 - mylogger - INFO - -0.00477918
2017-05-08 05:15:16,599 - mylogger - INFO - 2014-02-20: sell
2017-05-08 05:15:16,989 - mylogger - INFO - 0.000709134
2017-05-08 05:15:16,989 - mylogger - INFO - 2014-02-21: hold
2017-05-08 05:15:17,480 - mylogger - INFO - -0.00826405
2017-05-08 05:15:17,481 - mylogger - INFO - 2014-02-24: sell
2017-05-08 05:15:17,828 - mylogger - INFO - -0.00659117
2017-05-08 05:15:17,829 - mylogger - INFO - 2014-02-25: sell
2017-05-08 05:15:18,307 - mylogger - INFO - 0.00253654
2017-05-08 05:15:18,307 - mylogger - INFO - 2014-02-26: hold
2017-05-08 05:15:18,760 - mylogger - INFO - 0.00143162
2017-05-08 05:15:18,761 - mylogger - INFO - 2014-02-27: hold
2017-05-08 05:15:19,107 - mylogger - INFO - 0.00783197
2017-05-08 05:15:19,107 - mylogger - INFO - 2014-02-28: hold
2017-05-08 05:15:19,554 - mylogger - INFO - -0.0196188
2017-05-08 05:15:19,555 - mylogger - INFO - 2014-03-03: sell
2017-05-08 05:15:20,230 - mylogger - INFO - 0.0031922
2017-05-08 05:15:20,230 - mylogger - INFO - 2014-03-04: hold
2017-05-08 05:15:20,800 - mylogger - INFO - -0.023285
2017-05-08 05:15:20,801 - mylogger - INFO - 2014-03-05: sell
2017-05-08 05:15:21,393 - mylogger - INFO - -0.0168269
2017-05-08 05:15:21,395 - mylogger - INFO - 2014-03-06: sell
2017-05-08 05:15:21,848 - mylogger - INFO - -0.0146848
2017-05-08 05:15:21,848 - mylogger - INFO - 2014-03-07: sell
2017-05-08 05:15:22,290 - mylogger - INFO - -0.0123977
2017-05-08 05:15:22,290 - mylogger - INFO - 2014-03-10: sell
2017-05-08 05:15:22,638 - mylogger - INFO - -0.00863894
2017-05-08 05:15:22,639 - mylogger - INFO - 2014-03-11: sell
2017-05-08 05:15:23,033 - mylogger - INFO - -0.012841
2017-05-08 05:15:23,034 - mylogger - INFO - 2014-03-12: sell
2017-05-08 05:15:23,472 - mylogger - INFO - -0.0037223
2017-05-08 05:15:23,473 - mylogger - INFO - 2014-03-13: sell
2017-05-08 05:15:23,901 - mylogger - INFO - -0.00651533
2017-05-08 05:15:23,902 - mylogger - INFO - 2014-03-14: sell
2017-05-08 05:15:24,279 - mylogger - INFO - -0.0138573
2017-05-08 05:15:24,280 - mylogger - INFO - 2014-03-17: sell
2017-05-08 05:15:24,858 - mylogger - INFO - 0.00105499
2017-05-08 05:15:24,858 - mylogger - INFO - 2014-03-18: hold
2017-05-08 05:15:25,234 - mylogger - INFO - -0.0186259
2017-05-08 05:15:25,235 - mylogger - INFO - 2014-03-19: sell
2017-05-08 05:15:25,600 - mylogger - INFO - -0.0102661
2017-05-08 05:15:25,601 - mylogger - INFO - 2014-03-20: sell
2017-05-08 05:15:26,121 - mylogger - INFO - -0.0192322
2017-05-08 05:15:26,122 - mylogger - INFO - 2014-03-21: sell
2017-05-08 05:15:26,858 - mylogger - INFO - 0.00658228
2017-05-08 05:15:26,858 - mylogger - INFO - 2014-03-24: hold
2017-05-08 05:15:27,478 - mylogger - INFO - -0.00680924
2017-05-08 05:15:27,479 - mylogger - INFO - 2014-03-25: sell
2017-05-08 05:15:28,053 - mylogger - INFO - -0.00682934
2017-05-08 05:15:28,054 - mylogger - INFO - 2014-03-26: sell
2017-05-08 05:15:28,536 - mylogger - INFO - -0.00694865
2017-05-08 05:15:28,537 - mylogger - INFO - 2014-03-27: sell
2017-05-08 05:15:28,878 - mylogger - INFO - -0.00193241
2017-05-08 05:15:28,879 - mylogger - INFO - 2014-03-28: sell
2017-05-08 05:15:29,238 - mylogger - INFO - 0.00195194
2017-05-08 05:15:29,239 - mylogger - INFO - 2014-03-31: sell
2017-05-08 05:15:29,685 - mylogger - INFO - 0.00406004
2017-05-08 05:15:29,685 - mylogger - INFO - 2014-04-01: hold
2017-05-08 05:15:30,012 - mylogger - INFO - -0.0106279
2017-05-08 05:15:30,013 - mylogger - INFO - 2014-04-02: sell
2017-05-08 05:15:30,336 - mylogger - INFO - 4.27699e-05
2017-05-08 05:15:30,337 - mylogger - INFO - 2014-04-03: hold
2017-05-08 05:15:30,773 - mylogger - INFO - -0.0207358
2017-05-08 05:15:30,774 - mylogger - INFO - 2014-04-04: sell
2017-05-08 05:15:31,106 - mylogger - INFO - 0.00934527
2017-05-08 05:15:31,106 - mylogger - INFO - 2014-04-07: hold
2017-05-08 05:15:31,453 - mylogger - INFO - -0.0209656
2017-05-08 05:15:31,454 - mylogger - INFO - 2014-04-08: sell
2017-05-08 05:15:31,880 - mylogger - INFO - -0.00195819
2017-05-08 05:15:31,881 - mylogger - INFO - 2014-04-09: sell
2017-05-08 05:15:32,240 - mylogger - INFO - -0.00899263
2017-05-08 05:15:32,241 - mylogger - INFO - 2014-04-10: sell
2017-05-08 05:15:32,576 - mylogger - INFO - -0.0151366
2017-05-08 05:15:32,577 - mylogger - INFO - 2014-04-11: sell
2017-05-08 05:15:32,901 - mylogger - INFO - -0.00484769
2017-05-08 05:15:32,901 - mylogger - INFO - 2014-04-14: sell
2017-05-08 05:15:33,335 - mylogger - INFO - -0.0121815
2017-05-08 05:15:33,335 - mylogger - INFO - 2014-04-15: sell
2017-05-08 05:15:33,677 - mylogger - INFO - -0.00733654
2017-05-08 05:15:33,678 - mylogger - INFO - 2014-04-16: sell
2017-05-08 05:15:33,998 - mylogger - INFO - -0.00310508
2017-05-08 05:15:33,999 - mylogger - INFO - 2014-04-17: sell
2017-05-08 05:15:34,439 - mylogger - INFO - 0.0164071
2017-05-08 05:15:34,440 - mylogger - INFO - 2014-04-21: No cover!
2017-05-08 05:15:34,779 - mylogger - INFO - 0.00358733
2017-05-08 05:15:34,779 - mylogger - INFO - 2014-04-22: hold
2017-05-08 05:15:35,113 - mylogger - INFO - -0.00225434
2017-05-08 05:15:35,113 - mylogger - INFO - 2014-04-23: sell
2017-05-08 05:15:35,572 - mylogger - INFO - -0.0053498
2017-05-08 05:15:35,573 - mylogger - INFO - 2014-04-24: sell
2017-05-08 05:15:35,907 - mylogger - INFO - -0.0184869
2017-05-08 05:15:35,911 - mylogger - INFO - 2014-04-25: sell
2017-05-08 05:15:36,269 - mylogger - INFO - 0.0166801
2017-05-08 05:15:36,270 - mylogger - INFO - 2014-04-28: No cover!
2017-05-08 05:15:36,723 - mylogger - INFO - -0.00712656
2017-05-08 05:15:36,724 - mylogger - INFO - 2014-04-29: sell
2017-05-08 05:15:37,053 - mylogger - INFO - -0.0131272
2017-05-08 05:15:37,054 - mylogger - INFO - 2014-04-30: sell
2017-05-08 05:15:37,386 - mylogger - INFO - -0.00513233
2017-05-08 05:15:37,387 - mylogger - INFO - 2014-05-01: sell
2017-05-08 05:15:37,731 - mylogger - INFO - 0.00329247
2017-05-08 05:15:37,731 - mylogger - INFO - 2014-05-02: hold
2017-05-08 05:15:38,167 - mylogger - INFO - -0.0213708
2017-05-08 05:15:38,168 - mylogger - INFO - 2014-05-05: sell
2017-05-08 05:15:38,496 - mylogger - INFO - -0.0118796
2017-05-08 05:15:38,496 - mylogger - INFO - 2014-05-06: sell
2017-05-08 05:15:38,823 - mylogger - INFO - -0.00491741
2017-05-08 05:15:38,824 - mylogger - INFO - 2014-05-07: sell
2017-05-08 05:15:39,283 - mylogger - INFO - -0.00807187
2017-05-08 05:15:39,284 - mylogger - INFO - 2014-05-08: sell
2017-05-08 05:15:39,617 - mylogger - INFO - -0.0165034
2017-05-08 05:15:39,618 - mylogger - INFO - 2014-05-09: sell
2017-05-08 05:15:39,955 - mylogger - INFO - -0.0118851
2017-05-08 05:15:39,955 - mylogger - INFO - 2014-05-12: sell
2017-05-08 05:15:40,387 - mylogger - INFO - -0.0161291
2017-05-08 05:15:40,388 - mylogger - INFO - 2014-05-13: sell
2017-05-08 05:15:40,713 - mylogger - INFO - -0.0119985
2017-05-08 05:15:40,714 - mylogger - INFO - 2014-05-14: sell
2017-05-08 05:15:41,046 - mylogger - INFO - -0.0162187
2017-05-08 05:15:41,047 - mylogger - INFO - 2014-05-15: sell
2017-05-08 05:15:41,486 - mylogger - INFO - -0.000933796
2017-05-08 05:15:41,487 - mylogger - INFO - 2014-05-16: sell
2017-05-08 05:15:41,844 - mylogger - INFO - -0.00473262
2017-05-08 05:15:41,846 - mylogger - INFO - 2014-05-19: sell
2017-05-08 05:15:42,246 - mylogger - INFO - -0.022623
2017-05-08 05:15:42,247 - mylogger - INFO - 2014-05-20: sell
2017-05-08 05:15:42,605 - mylogger - INFO - -0.00176835
2017-05-08 05:15:42,606 - mylogger - INFO - 2014-05-21: sell
2017-05-08 05:15:43,031 - mylogger - INFO - 0.00186391
2017-05-08 05:15:43,032 - mylogger - INFO - 2014-05-22: hold
2017-05-08 05:15:43,385 - mylogger - INFO - -0.011219
2017-05-08 05:15:43,386 - mylogger - INFO - 2014-05-23: sell
2017-05-08 05:15:43,739 - mylogger - INFO - 0.000624793
2017-05-08 05:15:43,739 - mylogger - INFO - 2014-05-27: hold
2017-05-08 05:15:44,244 - mylogger - INFO - 0.00110867
2017-05-08 05:15:44,244 - mylogger - INFO - 2014-05-28: hold
2017-05-08 05:15:44,959 - mylogger - INFO - 0.0172282
2017-05-08 05:15:44,960 - mylogger - INFO - 2014-05-29: No cover!
2017-05-08 05:15:45,392 - mylogger - INFO - 0.00843542
2017-05-08 05:15:45,392 - mylogger - INFO - 2014-05-30: hold
2017-05-08 05:15:45,821 - mylogger - INFO - 0.0164112
2017-05-08 05:15:45,822 - mylogger - INFO - 2014-06-02: No cover!
2017-05-08 05:15:46,194 - mylogger - INFO - 0.0106347
2017-05-08 05:15:46,195 - mylogger - INFO - 2014-06-03: No cover!
2017-05-08 05:15:46,514 - mylogger - INFO - -0.00608347
2017-05-08 05:15:46,514 - mylogger - INFO - 2014-06-04: sell
2017-05-08 05:15:46,952 - mylogger - INFO - 0.00586278
2017-05-08 05:15:46,952 - mylogger - INFO - 2014-06-05: hold
2017-05-08 05:15:47,327 - mylogger - INFO - -0.0141236
2017-05-08 05:15:47,328 - mylogger - INFO - 2014-06-06: sell
2017-05-08 05:15:47,654 - mylogger - INFO - -0.00349096
2017-05-08 05:15:47,655 - mylogger - INFO - 2014-06-09: sell
2017-05-08 05:15:47,982 - mylogger - INFO - -0.0116513
2017-05-08 05:15:47,983 - mylogger - INFO - 2014-06-10: sell
2017-05-08 05:15:48,405 - mylogger - INFO - -0.00121162
2017-05-08 05:15:48,406 - mylogger - INFO - 2014-06-11: sell
2017-05-08 05:15:48,740 - mylogger - INFO - -0.0109998
2017-05-08 05:15:48,741 - mylogger - INFO - 2014-06-12: sell
2017-05-08 05:15:49,304 - mylogger - INFO - 0.0165486
2017-05-08 05:15:49,305 - mylogger - INFO - 2014-06-13: No cover!
2017-05-08 05:15:49,731 - mylogger - INFO - -0.00173329
2017-05-08 05:15:49,731 - mylogger - INFO - 2014-06-16: sell
2017-05-08 05:15:50,053 - mylogger - INFO - 0.0141039
2017-05-08 05:15:50,054 - mylogger - INFO - 2014-06-17: No cover!
2017-05-08 05:15:50,374 - mylogger - INFO - -0.00547631
2017-05-08 05:15:50,375 - mylogger - INFO - 2014-06-18: sell
2017-05-08 05:15:50,924 - mylogger - INFO - 0.0038878
2017-05-08 05:15:50,924 - mylogger - INFO - 2014-06-19: hold
2017-05-08 05:15:51,281 - mylogger - INFO - 0.00855487
2017-05-08 05:15:51,281 - mylogger - INFO - 2014-06-20: hold
2017-05-08 05:15:51,666 - mylogger - INFO - 0.00582582
2017-05-08 05:15:51,666 - mylogger - INFO - 2014-06-23: hold
2017-05-08 05:15:52,097 - mylogger - INFO - 0.0199771
2017-05-08 05:15:52,098 - mylogger - INFO - 2014-06-24: sell
2017-05-08 05:15:52,427 - mylogger - INFO - 0.00695678
2017-05-08 05:15:52,427 - mylogger - INFO - 2014-06-25: hold
2017-05-08 05:15:52,746 - mylogger - INFO - 0.00100926
2017-05-08 05:15:52,747 - mylogger - INFO - 2014-06-26: hold
2017-05-08 05:15:53,098 - mylogger - INFO - -0.000156744
2017-05-08 05:15:53,099 - mylogger - INFO - 2014-06-27: sell
2017-05-08 05:15:53,593 - mylogger - INFO - 0.0315953
2017-05-08 05:15:53,595 - mylogger - INFO - 2014-06-30: No cover!
2017-05-08 05:15:53,921 - mylogger - INFO - 0.022819
2017-05-08 05:15:53,922 - mylogger - INFO - 2014-07-01: No cover!
2017-05-08 05:15:54,239 - mylogger - INFO - 0.00835251
2017-05-08 05:15:54,239 - mylogger - INFO - 2014-07-02: hold
2017-05-08 05:15:54,675 - mylogger - INFO - 0.00534679
2017-05-08 05:15:54,675 - mylogger - INFO - 2014-07-03: hold
2017-05-08 05:15:55,010 - mylogger - INFO - -0.00842006
2017-05-08 05:15:55,011 - mylogger - INFO - 2014-07-07: sell
2017-05-08 05:15:55,352 - mylogger - INFO - -0.000113508
2017-05-08 05:15:55,353 - mylogger - INFO - 2014-07-08: sell
2017-05-08 05:15:55,837 - mylogger - INFO - -0.00976054
2017-05-08 05:15:55,838 - mylogger - INFO - 2014-07-09: sell
2017-05-08 05:15:56,164 - mylogger - INFO - -0.00395798
2017-05-08 05:15:56,165 - mylogger - INFO - 2014-07-10: sell
2017-05-08 05:15:56,514 - mylogger - INFO - 0.00443009
2017-05-08 05:15:56,514 - mylogger - INFO - 2014-07-11: hold
2017-05-08 05:15:56,940 - mylogger - INFO - -0.016243
2017-05-08 05:15:56,941 - mylogger - INFO - 2014-07-14: sell
2017-05-08 05:15:57,339 - mylogger - INFO - -0.00181949
2017-05-08 05:15:57,340 - mylogger - INFO - 2014-07-15: sell
2017-05-08 05:15:57,671 - mylogger - INFO - 0.00608509
2017-05-08 05:15:57,671 - mylogger - INFO - 2014-07-16: hold
2017-05-08 05:15:58,001 - mylogger - INFO - -0.00197117
2017-05-08 05:15:58,002 - mylogger - INFO - 2014-07-17: sell
2017-05-08 05:15:58,439 - mylogger - INFO - -0.00134285
2017-05-08 05:15:58,440 - mylogger - INFO - 2014-07-18: sell
2017-05-08 05:15:58,798 - mylogger - INFO - -0.0113234
2017-05-08 05:15:58,799 - mylogger - INFO - 2014-07-21: sell
2017-05-08 05:15:59,131 - mylogger - INFO - -0.00583306
2017-05-08 05:15:59,132 - mylogger - INFO - 2014-07-22: sell
2017-05-08 05:15:59,565 - mylogger - INFO - -0.00040469
2017-05-08 05:15:59,566 - mylogger - INFO - 2014-07-23: sell
2017-05-08 05:15:59,904 - mylogger - INFO - -0.0102829
2017-05-08 05:15:59,905 - mylogger - INFO - 2014-07-24: sell
2017-05-08 05:16:00,234 - mylogger - INFO - -0.0283916
2017-05-08 05:16:00,235 - mylogger - INFO - 2014-07-25: sell
2017-05-08 05:16:00,652 - mylogger - INFO - -0.00106519
2017-05-08 05:16:00,653 - mylogger - INFO - 2014-07-28: sell
2017-05-08 05:16:01,022 - mylogger - INFO - -0.0232494
2017-05-08 05:16:01,023 - mylogger - INFO - 2014-07-29: sell
2017-05-08 05:16:01,356 - mylogger - INFO - -0.00803073
2017-05-08 05:16:01,357 - mylogger - INFO - 2014-07-30: sell
2017-05-08 05:16:01,790 - mylogger - INFO - -0.0150395
2017-05-08 05:16:01,791 - mylogger - INFO - 2014-07-31: sell
2017-05-08 05:16:02,168 - mylogger - INFO - -0.0199407
2017-05-08 05:16:02,169 - mylogger - INFO - 2014-08-01: sell
2017-05-08 05:16:02,578 - mylogger - INFO - -0.00428928
2017-05-08 05:16:02,579 - mylogger - INFO - 2014-08-04: sell
2017-05-08 05:16:03,022 - mylogger - INFO - 0.000382936
2017-05-08 05:16:03,023 - mylogger - INFO - 2014-08-05: hold
2017-05-08 05:16:03,342 - mylogger - INFO - 0.00629717
2017-05-08 05:16:03,343 - mylogger - INFO - 2014-08-06: hold
2017-05-08 05:16:03,683 - mylogger - INFO - 0.0173608
2017-05-08 05:16:03,684 - mylogger - INFO - 2014-08-07: sell
2017-05-08 05:16:04,007 - mylogger - INFO - -0.00404034
2017-05-08 05:16:04,008 - mylogger - INFO - 2014-08-08: sell
2017-05-08 05:16:04,440 - mylogger - INFO - 0.00590034
2017-05-08 05:16:04,440 - mylogger - INFO - 2014-08-11: hold
2017-05-08 05:16:04,758 - mylogger - INFO - -0.00442624
2017-05-08 05:16:04,759 - mylogger - INFO - 2014-08-12: sell
2017-05-08 05:16:05,092 - mylogger - INFO - 0.022824
2017-05-08 05:16:05,093 - mylogger - INFO - 2014-08-13: No cover!
2017-05-08 05:16:05,554 - mylogger - INFO - 0.0234513
2017-05-08 05:16:05,555 - mylogger - INFO - 2014-08-14: No cover!
2017-05-08 05:16:05,898 - mylogger - INFO - 0.00998327
2017-05-08 05:16:05,898 - mylogger - INFO - 2014-08-15: hold
2017-05-08 05:16:06,217 - mylogger - INFO - 0.0147341
2017-05-08 05:16:06,218 - mylogger - INFO - 2014-08-18: No cover!
2017-05-08 05:16:06,644 - mylogger - INFO - 0.0086323
2017-05-08 05:16:06,644 - mylogger - INFO - 2014-08-19: hold
2017-05-08 05:16:06,999 - mylogger - INFO - 0.0232184
2017-05-08 05:16:07,000 - mylogger - INFO - 2014-08-20: No cover!
2017-05-08 05:16:07,374 - mylogger - INFO - 0.00199292
2017-05-08 05:16:07,375 - mylogger - INFO - 2014-08-21: hold
2017-05-08 05:16:07,810 - mylogger - INFO - 0.00725425
2017-05-08 05:16:07,810 - mylogger - INFO - 2014-08-22: hold
2017-05-08 05:16:08,224 - mylogger - INFO - 2.84936e-05
2017-05-08 05:16:08,224 - mylogger - INFO - 2014-08-25: hold
2017-05-08 05:16:08,660 - mylogger - INFO - -0.00544013
2017-05-08 05:16:08,661 - mylogger - INFO - 2014-08-26: sell
2017-05-08 05:16:08,981 - mylogger - INFO - -0.020115
2017-05-08 05:16:08,982 - mylogger - INFO - 2014-08-27: sell
2017-05-08 05:16:09,492 - mylogger - INFO - -0.0171862
2017-05-08 05:16:09,493 - mylogger - INFO - 2014-08-28: sell
2017-05-08 05:16:09,934 - mylogger - INFO - -0.0132361
2017-05-08 05:16:09,935 - mylogger - INFO - 2014-08-29: sell
2017-05-08 05:16:10,282 - mylogger - INFO - -0.0380113
2017-05-08 05:16:10,283 - mylogger - INFO - 2014-09-02: sell
2017-05-08 05:16:10,757 - mylogger - INFO - -0.0204868
2017-05-08 05:16:10,758 - mylogger - INFO - 2014-09-03: sell
2017-05-08 05:16:11,160 - mylogger - INFO - 0.00204398
2017-05-08 05:16:11,160 - mylogger - INFO - 2014-09-04: hold
2017-05-08 05:16:11,555 - mylogger - INFO - -0.00703137
2017-05-08 05:16:11,556 - mylogger - INFO - 2014-09-05: sell
2017-05-08 05:16:11,993 - mylogger - INFO - 0.00845428
2017-05-08 05:16:11,993 - mylogger - INFO - 2014-09-08: hold
2017-05-08 05:16:12,324 - mylogger - INFO - 0.00977881
2017-05-08 05:16:12,324 - mylogger - INFO - 2014-09-09: hold
2017-05-08 05:16:12,666 - mylogger - INFO - 0.000206115
2017-05-08 05:16:12,666 - mylogger - INFO - 2014-09-10: hold
2017-05-08 05:16:13,113 - mylogger - INFO - -0.00397348
2017-05-08 05:16:13,114 - mylogger - INFO - 2014-09-11: sell
2017-05-08 05:16:13,477 - mylogger - INFO - -0.0148312
2017-05-08 05:16:13,478 - mylogger - INFO - 2014-09-12: sell
2017-05-08 05:16:13,808 - mylogger - INFO - -0.00315933
2017-05-08 05:16:13,809 - mylogger - INFO - 2014-09-15: sell
2017-05-08 05:16:14,159 - mylogger - INFO - -0.0273355
2017-05-08 05:16:14,160 - mylogger - INFO - 2014-09-16: sell
2017-05-08 05:16:14,608 - mylogger - INFO - -0.007601
2017-05-08 05:16:14,609 - mylogger - INFO - 2014-09-17: sell
2017-05-08 05:16:14,956 - mylogger - INFO - -0.00413673
2017-05-08 05:16:14,957 - mylogger - INFO - 2014-09-18: sell
2017-05-08 05:16:15,289 - mylogger - INFO - -0.00417722
2017-05-08 05:16:15,290 - mylogger - INFO - 2014-09-19: sell
2017-05-08 05:16:15,753 - mylogger - INFO - -0.00120757
2017-05-08 05:16:15,754 - mylogger - INFO - 2014-09-22: sell
2017-05-08 05:16:16,092 - mylogger - INFO - -0.000346461
2017-05-08 05:16:16,093 - mylogger - INFO - 2014-09-23: sell
2017-05-08 05:16:16,446 - mylogger - INFO - -0.00321059
2017-05-08 05:16:16,447 - mylogger - INFO - 2014-09-24: sell
2017-05-08 05:16:16,894 - mylogger - INFO - -0.00236456
2017-05-08 05:16:16,895 - mylogger - INFO - 2014-09-25: sell
2017-05-08 05:16:17,223 - mylogger - INFO - -0.0129174
2017-05-08 05:16:17,224 - mylogger - INFO - 2014-09-26: sell
2017-05-08 05:16:17,600 - mylogger - INFO - -0.0215199
2017-05-08 05:16:17,601 - mylogger - INFO - 2014-09-29: sell
2017-05-08 05:16:18,043 - mylogger - INFO - -0.0284886
2017-05-08 05:16:18,044 - mylogger - INFO - 2014-09-30: sell
2017-05-08 05:16:18,379 - mylogger - INFO - -0.00980079
2017-05-08 05:16:18,380 - mylogger - INFO - 2014-10-01: sell
2017-05-08 05:16:18,731 - mylogger - INFO - -0.00893847
2017-05-08 05:16:18,732 - mylogger - INFO - 2014-10-02: sell
2017-05-08 05:16:19,106 - mylogger - INFO - -0.0128756
2017-05-08 05:16:19,106 - mylogger - INFO - 2014-10-03: sell
2017-05-08 05:16:19,632 - mylogger - INFO - -0.00747319
2017-05-08 05:16:19,633 - mylogger - INFO - 2014-10-06: sell
2017-05-08 05:16:20,002 - mylogger - INFO - -0.0367611
2017-05-08 05:16:20,003 - mylogger - INFO - 2014-10-07: sell
2017-05-08 05:16:20,373 - mylogger - INFO - -0.005718
2017-05-08 05:16:20,374 - mylogger - INFO - 2014-10-08: sell
2017-05-08 05:16:20,890 - mylogger - INFO - 0.00468301
2017-05-08 05:16:20,891 - mylogger - INFO - 2014-10-09: hold
2017-05-08 05:16:21,247 - mylogger - INFO - 0.00130546
2017-05-08 05:16:21,247 - mylogger - INFO - 2014-10-10: hold
2017-05-08 05:16:21,647 - mylogger - INFO - -0.00782223
2017-05-08 05:16:21,647 - mylogger - INFO - 2014-10-13: sell
2017-05-08 05:16:22,071 - mylogger - INFO - 0.00715411
2017-05-08 05:16:22,071 - mylogger - INFO - 2014-10-14: hold
2017-05-08 05:16:22,407 - mylogger - INFO - -0.00552603
2017-05-08 05:16:22,408 - mylogger - INFO - 2014-10-15: sell
2017-05-08 05:16:22,859 - mylogger - INFO - -0.00351868
2017-05-08 05:16:22,860 - mylogger - INFO - 2014-10-16: sell
2017-05-08 05:16:23,354 - mylogger - INFO - 0.00773397
2017-05-08 05:16:23,354 - mylogger - INFO - 2014-10-17: hold
2017-05-08 05:16:23,701 - mylogger - INFO - 0.00666716
2017-05-08 05:16:23,701 - mylogger - INFO - 2014-10-20: hold
2017-05-08 05:16:24,029 - mylogger - INFO - 0.0174068
2017-05-08 05:16:24,030 - mylogger - INFO - 2014-10-21: No cover!
2017-05-08 05:16:24,464 - mylogger - INFO - -0.00373292
2017-05-08 05:16:24,464 - mylogger - INFO - 2014-10-22: sell
2017-05-08 05:16:24,798 - mylogger - INFO - 0.00606594
2017-05-08 05:16:24,798 - mylogger - INFO - 2014-10-23: hold
2017-05-08 05:16:25,137 - mylogger - INFO - 0.00496807
2017-05-08 05:16:25,137 - mylogger - INFO - 2014-10-24: hold
2017-05-08 05:16:25,459 - mylogger - INFO - 0.0132986
2017-05-08 05:16:25,460 - mylogger - INFO - 2014-10-27: No cover!
2017-05-08 05:16:25,881 - mylogger - INFO - 0.017516
2017-05-08 05:16:25,882 - mylogger - INFO - 2014-10-28: No cover!
2017-05-08 05:16:26,210 - mylogger - INFO - -0.00835651
2017-05-08 05:16:26,211 - mylogger - INFO - 2014-10-29: sell
2017-05-08 05:16:26,537 - mylogger - INFO - 0.00699923
2017-05-08 05:16:26,537 - mylogger - INFO - 2014-10-30: hold
2017-05-08 05:16:26,957 - mylogger - INFO - -0.00542985
2017-05-08 05:16:26,958 - mylogger - INFO - 2014-10-31: sell
2017-05-08 05:16:27,281 - mylogger - INFO - -0.00692754
2017-05-08 05:16:27,282 - mylogger - INFO - 2014-11-03: sell
2017-05-08 05:16:27,612 - mylogger - INFO - -0.00190198
2017-05-08 05:16:27,613 - mylogger - INFO - 2014-11-04: sell
2017-05-08 05:16:28,039 - mylogger - INFO - -0.000649528
2017-05-08 05:16:28,040 - mylogger - INFO - 2014-11-05: sell
2017-05-08 05:16:28,362 - mylogger - INFO - 0.00863095
2017-05-08 05:16:28,363 - mylogger - INFO - 2014-11-06: hold
2017-05-08 05:16:28,686 - mylogger - INFO - 0.0235543
2017-05-08 05:16:28,688 - mylogger - INFO - 2014-11-07: No cover!
2017-05-08 05:16:29,108 - mylogger - INFO - -0.0086659
2017-05-08 05:16:29,109 - mylogger - INFO - 2014-11-10: sell
2017-05-08 05:16:29,431 - mylogger - INFO - -0.00878259
2017-05-08 05:16:29,432 - mylogger - INFO - 2014-11-11: sell
2017-05-08 05:16:29,765 - mylogger - INFO - -0.0244121
2017-05-08 05:16:29,766 - mylogger - INFO - 2014-11-12: sell
2017-05-08 05:16:30,197 - mylogger - INFO - -0.0163338
2017-05-08 05:16:30,197 - mylogger - INFO - 2014-11-13: sell
2017-05-08 05:16:30,532 - mylogger - INFO - 0.00353835
2017-05-08 05:16:30,532 - mylogger - INFO - 2014-11-14: hold
2017-05-08 05:16:30,854 - mylogger - INFO - -0.0020356
2017-05-08 05:16:30,855 - mylogger - INFO - 2014-11-17: sell
2017-05-08 05:16:31,192 - mylogger - INFO - -0.0205368
2017-05-08 05:16:31,193 - mylogger - INFO - 2014-11-18: sell
2017-05-08 05:16:31,627 - mylogger - INFO - -0.0160181
2017-05-08 05:16:31,628 - mylogger - INFO - 2014-11-19: sell
2017-05-08 05:16:31,951 - mylogger - INFO - 0.0032689
2017-05-08 05:16:31,952 - mylogger - INFO - 2014-11-20: hold
2017-05-08 05:16:32,284 - mylogger - INFO - 0.00489108
2017-05-08 05:16:32,284 - mylogger - INFO - 2014-11-21: hold
2017-05-08 05:16:32,712 - mylogger - INFO - 0.00194413
2017-05-08 05:16:32,712 - mylogger - INFO - 2014-11-24: hold
2017-05-08 05:16:33,043 - mylogger - INFO - 0.00549655
2017-05-08 05:16:33,043 - mylogger - INFO - 2014-11-25: hold
2017-05-08 05:16:33,362 - mylogger - INFO - -0.0100677
2017-05-08 05:16:33,362 - mylogger - INFO - 2014-11-26: sell
2017-05-08 05:16:33,788 - mylogger - INFO - 0.00603043
2017-05-08 05:16:33,788 - mylogger - INFO - 2014-11-28: hold
2017-05-08 05:16:34,119 - mylogger - INFO - -0.0153822
2017-05-08 05:16:34,120 - mylogger - INFO - 2014-12-01: sell
2017-05-08 05:16:34,448 - mylogger - INFO - -0.000508033
2017-05-08 05:16:34,449 - mylogger - INFO - 2014-12-02: sell
2017-05-08 05:16:34,875 - mylogger - INFO - -0.0086369
2017-05-08 05:16:34,875 - mylogger - INFO - 2014-12-03: sell
2017-05-08 05:16:35,208 - mylogger - INFO - -0.0101576
2017-05-08 05:16:35,209 - mylogger - INFO - 2014-12-04: sell
2017-05-08 05:16:35,539 - mylogger - INFO - -0.00782457
2017-05-08 05:16:35,540 - mylogger - INFO - 2014-12-05: sell
2017-05-08 05:16:35,860 - mylogger - INFO - 0.00258259
2017-05-08 05:16:35,860 - mylogger - INFO - 2014-12-08: hold
2017-05-08 05:16:36,289 - mylogger - INFO - -0.0143888
2017-05-08 05:16:36,290 - mylogger - INFO - 2014-12-09: sell
2017-05-08 05:16:36,617 - mylogger - INFO - 0.00443548
2017-05-08 05:16:36,617 - mylogger - INFO - 2014-12-10: hold
2017-05-08 05:16:36,949 - mylogger - INFO - -0.00692712
2017-05-08 05:16:36,950 - mylogger - INFO - 2014-12-11: sell
2017-05-08 05:16:37,371 - mylogger - INFO - -0.0168392
2017-05-08 05:16:37,372 - mylogger - INFO - 2014-12-12: sell
2017-05-08 05:16:37,709 - mylogger - INFO - -0.00580634
2017-05-08 05:16:37,709 - mylogger - INFO - 2014-12-15: sell
2017-05-08 05:16:38,043 - mylogger - INFO - -0.00925174
2017-05-08 05:16:38,044 - mylogger - INFO - 2014-12-16: sell
2017-05-08 05:16:38,469 - mylogger - INFO - -0.000535799
2017-05-08 05:16:38,470 - mylogger - INFO - 2014-12-17: sell
2017-05-08 05:16:38,812 - mylogger - INFO - 0.00283666
2017-05-08 05:16:38,813 - mylogger - INFO - 2014-12-18: hold
2017-05-08 05:16:39,128 - mylogger - INFO - 0.0208087
2017-05-08 05:16:39,129 - mylogger - INFO - 2014-12-19: No cover!
2017-05-08 05:16:39,549 - mylogger - INFO - 0.0314164
2017-05-08 05:16:39,550 - mylogger - INFO - 2014-12-22: No cover!
2017-05-08 05:16:39,868 - mylogger - INFO - 0.0104236
2017-05-08 05:16:39,870 - mylogger - INFO - 2014-12-23: No cover!
2017-05-08 05:16:40,250 - mylogger - INFO - 0.0131448
2017-05-08 05:16:40,251 - mylogger - INFO - 2014-12-24: No cover!
2017-05-08 05:16:40,571 - mylogger - INFO - 0.0029954
2017-05-08 05:16:40,571 - mylogger - INFO - 2014-12-26: hold
2017-05-08 05:16:40,988 - mylogger - INFO - 0.0102972
2017-05-08 05:16:40,990 - mylogger - INFO - 2014-12-29: No cover!
2017-05-08 05:16:41,305 - mylogger - INFO - 0.0308791
2017-05-08 05:16:41,306 - mylogger - INFO - 2014-12-30: No cover!
2017-05-08 05:16:41,631 - mylogger - INFO - 0.0190286
2017-05-08 05:16:41,632 - mylogger - INFO - 2014-12-31: No cover!
2017-05-08 05:16:42,043 - mylogger - INFO - 0.0338945
2017-05-08 05:16:42,044 - mylogger - INFO - 2015-01-02: sell
2017-05-08 05:16:42,360 - mylogger - INFO - 0.0405179
2017-05-08 05:16:42,361 - mylogger - INFO - 2015-01-05: sell
2017-05-08 05:16:42,680 - mylogger - INFO - 0.0211151
2017-05-08 05:16:42,681 - mylogger - INFO - 2015-01-06: No cover!
2017-05-08 05:16:43,098 - mylogger - INFO - 0.00408815
2017-05-08 05:16:43,098 - mylogger - INFO - 2015-01-07: hold
2017-05-08 05:16:43,411 - mylogger - INFO - 0.0104964
2017-05-08 05:16:43,413 - mylogger - INFO - 2015-01-08: No cover!
2017-05-08 05:16:43,723 - mylogger - INFO - -0.00660398
2017-05-08 05:16:43,724 - mylogger - INFO - 2015-01-09: sell
2017-05-08 05:16:44,145 - mylogger - INFO - 0.0121961
2017-05-08 05:16:44,146 - mylogger - INFO - 2015-01-12: No cover!
2017-05-08 05:16:44,477 - mylogger - INFO - 0.0102904
2017-05-08 05:16:44,478 - mylogger - INFO - 2015-01-13: No cover!
2017-05-08 05:16:44,822 - mylogger - INFO - -0.0144903
2017-05-08 05:16:44,823 - mylogger - INFO - 2015-01-14: sell
2017-05-08 05:16:45,147 - mylogger - INFO - 0.00208109
2017-05-08 05:16:45,147 - mylogger - INFO - 2015-01-15: hold
2017-05-08 05:16:45,567 - mylogger - INFO - 0.00739914
2017-05-08 05:16:45,567 - mylogger - INFO - 2015-01-16: hold
2017-05-08 05:16:45,888 - mylogger - INFO - -0.00230235
2017-05-08 05:16:45,889 - mylogger - INFO - 2015-01-20: sell
2017-05-08 05:16:46,225 - mylogger - INFO - 0.00965503
2017-05-08 05:16:46,226 - mylogger - INFO - 2015-01-21: hold
2017-05-08 05:16:46,657 - mylogger - INFO - 0.00653086
2017-05-08 05:16:46,657 - mylogger - INFO - 2015-01-22: hold
2017-05-08 05:16:46,979 - mylogger - INFO - 0.0133445
2017-05-08 05:16:46,980 - mylogger - INFO - 2015-01-23: No cover!
2017-05-08 05:16:47,301 - mylogger - INFO - 0.0158077
2017-05-08 05:16:47,303 - mylogger - INFO - 2015-01-26: No cover!
2017-05-08 05:16:47,728 - mylogger - INFO - 0.0085325
2017-05-08 05:16:47,728 - mylogger - INFO - 2015-01-27: hold
2017-05-08 05:16:48,056 - mylogger - INFO - 0.0049522
2017-05-08 05:16:48,056 - mylogger - INFO - 2015-01-28: hold
2017-05-08 05:16:48,377 - mylogger - INFO - 0.0111264
2017-05-08 05:16:48,378 - mylogger - INFO - 2015-01-29: No cover!
2017-05-08 05:16:48,802 - mylogger - INFO - 0.0133918
2017-05-08 05:16:48,803 - mylogger - INFO - 2015-01-30: No cover!
2017-05-08 05:16:49,130 - mylogger - INFO - 0.0195414
2017-05-08 05:16:49,131 - mylogger - INFO - 2015-02-02: No cover!
2017-05-08 05:16:49,450 - mylogger - INFO - 0.010949
2017-05-08 05:16:49,451 - mylogger - INFO - 2015-02-03: No cover!
2017-05-08 05:16:49,779 - mylogger - INFO - 0.0207722
2017-05-08 05:16:49,780 - mylogger - INFO - 2015-02-04: No cover!
2017-05-08 05:16:50,202 - mylogger - INFO - 0.0190072
2017-05-08 05:16:50,203 - mylogger - INFO - 2015-02-05: No cover!
2017-05-08 05:16:50,533 - mylogger - INFO - 0.0174174
2017-05-08 05:16:50,534 - mylogger - INFO - 2015-02-06: No cover!
2017-05-08 05:16:50,866 - mylogger - INFO - -0.00550493
2017-05-08 05:16:50,867 - mylogger - INFO - 2015-02-09: sell
2017-05-08 05:16:51,284 - mylogger - INFO - 0.0235436
2017-05-08 05:16:51,285 - mylogger - INFO - 2015-02-10: No cover!
2017-05-08 05:16:51,611 - mylogger - INFO - 0.00655214
2017-05-08 05:16:51,611 - mylogger - INFO - 2015-02-11: hold
2017-05-08 05:16:51,941 - mylogger - INFO - 0.00264049
2017-05-08 05:16:51,942 - mylogger - INFO - 2015-02-12: hold
2017-05-08 05:16:52,370 - mylogger - INFO - 0.00173437
2017-05-08 05:16:52,371 - mylogger - INFO - 2015-02-13: hold
2017-05-08 05:16:52,702 - mylogger - INFO - 0.0073675
2017-05-08 05:16:52,702 - mylogger - INFO - 2015-02-17: hold
2017-05-08 05:16:53,029 - mylogger - INFO - 0.0279449
2017-05-08 05:16:53,030 - mylogger - INFO - 2015-02-18: No cover!
2017-05-08 05:16:53,452 - mylogger - INFO - 0.0114341
2017-05-08 05:16:53,453 - mylogger - INFO - 2015-02-19: No cover!
2017-05-08 05:16:53,775 - mylogger - INFO - 0.0140424
2017-05-08 05:16:53,776 - mylogger - INFO - 2015-02-20: No cover!
2017-05-08 05:16:54,102 - mylogger - INFO - 0.00701496
2017-05-08 05:16:54,102 - mylogger - INFO - 2015-02-23: hold
2017-05-08 05:16:54,426 - mylogger - INFO - 0.0165693
2017-05-08 05:16:54,428 - mylogger - INFO - 2015-02-24: No cover!
2017-05-08 05:16:54,843 - mylogger - INFO - 0.00323001
2017-05-08 05:16:54,843 - mylogger - INFO - 2015-02-25: hold
2017-05-08 05:16:55,158 - mylogger - INFO - 0.00728479
2017-05-08 05:16:55,158 - mylogger - INFO - 2015-02-26: hold
2017-05-08 05:16:55,470 - mylogger - INFO - 0.00571681
2017-05-08 05:16:55,470 - mylogger - INFO - 2015-02-27: hold
2017-05-08 05:16:55,904 - mylogger - INFO - 0.00448474
2017-05-08 05:16:55,904 - mylogger - INFO - 2015-03-02: hold
2017-05-08 05:16:56,225 - mylogger - INFO - 0.00459307
2017-05-08 05:16:56,225 - mylogger - INFO - 2015-03-03: hold
2017-05-08 05:16:56,550 - mylogger - INFO - 1.75422e-05
2017-05-08 05:16:56,551 - mylogger - INFO - 2015-03-04: hold
2017-05-08 05:16:56,971 - mylogger - INFO - -0.00259512
2017-05-08 05:16:56,972 - mylogger - INFO - 2015-03-05: sell
2017-05-08 05:16:57,321 - mylogger - INFO - -0.00567999
2017-05-08 05:16:57,322 - mylogger - INFO - 2015-03-06: sell
2017-05-08 05:16:57,643 - mylogger - INFO - 0.00538148
2017-05-08 05:16:57,643 - mylogger - INFO - 2015-03-09: hold
2017-05-08 05:16:58,060 - mylogger - INFO - -0.0144674
2017-05-08 05:16:58,060 - mylogger - INFO - 2015-03-10: sell
2017-05-08 05:16:58,388 - mylogger - INFO - -0.0095013
2017-05-08 05:16:58,389 - mylogger - INFO - 2015-03-11: sell
2017-05-08 05:16:58,724 - mylogger - INFO - -0.0035865
2017-05-08 05:16:58,725 - mylogger - INFO - 2015-03-12: sell
2017-05-08 05:16:59,054 - mylogger - INFO - -0.0121102
2017-05-08 05:16:59,055 - mylogger - INFO - 2015-03-13: sell
2017-05-08 05:16:59,473 - mylogger - INFO - -0.0077647
2017-05-08 05:16:59,473 - mylogger - INFO - 2015-03-16: sell
2017-05-08 05:16:59,816 - mylogger - INFO - -0.0133122
2017-05-08 05:16:59,817 - mylogger - INFO - 2015-03-17: sell
2017-05-08 05:17:00,137 - mylogger - INFO - -0.00393364
2017-05-08 05:17:00,137 - mylogger - INFO - 2015-03-18: sell
2017-05-08 05:17:00,551 - mylogger - INFO - -0.00121343
2017-05-08 05:17:00,552 - mylogger - INFO - 2015-03-19: sell
2017-05-08 05:17:00,879 - mylogger - INFO - 0.00268877
2017-05-08 05:17:00,879 - mylogger - INFO - 2015-03-20: hold
2017-05-08 05:17:01,210 - mylogger - INFO - 0.0015839
2017-05-08 05:17:01,210 - mylogger - INFO - 2015-03-23: hold
2017-05-08 05:17:01,635 - mylogger - INFO - 0.00494208
2017-05-08 05:17:01,636 - mylogger - INFO - 2015-03-24: hold
2017-05-08 05:17:01,962 - mylogger - INFO - 0.00911814
2017-05-08 05:17:01,963 - mylogger - INFO - 2015-03-25: hold
2017-05-08 05:17:02,287 - mylogger - INFO - 0.000631851
2017-05-08 05:17:02,287 - mylogger - INFO - 2015-03-26: hold
2017-05-08 05:17:02,718 - mylogger - INFO - 0.00115274
2017-05-08 05:17:02,719 - mylogger - INFO - 2015-03-27: hold
2017-05-08 05:17:03,049 - mylogger - INFO - 0.0107878
2017-05-08 05:17:03,050 - mylogger - INFO - 2015-03-30: No cover!
2017-05-08 05:17:03,373 - mylogger - INFO - -0.0145446
2017-05-08 05:17:03,374 - mylogger - INFO - 2015-03-31: sell
2017-05-08 05:17:03,699 - mylogger - INFO - -0.000336438
2017-05-08 05:17:03,700 - mylogger - INFO - 2015-04-01: sell
2017-05-08 05:17:04,122 - mylogger - INFO - -0.0172014
2017-05-08 05:17:04,123 - mylogger - INFO - 2015-04-02: sell
2017-05-08 05:17:04,442 - mylogger - INFO - -0.0241287
2017-05-08 05:17:04,443 - mylogger - INFO - 2015-04-06: sell
2017-05-08 05:17:04,763 - mylogger - INFO - 0.0133778
2017-05-08 05:17:04,764 - mylogger - INFO - 2015-04-07: No cover!
2017-05-08 05:17:05,185 - mylogger - INFO - -0.0177254
2017-05-08 05:17:05,186 - mylogger - INFO - 2015-04-08: sell
2017-05-08 05:17:05,510 - mylogger - INFO - -0.00321949
2017-05-08 05:17:05,511 - mylogger - INFO - 2015-04-09: sell
2017-05-08 05:17:05,834 - mylogger - INFO - 0.0112068
2017-05-08 05:17:05,836 - mylogger - INFO - 2015-04-10: No cover!
2017-05-08 05:17:06,263 - mylogger - INFO - 0.00879954
2017-05-08 05:17:06,264 - mylogger - INFO - 2015-04-13: hold
2017-05-08 05:17:06,593 - mylogger - INFO - -0.00493905
2017-05-08 05:17:06,594 - mylogger - INFO - 2015-04-14: sell
2017-05-08 05:17:06,914 - mylogger - INFO - 0.00639383
2017-05-08 05:17:06,914 - mylogger - INFO - 2015-04-15: hold
2017-05-08 05:17:07,334 - mylogger - INFO - 0.00652056
2017-05-08 05:17:07,334 - mylogger - INFO - 2015-04-16: hold
2017-05-08 05:17:07,656 - mylogger - INFO - 0.00127693
2017-05-08 05:17:07,656 - mylogger - INFO - 2015-04-17: hold
2017-05-08 05:17:07,972 - mylogger - INFO - 0.00550353
2017-05-08 05:17:07,972 - mylogger - INFO - 2015-04-20: hold
2017-05-08 05:17:08,306 - mylogger - INFO - 0.00737683
2017-05-08 05:17:08,307 - mylogger - INFO - 2015-04-21: hold
2017-05-08 05:17:08,726 - mylogger - INFO - -0.00253277
2017-05-08 05:17:08,727 - mylogger - INFO - 2015-04-22: sell
2017-05-08 05:17:09,055 - mylogger - INFO - 0.00930768
2017-05-08 05:17:09,055 - mylogger - INFO - 2015-04-23: hold
2017-05-08 05:17:09,374 - mylogger - INFO - 0.00514765
2017-05-08 05:17:09,374 - mylogger - INFO - 2015-04-24: hold
2017-05-08 05:17:09,792 - mylogger - INFO - 0.0159318
2017-05-08 05:17:09,793 - mylogger - INFO - 2015-04-27: No cover!
2017-05-08 05:17:10,117 - mylogger - INFO - 0.00284204
2017-05-08 05:17:10,117 - mylogger - INFO - 2015-04-28: hold
2017-05-08 05:17:10,463 - mylogger - INFO - 0.00996938
2017-05-08 05:17:10,463 - mylogger - INFO - 2015-04-29: hold
2017-05-08 05:17:10,871 - mylogger - INFO - 0.0017919
2017-05-08 05:17:10,871 - mylogger - INFO - 2015-04-30: hold
2017-05-08 05:17:11,187 - mylogger - INFO - -0.00471687
2017-05-08 05:17:11,188 - mylogger - INFO - 2015-05-01: sell
2017-05-08 05:17:11,513 - mylogger - INFO - 0.0037113
2017-05-08 05:17:11,513 - mylogger - INFO - 2015-05-04: hold
2017-05-08 05:17:11,932 - mylogger - INFO - -0.00197917
2017-05-08 05:17:11,933 - mylogger - INFO - 2015-05-05: sell
2017-05-08 05:17:12,254 - mylogger - INFO - -0.00403443
2017-05-08 05:17:12,255 - mylogger - INFO - 2015-05-06: sell
2017-05-08 05:17:12,581 - mylogger - INFO - 0.00612774
2017-05-08 05:17:12,581 - mylogger - INFO - 2015-05-07: hold
2017-05-08 05:17:12,997 - mylogger - INFO - -0.0101846
2017-05-08 05:17:12,999 - mylogger - INFO - 2015-05-08: sell
2017-05-08 05:17:13,329 - mylogger - INFO - -0.0200946
2017-05-08 05:17:13,330 - mylogger - INFO - 2015-05-11: sell
2017-05-08 05:17:13,663 - mylogger - INFO - -0.00694052
2017-05-08 05:17:13,664 - mylogger - INFO - 2015-05-12: sell
2017-05-08 05:17:13,991 - mylogger - INFO - 0.00802742
2017-05-08 05:17:13,991 - mylogger - INFO - 2015-05-13: hold
2017-05-08 05:17:14,420 - mylogger - INFO - -0.00615793
2017-05-08 05:17:14,421 - mylogger - INFO - 2015-05-14: sell
2017-05-08 05:17:14,748 - mylogger - INFO - -0.00494721
2017-05-08 05:17:14,749 - mylogger - INFO - 2015-05-15: sell
2017-05-08 05:17:15,078 - mylogger - INFO - -0.0210642
2017-05-08 05:17:15,079 - mylogger - INFO - 2015-05-18: sell
2017-05-08 05:17:15,504 - mylogger - INFO - -0.00866591
2017-05-08 05:17:15,505 - mylogger - INFO - 2015-05-19: sell
2017-05-08 05:17:15,836 - mylogger - INFO - -3.17266e-05
2017-05-08 05:17:15,836 - mylogger - INFO - 2015-05-20: sell
2017-05-08 05:17:16,164 - mylogger - INFO - 0.000908371
2017-05-08 05:17:16,164 - mylogger - INFO - 2015-05-21: hold
2017-05-08 05:17:16,588 - mylogger - INFO - -0.0124309
2017-05-08 05:17:16,589 - mylogger - INFO - 2015-05-22: sell
2017-05-08 05:17:16,915 - mylogger - INFO - -0.00362217
2017-05-08 05:17:16,916 - mylogger - INFO - 2015-05-26: sell
2017-05-08 05:17:17,240 - mylogger - INFO - 0.0106957
2017-05-08 05:17:17,241 - mylogger - INFO - 2015-05-27: No cover!
2017-05-08 05:17:17,669 - mylogger - INFO - 0.00530501
2017-05-08 05:17:17,669 - mylogger - INFO - 2015-05-28: hold
2017-05-08 05:17:17,989 - mylogger - INFO - 0.0078025
2017-05-08 05:17:17,990 - mylogger - INFO - 2015-05-29: hold
2017-05-08 05:17:18,317 - mylogger - INFO - -0.00732943
2017-05-08 05:17:18,318 - mylogger - INFO - 2015-06-01: sell
2017-05-08 05:17:18,642 - mylogger - INFO - -0.0121661
2017-05-08 05:17:18,643 - mylogger - INFO - 2015-06-02: sell
2017-05-08 05:17:19,069 - mylogger - INFO - -0.00393261
2017-05-08 05:17:19,069 - mylogger - INFO - 2015-06-03: sell
2017-05-08 05:17:19,391 - mylogger - INFO - -0.00743397
2017-05-08 05:17:19,392 - mylogger - INFO - 2015-06-04: sell
2017-05-08 05:17:19,721 - mylogger - INFO - -0.0139577
2017-05-08 05:17:19,722 - mylogger - INFO - 2015-06-05: sell
2017-05-08 05:17:20,151 - mylogger - INFO - 0.00827499
2017-05-08 05:17:20,152 - mylogger - INFO - 2015-06-08: hold
2017-05-08 05:17:20,472 - mylogger - INFO - -0.00359316
2017-05-08 05:17:20,473 - mylogger - INFO - 2015-06-09: sell
2017-05-08 05:17:20,812 - mylogger - INFO - -0.00576056
2017-05-08 05:17:20,813 - mylogger - INFO - 2015-06-10: sell
2017-05-08 05:17:21,230 - mylogger - INFO - 0.0207984
2017-05-08 05:17:21,231 - mylogger - INFO - 2015-06-11: No cover!
2017-05-08 05:17:21,559 - mylogger - INFO - 0.0079478
2017-05-08 05:17:21,559 - mylogger - INFO - 2015-06-12: hold
2017-05-08 05:17:21,882 - mylogger - INFO - 0.0195086
2017-05-08 05:17:21,884 - mylogger - INFO - 2015-06-15: No cover!
2017-05-08 05:17:22,311 - mylogger - INFO - 0.0141628
2017-05-08 05:17:22,312 - mylogger - INFO - 2015-06-16: No cover!
2017-05-08 05:17:22,645 - mylogger - INFO - -0.000890444
2017-05-08 05:17:22,646 - mylogger - INFO - 2015-06-17: sell
2017-05-08 05:17:22,967 - mylogger - INFO - 0.0126583
2017-05-08 05:17:22,968 - mylogger - INFO - 2015-06-18: No cover!
2017-05-08 05:17:23,309 - mylogger - INFO - 0.00320226
2017-05-08 05:17:23,309 - mylogger - INFO - 2015-06-19: hold
2017-05-08 05:17:23,729 - mylogger - INFO - -0.00265763
2017-05-08 05:17:23,730 - mylogger - INFO - 2015-06-22: sell
2017-05-08 05:17:24,050 - mylogger - INFO - 0.00671395
2017-05-08 05:17:24,050 - mylogger - INFO - 2015-06-23: hold
2017-05-08 05:17:24,360 - mylogger - INFO - 0.0039928
2017-05-08 05:17:24,360 - mylogger - INFO - 2015-06-24: hold
2017-05-08 05:17:24,769 - mylogger - INFO - -0.01544
2017-05-08 05:17:24,770 - mylogger - INFO - 2015-06-25: sell
2017-05-08 05:17:25,090 - mylogger - INFO - -0.00705249
2017-05-08 05:17:25,091 - mylogger - INFO - 2015-06-26: sell
2017-05-08 05:17:25,413 - mylogger - INFO - 0.00821586
2017-05-08 05:17:25,413 - mylogger - INFO - 2015-06-29: hold
2017-05-08 05:17:25,828 - mylogger - INFO - 0.0173052
2017-05-08 05:17:25,829 - mylogger - INFO - 2015-06-30: No cover!
2017-05-08 05:17:26,157 - mylogger - INFO - 0.0138093
2017-05-08 05:17:26,158 - mylogger - INFO - 2015-07-01: No cover!
2017-05-08 05:17:26,478 - mylogger - INFO - 0.0121126
2017-05-08 05:17:26,480 - mylogger - INFO - 2015-07-02: No cover!
2017-05-08 05:17:26,923 - mylogger - INFO - 0.000626075
2017-05-08 05:17:26,923 - mylogger - INFO - 2015-07-06: hold
2017-05-08 05:17:27,247 - mylogger - INFO - -0.0123253
2017-05-08 05:17:27,248 - mylogger - INFO - 2015-07-07: sell
2017-05-08 05:17:27,574 - mylogger - INFO - 0.0178435
2017-05-08 05:17:27,575 - mylogger - INFO - 2015-07-08: sell
2017-05-08 05:17:27,897 - mylogger - INFO - 0.0159246
2017-05-08 05:17:27,898 - mylogger - INFO - 2015-07-09: sell
2017-05-08 05:17:28,325 - mylogger - INFO - 0.00567503
2017-05-08 05:17:28,325 - mylogger - INFO - 2015-07-10: hold
2017-05-08 05:17:28,644 - mylogger - INFO - 0.0044932
2017-05-08 05:17:28,644 - mylogger - INFO - 2015-07-13: hold
2017-05-08 05:17:28,956 - mylogger - INFO - 0.013578
2017-05-08 05:17:28,957 - mylogger - INFO - 2015-07-14: No cover!
2017-05-08 05:17:29,366 - mylogger - INFO - 0.00606664
2017-05-08 05:17:29,366 - mylogger - INFO - 2015-07-15: hold
2017-05-08 05:17:29,688 - mylogger - INFO - -0.0029918
2017-05-08 05:17:29,689 - mylogger - INFO - 2015-07-16: sell
2017-05-08 05:17:30,003 - mylogger - INFO - 0.0103951
2017-05-08 05:17:30,004 - mylogger - INFO - 2015-07-17: No cover!
2017-05-08 05:17:30,418 - mylogger - INFO - 0.00967555
2017-05-08 05:17:30,418 - mylogger - INFO - 2015-07-20: hold
2017-05-08 05:17:30,736 - mylogger - INFO - 0.00314982
2017-05-08 05:17:30,737 - mylogger - INFO - 2015-07-21: hold
2017-05-08 05:17:31,061 - mylogger - INFO - -0.00843859
2017-05-08 05:17:31,062 - mylogger - INFO - 2015-07-22: sell
2017-05-08 05:17:31,484 - mylogger - INFO - 0.0265968
2017-05-08 05:17:31,485 - mylogger - INFO - 2015-07-23: No cover!
2017-05-08 05:17:31,812 - mylogger - INFO - 0.00922124
2017-05-08 05:17:31,813 - mylogger - INFO - 2015-07-24: sell
2017-05-08 05:17:32,156 - mylogger - INFO - 0.0187695
2017-05-08 05:17:32,157 - mylogger - INFO - 2015-07-27: sell
2017-05-08 05:17:32,479 - mylogger - INFO - 0.012344
2017-05-08 05:17:32,480 - mylogger - INFO - 2015-07-28: No cover!
2017-05-08 05:17:32,920 - mylogger - INFO - -0.00893715
2017-05-08 05:17:32,921 - mylogger - INFO - 2015-07-29: sell
2017-05-08 05:17:33,236 - mylogger - INFO - 0.0102307
2017-05-08 05:17:33,237 - mylogger - INFO - 2015-07-30: No cover!
2017-05-08 05:17:33,555 - mylogger - INFO - 0.0122572
2017-05-08 05:17:33,556 - mylogger - INFO - 2015-07-31: No cover!
2017-05-08 05:17:33,963 - mylogger - INFO - 0.00765259
2017-05-08 05:17:33,964 - mylogger - INFO - 2015-08-03: sell
2017-05-08 05:17:34,279 - mylogger - INFO - -0.00739683
2017-05-08 05:17:34,280 - mylogger - INFO - 2015-08-04: sell
2017-05-08 05:17:34,602 - mylogger - INFO - 0.0208248
2017-05-08 05:17:34,603 - mylogger - INFO - 2015-08-05: No cover!
2017-05-08 05:17:35,013 - mylogger - INFO - 0.0182637
2017-05-08 05:17:35,014 - mylogger - INFO - 2015-08-06: No cover!
2017-05-08 05:17:35,344 - mylogger - INFO - -0.0015673
2017-05-08 05:17:35,345 - mylogger - INFO - 2015-08-07: sell
2017-05-08 05:17:35,672 - mylogger - INFO - 0.00507495
2017-05-08 05:17:35,673 - mylogger - INFO - 2015-08-10: hold
2017-05-08 05:17:36,098 - mylogger - INFO - -0.00243524
2017-05-08 05:17:36,099 - mylogger - INFO - 2015-08-11: sell
2017-05-08 05:17:36,417 - mylogger - INFO - -0.00933371
2017-05-08 05:17:36,418 - mylogger - INFO - 2015-08-12: sell
2017-05-08 05:17:36,740 - mylogger - INFO - -0.0117335
2017-05-08 05:17:36,741 - mylogger - INFO - 2015-08-13: sell
2017-05-08 05:17:37,066 - mylogger - INFO - -0.0168474
2017-05-08 05:17:37,067 - mylogger - INFO - 2015-08-14: sell
2017-05-08 05:17:37,496 - mylogger - INFO - -0.00475829
2017-05-08 05:17:37,497 - mylogger - INFO - 2015-08-17: sell
2017-05-08 05:17:37,822 - mylogger - INFO - 0.010872
2017-05-08 05:17:37,823 - mylogger - INFO - 2015-08-18: No cover!
2017-05-08 05:17:38,151 - mylogger - INFO - 0.00874707
2017-05-08 05:17:38,152 - mylogger - INFO - 2015-08-19: hold
2017-05-08 05:17:38,580 - mylogger - INFO - 0.00600882
2017-05-08 05:17:38,580 - mylogger - INFO - 2015-08-20: hold
2017-05-08 05:17:38,900 - mylogger - INFO - 0.0179755
2017-05-08 05:17:38,901 - mylogger - INFO - 2015-08-21: sell
2017-05-08 05:17:39,228 - mylogger - INFO - -0.00503718
2017-05-08 05:17:39,229 - mylogger - INFO - 2015-08-24: sell
2017-05-08 05:17:39,657 - mylogger - INFO - -0.0164598
2017-05-08 05:17:39,658 - mylogger - INFO - 2015-08-25: sell
2017-05-08 05:17:39,983 - mylogger - INFO - -0.00851904
2017-05-08 05:17:39,984 - mylogger - INFO - 2015-08-26: sell
2017-05-08 05:17:40,316 - mylogger - INFO - 0.00415342
2017-05-08 05:17:40,316 - mylogger - INFO - 2015-08-27: hold
2017-05-08 05:17:40,750 - mylogger - INFO - -0.00619622
2017-05-08 05:17:40,751 - mylogger - INFO - 2015-08-28: sell
2017-05-08 05:17:41,069 - mylogger - INFO - -0.0106658
2017-05-08 05:17:41,070 - mylogger - INFO - 2015-08-31: sell
2017-05-08 05:17:41,380 - mylogger - INFO - 0.0025884
2017-05-08 05:17:41,380 - mylogger - INFO - 2015-09-01: hold
2017-05-08 05:17:41,701 - mylogger - INFO - -0.0127024
2017-05-08 05:17:41,702 - mylogger - INFO - 2015-09-02: sell
2017-05-08 05:17:42,120 - mylogger - INFO - -0.014575
2017-05-08 05:17:42,120 - mylogger - INFO - 2015-09-03: sell
2017-05-08 05:17:42,442 - mylogger - INFO - -0.0148564
2017-05-08 05:17:42,443 - mylogger - INFO - 2015-09-04: sell
2017-05-08 05:17:42,769 - mylogger - INFO - -0.0149516
2017-05-08 05:17:42,770 - mylogger - INFO - 2015-09-08: sell
2017-05-08 05:17:43,213 - mylogger - INFO - -0.0171438
2017-05-08 05:17:43,213 - mylogger - INFO - 2015-09-09: sell
2017-05-08 05:17:43,537 - mylogger - INFO - -0.0119106
2017-05-08 05:17:43,537 - mylogger - INFO - 2015-09-10: sell
2017-05-08 05:17:43,862 - mylogger - INFO - 0.000897947
2017-05-08 05:17:43,863 - mylogger - INFO - 2015-09-11: hold
2017-05-08 05:17:44,291 - mylogger - INFO - -0.00940515
2017-05-08 05:17:44,292 - mylogger - INFO - 2015-09-14: sell
2017-05-08 05:17:44,621 - mylogger - INFO - -0.026694
2017-05-08 05:17:44,622 - mylogger - INFO - 2015-09-15: sell
2017-05-08 05:17:44,941 - mylogger - INFO - -0.0027673
2017-05-08 05:17:44,942 - mylogger - INFO - 2015-09-16: sell
2017-05-08 05:17:45,365 - mylogger - INFO - -0.016632
2017-05-08 05:17:45,366 - mylogger - INFO - 2015-09-17: sell
2017-05-08 05:17:45,698 - mylogger - INFO - -0.00733152
2017-05-08 05:17:45,699 - mylogger - INFO - 2015-09-18: sell
2017-05-08 05:17:46,030 - mylogger - INFO - 0.00932367
2017-05-08 05:17:46,030 - mylogger - INFO - 2015-09-21: hold
2017-05-08 05:17:46,359 - mylogger - INFO - -0.0129456
2017-05-08 05:17:46,360 - mylogger - INFO - 2015-09-22: sell
2017-05-08 05:17:46,791 - mylogger - INFO - -0.00316564
2017-05-08 05:17:46,792 - mylogger - INFO - 2015-09-23: sell
2017-05-08 05:17:47,125 - mylogger - INFO - -0.0113902
2017-05-08 05:17:47,125 - mylogger - INFO - 2015-09-24: sell
2017-05-08 05:17:47,446 - mylogger - INFO - 0.00658356
2017-05-08 05:17:47,446 - mylogger - INFO - 2015-09-25: hold
2017-05-08 05:17:47,869 - mylogger - INFO - -0.00852482
2017-05-08 05:17:47,870 - mylogger - INFO - 2015-09-28: sell
2017-05-08 05:17:48,196 - mylogger - INFO - -0.00564488
2017-05-08 05:17:48,197 - mylogger - INFO - 2015-09-29: sell
2017-05-08 05:17:48,527 - mylogger - INFO - -0.010259
2017-05-08 05:17:48,528 - mylogger - INFO - 2015-09-30: sell
2017-05-08 05:17:48,955 - mylogger - INFO - -0.00252948
2017-05-08 05:17:48,956 - mylogger - INFO - 2015-10-01: sell
2017-05-08 05:17:49,284 - mylogger - INFO - 0.0185062
2017-05-08 05:17:49,285 - mylogger - INFO - 2015-10-02: No cover!
2017-05-08 05:17:49,609 - mylogger - INFO - 0.0269187
2017-05-08 05:17:49,611 - mylogger - INFO - 2015-10-05: No cover!
2017-05-08 05:17:50,046 - mylogger - INFO - 0.014599
2017-05-08 05:17:50,047 - mylogger - INFO - 2015-10-06: No cover!
2017-05-08 05:17:50,371 - mylogger - INFO - 0.0186095
2017-05-08 05:17:50,372 - mylogger - INFO - 2015-10-07: No cover!
2017-05-08 05:17:50,704 - mylogger - INFO - 0.0088619
2017-05-08 05:17:50,705 - mylogger - INFO - 2015-10-08: hold
2017-05-08 05:17:51,027 - mylogger - INFO - 0.0136347
2017-05-08 05:17:51,028 - mylogger - INFO - 2015-10-09: No cover!
2017-05-08 05:17:51,453 - mylogger - INFO - -0.00334142
2017-05-08 05:17:51,454 - mylogger - INFO - 2015-10-12: sell
2017-05-08 05:17:51,779 - mylogger - INFO - -0.0145428
2017-05-08 05:17:51,780 - mylogger - INFO - 2015-10-13: sell
2017-05-08 05:17:52,105 - mylogger - INFO - -0.0067723
2017-05-08 05:17:52,106 - mylogger - INFO - 2015-10-14: sell
2017-05-08 05:17:52,527 - mylogger - INFO - -0.0138003
2017-05-08 05:17:52,528 - mylogger - INFO - 2015-10-15: sell
2017-05-08 05:17:52,854 - mylogger - INFO - -0.0137227
2017-05-08 05:17:52,854 - mylogger - INFO - 2015-10-16: sell
2017-05-08 05:17:53,191 - mylogger - INFO - -0.0157513
2017-05-08 05:17:53,192 - mylogger - INFO - 2015-10-19: sell
2017-05-08 05:17:53,631 - mylogger - INFO - -0.0139151
2017-05-08 05:17:53,632 - mylogger - INFO - 2015-10-20: sell
2017-05-08 05:17:53,969 - mylogger - INFO - -0.014092
2017-05-08 05:17:53,970 - mylogger - INFO - 2015-10-21: sell
2017-05-08 05:17:54,343 - mylogger - INFO - -0.00932498
2017-05-08 05:17:54,344 - mylogger - INFO - 2015-10-22: sell
2017-05-08 05:17:54,817 - mylogger - INFO - -0.00799987
2017-05-08 05:17:54,818 - mylogger - INFO - 2015-10-23: sell
2017-05-08 05:17:55,156 - mylogger - INFO - -0.00565023
2017-05-08 05:17:55,157 - mylogger - INFO - 2015-10-26: sell
2017-05-08 05:17:55,478 - mylogger - INFO - -0.000721397
2017-05-08 05:17:55,479 - mylogger - INFO - 2015-10-27: sell
2017-05-08 05:17:56,009 - mylogger - INFO - -0.0206171
2017-05-08 05:17:56,010 - mylogger - INFO - 2015-10-28: sell
2017-05-08 05:17:56,482 - mylogger - INFO - -0.00723947
2017-05-08 05:17:56,483 - mylogger - INFO - 2015-10-29: sell
2017-05-08 05:17:56,830 - mylogger - INFO - -0.024657
2017-05-08 05:17:56,830 - mylogger - INFO - 2015-10-30: sell
2017-05-08 05:17:57,191 - mylogger - INFO - 0.000648634
2017-05-08 05:17:57,192 - mylogger - INFO - 2015-11-02: hold
2017-05-08 05:17:57,657 - mylogger - INFO - 0.0138834
2017-05-08 05:17:57,659 - mylogger - INFO - 2015-11-03: No cover!
2017-05-08 05:17:58,047 - mylogger - INFO - -0.0258997
2017-05-08 05:17:58,048 - mylogger - INFO - 2015-11-04: sell
2017-05-08 05:17:58,361 - mylogger - INFO - -0.0242291
2017-05-08 05:17:58,361 - mylogger - INFO - 2015-11-05: sell
2017-05-08 05:17:58,761 - mylogger - INFO - -0.025151
2017-05-08 05:17:58,762 - mylogger - INFO - 2015-11-06: sell
2017-05-08 05:17:59,064 - mylogger - INFO - -0.0137781
2017-05-08 05:17:59,064 - mylogger - INFO - 2015-11-09: sell
2017-05-08 05:17:59,369 - mylogger - INFO - -0.00665229
2017-05-08 05:17:59,370 - mylogger - INFO - 2015-11-10: sell
2017-05-08 05:17:59,765 - mylogger - INFO - -0.0168499
2017-05-08 05:17:59,766 - mylogger - INFO - 2015-11-11: sell
2017-05-08 05:18:00,071 - mylogger - INFO - -0.0270238
2017-05-08 05:18:00,072 - mylogger - INFO - 2015-11-12: sell
2017-05-08 05:18:00,371 - mylogger - INFO - -0.0124254
2017-05-08 05:18:00,372 - mylogger - INFO - 2015-11-13: sell
2017-05-08 05:18:00,768 - mylogger - INFO - -0.0203822
2017-05-08 05:18:00,769 - mylogger - INFO - 2015-11-16: sell
2017-05-08 05:18:01,070 - mylogger - INFO - -0.00176865
2017-05-08 05:18:01,071 - mylogger - INFO - 2015-11-17: sell
2017-05-08 05:18:01,373 - mylogger - INFO - -0.0180753
2017-05-08 05:18:01,374 - mylogger - INFO - 2015-11-18: sell
2017-05-08 05:18:01,771 - mylogger - INFO - -0.0218122
2017-05-08 05:18:01,772 - mylogger - INFO - 2015-11-19: sell
2017-05-08 05:18:02,087 - mylogger - INFO - -0.0120384
2017-05-08 05:18:02,088 - mylogger - INFO - 2015-11-20: sell
2017-05-08 05:18:02,388 - mylogger - INFO - -0.0155421
2017-05-08 05:18:02,389 - mylogger - INFO - 2015-11-23: sell
2017-05-08 05:18:02,690 - mylogger - INFO - -0.00050935
2017-05-08 05:18:02,691 - mylogger - INFO - 2015-11-24: sell
2017-05-08 05:18:03,096 - mylogger - INFO - 0.00507562
2017-05-08 05:18:03,097 - mylogger - INFO - 2015-11-25: hold
2017-05-08 05:18:03,394 - mylogger - INFO - -0.0014312
2017-05-08 05:18:03,395 - mylogger - INFO - 2015-11-27: sell
2017-05-08 05:18:03,697 - mylogger - INFO - -0.00426782
2017-05-08 05:18:03,697 - mylogger - INFO - 2015-11-30: sell
2017-05-08 05:18:04,094 - mylogger - INFO - -0.00671161
2017-05-08 05:18:04,095 - mylogger - INFO - 2015-12-01: sell
2017-05-08 05:18:04,393 - mylogger - INFO - -0.0123852
2017-05-08 05:18:04,394 - mylogger - INFO - 2015-12-02: sell
2017-05-08 05:18:04,693 - mylogger - INFO - -0.00466421
2017-05-08 05:18:04,694 - mylogger - INFO - 2015-12-03: sell
2017-05-08 05:18:05,092 - mylogger - INFO - 0.00984581
2017-05-08 05:18:05,092 - mylogger - INFO - 2015-12-04: hold
2017-05-08 05:18:05,390 - mylogger - INFO - 0.0053095
2017-05-08 05:18:05,390 - mylogger - INFO - 2015-12-07: hold
2017-05-08 05:18:05,695 - mylogger - INFO - 0.00367055
2017-05-08 05:18:05,695 - mylogger - INFO - 2015-12-08: hold
2017-05-08 05:18:06,093 - mylogger - INFO - 0.0094444
2017-05-08 05:18:06,093 - mylogger - INFO - 2015-12-09: hold
2017-05-08 05:18:06,393 - mylogger - INFO - 0.00400051
2017-05-08 05:18:06,393 - mylogger - INFO - 2015-12-10: hold
2017-05-08 05:18:06,693 - mylogger - INFO - 0.00225683
2017-05-08 05:18:06,693 - mylogger - INFO - 2015-12-11: hold
2017-05-08 05:18:07,091 - mylogger - INFO - 0.00200642
2017-05-08 05:18:07,091 - mylogger - INFO - 2015-12-14: hold
2017-05-08 05:18:07,389 - mylogger - INFO - -0.0147468
2017-05-08 05:18:07,390 - mylogger - INFO - 2015-12-15: sell
2017-05-08 05:18:07,700 - mylogger - INFO - 0.00417715
2017-05-08 05:18:07,700 - mylogger - INFO - 2015-12-16: hold
2017-05-08 05:18:08,000 - mylogger - INFO - -0.0150406
2017-05-08 05:18:08,001 - mylogger - INFO - 2015-12-17: sell
2017-05-08 05:18:08,402 - mylogger - INFO - -0.00882271
2017-05-08 05:18:08,403 - mylogger - INFO - 2015-12-18: sell
2017-05-08 05:18:08,708 - mylogger - INFO - 0.00684647
2017-05-08 05:18:08,708 - mylogger - INFO - 2015-12-21: hold
2017-05-08 05:18:09,006 - mylogger - INFO - -0.00735912
2017-05-08 05:18:09,007 - mylogger - INFO - 2015-12-22: sell
2017-05-08 05:18:09,402 - mylogger - INFO - 0.00439031
2017-05-08 05:18:09,402 - mylogger - INFO - 2015-12-23: hold
2017-05-08 05:18:09,704 - mylogger - INFO - 0.00272346
2017-05-08 05:18:09,705 - mylogger - INFO - 2015-12-24: hold
2017-05-08 05:18:10,003 - mylogger - INFO - -0.00137194
2017-05-08 05:18:10,004 - mylogger - INFO - 2015-12-28: sell
2017-05-08 05:18:10,401 - mylogger - INFO - -0.00917095
2017-05-08 05:18:10,402 - mylogger - INFO - 2015-12-29: sell
2017-05-08 05:18:10,702 - mylogger - INFO - 0.00269413
2017-05-08 05:18:10,703 - mylogger - INFO - 2015-12-30: hold
2017-05-08 05:18:11,037 - mylogger - INFO - -0.00745351
2017-05-08 05:18:11,038 - mylogger - INFO - 2015-12-31: sell
2017-05-08 05:18:11,894 - mylogger - INFO - Total profit and loss: 1.08581729499
2017-05-08 05:18:11,957 - mylogger - INFO - Hit table:
2017-05-08 05:18:11,958 - mylogger - INFO - Date          signal  hit/miss
2017-05-08 05:18:11,958 - mylogger - INFO - 2014-01-02    sell    hit
2017-05-08 05:18:11,958 - mylogger - INFO - 2014-01-03    sell    miss
2017-05-08 05:18:11,959 - mylogger - INFO - 2014-01-06    sell    hit
2017-05-08 05:18:11,959 - mylogger - INFO - 2014-01-07    sell    miss
2017-05-08 05:18:11,959 - mylogger - INFO - 2014-01-08    sell    hit
2017-05-08 05:18:11,959 - mylogger - INFO - 2014-01-09    sell    hit
2017-05-08 05:18:11,960 - mylogger - INFO - 2014-01-10    sell    miss
2017-05-08 05:18:11,960 - mylogger - INFO - 2014-01-13    buy     hit
2017-05-08 05:18:11,960 - mylogger - INFO - 2014-01-14    sell    miss
2017-05-08 05:18:11,960 - mylogger - INFO - 2014-01-15    sell    hit
2017-05-08 05:18:11,960 - mylogger - INFO - 2014-01-16    sell    hit
2017-05-08 05:18:11,960 - mylogger - INFO - 2014-01-17    sell    miss
2017-05-08 05:18:11,961 - mylogger - INFO - 2014-01-21    sell    miss
2017-05-08 05:18:11,961 - mylogger - INFO - 2014-01-22    sell    miss
2017-05-08 05:18:11,961 - mylogger - INFO - 2014-01-23    sell    hit
2017-05-08 05:18:11,961 - mylogger - INFO - 2014-01-24    sell    miss
2017-05-08 05:18:11,961 - mylogger - INFO - 2014-01-27    sell    hit
2017-05-08 05:18:11,961 - mylogger - INFO - 2014-01-28    sell    hit
2017-05-08 05:18:11,962 - mylogger - INFO - 2014-01-29    sell    hit
2017-05-08 05:18:11,962 - mylogger - INFO - 2014-01-30    hold    hit
2017-05-08 05:18:11,962 - mylogger - INFO - 2014-01-31    buy     miss
2017-05-08 05:18:11,962 - mylogger - INFO - 2014-02-03    sell    miss
2017-05-08 05:18:11,962 - mylogger - INFO - 2014-02-04    sell    miss
2017-05-08 05:18:11,963 - mylogger - INFO - 2014-02-05    sell    miss
2017-05-08 05:18:11,963 - mylogger - INFO - 2014-02-06    buy     hit
2017-05-08 05:18:11,963 - mylogger - INFO - 2014-02-07    hold    miss
2017-05-08 05:18:11,963 - mylogger - INFO - 2014-02-10    buy     hit
2017-05-08 05:18:11,965 - mylogger - INFO - 2014-02-11    hold    miss
2017-05-08 05:18:11,965 - mylogger - INFO - 2014-02-12    hold    miss
2017-05-08 05:18:11,965 - mylogger - INFO - 2014-02-13    sell    hit
2017-05-08 05:18:11,966 - mylogger - INFO - 2014-02-14    sell    miss
2017-05-08 05:18:11,966 - mylogger - INFO - 2014-02-18    sell    hit
2017-05-08 05:18:11,966 - mylogger - INFO - 2014-02-19    sell    hit
2017-05-08 05:18:11,966 - mylogger - INFO - 2014-02-20    sell    hit
2017-05-08 05:18:11,967 - mylogger - INFO - 2014-02-21    hold    hit
2017-05-08 05:18:11,967 - mylogger - INFO - 2014-02-24    sell    hit
2017-05-08 05:18:11,967 - mylogger - INFO - 2014-02-25    sell    hit
2017-05-08 05:18:11,968 - mylogger - INFO - 2014-02-26    hold    miss
2017-05-08 05:18:11,968 - mylogger - INFO - 2014-02-27    hold    miss
2017-05-08 05:18:11,968 - mylogger - INFO - 2014-02-28    hold    hit
2017-05-08 05:18:11,968 - mylogger - INFO - 2014-03-03    sell    miss
2017-05-08 05:18:11,968 - mylogger - INFO - 2014-03-04    hold    hit
2017-05-08 05:18:11,969 - mylogger - INFO - 2014-03-05    sell    hit
2017-05-08 05:18:11,969 - mylogger - INFO - 2014-03-06    sell    hit
2017-05-08 05:18:11,969 - mylogger - INFO - 2014-03-07    sell    miss
2017-05-08 05:18:11,969 - mylogger - INFO - 2014-03-10    sell    miss
2017-05-08 05:18:11,970 - mylogger - INFO - 2014-03-11    sell    miss
2017-05-08 05:18:11,970 - mylogger - INFO - 2014-03-12    sell    hit
2017-05-08 05:18:11,970 - mylogger - INFO - 2014-03-13    sell    hit
2017-05-08 05:18:11,970 - mylogger - INFO - 2014-03-14    sell    miss
2017-05-08 05:18:11,971 - mylogger - INFO - 2014-03-17    sell    miss
2017-05-08 05:18:11,971 - mylogger - INFO - 2014-03-18    hold    miss
2017-05-08 05:18:11,971 - mylogger - INFO - 2014-03-19    sell    hit
2017-05-08 05:18:11,971 - mylogger - INFO - 2014-03-20    sell    miss
2017-05-08 05:18:11,972 - mylogger - INFO - 2014-03-21    sell    miss
2017-05-08 05:18:11,972 - mylogger - INFO - 2014-03-24    hold    miss
2017-05-08 05:18:11,972 - mylogger - INFO - 2014-03-25    sell    hit
2017-05-08 05:18:11,973 - mylogger - INFO - 2014-03-26    sell    hit
2017-05-08 05:18:11,973 - mylogger - INFO - 2014-03-27    sell    hit
2017-05-08 05:18:11,973 - mylogger - INFO - 2014-03-28    sell    hit
2017-05-08 05:18:11,973 - mylogger - INFO - 2014-03-31    sell    miss
2017-05-08 05:18:11,973 - mylogger - INFO - 2014-04-01    hold    hit
2017-05-08 05:18:11,974 - mylogger - INFO - 2014-04-02    sell    hit
2017-05-08 05:18:11,974 - mylogger - INFO - 2014-04-03    hold    miss
2017-05-08 05:18:11,975 - mylogger - INFO - 2014-04-04    sell    hit
2017-05-08 05:18:11,975 - mylogger - INFO - 2014-04-07    hold    miss
2017-05-08 05:18:11,975 - mylogger - INFO - 2014-04-08    sell    miss
2017-05-08 05:18:11,975 - mylogger - INFO - 2014-04-09    sell    hit
2017-05-08 05:18:11,976 - mylogger - INFO - 2014-04-10    sell    hit
2017-05-08 05:18:11,976 - mylogger - INFO - 2014-04-11    sell    miss
2017-05-08 05:18:11,976 - mylogger - INFO - 2014-04-14    sell    hit
2017-05-08 05:18:11,977 - mylogger - INFO - 2014-04-15    sell    miss
2017-05-08 05:18:11,977 - mylogger - INFO - 2014-04-16    sell    miss
2017-05-08 05:18:11,977 - mylogger - INFO - 2014-04-17    sell    miss
2017-05-08 05:18:11,977 - mylogger - INFO - 2014-04-21    buy     miss
2017-05-08 05:18:11,977 - mylogger - INFO - 2014-04-22    hold    miss
2017-05-08 05:18:11,978 - mylogger - INFO - 2014-04-23    sell    miss
2017-05-08 05:18:11,978 - mylogger - INFO - 2014-04-24    sell    miss
2017-05-08 05:18:11,978 - mylogger - INFO - 2014-04-25    sell    miss
2017-05-08 05:18:11,978 - mylogger - INFO - 2014-04-28    buy     miss
2017-05-08 05:18:11,978 - mylogger - INFO - 2014-04-29    sell    hit
2017-05-08 05:18:11,978 - mylogger - INFO - 2014-04-30    sell    miss
2017-05-08 05:18:11,979 - mylogger - INFO - 2014-05-01    sell    miss
2017-05-08 05:18:11,979 - mylogger - INFO - 2014-05-02    hold    miss
2017-05-08 05:18:11,979 - mylogger - INFO - 2014-05-05    sell    hit
2017-05-08 05:18:11,979 - mylogger - INFO - 2014-05-06    sell    hit
2017-05-08 05:18:11,979 - mylogger - INFO - 2014-05-07    sell    hit
2017-05-08 05:18:11,979 - mylogger - INFO - 2014-05-08    sell    hit
2017-05-08 05:18:11,980 - mylogger - INFO - 2014-05-09    sell    miss
2017-05-08 05:18:11,980 - mylogger - INFO - 2014-05-12    sell    miss
2017-05-08 05:18:11,980 - mylogger - INFO - 2014-05-13    sell    miss
2017-05-08 05:18:11,980 - mylogger - INFO - 2014-05-14    sell    hit
2017-05-08 05:18:11,980 - mylogger - INFO - 2014-05-15    sell    miss
2017-05-08 05:18:11,980 - mylogger - INFO - 2014-05-16    sell    miss
2017-05-08 05:18:11,981 - mylogger - INFO - 2014-05-19    sell    miss
2017-05-08 05:18:11,982 - mylogger - INFO - 2014-05-20    sell    miss
2017-05-08 05:18:11,986 - mylogger - INFO - 2014-05-21    sell    miss
2017-05-08 05:18:11,987 - mylogger - INFO - 2014-05-22    hold    miss
2017-05-08 05:18:11,987 - mylogger - INFO - 2014-05-23    sell    miss
2017-05-08 05:18:11,987 - mylogger - INFO - 2014-05-27    hold    miss
2017-05-08 05:18:11,987 - mylogger - INFO - 2014-05-28    hold    miss
2017-05-08 05:18:11,987 - mylogger - INFO - 2014-05-29    buy     miss
2017-05-08 05:18:11,988 - mylogger - INFO - 2014-05-30    hold    miss
2017-05-08 05:18:11,988 - mylogger - INFO - 2014-06-02    buy     hit
2017-05-08 05:18:11,988 - mylogger - INFO - 2014-06-03    buy     hit
2017-05-08 05:18:11,989 - mylogger - INFO - 2014-06-04    sell    miss
2017-05-08 05:18:11,989 - mylogger - INFO - 2014-06-05    hold    miss
2017-05-08 05:18:11,990 - mylogger - INFO - 2014-06-06    sell    miss
2017-05-08 05:18:11,990 - mylogger - INFO - 2014-06-09    sell    miss
2017-05-08 05:18:11,990 - mylogger - INFO - 2014-06-10    sell    hit
2017-05-08 05:18:11,990 - mylogger - INFO - 2014-06-11    sell    hit
2017-05-08 05:18:11,990 - mylogger - INFO - 2014-06-12    sell    hit
2017-05-08 05:18:11,991 - mylogger - INFO - 2014-06-13    buy     hit
2017-05-08 05:18:11,991 - mylogger - INFO - 2014-06-16    sell    hit
2017-05-08 05:18:11,991 - mylogger - INFO - 2014-06-17    buy     miss
2017-05-08 05:18:11,991 - mylogger - INFO - 2014-06-18    sell    hit
2017-05-08 05:18:11,991 - mylogger - INFO - 2014-06-19    hold    miss
2017-05-08 05:18:11,991 - mylogger - INFO - 2014-06-20    hold    miss
2017-05-08 05:18:11,992 - mylogger - INFO - 2014-06-23    hold    miss
2017-05-08 05:18:11,992 - mylogger - INFO - 2014-06-24    sell    miss
2017-05-08 05:18:11,992 - mylogger - INFO - 2014-06-25    hold    hit
2017-05-08 05:18:11,992 - mylogger - INFO - 2014-06-26    hold    miss
2017-05-08 05:18:11,992 - mylogger - INFO - 2014-06-27    sell    miss
2017-05-08 05:18:11,992 - mylogger - INFO - 2014-06-30    buy     miss
2017-05-08 05:18:11,992 - mylogger - INFO - 2014-07-01    buy     miss
2017-05-08 05:18:11,993 - mylogger - INFO - 2014-07-02    hold    hit
2017-05-08 05:18:11,993 - mylogger - INFO - 2014-07-03    hold    miss
2017-05-08 05:18:11,993 - mylogger - INFO - 2014-07-07    sell    hit
2017-05-08 05:18:11,993 - mylogger - INFO - 2014-07-08    sell    miss
2017-05-08 05:18:11,993 - mylogger - INFO - 2014-07-09    sell    hit
2017-05-08 05:18:11,993 - mylogger - INFO - 2014-07-10    sell    miss
2017-05-08 05:18:11,994 - mylogger - INFO - 2014-07-11    hold    miss
2017-05-08 05:18:11,994 - mylogger - INFO - 2014-07-14    sell    hit
2017-05-08 05:18:11,994 - mylogger - INFO - 2014-07-15    sell    hit
2017-05-08 05:18:11,994 - mylogger - INFO - 2014-07-16    hold    miss
2017-05-08 05:18:11,994 - mylogger - INFO - 2014-07-17    sell    miss
2017-05-08 05:18:11,994 - mylogger - INFO - 2014-07-18    sell    hit
2017-05-08 05:18:11,995 - mylogger - INFO - 2014-07-21    sell    miss
2017-05-08 05:18:11,995 - mylogger - INFO - 2014-07-22    sell    miss
2017-05-08 05:18:11,995 - mylogger - INFO - 2014-07-23    sell    hit
2017-05-08 05:18:11,995 - mylogger - INFO - 2014-07-24    sell    miss
2017-05-08 05:18:11,995 - mylogger - INFO - 2014-07-25    sell    miss
2017-05-08 05:18:11,995 - mylogger - INFO - 2014-07-28    sell    hit
2017-05-08 05:18:11,996 - mylogger - INFO - 2014-07-29    sell    hit
2017-05-08 05:18:11,996 - mylogger - INFO - 2014-07-30    sell    hit
2017-05-08 05:18:11,997 - mylogger - INFO - 2014-07-31    sell    miss
2017-05-08 05:18:11,997 - mylogger - INFO - 2014-08-01    sell    hit
2017-05-08 05:18:12,000 - mylogger - INFO - 2014-08-04    sell    hit
2017-05-08 05:18:12,001 - mylogger - INFO - 2014-08-05    hold    miss
2017-05-08 05:18:12,001 - mylogger - INFO - 2014-08-06    hold    miss
2017-05-08 05:18:12,002 - mylogger - INFO - 2014-08-07    sell    miss
2017-05-08 05:18:12,003 - mylogger - INFO - 2014-08-08    sell    miss
2017-05-08 05:18:12,003 - mylogger - INFO - 2014-08-11    hold    miss
2017-05-08 05:18:12,003 - mylogger - INFO - 2014-08-12    sell    miss
2017-05-08 05:18:12,004 - mylogger - INFO - 2014-08-13    buy     miss
2017-05-08 05:18:12,004 - mylogger - INFO - 2014-08-14    buy     miss
2017-05-08 05:18:12,004 - mylogger - INFO - 2014-08-15    hold    miss
2017-05-08 05:18:12,005 - mylogger - INFO - 2014-08-18    buy     hit
2017-05-08 05:18:12,005 - mylogger - INFO - 2014-08-19    hold    hit
2017-05-08 05:18:12,005 - mylogger - INFO - 2014-08-20    buy     miss
2017-05-08 05:18:12,006 - mylogger - INFO - 2014-08-21    hold    hit
2017-05-08 05:18:12,006 - mylogger - INFO - 2014-08-22    hold    hit
2017-05-08 05:18:12,006 - mylogger - INFO - 2014-08-25    hold    miss
2017-05-08 05:18:12,007 - mylogger - INFO - 2014-08-26    sell    miss
2017-05-08 05:18:12,007 - mylogger - INFO - 2014-08-27    sell    miss
2017-05-08 05:18:12,007 - mylogger - INFO - 2014-08-28    sell    miss
2017-05-08 05:18:12,007 - mylogger - INFO - 2014-08-29    sell    miss
2017-05-08 05:18:12,008 - mylogger - INFO - 2014-09-02    sell    hit
2017-05-08 05:18:12,008 - mylogger - INFO - 2014-09-03    sell    hit
2017-05-08 05:18:12,008 - mylogger - INFO - 2014-09-04    hold    hit
2017-05-08 05:18:12,008 - mylogger - INFO - 2014-09-05    sell    hit
2017-05-08 05:18:12,009 - mylogger - INFO - 2014-09-08    hold    miss
2017-05-08 05:18:12,009 - mylogger - INFO - 2014-09-09    hold    miss
2017-05-08 05:18:12,009 - mylogger - INFO - 2014-09-10    hold    hit
2017-05-08 05:18:12,009 - mylogger - INFO - 2014-09-11    sell    miss
2017-05-08 05:18:12,009 - mylogger - INFO - 2014-09-12    sell    hit
2017-05-08 05:18:12,010 - mylogger - INFO - 2014-09-15    sell    hit
2017-05-08 05:18:12,010 - mylogger - INFO - 2014-09-16    sell    miss
2017-05-08 05:18:12,010 - mylogger - INFO - 2014-09-17    sell    miss
2017-05-08 05:18:12,010 - mylogger - INFO - 2014-09-18    sell    hit
2017-05-08 05:18:12,010 - mylogger - INFO - 2014-09-19    sell    miss
2017-05-08 05:18:12,011 - mylogger - INFO - 2014-09-22    sell    miss
2017-05-08 05:18:12,011 - mylogger - INFO - 2014-09-23    sell    hit
2017-05-08 05:18:12,011 - mylogger - INFO - 2014-09-24    sell    hit
2017-05-08 05:18:12,011 - mylogger - INFO - 2014-09-25    sell    miss
2017-05-08 05:18:12,012 - mylogger - INFO - 2014-09-26    sell    hit
2017-05-08 05:18:12,012 - mylogger - INFO - 2014-09-29    sell    miss
2017-05-08 05:18:12,012 - mylogger - INFO - 2014-09-30    sell    hit
2017-05-08 05:18:12,012 - mylogger - INFO - 2014-10-01    sell    miss
2017-05-08 05:18:12,012 - mylogger - INFO - 2014-10-02    sell    hit
2017-05-08 05:18:12,013 - mylogger - INFO - 2014-10-03    sell    miss
2017-05-08 05:18:12,013 - mylogger - INFO - 2014-10-06    sell    hit
2017-05-08 05:18:12,013 - mylogger - INFO - 2014-10-07    sell    miss
2017-05-08 05:18:12,013 - mylogger - INFO - 2014-10-08    sell    miss
2017-05-08 05:18:12,013 - mylogger - INFO - 2014-10-09    hold    miss
2017-05-08 05:18:12,014 - mylogger - INFO - 2014-10-10    hold    miss
2017-05-08 05:18:12,014 - mylogger - INFO - 2014-10-13    sell    hit
2017-05-08 05:18:12,014 - mylogger - INFO - 2014-10-14    hold    miss
2017-05-08 05:18:12,015 - mylogger - INFO - 2014-10-15    sell    hit
2017-05-08 05:18:12,015 - mylogger - INFO - 2014-10-16    sell    miss
2017-05-08 05:18:12,015 - mylogger - INFO - 2014-10-17    hold    miss
2017-05-08 05:18:12,020 - mylogger - INFO - 2014-10-20    hold    miss
2017-05-08 05:18:12,020 - mylogger - INFO - 2014-10-21    buy     miss
2017-05-08 05:18:12,020 - mylogger - INFO - 2014-10-22    sell    miss
2017-05-08 05:18:12,021 - mylogger - INFO - 2014-10-23    hold    hit
2017-05-08 05:18:12,021 - mylogger - INFO - 2014-10-24    hold    miss
2017-05-08 05:18:12,021 - mylogger - INFO - 2014-10-27    buy     hit
2017-05-08 05:18:12,021 - mylogger - INFO - 2014-10-28    buy     miss
2017-05-08 05:18:12,022 - mylogger - INFO - 2014-10-29    sell    hit
2017-05-08 05:18:12,022 - mylogger - INFO - 2014-10-30    hold    hit
2017-05-08 05:18:12,022 - mylogger - INFO - 2014-10-31    sell    miss
2017-05-08 05:18:12,022 - mylogger - INFO - 2014-11-03    sell    hit
2017-05-08 05:18:12,022 - mylogger - INFO - 2014-11-04    sell    miss
2017-05-08 05:18:12,023 - mylogger - INFO - 2014-11-05    sell    miss
2017-05-08 05:18:12,023 - mylogger - INFO - 2014-11-06    hold    hit
2017-05-08 05:18:12,023 - mylogger - INFO - 2014-11-07    buy     miss
2017-05-08 05:18:12,023 - mylogger - INFO - 2014-11-10    sell    miss
2017-05-08 05:18:12,023 - mylogger - INFO - 2014-11-11    sell    miss
2017-05-08 05:18:12,024 - mylogger - INFO - 2014-11-12    sell    miss
2017-05-08 05:18:12,024 - mylogger - INFO - 2014-11-13    sell    miss
2017-05-08 05:18:12,024 - mylogger - INFO - 2014-11-14    hold    miss
2017-05-08 05:18:12,024 - mylogger - INFO - 2014-11-17    sell    miss
2017-05-08 05:18:12,024 - mylogger - INFO - 2014-11-18    sell    hit
2017-05-08 05:18:12,024 - mylogger - INFO - 2014-11-19    sell    miss
2017-05-08 05:18:12,025 - mylogger - INFO - 2014-11-20    hold    hit
2017-05-08 05:18:12,025 - mylogger - INFO - 2014-11-21    hold    miss
2017-05-08 05:18:12,025 - mylogger - INFO - 2014-11-24    hold    miss
2017-05-08 05:18:12,025 - mylogger - INFO - 2014-11-25    hold    miss
2017-05-08 05:18:12,025 - mylogger - INFO - 2014-11-26    sell    hit
2017-05-08 05:18:12,025 - mylogger - INFO - 2014-11-28    hold    miss
2017-05-08 05:18:12,026 - mylogger - INFO - 2014-12-01    sell    hit
2017-05-08 05:18:12,026 - mylogger - INFO - 2014-12-02    sell    miss
2017-05-08 05:18:12,026 - mylogger - INFO - 2014-12-03    sell    hit
2017-05-08 05:18:12,026 - mylogger - INFO - 2014-12-04    sell    hit
2017-05-08 05:18:12,026 - mylogger - INFO - 2014-12-05    sell    hit
2017-05-08 05:18:12,026 - mylogger - INFO - 2014-12-08    hold    miss
2017-05-08 05:18:12,027 - mylogger - INFO - 2014-12-09    sell    hit
2017-05-08 05:18:12,027 - mylogger - INFO - 2014-12-10    hold    miss
2017-05-08 05:18:12,027 - mylogger - INFO - 2014-12-11    sell    hit
2017-05-08 05:18:12,027 - mylogger - INFO - 2014-12-12    sell    hit
2017-05-08 05:18:12,027 - mylogger - INFO - 2014-12-15    sell    hit
2017-05-08 05:18:12,027 - mylogger - INFO - 2014-12-16    sell    miss
2017-05-08 05:18:12,027 - mylogger - INFO - 2014-12-17    sell    miss
2017-05-08 05:18:12,028 - mylogger - INFO - 2014-12-18    hold    miss
2017-05-08 05:18:12,028 - mylogger - INFO - 2014-12-19    buy     hit
2017-05-08 05:18:12,028 - mylogger - INFO - 2014-12-22    buy     miss
2017-05-08 05:18:12,028 - mylogger - INFO - 2014-12-23    buy     miss
2017-05-08 05:18:12,028 - mylogger - INFO - 2014-12-24    buy     hit
2017-05-08 05:18:12,028 - mylogger - INFO - 2014-12-26    hold    miss
2017-05-08 05:18:12,029 - mylogger - INFO - 2014-12-29    buy     miss
2017-05-08 05:18:12,029 - mylogger - INFO - 2014-12-30    buy     miss
2017-05-08 05:18:12,029 - mylogger - INFO - 2014-12-31    buy     miss
2017-05-08 05:18:12,029 - mylogger - INFO - 2015-01-02    sell    hit
2017-05-08 05:18:12,032 - mylogger - INFO - 2015-01-05    sell    miss
2017-05-08 05:18:12,032 - mylogger - INFO - 2015-01-06    buy     hit
2017-05-08 05:18:12,033 - mylogger - INFO - 2015-01-07    hold    miss
2017-05-08 05:18:12,033 - mylogger - INFO - 2015-01-08    buy     miss
2017-05-08 05:18:12,033 - mylogger - INFO - 2015-01-09    sell    hit
2017-05-08 05:18:12,034 - mylogger - INFO - 2015-01-12    buy     miss
2017-05-08 05:18:12,034 - mylogger - INFO - 2015-01-13    buy     miss
2017-05-08 05:18:12,034 - mylogger - INFO - 2015-01-14    sell    hit
2017-05-08 05:18:12,035 - mylogger - INFO - 2015-01-15    hold    miss
2017-05-08 05:18:12,035 - mylogger - INFO - 2015-01-16    hold    miss
2017-05-08 05:18:12,035 - mylogger - INFO - 2015-01-20    sell    miss
2017-05-08 05:18:12,036 - mylogger - INFO - 2015-01-21    hold    miss
2017-05-08 05:18:12,036 - mylogger - INFO - 2015-01-22    hold    hit
2017-05-08 05:18:12,036 - mylogger - INFO - 2015-01-23    buy     miss
2017-05-08 05:18:12,037 - mylogger - INFO - 2015-01-26    buy     miss
2017-05-08 05:18:12,037 - mylogger - INFO - 2015-01-27    hold    miss
2017-05-08 05:18:12,037 - mylogger - INFO - 2015-01-28    hold    miss
2017-05-08 05:18:12,037 - mylogger - INFO - 2015-01-29    buy     miss
2017-05-08 05:18:12,038 - mylogger - INFO - 2015-01-30    buy     hit
2017-05-08 05:18:12,038 - mylogger - INFO - 2015-02-02    buy     miss
2017-05-08 05:18:12,038 - mylogger - INFO - 2015-02-03    buy     miss
2017-05-08 05:18:12,038 - mylogger - INFO - 2015-02-04    buy     miss
2017-05-08 05:18:12,039 - mylogger - INFO - 2015-02-05    buy     miss
2017-05-08 05:18:12,039 - mylogger - INFO - 2015-02-06    buy     miss
2017-05-08 05:18:12,039 - mylogger - INFO - 2015-02-09    sell    miss
2017-05-08 05:18:12,039 - mylogger - INFO - 2015-02-10    buy     hit
2017-05-08 05:18:12,040 - mylogger - INFO - 2015-02-11    hold    miss
2017-05-08 05:18:12,040 - mylogger - INFO - 2015-02-12    hold    hit
2017-05-08 05:18:12,040 - mylogger - INFO - 2015-02-13    hold    hit
2017-05-08 05:18:12,040 - mylogger - INFO - 2015-02-17    hold    hit
2017-05-08 05:18:12,040 - mylogger - INFO - 2015-02-18    buy     miss
2017-05-08 05:18:12,041 - mylogger - INFO - 2015-02-19    buy     miss
2017-05-08 05:18:12,041 - mylogger - INFO - 2015-02-20    buy     hit
2017-05-08 05:18:12,041 - mylogger - INFO - 2015-02-23    hold    miss
2017-05-08 05:18:12,042 - mylogger - INFO - 2015-02-24    buy     miss
2017-05-08 05:18:12,042 - mylogger - INFO - 2015-02-25    hold    miss
2017-05-08 05:18:12,042 - mylogger - INFO - 2015-02-26    hold    miss
2017-05-08 05:18:12,042 - mylogger - INFO - 2015-02-27    hold    hit
2017-05-08 05:18:12,042 - mylogger - INFO - 2015-03-02    hold    hit
2017-05-08 05:18:12,043 - mylogger - INFO - 2015-03-03    hold    miss
2017-05-08 05:18:12,043 - mylogger - INFO - 2015-03-04    hold    miss
2017-05-08 05:18:12,043 - mylogger - INFO - 2015-03-05    sell    miss
2017-05-08 05:18:12,043 - mylogger - INFO - 2015-03-06    sell    miss
2017-05-08 05:18:12,044 - mylogger - INFO - 2015-03-09    hold    miss
2017-05-08 05:18:12,044 - mylogger - INFO - 2015-03-10    sell    hit
2017-05-08 05:18:12,044 - mylogger - INFO - 2015-03-11    sell    miss
2017-05-08 05:18:12,044 - mylogger - INFO - 2015-03-12    sell    hit
2017-05-08 05:18:12,044 - mylogger - INFO - 2015-03-13    sell    miss
2017-05-08 05:18:12,045 - mylogger - INFO - 2015-03-16    sell    miss
2017-05-08 05:18:12,045 - mylogger - INFO - 2015-03-17    sell    miss
2017-05-08 05:18:12,045 - mylogger - INFO - 2015-03-18    sell    hit
2017-05-08 05:18:12,045 - mylogger - INFO - 2015-03-19    sell    hit
2017-05-08 05:18:12,046 - mylogger - INFO - 2015-03-20    hold    miss
2017-05-08 05:18:12,046 - mylogger - INFO - 2015-03-23    hold    miss
2017-05-08 05:18:12,046 - mylogger - INFO - 2015-03-24    hold    miss
2017-05-08 05:18:12,046 - mylogger - INFO - 2015-03-25    hold    hit
2017-05-08 05:18:12,046 - mylogger - INFO - 2015-03-26    hold    miss
2017-05-08 05:18:12,047 - mylogger - INFO - 2015-03-27    hold    miss
2017-05-08 05:18:12,047 - mylogger - INFO - 2015-03-30    buy     miss
2017-05-08 05:18:12,047 - mylogger - INFO - 2015-03-31    sell    hit
2017-05-08 05:18:12,047 - mylogger - INFO - 2015-04-01    sell    miss
2017-05-08 05:18:12,047 - mylogger - INFO - 2015-04-02    sell    miss
2017-05-08 05:18:12,048 - mylogger - INFO - 2015-04-06    sell    hit
2017-05-08 05:18:12,048 - mylogger - INFO - 2015-04-07    buy     miss
2017-05-08 05:18:12,048 - mylogger - INFO - 2015-04-08    sell    miss
2017-05-08 05:18:12,049 - mylogger - INFO - 2015-04-09    sell    miss
2017-05-08 05:18:12,049 - mylogger - INFO - 2015-04-10    buy     miss
2017-05-08 05:18:12,049 - mylogger - INFO - 2015-04-13    hold    miss
2017-05-08 05:18:12,054 - mylogger - INFO - 2015-04-14    sell    miss
2017-05-08 05:18:12,054 - mylogger - INFO - 2015-04-15    hold    miss
2017-05-08 05:18:12,054 - mylogger - INFO - 2015-04-16    hold    miss
2017-05-08 05:18:12,054 - mylogger - INFO - 2015-04-17    hold    miss
2017-05-08 05:18:12,054 - mylogger - INFO - 2015-04-20    hold    miss
2017-05-08 05:18:12,054 - mylogger - INFO - 2015-04-21    hold    miss
2017-05-08 05:18:12,055 - mylogger - INFO - 2015-04-22    sell    miss
2017-05-08 05:18:12,055 - mylogger - INFO - 2015-04-23    hold    hit
2017-05-08 05:18:12,055 - mylogger - INFO - 2015-04-24    hold    miss
2017-05-08 05:18:12,055 - mylogger - INFO - 2015-04-27    buy     miss
2017-05-08 05:18:12,055 - mylogger - INFO - 2015-04-28    hold    miss
2017-05-08 05:18:12,055 - mylogger - INFO - 2015-04-29    hold    miss
2017-05-08 05:18:12,055 - mylogger - INFO - 2015-04-30    hold    miss
2017-05-08 05:18:12,056 - mylogger - INFO - 2015-05-01    sell    hit
2017-05-08 05:18:12,056 - mylogger - INFO - 2015-05-04    hold    miss
2017-05-08 05:18:12,056 - mylogger - INFO - 2015-05-05    sell    hit
2017-05-08 05:18:12,056 - mylogger - INFO - 2015-05-06    sell    miss
2017-05-08 05:18:12,056 - mylogger - INFO - 2015-05-07    hold    miss
2017-05-08 05:18:12,056 - mylogger - INFO - 2015-05-08    sell    hit
2017-05-08 05:18:12,056 - mylogger - INFO - 2015-05-11    sell    hit
2017-05-08 05:18:12,057 - mylogger - INFO - 2015-05-12    sell    miss
2017-05-08 05:18:12,057 - mylogger - INFO - 2015-05-13    hold    miss
2017-05-08 05:18:12,057 - mylogger - INFO - 2015-05-14    sell    hit
2017-05-08 05:18:12,057 - mylogger - INFO - 2015-05-15    sell    miss
2017-05-08 05:18:12,057 - mylogger - INFO - 2015-05-18    sell    hit
2017-05-08 05:18:12,057 - mylogger - INFO - 2015-05-19    sell    hit
2017-05-08 05:18:12,057 - mylogger - INFO - 2015-05-20    sell    miss
2017-05-08 05:18:12,057 - mylogger - INFO - 2015-05-21    hold    hit
2017-05-08 05:18:12,058 - mylogger - INFO - 2015-05-22    sell    hit
2017-05-08 05:18:12,058 - mylogger - INFO - 2015-05-26    sell    miss
2017-05-08 05:18:12,058 - mylogger - INFO - 2015-05-27    buy     miss
2017-05-08 05:18:12,058 - mylogger - INFO - 2015-05-28    hold    miss
2017-05-08 05:18:12,058 - mylogger - INFO - 2015-05-29    hold    hit
2017-05-08 05:18:12,058 - mylogger - INFO - 2015-06-01    sell    hit
2017-05-08 05:18:12,058 - mylogger - INFO - 2015-06-02    sell    miss
2017-05-08 05:18:12,059 - mylogger - INFO - 2015-06-03    sell    hit
2017-05-08 05:18:12,059 - mylogger - INFO - 2015-06-04    sell    hit
2017-05-08 05:18:12,059 - mylogger - INFO - 2015-06-05    sell    hit
2017-05-08 05:18:12,059 - mylogger - INFO - 2015-06-08    hold    miss
2017-05-08 05:18:12,059 - mylogger - INFO - 2015-06-09    sell    miss
2017-05-08 05:18:12,059 - mylogger - INFO - 2015-06-10    sell    hit
2017-05-08 05:18:12,060 - mylogger - INFO - 2015-06-11    buy     miss
2017-05-08 05:18:12,060 - mylogger - INFO - 2015-06-12    hold    miss
2017-05-08 05:18:12,060 - mylogger - INFO - 2015-06-15    buy     miss
2017-05-08 05:18:12,060 - mylogger - INFO - 2015-06-16    buy     miss
2017-05-08 05:18:12,060 - mylogger - INFO - 2015-06-17    sell    miss
2017-05-08 05:18:12,060 - mylogger - INFO - 2015-06-18    buy     miss
2017-05-08 05:18:12,060 - mylogger - INFO - 2015-06-19    hold    hit
2017-05-08 05:18:12,061 - mylogger - INFO - 2015-06-22    sell    hit
2017-05-08 05:18:12,061 - mylogger - INFO - 2015-06-23    hold    hit
2017-05-08 05:18:12,061 - mylogger - INFO - 2015-06-24    hold    miss
2017-05-08 05:18:12,061 - mylogger - INFO - 2015-06-25    sell    hit
2017-05-08 05:18:12,061 - mylogger - INFO - 2015-06-26    sell    hit
2017-05-08 05:18:12,061 - mylogger - INFO - 2015-06-29    hold    hit
2017-05-08 05:18:12,062 - mylogger - INFO - 2015-06-30    buy     miss
2017-05-08 05:18:12,062 - mylogger - INFO - 2015-07-01    buy     miss
2017-05-08 05:18:12,062 - mylogger - INFO - 2015-07-02    buy     miss
2017-05-08 05:18:12,062 - mylogger - INFO - 2015-07-06    hold    miss
2017-05-08 05:18:12,062 - mylogger - INFO - 2015-07-07    sell    hit
2017-05-08 05:18:12,063 - mylogger - INFO - 2015-07-08    sell    hit
2017-05-08 05:18:12,063 - mylogger - INFO - 2015-07-09    sell    miss
2017-05-08 05:18:12,064 - mylogger - INFO - 2015-07-10    hold    miss
2017-05-08 05:18:12,066 - mylogger - INFO - 2015-07-13    hold    miss
2017-05-08 05:18:12,067 - mylogger - INFO - 2015-07-14    buy     miss
2017-05-08 05:18:12,067 - mylogger - INFO - 2015-07-15    hold    miss
2017-05-08 05:18:12,068 - mylogger - INFO - 2015-07-16    sell    miss
2017-05-08 05:18:12,068 - mylogger - INFO - 2015-07-17    buy     hit
2017-05-08 05:18:12,068 - mylogger - INFO - 2015-07-20    hold    miss
2017-05-08 05:18:12,069 - mylogger - INFO - 2015-07-21    hold    miss
2017-05-08 05:18:12,069 - mylogger - INFO - 2015-07-22    sell    hit
2017-05-08 05:18:12,069 - mylogger - INFO - 2015-07-23    buy     miss
2017-05-08 05:18:12,070 - mylogger - INFO - 2015-07-24    sell    hit
2017-05-08 05:18:12,070 - mylogger - INFO - 2015-07-27    sell    miss
2017-05-08 05:18:12,070 - mylogger - INFO - 2015-07-28    buy     miss
2017-05-08 05:18:12,070 - mylogger - INFO - 2015-07-29    sell    hit
2017-05-08 05:18:12,071 - mylogger - INFO - 2015-07-30    buy     miss
2017-05-08 05:18:12,071 - mylogger - INFO - 2015-07-31    buy     miss
2017-05-08 05:18:12,071 - mylogger - INFO - 2015-08-03    sell    hit
2017-05-08 05:18:12,072 - mylogger - INFO - 2015-08-04    sell    miss
2017-05-08 05:18:12,072 - mylogger - INFO - 2015-08-05    buy     miss
2017-05-08 05:18:12,072 - mylogger - INFO - 2015-08-06    buy     miss
2017-05-08 05:18:12,073 - mylogger - INFO - 2015-08-07    sell    miss
2017-05-08 05:18:12,073 - mylogger - INFO - 2015-08-10    hold    miss
2017-05-08 05:18:12,074 - mylogger - INFO - 2015-08-11    sell    miss
2017-05-08 05:18:12,074 - mylogger - INFO - 2015-08-12    sell    hit
2017-05-08 05:18:12,074 - mylogger - INFO - 2015-08-13    sell    miss
2017-05-08 05:18:12,074 - mylogger - INFO - 2015-08-14    sell    miss
2017-05-08 05:18:12,074 - mylogger - INFO - 2015-08-17    sell    hit
2017-05-08 05:18:12,075 - mylogger - INFO - 2015-08-18    buy     miss
2017-05-08 05:18:12,075 - mylogger - INFO - 2015-08-19    hold    miss
2017-05-08 05:18:12,075 - mylogger - INFO - 2015-08-20    hold    miss
2017-05-08 05:18:12,075 - mylogger - INFO - 2015-08-21    sell    hit
2017-05-08 05:18:12,076 - mylogger - INFO - 2015-08-24    sell    miss
2017-05-08 05:18:12,076 - mylogger - INFO - 2015-08-25    sell    miss
2017-05-08 05:18:12,076 - mylogger - INFO - 2015-08-26    sell    miss
2017-05-08 05:18:12,076 - mylogger - INFO - 2015-08-27    hold    hit
2017-05-08 05:18:12,076 - mylogger - INFO - 2015-08-28    sell    hit
2017-05-08 05:18:12,077 - mylogger - INFO - 2015-08-31    sell    hit
2017-05-08 05:18:12,077 - mylogger - INFO - 2015-09-01    hold    miss
2017-05-08 05:18:12,077 - mylogger - INFO - 2015-09-02    sell    hit
2017-05-08 05:18:12,077 - mylogger - INFO - 2015-09-03    sell    hit
2017-05-08 05:18:12,078 - mylogger - INFO - 2015-09-04    sell    miss
2017-05-08 05:18:12,078 - mylogger - INFO - 2015-09-08    sell    hit
2017-05-08 05:18:12,078 - mylogger - INFO - 2015-09-09    sell    miss
2017-05-08 05:18:12,078 - mylogger - INFO - 2015-09-10    sell    miss
2017-05-08 05:18:12,078 - mylogger - INFO - 2015-09-11    hold    hit
2017-05-08 05:18:12,079 - mylogger - INFO - 2015-09-14    sell    miss
2017-05-08 05:18:12,079 - mylogger - INFO - 2015-09-15    sell    miss
2017-05-08 05:18:12,079 - mylogger - INFO - 2015-09-16    sell    hit
2017-05-08 05:18:12,079 - mylogger - INFO - 2015-09-17    sell    hit
2017-05-08 05:18:12,079 - mylogger - INFO - 2015-09-18    sell    miss
2017-05-08 05:18:12,080 - mylogger - INFO - 2015-09-21    hold    miss
2017-05-08 05:18:12,080 - mylogger - INFO - 2015-09-22    sell    miss
2017-05-08 05:18:12,080 - mylogger - INFO - 2015-09-23    sell    miss
2017-05-08 05:18:12,080 - mylogger - INFO - 2015-09-24    sell    hit
2017-05-08 05:18:12,081 - mylogger - INFO - 2015-09-25    hold    miss
2017-05-08 05:18:12,081 - mylogger - INFO - 2015-09-28    sell    hit
2017-05-08 05:18:12,081 - mylogger - INFO - 2015-09-29    sell    miss
2017-05-08 05:18:12,082 - mylogger - INFO - 2015-09-30    sell    hit
2017-05-08 05:18:12,082 - mylogger - INFO - 2015-10-01    sell    miss
2017-05-08 05:18:12,082 - mylogger - INFO - 2015-10-02    buy     miss
2017-05-08 05:18:12,082 - mylogger - INFO - 2015-10-05    buy     miss
2017-05-08 05:18:12,082 - mylogger - INFO - 2015-10-06    buy     miss
2017-05-08 05:18:12,083 - mylogger - INFO - 2015-10-07    buy     miss
2017-05-08 05:18:12,083 - mylogger - INFO - 2015-10-08    hold    miss
2017-05-08 05:18:12,083 - mylogger - INFO - 2015-10-09    buy     miss
2017-05-08 05:18:12,083 - mylogger - INFO - 2015-10-12    sell    miss
2017-05-08 05:18:12,083 - mylogger - INFO - 2015-10-13    sell    hit
2017-05-08 05:18:12,083 - mylogger - INFO - 2015-10-14    sell    miss
2017-05-08 05:18:12,084 - mylogger - INFO - 2015-10-15    sell    hit
2017-05-08 05:18:12,084 - mylogger - INFO - 2015-10-16    sell    miss
2017-05-08 05:18:12,084 - mylogger - INFO - 2015-10-19    sell    miss
2017-05-08 05:18:12,084 - mylogger - INFO - 2015-10-20    sell    hit
2017-05-08 05:18:12,084 - mylogger - INFO - 2015-10-21    sell    miss
2017-05-08 05:18:12,087 - mylogger - INFO - 2015-10-22    sell    miss
2017-05-08 05:18:12,088 - mylogger - INFO - 2015-10-23    sell    hit
2017-05-08 05:18:12,088 - mylogger - INFO - 2015-10-26    sell    hit
2017-05-08 05:18:12,088 - mylogger - INFO - 2015-10-27    sell    miss
2017-05-08 05:18:12,088 - mylogger - INFO - 2015-10-28    sell    miss
2017-05-08 05:18:12,088 - mylogger - INFO - 2015-10-29    sell    hit
2017-05-08 05:18:12,089 - mylogger - INFO - 2015-10-30    sell    miss
2017-05-08 05:18:12,089 - mylogger - INFO - 2015-11-02    hold    miss
2017-05-08 05:18:12,089 - mylogger - INFO - 2015-11-03    buy     miss
2017-05-08 05:18:12,089 - mylogger - INFO - 2015-11-04    sell    hit
2017-05-08 05:18:12,089 - mylogger - INFO - 2015-11-05    sell    miss
2017-05-08 05:18:12,090 - mylogger - INFO - 2015-11-06    sell    hit
2017-05-08 05:18:12,090 - mylogger - INFO - 2015-11-09    sell    hit
2017-05-08 05:18:12,090 - mylogger - INFO - 2015-11-10    sell    hit
2017-05-08 05:18:12,090 - mylogger - INFO - 2015-11-11    sell    hit
2017-05-08 05:18:12,091 - mylogger - INFO - 2015-11-12    sell    hit
2017-05-08 05:18:12,091 - mylogger - INFO - 2015-11-13    sell    miss
2017-05-08 05:18:12,091 - mylogger - INFO - 2015-11-16    sell    hit
2017-05-08 05:18:12,091 - mylogger - INFO - 2015-11-17    sell    miss
2017-05-08 05:18:12,091 - mylogger - INFO - 2015-11-18    sell    miss
2017-05-08 05:18:12,092 - mylogger - INFO - 2015-11-19    sell    miss
2017-05-08 05:18:12,092 - mylogger - INFO - 2015-11-20    sell    hit
2017-05-08 05:18:12,092 - mylogger - INFO - 2015-11-23    sell    miss
2017-05-08 05:18:12,092 - mylogger - INFO - 2015-11-24    sell    hit
2017-05-08 05:18:12,092 - mylogger - INFO - 2015-11-25    hold    miss
2017-05-08 05:18:12,092 - mylogger - INFO - 2015-11-27    sell    miss
2017-05-08 05:18:12,093 - mylogger - INFO - 2015-11-30    sell    hit
2017-05-08 05:18:12,093 - mylogger - INFO - 2015-12-01    sell    hit
2017-05-08 05:18:12,093 - mylogger - INFO - 2015-12-02    sell    hit
2017-05-08 05:18:12,093 - mylogger - INFO - 2015-12-03    sell    miss
2017-05-08 05:18:12,093 - mylogger - INFO - 2015-12-04    hold    miss
2017-05-08 05:18:12,093 - mylogger - INFO - 2015-12-07    hold    miss
2017-05-08 05:18:12,093 - mylogger - INFO - 2015-12-08    hold    miss
2017-05-08 05:18:12,094 - mylogger - INFO - 2015-12-09    hold    hit
2017-05-08 05:18:12,094 - mylogger - INFO - 2015-12-10    hold    miss
2017-05-08 05:18:12,094 - mylogger - INFO - 2015-12-11    hold    miss
2017-05-08 05:18:12,094 - mylogger - INFO - 2015-12-14    hold    miss
2017-05-08 05:18:12,094 - mylogger - INFO - 2015-12-15    sell    miss
2017-05-08 05:18:12,094 - mylogger - INFO - 2015-12-16    hold    miss
2017-05-08 05:18:12,095 - mylogger - INFO - 2015-12-17    sell    hit
2017-05-08 05:18:12,095 - mylogger - INFO - 2015-12-18    sell    miss
2017-05-08 05:18:12,095 - mylogger - INFO - 2015-12-21    hold    miss
2017-05-08 05:18:12,095 - mylogger - INFO - 2015-12-22    sell    miss
2017-05-08 05:18:12,095 - mylogger - INFO - 2015-12-23    hold    miss
2017-05-08 05:18:12,096 - mylogger - INFO - 2015-12-24    hold    miss
2017-05-08 05:18:12,096 - mylogger - INFO - 2015-12-28    sell    miss
2017-05-08 05:18:12,096 - mylogger - INFO - 2015-12-29    sell    hit
2017-05-08 05:18:12,096 - mylogger - INFO - 2015-12-30    hold    miss
2017-05-08 05:18:12,096 - mylogger - INFO - Hit number:189/503
2017-05-08 05:18:12,096 - mylogger - INFO - Hit rate:0.3757455268389662
