2017-05-08 17:56:23,524 - mylogger - INFO - -0.0255217
2017-05-08 17:56:23,524 - mylogger - INFO - 2014-01-02: No short!
2017-05-08 17:56:23,856 - mylogger - INFO - -0.0384543
2017-05-08 17:56:23,857 - mylogger - INFO - 2014-01-03: No short!
2017-05-08 17:56:24,290 - mylogger - INFO - -0.0181902
2017-05-08 17:56:24,290 - mylogger - INFO - 2014-01-06: No short!
2017-05-08 17:56:24,639 - mylogger - INFO - -0.0187142
2017-05-08 17:56:24,639 - mylogger - INFO - 2014-01-07: No short!
2017-05-08 17:56:24,968 - mylogger - INFO - -0.0404395
2017-05-08 17:56:24,968 - mylogger - INFO - 2014-01-08: No short!
2017-05-08 17:56:25,300 - mylogger - INFO - -0.0253356
2017-05-08 17:56:25,300 - mylogger - INFO - 2014-01-09: No short!
2017-05-08 17:56:25,716 - mylogger - INFO - -0.00891463
2017-05-08 17:56:25,717 - mylogger - INFO - 2014-01-10: No short!
2017-05-08 17:56:26,048 - mylogger - INFO - -0.0209795
2017-05-08 17:56:26,048 - mylogger - INFO - 2014-01-13: No short!
2017-05-08 17:56:26,388 - mylogger - INFO - -0.0351694
2017-05-08 17:56:26,388 - mylogger - INFO - 2014-01-14: No short!
2017-05-08 17:56:26,824 - mylogger - INFO - -0.019116
2017-05-08 17:56:26,824 - mylogger - INFO - 2014-01-15: No short!
2017-05-08 17:56:27,170 - mylogger - INFO - -0.0400269
2017-05-08 17:56:27,170 - mylogger - INFO - 2014-01-16: No short!
2017-05-08 17:56:27,523 - mylogger - INFO - -0.0366695
2017-05-08 17:56:27,523 - mylogger - INFO - 2014-01-17: No short!
2017-05-08 17:56:27,964 - mylogger - INFO - -0.0260749
2017-05-08 17:56:27,965 - mylogger - INFO - 2014-01-21: No short!
2017-05-08 17:56:28,307 - mylogger - INFO - -0.0305175
2017-05-08 17:56:28,308 - mylogger - INFO - 2014-01-22: No short!
2017-05-08 17:56:28,654 - mylogger - INFO - -0.0212119
2017-05-08 17:56:28,654 - mylogger - INFO - 2014-01-23: No short!
2017-05-08 17:56:29,098 - mylogger - INFO - -0.026228
2017-05-08 17:56:29,098 - mylogger - INFO - 2014-01-24: No short!
2017-05-08 17:56:29,446 - mylogger - INFO - -0.0300141
2017-05-08 17:56:29,446 - mylogger - INFO - 2014-01-27: No short!
2017-05-08 17:56:29,796 - mylogger - INFO - -0.0181744
2017-05-08 17:56:29,796 - mylogger - INFO - 2014-01-28: No short!
2017-05-08 17:56:30,141 - mylogger - INFO - -0.0136208
2017-05-08 17:56:30,141 - mylogger - INFO - 2014-01-29: No short!
2017-05-08 17:56:30,581 - mylogger - INFO - -0.0183404
2017-05-08 17:56:30,581 - mylogger - INFO - 2014-01-30: No short!
2017-05-08 17:56:30,930 - mylogger - INFO - -0.0193648
2017-05-08 17:56:30,930 - mylogger - INFO - 2014-01-31: No short!
2017-05-08 17:56:31,277 - mylogger - INFO - -0.00366375
2017-05-08 17:56:31,277 - mylogger - INFO - 2014-02-03: No short!
2017-05-08 17:56:31,717 - mylogger - INFO - -0.0198974
2017-05-08 17:56:31,718 - mylogger - INFO - 2014-02-04: No short!
2017-05-08 17:56:32,065 - mylogger - INFO - -0.0204498
2017-05-08 17:56:32,066 - mylogger - INFO - 2014-02-05: No short!
2017-05-08 17:56:32,483 - mylogger - INFO - -0.0263436
2017-05-08 17:56:32,484 - mylogger - INFO - 2014-02-06: No short!
2017-05-08 17:56:32,966 - mylogger - INFO - -0.00953638
2017-05-08 17:56:32,966 - mylogger - INFO - 2014-02-07: No short!
2017-05-08 17:56:33,296 - mylogger - INFO - -0.0192057
2017-05-08 17:56:33,296 - mylogger - INFO - 2014-02-10: No short!
2017-05-08 17:56:33,636 - mylogger - INFO - -0.00928869
2017-05-08 17:56:33,637 - mylogger - INFO - 2014-02-11: No short!
2017-05-08 17:56:34,077 - mylogger - INFO - -0.0260555
2017-05-08 17:56:34,078 - mylogger - INFO - 2014-02-12: No short!
2017-05-08 17:56:34,418 - mylogger - INFO - -0.0245102
2017-05-08 17:56:34,419 - mylogger - INFO - 2014-02-13: No short!
2017-05-08 17:56:34,756 - mylogger - INFO - -0.0377638
2017-05-08 17:56:34,756 - mylogger - INFO - 2014-02-14: No short!
2017-05-08 17:56:35,108 - mylogger - INFO - -0.0383926
2017-05-08 17:56:35,108 - mylogger - INFO - 2014-02-18: No short!
2017-05-08 17:56:35,546 - mylogger - INFO - -0.0369275
2017-05-08 17:56:35,546 - mylogger - INFO - 2014-02-19: No short!
2017-05-08 17:56:35,887 - mylogger - INFO - -0.0488394
2017-05-08 17:56:35,887 - mylogger - INFO - 2014-02-20: No short!
2017-05-08 17:56:36,228 - mylogger - INFO - -0.0369766
2017-05-08 17:56:36,228 - mylogger - INFO - 2014-02-21: No short!
2017-05-08 17:56:36,669 - mylogger - INFO - -0.0243545
2017-05-08 17:56:36,669 - mylogger - INFO - 2014-02-24: No short!
2017-05-08 17:56:37,001 - mylogger - INFO - -0.0227613
2017-05-08 17:56:37,001 - mylogger - INFO - 2014-02-25: No short!
2017-05-08 17:56:37,342 - mylogger - INFO - -0.0374065
2017-05-08 17:56:37,342 - mylogger - INFO - 2014-02-26: No short!
2017-05-08 17:56:37,785 - mylogger - INFO - -0.0247935
2017-05-08 17:56:37,785 - mylogger - INFO - 2014-02-27: No short!
2017-05-08 17:56:38,125 - mylogger - INFO - -0.0199396
2017-05-08 17:56:38,126 - mylogger - INFO - 2014-02-28: No short!
2017-05-08 17:56:38,454 - mylogger - INFO - -0.0286855
2017-05-08 17:56:38,454 - mylogger - INFO - 2014-03-03: No short!
2017-05-08 17:56:38,890 - mylogger - INFO - -0.0296025
2017-05-08 17:56:38,890 - mylogger - INFO - 2014-03-04: No short!
2017-05-08 17:56:39,234 - mylogger - INFO - -0.0295482
2017-05-08 17:56:39,234 - mylogger - INFO - 2014-03-05: No short!
2017-05-08 17:56:39,597 - mylogger - INFO - -0.0334424
2017-05-08 17:56:39,597 - mylogger - INFO - 2014-03-06: No short!
2017-05-08 17:56:39,932 - mylogger - INFO - -0.0298479
2017-05-08 17:56:39,932 - mylogger - INFO - 2014-03-07: No short!
2017-05-08 17:56:40,385 - mylogger - INFO - -0.0435291
2017-05-08 17:56:40,385 - mylogger - INFO - 2014-03-10: No short!
2017-05-08 17:56:40,740 - mylogger - INFO - -0.0316177
2017-05-08 17:56:40,740 - mylogger - INFO - 2014-03-11: No short!
2017-05-08 17:56:41,091 - mylogger - INFO - -0.0252363
2017-05-08 17:56:41,091 - mylogger - INFO - 2014-03-12: No short!
2017-05-08 17:56:41,532 - mylogger - INFO - -0.0282544
2017-05-08 17:56:41,533 - mylogger - INFO - 2014-03-13: No short!
2017-05-08 17:56:41,877 - mylogger - INFO - -0.0361689
2017-05-08 17:56:41,878 - mylogger - INFO - 2014-03-14: No short!
2017-05-08 17:56:42,236 - mylogger - INFO - -0.0353204
2017-05-08 17:56:42,236 - mylogger - INFO - 2014-03-17: No short!
2017-05-08 17:56:42,717 - mylogger - INFO - -0.00742301
2017-05-08 17:56:42,718 - mylogger - INFO - 2014-03-18: No short!
2017-05-08 17:56:43,059 - mylogger - INFO - -0.0211406
2017-05-08 17:56:43,060 - mylogger - INFO - 2014-03-19: No short!
2017-05-08 17:56:43,414 - mylogger - INFO - -0.0429631
2017-05-08 17:56:43,414 - mylogger - INFO - 2014-03-20: No short!
2017-05-08 17:56:43,884 - mylogger - INFO - -0.0230131
2017-05-08 17:56:43,885 - mylogger - INFO - 2014-03-21: No short!
2017-05-08 17:56:44,233 - mylogger - INFO - -0.0119166
2017-05-08 17:56:44,233 - mylogger - INFO - 2014-03-24: No short!
2017-05-08 17:56:44,566 - mylogger - INFO - -0.0085832
2017-05-08 17:56:44,566 - mylogger - INFO - 2014-03-25: No short!
2017-05-08 17:56:44,920 - mylogger - INFO - -0.0124923
2017-05-08 17:56:44,920 - mylogger - INFO - 2014-03-26: No short!
2017-05-08 17:56:45,543 - mylogger - INFO - -0.00110431
2017-05-08 17:56:45,544 - mylogger - INFO - 2014-03-27: No short!
2017-05-08 17:56:45,892 - mylogger - INFO - -0.0201532
2017-05-08 17:56:45,892 - mylogger - INFO - 2014-03-28: No short!
2017-05-08 17:56:46,238 - mylogger - INFO - -0.0162005
2017-05-08 17:56:46,238 - mylogger - INFO - 2014-03-31: No short!
2017-05-08 17:56:46,735 - mylogger - INFO - -0.00705268
2017-05-08 17:56:46,735 - mylogger - INFO - 2014-04-01: No short!
2017-05-08 17:56:47,153 - mylogger - INFO - -0.00170535
2017-05-08 17:56:47,153 - mylogger - INFO - 2014-04-02: No short!
2017-05-08 17:56:47,569 - mylogger - INFO - -0.0181087
2017-05-08 17:56:47,570 - mylogger - INFO - 2014-04-03: No short!
2017-05-08 17:56:47,999 - mylogger - INFO - -0.00950605
2017-05-08 17:56:48,000 - mylogger - INFO - 2014-04-04: No short!
2017-05-08 17:56:48,348 - mylogger - INFO - -0.0169082
2017-05-08 17:56:48,348 - mylogger - INFO - 2014-04-07: No short!
2017-05-08 17:56:48,673 - mylogger - INFO - -0.00868436
2017-05-08 17:56:48,674 - mylogger - INFO - 2014-04-08: No short!
2017-05-08 17:56:49,101 - mylogger - INFO - -0.0117685
2017-05-08 17:56:49,101 - mylogger - INFO - 2014-04-09: No short!
2017-05-08 17:56:49,452 - mylogger - INFO - -0.0124621
2017-05-08 17:56:49,452 - mylogger - INFO - 2014-04-10: No short!
2017-05-08 17:56:49,807 - mylogger - INFO - -0.0113008
2017-05-08 17:56:49,807 - mylogger - INFO - 2014-04-11: No short!
2017-05-08 17:56:50,148 - mylogger - INFO - 0.000391293
2017-05-08 17:56:50,149 - mylogger - INFO - 2014-04-14: hold
2017-05-08 17:56:50,619 - mylogger - INFO - -0.0129433
2017-05-08 17:56:50,620 - mylogger - INFO - 2014-04-15: No short!
2017-05-08 17:56:51,016 - mylogger - INFO - -0.012461
2017-05-08 17:56:51,016 - mylogger - INFO - 2014-04-16: No short!
2017-05-08 17:56:51,392 - mylogger - INFO - -0.0153161
2017-05-08 17:56:51,392 - mylogger - INFO - 2014-04-17: No short!
2017-05-08 17:56:51,886 - mylogger - INFO - -0.0205816
2017-05-08 17:56:51,887 - mylogger - INFO - 2014-04-21: No short!
2017-05-08 17:56:52,229 - mylogger - INFO - -0.0118649
2017-05-08 17:56:52,229 - mylogger - INFO - 2014-04-22: No short!
2017-05-08 17:56:52,569 - mylogger - INFO - -0.0167732
2017-05-08 17:56:52,569 - mylogger - INFO - 2014-04-23: No short!
2017-05-08 17:56:53,026 - mylogger - INFO - -0.0173265
2017-05-08 17:56:53,026 - mylogger - INFO - 2014-04-24: No short!
2017-05-08 17:56:53,381 - mylogger - INFO - -0.0180068
2017-05-08 17:56:53,382 - mylogger - INFO - 2014-04-25: No short!
2017-05-08 17:56:53,717 - mylogger - INFO - -0.0247334
2017-05-08 17:56:53,718 - mylogger - INFO - 2014-04-28: No short!
2017-05-08 17:56:54,163 - mylogger - INFO - -0.0117537
2017-05-08 17:56:54,163 - mylogger - INFO - 2014-04-29: No short!
2017-05-08 17:56:54,503 - mylogger - INFO - -0.0250131
2017-05-08 17:56:54,503 - mylogger - INFO - 2014-04-30: No short!
2017-05-08 17:56:54,847 - mylogger - INFO - -0.0107603
2017-05-08 17:56:54,847 - mylogger - INFO - 2014-05-01: No short!
2017-05-08 17:56:55,180 - mylogger - INFO - -0.0186383
2017-05-08 17:56:55,180 - mylogger - INFO - 2014-05-02: No short!
2017-05-08 17:56:55,658 - mylogger - INFO - -0.00264082
2017-05-08 17:56:55,659 - mylogger - INFO - 2014-05-05: No short!
2017-05-08 17:56:56,019 - mylogger - INFO - -0.03124
2017-05-08 17:56:56,019 - mylogger - INFO - 2014-05-06: No short!
2017-05-08 17:56:56,388 - mylogger - INFO - -0.0284569
2017-05-08 17:56:56,388 - mylogger - INFO - 2014-05-07: No short!
2017-05-08 17:56:56,840 - mylogger - INFO - -0.0137312
2017-05-08 17:56:56,840 - mylogger - INFO - 2014-05-08: No short!
2017-05-08 17:56:57,172 - mylogger - INFO - -0.0366964
2017-05-08 17:56:57,172 - mylogger - INFO - 2014-05-09: No short!
2017-05-08 17:56:57,500 - mylogger - INFO - -0.00954056
2017-05-08 17:56:57,501 - mylogger - INFO - 2014-05-12: No short!
2017-05-08 17:56:57,924 - mylogger - INFO - -0.00833936
2017-05-08 17:56:57,924 - mylogger - INFO - 2014-05-13: No short!
2017-05-08 17:56:58,262 - mylogger - INFO - -0.0103452
2017-05-08 17:56:58,262 - mylogger - INFO - 2014-05-14: No short!
2017-05-08 17:56:58,591 - mylogger - INFO - -0.0138992
2017-05-08 17:56:58,592 - mylogger - INFO - 2014-05-15: No short!
2017-05-08 17:56:59,030 - mylogger - INFO - -0.00505227
2017-05-08 17:56:59,030 - mylogger - INFO - 2014-05-16: No short!
2017-05-08 17:56:59,361 - mylogger - INFO - -0.013327
2017-05-08 17:56:59,361 - mylogger - INFO - 2014-05-19: No short!
2017-05-08 17:56:59,702 - mylogger - INFO - 0.00434544
2017-05-08 17:56:59,703 - mylogger - INFO - 2014-05-20: hold
2017-05-08 17:57:00,039 - mylogger - INFO - 0.00503666
2017-05-08 17:57:00,040 - mylogger - INFO - 2014-05-21: buy
2017-05-08 17:57:00,040 - mylogger - INFO - 100000.0
2017-05-08 17:57:00,481 - mylogger - INFO - -0.0033674
2017-05-08 17:57:00,483 - mylogger - INFO - 2014-05-22: sell
2017-05-08 17:57:00,822 - mylogger - INFO - 0.0104591
2017-05-08 17:57:00,823 - mylogger - INFO - 2014-05-23: buy
2017-05-08 17:57:00,823 - mylogger - INFO - 99937.5084997
2017-05-08 17:57:01,156 - mylogger - INFO - 0.0146433
2017-05-08 17:57:01,157 - mylogger - INFO - 2014-05-27: No cover!
2017-05-08 17:57:01,592 - mylogger - INFO - -0.0155104
2017-05-08 17:57:01,594 - mylogger - INFO - 2014-05-28: sell
2017-05-08 17:57:01,935 - mylogger - INFO - -0.000291876
2017-05-08 17:57:01,935 - mylogger - INFO - 2014-05-29: No short!
2017-05-08 17:57:02,265 - mylogger - INFO - 0.0137489
2017-05-08 17:57:02,266 - mylogger - INFO - 2014-05-30: buy
2017-05-08 17:57:02,266 - mylogger - INFO - 100515.830411
2017-05-08 17:57:02,710 - mylogger - INFO - 0.00657351
2017-05-08 17:57:02,711 - mylogger - INFO - 2014-06-02: No cover!
2017-05-08 17:57:03,081 - mylogger - INFO - -0.03175
2017-05-08 17:57:03,082 - mylogger - INFO - 2014-06-03: sell
2017-05-08 17:57:03,435 - mylogger - INFO - -0.00885384
2017-05-08 17:57:03,435 - mylogger - INFO - 2014-06-04: No short!
2017-05-08 17:57:03,918 - mylogger - INFO - -0.0136253
2017-05-08 17:57:03,918 - mylogger - INFO - 2014-06-05: No short!
2017-05-08 17:57:04,276 - mylogger - INFO - -0.0213673
2017-05-08 17:57:04,276 - mylogger - INFO - 2014-06-06: No short!
2017-05-08 17:57:04,619 - mylogger - INFO - -0.012123
2017-05-08 17:57:04,619 - mylogger - INFO - 2014-06-09: No short!
2017-05-08 17:57:04,975 - mylogger - INFO - -0.0215488
2017-05-08 17:57:04,976 - mylogger - INFO - 2014-06-10: No short!
2017-05-08 17:57:05,427 - mylogger - INFO - -0.0153751
2017-05-08 17:57:05,427 - mylogger - INFO - 2014-06-11: No short!
2017-05-08 17:57:05,762 - mylogger - INFO - -0.0217786
2017-05-08 17:57:05,763 - mylogger - INFO - 2014-06-12: No short!
2017-05-08 17:57:06,118 - mylogger - INFO - -0.00302748
2017-05-08 17:57:06,118 - mylogger - INFO - 2014-06-13: No short!
2017-05-08 17:57:06,590 - mylogger - INFO - -0.0019299
2017-05-08 17:57:06,590 - mylogger - INFO - 2014-06-16: No short!
2017-05-08 17:57:06,949 - mylogger - INFO - -0.0176578
2017-05-08 17:57:06,949 - mylogger - INFO - 2014-06-17: No short!
2017-05-08 17:57:07,294 - mylogger - INFO - -0.00817283
2017-05-08 17:57:07,294 - mylogger - INFO - 2014-06-18: No short!
2017-05-08 17:57:07,744 - mylogger - INFO - -0.0180693
2017-05-08 17:57:07,745 - mylogger - INFO - 2014-06-19: No short!
2017-05-08 17:57:08,139 - mylogger - INFO - -0.0175224
2017-05-08 17:57:08,139 - mylogger - INFO - 2014-06-20: No short!
2017-05-08 17:57:08,483 - mylogger - INFO - -0.0106896
2017-05-08 17:57:08,483 - mylogger - INFO - 2014-06-23: No short!
2017-05-08 17:57:08,926 - mylogger - INFO - -0.0129235
2017-05-08 17:57:08,927 - mylogger - INFO - 2014-06-24: No short!
2017-05-08 17:57:09,265 - mylogger - INFO - -0.0326794
2017-05-08 17:57:09,266 - mylogger - INFO - 2014-06-25: No short!
2017-05-08 17:57:09,672 - mylogger - INFO - -0.00969588
2017-05-08 17:57:09,673 - mylogger - INFO - 2014-06-26: No short!
2017-05-08 17:57:10,102 - mylogger - INFO - -0.0183496
2017-05-08 17:57:10,102 - mylogger - INFO - 2014-06-27: No short!
2017-05-08 17:57:10,443 - mylogger - INFO - 0.00578242
2017-05-08 17:57:10,444 - mylogger - INFO - 2014-06-30: buy
2017-05-08 17:57:10,444 - mylogger - INFO - 99403.2213727
2017-05-08 17:57:10,787 - mylogger - INFO - -0.0235017
2017-05-08 17:57:10,788 - mylogger - INFO - 2014-07-01: sell
2017-05-08 17:57:11,126 - mylogger - INFO - -0.0327762
2017-05-08 17:57:11,126 - mylogger - INFO - 2014-07-02: No short!
2017-05-08 17:57:11,571 - mylogger - INFO - -0.0339987
2017-05-08 17:57:11,571 - mylogger - INFO - 2014-07-03: No short!
2017-05-08 17:57:11,912 - mylogger - INFO - -0.0187465
2017-05-08 17:57:11,912 - mylogger - INFO - 2014-07-07: No short!
2017-05-08 17:57:12,269 - mylogger - INFO - -0.0310541
2017-05-08 17:57:12,269 - mylogger - INFO - 2014-07-08: No short!
2017-05-08 17:57:12,726 - mylogger - INFO - -0.035542
2017-05-08 17:57:12,726 - mylogger - INFO - 2014-07-09: No short!
2017-05-08 17:57:13,064 - mylogger - INFO - -0.0437902
2017-05-08 17:57:13,064 - mylogger - INFO - 2014-07-10: No short!
2017-05-08 17:57:13,389 - mylogger - INFO - -0.0418773
2017-05-08 17:57:13,389 - mylogger - INFO - 2014-07-11: No short!
2017-05-08 17:57:13,845 - mylogger - INFO - -0.0518323
2017-05-08 17:57:13,846 - mylogger - INFO - 2014-07-14: No short!
2017-05-08 17:57:14,259 - mylogger - INFO - -0.0265356
2017-05-08 17:57:14,260 - mylogger - INFO - 2014-07-15: No short!
2017-05-08 17:57:14,642 - mylogger - INFO - -0.0259187
2017-05-08 17:57:14,642 - mylogger - INFO - 2014-07-16: No short!
2017-05-08 17:57:15,191 - mylogger - INFO - -0.0175139
2017-05-08 17:57:15,192 - mylogger - INFO - 2014-07-17: No short!
2017-05-08 17:57:15,521 - mylogger - INFO - -0.0274748
2017-05-08 17:57:15,522 - mylogger - INFO - 2014-07-18: No short!
2017-05-08 17:57:15,920 - mylogger - INFO - -0.021234
2017-05-08 17:57:15,920 - mylogger - INFO - 2014-07-21: No short!
2017-05-08 17:57:16,326 - mylogger - INFO - -0.00500174
2017-05-08 17:57:16,326 - mylogger - INFO - 2014-07-22: No short!
2017-05-08 17:57:16,777 - mylogger - INFO - -0.03846
2017-05-08 17:57:16,778 - mylogger - INFO - 2014-07-23: No short!
2017-05-08 17:57:17,143 - mylogger - INFO - -0.0234404
2017-05-08 17:57:17,144 - mylogger - INFO - 2014-07-24: No short!
2017-05-08 17:57:17,612 - mylogger - INFO - -0.0325571
2017-05-08 17:57:17,612 - mylogger - INFO - 2014-07-25: No short!
2017-05-08 17:57:18,079 - mylogger - INFO - -0.013203
2017-05-08 17:57:18,079 - mylogger - INFO - 2014-07-28: No short!
2017-05-08 17:57:18,426 - mylogger - INFO - -0.0185001
2017-05-08 17:57:18,426 - mylogger - INFO - 2014-07-29: No short!
2017-05-08 17:57:18,767 - mylogger - INFO - -0.00923469
2017-05-08 17:57:18,767 - mylogger - INFO - 2014-07-30: No short!
2017-05-08 17:57:19,199 - mylogger - INFO - -0.0193918
2017-05-08 17:57:19,200 - mylogger - INFO - 2014-07-31: No short!
2017-05-08 17:57:19,559 - mylogger - INFO - -0.00394612
2017-05-08 17:57:19,560 - mylogger - INFO - 2014-08-01: No short!
2017-05-08 17:57:19,893 - mylogger - INFO - -0.0163029
2017-05-08 17:57:19,893 - mylogger - INFO - 2014-08-04: No short!
2017-05-08 17:57:20,359 - mylogger - INFO - 0.00225741
2017-05-08 17:57:20,359 - mylogger - INFO - 2014-08-05: hold
2017-05-08 17:57:20,723 - mylogger - INFO - -0.00175812
2017-05-08 17:57:20,723 - mylogger - INFO - 2014-08-06: No short!
2017-05-08 17:57:21,089 - mylogger - INFO - -0.00803011
2017-05-08 17:57:21,089 - mylogger - INFO - 2014-08-07: No short!
2017-05-08 17:57:21,441 - mylogger - INFO - -0.0171593
2017-05-08 17:57:21,441 - mylogger - INFO - 2014-08-08: No short!
2017-05-08 17:57:21,908 - mylogger - INFO - -0.0163737
2017-05-08 17:57:21,908 - mylogger - INFO - 2014-08-11: No short!
2017-05-08 17:57:22,251 - mylogger - INFO - -0.00817864
2017-05-08 17:57:22,252 - mylogger - INFO - 2014-08-12: No short!
2017-05-08 17:57:22,605 - mylogger - INFO - 0.0079949
2017-05-08 17:57:22,606 - mylogger - INFO - 2014-08-13: buy
2017-05-08 17:57:22,606 - mylogger - INFO - 100135.301115
2017-05-08 17:57:23,142 - mylogger - INFO - 3.64838e-05
2017-05-08 17:57:23,142 - mylogger - INFO - 2014-08-14: hold
2017-05-08 17:57:23,483 - mylogger - INFO - -0.00902525
2017-05-08 17:57:23,484 - mylogger - INFO - 2014-08-15: sell
2017-05-08 17:57:23,814 - mylogger - INFO - -0.0187711
2017-05-08 17:57:23,814 - mylogger - INFO - 2014-08-18: No short!
2017-05-08 17:57:24,264 - mylogger - INFO - -0.0211639
2017-05-08 17:57:24,264 - mylogger - INFO - 2014-08-19: No short!
2017-05-08 17:57:24,614 - mylogger - INFO - -0.0243565
2017-05-08 17:57:24,614 - mylogger - INFO - 2014-08-20: No short!
2017-05-08 17:57:24,969 - mylogger - INFO - -0.0182248
2017-05-08 17:57:24,969 - mylogger - INFO - 2014-08-21: No short!
2017-05-08 17:57:25,427 - mylogger - INFO - -0.0243723
2017-05-08 17:57:25,427 - mylogger - INFO - 2014-08-22: No short!
2017-05-08 17:57:25,787 - mylogger - INFO - -0.0426881
2017-05-08 17:57:25,787 - mylogger - INFO - 2014-08-25: No short!
2017-05-08 17:57:26,123 - mylogger - INFO - -0.0216347
2017-05-08 17:57:26,123 - mylogger - INFO - 2014-08-26: No short!
2017-05-08 17:57:26,454 - mylogger - INFO - -0.0339422
2017-05-08 17:57:26,454 - mylogger - INFO - 2014-08-27: No short!
2017-05-08 17:57:26,918 - mylogger - INFO - -0.0168902
2017-05-08 17:57:26,918 - mylogger - INFO - 2014-08-28: No short!
2017-05-08 17:57:27,274 - mylogger - INFO - -0.0380681
2017-05-08 17:57:27,274 - mylogger - INFO - 2014-08-29: No short!
2017-05-08 17:57:27,684 - mylogger - INFO - -0.029238
2017-05-08 17:57:27,684 - mylogger - INFO - 2014-09-02: No short!
2017-05-08 17:57:28,168 - mylogger - INFO - -0.0252487
2017-05-08 17:57:28,168 - mylogger - INFO - 2014-09-03: No short!
2017-05-08 17:57:28,534 - mylogger - INFO - -0.0257685
2017-05-08 17:57:28,534 - mylogger - INFO - 2014-09-04: No short!
2017-05-08 17:57:28,858 - mylogger - INFO - -0.0277861
2017-05-08 17:57:28,859 - mylogger - INFO - 2014-09-05: No short!
2017-05-08 17:57:29,320 - mylogger - INFO - -0.0235383
2017-05-08 17:57:29,321 - mylogger - INFO - 2014-09-08: No short!
2017-05-08 17:57:29,663 - mylogger - INFO - -0.0285034
2017-05-08 17:57:29,663 - mylogger - INFO - 2014-09-09: No short!
2017-05-08 17:57:29,995 - mylogger - INFO - -0.00863126
2017-05-08 17:57:29,995 - mylogger - INFO - 2014-09-10: No short!
2017-05-08 17:57:30,434 - mylogger - INFO - -0.0153815
2017-05-08 17:57:30,435 - mylogger - INFO - 2014-09-11: No short!
2017-05-08 17:57:30,755 - mylogger - INFO - -0.0302361
2017-05-08 17:57:30,755 - mylogger - INFO - 2014-09-12: No short!
2017-05-08 17:57:31,096 - mylogger - INFO - -0.0106254
2017-05-08 17:57:31,097 - mylogger - INFO - 2014-09-15: No short!
2017-05-08 17:57:31,420 - mylogger - INFO - -0.0120824
2017-05-08 17:57:31,420 - mylogger - INFO - 2014-09-16: No short!
2017-05-08 17:57:31,859 - mylogger - INFO - -0.0163236
2017-05-08 17:57:31,859 - mylogger - INFO - 2014-09-17: No short!
2017-05-08 17:57:32,188 - mylogger - INFO - -0.0178184
2017-05-08 17:57:32,188 - mylogger - INFO - 2014-09-18: No short!
2017-05-08 17:57:32,523 - mylogger - INFO - -0.0154419
2017-05-08 17:57:32,523 - mylogger - INFO - 2014-09-19: No short!
2017-05-08 17:57:32,979 - mylogger - INFO - -0.0111636
2017-05-08 17:57:32,979 - mylogger - INFO - 2014-09-22: No short!
2017-05-08 17:57:33,314 - mylogger - INFO - -0.0194438
2017-05-08 17:57:33,314 - mylogger - INFO - 2014-09-23: No short!
2017-05-08 17:57:33,644 - mylogger - INFO - -0.00726478
2017-05-08 17:57:33,644 - mylogger - INFO - 2014-09-24: No short!
2017-05-08 17:57:34,093 - mylogger - INFO - -0.0131437
2017-05-08 17:57:34,094 - mylogger - INFO - 2014-09-25: No short!
2017-05-08 17:57:34,422 - mylogger - INFO - -0.0248746
2017-05-08 17:57:34,422 - mylogger - INFO - 2014-09-26: No short!
2017-05-08 17:57:34,768 - mylogger - INFO - -0.0118173
2017-05-08 17:57:34,768 - mylogger - INFO - 2014-09-29: No short!
2017-05-08 17:57:35,227 - mylogger - INFO - -0.0184262
2017-05-08 17:57:35,227 - mylogger - INFO - 2014-09-30: No short!
2017-05-08 17:57:35,563 - mylogger - INFO - -0.0218886
2017-05-08 17:57:35,563 - mylogger - INFO - 2014-10-01: No short!
2017-05-08 17:57:35,904 - mylogger - INFO - -0.0299237
2017-05-08 17:57:35,904 - mylogger - INFO - 2014-10-02: No short!
2017-05-08 17:57:36,238 - mylogger - INFO - -0.0285009
2017-05-08 17:57:36,238 - mylogger - INFO - 2014-10-03: No short!
2017-05-08 17:57:36,673 - mylogger - INFO - -0.0206422
2017-05-08 17:57:36,673 - mylogger - INFO - 2014-10-06: No short!
2017-05-08 17:57:37,012 - mylogger - INFO - -0.0427796
2017-05-08 17:57:37,012 - mylogger - INFO - 2014-10-07: No short!
2017-05-08 17:57:37,352 - mylogger - INFO - -0.00984778
2017-05-08 17:57:37,352 - mylogger - INFO - 2014-10-08: No short!
2017-05-08 17:57:37,815 - mylogger - INFO - -0.0342225
2017-05-08 17:57:37,815 - mylogger - INFO - 2014-10-09: No short!
2017-05-08 17:57:38,149 - mylogger - INFO - -0.0203967
2017-05-08 17:57:38,149 - mylogger - INFO - 2014-10-10: No short!
2017-05-08 17:57:38,481 - mylogger - INFO - -0.0140564
2017-05-08 17:57:38,481 - mylogger - INFO - 2014-10-13: No short!
2017-05-08 17:57:38,918 - mylogger - INFO - -0.0143428
2017-05-08 17:57:38,918 - mylogger - INFO - 2014-10-14: No short!
2017-05-08 17:57:39,261 - mylogger - INFO - -0.0148759
2017-05-08 17:57:39,261 - mylogger - INFO - 2014-10-15: No short!
2017-05-08 17:57:39,580 - mylogger - INFO - -0.0141293
2017-05-08 17:57:39,580 - mylogger - INFO - 2014-10-16: No short!
2017-05-08 17:57:40,011 - mylogger - INFO - -0.0320486
2017-05-08 17:57:40,012 - mylogger - INFO - 2014-10-17: No short!
2017-05-08 17:57:40,337 - mylogger - INFO - -0.0299227
2017-05-08 17:57:40,338 - mylogger - INFO - 2014-10-20: No short!
2017-05-08 17:57:40,654 - mylogger - INFO - -0.023767
2017-05-08 17:57:40,654 - mylogger - INFO - 2014-10-21: No short!
2017-05-08 17:57:41,092 - mylogger - INFO - -0.0140573
2017-05-08 17:57:41,093 - mylogger - INFO - 2014-10-22: No short!
2017-05-08 17:57:41,422 - mylogger - INFO - -0.01291
2017-05-08 17:57:41,422 - mylogger - INFO - 2014-10-23: No short!
2017-05-08 17:57:41,854 - mylogger - INFO - -0.0127184
2017-05-08 17:57:41,855 - mylogger - INFO - 2014-10-24: No short!
2017-05-08 17:57:42,203 - mylogger - INFO - -0.019091
2017-05-08 17:57:42,203 - mylogger - INFO - 2014-10-27: No short!
2017-05-08 17:57:42,643 - mylogger - INFO - -0.0178947
2017-05-08 17:57:42,643 - mylogger - INFO - 2014-10-28: No short!
2017-05-08 17:57:42,996 - mylogger - INFO - -0.0246975
2017-05-08 17:57:42,996 - mylogger - INFO - 2014-10-29: No short!
2017-05-08 17:57:43,340 - mylogger - INFO - -0.0156638
2017-05-08 17:57:43,340 - mylogger - INFO - 2014-10-30: No short!
2017-05-08 17:57:43,773 - mylogger - INFO - -0.0108371
2017-05-08 17:57:43,773 - mylogger - INFO - 2014-10-31: No short!
2017-05-08 17:57:44,143 - mylogger - INFO - -0.0151985
2017-05-08 17:57:44,144 - mylogger - INFO - 2014-11-03: No short!
2017-05-08 17:57:44,463 - mylogger - INFO - -0.0114202
2017-05-08 17:57:44,464 - mylogger - INFO - 2014-11-04: No short!
2017-05-08 17:57:44,889 - mylogger - INFO - -0.0187742
2017-05-08 17:57:44,889 - mylogger - INFO - 2014-11-05: No short!
2017-05-08 17:57:45,216 - mylogger - INFO - -0.0103315
2017-05-08 17:57:45,217 - mylogger - INFO - 2014-11-06: No short!
2017-05-08 17:57:45,534 - mylogger - INFO - 0.00380422
2017-05-08 17:57:45,534 - mylogger - INFO - 2014-11-07: hold
2017-05-08 17:57:45,967 - mylogger - INFO - -0.0119071
2017-05-08 17:57:45,968 - mylogger - INFO - 2014-11-10: No short!
2017-05-08 17:57:46,285 - mylogger - INFO - -0.0024694
2017-05-08 17:57:46,285 - mylogger - INFO - 2014-11-11: No short!
2017-05-08 17:57:46,613 - mylogger - INFO - -0.00610201
2017-05-08 17:57:46,614 - mylogger - INFO - 2014-11-12: No short!
2017-05-08 17:57:47,043 - mylogger - INFO - -0.00316164
2017-05-08 17:57:47,043 - mylogger - INFO - 2014-11-13: No short!
2017-05-08 17:57:47,370 - mylogger - INFO - -0.0197585
2017-05-08 17:57:47,371 - mylogger - INFO - 2014-11-14: No short!
2017-05-08 17:57:47,692 - mylogger - INFO - -0.015899
2017-05-08 17:57:47,693 - mylogger - INFO - 2014-11-17: No short!
2017-05-08 17:57:48,019 - mylogger - INFO - -0.0236838
2017-05-08 17:57:48,020 - mylogger - INFO - 2014-11-18: No short!
2017-05-08 17:57:48,468 - mylogger - INFO - -0.016553
2017-05-08 17:57:48,469 - mylogger - INFO - 2014-11-19: No short!
2017-05-08 17:57:48,825 - mylogger - INFO - -0.0181548
2017-05-08 17:57:48,825 - mylogger - INFO - 2014-11-20: No short!
2017-05-08 17:57:49,142 - mylogger - INFO - -0.0235892
2017-05-08 17:57:49,142 - mylogger - INFO - 2014-11-21: No short!
2017-05-08 17:57:49,598 - mylogger - INFO - -0.0159949
2017-05-08 17:57:49,598 - mylogger - INFO - 2014-11-24: No short!
2017-05-08 17:57:49,925 - mylogger - INFO - -0.0179149
2017-05-08 17:57:49,925 - mylogger - INFO - 2014-11-25: No short!
2017-05-08 17:57:50,253 - mylogger - INFO - 0.000468987
2017-05-08 17:57:50,253 - mylogger - INFO - 2014-11-26: hold
2017-05-08 17:57:50,688 - mylogger - INFO - -0.0151062
2017-05-08 17:57:50,688 - mylogger - INFO - 2014-11-28: No short!
2017-05-08 17:57:51,020 - mylogger - INFO - -0.00729997
2017-05-08 17:57:51,020 - mylogger - INFO - 2014-12-01: No short!
2017-05-08 17:57:51,347 - mylogger - INFO - -0.010942
2017-05-08 17:57:51,348 - mylogger - INFO - 2014-12-02: No short!
2017-05-08 17:57:51,778 - mylogger - INFO - -0.014376
2017-05-08 17:57:51,779 - mylogger - INFO - 2014-12-03: No short!
2017-05-08 17:57:52,102 - mylogger - INFO - -0.0147404
2017-05-08 17:57:52,102 - mylogger - INFO - 2014-12-04: No short!
2017-05-08 17:57:52,425 - mylogger - INFO - -0.0132644
2017-05-08 17:57:52,426 - mylogger - INFO - 2014-12-05: No short!
2017-05-08 17:57:52,751 - mylogger - INFO - -0.020228
2017-05-08 17:57:52,751 - mylogger - INFO - 2014-12-08: No short!
2017-05-08 17:57:53,185 - mylogger - INFO - -0.0173398
2017-05-08 17:57:53,185 - mylogger - INFO - 2014-12-09: No short!
2017-05-08 17:57:53,526 - mylogger - INFO - 0.00042682
2017-05-08 17:57:53,527 - mylogger - INFO - 2014-12-10: hold
2017-05-08 17:57:53,853 - mylogger - INFO - -0.0262211
2017-05-08 17:57:53,853 - mylogger - INFO - 2014-12-11: No short!
2017-05-08 17:57:54,278 - mylogger - INFO - -0.0144343
2017-05-08 17:57:54,278 - mylogger - INFO - 2014-12-12: No short!
2017-05-08 17:57:54,597 - mylogger - INFO - -0.00212293
2017-05-08 17:57:54,598 - mylogger - INFO - 2014-12-15: No short!
2017-05-08 17:57:54,953 - mylogger - INFO - -0.0278472
2017-05-08 17:57:54,953 - mylogger - INFO - 2014-12-16: No short!
2017-05-08 17:57:55,389 - mylogger - INFO - -0.0262612
2017-05-08 17:57:55,390 - mylogger - INFO - 2014-12-17: No short!
2017-05-08 17:57:55,718 - mylogger - INFO - -0.0257103
2017-05-08 17:57:55,718 - mylogger - INFO - 2014-12-18: No short!
2017-05-08 17:57:56,037 - mylogger - INFO - -0.01607
2017-05-08 17:57:56,037 - mylogger - INFO - 2014-12-19: No short!
2017-05-08 17:57:56,496 - mylogger - INFO - -0.0165483
2017-05-08 17:57:56,497 - mylogger - INFO - 2014-12-22: No short!
2017-05-08 17:57:56,818 - mylogger - INFO - -0.0278467
2017-05-08 17:57:56,818 - mylogger - INFO - 2014-12-23: No short!
2017-05-08 17:57:57,150 - mylogger - INFO - -0.0360695
2017-05-08 17:57:57,150 - mylogger - INFO - 2014-12-24: No short!
2017-05-08 17:57:57,478 - mylogger - INFO - -0.0321387
2017-05-08 17:57:57,478 - mylogger - INFO - 2014-12-26: No short!
2017-05-08 17:57:57,926 - mylogger - INFO - -0.0208395
2017-05-08 17:57:57,926 - mylogger - INFO - 2014-12-29: No short!
2017-05-08 17:57:58,249 - mylogger - INFO - -0.0258871
2017-05-08 17:57:58,249 - mylogger - INFO - 2014-12-30: No short!
2017-05-08 17:57:58,607 - mylogger - INFO - -0.0147855
2017-05-08 17:57:58,608 - mylogger - INFO - 2014-12-31: No short!
2017-05-08 17:57:59,029 - mylogger - INFO - -0.030176
2017-05-08 17:57:59,029 - mylogger - INFO - 2015-01-02: No short!
2017-05-08 17:57:59,361 - mylogger - INFO - -0.0163318
2017-05-08 17:57:59,361 - mylogger - INFO - 2015-01-05: No short!
2017-05-08 17:57:59,695 - mylogger - INFO - -0.00549117
2017-05-08 17:57:59,695 - mylogger - INFO - 2015-01-06: No short!
2017-05-08 17:58:00,146 - mylogger - INFO - -0.0293571
2017-05-08 17:58:00,147 - mylogger - INFO - 2015-01-07: No short!
2017-05-08 17:58:00,508 - mylogger - INFO - -0.0102479
2017-05-08 17:58:00,509 - mylogger - INFO - 2015-01-08: No short!
2017-05-08 17:58:00,900 - mylogger - INFO - -0.0315683
2017-05-08 17:58:00,900 - mylogger - INFO - 2015-01-09: No short!
2017-05-08 17:58:01,348 - mylogger - INFO - -0.0236819
2017-05-08 17:58:01,349 - mylogger - INFO - 2015-01-12: No short!
2017-05-08 17:58:01,679 - mylogger - INFO - -0.0235056
2017-05-08 17:58:01,679 - mylogger - INFO - 2015-01-13: No short!
2017-05-08 17:58:02,026 - mylogger - INFO - -0.0365806
2017-05-08 17:58:02,026 - mylogger - INFO - 2015-01-14: No short!
2017-05-08 17:58:02,371 - mylogger - INFO - -0.0429363
2017-05-08 17:58:02,371 - mylogger - INFO - 2015-01-15: No short!
2017-05-08 17:58:02,796 - mylogger - INFO - -0.0402293
2017-05-08 17:58:02,796 - mylogger - INFO - 2015-01-16: No short!
2017-05-08 17:58:03,115 - mylogger - INFO - -0.0449621
2017-05-08 17:58:03,116 - mylogger - INFO - 2015-01-20: No short!
2017-05-08 17:58:03,493 - mylogger - INFO - -0.0206718
2017-05-08 17:58:03,493 - mylogger - INFO - 2015-01-21: No short!
2017-05-08 17:58:03,919 - mylogger - INFO - -0.0220097
2017-05-08 17:58:03,919 - mylogger - INFO - 2015-01-22: No short!
2017-05-08 17:58:04,251 - mylogger - INFO - -0.0351505
2017-05-08 17:58:04,251 - mylogger - INFO - 2015-01-23: No short!
2017-05-08 17:58:04,570 - mylogger - INFO - -0.0215444
2017-05-08 17:58:04,570 - mylogger - INFO - 2015-01-26: No short!
2017-05-08 17:58:05,007 - mylogger - INFO - -0.0310055
2017-05-08 17:58:05,007 - mylogger - INFO - 2015-01-27: No short!
2017-05-08 17:58:05,336 - mylogger - INFO - -0.0215227
2017-05-08 17:58:05,337 - mylogger - INFO - 2015-01-28: No short!
2017-05-08 17:58:05,682 - mylogger - INFO - -0.0127523
2017-05-08 17:58:05,683 - mylogger - INFO - 2015-01-29: No short!
2017-05-08 17:58:06,171 - mylogger - INFO - -0.0194646
2017-05-08 17:58:06,172 - mylogger - INFO - 2015-01-30: No short!
2017-05-08 17:58:06,511 - mylogger - INFO - -0.0302621
2017-05-08 17:58:06,511 - mylogger - INFO - 2015-02-02: No short!
2017-05-08 17:58:06,866 - mylogger - INFO - -0.0320431
2017-05-08 17:58:06,866 - mylogger - INFO - 2015-02-03: No short!
2017-05-08 17:58:07,215 - mylogger - INFO - -0.0244659
2017-05-08 17:58:07,215 - mylogger - INFO - 2015-02-04: No short!
2017-05-08 17:58:07,672 - mylogger - INFO - -0.0177316
2017-05-08 17:58:07,673 - mylogger - INFO - 2015-02-05: No short!
2017-05-08 17:58:08,003 - mylogger - INFO - -0.0195477
2017-05-08 17:58:08,003 - mylogger - INFO - 2015-02-06: No short!
2017-05-08 17:58:08,362 - mylogger - INFO - -0.0131559
2017-05-08 17:58:08,362 - mylogger - INFO - 2015-02-09: No short!
2017-05-08 17:58:08,803 - mylogger - INFO - -0.0284614
2017-05-08 17:58:08,803 - mylogger - INFO - 2015-02-10: No short!
2017-05-08 17:58:09,161 - mylogger - INFO - -0.0167555
2017-05-08 17:58:09,162 - mylogger - INFO - 2015-02-11: No short!
2017-05-08 17:58:09,516 - mylogger - INFO - -0.0177686
2017-05-08 17:58:09,517 - mylogger - INFO - 2015-02-12: No short!
2017-05-08 17:58:10,125 - mylogger - INFO - -0.0202829
2017-05-08 17:58:10,125 - mylogger - INFO - 2015-02-13: No short!
2017-05-08 17:58:10,491 - mylogger - INFO - -0.0161059
2017-05-08 17:58:10,491 - mylogger - INFO - 2015-02-17: No short!
2017-05-08 17:58:10,838 - mylogger - INFO - -0.004811
2017-05-08 17:58:10,839 - mylogger - INFO - 2015-02-18: No short!
2017-05-08 17:58:11,284 - mylogger - INFO - -0.0196144
2017-05-08 17:58:11,284 - mylogger - INFO - 2015-02-19: No short!
2017-05-08 17:58:11,629 - mylogger - INFO - -0.0132692
2017-05-08 17:58:11,629 - mylogger - INFO - 2015-02-20: No short!
2017-05-08 17:58:11,972 - mylogger - INFO - -0.0226027
2017-05-08 17:58:11,972 - mylogger - INFO - 2015-02-23: No short!
2017-05-08 17:58:12,297 - mylogger - INFO - -0.0214874
2017-05-08 17:58:12,298 - mylogger - INFO - 2015-02-24: No short!
2017-05-08 17:58:12,767 - mylogger - INFO - -0.0233796
2017-05-08 17:58:12,768 - mylogger - INFO - 2015-02-25: No short!
2017-05-08 17:58:13,118 - mylogger - INFO - -0.0166934
2017-05-08 17:58:13,119 - mylogger - INFO - 2015-02-26: No short!
2017-05-08 17:58:13,438 - mylogger - INFO - -0.0242294
2017-05-08 17:58:13,438 - mylogger - INFO - 2015-02-27: No short!
2017-05-08 17:58:13,890 - mylogger - INFO - -0.0180686
2017-05-08 17:58:13,891 - mylogger - INFO - 2015-03-02: No short!
2017-05-08 17:58:14,218 - mylogger - INFO - -0.0224655
2017-05-08 17:58:14,219 - mylogger - INFO - 2015-03-03: No short!
2017-05-08 17:58:14,569 - mylogger - INFO - -0.0342392
2017-05-08 17:58:14,569 - mylogger - INFO - 2015-03-04: No short!
2017-05-08 17:58:15,002 - mylogger - INFO - -0.0423008
2017-05-08 17:58:15,003 - mylogger - INFO - 2015-03-05: No short!
2017-05-08 17:58:15,348 - mylogger - INFO - -0.0350788
2017-05-08 17:58:15,348 - mylogger - INFO - 2015-03-06: No short!
2017-05-08 17:58:15,678 - mylogger - INFO - -0.0160935
2017-05-08 17:58:15,678 - mylogger - INFO - 2015-03-09: No short!
2017-05-08 17:58:16,186 - mylogger - INFO - -0.00583445
2017-05-08 17:58:16,186 - mylogger - INFO - 2015-03-10: No short!
2017-05-08 17:58:16,573 - mylogger - INFO - -0.0250713
2017-05-08 17:58:16,574 - mylogger - INFO - 2015-03-11: No short!
2017-05-08 17:58:17,086 - mylogger - INFO - -0.0179799
2017-05-08 17:58:17,088 - mylogger - INFO - 2015-03-12: No short!
2017-05-08 17:58:17,423 - mylogger - INFO - -0.0131557
2017-05-08 17:58:17,424 - mylogger - INFO - 2015-03-13: No short!
2017-05-08 17:58:17,856 - mylogger - INFO - -0.0217651
2017-05-08 17:58:17,856 - mylogger - INFO - 2015-03-16: No short!
2017-05-08 17:58:18,257 - mylogger - INFO - -0.0247503
2017-05-08 17:58:18,257 - mylogger - INFO - 2015-03-17: No short!
2017-05-08 17:58:18,625 - mylogger - INFO - -0.0238261
2017-05-08 17:58:18,625 - mylogger - INFO - 2015-03-18: No short!
2017-05-08 17:58:19,083 - mylogger - INFO - -0.0249074
2017-05-08 17:58:19,083 - mylogger - INFO - 2015-03-19: No short!
2017-05-08 17:58:19,435 - mylogger - INFO - -0.0294776
2017-05-08 17:58:19,436 - mylogger - INFO - 2015-03-20: No short!
2017-05-08 17:58:19,758 - mylogger - INFO - -0.0145971
2017-05-08 17:58:19,758 - mylogger - INFO - 2015-03-23: No short!
2017-05-08 17:58:20,203 - mylogger - INFO - -0.028614
2017-05-08 17:58:20,203 - mylogger - INFO - 2015-03-24: No short!
2017-05-08 17:58:20,605 - mylogger - INFO - -0.0157766
2017-05-08 17:58:20,605 - mylogger - INFO - 2015-03-25: No short!
2017-05-08 17:58:20,950 - mylogger - INFO - -0.0285404
2017-05-08 17:58:20,950 - mylogger - INFO - 2015-03-26: No short!
2017-05-08 17:58:21,419 - mylogger - INFO - -0.0178557
2017-05-08 17:58:21,419 - mylogger - INFO - 2015-03-27: No short!
2017-05-08 17:58:21,745 - mylogger - INFO - -0.0224243
2017-05-08 17:58:21,746 - mylogger - INFO - 2015-03-30: No short!
2017-05-08 17:58:22,065 - mylogger - INFO - -0.0223667
2017-05-08 17:58:22,065 - mylogger - INFO - 2015-03-31: No short!
2017-05-08 17:58:22,496 - mylogger - INFO - -0.0192324
2017-05-08 17:58:22,496 - mylogger - INFO - 2015-04-01: No short!
2017-05-08 17:58:22,819 - mylogger - INFO - -0.0223667
2017-05-08 17:58:22,819 - mylogger - INFO - 2015-04-02: No short!
2017-05-08 17:58:23,148 - mylogger - INFO - -0.0163106
2017-05-08 17:58:23,148 - mylogger - INFO - 2015-04-06: No short!
2017-05-08 17:58:23,463 - mylogger - INFO - -0.0157364
2017-05-08 17:58:23,463 - mylogger - INFO - 2015-04-07: No short!
2017-05-08 17:58:23,891 - mylogger - INFO - -0.0270489
2017-05-08 17:58:23,891 - mylogger - INFO - 2015-04-08: No short!
2017-05-08 17:58:24,206 - mylogger - INFO - -0.0187382
2017-05-08 17:58:24,207 - mylogger - INFO - 2015-04-09: No short!
2017-05-08 17:58:24,516 - mylogger - INFO - -0.020751
2017-05-08 17:58:24,516 - mylogger - INFO - 2015-04-10: No short!
2017-05-08 17:58:24,930 - mylogger - INFO - -0.0288675
2017-05-08 17:58:24,931 - mylogger - INFO - 2015-04-13: No short!
2017-05-08 17:58:25,256 - mylogger - INFO - -0.0397287
2017-05-08 17:58:25,256 - mylogger - INFO - 2015-04-14: No short!
2017-05-08 17:58:25,565 - mylogger - INFO - -0.0253348
2017-05-08 17:58:25,565 - mylogger - INFO - 2015-04-15: No short!
2017-05-08 17:58:25,971 - mylogger - INFO - -0.0327106
2017-05-08 17:58:25,971 - mylogger - INFO - 2015-04-16: No short!
2017-05-08 17:58:26,360 - mylogger - INFO - -0.0352892
2017-05-08 17:58:26,360 - mylogger - INFO - 2015-04-17: No short!
2017-05-08 17:58:26,710 - mylogger - INFO - -0.0213229
2017-05-08 17:58:26,710 - mylogger - INFO - 2015-04-20: No short!
2017-05-08 17:58:27,169 - mylogger - INFO - -0.0312709
2017-05-08 17:58:27,169 - mylogger - INFO - 2015-04-21: No short!
2017-05-08 17:58:27,537 - mylogger - INFO - -0.0291733
2017-05-08 17:58:27,537 - mylogger - INFO - 2015-04-22: No short!
2017-05-08 17:58:27,896 - mylogger - INFO - -0.021486
2017-05-08 17:58:27,897 - mylogger - INFO - 2015-04-23: No short!
2017-05-08 17:58:28,283 - mylogger - INFO - -0.016215
2017-05-08 17:58:28,284 - mylogger - INFO - 2015-04-24: No short!
2017-05-08 17:58:28,726 - mylogger - INFO - -0.0267328
2017-05-08 17:58:28,727 - mylogger - INFO - 2015-04-27: No short!
2017-05-08 17:58:29,038 - mylogger - INFO - -0.030936
2017-05-08 17:58:29,038 - mylogger - INFO - 2015-04-28: No short!
2017-05-08 17:58:29,355 - mylogger - INFO - -0.0194498
2017-05-08 17:58:29,355 - mylogger - INFO - 2015-04-29: No short!
2017-05-08 17:58:29,759 - mylogger - INFO - -0.0271391
2017-05-08 17:58:29,760 - mylogger - INFO - 2015-04-30: No short!
2017-05-08 17:58:30,072 - mylogger - INFO - -0.0368099
2017-05-08 17:58:30,072 - mylogger - INFO - 2015-05-01: No short!
2017-05-08 17:58:30,382 - mylogger - INFO - -0.011616
2017-05-08 17:58:30,382 - mylogger - INFO - 2015-05-04: No short!
2017-05-08 17:58:30,842 - mylogger - INFO - -0.00936768
2017-05-08 17:58:30,842 - mylogger - INFO - 2015-05-05: No short!
2017-05-08 17:58:31,157 - mylogger - INFO - -0.0227395
2017-05-08 17:58:31,157 - mylogger - INFO - 2015-05-06: No short!
2017-05-08 17:58:31,468 - mylogger - INFO - -0.034684
2017-05-08 17:58:31,468 - mylogger - INFO - 2015-05-07: No short!
2017-05-08 17:58:31,876 - mylogger - INFO - -0.0201194
2017-05-08 17:58:31,877 - mylogger - INFO - 2015-05-08: No short!
2017-05-08 17:58:32,200 - mylogger - INFO - -0.0187844
2017-05-08 17:58:32,200 - mylogger - INFO - 2015-05-11: No short!
2017-05-08 17:58:32,508 - mylogger - INFO - -0.00979469
2017-05-08 17:58:32,508 - mylogger - INFO - 2015-05-12: No short!
2017-05-08 17:58:32,824 - mylogger - INFO - -0.013098
2017-05-08 17:58:32,824 - mylogger - INFO - 2015-05-13: No short!
2017-05-08 17:58:33,237 - mylogger - INFO - -0.00892016
2017-05-08 17:58:33,237 - mylogger - INFO - 2015-05-14: No short!
2017-05-08 17:58:33,551 - mylogger - INFO - -0.0156955
2017-05-08 17:58:33,551 - mylogger - INFO - 2015-05-15: No short!
2017-05-08 17:58:33,861 - mylogger - INFO - -0.011104
2017-05-08 17:58:33,861 - mylogger - INFO - 2015-05-18: No short!
2017-05-08 17:58:34,267 - mylogger - INFO - -0.0193694
2017-05-08 17:58:34,267 - mylogger - INFO - 2015-05-19: No short!
2017-05-08 17:58:34,581 - mylogger - INFO - -0.015285
2017-05-08 17:58:34,581 - mylogger - INFO - 2015-05-20: No short!
2017-05-08 17:58:34,907 - mylogger - INFO - -0.0340495
2017-05-08 17:58:34,907 - mylogger - INFO - 2015-05-21: No short!
2017-05-08 17:58:35,322 - mylogger - INFO - -0.0297015
2017-05-08 17:58:35,322 - mylogger - INFO - 2015-05-22: No short!
2017-05-08 17:58:35,645 - mylogger - INFO - -0.0294542
2017-05-08 17:58:35,645 - mylogger - INFO - 2015-05-26: No short!
2017-05-08 17:58:36,002 - mylogger - INFO - -0.0275592
2017-05-08 17:58:36,002 - mylogger - INFO - 2015-05-27: No short!
2017-05-08 17:58:36,464 - mylogger - INFO - -0.025815
2017-05-08 17:58:36,465 - mylogger - INFO - 2015-05-28: No short!
2017-05-08 17:58:36,789 - mylogger - INFO - -0.0269548
2017-05-08 17:58:36,790 - mylogger - INFO - 2015-05-29: No short!
2017-05-08 17:58:37,140 - mylogger - INFO - -0.0272845
2017-05-08 17:58:37,140 - mylogger - INFO - 2015-06-01: No short!
2017-05-08 17:58:37,472 - mylogger - INFO - -0.0226977
2017-05-08 17:58:37,473 - mylogger - INFO - 2015-06-02: No short!
2017-05-08 17:58:37,917 - mylogger - INFO - -0.0326822
2017-05-08 17:58:37,917 - mylogger - INFO - 2015-06-03: No short!
2017-05-08 17:58:38,397 - mylogger - INFO - -0.0191656
2017-05-08 17:58:38,397 - mylogger - INFO - 2015-06-04: No short!
2017-05-08 17:58:38,724 - mylogger - INFO - -0.0158351
2017-05-08 17:58:38,725 - mylogger - INFO - 2015-06-05: No short!
2017-05-08 17:58:39,136 - mylogger - INFO - -0.0146472
2017-05-08 17:58:39,136 - mylogger - INFO - 2015-06-08: No short!
2017-05-08 17:58:39,481 - mylogger - INFO - -0.00611093
2017-05-08 17:58:39,482 - mylogger - INFO - 2015-06-09: No short!
2017-05-08 17:58:39,876 - mylogger - INFO - -0.0281582
2017-05-08 17:58:39,876 - mylogger - INFO - 2015-06-10: No short!
2017-05-08 17:58:40,386 - mylogger - INFO - -0.0253311
2017-05-08 17:58:40,387 - mylogger - INFO - 2015-06-11: No short!
2017-05-08 17:58:40,721 - mylogger - INFO - -0.014392
2017-05-08 17:58:40,721 - mylogger - INFO - 2015-06-12: No short!
2017-05-08 17:58:41,050 - mylogger - INFO - -0.0174927
2017-05-08 17:58:41,050 - mylogger - INFO - 2015-06-15: No short!
2017-05-08 17:58:41,476 - mylogger - INFO - -0.0275391
2017-05-08 17:58:41,476 - mylogger - INFO - 2015-06-16: No short!
2017-05-08 17:58:41,808 - mylogger - INFO - -0.0137303
2017-05-08 17:58:41,808 - mylogger - INFO - 2015-06-17: No short!
2017-05-08 17:58:42,147 - mylogger - INFO - -0.0177771
2017-05-08 17:58:42,147 - mylogger - INFO - 2015-06-18: No short!
2017-05-08 17:58:42,469 - mylogger - INFO - -0.03662
2017-05-08 17:58:42,469 - mylogger - INFO - 2015-06-19: No short!
2017-05-08 17:58:42,909 - mylogger - INFO - -0.0128001
2017-05-08 17:58:42,910 - mylogger - INFO - 2015-06-22: No short!
2017-05-08 17:58:43,252 - mylogger - INFO - -0.026193
2017-05-08 17:58:43,252 - mylogger - INFO - 2015-06-23: No short!
2017-05-08 17:58:43,614 - mylogger - INFO - -0.0221294
2017-05-08 17:58:43,615 - mylogger - INFO - 2015-06-24: No short!
2017-05-08 17:58:44,071 - mylogger - INFO - -0.0402724
2017-05-08 17:58:44,071 - mylogger - INFO - 2015-06-25: No short!
2017-05-08 17:58:44,406 - mylogger - INFO - -0.00408492
2017-05-08 17:58:44,407 - mylogger - INFO - 2015-06-26: No short!
2017-05-08 17:58:44,874 - mylogger - INFO - -0.0550183
2017-05-08 17:58:44,875 - mylogger - INFO - 2015-06-29: No short!
2017-05-08 17:58:45,396 - mylogger - INFO - -0.0424583
2017-05-08 17:58:45,396 - mylogger - INFO - 2015-06-30: No short!
2017-05-08 17:58:45,738 - mylogger - INFO - -0.0180024
2017-05-08 17:58:45,739 - mylogger - INFO - 2015-07-01: No short!
2017-05-08 17:58:46,087 - mylogger - INFO - -0.0326753
2017-05-08 17:58:46,087 - mylogger - INFO - 2015-07-02: No short!
2017-05-08 17:58:46,523 - mylogger - INFO - -0.0334208
2017-05-08 17:58:46,523 - mylogger - INFO - 2015-07-06: No short!
2017-05-08 17:58:46,891 - mylogger - INFO - -0.0354758
2017-05-08 17:58:46,891 - mylogger - INFO - 2015-07-07: No short!
2017-05-08 17:58:47,217 - mylogger - INFO - -0.0223575
2017-05-08 17:58:47,217 - mylogger - INFO - 2015-07-08: No short!
2017-05-08 17:58:47,550 - mylogger - INFO - -0.0372291
2017-05-08 17:58:47,550 - mylogger - INFO - 2015-07-09: No short!
2017-05-08 17:58:48,005 - mylogger - INFO - -0.0292657
2017-05-08 17:58:48,006 - mylogger - INFO - 2015-07-10: No short!
2017-05-08 17:58:48,363 - mylogger - INFO - -0.0145223
2017-05-08 17:58:48,363 - mylogger - INFO - 2015-07-13: No short!
2017-05-08 17:58:48,692 - mylogger - INFO - -0.00104345
2017-05-08 17:58:48,692 - mylogger - INFO - 2015-07-14: No short!
2017-05-08 17:58:49,107 - mylogger - INFO - -0.0124584
2017-05-08 17:58:49,107 - mylogger - INFO - 2015-07-15: No short!
2017-05-08 17:58:49,435 - mylogger - INFO - -0.0180578
2017-05-08 17:58:49,435 - mylogger - INFO - 2015-07-16: No short!
2017-05-08 17:58:49,768 - mylogger - INFO - -0.027197
2017-05-08 17:58:49,769 - mylogger - INFO - 2015-07-17: No short!
2017-05-08 17:58:50,206 - mylogger - INFO - -0.0223016
2017-05-08 17:58:50,206 - mylogger - INFO - 2015-07-20: No short!
2017-05-08 17:58:50,543 - mylogger - INFO - -0.0273643
2017-05-08 17:58:50,544 - mylogger - INFO - 2015-07-21: No short!
2017-05-08 17:58:50,875 - mylogger - INFO - -0.0222678
2017-05-08 17:58:50,875 - mylogger - INFO - 2015-07-22: No short!
2017-05-08 17:58:51,304 - mylogger - INFO - -0.0174756
2017-05-08 17:58:51,305 - mylogger - INFO - 2015-07-23: No short!
2017-05-08 17:58:51,636 - mylogger - INFO - -0.032883
2017-05-08 17:58:51,636 - mylogger - INFO - 2015-07-24: No short!
2017-05-08 17:58:51,965 - mylogger - INFO - -0.0340881
2017-05-08 17:58:51,965 - mylogger - INFO - 2015-07-27: No short!
2017-05-08 17:58:52,300 - mylogger - INFO - -0.0231534
2017-05-08 17:58:52,300 - mylogger - INFO - 2015-07-28: No short!
2017-05-08 17:58:52,727 - mylogger - INFO - -0.0273826
2017-05-08 17:58:52,727 - mylogger - INFO - 2015-07-29: No short!
2017-05-08 17:58:53,051 - mylogger - INFO - -0.0107251
2017-05-08 17:58:53,052 - mylogger - INFO - 2015-07-30: No short!
2017-05-08 17:58:53,378 - mylogger - INFO - -0.0103986
2017-05-08 17:58:53,379 - mylogger - INFO - 2015-07-31: No short!
2017-05-08 17:58:53,811 - mylogger - INFO - -0.00715271
2017-05-08 17:58:53,811 - mylogger - INFO - 2015-08-03: No short!
2017-05-08 17:58:54,144 - mylogger - INFO - -0.00404819
2017-05-08 17:58:54,144 - mylogger - INFO - 2015-08-04: No short!
2017-05-08 17:58:54,485 - mylogger - INFO - -0.00665493
2017-05-08 17:58:54,485 - mylogger - INFO - 2015-08-05: No short!
2017-05-08 17:58:54,927 - mylogger - INFO - -0.0259793
2017-05-08 17:58:54,927 - mylogger - INFO - 2015-08-06: No short!
2017-05-08 17:58:55,275 - mylogger - INFO - -0.0050227
2017-05-08 17:58:55,276 - mylogger - INFO - 2015-08-07: No short!
2017-05-08 17:58:55,621 - mylogger - INFO - -0.00537611
2017-05-08 17:58:55,622 - mylogger - INFO - 2015-08-10: No short!
2017-05-08 17:58:56,053 - mylogger - INFO - -0.00348381
2017-05-08 17:58:56,054 - mylogger - INFO - 2015-08-11: No short!
2017-05-08 17:58:56,400 - mylogger - INFO - -0.00911231
2017-05-08 17:58:56,400 - mylogger - INFO - 2015-08-12: No short!
2017-05-08 17:58:56,733 - mylogger - INFO - -0.0202639
2017-05-08 17:58:56,733 - mylogger - INFO - 2015-08-13: No short!
2017-05-08 17:58:57,098 - mylogger - INFO - -0.0141063
2017-05-08 17:58:57,098 - mylogger - INFO - 2015-08-14: No short!
2017-05-08 17:58:57,572 - mylogger - INFO - -0.0316617
2017-05-08 17:58:57,572 - mylogger - INFO - 2015-08-17: No short!
2017-05-08 17:58:57,910 - mylogger - INFO - -0.032841
2017-05-08 17:58:57,911 - mylogger - INFO - 2015-08-18: No short!
2017-05-08 17:58:58,276 - mylogger - INFO - -0.0339316
2017-05-08 17:58:58,277 - mylogger - INFO - 2015-08-19: No short!
2017-05-08 17:58:58,694 - mylogger - INFO - -0.0317368
2017-05-08 17:58:58,695 - mylogger - INFO - 2015-08-20: No short!
2017-05-08 17:58:59,035 - mylogger - INFO - -0.0422557
2017-05-08 17:58:59,036 - mylogger - INFO - 2015-08-21: No short!
2017-05-08 17:58:59,379 - mylogger - INFO - -0.0465634
2017-05-08 17:58:59,379 - mylogger - INFO - 2015-08-24: No short!
2017-05-08 17:58:59,829 - mylogger - INFO - -0.0318458
2017-05-08 17:58:59,829 - mylogger - INFO - 2015-08-25: No short!
2017-05-08 17:59:00,160 - mylogger - INFO - -0.0285703
2017-05-08 17:59:00,161 - mylogger - INFO - 2015-08-26: No short!
2017-05-08 17:59:00,491 - mylogger - INFO - -0.0387843
2017-05-08 17:59:00,491 - mylogger - INFO - 2015-08-27: No short!
2017-05-08 17:59:00,923 - mylogger - INFO - -0.00720748
2017-05-08 17:59:00,923 - mylogger - INFO - 2015-08-28: No short!
2017-05-08 17:59:01,258 - mylogger - INFO - -0.0303842
2017-05-08 17:59:01,259 - mylogger - INFO - 2015-08-31: No short!
2017-05-08 17:59:01,590 - mylogger - INFO - -0.0187644
2017-05-08 17:59:01,590 - mylogger - INFO - 2015-09-01: No short!
2017-05-08 17:59:01,921 - mylogger - INFO - -0.0141865
2017-05-08 17:59:01,922 - mylogger - INFO - 2015-09-02: No short!
2017-05-08 17:59:02,361 - mylogger - INFO - -0.034509
2017-05-08 17:59:02,361 - mylogger - INFO - 2015-09-03: No short!
2017-05-08 17:59:02,695 - mylogger - INFO - -0.0192354
2017-05-08 17:59:02,695 - mylogger - INFO - 2015-09-04: No short!
2017-05-08 17:59:03,032 - mylogger - INFO - -0.0275201
2017-05-08 17:59:03,033 - mylogger - INFO - 2015-09-08: No short!
2017-05-08 17:59:03,585 - mylogger - INFO - -0.0114548
2017-05-08 17:59:03,585 - mylogger - INFO - 2015-09-09: No short!
2017-05-08 17:59:04,071 - mylogger - INFO - -0.0244642
2017-05-08 17:59:04,072 - mylogger - INFO - 2015-09-10: No short!
2017-05-08 17:59:04,423 - mylogger - INFO - -0.0285717
2017-05-08 17:59:04,423 - mylogger - INFO - 2015-09-11: No short!
2017-05-08 17:59:04,859 - mylogger - INFO - -0.0134443
2017-05-08 17:59:04,859 - mylogger - INFO - 2015-09-14: No short!
2017-05-08 17:59:05,205 - mylogger - INFO - -0.0317478
2017-05-08 17:59:05,205 - mylogger - INFO - 2015-09-15: No short!
2017-05-08 17:59:05,544 - mylogger - INFO - -0.0213687
2017-05-08 17:59:05,544 - mylogger - INFO - 2015-09-16: No short!
2017-05-08 17:59:06,141 - mylogger - INFO - -0.023704
2017-05-08 17:59:06,143 - mylogger - INFO - 2015-09-17: No short!
2017-05-08 17:59:06,478 - mylogger - INFO - -0.00910061
2017-05-08 17:59:06,479 - mylogger - INFO - 2015-09-18: No short!
2017-05-08 17:59:06,806 - mylogger - INFO - -0.0190057
2017-05-08 17:59:06,807 - mylogger - INFO - 2015-09-21: No short!
2017-05-08 17:59:07,129 - mylogger - INFO - -0.0193639
2017-05-08 17:59:07,130 - mylogger - INFO - 2015-09-22: No short!
2017-05-08 17:59:07,568 - mylogger - INFO - -0.00234953
2017-05-08 17:59:07,569 - mylogger - INFO - 2015-09-23: No short!
2017-05-08 17:59:07,897 - mylogger - INFO - -0.0251478
2017-05-08 17:59:07,898 - mylogger - INFO - 2015-09-24: No short!
2017-05-08 17:59:08,229 - mylogger - INFO - -0.0015478
2017-05-08 17:59:08,230 - mylogger - INFO - 2015-09-25: No short!
2017-05-08 17:59:08,658 - mylogger - INFO - -0.0100796
2017-05-08 17:59:08,659 - mylogger - INFO - 2015-09-28: No short!
2017-05-08 17:59:08,998 - mylogger - INFO - -0.00287766
2017-05-08 17:59:08,998 - mylogger - INFO - 2015-09-29: No short!
2017-05-08 17:59:09,352 - mylogger - INFO - -0.0109143
2017-05-08 17:59:09,352 - mylogger - INFO - 2015-09-30: No short!
2017-05-08 17:59:09,783 - mylogger - INFO - -0.0146238
2017-05-08 17:59:09,784 - mylogger - INFO - 2015-10-01: No short!
2017-05-08 17:59:10,111 - mylogger - INFO - 0.00819001
2017-05-08 17:59:10,112 - mylogger - INFO - 2015-10-02: buy
2017-05-08 17:59:10,112 - mylogger - INFO - 100808.07061
2017-05-08 17:59:10,441 - mylogger - INFO - -0.00472211
2017-05-08 17:59:10,442 - mylogger - INFO - 2015-10-05: sell
2017-05-08 17:59:10,942 - mylogger - INFO - -0.0197244
2017-05-08 17:59:10,942 - mylogger - INFO - 2015-10-06: No short!
2017-05-08 17:59:11,281 - mylogger - INFO - -0.00608337
2017-05-08 17:59:11,281 - mylogger - INFO - 2015-10-07: No short!
2017-05-08 17:59:11,607 - mylogger - INFO - 0.00484071
2017-05-08 17:59:11,607 - mylogger - INFO - 2015-10-08: hold
2017-05-08 17:59:12,048 - mylogger - INFO - -0.00924519
2017-05-08 17:59:12,049 - mylogger - INFO - 2015-10-09: No short!
2017-05-08 17:59:12,379 - mylogger - INFO - -0.00493877
2017-05-08 17:59:12,379 - mylogger - INFO - 2015-10-12: No short!
2017-05-08 17:59:12,714 - mylogger - INFO - -0.00848389
2017-05-08 17:59:12,715 - mylogger - INFO - 2015-10-13: No short!
2017-05-08 17:59:13,046 - mylogger - INFO - -0.0105017
2017-05-08 17:59:13,046 - mylogger - INFO - 2015-10-14: No short!
2017-05-08 17:59:13,481 - mylogger - INFO - -0.00862623
2017-05-08 17:59:13,482 - mylogger - INFO - 2015-10-15: No short!
2017-05-08 17:59:13,819 - mylogger - INFO - -0.0101447
2017-05-08 17:59:13,820 - mylogger - INFO - 2015-10-16: No short!
2017-05-08 17:59:14,153 - mylogger - INFO - -0.0113382
2017-05-08 17:59:14,153 - mylogger - INFO - 2015-10-19: No short!
2017-05-08 17:59:14,575 - mylogger - INFO - -0.0130651
2017-05-08 17:59:14,576 - mylogger - INFO - 2015-10-20: No short!
2017-05-08 17:59:14,905 - mylogger - INFO - -0.00421704
2017-05-08 17:59:14,905 - mylogger - INFO - 2015-10-21: No short!
2017-05-08 17:59:15,236 - mylogger - INFO - -0.0205332
2017-05-08 17:59:15,236 - mylogger - INFO - 2015-10-22: No short!
2017-05-08 17:59:15,661 - mylogger - INFO - -0.00508164
2017-05-08 17:59:15,662 - mylogger - INFO - 2015-10-23: No short!
2017-05-08 17:59:15,982 - mylogger - INFO - -0.0136358
2017-05-08 17:59:15,982 - mylogger - INFO - 2015-10-26: No short!
2017-05-08 17:59:16,330 - mylogger - INFO - -0.0186089
2017-05-08 17:59:16,330 - mylogger - INFO - 2015-10-27: No short!
2017-05-08 17:59:16,778 - mylogger - INFO - -0.00752669
2017-05-08 17:59:16,778 - mylogger - INFO - 2015-10-28: No short!
2017-05-08 17:59:17,113 - mylogger - INFO - -0.00113343
2017-05-08 17:59:17,113 - mylogger - INFO - 2015-10-29: No short!
2017-05-08 17:59:17,466 - mylogger - INFO - -0.00427477
2017-05-08 17:59:17,466 - mylogger - INFO - 2015-10-30: No short!
2017-05-08 17:59:17,896 - mylogger - INFO - -0.00801458
2017-05-08 17:59:17,897 - mylogger - INFO - 2015-11-02: No short!
2017-05-08 17:59:18,232 - mylogger - INFO - -0.0243595
2017-05-08 17:59:18,232 - mylogger - INFO - 2015-11-03: No short!
2017-05-08 17:59:18,570 - mylogger - INFO - -0.0176893
2017-05-08 17:59:18,571 - mylogger - INFO - 2015-11-04: No short!
2017-05-08 17:59:18,967 - mylogger - INFO - -0.00473353
2017-05-08 17:59:18,968 - mylogger - INFO - 2015-11-05: No short!
2017-05-08 17:59:19,447 - mylogger - INFO - -0.00870225
2017-05-08 17:59:19,448 - mylogger - INFO - 2015-11-06: No short!
2017-05-08 17:59:19,821 - mylogger - INFO - 0.00261763
2017-05-08 17:59:19,822 - mylogger - INFO - 2015-11-09: hold
2017-05-08 17:59:20,168 - mylogger - INFO - -0.00358546
2017-05-08 17:59:20,168 - mylogger - INFO - 2015-11-10: No short!
2017-05-08 17:59:20,641 - mylogger - INFO - -0.0214044
2017-05-08 17:59:20,642 - mylogger - INFO - 2015-11-11: No short!
2017-05-08 17:59:20,979 - mylogger - INFO - -0.0129135
2017-05-08 17:59:20,980 - mylogger - INFO - 2015-11-12: No short!
2017-05-08 17:59:21,316 - mylogger - INFO - -0.00948126
2017-05-08 17:59:21,316 - mylogger - INFO - 2015-11-13: No short!
2017-05-08 17:59:21,774 - mylogger - INFO - -0.0127888
2017-05-08 17:59:21,774 - mylogger - INFO - 2015-11-16: No short!
2017-05-08 17:59:22,130 - mylogger - INFO - -0.0209897
2017-05-08 17:59:22,130 - mylogger - INFO - 2015-11-17: No short!
2017-05-08 17:59:22,470 - mylogger - INFO - -0.0246882
2017-05-08 17:59:22,470 - mylogger - INFO - 2015-11-18: No short!
2017-05-08 17:59:22,916 - mylogger - INFO - -0.00741358
2017-05-08 17:59:22,916 - mylogger - INFO - 2015-11-19: No short!
2017-05-08 17:59:23,253 - mylogger - INFO - -0.0109164
2017-05-08 17:59:23,254 - mylogger - INFO - 2015-11-20: No short!
2017-05-08 17:59:23,604 - mylogger - INFO - -0.0247198
2017-05-08 17:59:23,605 - mylogger - INFO - 2015-11-23: No short!
2017-05-08 17:59:24,060 - mylogger - INFO - -0.0182066
2017-05-08 17:59:24,060 - mylogger - INFO - 2015-11-24: No short!
2017-05-08 17:59:24,413 - mylogger - INFO - -0.0377941
2017-05-08 17:59:24,413 - mylogger - INFO - 2015-11-25: No short!
2017-05-08 17:59:24,752 - mylogger - INFO - -0.0286285
2017-05-08 17:59:24,752 - mylogger - INFO - 2015-11-27: No short!
2017-05-08 17:59:25,123 - mylogger - INFO - -0.0351296
2017-05-08 17:59:25,123 - mylogger - INFO - 2015-11-30: No short!
2017-05-08 17:59:25,645 - mylogger - INFO - -0.021472
2017-05-08 17:59:25,646 - mylogger - INFO - 2015-12-01: No short!
2017-05-08 17:59:25,987 - mylogger - INFO - -0.0307496
2017-05-08 17:59:25,987 - mylogger - INFO - 2015-12-02: No short!
2017-05-08 17:59:26,319 - mylogger - INFO - -0.0163361
2017-05-08 17:59:26,319 - mylogger - INFO - 2015-12-03: No short!
2017-05-08 17:59:26,786 - mylogger - INFO - -0.0104644
2017-05-08 17:59:26,786 - mylogger - INFO - 2015-12-04: No short!
2017-05-08 17:59:27,132 - mylogger - INFO - -0.0155328
2017-05-08 17:59:27,133 - mylogger - INFO - 2015-12-07: No short!
2017-05-08 17:59:27,498 - mylogger - INFO - -0.0314989
2017-05-08 17:59:27,498 - mylogger - INFO - 2015-12-08: No short!
2017-05-08 17:59:27,935 - mylogger - INFO - -0.0122495
2017-05-08 17:59:27,935 - mylogger - INFO - 2015-12-09: No short!
2017-05-08 17:59:28,279 - mylogger - INFO - -0.00446226
2017-05-08 17:59:28,279 - mylogger - INFO - 2015-12-10: No short!
2017-05-08 17:59:28,609 - mylogger - INFO - -0.032741
2017-05-08 17:59:28,610 - mylogger - INFO - 2015-12-11: No short!
2017-05-08 17:59:29,048 - mylogger - INFO - -0.0290218
2017-05-08 17:59:29,048 - mylogger - INFO - 2015-12-14: No short!
2017-05-08 17:59:29,378 - mylogger - INFO - -0.0227831
2017-05-08 17:59:29,378 - mylogger - INFO - 2015-12-15: No short!
2017-05-08 17:59:29,708 - mylogger - INFO - -0.0386924
2017-05-08 17:59:29,708 - mylogger - INFO - 2015-12-16: No short!
2017-05-08 17:59:30,041 - mylogger - INFO - -0.019098
2017-05-08 17:59:30,042 - mylogger - INFO - 2015-12-17: No short!
2017-05-08 17:59:30,513 - mylogger - INFO - -0.02404
2017-05-08 17:59:30,513 - mylogger - INFO - 2015-12-18: No short!
2017-05-08 17:59:30,931 - mylogger - INFO - -0.0244519
2017-05-08 17:59:30,932 - mylogger - INFO - 2015-12-21: No short!
2017-05-08 17:59:31,329 - mylogger - INFO - -0.0339056
2017-05-08 17:59:31,329 - mylogger - INFO - 2015-12-22: No short!
2017-05-08 17:59:31,780 - mylogger - INFO - -0.0196752
2017-05-08 17:59:31,780 - mylogger - INFO - 2015-12-23: No short!
2017-05-08 17:59:32,180 - mylogger - INFO - -0.0131408
2017-05-08 17:59:32,180 - mylogger - INFO - 2015-12-24: No short!
2017-05-08 17:59:32,571 - mylogger - INFO - -0.0339235
2017-05-08 17:59:32,572 - mylogger - INFO - 2015-12-28: No short!
2017-05-08 17:59:33,038 - mylogger - INFO - -0.0242284
2017-05-08 17:59:33,039 - mylogger - INFO - 2015-12-29: No short!
2017-05-08 17:59:33,424 - mylogger - INFO - -0.0242991
2017-05-08 17:59:33,424 - mylogger - INFO - 2015-12-30: No short!
2017-05-08 17:59:33,804 - mylogger - INFO - -0.0103154
2017-05-08 17:59:33,804 - mylogger - INFO - 2015-12-31: No short!
2017-05-08 17:59:34,515 - mylogger - INFO - Total profit and loss: 0.0260611352727
2017-05-08 17:59:34,553 - mylogger - INFO - Hit table:
2017-05-08 17:59:34,553 - mylogger - INFO - Date          signal  hit/miss
2017-05-08 17:59:34,553 - mylogger - INFO - 2014-01-02    hold    miss
2017-05-08 17:59:34,554 - mylogger - INFO - 2014-01-03    hold    miss
2017-05-08 17:59:34,554 - mylogger - INFO - 2014-01-06    hold    hit
2017-05-08 17:59:34,554 - mylogger - INFO - 2014-01-07    hold    miss
2017-05-08 17:59:34,554 - mylogger - INFO - 2014-01-08    hold    hit
2017-05-08 17:59:34,554 - mylogger - INFO - 2014-01-09    hold    miss
2017-05-08 17:59:34,554 - mylogger - INFO - 2014-01-10    hold    miss
2017-05-08 17:59:34,555 - mylogger - INFO - 2014-01-13    hold    miss
2017-05-08 17:59:34,555 - mylogger - INFO - 2014-01-14    hold    miss
2017-05-08 17:59:34,555 - mylogger - INFO - 2014-01-15    hold    miss
2017-05-08 17:59:34,555 - mylogger - INFO - 2014-01-16    hold    miss
2017-05-08 17:59:34,555 - mylogger - INFO - 2014-01-17    hold    miss
2017-05-08 17:59:34,555 - mylogger - INFO - 2014-01-21    hold    miss
2017-05-08 17:59:34,556 - mylogger - INFO - 2014-01-22    hold    miss
2017-05-08 17:59:34,556 - mylogger - INFO - 2014-01-23    hold    miss
2017-05-08 17:59:34,556 - mylogger - INFO - 2014-01-24    hold    hit
2017-05-08 17:59:34,556 - mylogger - INFO - 2014-01-27    hold    miss
2017-05-08 17:59:34,556 - mylogger - INFO - 2014-01-28    hold    miss
2017-05-08 17:59:34,557 - mylogger - INFO - 2014-01-29    hold    miss
2017-05-08 17:59:34,557 - mylogger - INFO - 2014-01-30    hold    miss
2017-05-08 17:59:34,557 - mylogger - INFO - 2014-01-31    hold    miss
2017-05-08 17:59:34,557 - mylogger - INFO - 2014-02-03    hold    miss
2017-05-08 17:59:34,557 - mylogger - INFO - 2014-02-04    hold    miss
2017-05-08 17:59:34,557 - mylogger - INFO - 2014-02-05    hold    miss
2017-05-08 17:59:34,558 - mylogger - INFO - 2014-02-06    hold    miss
2017-05-08 17:59:34,558 - mylogger - INFO - 2014-02-07    hold    miss
2017-05-08 17:59:34,558 - mylogger - INFO - 2014-02-10    hold    miss
2017-05-08 17:59:34,558 - mylogger - INFO - 2014-02-11    hold    miss
2017-05-08 17:59:34,558 - mylogger - INFO - 2014-02-12    hold    hit
2017-05-08 17:59:34,559 - mylogger - INFO - 2014-02-13    hold    miss
2017-05-08 17:59:34,559 - mylogger - INFO - 2014-02-14    hold    miss
2017-05-08 17:59:34,559 - mylogger - INFO - 2014-02-18    hold    miss
2017-05-08 17:59:34,559 - mylogger - INFO - 2014-02-19    hold    miss
2017-05-08 17:59:34,559 - mylogger - INFO - 2014-02-20    hold    miss
2017-05-08 17:59:34,559 - mylogger - INFO - 2014-02-21    hold    miss
2017-05-08 17:59:34,560 - mylogger - INFO - 2014-02-24    hold    miss
2017-05-08 17:59:34,560 - mylogger - INFO - 2014-02-25    hold    hit
2017-05-08 17:59:34,560 - mylogger - INFO - 2014-02-26    hold    miss
2017-05-08 17:59:34,560 - mylogger - INFO - 2014-02-27    hold    miss
2017-05-08 17:59:34,560 - mylogger - INFO - 2014-02-28    hold    miss
2017-05-08 17:59:34,561 - mylogger - INFO - 2014-03-03    hold    miss
2017-05-08 17:59:34,561 - mylogger - INFO - 2014-03-04    hold    miss
2017-05-08 17:59:34,561 - mylogger - INFO - 2014-03-05    hold    miss
2017-05-08 17:59:34,561 - mylogger - INFO - 2014-03-06    hold    miss
2017-05-08 17:59:34,561 - mylogger - INFO - 2014-03-07    hold    miss
2017-05-08 17:59:34,561 - mylogger - INFO - 2014-03-10    hold    miss
2017-05-08 17:59:34,562 - mylogger - INFO - 2014-03-11    hold    miss
2017-05-08 17:59:34,562 - mylogger - INFO - 2014-03-12    hold    miss
2017-05-08 17:59:34,562 - mylogger - INFO - 2014-03-13    hold    miss
2017-05-08 17:59:34,562 - mylogger - INFO - 2014-03-14    hold    miss
2017-05-08 17:59:34,562 - mylogger - INFO - 2014-03-17    hold    miss
2017-05-08 17:59:34,563 - mylogger - INFO - 2014-03-18    hold    miss
2017-05-08 17:59:34,563 - mylogger - INFO - 2014-03-19    hold    miss
2017-05-08 17:59:34,563 - mylogger - INFO - 2014-03-20    hold    miss
2017-05-08 17:59:34,563 - mylogger - INFO - 2014-03-21    hold    hit
2017-05-08 17:59:34,563 - mylogger - INFO - 2014-03-24    hold    miss
2017-05-08 17:59:34,563 - mylogger - INFO - 2014-03-25    hold    miss
2017-05-08 17:59:34,564 - mylogger - INFO - 2014-03-26    hold    miss
2017-05-08 17:59:34,564 - mylogger - INFO - 2014-03-27    hold    hit
2017-05-08 17:59:34,564 - mylogger - INFO - 2014-03-28    hold    hit
2017-05-08 17:59:34,564 - mylogger - INFO - 2014-03-31    hold    miss
2017-05-08 17:59:34,564 - mylogger - INFO - 2014-04-01    hold    miss
2017-05-08 17:59:34,565 - mylogger - INFO - 2014-04-02    hold    miss
2017-05-08 17:59:34,565 - mylogger - INFO - 2014-04-03    hold    miss
2017-05-08 17:59:34,565 - mylogger - INFO - 2014-04-04    hold    miss
2017-05-08 17:59:34,565 - mylogger - INFO - 2014-04-07    hold    miss
2017-05-08 17:59:34,565 - mylogger - INFO - 2014-04-08    hold    miss
2017-05-08 17:59:34,565 - mylogger - INFO - 2014-04-09    hold    miss
2017-05-08 17:59:34,566 - mylogger - INFO - 2014-04-10    hold    miss
2017-05-08 17:59:34,566 - mylogger - INFO - 2014-04-11    hold    miss
2017-05-08 17:59:34,566 - mylogger - INFO - 2014-04-14    hold    hit
2017-05-08 17:59:34,566 - mylogger - INFO - 2014-04-15    hold    miss
2017-05-08 17:59:34,567 - mylogger - INFO - 2014-04-16    hold    miss
2017-05-08 17:59:34,567 - mylogger - INFO - 2014-04-17    hold    hit
2017-05-08 17:59:34,567 - mylogger - INFO - 2014-04-21    hold    miss
2017-05-08 17:59:34,567 - mylogger - INFO - 2014-04-22    hold    miss
2017-05-08 17:59:34,567 - mylogger - INFO - 2014-04-23    hold    hit
2017-05-08 17:59:34,568 - mylogger - INFO - 2014-04-24    hold    miss
2017-05-08 17:59:34,568 - mylogger - INFO - 2014-04-25    hold    miss
2017-05-08 17:59:34,568 - mylogger - INFO - 2014-04-28    hold    miss
2017-05-08 17:59:34,568 - mylogger - INFO - 2014-04-29    hold    hit
2017-05-08 17:59:34,568 - mylogger - INFO - 2014-04-30    hold    miss
2017-05-08 17:59:34,569 - mylogger - INFO - 2014-05-01    hold    miss
2017-05-08 17:59:34,569 - mylogger - INFO - 2014-05-02    hold    miss
2017-05-08 17:59:34,569 - mylogger - INFO - 2014-05-05    hold    miss
2017-05-08 17:59:34,569 - mylogger - INFO - 2014-05-06    hold    miss
2017-05-08 17:59:34,570 - mylogger - INFO - 2014-05-07    hold    miss
2017-05-08 17:59:34,570 - mylogger - INFO - 2014-05-08    hold    miss
2017-05-08 17:59:34,571 - mylogger - INFO - 2014-05-09    hold    miss
2017-05-08 17:59:34,571 - mylogger - INFO - 2014-05-12    hold    hit
2017-05-08 17:59:34,571 - mylogger - INFO - 2014-05-13    hold    miss
2017-05-08 17:59:34,572 - mylogger - INFO - 2014-05-14    hold    miss
2017-05-08 17:59:34,572 - mylogger - INFO - 2014-05-15    hold    hit
2017-05-08 17:59:34,572 - mylogger - INFO - 2014-05-16    hold    miss
2017-05-08 17:59:34,572 - mylogger - INFO - 2014-05-19    hold    miss
2017-05-08 17:59:34,573 - mylogger - INFO - 2014-05-20    hold    miss
2017-05-08 17:59:34,573 - mylogger - INFO - 2014-05-21    buy     miss
2017-05-08 17:59:34,573 - mylogger - INFO - 2014-05-22    sell    miss
2017-05-08 17:59:34,573 - mylogger - INFO - 2014-05-23    buy     miss
2017-05-08 17:59:34,573 - mylogger - INFO - 2014-05-27    hold    hit
2017-05-08 17:59:34,573 - mylogger - INFO - 2014-05-28    sell    miss
2017-05-08 17:59:34,574 - mylogger - INFO - 2014-05-29    hold    hit
2017-05-08 17:59:34,574 - mylogger - INFO - 2014-05-30    buy     miss
2017-05-08 17:59:34,574 - mylogger - INFO - 2014-06-02    hold    miss
2017-05-08 17:59:34,574 - mylogger - INFO - 2014-06-03    sell    hit
2017-05-08 17:59:34,574 - mylogger - INFO - 2014-06-04    hold    miss
2017-05-08 17:59:34,575 - mylogger - INFO - 2014-06-05    hold    miss
2017-05-08 17:59:34,575 - mylogger - INFO - 2014-06-06    hold    miss
2017-05-08 17:59:34,575 - mylogger - INFO - 2014-06-09    hold    miss
2017-05-08 17:59:34,575 - mylogger - INFO - 2014-06-10    hold    miss
2017-05-08 17:59:34,575 - mylogger - INFO - 2014-06-11    hold    miss
2017-05-08 17:59:34,576 - mylogger - INFO - 2014-06-12    hold    hit
2017-05-08 17:59:34,576 - mylogger - INFO - 2014-06-13    hold    miss
2017-05-08 17:59:34,576 - mylogger - INFO - 2014-06-16    hold    hit
2017-05-08 17:59:34,576 - mylogger - INFO - 2014-06-17    hold    hit
2017-05-08 17:59:34,576 - mylogger - INFO - 2014-06-18    hold    miss
2017-05-08 17:59:34,577 - mylogger - INFO - 2014-06-19    hold    hit
2017-05-08 17:59:34,577 - mylogger - INFO - 2014-06-20    hold    miss
2017-05-08 17:59:34,577 - mylogger - INFO - 2014-06-23    hold    miss
2017-05-08 17:59:34,577 - mylogger - INFO - 2014-06-24    hold    miss
2017-05-08 17:59:34,577 - mylogger - INFO - 2014-06-25    hold    miss
2017-05-08 17:59:34,577 - mylogger - INFO - 2014-06-26    hold    miss
2017-05-08 17:59:34,577 - mylogger - INFO - 2014-06-27    hold    miss
2017-05-08 17:59:34,577 - mylogger - INFO - 2014-06-30    buy     miss
2017-05-08 17:59:34,578 - mylogger - INFO - 2014-07-01    sell    miss
2017-05-08 17:59:34,578 - mylogger - INFO - 2014-07-02    hold    miss
2017-05-08 17:59:34,578 - mylogger - INFO - 2014-07-03    hold    miss
2017-05-08 17:59:34,578 - mylogger - INFO - 2014-07-07    hold    miss
2017-05-08 17:59:34,578 - mylogger - INFO - 2014-07-08    hold    miss
2017-05-08 17:59:34,578 - mylogger - INFO - 2014-07-09    hold    miss
2017-05-08 17:59:34,578 - mylogger - INFO - 2014-07-10    hold    miss
2017-05-08 17:59:34,579 - mylogger - INFO - 2014-07-11    hold    hit
2017-05-08 17:59:34,579 - mylogger - INFO - 2014-07-14    hold    miss
2017-05-08 17:59:34,579 - mylogger - INFO - 2014-07-15    hold    miss
2017-05-08 17:59:34,579 - mylogger - INFO - 2014-07-16    hold    miss
2017-05-08 17:59:34,579 - mylogger - INFO - 2014-07-17    hold    miss
2017-05-08 17:59:34,579 - mylogger - INFO - 2014-07-18    hold    miss
2017-05-08 17:59:34,579 - mylogger - INFO - 2014-07-21    hold    hit
2017-05-08 17:59:34,579 - mylogger - INFO - 2014-07-22    hold    miss
2017-05-08 17:59:34,580 - mylogger - INFO - 2014-07-23    hold    hit
2017-05-08 17:59:34,580 - mylogger - INFO - 2014-07-24    hold    miss
2017-05-08 17:59:34,580 - mylogger - INFO - 2014-07-25    hold    miss
2017-05-08 17:59:34,580 - mylogger - INFO - 2014-07-28    hold    miss
2017-05-08 17:59:34,580 - mylogger - INFO - 2014-07-29    hold    miss
2017-05-08 17:59:34,580 - mylogger - INFO - 2014-07-30    hold    miss
2017-05-08 17:59:34,580 - mylogger - INFO - 2014-07-31    hold    miss
2017-05-08 17:59:34,580 - mylogger - INFO - 2014-08-01    hold    miss
2017-05-08 17:59:34,581 - mylogger - INFO - 2014-08-04    hold    miss
2017-05-08 17:59:34,581 - mylogger - INFO - 2014-08-05    hold    miss
2017-05-08 17:59:34,581 - mylogger - INFO - 2014-08-06    hold    hit
2017-05-08 17:59:34,581 - mylogger - INFO - 2014-08-07    hold    miss
2017-05-08 17:59:34,581 - mylogger - INFO - 2014-08-08    hold    miss
2017-05-08 17:59:34,581 - mylogger - INFO - 2014-08-11    hold    miss
2017-05-08 17:59:34,581 - mylogger - INFO - 2014-08-12    hold    miss
2017-05-08 17:59:34,581 - mylogger - INFO - 2014-08-13    buy     miss
2017-05-08 17:59:34,582 - mylogger - INFO - 2014-08-14    hold    miss
2017-05-08 17:59:34,582 - mylogger - INFO - 2014-08-15    sell    miss
2017-05-08 17:59:34,582 - mylogger - INFO - 2014-08-18    hold    miss
2017-05-08 17:59:34,582 - mylogger - INFO - 2014-08-19    hold    miss
2017-05-08 17:59:34,582 - mylogger - INFO - 2014-08-20    hold    hit
2017-05-08 17:59:34,583 - mylogger - INFO - 2014-08-21    hold    miss
2017-05-08 17:59:34,583 - mylogger - INFO - 2014-08-22    hold    hit
2017-05-08 17:59:34,583 - mylogger - INFO - 2014-08-25    hold    miss
2017-05-08 17:59:34,583 - mylogger - INFO - 2014-08-26    hold    hit
2017-05-08 17:59:34,584 - mylogger - INFO - 2014-08-27    hold    miss
2017-05-08 17:59:34,584 - mylogger - INFO - 2014-08-28    hold    miss
2017-05-08 17:59:34,584 - mylogger - INFO - 2014-08-29    hold    miss
2017-05-08 17:59:34,584 - mylogger - INFO - 2014-09-02    hold    hit
2017-05-08 17:59:34,584 - mylogger - INFO - 2014-09-03    hold    hit
2017-05-08 17:59:34,585 - mylogger - INFO - 2014-09-04    hold    miss
2017-05-08 17:59:34,585 - mylogger - INFO - 2014-09-05    hold    miss
2017-05-08 17:59:34,585 - mylogger - INFO - 2014-09-08    hold    miss
2017-05-08 17:59:34,585 - mylogger - INFO - 2014-09-09    hold    hit
2017-05-08 17:59:34,586 - mylogger - INFO - 2014-09-10    hold    hit
2017-05-08 17:59:34,586 - mylogger - INFO - 2014-09-11    hold    miss
2017-05-08 17:59:34,586 - mylogger - INFO - 2014-09-12    hold    hit
2017-05-08 17:59:34,586 - mylogger - INFO - 2014-09-15    hold    miss
2017-05-08 17:59:34,586 - mylogger - INFO - 2014-09-16    hold    hit
2017-05-08 17:59:34,586 - mylogger - INFO - 2014-09-17    hold    miss
2017-05-08 17:59:34,587 - mylogger - INFO - 2014-09-18    hold    hit
2017-05-08 17:59:34,587 - mylogger - INFO - 2014-09-19    hold    miss
2017-05-08 17:59:34,587 - mylogger - INFO - 2014-09-22    hold    miss
2017-05-08 17:59:34,587 - mylogger - INFO - 2014-09-23    hold    miss
2017-05-08 17:59:34,587 - mylogger - INFO - 2014-09-24    hold    miss
2017-05-08 17:59:34,587 - mylogger - INFO - 2014-09-25    hold    hit
2017-05-08 17:59:34,587 - mylogger - INFO - 2014-09-26    hold    miss
2017-05-08 17:59:34,588 - mylogger - INFO - 2014-09-29    hold    miss
2017-05-08 17:59:34,588 - mylogger - INFO - 2014-09-30    hold    miss
2017-05-08 17:59:34,588 - mylogger - INFO - 2014-10-01    hold    miss
2017-05-08 17:59:34,588 - mylogger - INFO - 2014-10-02    hold    miss
2017-05-08 17:59:34,588 - mylogger - INFO - 2014-10-03    hold    miss
2017-05-08 17:59:34,588 - mylogger - INFO - 2014-10-06    hold    miss
2017-05-08 17:59:34,588 - mylogger - INFO - 2014-10-07    hold    miss
2017-05-08 17:59:34,588 - mylogger - INFO - 2014-10-08    hold    miss
2017-05-08 17:59:34,589 - mylogger - INFO - 2014-10-09    hold    miss
2017-05-08 17:59:34,589 - mylogger - INFO - 2014-10-10    hold    miss
2017-05-08 17:59:34,589 - mylogger - INFO - 2014-10-13    hold    miss
2017-05-08 17:59:34,589 - mylogger - INFO - 2014-10-14    hold    miss
2017-05-08 17:59:34,589 - mylogger - INFO - 2014-10-15    hold    miss
2017-05-08 17:59:34,589 - mylogger - INFO - 2014-10-16    hold    miss
2017-05-08 17:59:34,589 - mylogger - INFO - 2014-10-17    hold    miss
2017-05-08 17:59:34,590 - mylogger - INFO - 2014-10-20    hold    miss
2017-05-08 17:59:34,590 - mylogger - INFO - 2014-10-21    hold    miss
2017-05-08 17:59:34,590 - mylogger - INFO - 2014-10-22    hold    miss
2017-05-08 17:59:34,590 - mylogger - INFO - 2014-10-23    hold    miss
2017-05-08 17:59:34,590 - mylogger - INFO - 2014-10-24    hold    miss
2017-05-08 17:59:34,590 - mylogger - INFO - 2014-10-27    hold    miss
2017-05-08 17:59:34,590 - mylogger - INFO - 2014-10-28    hold    miss
2017-05-08 17:59:34,591 - mylogger - INFO - 2014-10-29    hold    hit
2017-05-08 17:59:34,591 - mylogger - INFO - 2014-10-30    hold    miss
2017-05-08 17:59:34,591 - mylogger - INFO - 2014-10-31    hold    miss
2017-05-08 17:59:34,591 - mylogger - INFO - 2014-11-03    hold    miss
2017-05-08 17:59:34,591 - mylogger - INFO - 2014-11-04    hold    hit
2017-05-08 17:59:34,591 - mylogger - INFO - 2014-11-05    hold    miss
2017-05-08 17:59:34,591 - mylogger - INFO - 2014-11-06    hold    hit
2017-05-08 17:59:34,591 - mylogger - INFO - 2014-11-07    hold    hit
2017-05-08 17:59:34,592 - mylogger - INFO - 2014-11-10    hold    miss
2017-05-08 17:59:34,592 - mylogger - INFO - 2014-11-11    hold    miss
2017-05-08 17:59:34,592 - mylogger - INFO - 2014-11-12    hold    miss
2017-05-08 17:59:34,592 - mylogger - INFO - 2014-11-13    hold    hit
2017-05-08 17:59:34,592 - mylogger - INFO - 2014-11-14    hold    miss
2017-05-08 17:59:34,592 - mylogger - INFO - 2014-11-17    hold    miss
2017-05-08 17:59:34,592 - mylogger - INFO - 2014-11-18    hold    miss
2017-05-08 17:59:34,593 - mylogger - INFO - 2014-11-19    hold    miss
2017-05-08 17:59:34,593 - mylogger - INFO - 2014-11-20    hold    miss
2017-05-08 17:59:34,593 - mylogger - INFO - 2014-11-21    hold    hit
2017-05-08 17:59:34,593 - mylogger - INFO - 2014-11-24    hold    miss
2017-05-08 17:59:34,593 - mylogger - INFO - 2014-11-25    hold    hit
2017-05-08 17:59:34,593 - mylogger - INFO - 2014-11-26    hold    miss
2017-05-08 17:59:34,593 - mylogger - INFO - 2014-11-28    hold    miss
2017-05-08 17:59:34,594 - mylogger - INFO - 2014-12-01    hold    hit
2017-05-08 17:59:34,594 - mylogger - INFO - 2014-12-02    hold    miss
2017-05-08 17:59:34,594 - mylogger - INFO - 2014-12-03    hold    miss
2017-05-08 17:59:34,594 - mylogger - INFO - 2014-12-04    hold    miss
2017-05-08 17:59:34,594 - mylogger - INFO - 2014-12-05    hold    miss
2017-05-08 17:59:34,594 - mylogger - INFO - 2014-12-08    hold    miss
2017-05-08 17:59:34,594 - mylogger - INFO - 2014-12-09    hold    miss
2017-05-08 17:59:34,594 - mylogger - INFO - 2014-12-10    hold    miss
2017-05-08 17:59:34,595 - mylogger - INFO - 2014-12-11    hold    miss
2017-05-08 17:59:34,595 - mylogger - INFO - 2014-12-12    hold    miss
2017-05-08 17:59:34,595 - mylogger - INFO - 2014-12-15    hold    miss
2017-05-08 17:59:34,595 - mylogger - INFO - 2014-12-16    hold    miss
2017-05-08 17:59:34,595 - mylogger - INFO - 2014-12-17    hold    miss
2017-05-08 17:59:34,595 - mylogger - INFO - 2014-12-18    hold    miss
2017-05-08 17:59:34,595 - mylogger - INFO - 2014-12-19    hold    hit
2017-05-08 17:59:34,595 - mylogger - INFO - 2014-12-22    hold    miss
2017-05-08 17:59:34,596 - mylogger - INFO - 2014-12-23    hold    miss
2017-05-08 17:59:34,596 - mylogger - INFO - 2014-12-24    hold    miss
2017-05-08 17:59:34,596 - mylogger - INFO - 2014-12-26    hold    miss
2017-05-08 17:59:34,596 - mylogger - INFO - 2014-12-29    hold    miss
2017-05-08 17:59:34,596 - mylogger - INFO - 2014-12-30    hold    miss
2017-05-08 17:59:34,596 - mylogger - INFO - 2014-12-31    hold    miss
2017-05-08 17:59:34,596 - mylogger - INFO - 2015-01-02    hold    miss
2017-05-08 17:59:34,596 - mylogger - INFO - 2015-01-05    hold    miss
2017-05-08 17:59:34,597 - mylogger - INFO - 2015-01-06    hold    hit
2017-05-08 17:59:34,597 - mylogger - INFO - 2015-01-07    hold    miss
2017-05-08 17:59:34,597 - mylogger - INFO - 2015-01-08    hold    miss
2017-05-08 17:59:34,597 - mylogger - INFO - 2015-01-09    hold    miss
2017-05-08 17:59:34,597 - mylogger - INFO - 2015-01-12    hold    miss
2017-05-08 17:59:34,597 - mylogger - INFO - 2015-01-13    hold    miss
2017-05-08 17:59:34,597 - mylogger - INFO - 2015-01-14    hold    miss
2017-05-08 17:59:34,597 - mylogger - INFO - 2015-01-15    hold    hit
2017-05-08 17:59:34,598 - mylogger - INFO - 2015-01-16    hold    miss
2017-05-08 17:59:34,598 - mylogger - INFO - 2015-01-20    hold    miss
2017-05-08 17:59:34,598 - mylogger - INFO - 2015-01-21    hold    miss
2017-05-08 17:59:34,598 - mylogger - INFO - 2015-01-22    hold    miss
2017-05-08 17:59:34,598 - mylogger - INFO - 2015-01-23    hold    hit
2017-05-08 17:59:34,598 - mylogger - INFO - 2015-01-26    hold    miss
2017-05-08 17:59:34,598 - mylogger - INFO - 2015-01-27    hold    miss
2017-05-08 17:59:34,598 - mylogger - INFO - 2015-01-28    hold    miss
2017-05-08 17:59:34,599 - mylogger - INFO - 2015-01-29    hold    miss
2017-05-08 17:59:34,599 - mylogger - INFO - 2015-01-30    hold    miss
2017-05-08 17:59:34,599 - mylogger - INFO - 2015-02-02    hold    miss
2017-05-08 17:59:34,599 - mylogger - INFO - 2015-02-03    hold    miss
2017-05-08 17:59:34,599 - mylogger - INFO - 2015-02-04    hold    miss
2017-05-08 17:59:34,599 - mylogger - INFO - 2015-02-05    hold    hit
2017-05-08 17:59:34,600 - mylogger - INFO - 2015-02-06    hold    hit
2017-05-08 17:59:34,600 - mylogger - INFO - 2015-02-09    hold    hit
2017-05-08 17:59:34,600 - mylogger - INFO - 2015-02-10    hold    hit
2017-05-08 17:59:34,600 - mylogger - INFO - 2015-02-11    hold    hit
2017-05-08 17:59:34,600 - mylogger - INFO - 2015-02-12    hold    miss
2017-05-08 17:59:34,601 - mylogger - INFO - 2015-02-13    hold    hit
2017-05-08 17:59:34,601 - mylogger - INFO - 2015-02-17    hold    hit
2017-05-08 17:59:34,601 - mylogger - INFO - 2015-02-18    hold    miss
2017-05-08 17:59:34,601 - mylogger - INFO - 2015-02-19    hold    miss
2017-05-08 17:59:34,601 - mylogger - INFO - 2015-02-20    hold    miss
2017-05-08 17:59:34,601 - mylogger - INFO - 2015-02-23    hold    miss
2017-05-08 17:59:34,601 - mylogger - INFO - 2015-02-24    hold    miss
2017-05-08 17:59:34,602 - mylogger - INFO - 2015-02-25    hold    miss
2017-05-08 17:59:34,602 - mylogger - INFO - 2015-02-26    hold    hit
2017-05-08 17:59:34,602 - mylogger - INFO - 2015-02-27    hold    hit
2017-05-08 17:59:34,602 - mylogger - INFO - 2015-03-02    hold    miss
2017-05-08 17:59:34,602 - mylogger - INFO - 2015-03-03    hold    miss
2017-05-08 17:59:34,602 - mylogger - INFO - 2015-03-04    hold    miss
2017-05-08 17:59:34,602 - mylogger - INFO - 2015-03-05    hold    miss
2017-05-08 17:59:34,603 - mylogger - INFO - 2015-03-06    hold    miss
2017-05-08 17:59:34,603 - mylogger - INFO - 2015-03-09    hold    miss
2017-05-08 17:59:34,603 - mylogger - INFO - 2015-03-10    hold    hit
2017-05-08 17:59:34,603 - mylogger - INFO - 2015-03-11    hold    miss
2017-05-08 17:59:34,603 - mylogger - INFO - 2015-03-12    hold    miss
2017-05-08 17:59:34,603 - mylogger - INFO - 2015-03-13    hold    miss
2017-05-08 17:59:34,603 - mylogger - INFO - 2015-03-16    hold    miss
2017-05-08 17:59:34,603 - mylogger - INFO - 2015-03-17    hold    miss
2017-05-08 17:59:34,604 - mylogger - INFO - 2015-03-18    hold    miss
2017-05-08 17:59:34,604 - mylogger - INFO - 2015-03-19    hold    hit
2017-05-08 17:59:34,604 - mylogger - INFO - 2015-03-20    hold    hit
2017-05-08 17:59:34,604 - mylogger - INFO - 2015-03-23    hold    miss
2017-05-08 17:59:34,604 - mylogger - INFO - 2015-03-24    hold    miss
2017-05-08 17:59:34,604 - mylogger - INFO - 2015-03-25    hold    miss
2017-05-08 17:59:34,604 - mylogger - INFO - 2015-03-26    hold    hit
2017-05-08 17:59:34,604 - mylogger - INFO - 2015-03-27    hold    miss
2017-05-08 17:59:34,605 - mylogger - INFO - 2015-03-30    hold    miss
2017-05-08 17:59:34,605 - mylogger - INFO - 2015-03-31    hold    hit
2017-05-08 17:59:34,605 - mylogger - INFO - 2015-04-01    hold    hit
2017-05-08 17:59:34,605 - mylogger - INFO - 2015-04-02    hold    miss
2017-05-08 17:59:34,605 - mylogger - INFO - 2015-04-06    hold    miss
2017-05-08 17:59:34,605 - mylogger - INFO - 2015-04-07    hold    miss
2017-05-08 17:59:34,606 - mylogger - INFO - 2015-04-08    hold    miss
2017-05-08 17:59:34,606 - mylogger - INFO - 2015-04-09    hold    miss
2017-05-08 17:59:34,606 - mylogger - INFO - 2015-04-10    hold    miss
2017-05-08 17:59:34,606 - mylogger - INFO - 2015-04-13    hold    hit
2017-05-08 17:59:34,606 - mylogger - INFO - 2015-04-14    hold    miss
2017-05-08 17:59:34,606 - mylogger - INFO - 2015-04-15    hold    miss
2017-05-08 17:59:34,607 - mylogger - INFO - 2015-04-16    hold    miss
2017-05-08 17:59:34,607 - mylogger - INFO - 2015-04-17    hold    miss
2017-05-08 17:59:34,607 - mylogger - INFO - 2015-04-20    hold    miss
2017-05-08 17:59:34,607 - mylogger - INFO - 2015-04-21    hold    miss
2017-05-08 17:59:34,607 - mylogger - INFO - 2015-04-22    hold    miss
2017-05-08 17:59:34,608 - mylogger - INFO - 2015-04-23    hold    miss
2017-05-08 17:59:34,608 - mylogger - INFO - 2015-04-24    hold    hit
2017-05-08 17:59:34,608 - mylogger - INFO - 2015-04-27    hold    miss
2017-05-08 17:59:34,608 - mylogger - INFO - 2015-04-28    hold    miss
2017-05-08 17:59:34,608 - mylogger - INFO - 2015-04-29    hold    miss
2017-05-08 17:59:34,608 - mylogger - INFO - 2015-04-30    hold    miss
2017-05-08 17:59:34,608 - mylogger - INFO - 2015-05-01    hold    miss
2017-05-08 17:59:34,608 - mylogger - INFO - 2015-05-04    hold    miss
2017-05-08 17:59:34,609 - mylogger - INFO - 2015-05-05    hold    miss
2017-05-08 17:59:34,609 - mylogger - INFO - 2015-05-06    hold    miss
2017-05-08 17:59:34,609 - mylogger - INFO - 2015-05-07    hold    miss
2017-05-08 17:59:34,609 - mylogger - INFO - 2015-05-08    hold    miss
2017-05-08 17:59:34,609 - mylogger - INFO - 2015-05-11    hold    hit
2017-05-08 17:59:34,609 - mylogger - INFO - 2015-05-12    hold    miss
2017-05-08 17:59:34,609 - mylogger - INFO - 2015-05-13    hold    miss
2017-05-08 17:59:34,609 - mylogger - INFO - 2015-05-14    hold    miss
2017-05-08 17:59:34,610 - mylogger - INFO - 2015-05-15    hold    hit
2017-05-08 17:59:34,610 - mylogger - INFO - 2015-05-18    hold    hit
2017-05-08 17:59:34,610 - mylogger - INFO - 2015-05-19    hold    miss
2017-05-08 17:59:34,610 - mylogger - INFO - 2015-05-20    hold    hit
2017-05-08 17:59:34,610 - mylogger - INFO - 2015-05-21    hold    miss
2017-05-08 17:59:34,610 - mylogger - INFO - 2015-05-22    hold    miss
2017-05-08 17:59:34,610 - mylogger - INFO - 2015-05-26    hold    miss
2017-05-08 17:59:34,611 - mylogger - INFO - 2015-05-27    hold    hit
2017-05-08 17:59:34,611 - mylogger - INFO - 2015-05-28    hold    miss
2017-05-08 17:59:34,611 - mylogger - INFO - 2015-05-29    hold    hit
2017-05-08 17:59:34,611 - mylogger - INFO - 2015-06-01    hold    hit
2017-05-08 17:59:34,611 - mylogger - INFO - 2015-06-02    hold    miss
2017-05-08 17:59:34,611 - mylogger - INFO - 2015-06-03    hold    miss
2017-05-08 17:59:34,611 - mylogger - INFO - 2015-06-04    hold    hit
2017-05-08 17:59:34,611 - mylogger - INFO - 2015-06-05    hold    miss
2017-05-08 17:59:34,612 - mylogger - INFO - 2015-06-08    hold    hit
2017-05-08 17:59:34,612 - mylogger - INFO - 2015-06-09    hold    miss
2017-05-08 17:59:34,612 - mylogger - INFO - 2015-06-10    hold    miss
2017-05-08 17:59:34,612 - mylogger - INFO - 2015-06-11    hold    miss
2017-05-08 17:59:34,612 - mylogger - INFO - 2015-06-12    hold    miss
2017-05-08 17:59:34,612 - mylogger - INFO - 2015-06-15    hold    hit
2017-05-08 17:59:34,612 - mylogger - INFO - 2015-06-16    hold    hit
2017-05-08 17:59:34,612 - mylogger - INFO - 2015-06-17    hold    miss
2017-05-08 17:59:34,612 - mylogger - INFO - 2015-06-18    hold    miss
2017-05-08 17:59:34,613 - mylogger - INFO - 2015-06-19    hold    miss
2017-05-08 17:59:34,613 - mylogger - INFO - 2015-06-22    hold    hit
2017-05-08 17:59:34,613 - mylogger - INFO - 2015-06-23    hold    miss
2017-05-08 17:59:34,613 - mylogger - INFO - 2015-06-24    hold    miss
2017-05-08 17:59:34,613 - mylogger - INFO - 2015-06-25    hold    hit
2017-05-08 17:59:34,613 - mylogger - INFO - 2015-06-26    hold    miss
2017-05-08 17:59:34,613 - mylogger - INFO - 2015-06-29    hold    miss
2017-05-08 17:59:34,613 - mylogger - INFO - 2015-06-30    hold    hit
2017-05-08 17:59:34,614 - mylogger - INFO - 2015-07-01    hold    hit
2017-05-08 17:59:34,614 - mylogger - INFO - 2015-07-02    hold    miss
2017-05-08 17:59:34,614 - mylogger - INFO - 2015-07-06    hold    miss
2017-05-08 17:59:34,614 - mylogger - INFO - 2015-07-07    hold    miss
2017-05-08 17:59:34,614 - mylogger - INFO - 2015-07-08    hold    miss
2017-05-08 17:59:34,614 - mylogger - INFO - 2015-07-09    hold    miss
2017-05-08 17:59:34,614 - mylogger - INFO - 2015-07-10    hold    miss
2017-05-08 17:59:34,614 - mylogger - INFO - 2015-07-13    hold    miss
2017-05-08 17:59:34,615 - mylogger - INFO - 2015-07-14    hold    hit
2017-05-08 17:59:34,615 - mylogger - INFO - 2015-07-15    hold    miss
2017-05-08 17:59:34,615 - mylogger - INFO - 2015-07-16    hold    miss
2017-05-08 17:59:34,615 - mylogger - INFO - 2015-07-17    hold    miss
2017-05-08 17:59:34,616 - mylogger - INFO - 2015-07-20    hold    miss
2017-05-08 17:59:34,616 - mylogger - INFO - 2015-07-21    hold    miss
2017-05-08 17:59:34,617 - mylogger - INFO - 2015-07-22    hold    miss
2017-05-08 17:59:34,617 - mylogger - INFO - 2015-07-23    hold    miss
2017-05-08 17:59:34,618 - mylogger - INFO - 2015-07-24    hold    miss
2017-05-08 17:59:34,618 - mylogger - INFO - 2015-07-27    hold    miss
2017-05-08 17:59:34,618 - mylogger - INFO - 2015-07-28    hold    miss
2017-05-08 17:59:34,619 - mylogger - INFO - 2015-07-29    hold    miss
2017-05-08 17:59:34,619 - mylogger - INFO - 2015-07-30    hold    miss
2017-05-08 17:59:34,619 - mylogger - INFO - 2015-07-31    hold    miss
2017-05-08 17:59:34,619 - mylogger - INFO - 2015-08-03    hold    hit
2017-05-08 17:59:34,619 - mylogger - INFO - 2015-08-04    hold    miss
2017-05-08 17:59:34,619 - mylogger - INFO - 2015-08-05    hold    miss
2017-05-08 17:59:34,620 - mylogger - INFO - 2015-08-06    hold    miss
2017-05-08 17:59:34,620 - mylogger - INFO - 2015-08-07    hold    miss
2017-05-08 17:59:34,620 - mylogger - INFO - 2015-08-10    hold    miss
2017-05-08 17:59:34,620 - mylogger - INFO - 2015-08-11    hold    miss
2017-05-08 17:59:34,620 - mylogger - INFO - 2015-08-12    hold    miss
2017-05-08 17:59:34,620 - mylogger - INFO - 2015-08-13    hold    miss
2017-05-08 17:59:34,620 - mylogger - INFO - 2015-08-14    hold    hit
2017-05-08 17:59:34,621 - mylogger - INFO - 2015-08-17    hold    miss
2017-05-08 17:59:34,621 - mylogger - INFO - 2015-08-18    hold    miss
2017-05-08 17:59:34,621 - mylogger - INFO - 2015-08-19    hold    miss
2017-05-08 17:59:34,621 - mylogger - INFO - 2015-08-20    hold    miss
2017-05-08 17:59:34,621 - mylogger - INFO - 2015-08-21    hold    miss
2017-05-08 17:59:34,621 - mylogger - INFO - 2015-08-24    hold    miss
2017-05-08 17:59:34,622 - mylogger - INFO - 2015-08-25    hold    miss
2017-05-08 17:59:34,622 - mylogger - INFO - 2015-08-26    hold    miss
2017-05-08 17:59:34,622 - mylogger - INFO - 2015-08-27    hold    miss
2017-05-08 17:59:34,622 - mylogger - INFO - 2015-08-28    hold    miss
2017-05-08 17:59:34,622 - mylogger - INFO - 2015-08-31    hold    miss
2017-05-08 17:59:34,623 - mylogger - INFO - 2015-09-01    hold    miss
2017-05-08 17:59:34,623 - mylogger - INFO - 2015-09-02    hold    miss
2017-05-08 17:59:34,623 - mylogger - INFO - 2015-09-03    hold    miss
2017-05-08 17:59:34,623 - mylogger - INFO - 2015-09-04    hold    miss
2017-05-08 17:59:34,623 - mylogger - INFO - 2015-09-08    hold    miss
2017-05-08 17:59:34,623 - mylogger - INFO - 2015-09-09    hold    miss
2017-05-08 17:59:34,624 - mylogger - INFO - 2015-09-10    hold    miss
2017-05-08 17:59:34,624 - mylogger - INFO - 2015-09-11    hold    miss
2017-05-08 17:59:34,624 - mylogger - INFO - 2015-09-14    hold    miss
2017-05-08 17:59:34,624 - mylogger - INFO - 2015-09-15    hold    miss
2017-05-08 17:59:34,624 - mylogger - INFO - 2015-09-16    hold    miss
2017-05-08 17:59:34,624 - mylogger - INFO - 2015-09-17    hold    miss
2017-05-08 17:59:34,625 - mylogger - INFO - 2015-09-18    hold    miss
2017-05-08 17:59:34,625 - mylogger - INFO - 2015-09-21    hold    hit
2017-05-08 17:59:34,625 - mylogger - INFO - 2015-09-22    hold    hit
2017-05-08 17:59:34,625 - mylogger - INFO - 2015-09-23    hold    miss
2017-05-08 17:59:34,625 - mylogger - INFO - 2015-09-24    hold    hit
2017-05-08 17:59:34,625 - mylogger - INFO - 2015-09-25    hold    miss
2017-05-08 17:59:34,625 - mylogger - INFO - 2015-09-28    hold    miss
2017-05-08 17:59:34,625 - mylogger - INFO - 2015-09-29    hold    miss
2017-05-08 17:59:34,626 - mylogger - INFO - 2015-09-30    hold    miss
2017-05-08 17:59:34,626 - mylogger - INFO - 2015-10-01    hold    miss
2017-05-08 17:59:34,626 - mylogger - INFO - 2015-10-02    buy     hit
2017-05-08 17:59:34,626 - mylogger - INFO - 2015-10-05    sell    miss
2017-05-08 17:59:34,626 - mylogger - INFO - 2015-10-06    hold    miss
2017-05-08 17:59:34,626 - mylogger - INFO - 2015-10-07    hold    miss
2017-05-08 17:59:34,627 - mylogger - INFO - 2015-10-08    hold    hit
2017-05-08 17:59:34,627 - mylogger - INFO - 2015-10-09    hold    hit
2017-05-08 17:59:34,627 - mylogger - INFO - 2015-10-12    hold    miss
2017-05-08 17:59:34,627 - mylogger - INFO - 2015-10-13    hold    miss
2017-05-08 17:59:34,627 - mylogger - INFO - 2015-10-14    hold    miss
2017-05-08 17:59:34,627 - mylogger - INFO - 2015-10-15    hold    miss
2017-05-08 17:59:34,628 - mylogger - INFO - 2015-10-16    hold    hit
2017-05-08 17:59:34,628 - mylogger - INFO - 2015-10-19    hold    miss
2017-05-08 17:59:34,628 - mylogger - INFO - 2015-10-20    hold    hit
2017-05-08 17:59:34,628 - mylogger - INFO - 2015-10-21    hold    miss
2017-05-08 17:59:34,628 - mylogger - INFO - 2015-10-22    hold    miss
2017-05-08 17:59:34,628 - mylogger - INFO - 2015-10-23    hold    hit
2017-05-08 17:59:34,628 - mylogger - INFO - 2015-10-26    hold    miss
2017-05-08 17:59:34,629 - mylogger - INFO - 2015-10-27    hold    miss
2017-05-08 17:59:34,629 - mylogger - INFO - 2015-10-28    hold    miss
2017-05-08 17:59:34,629 - mylogger - INFO - 2015-10-29    hold    miss
2017-05-08 17:59:34,629 - mylogger - INFO - 2015-10-30    hold    miss
2017-05-08 17:59:34,629 - mylogger - INFO - 2015-11-02    hold    miss
2017-05-08 17:59:34,629 - mylogger - INFO - 2015-11-03    hold    miss
2017-05-08 17:59:34,629 - mylogger - INFO - 2015-11-04    hold    hit
2017-05-08 17:59:34,629 - mylogger - INFO - 2015-11-05    hold    miss
2017-05-08 17:59:34,630 - mylogger - INFO - 2015-11-06    hold    miss
2017-05-08 17:59:34,630 - mylogger - INFO - 2015-11-09    hold    miss
2017-05-08 17:59:34,630 - mylogger - INFO - 2015-11-10    hold    miss
2017-05-08 17:59:34,630 - mylogger - INFO - 2015-11-11    hold    miss
2017-05-08 17:59:34,630 - mylogger - INFO - 2015-11-12    hold    hit
2017-05-08 17:59:34,630 - mylogger - INFO - 2015-11-13    hold    hit
2017-05-08 17:59:34,630 - mylogger - INFO - 2015-11-16    hold    miss
2017-05-08 17:59:34,631 - mylogger - INFO - 2015-11-17    hold    miss
2017-05-08 17:59:34,631 - mylogger - INFO - 2015-11-18    hold    miss
2017-05-08 17:59:34,631 - mylogger - INFO - 2015-11-19    hold    miss
2017-05-08 17:59:34,631 - mylogger - INFO - 2015-11-20    hold    miss
2017-05-08 17:59:34,631 - mylogger - INFO - 2015-11-23    hold    hit
2017-05-08 17:59:34,631 - mylogger - INFO - 2015-11-24    hold    miss
2017-05-08 17:59:34,631 - mylogger - INFO - 2015-11-25    hold    miss
2017-05-08 17:59:34,632 - mylogger - INFO - 2015-11-27    hold    miss
2017-05-08 17:59:34,632 - mylogger - INFO - 2015-11-30    hold    miss
2017-05-08 17:59:34,632 - mylogger - INFO - 2015-12-01    hold    miss
2017-05-08 17:59:34,632 - mylogger - INFO - 2015-12-02    hold    hit
2017-05-08 17:59:34,632 - mylogger - INFO - 2015-12-03    hold    miss
2017-05-08 17:59:34,632 - mylogger - INFO - 2015-12-04    hold    miss
2017-05-08 17:59:34,633 - mylogger - INFO - 2015-12-07    hold    miss
2017-05-08 17:59:34,633 - mylogger - INFO - 2015-12-08    hold    miss
2017-05-08 17:59:34,633 - mylogger - INFO - 2015-12-09    hold    miss
2017-05-08 17:59:34,633 - mylogger - INFO - 2015-12-10    hold    miss
2017-05-08 17:59:34,633 - mylogger - INFO - 2015-12-11    hold    miss
2017-05-08 17:59:34,633 - mylogger - INFO - 2015-12-14    hold    hit
2017-05-08 17:59:34,633 - mylogger - INFO - 2015-12-15    hold    miss
2017-05-08 17:59:34,634 - mylogger - INFO - 2015-12-16    hold    miss
2017-05-08 17:59:34,634 - mylogger - INFO - 2015-12-17    hold    miss
2017-05-08 17:59:34,634 - mylogger - INFO - 2015-12-18    hold    hit
2017-05-08 17:59:34,634 - mylogger - INFO - 2015-12-21    hold    hit
2017-05-08 17:59:34,634 - mylogger - INFO - 2015-12-22    hold    miss
2017-05-08 17:59:34,634 - mylogger - INFO - 2015-12-23    hold    miss
2017-05-08 17:59:34,634 - mylogger - INFO - 2015-12-24    hold    hit
2017-05-08 17:59:34,634 - mylogger - INFO - 2015-12-28    hold    miss
2017-05-08 17:59:34,635 - mylogger - INFO - 2015-12-29    hold    miss
2017-05-08 17:59:34,635 - mylogger - INFO - 2015-12-30    hold    hit
2017-05-08 17:59:34,635 - mylogger - INFO - Hit number:102/503
2017-05-08 17:59:34,635 - mylogger - INFO - Hit rate:0.20278330019880716
