2017-05-10 18:25:01,940 - mylogger - INFO - -0.0116582
2017-05-10 18:25:01,940 - mylogger - INFO - 2014-01-02: No short!
2017-05-10 18:25:02,256 - mylogger - INFO - -0.00310335
2017-05-10 18:25:02,257 - mylogger - INFO - 2014-01-03: No short!
2017-05-10 18:25:02,671 - mylogger - INFO - -0.005527
2017-05-10 18:25:02,671 - mylogger - INFO - 2014-01-06: No short!
2017-05-10 18:25:02,991 - mylogger - INFO - -0.00466171
2017-05-10 18:25:02,992 - mylogger - INFO - 2014-01-07: No short!
2017-05-10 18:25:03,313 - mylogger - INFO - -0.0189514
2017-05-10 18:25:03,314 - mylogger - INFO - 2014-01-08: No short!
2017-05-10 18:25:03,646 - mylogger - INFO - -0.00892445
2017-05-10 18:25:03,646 - mylogger - INFO - 2014-01-09: No short!
2017-05-10 18:25:04,068 - mylogger - INFO - -0.0114479
2017-05-10 18:25:04,068 - mylogger - INFO - 2014-01-10: No short!
2017-05-10 18:25:04,389 - mylogger - INFO - -0.0176404
2017-05-10 18:25:04,390 - mylogger - INFO - 2014-01-13: No short!
2017-05-10 18:25:04,707 - mylogger - INFO - -0.00138544
2017-05-10 18:25:04,708 - mylogger - INFO - 2014-01-14: No short!
2017-05-10 18:25:05,118 - mylogger - INFO - -0.00494958
2017-05-10 18:25:05,119 - mylogger - INFO - 2014-01-15: No short!
2017-05-10 18:25:05,442 - mylogger - INFO - -0.00708454
2017-05-10 18:25:05,443 - mylogger - INFO - 2014-01-16: No short!
2017-05-10 18:25:05,764 - mylogger - INFO - -0.00659112
2017-05-10 18:25:05,765 - mylogger - INFO - 2014-01-17: No short!
2017-05-10 18:25:06,186 - mylogger - INFO - -0.0162808
2017-05-10 18:25:06,187 - mylogger - INFO - 2014-01-21: No short!
2017-05-10 18:25:06,512 - mylogger - INFO - -0.0186626
2017-05-10 18:25:06,512 - mylogger - INFO - 2014-01-22: No short!
2017-05-10 18:25:06,841 - mylogger - INFO - -0.0112517
2017-05-10 18:25:06,841 - mylogger - INFO - 2014-01-23: No short!
2017-05-10 18:25:07,259 - mylogger - INFO - -0.0159711
2017-05-10 18:25:07,259 - mylogger - INFO - 2014-01-24: No short!
2017-05-10 18:25:07,607 - mylogger - INFO - -0.020501
2017-05-10 18:25:07,608 - mylogger - INFO - 2014-01-27: No short!
2017-05-10 18:25:07,937 - mylogger - INFO - -0.00947366
2017-05-10 18:25:07,937 - mylogger - INFO - 2014-01-28: No short!
2017-05-10 18:25:08,257 - mylogger - INFO - -0.0198108
2017-05-10 18:25:08,258 - mylogger - INFO - 2014-01-29: No short!
2017-05-10 18:25:08,676 - mylogger - INFO - -0.0214684
2017-05-10 18:25:08,676 - mylogger - INFO - 2014-01-30: No short!
2017-05-10 18:25:08,998 - mylogger - INFO - -0.0194751
2017-05-10 18:25:08,999 - mylogger - INFO - 2014-01-31: No short!
2017-05-10 18:25:09,319 - mylogger - INFO - -0.0114796
2017-05-10 18:25:09,320 - mylogger - INFO - 2014-02-03: No short!
2017-05-10 18:25:09,731 - mylogger - INFO - -0.0150503
2017-05-10 18:25:09,731 - mylogger - INFO - 2014-02-04: No short!
2017-05-10 18:25:10,062 - mylogger - INFO - 0.00377287
2017-05-10 18:25:10,063 - mylogger - INFO - 2014-02-05: buy
2017-05-10 18:25:10,063 - mylogger - INFO - 100000.0
2017-05-10 18:25:10,389 - mylogger - INFO - 0.00810552
2017-05-10 18:25:10,390 - mylogger - INFO - 2014-02-06: No cover!
2017-05-10 18:25:10,803 - mylogger - INFO - -0.000970858
2017-05-10 18:25:10,804 - mylogger - INFO - 2014-02-07: sell
2017-05-10 18:25:11,137 - mylogger - INFO - -0.00185032
2017-05-10 18:25:11,137 - mylogger - INFO - 2014-02-10: No short!
2017-05-10 18:25:11,472 - mylogger - INFO - -0.0174835
2017-05-10 18:25:11,473 - mylogger - INFO - 2014-02-11: No short!
2017-05-10 18:25:11,888 - mylogger - INFO - -0.0035676
2017-05-10 18:25:11,888 - mylogger - INFO - 2014-02-12: No short!
2017-05-10 18:25:12,208 - mylogger - INFO - -0.00198482
2017-05-10 18:25:12,208 - mylogger - INFO - 2014-02-13: No short!
2017-05-10 18:25:12,536 - mylogger - INFO - -0.00338731
2017-05-10 18:25:12,536 - mylogger - INFO - 2014-02-14: No short!
2017-05-10 18:25:12,864 - mylogger - INFO - -0.0151391
2017-05-10 18:25:12,864 - mylogger - INFO - 2014-02-18: No short!
2017-05-10 18:25:13,275 - mylogger - INFO - -0.0113511
2017-05-10 18:25:13,275 - mylogger - INFO - 2014-02-19: No short!
2017-05-10 18:25:13,603 - mylogger - INFO - -0.0188394
2017-05-10 18:25:13,603 - mylogger - INFO - 2014-02-20: No short!
2017-05-10 18:25:13,926 - mylogger - INFO - -0.00536318
2017-05-10 18:25:13,927 - mylogger - INFO - 2014-02-21: No short!
2017-05-10 18:25:14,341 - mylogger - INFO - -0.0131693
2017-05-10 18:25:14,342 - mylogger - INFO - 2014-02-24: No short!
2017-05-10 18:25:14,659 - mylogger - INFO - -0.0113047
2017-05-10 18:25:14,660 - mylogger - INFO - 2014-02-25: No short!
2017-05-10 18:25:14,987 - mylogger - INFO - -0.0194138
2017-05-10 18:25:14,988 - mylogger - INFO - 2014-02-26: No short!
2017-05-10 18:25:15,397 - mylogger - INFO - -0.0215802
2017-05-10 18:25:15,397 - mylogger - INFO - 2014-02-27: No short!
2017-05-10 18:25:15,718 - mylogger - INFO - -0.027066
2017-05-10 18:25:15,719 - mylogger - INFO - 2014-02-28: No short!
2017-05-10 18:25:16,046 - mylogger - INFO - -0.0143045
2017-05-10 18:25:16,046 - mylogger - INFO - 2014-03-03: No short!
2017-05-10 18:25:16,465 - mylogger - INFO - -0.0219202
2017-05-10 18:25:16,466 - mylogger - INFO - 2014-03-04: No short!
2017-05-10 18:25:16,785 - mylogger - INFO - -0.0201152
2017-05-10 18:25:16,786 - mylogger - INFO - 2014-03-05: No short!
2017-05-10 18:25:17,113 - mylogger - INFO - -0.0101108
2017-05-10 18:25:17,114 - mylogger - INFO - 2014-03-06: No short!
2017-05-10 18:25:17,435 - mylogger - INFO - -0.00250041
2017-05-10 18:25:17,436 - mylogger - INFO - 2014-03-07: No short!
2017-05-10 18:25:17,847 - mylogger - INFO - -0.00511314
2017-05-10 18:25:17,847 - mylogger - INFO - 2014-03-10: No short!
2017-05-10 18:25:18,171 - mylogger - INFO - -0.0122636
2017-05-10 18:25:18,171 - mylogger - INFO - 2014-03-11: No short!
2017-05-10 18:25:18,496 - mylogger - INFO - -0.0173148
2017-05-10 18:25:18,496 - mylogger - INFO - 2014-03-12: No short!
2017-05-10 18:25:18,911 - mylogger - INFO - -0.0152472
2017-05-10 18:25:18,911 - mylogger - INFO - 2014-03-13: No short!
2017-05-10 18:25:19,243 - mylogger - INFO - -0.0266588
2017-05-10 18:25:19,243 - mylogger - INFO - 2014-03-14: No short!
2017-05-10 18:25:19,575 - mylogger - INFO - -0.0137628
2017-05-10 18:25:19,575 - mylogger - INFO - 2014-03-17: No short!
2017-05-10 18:25:19,990 - mylogger - INFO - -0.0163127
2017-05-10 18:25:19,991 - mylogger - INFO - 2014-03-18: No short!
2017-05-10 18:25:20,321 - mylogger - INFO - -0.0203431
2017-05-10 18:25:20,321 - mylogger - INFO - 2014-03-19: No short!
2017-05-10 18:25:20,653 - mylogger - INFO - -0.0157675
2017-05-10 18:25:20,653 - mylogger - INFO - 2014-03-20: No short!
2017-05-10 18:25:21,071 - mylogger - INFO - -0.0152698
2017-05-10 18:25:21,071 - mylogger - INFO - 2014-03-21: No short!
2017-05-10 18:25:21,392 - mylogger - INFO - -0.0243314
2017-05-10 18:25:21,392 - mylogger - INFO - 2014-03-24: No short!
2017-05-10 18:25:21,714 - mylogger - INFO - -0.00919497
2017-05-10 18:25:21,714 - mylogger - INFO - 2014-03-25: No short!
2017-05-10 18:25:22,042 - mylogger - INFO - -0.0103851
2017-05-10 18:25:22,042 - mylogger - INFO - 2014-03-26: No short!
2017-05-10 18:25:22,451 - mylogger - INFO - -0.00158475
2017-05-10 18:25:22,451 - mylogger - INFO - 2014-03-27: No short!
2017-05-10 18:25:22,763 - mylogger - INFO - -0.00735251
2017-05-10 18:25:22,763 - mylogger - INFO - 2014-03-28: No short!
2017-05-10 18:25:23,081 - mylogger - INFO - -0.0113989
2017-05-10 18:25:23,081 - mylogger - INFO - 2014-03-31: No short!
2017-05-10 18:25:23,488 - mylogger - INFO - -0.00623317
2017-05-10 18:25:23,488 - mylogger - INFO - 2014-04-01: No short!
2017-05-10 18:25:23,810 - mylogger - INFO - -0.0265018
2017-05-10 18:25:23,810 - mylogger - INFO - 2014-04-02: No short!
2017-05-10 18:25:24,141 - mylogger - INFO - -0.0098456
2017-05-10 18:25:24,141 - mylogger - INFO - 2014-04-03: No short!
2017-05-10 18:25:24,560 - mylogger - INFO - -0.00991505
2017-05-10 18:25:24,560 - mylogger - INFO - 2014-04-04: No short!
2017-05-10 18:25:24,881 - mylogger - INFO - -0.00265213
2017-05-10 18:25:24,881 - mylogger - INFO - 2014-04-07: No short!
2017-05-10 18:25:25,207 - mylogger - INFO - -0.00688531
2017-05-10 18:25:25,207 - mylogger - INFO - 2014-04-08: No short!
2017-05-10 18:25:25,634 - mylogger - INFO - -0.00851877
2017-05-10 18:25:25,635 - mylogger - INFO - 2014-04-09: No short!
2017-05-10 18:25:25,962 - mylogger - INFO - -0.0226794
2017-05-10 18:25:25,963 - mylogger - INFO - 2014-04-10: No short!
2017-05-10 18:25:26,276 - mylogger - INFO - -0.0168597
2017-05-10 18:25:26,276 - mylogger - INFO - 2014-04-11: No short!
2017-05-10 18:25:26,595 - mylogger - INFO - -0.0166915
2017-05-10 18:25:26,596 - mylogger - INFO - 2014-04-14: No short!
2017-05-10 18:25:27,015 - mylogger - INFO - -0.0202877
2017-05-10 18:25:27,015 - mylogger - INFO - 2014-04-15: No short!
2017-05-10 18:25:27,362 - mylogger - INFO - -0.0179074
2017-05-10 18:25:27,363 - mylogger - INFO - 2014-04-16: No short!
2017-05-10 18:25:27,691 - mylogger - INFO - -0.00625831
2017-05-10 18:25:27,692 - mylogger - INFO - 2014-04-17: No short!
2017-05-10 18:25:28,111 - mylogger - INFO - -0.00167592
2017-05-10 18:25:28,112 - mylogger - INFO - 2014-04-21: No short!
2017-05-10 18:25:28,441 - mylogger - INFO - -0.0159298
2017-05-10 18:25:28,441 - mylogger - INFO - 2014-04-22: No short!
2017-05-10 18:25:28,771 - mylogger - INFO - -0.0164269
2017-05-10 18:25:28,771 - mylogger - INFO - 2014-04-23: No short!
2017-05-10 18:25:29,192 - mylogger - INFO - -0.0226985
2017-05-10 18:25:29,192 - mylogger - INFO - 2014-04-24: No short!
2017-05-10 18:25:29,520 - mylogger - INFO - -0.0159051
2017-05-10 18:25:29,521 - mylogger - INFO - 2014-04-25: No short!
2017-05-10 18:25:29,846 - mylogger - INFO - -0.00336956
2017-05-10 18:25:29,846 - mylogger - INFO - 2014-04-28: No short!
2017-05-10 18:25:30,258 - mylogger - INFO - -0.0112874
2017-05-10 18:25:30,258 - mylogger - INFO - 2014-04-29: No short!
2017-05-10 18:25:30,582 - mylogger - INFO - -0.0114332
2017-05-10 18:25:30,582 - mylogger - INFO - 2014-04-30: No short!
2017-05-10 18:25:30,904 - mylogger - INFO - -0.0184361
2017-05-10 18:25:30,904 - mylogger - INFO - 2014-05-01: No short!
2017-05-10 18:25:31,255 - mylogger - INFO - -0.0178152
2017-05-10 18:25:31,255 - mylogger - INFO - 2014-05-02: No short!
2017-05-10 18:25:31,663 - mylogger - INFO - -0.0319143
2017-05-10 18:25:31,663 - mylogger - INFO - 2014-05-05: No short!
2017-05-10 18:25:31,978 - mylogger - INFO - -0.0139233
2017-05-10 18:25:31,979 - mylogger - INFO - 2014-05-06: No short!
2017-05-10 18:25:32,363 - mylogger - INFO - -0.010895
2017-05-10 18:25:32,363 - mylogger - INFO - 2014-05-07: No short!
2017-05-10 18:25:32,880 - mylogger - INFO - -0.000378267
2017-05-10 18:25:32,880 - mylogger - INFO - 2014-05-08: No short!
2017-05-10 18:25:33,232 - mylogger - INFO - -0.00968199
2017-05-10 18:25:33,232 - mylogger - INFO - 2014-05-09: No short!
2017-05-10 18:25:33,566 - mylogger - INFO - -0.0206371
2017-05-10 18:25:33,566 - mylogger - INFO - 2014-05-12: No short!
2017-05-10 18:25:34,010 - mylogger - INFO - -0.0216693
2017-05-10 18:25:34,011 - mylogger - INFO - 2014-05-13: No short!
2017-05-10 18:25:34,348 - mylogger - INFO - -0.0330971
2017-05-10 18:25:34,348 - mylogger - INFO - 2014-05-14: No short!
2017-05-10 18:25:34,698 - mylogger - INFO - -0.00811472
2017-05-10 18:25:34,698 - mylogger - INFO - 2014-05-15: No short!
2017-05-10 18:25:35,132 - mylogger - INFO - -0.00694807
2017-05-10 18:25:35,132 - mylogger - INFO - 2014-05-16: No short!
2017-05-10 18:25:35,499 - mylogger - INFO - 0.00485353
2017-05-10 18:25:35,500 - mylogger - INFO - 2014-05-19: buy
2017-05-10 18:25:35,500 - mylogger - INFO - 100339.655262
2017-05-10 18:25:35,849 - mylogger - INFO - -0.000165632
2017-05-10 18:25:35,850 - mylogger - INFO - 2014-05-20: sell
2017-05-10 18:25:36,180 - mylogger - INFO - 0.00076801
2017-05-10 18:25:36,181 - mylogger - INFO - 2014-05-21: buy
2017-05-10 18:25:36,181 - mylogger - INFO - 100993.518083
2017-05-10 18:25:36,740 - mylogger - INFO - -0.0113863
2017-05-10 18:25:36,742 - mylogger - INFO - 2014-05-22: sell
2017-05-10 18:25:37,177 - mylogger - INFO - -0.0162883
2017-05-10 18:25:37,177 - mylogger - INFO - 2014-05-23: No short!
2017-05-10 18:25:37,526 - mylogger - INFO - -0.0131519
2017-05-10 18:25:37,526 - mylogger - INFO - 2014-05-27: No short!
2017-05-10 18:25:37,982 - mylogger - INFO - -0.00255486
2017-05-10 18:25:37,982 - mylogger - INFO - 2014-05-28: No short!
2017-05-10 18:25:38,382 - mylogger - INFO - 0.00363337
2017-05-10 18:25:38,384 - mylogger - INFO - 2014-05-29: buy
2017-05-10 18:25:38,384 - mylogger - INFO - 100930.396537
2017-05-10 18:25:38,792 - mylogger - INFO - -0.018469
2017-05-10 18:25:38,793 - mylogger - INFO - 2014-05-30: sell
2017-05-10 18:25:39,294 - mylogger - INFO - 0.00429372
2017-05-10 18:25:39,295 - mylogger - INFO - 2014-06-02: buy
2017-05-10 18:25:39,295 - mylogger - INFO - 101018.877122
2017-05-10 18:25:39,694 - mylogger - INFO - -0.00781147
2017-05-10 18:25:39,695 - mylogger - INFO - 2014-06-03: sell
2017-05-10 18:25:40,075 - mylogger - INFO - -0.0123209
2017-05-10 18:25:40,076 - mylogger - INFO - 2014-06-04: No short!
2017-05-10 18:25:40,522 - mylogger - INFO - -0.026825
2017-05-10 18:25:40,523 - mylogger - INFO - 2014-06-05: No short!
2017-05-10 18:25:40,869 - mylogger - INFO - -0.0122683
2017-05-10 18:25:40,870 - mylogger - INFO - 2014-06-06: No short!
2017-05-10 18:25:41,191 - mylogger - INFO - -0.00810143
2017-05-10 18:25:41,192 - mylogger - INFO - 2014-06-09: No short!
2017-05-10 18:25:41,534 - mylogger - INFO - -0.00310349
2017-05-10 18:25:41,534 - mylogger - INFO - 2014-06-10: No short!
2017-05-10 18:25:41,988 - mylogger - INFO - -0.0152581
2017-05-10 18:25:41,989 - mylogger - INFO - 2014-06-11: No short!
2017-05-10 18:25:42,328 - mylogger - INFO - -0.0124214
2017-05-10 18:25:42,328 - mylogger - INFO - 2014-06-12: No short!
2017-05-10 18:25:42,656 - mylogger - INFO - -0.0200082
2017-05-10 18:25:42,657 - mylogger - INFO - 2014-06-13: No short!
2017-05-10 18:25:43,100 - mylogger - INFO - -0.0150057
2017-05-10 18:25:43,101 - mylogger - INFO - 2014-06-16: No short!
2017-05-10 18:25:43,437 - mylogger - INFO - -0.000203644
2017-05-10 18:25:43,437 - mylogger - INFO - 2014-06-17: No short!
2017-05-10 18:25:43,770 - mylogger - INFO - -0.0175566
2017-05-10 18:25:43,770 - mylogger - INFO - 2014-06-18: No short!
2017-05-10 18:25:44,242 - mylogger - INFO - -0.00358352
2017-05-10 18:25:44,242 - mylogger - INFO - 2014-06-19: No short!
2017-05-10 18:25:44,581 - mylogger - INFO - -0.00860266
2017-05-10 18:25:44,581 - mylogger - INFO - 2014-06-20: No short!
2017-05-10 18:25:44,928 - mylogger - INFO - -0.00348691
2017-05-10 18:25:44,929 - mylogger - INFO - 2014-06-23: No short!
2017-05-10 18:25:45,379 - mylogger - INFO - -0.0107504
2017-05-10 18:25:45,379 - mylogger - INFO - 2014-06-24: No short!
2017-05-10 18:25:45,703 - mylogger - INFO - -0.0191756
2017-05-10 18:25:45,703 - mylogger - INFO - 2014-06-25: No short!
2017-05-10 18:25:46,033 - mylogger - INFO - -0.0185113
2017-05-10 18:25:46,034 - mylogger - INFO - 2014-06-26: No short!
2017-05-10 18:25:46,380 - mylogger - INFO - -0.0170387
2017-05-10 18:25:46,380 - mylogger - INFO - 2014-06-27: No short!
2017-05-10 18:25:46,824 - mylogger - INFO - -0.0186672
2017-05-10 18:25:46,824 - mylogger - INFO - 2014-06-30: No short!
2017-05-10 18:25:47,172 - mylogger - INFO - -0.0111757
2017-05-10 18:25:47,172 - mylogger - INFO - 2014-07-01: No short!
2017-05-10 18:25:47,506 - mylogger - INFO - -0.00778971
2017-05-10 18:25:47,506 - mylogger - INFO - 2014-07-02: No short!
2017-05-10 18:25:47,959 - mylogger - INFO - -0.00708425
2017-05-10 18:25:47,960 - mylogger - INFO - 2014-07-03: No short!
2017-05-10 18:25:48,305 - mylogger - INFO - -0.00568153
2017-05-10 18:25:48,305 - mylogger - INFO - 2014-07-07: No short!
2017-05-10 18:25:48,649 - mylogger - INFO - -0.00938128
2017-05-10 18:25:48,649 - mylogger - INFO - 2014-07-08: No short!
2017-05-10 18:25:49,087 - mylogger - INFO - -0.00348812
2017-05-10 18:25:49,088 - mylogger - INFO - 2014-07-09: No short!
2017-05-10 18:25:49,425 - mylogger - INFO - -0.0017729
2017-05-10 18:25:49,425 - mylogger - INFO - 2014-07-10: No short!
2017-05-10 18:25:49,771 - mylogger - INFO - -0.0065233
2017-05-10 18:25:49,772 - mylogger - INFO - 2014-07-11: No short!
2017-05-10 18:25:50,218 - mylogger - INFO - 0.00886513
2017-05-10 18:25:50,219 - mylogger - INFO - 2014-07-14: buy
2017-05-10 18:25:50,219 - mylogger - INFO - 100053.079678
2017-05-10 18:25:50,572 - mylogger - INFO - -0.0174195
2017-05-10 18:25:50,574 - mylogger - INFO - 2014-07-15: sell
2017-05-10 18:25:50,918 - mylogger - INFO - -0.01864
2017-05-10 18:25:50,918 - mylogger - INFO - 2014-07-16: No short!
2017-05-10 18:25:51,363 - mylogger - INFO - -0.0245207
2017-05-10 18:25:51,363 - mylogger - INFO - 2014-07-17: No short!
2017-05-10 18:25:51,701 - mylogger - INFO - -0.00769207
2017-05-10 18:25:51,701 - mylogger - INFO - 2014-07-18: No short!
2017-05-10 18:25:52,049 - mylogger - INFO - -0.0221671
2017-05-10 18:25:52,050 - mylogger - INFO - 2014-07-21: No short!
2017-05-10 18:25:52,396 - mylogger - INFO - -0.00665627
2017-05-10 18:25:52,396 - mylogger - INFO - 2014-07-22: No short!
2017-05-10 18:25:52,853 - mylogger - INFO - -0.00166254
2017-05-10 18:25:52,854 - mylogger - INFO - 2014-07-23: No short!
2017-05-10 18:25:53,195 - mylogger - INFO - -0.00386232
2017-05-10 18:25:53,196 - mylogger - INFO - 2014-07-24: No short!
2017-05-10 18:25:53,538 - mylogger - INFO - -0.00434661
2017-05-10 18:25:53,538 - mylogger - INFO - 2014-07-25: No short!
2017-05-10 18:25:53,979 - mylogger - INFO - -0.00663537
2017-05-10 18:25:53,980 - mylogger - INFO - 2014-07-28: No short!
2017-05-10 18:25:54,350 - mylogger - INFO - -0.00414662
2017-05-10 18:25:54,351 - mylogger - INFO - 2014-07-29: No short!
2017-05-10 18:25:54,716 - mylogger - INFO - -0.00417921
2017-05-10 18:25:54,716 - mylogger - INFO - 2014-07-30: No short!
2017-05-10 18:25:55,162 - mylogger - INFO - -0.00316853
2017-05-10 18:25:55,162 - mylogger - INFO - 2014-07-31: No short!
2017-05-10 18:25:55,511 - mylogger - INFO - -0.013388
2017-05-10 18:25:55,512 - mylogger - INFO - 2014-08-01: No short!
2017-05-10 18:25:55,855 - mylogger - INFO - -0.0128242
2017-05-10 18:25:55,856 - mylogger - INFO - 2014-08-04: No short!
2017-05-10 18:25:56,308 - mylogger - INFO - -0.0116691
2017-05-10 18:25:56,309 - mylogger - INFO - 2014-08-05: No short!
2017-05-10 18:25:56,653 - mylogger - INFO - -0.0118466
2017-05-10 18:25:56,653 - mylogger - INFO - 2014-08-06: No short!
2017-05-10 18:25:57,016 - mylogger - INFO - -0.00819157
2017-05-10 18:25:57,016 - mylogger - INFO - 2014-08-07: No short!
2017-05-10 18:25:57,347 - mylogger - INFO - -0.0085846
2017-05-10 18:25:57,348 - mylogger - INFO - 2014-08-08: No short!
2017-05-10 18:25:57,813 - mylogger - INFO - -0.00929811
2017-05-10 18:25:57,813 - mylogger - INFO - 2014-08-11: No short!
2017-05-10 18:25:58,148 - mylogger - INFO - -0.00480547
2017-05-10 18:25:58,148 - mylogger - INFO - 2014-08-12: No short!
2017-05-10 18:25:58,507 - mylogger - INFO - 0.00794901
2017-05-10 18:25:58,508 - mylogger - INFO - 2014-08-13: buy
2017-05-10 18:25:58,508 - mylogger - INFO - 101530.004095
2017-05-10 18:25:58,951 - mylogger - INFO - -0.00991912
2017-05-10 18:25:58,952 - mylogger - INFO - 2014-08-14: sell
2017-05-10 18:25:59,293 - mylogger - INFO - -0.0162431
2017-05-10 18:25:59,293 - mylogger - INFO - 2014-08-15: No short!
2017-05-10 18:25:59,649 - mylogger - INFO - -0.0164816
2017-05-10 18:25:59,649 - mylogger - INFO - 2014-08-18: No short!
2017-05-10 18:26:00,075 - mylogger - INFO - -0.00506521
2017-05-10 18:26:00,076 - mylogger - INFO - 2014-08-19: No short!
2017-05-10 18:26:00,452 - mylogger - INFO - 0.0025163
2017-05-10 18:26:00,453 - mylogger - INFO - 2014-08-20: buy
2017-05-10 18:26:00,453 - mylogger - INFO - 100522.094611
2017-05-10 18:26:00,804 - mylogger - INFO - -0.0168508
2017-05-10 18:26:00,805 - mylogger - INFO - 2014-08-21: sell
2017-05-10 18:26:01,259 - mylogger - INFO - -0.0111692
2017-05-10 18:26:01,259 - mylogger - INFO - 2014-08-22: No short!
2017-05-10 18:26:01,609 - mylogger - INFO - -0.00959034
2017-05-10 18:26:01,610 - mylogger - INFO - 2014-08-25: No short!
2017-05-10 18:26:01,935 - mylogger - INFO - -0.0172875
2017-05-10 18:26:01,935 - mylogger - INFO - 2014-08-26: No short!
2017-05-10 18:26:02,277 - mylogger - INFO - -0.000243955
2017-05-10 18:26:02,277 - mylogger - INFO - 2014-08-27: No short!
2017-05-10 18:26:02,730 - mylogger - INFO - 0.00183932
2017-05-10 18:26:02,731 - mylogger - INFO - 2014-08-28: buy
2017-05-10 18:26:02,731 - mylogger - INFO - 99391.883244
2017-05-10 18:26:03,097 - mylogger - INFO - -0.00332741
2017-05-10 18:26:03,099 - mylogger - INFO - 2014-08-29: sell
2017-05-10 18:26:03,434 - mylogger - INFO - 0.00294849
2017-05-10 18:26:03,435 - mylogger - INFO - 2014-09-02: buy
2017-05-10 18:26:03,435 - mylogger - INFO - 98832.4021585
2017-05-10 18:26:03,899 - mylogger - INFO - 0.00306106
2017-05-10 18:26:03,900 - mylogger - INFO - 2014-09-03: No cover!
2017-05-10 18:26:04,232 - mylogger - INFO - -0.0014747
2017-05-10 18:26:04,233 - mylogger - INFO - 2014-09-04: sell
2017-05-10 18:26:04,583 - mylogger - INFO - -0.0165423
2017-05-10 18:26:04,584 - mylogger - INFO - 2014-09-05: No short!
2017-05-10 18:26:05,031 - mylogger - INFO - -0.0066991
2017-05-10 18:26:05,031 - mylogger - INFO - 2014-09-08: No short!
2017-05-10 18:26:05,376 - mylogger - INFO - -0.00879693
2017-05-10 18:26:05,376 - mylogger - INFO - 2014-09-09: No short!
2017-05-10 18:26:05,709 - mylogger - INFO - -0.0167885
2017-05-10 18:26:05,709 - mylogger - INFO - 2014-09-10: No short!
2017-05-10 18:26:06,157 - mylogger - INFO - 0.000958762
2017-05-10 18:26:06,158 - mylogger - INFO - 2014-09-11: buy
2017-05-10 18:26:06,159 - mylogger - INFO - 99343.0550278
2017-05-10 18:26:06,503 - mylogger - INFO - -0.0111899
2017-05-10 18:26:06,504 - mylogger - INFO - 2014-09-12: sell
2017-05-10 18:26:06,861 - mylogger - INFO - -0.00283867
2017-05-10 18:26:06,862 - mylogger - INFO - 2014-09-15: No short!
2017-05-10 18:26:07,260 - mylogger - INFO - -0.00323806
2017-05-10 18:26:07,260 - mylogger - INFO - 2014-09-16: No short!
2017-05-10 18:26:07,689 - mylogger - INFO - 0.0056036
2017-05-10 18:26:07,690 - mylogger - INFO - 2014-09-17: buy
2017-05-10 18:26:07,690 - mylogger - INFO - 99471.2364763
2017-05-10 18:26:08,064 - mylogger - INFO - -0.00686236
2017-05-10 18:26:08,066 - mylogger - INFO - 2014-09-18: sell
2017-05-10 18:26:08,416 - mylogger - INFO - -0.00391173
2017-05-10 18:26:08,417 - mylogger - INFO - 2014-09-19: No short!
2017-05-10 18:26:08,860 - mylogger - INFO - 0.007196
2017-05-10 18:26:08,861 - mylogger - INFO - 2014-09-22: buy
2017-05-10 18:26:08,861 - mylogger - INFO - 99714.5352511
2017-05-10 18:26:09,193 - mylogger - INFO - -0.0149628
2017-05-10 18:26:09,194 - mylogger - INFO - 2014-09-23: sell
2017-05-10 18:26:09,542 - mylogger - INFO - -0.00762816
2017-05-10 18:26:09,542 - mylogger - INFO - 2014-09-24: No short!
2017-05-10 18:26:09,988 - mylogger - INFO - -0.0151995
2017-05-10 18:26:09,988 - mylogger - INFO - 2014-09-25: No short!
2017-05-10 18:26:10,357 - mylogger - INFO - -0.00881074
2017-05-10 18:26:10,357 - mylogger - INFO - 2014-09-26: No short!
2017-05-10 18:26:10,710 - mylogger - INFO - -0.00459106
2017-05-10 18:26:10,711 - mylogger - INFO - 2014-09-29: No short!
2017-05-10 18:26:11,174 - mylogger - INFO - -0.0047997
2017-05-10 18:26:11,174 - mylogger - INFO - 2014-09-30: No short!
2017-05-10 18:26:11,510 - mylogger - INFO - -0.0201522
2017-05-10 18:26:11,511 - mylogger - INFO - 2014-10-01: No short!
2017-05-10 18:26:11,873 - mylogger - INFO - -0.0247047
2017-05-10 18:26:11,874 - mylogger - INFO - 2014-10-02: No short!
2017-05-10 18:26:12,221 - mylogger - INFO - -0.0146809
2017-05-10 18:26:12,222 - mylogger - INFO - 2014-10-03: No short!
2017-05-10 18:26:12,685 - mylogger - INFO - -0.0270915
2017-05-10 18:26:12,685 - mylogger - INFO - 2014-10-06: No short!
2017-05-10 18:26:13,045 - mylogger - INFO - -0.0166527
2017-05-10 18:26:13,046 - mylogger - INFO - 2014-10-07: No short!
2017-05-10 18:26:13,406 - mylogger - INFO - -0.0167504
2017-05-10 18:26:13,406 - mylogger - INFO - 2014-10-08: No short!
2017-05-10 18:26:13,876 - mylogger - INFO - 0.000671138
2017-05-10 18:26:13,877 - mylogger - INFO - 2014-10-09: buy
2017-05-10 18:26:13,877 - mylogger - INFO - 99308.2165397
2017-05-10 18:26:14,226 - mylogger - INFO - -0.0159787
2017-05-10 18:26:14,227 - mylogger - INFO - 2014-10-10: sell
2017-05-10 18:26:14,558 - mylogger - INFO - -0.0271925
2017-05-10 18:26:14,558 - mylogger - INFO - 2014-10-13: No short!
2017-05-10 18:26:15,011 - mylogger - INFO - -0.0254604
2017-05-10 18:26:15,011 - mylogger - INFO - 2014-10-14: No short!
2017-05-10 18:26:15,344 - mylogger - INFO - -0.0231232
2017-05-10 18:26:15,344 - mylogger - INFO - 2014-10-15: No short!
2017-05-10 18:26:15,690 - mylogger - INFO - -0.00343917
2017-05-10 18:26:15,691 - mylogger - INFO - 2014-10-16: No short!
2017-05-10 18:26:16,140 - mylogger - INFO - -0.00252417
2017-05-10 18:26:16,141 - mylogger - INFO - 2014-10-17: No short!
2017-05-10 18:26:16,478 - mylogger - INFO - -0.00736828
2017-05-10 18:26:16,478 - mylogger - INFO - 2014-10-20: No short!
2017-05-10 18:26:16,801 - mylogger - INFO - -0.000248813
2017-05-10 18:26:16,802 - mylogger - INFO - 2014-10-21: No short!
2017-05-10 18:26:17,245 - mylogger - INFO - -0.0142328
2017-05-10 18:26:17,246 - mylogger - INFO - 2014-10-22: No short!
2017-05-10 18:26:17,625 - mylogger - INFO - -0.010477
2017-05-10 18:26:17,625 - mylogger - INFO - 2014-10-23: No short!
2017-05-10 18:26:17,950 - mylogger - INFO - -0.0228611
2017-05-10 18:26:17,951 - mylogger - INFO - 2014-10-24: No short!
2017-05-10 18:26:18,301 - mylogger - INFO - -0.0224668
2017-05-10 18:26:18,301 - mylogger - INFO - 2014-10-27: No short!
2017-05-10 18:26:18,727 - mylogger - INFO - -0.0183047
2017-05-10 18:26:18,727 - mylogger - INFO - 2014-10-28: No short!
2017-05-10 18:26:19,176 - mylogger - INFO - -0.0190775
2017-05-10 18:26:19,177 - mylogger - INFO - 2014-10-29: No short!
2017-05-10 18:26:19,612 - mylogger - INFO - -0.0084762
2017-05-10 18:26:19,613 - mylogger - INFO - 2014-10-30: No short!
2017-05-10 18:26:20,035 - mylogger - INFO - -0.0172683
2017-05-10 18:26:20,036 - mylogger - INFO - 2014-10-31: No short!
2017-05-10 18:26:20,364 - mylogger - INFO - -0.0230473
2017-05-10 18:26:20,365 - mylogger - INFO - 2014-11-03: No short!
2017-05-10 18:26:20,686 - mylogger - INFO - -0.0131123
2017-05-10 18:26:20,687 - mylogger - INFO - 2014-11-04: No short!
2017-05-10 18:26:21,113 - mylogger - INFO - -0.0146706
2017-05-10 18:26:21,114 - mylogger - INFO - 2014-11-05: No short!
2017-05-10 18:26:21,443 - mylogger - INFO - -0.00971908
2017-05-10 18:26:21,444 - mylogger - INFO - 2014-11-06: No short!
2017-05-10 18:26:21,767 - mylogger - INFO - -0.0273462
2017-05-10 18:26:21,767 - mylogger - INFO - 2014-11-07: No short!
2017-05-10 18:26:22,191 - mylogger - INFO - -0.0164537
2017-05-10 18:26:22,191 - mylogger - INFO - 2014-11-10: No short!
2017-05-10 18:26:22,523 - mylogger - INFO - -0.000995054
2017-05-10 18:26:22,524 - mylogger - INFO - 2014-11-11: No short!
2017-05-10 18:26:22,848 - mylogger - INFO - 0.00500581
2017-05-10 18:26:22,849 - mylogger - INFO - 2014-11-12: buy
2017-05-10 18:26:22,849 - mylogger - INFO - 97960.6689902
2017-05-10 18:26:23,275 - mylogger - INFO - -0.00422094
2017-05-10 18:26:23,276 - mylogger - INFO - 2014-11-13: sell
2017-05-10 18:26:23,645 - mylogger - INFO - -0.00348458
2017-05-10 18:26:23,645 - mylogger - INFO - 2014-11-14: No short!
2017-05-10 18:26:23,974 - mylogger - INFO - 0.00852213
2017-05-10 18:26:23,975 - mylogger - INFO - 2014-11-17: buy
2017-05-10 18:26:23,975 - mylogger - INFO - 98048.2528236
2017-05-10 18:26:24,303 - mylogger - INFO - 0.0155445
2017-05-10 18:26:24,304 - mylogger - INFO - 2014-11-18: No cover!
2017-05-10 18:26:24,725 - mylogger - INFO - -0.00240361
2017-05-10 18:26:24,726 - mylogger - INFO - 2014-11-19: sell
2017-05-10 18:26:25,056 - mylogger - INFO - -0.00926975
2017-05-10 18:26:25,056 - mylogger - INFO - 2014-11-20: No short!
2017-05-10 18:26:25,386 - mylogger - INFO - -0.0114388
2017-05-10 18:26:25,387 - mylogger - INFO - 2014-11-21: No short!
2017-05-10 18:26:25,806 - mylogger - INFO - -0.0160788
2017-05-10 18:26:25,806 - mylogger - INFO - 2014-11-24: No short!
2017-05-10 18:26:26,130 - mylogger - INFO - -0.0202456
2017-05-10 18:26:26,130 - mylogger - INFO - 2014-11-25: No short!
2017-05-10 18:26:26,457 - mylogger - INFO - -0.00772796
2017-05-10 18:26:26,457 - mylogger - INFO - 2014-11-26: No short!
2017-05-10 18:26:26,876 - mylogger - INFO - -0.0308272
2017-05-10 18:26:26,876 - mylogger - INFO - 2014-11-28: No short!
2017-05-10 18:26:27,222 - mylogger - INFO - -0.0137318
2017-05-10 18:26:27,222 - mylogger - INFO - 2014-12-01: No short!
2017-05-10 18:26:27,539 - mylogger - INFO - -0.0261368
2017-05-10 18:26:27,539 - mylogger - INFO - 2014-12-02: No short!
2017-05-10 18:26:27,950 - mylogger - INFO - -0.0244996
2017-05-10 18:26:27,950 - mylogger - INFO - 2014-12-03: No short!
2017-05-10 18:26:28,278 - mylogger - INFO - -0.000660415
2017-05-10 18:26:28,279 - mylogger - INFO - 2014-12-04: No short!
2017-05-10 18:26:28,608 - mylogger - INFO - -0.00853378
2017-05-10 18:26:28,609 - mylogger - INFO - 2014-12-05: No short!
2017-05-10 18:26:28,945 - mylogger - INFO - -0.00267582
2017-05-10 18:26:28,946 - mylogger - INFO - 2014-12-08: No short!
2017-05-10 18:26:29,362 - mylogger - INFO - -0.00826673
2017-05-10 18:26:29,362 - mylogger - INFO - 2014-12-09: No short!
2017-05-10 18:26:29,685 - mylogger - INFO - -0.00782849
2017-05-10 18:26:29,685 - mylogger - INFO - 2014-12-10: No short!
2017-05-10 18:26:30,011 - mylogger - INFO - -0.0172156
2017-05-10 18:26:30,012 - mylogger - INFO - 2014-12-11: No short!
2017-05-10 18:26:30,432 - mylogger - INFO - -0.0103524
2017-05-10 18:26:30,433 - mylogger - INFO - 2014-12-12: No short!
2017-05-10 18:26:30,763 - mylogger - INFO - -0.0195314
2017-05-10 18:26:30,763 - mylogger - INFO - 2014-12-15: No short!
2017-05-10 18:26:31,095 - mylogger - INFO - -0.00800063
2017-05-10 18:26:31,096 - mylogger - INFO - 2014-12-16: No short!
2017-05-10 18:26:31,520 - mylogger - INFO - -0.0196698
2017-05-10 18:26:31,520 - mylogger - INFO - 2014-12-17: No short!
2017-05-10 18:26:31,843 - mylogger - INFO - -0.0178441
2017-05-10 18:26:31,843 - mylogger - INFO - 2014-12-18: No short!
2017-05-10 18:26:32,167 - mylogger - INFO - -0.0148702
2017-05-10 18:26:32,167 - mylogger - INFO - 2014-12-19: No short!
2017-05-10 18:26:32,596 - mylogger - INFO - -0.0195411
2017-05-10 18:26:32,596 - mylogger - INFO - 2014-12-22: No short!
2017-05-10 18:26:32,922 - mylogger - INFO - -0.00274205
2017-05-10 18:26:32,922 - mylogger - INFO - 2014-12-23: No short!
2017-05-10 18:26:33,246 - mylogger - INFO - -0.0127126
2017-05-10 18:26:33,246 - mylogger - INFO - 2014-12-24: No short!
2017-05-10 18:26:33,576 - mylogger - INFO - -0.0164083
2017-05-10 18:26:33,577 - mylogger - INFO - 2014-12-26: No short!
2017-05-10 18:26:33,996 - mylogger - INFO - -0.0145283
2017-05-10 18:26:33,997 - mylogger - INFO - 2014-12-29: No short!
2017-05-10 18:26:34,319 - mylogger - INFO - -0.0185085
2017-05-10 18:26:34,319 - mylogger - INFO - 2014-12-30: No short!
2017-05-10 18:26:34,638 - mylogger - INFO - -0.0127779
2017-05-10 18:26:34,639 - mylogger - INFO - 2014-12-31: No short!
2017-05-10 18:26:35,068 - mylogger - INFO - 0.0031091
2017-05-10 18:26:35,069 - mylogger - INFO - 2015-01-02: buy
2017-05-10 18:26:35,069 - mylogger - INFO - 97398.8507449
2017-05-10 18:26:35,391 - mylogger - INFO - -0.0102729
2017-05-10 18:26:35,392 - mylogger - INFO - 2015-01-05: sell
2017-05-10 18:26:35,717 - mylogger - INFO - -0.00979815
2017-05-10 18:26:35,717 - mylogger - INFO - 2015-01-06: No short!
2017-05-10 18:26:36,139 - mylogger - INFO - -0.0185552
2017-05-10 18:26:36,139 - mylogger - INFO - 2015-01-07: No short!
2017-05-10 18:26:36,464 - mylogger - INFO - -0.0201153
2017-05-10 18:26:36,464 - mylogger - INFO - 2015-01-08: No short!
2017-05-10 18:26:36,798 - mylogger - INFO - -0.0218425
2017-05-10 18:26:36,799 - mylogger - INFO - 2015-01-09: No short!
2017-05-10 18:26:37,234 - mylogger - INFO - -0.0174417
2017-05-10 18:26:37,235 - mylogger - INFO - 2015-01-12: No short!
2017-05-10 18:26:37,564 - mylogger - INFO - -0.0172645
2017-05-10 18:26:37,565 - mylogger - INFO - 2015-01-13: No short!
2017-05-10 18:26:37,892 - mylogger - INFO - -0.00699222
2017-05-10 18:26:37,892 - mylogger - INFO - 2015-01-14: No short!
2017-05-10 18:26:38,212 - mylogger - INFO - -0.00108601
2017-05-10 18:26:38,212 - mylogger - INFO - 2015-01-15: No short!
2017-05-10 18:26:38,637 - mylogger - INFO - -0.0129003
2017-05-10 18:26:38,638 - mylogger - INFO - 2015-01-16: No short!
2017-05-10 18:26:38,963 - mylogger - INFO - -0.00768164
2017-05-10 18:26:38,963 - mylogger - INFO - 2015-01-20: No short!
2017-05-10 18:26:39,288 - mylogger - INFO - -0.0272769
2017-05-10 18:26:39,289 - mylogger - INFO - 2015-01-21: No short!
2017-05-10 18:26:39,716 - mylogger - INFO - -0.0179739
2017-05-10 18:26:39,716 - mylogger - INFO - 2015-01-22: No short!
2017-05-10 18:26:40,050 - mylogger - INFO - -0.014527
2017-05-10 18:26:40,050 - mylogger - INFO - 2015-01-23: No short!
2017-05-10 18:26:40,373 - mylogger - INFO - -0.00521694
2017-05-10 18:26:40,374 - mylogger - INFO - 2015-01-26: No short!
2017-05-10 18:26:40,805 - mylogger - INFO - -0.00985323
2017-05-10 18:26:40,805 - mylogger - INFO - 2015-01-27: No short!
2017-05-10 18:26:41,126 - mylogger - INFO - -0.00312275
2017-05-10 18:26:41,127 - mylogger - INFO - 2015-01-28: No short!
2017-05-10 18:26:41,443 - mylogger - INFO - -0.0109634
2017-05-10 18:26:41,443 - mylogger - INFO - 2015-01-29: No short!
2017-05-10 18:26:41,851 - mylogger - INFO - 0.00010135
2017-05-10 18:26:41,852 - mylogger - INFO - 2015-01-30: buy
2017-05-10 18:26:41,852 - mylogger - INFO - 95276.6415772
2017-05-10 18:26:42,173 - mylogger - INFO - -0.0137227
2017-05-10 18:26:42,174 - mylogger - INFO - 2015-02-02: sell
2017-05-10 18:26:42,499 - mylogger - INFO - -0.0120275
2017-05-10 18:26:42,499 - mylogger - INFO - 2015-02-03: No short!
2017-05-10 18:26:42,822 - mylogger - INFO - -0.00462388
2017-05-10 18:26:42,822 - mylogger - INFO - 2015-02-04: No short!
2017-05-10 18:26:43,237 - mylogger - INFO - -0.00227177
2017-05-10 18:26:43,237 - mylogger - INFO - 2015-02-05: No short!
2017-05-10 18:26:43,552 - mylogger - INFO - -0.0161946
2017-05-10 18:26:43,553 - mylogger - INFO - 2015-02-06: No short!
2017-05-10 18:26:43,863 - mylogger - INFO - -0.0204458
2017-05-10 18:26:43,863 - mylogger - INFO - 2015-02-09: No short!
2017-05-10 18:26:44,267 - mylogger - INFO - -0.00543473
2017-05-10 18:26:44,267 - mylogger - INFO - 2015-02-10: No short!
2017-05-10 18:26:44,583 - mylogger - INFO - -0.0181943
2017-05-10 18:26:44,584 - mylogger - INFO - 2015-02-11: No short!
2017-05-10 18:26:44,924 - mylogger - INFO - -0.0140836
2017-05-10 18:26:44,924 - mylogger - INFO - 2015-02-12: No short!
2017-05-10 18:26:45,333 - mylogger - INFO - -0.00604701
2017-05-10 18:26:45,334 - mylogger - INFO - 2015-02-13: No short!
2017-05-10 18:26:45,651 - mylogger - INFO - -0.00422123
2017-05-10 18:26:45,651 - mylogger - INFO - 2015-02-17: No short!
2017-05-10 18:26:45,966 - mylogger - INFO - -0.00984796
2017-05-10 18:26:45,967 - mylogger - INFO - 2015-02-18: No short!
2017-05-10 18:26:46,380 - mylogger - INFO - -0.00577125
2017-05-10 18:26:46,380 - mylogger - INFO - 2015-02-19: No short!
2017-05-10 18:26:46,715 - mylogger - INFO - -0.0232078
2017-05-10 18:26:46,715 - mylogger - INFO - 2015-02-20: No short!
2017-05-10 18:26:47,052 - mylogger - INFO - -0.00929229
2017-05-10 18:26:47,052 - mylogger - INFO - 2015-02-23: No short!
2017-05-10 18:26:47,379 - mylogger - INFO - -0.00362009
2017-05-10 18:26:47,379 - mylogger - INFO - 2015-02-24: No short!
2017-05-10 18:26:47,804 - mylogger - INFO - 0.00265948
2017-05-10 18:26:47,805 - mylogger - INFO - 2015-02-25: buy
2017-05-10 18:26:47,805 - mylogger - INFO - 96249.00537
2017-05-10 18:26:48,136 - mylogger - INFO - -0.0125432
2017-05-10 18:26:48,137 - mylogger - INFO - 2015-02-26: sell
2017-05-10 18:26:48,473 - mylogger - INFO - -0.00396838
2017-05-10 18:26:48,473 - mylogger - INFO - 2015-02-27: No short!
2017-05-10 18:26:48,899 - mylogger - INFO - -0.0069943
2017-05-10 18:26:48,899 - mylogger - INFO - 2015-03-02: No short!
2017-05-10 18:26:49,229 - mylogger - INFO - -0.0112082
2017-05-10 18:26:49,229 - mylogger - INFO - 2015-03-03: No short!
2017-05-10 18:26:49,563 - mylogger - INFO - -0.0238458
2017-05-10 18:26:49,563 - mylogger - INFO - 2015-03-04: No short!
2017-05-10 18:26:49,992 - mylogger - INFO - -0.018441
2017-05-10 18:26:49,992 - mylogger - INFO - 2015-03-05: No short!
2017-05-10 18:26:50,311 - mylogger - INFO - -0.0150245
2017-05-10 18:26:50,312 - mylogger - INFO - 2015-03-06: No short!
2017-05-10 18:26:50,635 - mylogger - INFO - -0.0219089
2017-05-10 18:26:50,635 - mylogger - INFO - 2015-03-09: No short!
2017-05-10 18:26:51,057 - mylogger - INFO - -0.0057409
2017-05-10 18:26:51,058 - mylogger - INFO - 2015-03-10: No short!
2017-05-10 18:26:51,384 - mylogger - INFO - -0.0312041
2017-05-10 18:26:51,385 - mylogger - INFO - 2015-03-11: No short!
2017-05-10 18:26:51,717 - mylogger - INFO - -0.0226611
2017-05-10 18:26:51,718 - mylogger - INFO - 2015-03-12: No short!
2017-05-10 18:26:52,051 - mylogger - INFO - -0.0310686
2017-05-10 18:26:52,051 - mylogger - INFO - 2015-03-13: No short!
2017-05-10 18:26:52,481 - mylogger - INFO - -0.0215271
2017-05-10 18:26:52,481 - mylogger - INFO - 2015-03-16: No short!
2017-05-10 18:26:52,801 - mylogger - INFO - -0.0168535
2017-05-10 18:26:52,801 - mylogger - INFO - 2015-03-17: No short!
2017-05-10 18:26:53,133 - mylogger - INFO - -0.0106245
2017-05-10 18:26:53,133 - mylogger - INFO - 2015-03-18: No short!
2017-05-10 18:26:53,551 - mylogger - INFO - -0.0170075
2017-05-10 18:26:53,551 - mylogger - INFO - 2015-03-19: No short!
2017-05-10 18:26:53,871 - mylogger - INFO - -0.0161301
2017-05-10 18:26:53,871 - mylogger - INFO - 2015-03-20: No short!
2017-05-10 18:26:54,213 - mylogger - INFO - -0.00762799
2017-05-10 18:26:54,214 - mylogger - INFO - 2015-03-23: No short!
2017-05-10 18:26:54,632 - mylogger - INFO - -0.0178207
2017-05-10 18:26:54,632 - mylogger - INFO - 2015-03-24: No short!
2017-05-10 18:26:54,951 - mylogger - INFO - -0.0081814
2017-05-10 18:26:54,951 - mylogger - INFO - 2015-03-25: No short!
2017-05-10 18:26:55,263 - mylogger - INFO - -0.0165287
2017-05-10 18:26:55,264 - mylogger - INFO - 2015-03-26: No short!
2017-05-10 18:26:55,682 - mylogger - INFO - -0.0241543
2017-05-10 18:26:55,683 - mylogger - INFO - 2015-03-27: No short!
2017-05-10 18:26:56,014 - mylogger - INFO - -0.0239425
2017-05-10 18:26:56,014 - mylogger - INFO - 2015-03-30: No short!
2017-05-10 18:26:56,337 - mylogger - INFO - -0.0237635
2017-05-10 18:26:56,337 - mylogger - INFO - 2015-03-31: No short!
2017-05-10 18:26:56,659 - mylogger - INFO - -0.0263315
2017-05-10 18:26:56,659 - mylogger - INFO - 2015-04-01: No short!
2017-05-10 18:26:57,086 - mylogger - INFO - -0.0237635
2017-05-10 18:26:57,086 - mylogger - INFO - 2015-04-02: No short!
2017-05-10 18:26:57,414 - mylogger - INFO - -0.0224931
2017-05-10 18:26:57,414 - mylogger - INFO - 2015-04-06: No short!
2017-05-10 18:26:57,743 - mylogger - INFO - -0.0379671
2017-05-10 18:26:57,743 - mylogger - INFO - 2015-04-07: No short!
2017-05-10 18:26:58,164 - mylogger - INFO - -0.00555143
2017-05-10 18:26:58,164 - mylogger - INFO - 2015-04-08: No short!
2017-05-10 18:26:58,491 - mylogger - INFO - -0.0132464
2017-05-10 18:26:58,492 - mylogger - INFO - 2015-04-09: No short!
2017-05-10 18:26:58,810 - mylogger - INFO - -0.0122823
2017-05-10 18:26:58,810 - mylogger - INFO - 2015-04-10: No short!
2017-05-10 18:26:59,228 - mylogger - INFO - -0.00926815
2017-05-10 18:26:59,228 - mylogger - INFO - 2015-04-13: No short!
2017-05-10 18:26:59,561 - mylogger - INFO - -0.0188989
2017-05-10 18:26:59,561 - mylogger - INFO - 2015-04-14: No short!
2017-05-10 18:26:59,880 - mylogger - INFO - -0.0208519
2017-05-10 18:26:59,881 - mylogger - INFO - 2015-04-15: No short!
2017-05-10 18:27:00,310 - mylogger - INFO - -0.0177849
2017-05-10 18:27:00,311 - mylogger - INFO - 2015-04-16: No short!
2017-05-10 18:27:00,631 - mylogger - INFO - -0.0174508
2017-05-10 18:27:00,631 - mylogger - INFO - 2015-04-17: No short!
2017-05-10 18:27:00,956 - mylogger - INFO - -0.0167906
2017-05-10 18:27:00,957 - mylogger - INFO - 2015-04-20: No short!
2017-05-10 18:27:01,384 - mylogger - INFO - -0.0144428
2017-05-10 18:27:01,385 - mylogger - INFO - 2015-04-21: No short!
2017-05-10 18:27:01,712 - mylogger - INFO - -0.024867
2017-05-10 18:27:01,713 - mylogger - INFO - 2015-04-22: No short!
2017-05-10 18:27:02,052 - mylogger - INFO - -0.0286045
2017-05-10 18:27:02,052 - mylogger - INFO - 2015-04-23: No short!
2017-05-10 18:27:02,374 - mylogger - INFO - -0.0291682
2017-05-10 18:27:02,374 - mylogger - INFO - 2015-04-24: No short!
2017-05-10 18:27:02,809 - mylogger - INFO - -0.0217209
2017-05-10 18:27:02,810 - mylogger - INFO - 2015-04-27: No short!
2017-05-10 18:27:03,124 - mylogger - INFO - -0.0247995
2017-05-10 18:27:03,124 - mylogger - INFO - 2015-04-28: No short!
2017-05-10 18:27:03,445 - mylogger - INFO - -0.0194541
2017-05-10 18:27:03,446 - mylogger - INFO - 2015-04-29: No short!
2017-05-10 18:27:03,859 - mylogger - INFO - -0.0332958
2017-05-10 18:27:03,859 - mylogger - INFO - 2015-04-30: No short!
2017-05-10 18:27:04,170 - mylogger - INFO - -0.0259456
2017-05-10 18:27:04,170 - mylogger - INFO - 2015-05-01: No short!
2017-05-10 18:27:04,489 - mylogger - INFO - -0.0433448
2017-05-10 18:27:04,490 - mylogger - INFO - 2015-05-04: No short!
2017-05-10 18:27:04,906 - mylogger - INFO - -0.0256904
2017-05-10 18:27:04,906 - mylogger - INFO - 2015-05-05: No short!
2017-05-10 18:27:05,237 - mylogger - INFO - -0.0368645
2017-05-10 18:27:05,237 - mylogger - INFO - 2015-05-06: No short!
2017-05-10 18:27:05,567 - mylogger - INFO - -0.021974
2017-05-10 18:27:05,567 - mylogger - INFO - 2015-05-07: No short!
2017-05-10 18:27:05,987 - mylogger - INFO - -0.0151104
2017-05-10 18:27:05,987 - mylogger - INFO - 2015-05-08: No short!
2017-05-10 18:27:06,308 - mylogger - INFO - -0.0155823
2017-05-10 18:27:06,309 - mylogger - INFO - 2015-05-11: No short!
2017-05-10 18:27:06,640 - mylogger - INFO - -0.0189318
2017-05-10 18:27:06,641 - mylogger - INFO - 2015-05-12: No short!
2017-05-10 18:27:06,970 - mylogger - INFO - -0.0220588
2017-05-10 18:27:06,970 - mylogger - INFO - 2015-05-13: No short!
2017-05-10 18:27:07,400 - mylogger - INFO - -0.0155356
2017-05-10 18:27:07,401 - mylogger - INFO - 2015-05-14: No short!
2017-05-10 18:27:07,723 - mylogger - INFO - -0.00509096
2017-05-10 18:27:07,724 - mylogger - INFO - 2015-05-15: No short!
2017-05-10 18:27:08,048 - mylogger - INFO - -0.014741
2017-05-10 18:27:08,048 - mylogger - INFO - 2015-05-18: No short!
2017-05-10 18:27:08,472 - mylogger - INFO - -0.0152806
2017-05-10 18:27:08,472 - mylogger - INFO - 2015-05-19: No short!
2017-05-10 18:27:08,791 - mylogger - INFO - -0.0164893
2017-05-10 18:27:08,791 - mylogger - INFO - 2015-05-20: No short!
2017-05-10 18:27:09,121 - mylogger - INFO - -0.0076275
2017-05-10 18:27:09,121 - mylogger - INFO - 2015-05-21: No short!
2017-05-10 18:27:09,546 - mylogger - INFO - -0.0114807
2017-05-10 18:27:09,546 - mylogger - INFO - 2015-05-22: No short!
2017-05-10 18:27:09,868 - mylogger - INFO - -0.0127335
2017-05-10 18:27:09,868 - mylogger - INFO - 2015-05-26: No short!
2017-05-10 18:27:10,198 - mylogger - INFO - -0.0140802
2017-05-10 18:27:10,198 - mylogger - INFO - 2015-05-27: No short!
2017-05-10 18:27:10,638 - mylogger - INFO - -0.00946739
2017-05-10 18:27:10,638 - mylogger - INFO - 2015-05-28: No short!
2017-05-10 18:27:10,967 - mylogger - INFO - -0.0189071
2017-05-10 18:27:10,967 - mylogger - INFO - 2015-05-29: No short!
2017-05-10 18:27:11,291 - mylogger - INFO - -0.0117341
2017-05-10 18:27:11,291 - mylogger - INFO - 2015-06-01: No short!
2017-05-10 18:27:11,616 - mylogger - INFO - -0.0219632
2017-05-10 18:27:11,616 - mylogger - INFO - 2015-06-02: No short!
2017-05-10 18:27:12,048 - mylogger - INFO - -0.0230774
2017-05-10 18:27:12,048 - mylogger - INFO - 2015-06-03: No short!
2017-05-10 18:27:12,376 - mylogger - INFO - -0.0156361
2017-05-10 18:27:12,376 - mylogger - INFO - 2015-06-04: No short!
2017-05-10 18:27:12,710 - mylogger - INFO - -0.00923992
2017-05-10 18:27:12,711 - mylogger - INFO - 2015-06-05: No short!
2017-05-10 18:27:13,124 - mylogger - INFO - 0.00201738
2017-05-10 18:27:13,125 - mylogger - INFO - 2015-06-08: buy
2017-05-10 18:27:13,125 - mylogger - INFO - 96561.061846
2017-05-10 18:27:13,451 - mylogger - INFO - 0.000156404
2017-05-10 18:27:13,452 - mylogger - INFO - 2015-06-09: No cover!
2017-05-10 18:27:13,778 - mylogger - INFO - -0.00395789
2017-05-10 18:27:13,780 - mylogger - INFO - 2015-06-10: sell
2017-05-10 18:27:14,205 - mylogger - INFO - -0.00150158
2017-05-10 18:27:14,205 - mylogger - INFO - 2015-06-11: No short!
2017-05-10 18:27:14,532 - mylogger - INFO - -0.0058607
2017-05-10 18:27:14,532 - mylogger - INFO - 2015-06-12: No short!
2017-05-10 18:27:14,855 - mylogger - INFO - -0.0221402
2017-05-10 18:27:14,856 - mylogger - INFO - 2015-06-15: No short!
2017-05-10 18:27:15,276 - mylogger - INFO - -0.00538897
2017-05-10 18:27:15,276 - mylogger - INFO - 2015-06-16: No short!
2017-05-10 18:27:15,609 - mylogger - INFO - -0.0183709
2017-05-10 18:27:15,609 - mylogger - INFO - 2015-06-17: No short!
2017-05-10 18:27:15,945 - mylogger - INFO - -0.0177007
2017-05-10 18:27:15,945 - mylogger - INFO - 2015-06-18: No short!
2017-05-10 18:27:16,269 - mylogger - INFO - 0.00134852
2017-05-10 18:27:16,269 - mylogger - INFO - 2015-06-19: buy
2017-05-10 18:27:16,270 - mylogger - INFO - 97142.3947401
2017-05-10 18:27:16,699 - mylogger - INFO - -0.0075539
2017-05-10 18:27:16,700 - mylogger - INFO - 2015-06-22: sell
2017-05-10 18:27:17,028 - mylogger - INFO - -0.00295499
2017-05-10 18:27:17,029 - mylogger - INFO - 2015-06-23: No short!
2017-05-10 18:27:17,352 - mylogger - INFO - -0.00991568
2017-05-10 18:27:17,352 - mylogger - INFO - 2015-06-24: No short!
2017-05-10 18:27:17,773 - mylogger - INFO - -0.0212007
2017-05-10 18:27:17,773 - mylogger - INFO - 2015-06-25: No short!
2017-05-10 18:27:18,104 - mylogger - INFO - -0.0103925
2017-05-10 18:27:18,105 - mylogger - INFO - 2015-06-26: No short!
2017-05-10 18:27:18,433 - mylogger - INFO - -0.00441419
2017-05-10 18:27:18,433 - mylogger - INFO - 2015-06-29: No short!
2017-05-10 18:27:18,853 - mylogger - INFO - -0.0112457
2017-05-10 18:27:18,853 - mylogger - INFO - 2015-06-30: No short!
2017-05-10 18:27:19,176 - mylogger - INFO - -0.00925211
2017-05-10 18:27:19,176 - mylogger - INFO - 2015-07-01: No short!
2017-05-10 18:27:19,507 - mylogger - INFO - -0.015126
2017-05-10 18:27:19,507 - mylogger - INFO - 2015-07-02: No short!
2017-05-10 18:27:19,939 - mylogger - INFO - -0.0113762
2017-05-10 18:27:19,939 - mylogger - INFO - 2015-07-06: No short!
2017-05-10 18:27:20,270 - mylogger - INFO - 0.0033541
2017-05-10 18:27:20,271 - mylogger - INFO - 2015-07-07: buy
2017-05-10 18:27:20,271 - mylogger - INFO - 97549.4514646
2017-05-10 18:27:20,602 - mylogger - INFO - -0.00872624
2017-05-10 18:27:20,603 - mylogger - INFO - 2015-07-08: sell
2017-05-10 18:27:20,931 - mylogger - INFO - -0.0227558
2017-05-10 18:27:20,932 - mylogger - INFO - 2015-07-09: No short!
2017-05-10 18:27:21,359 - mylogger - INFO - -0.00787886
2017-05-10 18:27:21,359 - mylogger - INFO - 2015-07-10: No short!
2017-05-10 18:27:21,688 - mylogger - INFO - -0.0194861
2017-05-10 18:27:21,688 - mylogger - INFO - 2015-07-13: No short!
2017-05-10 18:27:22,018 - mylogger - INFO - -0.0220951
2017-05-10 18:27:22,019 - mylogger - INFO - 2015-07-14: No short!
2017-05-10 18:27:22,445 - mylogger - INFO - -0.0190757
2017-05-10 18:27:22,446 - mylogger - INFO - 2015-07-15: No short!
2017-05-10 18:27:22,769 - mylogger - INFO - -0.0185873
2017-05-10 18:27:22,770 - mylogger - INFO - 2015-07-16: No short!
2017-05-10 18:27:23,106 - mylogger - INFO - -0.00302972
2017-05-10 18:27:23,107 - mylogger - INFO - 2015-07-17: No short!
2017-05-10 18:27:23,532 - mylogger - INFO - -0.0133234
2017-05-10 18:27:23,532 - mylogger - INFO - 2015-07-20: No short!
2017-05-10 18:27:23,858 - mylogger - INFO - -0.0168675
2017-05-10 18:27:23,858 - mylogger - INFO - 2015-07-21: No short!
2017-05-10 18:27:24,176 - mylogger - INFO - -0.0170754
2017-05-10 18:27:24,176 - mylogger - INFO - 2015-07-22: No short!
2017-05-10 18:27:24,607 - mylogger - INFO - -0.0224032
2017-05-10 18:27:24,607 - mylogger - INFO - 2015-07-23: No short!
2017-05-10 18:27:24,934 - mylogger - INFO - -0.0122722
2017-05-10 18:27:24,935 - mylogger - INFO - 2015-07-24: No short!
2017-05-10 18:27:25,272 - mylogger - INFO - -0.00594772
2017-05-10 18:27:25,272 - mylogger - INFO - 2015-07-27: No short!
2017-05-10 18:27:25,599 - mylogger - INFO - -0.0106957
2017-05-10 18:27:25,599 - mylogger - INFO - 2015-07-28: No short!
2017-05-10 18:27:26,023 - mylogger - INFO - -0.000576632
2017-05-10 18:27:26,023 - mylogger - INFO - 2015-07-29: No short!
2017-05-10 18:27:26,343 - mylogger - INFO - -0.00164213
2017-05-10 18:27:26,343 - mylogger - INFO - 2015-07-30: No short!
2017-05-10 18:27:26,664 - mylogger - INFO - -0.00377074
2017-05-10 18:27:26,664 - mylogger - INFO - 2015-07-31: No short!
2017-05-10 18:27:27,123 - mylogger - INFO - -0.00636816
2017-05-10 18:27:27,123 - mylogger - INFO - 2015-08-03: No short!
2017-05-10 18:27:27,448 - mylogger - INFO - -0.0146952
2017-05-10 18:27:27,448 - mylogger - INFO - 2015-08-04: No short!
2017-05-10 18:27:27,771 - mylogger - INFO - -0.0142594
2017-05-10 18:27:27,771 - mylogger - INFO - 2015-08-05: No short!
2017-05-10 18:27:28,199 - mylogger - INFO - -0.00176402
2017-05-10 18:27:28,199 - mylogger - INFO - 2015-08-06: No short!
2017-05-10 18:27:28,526 - mylogger - INFO - -0.00990586
2017-05-10 18:27:28,527 - mylogger - INFO - 2015-08-07: No short!
2017-05-10 18:27:28,847 - mylogger - INFO - -0.00875684
2017-05-10 18:27:28,847 - mylogger - INFO - 2015-08-10: No short!
2017-05-10 18:27:29,295 - mylogger - INFO - -0.014449
2017-05-10 18:27:29,295 - mylogger - INFO - 2015-08-11: No short!
2017-05-10 18:27:29,617 - mylogger - INFO - -0.00840637
2017-05-10 18:27:29,618 - mylogger - INFO - 2015-08-12: No short!
2017-05-10 18:27:29,942 - mylogger - INFO - -0.0163422
2017-05-10 18:27:29,943 - mylogger - INFO - 2015-08-13: No short!
2017-05-10 18:27:30,269 - mylogger - INFO - -0.013379
2017-05-10 18:27:30,270 - mylogger - INFO - 2015-08-14: No short!
2017-05-10 18:27:30,698 - mylogger - INFO - -0.017271
2017-05-10 18:27:30,698 - mylogger - INFO - 2015-08-17: No short!
2017-05-10 18:27:31,043 - mylogger - INFO - -0.0193389
2017-05-10 18:27:31,043 - mylogger - INFO - 2015-08-18: No short!
2017-05-10 18:27:31,460 - mylogger - INFO - -0.0284346
2017-05-10 18:27:31,460 - mylogger - INFO - 2015-08-19: No short!
2017-05-10 18:27:31,898 - mylogger - INFO - -0.023235
2017-05-10 18:27:31,898 - mylogger - INFO - 2015-08-20: No short!
2017-05-10 18:27:32,234 - mylogger - INFO - -0.0177167
2017-05-10 18:27:32,234 - mylogger - INFO - 2015-08-21: No short!
2017-05-10 18:27:32,562 - mylogger - INFO - -0.0397408
2017-05-10 18:27:32,562 - mylogger - INFO - 2015-08-24: No short!
2017-05-10 18:27:32,982 - mylogger - INFO - -0.0120648
2017-05-10 18:27:32,983 - mylogger - INFO - 2015-08-25: No short!
2017-05-10 18:27:33,327 - mylogger - INFO - -0.0114004
2017-05-10 18:27:33,327 - mylogger - INFO - 2015-08-26: No short!
2017-05-10 18:27:33,660 - mylogger - INFO - -0.00512236
2017-05-10 18:27:33,660 - mylogger - INFO - 2015-08-27: No short!
2017-05-10 18:27:34,088 - mylogger - INFO - -0.00676549
2017-05-10 18:27:34,088 - mylogger - INFO - 2015-08-28: No short!
2017-05-10 18:27:34,423 - mylogger - INFO - -0.00884377
2017-05-10 18:27:34,423 - mylogger - INFO - 2015-08-31: No short!
2017-05-10 18:27:34,761 - mylogger - INFO - -0.00931691
2017-05-10 18:27:34,761 - mylogger - INFO - 2015-09-01: No short!
2017-05-10 18:27:35,093 - mylogger - INFO - 0.00651086
2017-05-10 18:27:35,094 - mylogger - INFO - 2015-09-02: buy
2017-05-10 18:27:35,094 - mylogger - INFO - 97970.1277671
2017-05-10 18:27:35,519 - mylogger - INFO - -0.00900641
2017-05-10 18:27:35,520 - mylogger - INFO - 2015-09-03: sell
2017-05-10 18:27:35,846 - mylogger - INFO - -0.0270786
2017-05-10 18:27:35,846 - mylogger - INFO - 2015-09-04: No short!
2017-05-10 18:27:36,180 - mylogger - INFO - -0.00411164
2017-05-10 18:27:36,181 - mylogger - INFO - 2015-09-08: No short!
2017-05-10 18:27:36,612 - mylogger - INFO - -0.0067898
2017-05-10 18:27:36,612 - mylogger - INFO - 2015-09-09: No short!
2017-05-10 18:27:37,128 - mylogger - INFO - -0.0203573
2017-05-10 18:27:37,128 - mylogger - INFO - 2015-09-10: No short!
2017-05-10 18:27:37,543 - mylogger - INFO - -0.00274651
2017-05-10 18:27:37,544 - mylogger - INFO - 2015-09-11: No short!
2017-05-10 18:27:37,960 - mylogger - INFO - -0.022768
2017-05-10 18:27:37,960 - mylogger - INFO - 2015-09-14: No short!
2017-05-10 18:27:38,288 - mylogger - INFO - -0.0201892
2017-05-10 18:27:38,288 - mylogger - INFO - 2015-09-15: No short!
2017-05-10 18:27:38,595 - mylogger - INFO - -0.00370546
2017-05-10 18:27:38,596 - mylogger - INFO - 2015-09-16: No short!
2017-05-10 18:27:38,998 - mylogger - INFO - -0.00998073
2017-05-10 18:27:38,998 - mylogger - INFO - 2015-09-17: No short!
2017-05-10 18:27:39,316 - mylogger - INFO - -0.0195293
2017-05-10 18:27:39,316 - mylogger - INFO - 2015-09-18: No short!
2017-05-10 18:27:39,655 - mylogger - INFO - -0.0268997
2017-05-10 18:27:39,655 - mylogger - INFO - 2015-09-21: No short!
2017-05-10 18:27:39,994 - mylogger - INFO - -0.0217663
2017-05-10 18:27:39,995 - mylogger - INFO - 2015-09-22: No short!
2017-05-10 18:27:40,446 - mylogger - INFO - -0.0299795
2017-05-10 18:27:40,446 - mylogger - INFO - 2015-09-23: No short!
2017-05-10 18:27:40,828 - mylogger - INFO - -0.0257319
2017-05-10 18:27:40,828 - mylogger - INFO - 2015-09-24: No short!
2017-05-10 18:27:41,164 - mylogger - INFO - -0.0277157
2017-05-10 18:27:41,164 - mylogger - INFO - 2015-09-25: No short!
2017-05-10 18:27:41,613 - mylogger - INFO - -0.015971
2017-05-10 18:27:41,613 - mylogger - INFO - 2015-09-28: No short!
2017-05-10 18:27:41,989 - mylogger - INFO - -0.0291424
2017-05-10 18:27:41,989 - mylogger - INFO - 2015-09-29: No short!
2017-05-10 18:27:42,346 - mylogger - INFO - -0.0221394
2017-05-10 18:27:42,346 - mylogger - INFO - 2015-09-30: No short!
2017-05-10 18:27:42,827 - mylogger - INFO - -0.0310735
2017-05-10 18:27:42,828 - mylogger - INFO - 2015-10-01: No short!
2017-05-10 18:27:43,161 - mylogger - INFO - -0.0258417
2017-05-10 18:27:43,161 - mylogger - INFO - 2015-10-02: No short!
2017-05-10 18:27:43,531 - mylogger - INFO - -0.0259304
2017-05-10 18:27:43,532 - mylogger - INFO - 2015-10-05: No short!
2017-05-10 18:27:43,995 - mylogger - INFO - -0.0292841
2017-05-10 18:27:43,995 - mylogger - INFO - 2015-10-06: No short!
2017-05-10 18:27:44,339 - mylogger - INFO - -0.0342903
2017-05-10 18:27:44,339 - mylogger - INFO - 2015-10-07: No short!
2017-05-10 18:27:44,676 - mylogger - INFO - -0.0198991
2017-05-10 18:27:44,676 - mylogger - INFO - 2015-10-08: No short!
2017-05-10 18:27:45,089 - mylogger - INFO - -0.012586
2017-05-10 18:27:45,090 - mylogger - INFO - 2015-10-09: No short!
2017-05-10 18:27:45,508 - mylogger - INFO - -0.0213304
2017-05-10 18:27:45,508 - mylogger - INFO - 2015-10-12: No short!
2017-05-10 18:27:45,820 - mylogger - INFO - -0.0233282
2017-05-10 18:27:45,820 - mylogger - INFO - 2015-10-13: No short!
2017-05-10 18:27:46,155 - mylogger - INFO - -0.0192602
2017-05-10 18:27:46,155 - mylogger - INFO - 2015-10-14: No short!
2017-05-10 18:27:46,570 - mylogger - INFO - -0.0195567
2017-05-10 18:27:46,570 - mylogger - INFO - 2015-10-15: No short!
2017-05-10 18:27:46,904 - mylogger - INFO - 0.00301611
2017-05-10 18:27:46,905 - mylogger - INFO - 2015-10-16: buy
2017-05-10 18:27:46,905 - mylogger - INFO - 95873.4858993
2017-05-10 18:27:47,233 - mylogger - INFO - -0.0172024
2017-05-10 18:27:47,235 - mylogger - INFO - 2015-10-19: sell
2017-05-10 18:27:47,666 - mylogger - INFO - -0.000363525
2017-05-10 18:27:47,666 - mylogger - INFO - 2015-10-20: No short!
2017-05-10 18:27:47,980 - mylogger - INFO - -0.0196248
2017-05-10 18:27:47,980 - mylogger - INFO - 2015-10-21: No short!
2017-05-10 18:27:48,311 - mylogger - INFO - -0.0251197
2017-05-10 18:27:48,312 - mylogger - INFO - 2015-10-22: No short!
2017-05-10 18:27:48,730 - mylogger - INFO - -0.022476
2017-05-10 18:27:48,731 - mylogger - INFO - 2015-10-23: No short!
2017-05-10 18:27:49,044 - mylogger - INFO - -0.0172305
2017-05-10 18:27:49,044 - mylogger - INFO - 2015-10-26: No short!
2017-05-10 18:27:49,372 - mylogger - INFO - -0.0178855
2017-05-10 18:27:49,373 - mylogger - INFO - 2015-10-27: No short!
2017-05-10 18:27:49,789 - mylogger - INFO - -0.0251434
2017-05-10 18:27:49,789 - mylogger - INFO - 2015-10-28: No short!
2017-05-10 18:27:50,114 - mylogger - INFO - -0.0170026
2017-05-10 18:27:50,115 - mylogger - INFO - 2015-10-29: No short!
2017-05-10 18:27:50,429 - mylogger - INFO - -0.0138221
2017-05-10 18:27:50,429 - mylogger - INFO - 2015-10-30: No short!
2017-05-10 18:27:50,732 - mylogger - INFO - -0.00492383
2017-05-10 18:27:50,733 - mylogger - INFO - 2015-11-02: No short!
2017-05-10 18:27:51,147 - mylogger - INFO - -0.00705619
2017-05-10 18:27:51,148 - mylogger - INFO - 2015-11-03: No short!
2017-05-10 18:27:51,454 - mylogger - INFO - -0.0219634
2017-05-10 18:27:51,455 - mylogger - INFO - 2015-11-04: No short!
2017-05-10 18:27:51,770 - mylogger - INFO - -0.0183831
2017-05-10 18:27:51,770 - mylogger - INFO - 2015-11-05: No short!
2017-05-10 18:27:52,200 - mylogger - INFO - 0.0018888
2017-05-10 18:27:52,201 - mylogger - INFO - 2015-11-06: buy
2017-05-10 18:27:52,201 - mylogger - INFO - 95126.9245915
2017-05-10 18:27:52,549 - mylogger - INFO - -0.0110222
2017-05-10 18:27:52,550 - mylogger - INFO - 2015-11-09: sell
2017-05-10 18:27:52,935 - mylogger - INFO - -0.0236585
2017-05-10 18:27:52,936 - mylogger - INFO - 2015-11-10: No short!
2017-05-10 18:27:53,388 - mylogger - INFO - -0.0135008
2017-05-10 18:27:53,388 - mylogger - INFO - 2015-11-11: No short!
2017-05-10 18:27:53,697 - mylogger - INFO - -0.0134115
2017-05-10 18:27:53,697 - mylogger - INFO - 2015-11-12: No short!
2017-05-10 18:27:54,050 - mylogger - INFO - -0.0123172
2017-05-10 18:27:54,051 - mylogger - INFO - 2015-11-13: No short!
2017-05-10 18:27:54,513 - mylogger - INFO - -0.01152
2017-05-10 18:27:54,513 - mylogger - INFO - 2015-11-16: No short!
2017-05-10 18:27:54,846 - mylogger - INFO - -0.0133069
2017-05-10 18:27:54,846 - mylogger - INFO - 2015-11-17: No short!
2017-05-10 18:27:55,219 - mylogger - INFO - -0.016677
2017-05-10 18:27:55,219 - mylogger - INFO - 2015-11-18: No short!
2017-05-10 18:27:55,678 - mylogger - INFO - -0.0232055
2017-05-10 18:27:55,679 - mylogger - INFO - 2015-11-19: No short!
2017-05-10 18:27:55,998 - mylogger - INFO - -0.0163792
2017-05-10 18:27:55,998 - mylogger - INFO - 2015-11-20: No short!
2017-05-10 18:27:56,336 - mylogger - INFO - -0.00877563
2017-05-10 18:27:56,336 - mylogger - INFO - 2015-11-23: No short!
2017-05-10 18:27:56,692 - mylogger - INFO - -0.0132269
2017-05-10 18:27:56,692 - mylogger - INFO - 2015-11-24: No short!
2017-05-10 18:27:57,120 - mylogger - INFO - -0.015649
2017-05-10 18:27:57,120 - mylogger - INFO - 2015-11-25: No short!
2017-05-10 18:27:57,433 - mylogger - INFO - -0.0121702
2017-05-10 18:27:57,433 - mylogger - INFO - 2015-11-27: No short!
2017-05-10 18:27:57,767 - mylogger - INFO - 0.00338387
2017-05-10 18:27:57,769 - mylogger - INFO - 2015-11-30: buy
2017-05-10 18:27:57,770 - mylogger - INFO - 96253.1219557
2017-05-10 18:27:58,371 - mylogger - INFO - -0.0117925
2017-05-10 18:27:58,374 - mylogger - INFO - 2015-12-01: sell
2017-05-10 18:27:58,712 - mylogger - INFO - -0.00111976
2017-05-10 18:27:58,713 - mylogger - INFO - 2015-12-02: No short!
2017-05-10 18:27:59,043 - mylogger - INFO - -0.0121048
2017-05-10 18:27:59,043 - mylogger - INFO - 2015-12-03: No short!
2017-05-10 18:27:59,477 - mylogger - INFO - -0.018304
2017-05-10 18:27:59,477 - mylogger - INFO - 2015-12-04: No short!
2017-05-10 18:27:59,810 - mylogger - INFO - -0.00829892
2017-05-10 18:27:59,811 - mylogger - INFO - 2015-12-07: No short!
2017-05-10 18:28:00,140 - mylogger - INFO - 0.00137679
2017-05-10 18:28:00,141 - mylogger - INFO - 2015-12-08: buy
2017-05-10 18:28:00,141 - mylogger - INFO - 95559.8167443
2017-05-10 18:28:00,610 - mylogger - INFO - -0.0030048
2017-05-10 18:28:00,612 - mylogger - INFO - 2015-12-09: sell
2017-05-10 18:28:01,053 - mylogger - INFO - -0.00128272
2017-05-10 18:28:01,054 - mylogger - INFO - 2015-12-10: No short!
2017-05-10 18:28:01,414 - mylogger - INFO - 0.00836334
2017-05-10 18:28:01,415 - mylogger - INFO - 2015-12-11: buy
2017-05-10 18:28:01,415 - mylogger - INFO - 96079.7037173
2017-05-10 18:28:01,922 - mylogger - INFO - 0.00291719
2017-05-10 18:28:01,922 - mylogger - INFO - 2015-12-14: No cover!
2017-05-10 18:28:02,293 - mylogger - INFO - 0.000224628
2017-05-10 18:28:02,294 - mylogger - INFO - 2015-12-15: No cover!
2017-05-10 18:28:02,604 - mylogger - INFO - -0.00411878
2017-05-10 18:28:02,605 - mylogger - INFO - 2015-12-16: sell
2017-05-10 18:28:02,912 - mylogger - INFO - 0.00141404
2017-05-10 18:28:02,912 - mylogger - INFO - 2015-12-17: buy
2017-05-10 18:28:02,913 - mylogger - INFO - 97676.0328351
2017-05-10 18:28:03,324 - mylogger - INFO - -0.000209456
2017-05-10 18:28:03,326 - mylogger - INFO - 2015-12-18: sell
2017-05-10 18:28:03,743 - mylogger - INFO - 0.00907781
2017-05-10 18:28:03,744 - mylogger - INFO - 2015-12-21: buy
2017-05-10 18:28:03,744 - mylogger - INFO - 98009.7915519
2017-05-10 18:28:04,112 - mylogger - INFO - -0.0123817
2017-05-10 18:28:04,113 - mylogger - INFO - 2015-12-22: sell
2017-05-10 18:28:04,572 - mylogger - INFO - 0.0165389
2017-05-10 18:28:04,574 - mylogger - INFO - 2015-12-23: buy
2017-05-10 18:28:04,574 - mylogger - INFO - 99442.4176246
2017-05-10 18:28:04,936 - mylogger - INFO - 0.000452761
2017-05-10 18:28:04,937 - mylogger - INFO - 2015-12-24: buy
2017-05-10 18:28:04,937 - mylogger - INFO - 387.425985465
2017-05-10 18:28:05,357 - mylogger - INFO - 0.000903483
2017-05-10 18:28:05,358 - mylogger - INFO - 2015-12-28: No cover!
2017-05-10 18:28:05,805 - mylogger - INFO - -0.00374947
2017-05-10 18:28:05,806 - mylogger - INFO - 2015-12-29: sell
2017-05-10 18:28:06,118 - mylogger - INFO - -0.0171971
2017-05-10 18:28:06,119 - mylogger - INFO - 2015-12-30: No short!
2017-05-10 18:28:06,430 - mylogger - INFO - -0.0114474
2017-05-10 18:28:06,430 - mylogger - INFO - 2015-12-31: No short!
2017-05-10 18:28:07,096 - mylogger - INFO - Total profit and loss: 0.00532410367106
2017-05-10 18:28:07,128 - mylogger - INFO - Hit table:
2017-05-10 18:28:07,128 - mylogger - INFO - Date          signal  hit/miss
2017-05-10 18:28:07,129 - mylogger - INFO - 2014-01-02    hold    miss
2017-05-10 18:28:07,129 - mylogger - INFO - 2014-01-03    hold    miss
2017-05-10 18:28:07,129 - mylogger - INFO - 2014-01-06    hold    miss
2017-05-10 18:28:07,129 - mylogger - INFO - 2014-01-07    hold    miss
2017-05-10 18:28:07,129 - mylogger - INFO - 2014-01-08    hold    miss
2017-05-10 18:28:07,130 - mylogger - INFO - 2014-01-09    hold    miss
2017-05-10 18:28:07,130 - mylogger - INFO - 2014-01-10    hold    miss
2017-05-10 18:28:07,130 - mylogger - INFO - 2014-01-13    hold    miss
2017-05-10 18:28:07,130 - mylogger - INFO - 2014-01-14    hold    miss
2017-05-10 18:28:07,130 - mylogger - INFO - 2014-01-15    hold    miss
2017-05-10 18:28:07,131 - mylogger - INFO - 2014-01-16    hold    miss
2017-05-10 18:28:07,131 - mylogger - INFO - 2014-01-17    hold    miss
2017-05-10 18:28:07,131 - mylogger - INFO - 2014-01-21    hold    miss
2017-05-10 18:28:07,131 - mylogger - INFO - 2014-01-22    hold    miss
2017-05-10 18:28:07,131 - mylogger - INFO - 2014-01-23    hold    miss
2017-05-10 18:28:07,132 - mylogger - INFO - 2014-01-24    hold    miss
2017-05-10 18:28:07,132 - mylogger - INFO - 2014-01-27    hold    miss
2017-05-10 18:28:07,132 - mylogger - INFO - 2014-01-28    hold    miss
2017-05-10 18:28:07,132 - mylogger - INFO - 2014-01-29    hold    miss
2017-05-10 18:28:07,132 - mylogger - INFO - 2014-01-30    hold    miss
2017-05-10 18:28:07,132 - mylogger - INFO - 2014-01-31    hold    miss
2017-05-10 18:28:07,132 - mylogger - INFO - 2014-02-03    hold    miss
2017-05-10 18:28:07,133 - mylogger - INFO - 2014-02-04    hold    miss
2017-05-10 18:28:07,133 - mylogger - INFO - 2014-02-05    buy     hit
2017-05-10 18:28:07,133 - mylogger - INFO - 2014-02-06    hold    miss
2017-05-10 18:28:07,133 - mylogger - INFO - 2014-02-07    sell    hit
2017-05-10 18:28:07,133 - mylogger - INFO - 2014-02-10    hold    miss
2017-05-10 18:28:07,133 - mylogger - INFO - 2014-02-11    hold    miss
2017-05-10 18:28:07,134 - mylogger - INFO - 2014-02-12    hold    miss
2017-05-10 18:28:07,134 - mylogger - INFO - 2014-02-13    hold    miss
2017-05-10 18:28:07,134 - mylogger - INFO - 2014-02-14    hold    miss
2017-05-10 18:28:07,134 - mylogger - INFO - 2014-02-18    hold    miss
2017-05-10 18:28:07,134 - mylogger - INFO - 2014-02-19    hold    miss
2017-05-10 18:28:07,134 - mylogger - INFO - 2014-02-20    hold    miss
2017-05-10 18:28:07,134 - mylogger - INFO - 2014-02-21    hold    miss
2017-05-10 18:28:07,135 - mylogger - INFO - 2014-02-24    hold    miss
2017-05-10 18:28:07,135 - mylogger - INFO - 2014-02-25    hold    miss
2017-05-10 18:28:07,135 - mylogger - INFO - 2014-02-26    hold    miss
2017-05-10 18:28:07,135 - mylogger - INFO - 2014-02-27    hold    miss
2017-05-10 18:28:07,136 - mylogger - INFO - 2014-02-28    hold    miss
2017-05-10 18:28:07,136 - mylogger - INFO - 2014-03-03    hold    miss
2017-05-10 18:28:07,136 - mylogger - INFO - 2014-03-04    hold    miss
2017-05-10 18:28:07,137 - mylogger - INFO - 2014-03-05    hold    miss
2017-05-10 18:28:07,137 - mylogger - INFO - 2014-03-06    hold    miss
2017-05-10 18:28:07,137 - mylogger - INFO - 2014-03-07    hold    miss
2017-05-10 18:28:07,137 - mylogger - INFO - 2014-03-10    hold    miss
2017-05-10 18:28:07,137 - mylogger - INFO - 2014-03-11    hold    miss
2017-05-10 18:28:07,137 - mylogger - INFO - 2014-03-12    hold    miss
2017-05-10 18:28:07,137 - mylogger - INFO - 2014-03-13    hold    miss
2017-05-10 18:28:07,138 - mylogger - INFO - 2014-03-14    hold    miss
2017-05-10 18:28:07,138 - mylogger - INFO - 2014-03-17    hold    miss
2017-05-10 18:28:07,138 - mylogger - INFO - 2014-03-18    hold    miss
2017-05-10 18:28:07,138 - mylogger - INFO - 2014-03-19    hold    miss
2017-05-10 18:28:07,138 - mylogger - INFO - 2014-03-20    hold    miss
2017-05-10 18:28:07,138 - mylogger - INFO - 2014-03-21    hold    miss
2017-05-10 18:28:07,139 - mylogger - INFO - 2014-03-24    hold    miss
2017-05-10 18:28:07,139 - mylogger - INFO - 2014-03-25    hold    miss
2017-05-10 18:28:07,139 - mylogger - INFO - 2014-03-26    hold    miss
2017-05-10 18:28:07,139 - mylogger - INFO - 2014-03-27    hold    miss
2017-05-10 18:28:07,139 - mylogger - INFO - 2014-03-28    hold    miss
2017-05-10 18:28:07,139 - mylogger - INFO - 2014-03-31    hold    miss
2017-05-10 18:28:07,140 - mylogger - INFO - 2014-04-01    hold    miss
2017-05-10 18:28:07,140 - mylogger - INFO - 2014-04-02    hold    miss
2017-05-10 18:28:07,140 - mylogger - INFO - 2014-04-03    hold    miss
2017-05-10 18:28:07,140 - mylogger - INFO - 2014-04-04    hold    miss
2017-05-10 18:28:07,140 - mylogger - INFO - 2014-04-07    hold    miss
2017-05-10 18:28:07,140 - mylogger - INFO - 2014-04-08    hold    miss
2017-05-10 18:28:07,141 - mylogger - INFO - 2014-04-09    hold    miss
2017-05-10 18:28:07,141 - mylogger - INFO - 2014-04-10    hold    miss
2017-05-10 18:28:07,141 - mylogger - INFO - 2014-04-11    hold    miss
2017-05-10 18:28:07,141 - mylogger - INFO - 2014-04-14    hold    miss
2017-05-10 18:28:07,141 - mylogger - INFO - 2014-04-15    hold    miss
2017-05-10 18:28:07,141 - mylogger - INFO - 2014-04-16    hold    miss
2017-05-10 18:28:07,142 - mylogger - INFO - 2014-04-17    hold    miss
2017-05-10 18:28:07,142 - mylogger - INFO - 2014-04-21    hold    miss
2017-05-10 18:28:07,142 - mylogger - INFO - 2014-04-22    hold    miss
2017-05-10 18:28:07,142 - mylogger - INFO - 2014-04-23    hold    miss
2017-05-10 18:28:07,142 - mylogger - INFO - 2014-04-24    hold    miss
2017-05-10 18:28:07,142 - mylogger - INFO - 2014-04-25    hold    miss
2017-05-10 18:28:07,143 - mylogger - INFO - 2014-04-28    hold    miss
2017-05-10 18:28:07,143 - mylogger - INFO - 2014-04-29    hold    miss
2017-05-10 18:28:07,143 - mylogger - INFO - 2014-04-30    hold    miss
2017-05-10 18:28:07,143 - mylogger - INFO - 2014-05-01    hold    miss
2017-05-10 18:28:07,143 - mylogger - INFO - 2014-05-02    hold    miss
2017-05-10 18:28:07,143 - mylogger - INFO - 2014-05-05    hold    miss
2017-05-10 18:28:07,144 - mylogger - INFO - 2014-05-06    hold    miss
2017-05-10 18:28:07,144 - mylogger - INFO - 2014-05-07    hold    miss
2017-05-10 18:28:07,144 - mylogger - INFO - 2014-05-08    hold    miss
2017-05-10 18:28:07,144 - mylogger - INFO - 2014-05-09    hold    miss
2017-05-10 18:28:07,144 - mylogger - INFO - 2014-05-12    hold    miss
2017-05-10 18:28:07,145 - mylogger - INFO - 2014-05-13    hold    miss
2017-05-10 18:28:07,145 - mylogger - INFO - 2014-05-14    hold    miss
2017-05-10 18:28:07,145 - mylogger - INFO - 2014-05-15    hold    miss
2017-05-10 18:28:07,145 - mylogger - INFO - 2014-05-16    hold    miss
2017-05-10 18:28:07,145 - mylogger - INFO - 2014-05-19    buy     miss
2017-05-10 18:28:07,145 - mylogger - INFO - 2014-05-20    sell    miss
2017-05-10 18:28:07,146 - mylogger - INFO - 2014-05-21    buy     hit
2017-05-10 18:28:07,146 - mylogger - INFO - 2014-05-22    sell    miss
2017-05-10 18:28:07,146 - mylogger - INFO - 2014-05-23    hold    miss
2017-05-10 18:28:07,146 - mylogger - INFO - 2014-05-27    hold    miss
2017-05-10 18:28:07,146 - mylogger - INFO - 2014-05-28    hold    miss
2017-05-10 18:28:07,146 - mylogger - INFO - 2014-05-29    buy     hit
2017-05-10 18:28:07,146 - mylogger - INFO - 2014-05-30    sell    miss
2017-05-10 18:28:07,147 - mylogger - INFO - 2014-06-02    buy     miss
2017-05-10 18:28:07,147 - mylogger - INFO - 2014-06-03    sell    hit
2017-05-10 18:28:07,147 - mylogger - INFO - 2014-06-04    hold    miss
2017-05-10 18:28:07,147 - mylogger - INFO - 2014-06-05    hold    miss
2017-05-10 18:28:07,147 - mylogger - INFO - 2014-06-06    hold    miss
2017-05-10 18:28:07,148 - mylogger - INFO - 2014-06-09    hold    miss
2017-05-10 18:28:07,148 - mylogger - INFO - 2014-06-10    hold    miss
2017-05-10 18:28:07,148 - mylogger - INFO - 2014-06-11    hold    miss
2017-05-10 18:28:07,148 - mylogger - INFO - 2014-06-12    hold    miss
2017-05-10 18:28:07,148 - mylogger - INFO - 2014-06-13    hold    miss
2017-05-10 18:28:07,148 - mylogger - INFO - 2014-06-16    hold    miss
2017-05-10 18:28:07,149 - mylogger - INFO - 2014-06-17    hold    miss
2017-05-10 18:28:07,149 - mylogger - INFO - 2014-06-18    hold    miss
2017-05-10 18:28:07,149 - mylogger - INFO - 2014-06-19    hold    miss
2017-05-10 18:28:07,149 - mylogger - INFO - 2014-06-20    hold    miss
2017-05-10 18:28:07,149 - mylogger - INFO - 2014-06-23    hold    miss
2017-05-10 18:28:07,149 - mylogger - INFO - 2014-06-24    hold    miss
2017-05-10 18:28:07,150 - mylogger - INFO - 2014-06-25    hold    miss
2017-05-10 18:28:07,150 - mylogger - INFO - 2014-06-26    hold    miss
2017-05-10 18:28:07,150 - mylogger - INFO - 2014-06-27    hold    miss
2017-05-10 18:28:07,150 - mylogger - INFO - 2014-06-30    hold    miss
2017-05-10 18:28:07,150 - mylogger - INFO - 2014-07-01    hold    miss
2017-05-10 18:28:07,150 - mylogger - INFO - 2014-07-02    hold    miss
2017-05-10 18:28:07,150 - mylogger - INFO - 2014-07-03    hold    miss
2017-05-10 18:28:07,151 - mylogger - INFO - 2014-07-07    hold    miss
2017-05-10 18:28:07,151 - mylogger - INFO - 2014-07-08    hold    miss
2017-05-10 18:28:07,151 - mylogger - INFO - 2014-07-09    hold    miss
2017-05-10 18:28:07,151 - mylogger - INFO - 2014-07-10    hold    miss
2017-05-10 18:28:07,151 - mylogger - INFO - 2014-07-11    hold    miss
2017-05-10 18:28:07,151 - mylogger - INFO - 2014-07-14    buy     miss
2017-05-10 18:28:07,152 - mylogger - INFO - 2014-07-15    sell    miss
2017-05-10 18:28:07,152 - mylogger - INFO - 2014-07-16    hold    miss
2017-05-10 18:28:07,152 - mylogger - INFO - 2014-07-17    hold    miss
2017-05-10 18:28:07,152 - mylogger - INFO - 2014-07-18    hold    miss
2017-05-10 18:28:07,152 - mylogger - INFO - 2014-07-21    hold    miss
2017-05-10 18:28:07,152 - mylogger - INFO - 2014-07-22    hold    miss
2017-05-10 18:28:07,152 - mylogger - INFO - 2014-07-23    hold    miss
2017-05-10 18:28:07,153 - mylogger - INFO - 2014-07-24    hold    miss
2017-05-10 18:28:07,153 - mylogger - INFO - 2014-07-25    hold    miss
2017-05-10 18:28:07,153 - mylogger - INFO - 2014-07-28    hold    miss
2017-05-10 18:28:07,153 - mylogger - INFO - 2014-07-29    hold    miss
2017-05-10 18:28:07,153 - mylogger - INFO - 2014-07-30    hold    miss
2017-05-10 18:28:07,153 - mylogger - INFO - 2014-07-31    hold    miss
2017-05-10 18:28:07,154 - mylogger - INFO - 2014-08-01    hold    miss
2017-05-10 18:28:07,154 - mylogger - INFO - 2014-08-04    hold    miss
2017-05-10 18:28:07,154 - mylogger - INFO - 2014-08-05    hold    miss
2017-05-10 18:28:07,154 - mylogger - INFO - 2014-08-06    hold    miss
2017-05-10 18:28:07,154 - mylogger - INFO - 2014-08-07    hold    miss
2017-05-10 18:28:07,154 - mylogger - INFO - 2014-08-08    hold    miss
2017-05-10 18:28:07,155 - mylogger - INFO - 2014-08-11    hold    miss
2017-05-10 18:28:07,155 - mylogger - INFO - 2014-08-12    hold    miss
2017-05-10 18:28:07,155 - mylogger - INFO - 2014-08-13    buy     hit
2017-05-10 18:28:07,155 - mylogger - INFO - 2014-08-14    sell    hit
2017-05-10 18:28:07,155 - mylogger - INFO - 2014-08-15    hold    miss
2017-05-10 18:28:07,155 - mylogger - INFO - 2014-08-18    hold    miss
2017-05-10 18:28:07,156 - mylogger - INFO - 2014-08-19    hold    miss
2017-05-10 18:28:07,156 - mylogger - INFO - 2014-08-20    buy     hit
2017-05-10 18:28:07,156 - mylogger - INFO - 2014-08-21    sell    hit
2017-05-10 18:28:07,156 - mylogger - INFO - 2014-08-22    hold    miss
2017-05-10 18:28:07,156 - mylogger - INFO - 2014-08-25    hold    miss
2017-05-10 18:28:07,156 - mylogger - INFO - 2014-08-26    hold    miss
2017-05-10 18:28:07,156 - mylogger - INFO - 2014-08-27    hold    miss
2017-05-10 18:28:07,157 - mylogger - INFO - 2014-08-28    buy     miss
2017-05-10 18:28:07,157 - mylogger - INFO - 2014-08-29    sell    hit
2017-05-10 18:28:07,157 - mylogger - INFO - 2014-09-02    buy     hit
2017-05-10 18:28:07,157 - mylogger - INFO - 2014-09-03    hold    miss
2017-05-10 18:28:07,157 - mylogger - INFO - 2014-09-04    sell    miss
2017-05-10 18:28:07,157 - mylogger - INFO - 2014-09-05    hold    miss
2017-05-10 18:28:07,158 - mylogger - INFO - 2014-09-08    hold    miss
2017-05-10 18:28:07,158 - mylogger - INFO - 2014-09-09    hold    miss
2017-05-10 18:28:07,158 - mylogger - INFO - 2014-09-10    hold    miss
2017-05-10 18:28:07,158 - mylogger - INFO - 2014-09-11    buy     miss
2017-05-10 18:28:07,158 - mylogger - INFO - 2014-09-12    sell    miss
2017-05-10 18:28:07,158 - mylogger - INFO - 2014-09-15    hold    miss
2017-05-10 18:28:07,158 - mylogger - INFO - 2014-09-16    hold    miss
2017-05-10 18:28:07,159 - mylogger - INFO - 2014-09-17    buy     hit
2017-05-10 18:28:07,159 - mylogger - INFO - 2014-09-18    sell    miss
2017-05-10 18:28:07,159 - mylogger - INFO - 2014-09-19    hold    miss
2017-05-10 18:28:07,159 - mylogger - INFO - 2014-09-22    buy     miss
2017-05-10 18:28:07,159 - mylogger - INFO - 2014-09-23    sell    hit
2017-05-10 18:28:07,159 - mylogger - INFO - 2014-09-24    hold    miss
2017-05-10 18:28:07,160 - mylogger - INFO - 2014-09-25    hold    miss
2017-05-10 18:28:07,160 - mylogger - INFO - 2014-09-26    hold    miss
2017-05-10 18:28:07,160 - mylogger - INFO - 2014-09-29    hold    miss
2017-05-10 18:28:07,160 - mylogger - INFO - 2014-09-30    hold    miss
2017-05-10 18:28:07,160 - mylogger - INFO - 2014-10-01    hold    miss
2017-05-10 18:28:07,160 - mylogger - INFO - 2014-10-02    hold    miss
2017-05-10 18:28:07,160 - mylogger - INFO - 2014-10-03    hold    miss
2017-05-10 18:28:07,161 - mylogger - INFO - 2014-10-06    hold    miss
2017-05-10 18:28:07,161 - mylogger - INFO - 2014-10-07    hold    miss
2017-05-10 18:28:07,161 - mylogger - INFO - 2014-10-08    hold    miss
2017-05-10 18:28:07,161 - mylogger - INFO - 2014-10-09    buy     miss
2017-05-10 18:28:07,161 - mylogger - INFO - 2014-10-10    sell    hit
2017-05-10 18:28:07,161 - mylogger - INFO - 2014-10-13    hold    miss
2017-05-10 18:28:07,161 - mylogger - INFO - 2014-10-14    hold    miss
2017-05-10 18:28:07,162 - mylogger - INFO - 2014-10-15    hold    miss
2017-05-10 18:28:07,162 - mylogger - INFO - 2014-10-16    hold    miss
2017-05-10 18:28:07,162 - mylogger - INFO - 2014-10-17    hold    miss
2017-05-10 18:28:07,162 - mylogger - INFO - 2014-10-20    hold    miss
2017-05-10 18:28:07,162 - mylogger - INFO - 2014-10-21    hold    miss
2017-05-10 18:28:07,162 - mylogger - INFO - 2014-10-22    hold    miss
2017-05-10 18:28:07,163 - mylogger - INFO - 2014-10-23    hold    miss
2017-05-10 18:28:07,163 - mylogger - INFO - 2014-10-24    hold    miss
2017-05-10 18:28:07,163 - mylogger - INFO - 2014-10-27    hold    miss
2017-05-10 18:28:07,163 - mylogger - INFO - 2014-10-28    hold    miss
2017-05-10 18:28:07,163 - mylogger - INFO - 2014-10-29    hold    miss
2017-05-10 18:28:07,163 - mylogger - INFO - 2014-10-30    hold    miss
2017-05-10 18:28:07,163 - mylogger - INFO - 2014-10-31    hold    miss
2017-05-10 18:28:07,164 - mylogger - INFO - 2014-11-03    hold    miss
2017-05-10 18:28:07,164 - mylogger - INFO - 2014-11-04    hold    miss
2017-05-10 18:28:07,164 - mylogger - INFO - 2014-11-05    hold    miss
2017-05-10 18:28:07,164 - mylogger - INFO - 2014-11-06    hold    miss
2017-05-10 18:28:07,164 - mylogger - INFO - 2014-11-07    hold    miss
2017-05-10 18:28:07,165 - mylogger - INFO - 2014-11-10    hold    miss
2017-05-10 18:28:07,165 - mylogger - INFO - 2014-11-11    hold    miss
2017-05-10 18:28:07,165 - mylogger - INFO - 2014-11-12    buy     miss
2017-05-10 18:28:07,165 - mylogger - INFO - 2014-11-13    sell    miss
2017-05-10 18:28:07,165 - mylogger - INFO - 2014-11-14    hold    miss
2017-05-10 18:28:07,165 - mylogger - INFO - 2014-11-17    buy     hit
2017-05-10 18:28:07,166 - mylogger - INFO - 2014-11-18    hold    miss
2017-05-10 18:28:07,166 - mylogger - INFO - 2014-11-19    sell    hit
2017-05-10 18:28:07,166 - mylogger - INFO - 2014-11-20    hold    miss
2017-05-10 18:28:07,166 - mylogger - INFO - 2014-11-21    hold    miss
2017-05-10 18:28:07,166 - mylogger - INFO - 2014-11-24    hold    miss
2017-05-10 18:28:07,166 - mylogger - INFO - 2014-11-25    hold    miss
2017-05-10 18:28:07,166 - mylogger - INFO - 2014-11-26    hold    miss
2017-05-10 18:28:07,167 - mylogger - INFO - 2014-11-28    hold    miss
2017-05-10 18:28:07,167 - mylogger - INFO - 2014-12-01    hold    miss
2017-05-10 18:28:07,167 - mylogger - INFO - 2014-12-02    hold    miss
2017-05-10 18:28:07,167 - mylogger - INFO - 2014-12-03    hold    miss
2017-05-10 18:28:07,167 - mylogger - INFO - 2014-12-04    hold    miss
2017-05-10 18:28:07,167 - mylogger - INFO - 2014-12-05    hold    miss
2017-05-10 18:28:07,168 - mylogger - INFO - 2014-12-08    hold    miss
2017-05-10 18:28:07,168 - mylogger - INFO - 2014-12-09    hold    miss
2017-05-10 18:28:07,168 - mylogger - INFO - 2014-12-10    hold    miss
2017-05-10 18:28:07,168 - mylogger - INFO - 2014-12-11    hold    miss
2017-05-10 18:28:07,168 - mylogger - INFO - 2014-12-12    hold    miss
2017-05-10 18:28:07,168 - mylogger - INFO - 2014-12-15    hold    miss
2017-05-10 18:28:07,168 - mylogger - INFO - 2014-12-16    hold    miss
2017-05-10 18:28:07,169 - mylogger - INFO - 2014-12-17    hold    miss
2017-05-10 18:28:07,169 - mylogger - INFO - 2014-12-18    hold    miss
2017-05-10 18:28:07,169 - mylogger - INFO - 2014-12-19    hold    miss
2017-05-10 18:28:07,169 - mylogger - INFO - 2014-12-22    hold    miss
2017-05-10 18:28:07,169 - mylogger - INFO - 2014-12-23    hold    miss
2017-05-10 18:28:07,169 - mylogger - INFO - 2014-12-24    hold    miss
2017-05-10 18:28:07,170 - mylogger - INFO - 2014-12-26    hold    miss
2017-05-10 18:28:07,170 - mylogger - INFO - 2014-12-29    hold    miss
2017-05-10 18:28:07,170 - mylogger - INFO - 2014-12-30    hold    miss
2017-05-10 18:28:07,170 - mylogger - INFO - 2014-12-31    hold    miss
2017-05-10 18:28:07,170 - mylogger - INFO - 2015-01-02    buy     miss
2017-05-10 18:28:07,170 - mylogger - INFO - 2015-01-05    sell    hit
2017-05-10 18:28:07,170 - mylogger - INFO - 2015-01-06    hold    miss
2017-05-10 18:28:07,171 - mylogger - INFO - 2015-01-07    hold    miss
2017-05-10 18:28:07,171 - mylogger - INFO - 2015-01-08    hold    miss
2017-05-10 18:28:07,171 - mylogger - INFO - 2015-01-09    hold    miss
2017-05-10 18:28:07,171 - mylogger - INFO - 2015-01-12    hold    miss
2017-05-10 18:28:07,171 - mylogger - INFO - 2015-01-13    hold    miss
2017-05-10 18:28:07,171 - mylogger - INFO - 2015-01-14    hold    miss
2017-05-10 18:28:07,172 - mylogger - INFO - 2015-01-15    hold    miss
2017-05-10 18:28:07,172 - mylogger - INFO - 2015-01-16    hold    miss
2017-05-10 18:28:07,172 - mylogger - INFO - 2015-01-20    hold    miss
2017-05-10 18:28:07,172 - mylogger - INFO - 2015-01-21    hold    miss
2017-05-10 18:28:07,172 - mylogger - INFO - 2015-01-22    hold    miss
2017-05-10 18:28:07,172 - mylogger - INFO - 2015-01-23    hold    miss
2017-05-10 18:28:07,172 - mylogger - INFO - 2015-01-26    hold    miss
2017-05-10 18:28:07,173 - mylogger - INFO - 2015-01-27    hold    miss
2017-05-10 18:28:07,173 - mylogger - INFO - 2015-01-28    hold    miss
2017-05-10 18:28:07,173 - mylogger - INFO - 2015-01-29    hold    miss
2017-05-10 18:28:07,173 - mylogger - INFO - 2015-01-30    buy     hit
2017-05-10 18:28:07,173 - mylogger - INFO - 2015-02-02    sell    miss
2017-05-10 18:28:07,173 - mylogger - INFO - 2015-02-03    hold    miss
2017-05-10 18:28:07,174 - mylogger - INFO - 2015-02-04    hold    miss
2017-05-10 18:28:07,174 - mylogger - INFO - 2015-02-05    hold    miss
2017-05-10 18:28:07,174 - mylogger - INFO - 2015-02-06    hold    miss
2017-05-10 18:28:07,174 - mylogger - INFO - 2015-02-09    hold    miss
2017-05-10 18:28:07,174 - mylogger - INFO - 2015-02-10    hold    miss
2017-05-10 18:28:07,174 - mylogger - INFO - 2015-02-11    hold    miss
2017-05-10 18:28:07,174 - mylogger - INFO - 2015-02-12    hold    miss
2017-05-10 18:28:07,175 - mylogger - INFO - 2015-02-13    hold    miss
2017-05-10 18:28:07,175 - mylogger - INFO - 2015-02-17    hold    miss
2017-05-10 18:28:07,175 - mylogger - INFO - 2015-02-18    hold    miss
2017-05-10 18:28:07,175 - mylogger - INFO - 2015-02-19    hold    miss
2017-05-10 18:28:07,175 - mylogger - INFO - 2015-02-20    hold    miss
2017-05-10 18:28:07,175 - mylogger - INFO - 2015-02-23    hold    miss
2017-05-10 18:28:07,176 - mylogger - INFO - 2015-02-24    hold    miss
2017-05-10 18:28:07,176 - mylogger - INFO - 2015-02-25    buy     miss
2017-05-10 18:28:07,176 - mylogger - INFO - 2015-02-26    sell    miss
2017-05-10 18:28:07,176 - mylogger - INFO - 2015-02-27    hold    miss
2017-05-10 18:28:07,176 - mylogger - INFO - 2015-03-02    hold    miss
2017-05-10 18:28:07,176 - mylogger - INFO - 2015-03-03    hold    miss
2017-05-10 18:28:07,177 - mylogger - INFO - 2015-03-04    hold    miss
2017-05-10 18:28:07,177 - mylogger - INFO - 2015-03-05    hold    miss
2017-05-10 18:28:07,177 - mylogger - INFO - 2015-03-06    hold    miss
2017-05-10 18:28:07,177 - mylogger - INFO - 2015-03-09    hold    miss
2017-05-10 18:28:07,177 - mylogger - INFO - 2015-03-10    hold    miss
2017-05-10 18:28:07,178 - mylogger - INFO - 2015-03-11    hold    miss
2017-05-10 18:28:07,178 - mylogger - INFO - 2015-03-12    hold    miss
2017-05-10 18:28:07,178 - mylogger - INFO - 2015-03-13    hold    miss
2017-05-10 18:28:07,178 - mylogger - INFO - 2015-03-16    hold    miss
2017-05-10 18:28:07,178 - mylogger - INFO - 2015-03-17    hold    miss
2017-05-10 18:28:07,178 - mylogger - INFO - 2015-03-18    hold    miss
2017-05-10 18:28:07,179 - mylogger - INFO - 2015-03-19    hold    miss
2017-05-10 18:28:07,179 - mylogger - INFO - 2015-03-20    hold    miss
2017-05-10 18:28:07,179 - mylogger - INFO - 2015-03-23    hold    miss
2017-05-10 18:28:07,179 - mylogger - INFO - 2015-03-24    hold    miss
2017-05-10 18:28:07,179 - mylogger - INFO - 2015-03-25    hold    miss
2017-05-10 18:28:07,179 - mylogger - INFO - 2015-03-26    hold    miss
2017-05-10 18:28:07,179 - mylogger - INFO - 2015-03-27    hold    miss
2017-05-10 18:28:07,180 - mylogger - INFO - 2015-03-30    hold    miss
2017-05-10 18:28:07,180 - mylogger - INFO - 2015-03-31    hold    miss
2017-05-10 18:28:07,180 - mylogger - INFO - 2015-04-01    hold    miss
2017-05-10 18:28:07,180 - mylogger - INFO - 2015-04-02    hold    miss
2017-05-10 18:28:07,180 - mylogger - INFO - 2015-04-06    hold    miss
2017-05-10 18:28:07,180 - mylogger - INFO - 2015-04-07    hold    miss
2017-05-10 18:28:07,181 - mylogger - INFO - 2015-04-08    hold    miss
2017-05-10 18:28:07,181 - mylogger - INFO - 2015-04-09    hold    miss
2017-05-10 18:28:07,181 - mylogger - INFO - 2015-04-10    hold    miss
2017-05-10 18:28:07,181 - mylogger - INFO - 2015-04-13    hold    miss
2017-05-10 18:28:07,181 - mylogger - INFO - 2015-04-14    hold    miss
2017-05-10 18:28:07,181 - mylogger - INFO - 2015-04-15    hold    miss
2017-05-10 18:28:07,182 - mylogger - INFO - 2015-04-16    hold    miss
2017-05-10 18:28:07,182 - mylogger - INFO - 2015-04-17    hold    miss
2017-05-10 18:28:07,182 - mylogger - INFO - 2015-04-20    hold    miss
2017-05-10 18:28:07,182 - mylogger - INFO - 2015-04-21    hold    miss
2017-05-10 18:28:07,182 - mylogger - INFO - 2015-04-22    hold    miss
2017-05-10 18:28:07,182 - mylogger - INFO - 2015-04-23    hold    miss
2017-05-10 18:28:07,182 - mylogger - INFO - 2015-04-24    hold    miss
2017-05-10 18:28:07,183 - mylogger - INFO - 2015-04-27    hold    miss
2017-05-10 18:28:07,183 - mylogger - INFO - 2015-04-28    hold    miss
2017-05-10 18:28:07,183 - mylogger - INFO - 2015-04-29    hold    miss
2017-05-10 18:28:07,183 - mylogger - INFO - 2015-04-30    hold    miss
2017-05-10 18:28:07,183 - mylogger - INFO - 2015-05-01    hold    miss
2017-05-10 18:28:07,183 - mylogger - INFO - 2015-05-04    hold    miss
2017-05-10 18:28:07,184 - mylogger - INFO - 2015-05-05    hold    miss
2017-05-10 18:28:07,184 - mylogger - INFO - 2015-05-06    hold    miss
2017-05-10 18:28:07,184 - mylogger - INFO - 2015-05-07    hold    miss
2017-05-10 18:28:07,184 - mylogger - INFO - 2015-05-08    hold    miss
2017-05-10 18:28:07,184 - mylogger - INFO - 2015-05-11    hold    miss
2017-05-10 18:28:07,184 - mylogger - INFO - 2015-05-12    hold    miss
2017-05-10 18:28:07,184 - mylogger - INFO - 2015-05-13    hold    miss
2017-05-10 18:28:07,185 - mylogger - INFO - 2015-05-14    hold    miss
2017-05-10 18:28:07,185 - mylogger - INFO - 2015-05-15    hold    miss
2017-05-10 18:28:07,185 - mylogger - INFO - 2015-05-18    hold    miss
2017-05-10 18:28:07,185 - mylogger - INFO - 2015-05-19    hold    miss
2017-05-10 18:28:07,185 - mylogger - INFO - 2015-05-20    hold    miss
2017-05-10 18:28:07,185 - mylogger - INFO - 2015-05-21    hold    miss
2017-05-10 18:28:07,186 - mylogger - INFO - 2015-05-22    hold    miss
2017-05-10 18:28:07,186 - mylogger - INFO - 2015-05-26    hold    miss
2017-05-10 18:28:07,186 - mylogger - INFO - 2015-05-27    hold    miss
2017-05-10 18:28:07,186 - mylogger - INFO - 2015-05-28    hold    miss
2017-05-10 18:28:07,186 - mylogger - INFO - 2015-05-29    hold    miss
2017-05-10 18:28:07,186 - mylogger - INFO - 2015-06-01    hold    miss
2017-05-10 18:28:07,186 - mylogger - INFO - 2015-06-02    hold    miss
2017-05-10 18:28:07,187 - mylogger - INFO - 2015-06-03    hold    miss
2017-05-10 18:28:07,187 - mylogger - INFO - 2015-06-04    hold    miss
2017-05-10 18:28:07,187 - mylogger - INFO - 2015-06-05    hold    miss
2017-05-10 18:28:07,187 - mylogger - INFO - 2015-06-08    buy     hit
2017-05-10 18:28:07,187 - mylogger - INFO - 2015-06-09    hold    miss
2017-05-10 18:28:07,187 - mylogger - INFO - 2015-06-10    sell    hit
2017-05-10 18:28:07,188 - mylogger - INFO - 2015-06-11    hold    miss
2017-05-10 18:28:07,188 - mylogger - INFO - 2015-06-12    hold    miss
2017-05-10 18:28:07,188 - mylogger - INFO - 2015-06-15    hold    miss
2017-05-10 18:28:07,188 - mylogger - INFO - 2015-06-16    hold    miss
2017-05-10 18:28:07,188 - mylogger - INFO - 2015-06-17    hold    miss
2017-05-10 18:28:07,188 - mylogger - INFO - 2015-06-18    hold    miss
2017-05-10 18:28:07,188 - mylogger - INFO - 2015-06-19    buy     hit
2017-05-10 18:28:07,189 - mylogger - INFO - 2015-06-22    sell    miss
2017-05-10 18:28:07,189 - mylogger - INFO - 2015-06-23    hold    miss
2017-05-10 18:28:07,189 - mylogger - INFO - 2015-06-24    hold    miss
2017-05-10 18:28:07,189 - mylogger - INFO - 2015-06-25    hold    miss
2017-05-10 18:28:07,189 - mylogger - INFO - 2015-06-26    hold    miss
2017-05-10 18:28:07,189 - mylogger - INFO - 2015-06-29    hold    miss
2017-05-10 18:28:07,190 - mylogger - INFO - 2015-06-30    hold    miss
2017-05-10 18:28:07,190 - mylogger - INFO - 2015-07-01    hold    miss
2017-05-10 18:28:07,190 - mylogger - INFO - 2015-07-02    hold    miss
2017-05-10 18:28:07,190 - mylogger - INFO - 2015-07-06    hold    miss
2017-05-10 18:28:07,190 - mylogger - INFO - 2015-07-07    buy     miss
2017-05-10 18:28:07,190 - mylogger - INFO - 2015-07-08    sell    miss
2017-05-10 18:28:07,190 - mylogger - INFO - 2015-07-09    hold    miss
2017-05-10 18:28:07,191 - mylogger - INFO - 2015-07-10    hold    miss
2017-05-10 18:28:07,191 - mylogger - INFO - 2015-07-13    hold    miss
2017-05-10 18:28:07,191 - mylogger - INFO - 2015-07-14    hold    miss
2017-05-10 18:28:07,191 - mylogger - INFO - 2015-07-15    hold    miss
2017-05-10 18:28:07,191 - mylogger - INFO - 2015-07-16    hold    miss
2017-05-10 18:28:07,191 - mylogger - INFO - 2015-07-17    hold    miss
2017-05-10 18:28:07,192 - mylogger - INFO - 2015-07-20    hold    miss
2017-05-10 18:28:07,192 - mylogger - INFO - 2015-07-21    hold    miss
2017-05-10 18:28:07,192 - mylogger - INFO - 2015-07-22    hold    miss
2017-05-10 18:28:07,192 - mylogger - INFO - 2015-07-23    hold    miss
2017-05-10 18:28:07,192 - mylogger - INFO - 2015-07-24    hold    miss
2017-05-10 18:28:07,192 - mylogger - INFO - 2015-07-27    hold    miss
2017-05-10 18:28:07,193 - mylogger - INFO - 2015-07-28    hold    miss
2017-05-10 18:28:07,193 - mylogger - INFO - 2015-07-29    hold    miss
2017-05-10 18:28:07,193 - mylogger - INFO - 2015-07-30    hold    miss
2017-05-10 18:28:07,193 - mylogger - INFO - 2015-07-31    hold    miss
2017-05-10 18:28:07,193 - mylogger - INFO - 2015-08-03    hold    miss
2017-05-10 18:28:07,193 - mylogger - INFO - 2015-08-04    hold    miss
2017-05-10 18:28:07,194 - mylogger - INFO - 2015-08-05    hold    miss
2017-05-10 18:28:07,194 - mylogger - INFO - 2015-08-06    hold    miss
2017-05-10 18:28:07,194 - mylogger - INFO - 2015-08-07    hold    miss
2017-05-10 18:28:07,194 - mylogger - INFO - 2015-08-10    hold    miss
2017-05-10 18:28:07,194 - mylogger - INFO - 2015-08-11    hold    miss
2017-05-10 18:28:07,194 - mylogger - INFO - 2015-08-12    hold    miss
2017-05-10 18:28:07,195 - mylogger - INFO - 2015-08-13    hold    miss
2017-05-10 18:28:07,195 - mylogger - INFO - 2015-08-14    hold    miss
2017-05-10 18:28:07,195 - mylogger - INFO - 2015-08-17    hold    miss
2017-05-10 18:28:07,195 - mylogger - INFO - 2015-08-18    hold    miss
2017-05-10 18:28:07,195 - mylogger - INFO - 2015-08-19    hold    miss
2017-05-10 18:28:07,195 - mylogger - INFO - 2015-08-20    hold    miss
2017-05-10 18:28:07,195 - mylogger - INFO - 2015-08-21    hold    miss
2017-05-10 18:28:07,196 - mylogger - INFO - 2015-08-24    hold    miss
2017-05-10 18:28:07,196 - mylogger - INFO - 2015-08-25    hold    miss
2017-05-10 18:28:07,196 - mylogger - INFO - 2015-08-26    hold    miss
2017-05-10 18:28:07,196 - mylogger - INFO - 2015-08-27    hold    miss
2017-05-10 18:28:07,196 - mylogger - INFO - 2015-08-28    hold    miss
2017-05-10 18:28:07,196 - mylogger - INFO - 2015-08-31    hold    miss
2017-05-10 18:28:07,197 - mylogger - INFO - 2015-09-01    hold    miss
2017-05-10 18:28:07,197 - mylogger - INFO - 2015-09-02    buy     miss
2017-05-10 18:28:07,197 - mylogger - INFO - 2015-09-03    sell    hit
2017-05-10 18:28:07,197 - mylogger - INFO - 2015-09-04    hold    miss
2017-05-10 18:28:07,197 - mylogger - INFO - 2015-09-08    hold    miss
2017-05-10 18:28:07,197 - mylogger - INFO - 2015-09-09    hold    miss
2017-05-10 18:28:07,197 - mylogger - INFO - 2015-09-10    hold    miss
2017-05-10 18:28:07,198 - mylogger - INFO - 2015-09-11    hold    miss
2017-05-10 18:28:07,198 - mylogger - INFO - 2015-09-14    hold    miss
2017-05-10 18:28:07,198 - mylogger - INFO - 2015-09-15    hold    miss
2017-05-10 18:28:07,198 - mylogger - INFO - 2015-09-16    hold    miss
2017-05-10 18:28:07,198 - mylogger - INFO - 2015-09-17    hold    miss
2017-05-10 18:28:07,199 - mylogger - INFO - 2015-09-18    hold    miss
2017-05-10 18:28:07,199 - mylogger - INFO - 2015-09-21    hold    miss
2017-05-10 18:28:07,199 - mylogger - INFO - 2015-09-22    hold    miss
2017-05-10 18:28:07,199 - mylogger - INFO - 2015-09-23    hold    miss
2017-05-10 18:28:07,200 - mylogger - INFO - 2015-09-24    hold    miss
2017-05-10 18:28:07,200 - mylogger - INFO - 2015-09-25    hold    miss
2017-05-10 18:28:07,200 - mylogger - INFO - 2015-09-28    hold    miss
2017-05-10 18:28:07,200 - mylogger - INFO - 2015-09-29    hold    miss
2017-05-10 18:28:07,200 - mylogger - INFO - 2015-09-30    hold    miss
2017-05-10 18:28:07,200 - mylogger - INFO - 2015-10-01    hold    miss
2017-05-10 18:28:07,200 - mylogger - INFO - 2015-10-02    hold    miss
2017-05-10 18:28:07,201 - mylogger - INFO - 2015-10-05    hold    miss
2017-05-10 18:28:07,201 - mylogger - INFO - 2015-10-06    hold    miss
2017-05-10 18:28:07,201 - mylogger - INFO - 2015-10-07    hold    miss
2017-05-10 18:28:07,201 - mylogger - INFO - 2015-10-08    hold    miss
2017-05-10 18:28:07,201 - mylogger - INFO - 2015-10-09    hold    miss
2017-05-10 18:28:07,201 - mylogger - INFO - 2015-10-12    hold    miss
2017-05-10 18:28:07,202 - mylogger - INFO - 2015-10-13    hold    miss
2017-05-10 18:28:07,202 - mylogger - INFO - 2015-10-14    hold    miss
2017-05-10 18:28:07,202 - mylogger - INFO - 2015-10-15    hold    miss
2017-05-10 18:28:07,202 - mylogger - INFO - 2015-10-16    buy     hit
2017-05-10 18:28:07,202 - mylogger - INFO - 2015-10-19    sell    hit
2017-05-10 18:28:07,202 - mylogger - INFO - 2015-10-20    hold    miss
2017-05-10 18:28:07,203 - mylogger - INFO - 2015-10-21    hold    miss
2017-05-10 18:28:07,203 - mylogger - INFO - 2015-10-22    hold    miss
2017-05-10 18:28:07,203 - mylogger - INFO - 2015-10-23    hold    miss
2017-05-10 18:28:07,203 - mylogger - INFO - 2015-10-26    hold    miss
2017-05-10 18:28:07,203 - mylogger - INFO - 2015-10-27    hold    miss
2017-05-10 18:28:07,203 - mylogger - INFO - 2015-10-28    hold    miss
2017-05-10 18:28:07,203 - mylogger - INFO - 2015-10-29    hold    miss
2017-05-10 18:28:07,204 - mylogger - INFO - 2015-10-30    hold    miss
2017-05-10 18:28:07,204 - mylogger - INFO - 2015-11-02    hold    miss
2017-05-10 18:28:07,204 - mylogger - INFO - 2015-11-03    hold    miss
2017-05-10 18:28:07,204 - mylogger - INFO - 2015-11-04    hold    miss
2017-05-10 18:28:07,204 - mylogger - INFO - 2015-11-05    hold    miss
2017-05-10 18:28:07,204 - mylogger - INFO - 2015-11-06    buy     miss
2017-05-10 18:28:07,205 - mylogger - INFO - 2015-11-09    sell    miss
2017-05-10 18:28:07,205 - mylogger - INFO - 2015-11-10    hold    miss
2017-05-10 18:28:07,205 - mylogger - INFO - 2015-11-11    hold    miss
2017-05-10 18:28:07,205 - mylogger - INFO - 2015-11-12    hold    miss
2017-05-10 18:28:07,205 - mylogger - INFO - 2015-11-13    hold    miss
2017-05-10 18:28:07,205 - mylogger - INFO - 2015-11-16    hold    miss
2017-05-10 18:28:07,205 - mylogger - INFO - 2015-11-17    hold    miss
2017-05-10 18:28:07,206 - mylogger - INFO - 2015-11-18    hold    miss
2017-05-10 18:28:07,206 - mylogger - INFO - 2015-11-19    hold    miss
2017-05-10 18:28:07,206 - mylogger - INFO - 2015-11-20    hold    miss
2017-05-10 18:28:07,206 - mylogger - INFO - 2015-11-23    hold    miss
2017-05-10 18:28:07,206 - mylogger - INFO - 2015-11-24    hold    miss
2017-05-10 18:28:07,206 - mylogger - INFO - 2015-11-25    hold    miss
2017-05-10 18:28:07,207 - mylogger - INFO - 2015-11-27    hold    miss
2017-05-10 18:28:07,207 - mylogger - INFO - 2015-11-30    buy     hit
2017-05-10 18:28:07,207 - mylogger - INFO - 2015-12-01    sell    hit
2017-05-10 18:28:07,207 - mylogger - INFO - 2015-12-02    hold    miss
2017-05-10 18:28:07,207 - mylogger - INFO - 2015-12-03    hold    miss
2017-05-10 18:28:07,207 - mylogger - INFO - 2015-12-04    hold    miss
2017-05-10 18:28:07,207 - mylogger - INFO - 2015-12-07    hold    miss
2017-05-10 18:28:07,208 - mylogger - INFO - 2015-12-08    buy     hit
2017-05-10 18:28:07,208 - mylogger - INFO - 2015-12-09    sell    miss
2017-05-10 18:28:07,208 - mylogger - INFO - 2015-12-10    hold    miss
2017-05-10 18:28:07,208 - mylogger - INFO - 2015-12-11    buy     miss
2017-05-10 18:28:07,208 - mylogger - INFO - 2015-12-14    hold    miss
2017-05-10 18:28:07,208 - mylogger - INFO - 2015-12-15    hold    miss
2017-05-10 18:28:07,208 - mylogger - INFO - 2015-12-16    sell    hit
2017-05-10 18:28:07,209 - mylogger - INFO - 2015-12-17    buy     miss
2017-05-10 18:28:07,209 - mylogger - INFO - 2015-12-18    sell    miss
2017-05-10 18:28:07,209 - mylogger - INFO - 2015-12-21    buy     hit
2017-05-10 18:28:07,209 - mylogger - INFO - 2015-12-22    sell    miss
2017-05-10 18:28:07,210 - mylogger - INFO - 2015-12-23    buy     miss
2017-05-10 18:28:07,210 - mylogger - INFO - 2015-12-24    buy     hit
2017-05-10 18:28:07,210 - mylogger - INFO - 2015-12-28    hold    miss
2017-05-10 18:28:07,210 - mylogger - INFO - 2015-12-29    sell    hit
2017-05-10 18:28:07,210 - mylogger - INFO - 2015-12-30    hold    miss
2017-05-10 18:28:07,210 - mylogger - INFO - Hit number:31/503
2017-05-10 18:28:07,210 - mylogger - INFO - Hit rate:0.061630218687872766
