2017-05-10 20:01:29,673 - mylogger - INFO - 0.00830738
2017-05-10 20:01:29,674 - mylogger - INFO - 2014-01-02: hold
2017-05-10 20:01:29,996 - mylogger - INFO - 0.0124821
2017-05-10 20:01:29,997 - mylogger - INFO - 2014-01-03: buy
2017-05-10 20:01:29,997 - mylogger - INFO - 100000.0
2017-05-10 20:01:30,403 - mylogger - INFO - 0.00651738
2017-05-10 20:01:30,403 - mylogger - INFO - 2014-01-06: hold
2017-05-10 20:01:30,722 - mylogger - INFO - 0.00830858
2017-05-10 20:01:30,722 - mylogger - INFO - 2014-01-07: hold
2017-05-10 20:01:31,049 - mylogger - INFO - 0.0222329
2017-05-10 20:01:31,050 - mylogger - INFO - 2014-01-08: No cover!
2017-05-10 20:01:31,371 - mylogger - INFO - 0.0203065
2017-05-10 20:01:31,371 - mylogger - INFO - 2014-01-09: No cover!
2017-05-10 20:01:31,776 - mylogger - INFO - 0.0227
2017-05-10 20:01:31,777 - mylogger - INFO - 2014-01-10: No cover!
2017-05-10 20:01:32,116 - mylogger - INFO - 0.0231282
2017-05-10 20:01:32,117 - mylogger - INFO - 2014-01-13: No cover!
2017-05-10 20:01:32,443 - mylogger - INFO - 0.0176121
2017-05-10 20:01:32,444 - mylogger - INFO - 2014-01-14: No cover!
2017-05-10 20:01:32,853 - mylogger - INFO - 0.018018
2017-05-10 20:01:32,854 - mylogger - INFO - 2014-01-15: No cover!
2017-05-10 20:01:33,176 - mylogger - INFO - 0.00317499
2017-05-10 20:01:33,176 - mylogger - INFO - 2014-01-16: hold
2017-05-10 20:01:33,498 - mylogger - INFO - -0.0101568
2017-05-10 20:01:33,500 - mylogger - INFO - 2014-01-17: sell
2017-05-10 20:01:33,914 - mylogger - INFO - 0.0304682
2017-05-10 20:01:33,914 - mylogger - INFO - 2014-01-21: buy
2017-05-10 20:01:33,915 - mylogger - INFO - 102356.80991
2017-05-10 20:01:34,245 - mylogger - INFO - 0.00170209
2017-05-10 20:01:34,245 - mylogger - INFO - 2014-01-22: hold
2017-05-10 20:01:34,570 - mylogger - INFO - 0.0155502
2017-05-10 20:01:34,571 - mylogger - INFO - 2014-01-23: No cover!
2017-05-10 20:01:34,981 - mylogger - INFO - 0.0219053
2017-05-10 20:01:34,982 - mylogger - INFO - 2014-01-24: No cover!
2017-05-10 20:01:35,303 - mylogger - INFO - 0.0127479
2017-05-10 20:01:35,303 - mylogger - INFO - 2014-01-27: No cover!
2017-05-10 20:01:35,630 - mylogger - INFO - 0.0200983
2017-05-10 20:01:35,631 - mylogger - INFO - 2014-01-28: No cover!
2017-05-10 20:01:35,962 - mylogger - INFO - 0.0117879
2017-05-10 20:01:35,962 - mylogger - INFO - 2014-01-29: No cover!
2017-05-10 20:01:36,369 - mylogger - INFO - 0.0135202
2017-05-10 20:01:36,369 - mylogger - INFO - 2014-01-30: No cover!
2017-05-10 20:01:36,688 - mylogger - INFO - 0.0118386
2017-05-10 20:01:36,689 - mylogger - INFO - 2014-01-31: No cover!
2017-05-10 20:01:37,011 - mylogger - INFO - 0.0108383
2017-05-10 20:01:37,012 - mylogger - INFO - 2014-02-03: No cover!
2017-05-10 20:01:37,422 - mylogger - INFO - 0.00796406
2017-05-10 20:01:37,422 - mylogger - INFO - 2014-02-04: hold
2017-05-10 20:01:37,743 - mylogger - INFO - 0.0113092
2017-05-10 20:01:37,743 - mylogger - INFO - 2014-02-05: No cover!
2017-05-10 20:01:38,078 - mylogger - INFO - 0.0115201
2017-05-10 20:01:38,079 - mylogger - INFO - 2014-02-06: No cover!
2017-05-10 20:01:38,492 - mylogger - INFO - -0.0102116
2017-05-10 20:01:38,493 - mylogger - INFO - 2014-02-07: sell
2017-05-10 20:01:38,814 - mylogger - INFO - 0.000802698
2017-05-10 20:01:38,814 - mylogger - INFO - 2014-02-10: hold
2017-05-10 20:01:39,142 - mylogger - INFO - -0.004825
2017-05-10 20:01:39,142 - mylogger - INFO - 2014-02-11: No short!
2017-05-10 20:01:39,558 - mylogger - INFO - 0.0131995
2017-05-10 20:01:39,559 - mylogger - INFO - 2014-02-12: buy
2017-05-10 20:01:39,559 - mylogger - INFO - 89918.702676
2017-05-10 20:01:39,892 - mylogger - INFO - 0.0149948
2017-05-10 20:01:39,893 - mylogger - INFO - 2014-02-13: No cover!
2017-05-10 20:01:40,209 - mylogger - INFO - 0.0121659
2017-05-10 20:01:40,210 - mylogger - INFO - 2014-02-14: No cover!
2017-05-10 20:01:40,537 - mylogger - INFO - 0.0176679
2017-05-10 20:01:40,538 - mylogger - INFO - 2014-02-18: No cover!
2017-05-10 20:01:40,952 - mylogger - INFO - 0.0102803
2017-05-10 20:01:40,953 - mylogger - INFO - 2014-02-19: No cover!
2017-05-10 20:01:41,272 - mylogger - INFO - 0.00142339
2017-05-10 20:01:41,273 - mylogger - INFO - 2014-02-20: hold
2017-05-10 20:01:41,599 - mylogger - INFO - 0.00891328
2017-05-10 20:01:41,599 - mylogger - INFO - 2014-02-21: hold
2017-05-10 20:01:42,013 - mylogger - INFO - -0.00803653
2017-05-10 20:01:42,014 - mylogger - INFO - 2014-02-24: sell
2017-05-10 20:01:42,336 - mylogger - INFO - 0.00716016
2017-05-10 20:01:42,336 - mylogger - INFO - 2014-02-25: hold
2017-05-10 20:01:42,656 - mylogger - INFO - 0.0111226
2017-05-10 20:01:42,657 - mylogger - INFO - 2014-02-26: buy
2017-05-10 20:01:42,657 - mylogger - INFO - 87999.7389679
2017-05-10 20:01:43,071 - mylogger - INFO - 0.0183777
2017-05-10 20:01:43,072 - mylogger - INFO - 2014-02-27: No cover!
2017-05-10 20:01:43,399 - mylogger - INFO - 0.00944404
2017-05-10 20:01:43,399 - mylogger - INFO - 2014-02-28: hold
2017-05-10 20:01:43,722 - mylogger - INFO - 0.016381
2017-05-10 20:01:43,723 - mylogger - INFO - 2014-03-03: No cover!
2017-05-10 20:01:44,139 - mylogger - INFO - -0.00762482
2017-05-10 20:01:44,141 - mylogger - INFO - 2014-03-04: sell
2017-05-10 20:01:44,493 - mylogger - INFO - -0.000719584
2017-05-10 20:01:44,493 - mylogger - INFO - 2014-03-05: No short!
2017-05-10 20:01:44,803 - mylogger - INFO - -0.000620113
2017-05-10 20:01:44,803 - mylogger - INFO - 2014-03-06: No short!
2017-05-10 20:01:45,124 - mylogger - INFO - 0.00661771
2017-05-10 20:01:45,125 - mylogger - INFO - 2014-03-07: hold
2017-05-10 20:01:45,532 - mylogger - INFO - 0.00588561
2017-05-10 20:01:45,533 - mylogger - INFO - 2014-03-10: hold
2017-05-10 20:01:45,853 - mylogger - INFO - 0.0221835
2017-05-10 20:01:45,854 - mylogger - INFO - 2014-03-11: buy
2017-05-10 20:01:45,854 - mylogger - INFO - 88148.2130467
2017-05-10 20:01:46,174 - mylogger - INFO - 0.0093744
2017-05-10 20:01:46,174 - mylogger - INFO - 2014-03-12: hold
2017-05-10 20:01:46,588 - mylogger - INFO - 0.0225782
2017-05-10 20:01:46,590 - mylogger - INFO - 2014-03-13: buy
2017-05-10 20:01:46,590 - mylogger - INFO - 880.559380743
2017-05-10 20:01:46,914 - mylogger - INFO - 0.0201405
2017-05-10 20:01:46,914 - mylogger - INFO - 2014-03-14: No cover!
2017-05-10 20:01:47,246 - mylogger - INFO - 0.0114067
2017-05-10 20:01:47,247 - mylogger - INFO - 2014-03-17: No cover!
2017-05-10 20:01:47,665 - mylogger - INFO - 0.0135267
2017-05-10 20:01:47,666 - mylogger - INFO - 2014-03-18: No cover!
2017-05-10 20:01:47,993 - mylogger - INFO - 0.00390133
2017-05-10 20:01:47,993 - mylogger - INFO - 2014-03-19: hold
2017-05-10 20:01:48,314 - mylogger - INFO - 0.00234793
2017-05-10 20:01:48,314 - mylogger - INFO - 2014-03-20: hold
2017-05-10 20:01:48,739 - mylogger - INFO - 0.0108549
2017-05-10 20:01:48,740 - mylogger - INFO - 2014-03-21: No cover!
2017-05-10 20:01:49,065 - mylogger - INFO - 0.0104147
2017-05-10 20:01:49,066 - mylogger - INFO - 2014-03-24: No cover!
2017-05-10 20:01:49,398 - mylogger - INFO - 0.00857035
2017-05-10 20:01:49,398 - mylogger - INFO - 2014-03-25: hold
2017-05-10 20:01:49,725 - mylogger - INFO - 0.0110283
2017-05-10 20:01:49,725 - mylogger - INFO - 2014-03-26: No cover!
2017-05-10 20:01:50,143 - mylogger - INFO - 0.0185139
2017-05-10 20:01:50,144 - mylogger - INFO - 2014-03-27: No cover!
2017-05-10 20:01:50,465 - mylogger - INFO - 0.019972
2017-05-10 20:01:50,466 - mylogger - INFO - 2014-03-28: No cover!
2017-05-10 20:01:50,786 - mylogger - INFO - 0.0208974
2017-05-10 20:01:50,787 - mylogger - INFO - 2014-03-31: No cover!
2017-05-10 20:01:51,198 - mylogger - INFO - 0.00165078
2017-05-10 20:01:51,198 - mylogger - INFO - 2014-04-01: hold
2017-05-10 20:01:51,532 - mylogger - INFO - 0.00380832
2017-05-10 20:01:51,533 - mylogger - INFO - 2014-04-02: hold
2017-05-10 20:01:51,854 - mylogger - INFO - 0.0162895
2017-05-10 20:01:51,855 - mylogger - INFO - 2014-04-03: No cover!
2017-05-10 20:01:52,260 - mylogger - INFO - 0.0178145
2017-05-10 20:01:52,261 - mylogger - INFO - 2014-04-04: No cover!
2017-05-10 20:01:52,593 - mylogger - INFO - 0.012957
2017-05-10 20:01:52,594 - mylogger - INFO - 2014-04-07: No cover!
2017-05-10 20:01:52,913 - mylogger - INFO - 0.0172771
2017-05-10 20:01:52,914 - mylogger - INFO - 2014-04-08: No cover!
2017-05-10 20:01:53,334 - mylogger - INFO - 0.00312006
2017-05-10 20:01:53,334 - mylogger - INFO - 2014-04-09: hold
2017-05-10 20:01:53,660 - mylogger - INFO - 0.0100252
2017-05-10 20:01:53,661 - mylogger - INFO - 2014-04-10: No cover!
2017-05-10 20:01:53,984 - mylogger - INFO - 0.010272
2017-05-10 20:01:53,985 - mylogger - INFO - 2014-04-11: No cover!
2017-05-10 20:01:54,302 - mylogger - INFO - 0.0123554
2017-05-10 20:01:54,303 - mylogger - INFO - 2014-04-14: No cover!
2017-05-10 20:01:54,720 - mylogger - INFO - 0.0112954
2017-05-10 20:01:54,720 - mylogger - INFO - 2014-04-15: No cover!
2017-05-10 20:01:55,054 - mylogger - INFO - -0.0147566
2017-05-10 20:01:55,055 - mylogger - INFO - 2014-04-16: sell
2017-05-10 20:01:55,373 - mylogger - INFO - 0.000568878
2017-05-10 20:01:55,374 - mylogger - INFO - 2014-04-17: hold
2017-05-10 20:01:55,784 - mylogger - INFO - -0.0078078
2017-05-10 20:01:55,784 - mylogger - INFO - 2014-04-21: No short!
2017-05-10 20:01:56,122 - mylogger - INFO - -0.0157635
2017-05-10 20:01:56,122 - mylogger - INFO - 2014-04-22: No short!
2017-05-10 20:01:56,450 - mylogger - INFO - 0.00314662
2017-05-10 20:01:56,451 - mylogger - INFO - 2014-04-23: hold
2017-05-10 20:01:56,865 - mylogger - INFO - 0.00181715
2017-05-10 20:01:56,865 - mylogger - INFO - 2014-04-24: hold
2017-05-10 20:01:57,187 - mylogger - INFO - 0.0155749
2017-05-10 20:01:57,188 - mylogger - INFO - 2014-04-25: buy
2017-05-10 20:01:57,188 - mylogger - INFO - 93976.8927646
2017-05-10 20:01:57,509 - mylogger - INFO - 0.00778505
2017-05-10 20:01:57,510 - mylogger - INFO - 2014-04-28: hold
2017-05-10 20:01:57,917 - mylogger - INFO - 0.0126048
2017-05-10 20:01:57,918 - mylogger - INFO - 2014-04-29: buy
2017-05-10 20:01:57,918 - mylogger - INFO - 1258.8906684
2017-05-10 20:01:58,248 - mylogger - INFO - 0.00633066
2017-05-10 20:01:58,249 - mylogger - INFO - 2014-04-30: hold
2017-05-10 20:01:58,575 - mylogger - INFO - 0.00660303
2017-05-10 20:01:58,575 - mylogger - INFO - 2014-05-01: hold
2017-05-10 20:01:58,892 - mylogger - INFO - -0.00432977
2017-05-10 20:01:58,893 - mylogger - INFO - 2014-05-02: sell
2017-05-10 20:01:59,299 - mylogger - INFO - 0.00380331
2017-05-10 20:01:59,299 - mylogger - INFO - 2014-05-05: hold
2017-05-10 20:01:59,613 - mylogger - INFO - 0.00679763
2017-05-10 20:01:59,613 - mylogger - INFO - 2014-05-06: hold
2017-05-10 20:01:59,929 - mylogger - INFO - 0.0185118
2017-05-10 20:01:59,930 - mylogger - INFO - 2014-05-07: buy
2017-05-10 20:01:59,930 - mylogger - INFO - 99716.0668921
2017-05-10 20:02:00,336 - mylogger - INFO - 0.00164052
2017-05-10 20:02:00,336 - mylogger - INFO - 2014-05-08: hold
2017-05-10 20:02:00,653 - mylogger - INFO - 0.00660968
2017-05-10 20:02:00,653 - mylogger - INFO - 2014-05-09: hold
2017-05-10 20:02:00,964 - mylogger - INFO - 0.00050859
2017-05-10 20:02:00,964 - mylogger - INFO - 2014-05-12: hold
2017-05-10 20:02:01,368 - mylogger - INFO - 0.0124908
2017-05-10 20:02:01,369 - mylogger - INFO - 2014-05-13: No cover!
2017-05-10 20:02:01,683 - mylogger - INFO - 0.0166729
2017-05-10 20:02:01,684 - mylogger - INFO - 2014-05-14: No cover!
2017-05-10 20:02:02,006 - mylogger - INFO - 0.0150028
2017-05-10 20:02:02,007 - mylogger - INFO - 2014-05-15: No cover!
2017-05-10 20:02:02,426 - mylogger - INFO - 0.0296282
2017-05-10 20:02:02,427 - mylogger - INFO - 2014-05-16: No cover!
2017-05-10 20:02:02,753 - mylogger - INFO - 0.0175688
2017-05-10 20:02:02,754 - mylogger - INFO - 2014-05-19: No cover!
2017-05-10 20:02:03,081 - mylogger - INFO - 0.0189973
2017-05-10 20:02:03,082 - mylogger - INFO - 2014-05-20: No cover!
2017-05-10 20:02:03,400 - mylogger - INFO - -0.000617778
2017-05-10 20:02:03,401 - mylogger - INFO - 2014-05-21: sell
2017-05-10 20:02:03,807 - mylogger - INFO - 0.0287224
2017-05-10 20:02:03,808 - mylogger - INFO - 2014-05-22: buy
2017-05-10 20:02:03,808 - mylogger - INFO - 100674.417312
2017-05-10 20:02:04,125 - mylogger - INFO - 0.00655347
2017-05-10 20:02:04,126 - mylogger - INFO - 2014-05-23: hold
2017-05-10 20:02:04,437 - mylogger - INFO - 0.0184024
2017-05-10 20:02:04,438 - mylogger - INFO - 2014-05-27: No cover!
2017-05-10 20:02:04,840 - mylogger - INFO - 0.0231546
2017-05-10 20:02:04,841 - mylogger - INFO - 2014-05-28: No cover!
2017-05-10 20:02:05,155 - mylogger - INFO - 0.0220887
2017-05-10 20:02:05,156 - mylogger - INFO - 2014-05-29: No cover!
2017-05-10 20:02:05,468 - mylogger - INFO - 0.0126658
2017-05-10 20:02:05,469 - mylogger - INFO - 2014-05-30: No cover!
2017-05-10 20:02:05,870 - mylogger - INFO - -0.00029406
2017-05-10 20:02:05,871 - mylogger - INFO - 2014-06-02: sell
2017-05-10 20:02:06,182 - mylogger - INFO - -0.0110252
2017-05-10 20:02:06,183 - mylogger - INFO - 2014-06-03: No short!
2017-05-10 20:02:06,500 - mylogger - INFO - -0.00284019
2017-05-10 20:02:06,500 - mylogger - INFO - 2014-06-04: No short!
2017-05-10 20:02:06,901 - mylogger - INFO - -0.00878178
2017-05-10 20:02:06,902 - mylogger - INFO - 2014-06-05: No short!
2017-05-10 20:02:07,230 - mylogger - INFO - 0.00568242
2017-05-10 20:02:07,230 - mylogger - INFO - 2014-06-06: hold
2017-05-10 20:02:07,591 - mylogger - INFO - -0.0007933
2017-05-10 20:02:07,592 - mylogger - INFO - 2014-06-09: No short!
2017-05-10 20:02:07,909 - mylogger - INFO - -0.00841118
2017-05-10 20:02:07,909 - mylogger - INFO - 2014-06-10: No short!
2017-05-10 20:02:08,344 - mylogger - INFO - 0.0102885
2017-05-10 20:02:08,345 - mylogger - INFO - 2014-06-11: buy
2017-05-10 20:02:08,345 - mylogger - INFO - 103311.225238
2017-05-10 20:02:08,656 - mylogger - INFO - 0.00920205
2017-05-10 20:02:08,656 - mylogger - INFO - 2014-06-12: hold
2017-05-10 20:02:08,969 - mylogger - INFO - 0.00493567
2017-05-10 20:02:08,969 - mylogger - INFO - 2014-06-13: hold
2017-05-10 20:02:09,370 - mylogger - INFO - -0.00073514
2017-05-10 20:02:09,371 - mylogger - INFO - 2014-06-16: sell
2017-05-10 20:02:09,685 - mylogger - INFO - -0.0064096
2017-05-10 20:02:09,686 - mylogger - INFO - 2014-06-17: No short!
2017-05-10 20:02:09,998 - mylogger - INFO - -0.000169166
2017-05-10 20:02:09,998 - mylogger - INFO - 2014-06-18: No short!
2017-05-10 20:02:10,396 - mylogger - INFO - 0.0072472
2017-05-10 20:02:10,397 - mylogger - INFO - 2014-06-19: hold
2017-05-10 20:02:10,708 - mylogger - INFO - 0.00709235
2017-05-10 20:02:10,708 - mylogger - INFO - 2014-06-20: hold
2017-05-10 20:02:11,032 - mylogger - INFO - -0.00573088
2017-05-10 20:02:11,033 - mylogger - INFO - 2014-06-23: No short!
2017-05-10 20:02:11,439 - mylogger - INFO - 0.00620026
2017-05-10 20:02:11,439 - mylogger - INFO - 2014-06-24: hold
2017-05-10 20:02:11,761 - mylogger - INFO - 0.016967
2017-05-10 20:02:11,761 - mylogger - INFO - 2014-06-25: buy
2017-05-10 20:02:11,762 - mylogger - INFO - 103498.904888
2017-05-10 20:02:12,091 - mylogger - INFO - 0.00197127
2017-05-10 20:02:12,091 - mylogger - INFO - 2014-06-26: hold
2017-05-10 20:02:12,505 - mylogger - INFO - 0.000610347
2017-05-10 20:02:12,505 - mylogger - INFO - 2014-06-27: hold
2017-05-10 20:02:12,822 - mylogger - INFO - -0.00855383
2017-05-10 20:02:12,823 - mylogger - INFO - 2014-06-30: sell
2017-05-10 20:02:13,151 - mylogger - INFO - 0.0113068
2017-05-10 20:02:13,152 - mylogger - INFO - 2014-07-01: buy
2017-05-10 20:02:13,152 - mylogger - INFO - 103591.538302
2017-05-10 20:02:13,482 - mylogger - INFO - 0.0229977
2017-05-10 20:02:13,483 - mylogger - INFO - 2014-07-02: buy
2017-05-10 20:02:13,483 - mylogger - INFO - 490.509276256
2017-05-10 20:02:13,896 - mylogger - INFO - 0.00420721
2017-05-10 20:02:13,896 - mylogger - INFO - 2014-07-03: hold
2017-05-10 20:02:14,220 - mylogger - INFO - 0.0055912
2017-05-10 20:02:14,220 - mylogger - INFO - 2014-07-07: hold
2017-05-10 20:02:14,544 - mylogger - INFO - 0.00502327
2017-05-10 20:02:14,545 - mylogger - INFO - 2014-07-08: hold
2017-05-10 20:02:14,995 - mylogger - INFO - 0.0059062
2017-05-10 20:02:14,996 - mylogger - INFO - 2014-07-09: hold
2017-05-10 20:02:15,323 - mylogger - INFO - -0.00727431
2017-05-10 20:02:15,324 - mylogger - INFO - 2014-07-10: sell
2017-05-10 20:02:15,649 - mylogger - INFO - 0.00264275
2017-05-10 20:02:15,649 - mylogger - INFO - 2014-07-11: hold
2017-05-10 20:02:16,065 - mylogger - INFO - -4.88219e-05
2017-05-10 20:02:16,065 - mylogger - INFO - 2014-07-14: No short!
2017-05-10 20:02:16,386 - mylogger - INFO - 0.00591321
2017-05-10 20:02:16,386 - mylogger - INFO - 2014-07-15: hold
2017-05-10 20:02:16,716 - mylogger - INFO - 0.000945154
2017-05-10 20:02:16,716 - mylogger - INFO - 2014-07-16: hold
2017-05-10 20:02:17,138 - mylogger - INFO - -0.000928787
2017-05-10 20:02:17,138 - mylogger - INFO - 2014-07-17: No short!
2017-05-10 20:02:17,457 - mylogger - INFO - -0.00992088
2017-05-10 20:02:17,457 - mylogger - INFO - 2014-07-18: No short!
2017-05-10 20:02:17,779 - mylogger - INFO - 0.00863568
2017-05-10 20:02:17,779 - mylogger - INFO - 2014-07-21: hold
2017-05-10 20:02:18,104 - mylogger - INFO - -0.00122572
2017-05-10 20:02:18,104 - mylogger - INFO - 2014-07-22: No short!
2017-05-10 20:02:18,523 - mylogger - INFO - 0.00885009
2017-05-10 20:02:18,523 - mylogger - INFO - 2014-07-23: hold
2017-05-10 20:02:18,839 - mylogger - INFO - -0.00435684
2017-05-10 20:02:18,839 - mylogger - INFO - 2014-07-24: No short!
2017-05-10 20:02:19,168 - mylogger - INFO - 0.0113323
2017-05-10 20:02:19,169 - mylogger - INFO - 2014-07-25: buy
2017-05-10 20:02:19,169 - mylogger - INFO - 103604.084705
2017-05-10 20:02:19,588 - mylogger - INFO - 0.0135225
2017-05-10 20:02:19,589 - mylogger - INFO - 2014-07-28: buy
2017-05-10 20:02:19,589 - mylogger - INFO - 205.492526722
2017-05-10 20:02:19,908 - mylogger - INFO - 0.00567559
2017-05-10 20:02:19,909 - mylogger - INFO - 2014-07-29: hold
2017-05-10 20:02:20,250 - mylogger - INFO - 0.00565992
2017-05-10 20:02:20,250 - mylogger - INFO - 2014-07-30: hold
2017-05-10 20:02:20,658 - mylogger - INFO - -0.00614765
2017-05-10 20:02:20,660 - mylogger - INFO - 2014-07-31: sell
2017-05-10 20:02:20,992 - mylogger - INFO - -0.0130327
2017-05-10 20:02:20,992 - mylogger - INFO - 2014-08-01: No short!
2017-05-10 20:02:21,310 - mylogger - INFO - -0.00645252
2017-05-10 20:02:21,310 - mylogger - INFO - 2014-08-04: No short!
2017-05-10 20:02:21,730 - mylogger - INFO - -0.0054156
2017-05-10 20:02:21,731 - mylogger - INFO - 2014-08-05: No short!
2017-05-10 20:02:22,063 - mylogger - INFO - -0.00144732
2017-05-10 20:02:22,064 - mylogger - INFO - 2014-08-06: No short!
2017-05-10 20:02:22,389 - mylogger - INFO - -0.00983548
2017-05-10 20:02:22,390 - mylogger - INFO - 2014-08-07: No short!
2017-05-10 20:02:22,706 - mylogger - INFO - -0.0199884
2017-05-10 20:02:22,706 - mylogger - INFO - 2014-08-08: No short!
2017-05-10 20:02:23,126 - mylogger - INFO - 0.00216397
2017-05-10 20:02:23,126 - mylogger - INFO - 2014-08-11: hold
2017-05-10 20:02:23,452 - mylogger - INFO - 0.0084182
2017-05-10 20:02:23,452 - mylogger - INFO - 2014-08-12: hold
2017-05-10 20:02:23,772 - mylogger - INFO - 0.00744773
2017-05-10 20:02:23,772 - mylogger - INFO - 2014-08-13: hold
2017-05-10 20:02:24,195 - mylogger - INFO - 0.00711029
2017-05-10 20:02:24,195 - mylogger - INFO - 2014-08-14: hold
2017-05-10 20:02:24,522 - mylogger - INFO - 0.00858791
2017-05-10 20:02:24,523 - mylogger - INFO - 2014-08-15: hold
2017-05-10 20:02:24,843 - mylogger - INFO - 0.00135401
2017-05-10 20:02:24,843 - mylogger - INFO - 2014-08-18: hold
2017-05-10 20:02:25,263 - mylogger - INFO - 0.00417355
2017-05-10 20:02:25,263 - mylogger - INFO - 2014-08-19: hold
2017-05-10 20:02:25,591 - mylogger - INFO - -0.00487526
2017-05-10 20:02:25,591 - mylogger - INFO - 2014-08-20: No short!
2017-05-10 20:02:25,913 - mylogger - INFO - 0.00699601
2017-05-10 20:02:25,913 - mylogger - INFO - 2014-08-21: hold
2017-05-10 20:02:26,339 - mylogger - INFO - 0.00261172
2017-05-10 20:02:26,339 - mylogger - INFO - 2014-08-22: hold
2017-05-10 20:02:26,677 - mylogger - INFO - 0.00483455
2017-05-10 20:02:26,678 - mylogger - INFO - 2014-08-25: hold
2017-05-10 20:02:27,000 - mylogger - INFO - 0.00118519
2017-05-10 20:02:27,000 - mylogger - INFO - 2014-08-26: hold
2017-05-10 20:02:27,324 - mylogger - INFO - -0.00290419
2017-05-10 20:02:27,324 - mylogger - INFO - 2014-08-27: No short!
2017-05-10 20:02:27,739 - mylogger - INFO - 0.0116984
2017-05-10 20:02:27,739 - mylogger - INFO - 2014-08-28: buy
2017-05-10 20:02:27,740 - mylogger - INFO - 99693.3992594
2017-05-10 20:02:28,065 - mylogger - INFO - 0.0029848
2017-05-10 20:02:28,065 - mylogger - INFO - 2014-08-29: hold
2017-05-10 20:02:28,390 - mylogger - INFO - 0.00811757
2017-05-10 20:02:28,391 - mylogger - INFO - 2014-09-02: hold
2017-05-10 20:02:28,806 - mylogger - INFO - 0.0117509
2017-05-10 20:02:28,807 - mylogger - INFO - 2014-09-03: buy
2017-05-10 20:02:28,807 - mylogger - INFO - 289.858117356
2017-05-10 20:02:29,139 - mylogger - INFO - 0.0110322
2017-05-10 20:02:29,140 - mylogger - INFO - 2014-09-04: No cover!
2017-05-10 20:02:29,462 - mylogger - INFO - 0.0114945
2017-05-10 20:02:29,463 - mylogger - INFO - 2014-09-05: No cover!
2017-05-10 20:02:29,876 - mylogger - INFO - 0.0179684
2017-05-10 20:02:29,877 - mylogger - INFO - 2014-09-08: No cover!
2017-05-10 20:02:30,200 - mylogger - INFO - 0.00563026
2017-05-10 20:02:30,200 - mylogger - INFO - 2014-09-09: hold
2017-05-10 20:02:30,524 - mylogger - INFO - 0.0245175
2017-05-10 20:02:30,525 - mylogger - INFO - 2014-09-10: No cover!
2017-05-10 20:02:30,943 - mylogger - INFO - 0.00738249
2017-05-10 20:02:30,943 - mylogger - INFO - 2014-09-11: hold
2017-05-10 20:02:31,261 - mylogger - INFO - 0.0154373
2017-05-10 20:02:31,262 - mylogger - INFO - 2014-09-12: No cover!
2017-05-10 20:02:31,587 - mylogger - INFO - 0.0199302
2017-05-10 20:02:31,588 - mylogger - INFO - 2014-09-15: No cover!
2017-05-10 20:02:31,905 - mylogger - INFO - 0.0235059
2017-05-10 20:02:31,906 - mylogger - INFO - 2014-09-16: No cover!
2017-05-10 20:02:32,344 - mylogger - INFO - 0.000304058
2017-05-10 20:02:32,344 - mylogger - INFO - 2014-09-17: hold
2017-05-10 20:02:32,665 - mylogger - INFO - 0.00162959
2017-05-10 20:02:32,665 - mylogger - INFO - 2014-09-18: hold
2017-05-10 20:02:32,979 - mylogger - INFO - 0.00185844
2017-05-10 20:02:32,979 - mylogger - INFO - 2014-09-19: hold
2017-05-10 20:02:33,384 - mylogger - INFO - 0.00439641
2017-05-10 20:02:33,385 - mylogger - INFO - 2014-09-22: hold
2017-05-10 20:02:33,693 - mylogger - INFO - 0.0227111
2017-05-10 20:02:33,694 - mylogger - INFO - 2014-09-23: No cover!
2017-05-10 20:02:34,011 - mylogger - INFO - 0.0133583
2017-05-10 20:02:34,012 - mylogger - INFO - 2014-09-24: No cover!
2017-05-10 20:02:34,414 - mylogger - INFO - 0.000368402
2017-05-10 20:02:34,414 - mylogger - INFO - 2014-09-25: hold
2017-05-10 20:02:34,739 - mylogger - INFO - 0.00866281
2017-05-10 20:02:34,739 - mylogger - INFO - 2014-09-26: hold
2017-05-10 20:02:35,067 - mylogger - INFO - 0.000899818
2017-05-10 20:02:35,067 - mylogger - INFO - 2014-09-29: hold
2017-05-10 20:02:35,487 - mylogger - INFO - 0.0129604
2017-05-10 20:02:35,488 - mylogger - INFO - 2014-09-30: No cover!
2017-05-10 20:02:35,809 - mylogger - INFO - 0.00565474
2017-05-10 20:02:35,809 - mylogger - INFO - 2014-10-01: hold
2017-05-10 20:02:36,132 - mylogger - INFO - 0.0135122
2017-05-10 20:02:36,133 - mylogger - INFO - 2014-10-02: No cover!
2017-05-10 20:02:36,461 - mylogger - INFO - 0.00903897
2017-05-10 20:02:36,461 - mylogger - INFO - 2014-10-03: hold
2017-05-10 20:02:36,875 - mylogger - INFO - 0.00375773
2017-05-10 20:02:36,875 - mylogger - INFO - 2014-10-06: hold
2017-05-10 20:02:37,195 - mylogger - INFO - 0.012659
2017-05-10 20:02:37,196 - mylogger - INFO - 2014-10-07: No cover!
2017-05-10 20:02:37,519 - mylogger - INFO - 0.00904381
2017-05-10 20:02:37,519 - mylogger - INFO - 2014-10-08: hold
2017-05-10 20:02:37,939 - mylogger - INFO - -0.00908844
2017-05-10 20:02:37,941 - mylogger - INFO - 2014-10-09: sell
2017-05-10 20:02:38,266 - mylogger - INFO - 0.0138576
2017-05-10 20:02:38,267 - mylogger - INFO - 2014-10-10: buy
2017-05-10 20:02:38,267 - mylogger - INFO - 92401.8898804
2017-05-10 20:02:38,599 - mylogger - INFO - -0.00538919
2017-05-10 20:02:38,600 - mylogger - INFO - 2014-10-13: sell
2017-05-10 20:02:39,026 - mylogger - INFO - -0.00704967
2017-05-10 20:02:39,026 - mylogger - INFO - 2014-10-14: No short!
2017-05-10 20:02:39,347 - mylogger - INFO - -0.00976737
2017-05-10 20:02:39,347 - mylogger - INFO - 2014-10-15: No short!
2017-05-10 20:02:39,669 - mylogger - INFO - 0.00305342
2017-05-10 20:02:39,670 - mylogger - INFO - 2014-10-16: hold
2017-05-10 20:02:40,087 - mylogger - INFO - 0.00301337
2017-05-10 20:02:40,087 - mylogger - INFO - 2014-10-17: hold
2017-05-10 20:02:40,404 - mylogger - INFO - 0.00785581
2017-05-10 20:02:40,404 - mylogger - INFO - 2014-10-20: hold
2017-05-10 20:02:40,731 - mylogger - INFO - 0.00157285
2017-05-10 20:02:40,731 - mylogger - INFO - 2014-10-21: hold
2017-05-10 20:02:41,156 - mylogger - INFO - -0.00256354
2017-05-10 20:02:41,156 - mylogger - INFO - 2014-10-22: No short!
2017-05-10 20:02:41,484 - mylogger - INFO - 0.000958776
2017-05-10 20:02:41,484 - mylogger - INFO - 2014-10-23: hold
2017-05-10 20:02:41,810 - mylogger - INFO - 0.005733
2017-05-10 20:02:41,810 - mylogger - INFO - 2014-10-24: hold
2017-05-10 20:02:42,140 - mylogger - INFO - 0.018629
2017-05-10 20:02:42,141 - mylogger - INFO - 2014-10-27: buy
2017-05-10 20:02:42,141 - mylogger - INFO - 93787.5087827
2017-05-10 20:02:42,564 - mylogger - INFO - 0.00683554
2017-05-10 20:02:42,564 - mylogger - INFO - 2014-10-28: hold
2017-05-10 20:02:42,885 - mylogger - INFO - 0.0107996
2017-05-10 20:02:42,885 - mylogger - INFO - 2014-10-29: No cover!
2017-05-10 20:02:43,207 - mylogger - INFO - 0.00665998
2017-05-10 20:02:43,208 - mylogger - INFO - 2014-10-30: hold
2017-05-10 20:02:43,632 - mylogger - INFO - 0.00680969
2017-05-10 20:02:43,632 - mylogger - INFO - 2014-10-31: hold
2017-05-10 20:02:43,957 - mylogger - INFO - -0.00118058
2017-05-10 20:02:43,958 - mylogger - INFO - 2014-11-03: sell
2017-05-10 20:02:44,288 - mylogger - INFO - -0.0085912
2017-05-10 20:02:44,288 - mylogger - INFO - 2014-11-04: No short!
2017-05-10 20:02:44,712 - mylogger - INFO - -0.00252804
2017-05-10 20:02:44,713 - mylogger - INFO - 2014-11-05: No short!
2017-05-10 20:02:45,066 - mylogger - INFO - -0.0101948
2017-05-10 20:02:45,067 - mylogger - INFO - 2014-11-06: No short!
2017-05-10 20:02:45,384 - mylogger - INFO - -0.00026415
2017-05-10 20:02:45,385 - mylogger - INFO - 2014-11-07: No short!
2017-05-10 20:02:45,786 - mylogger - INFO - 0.00319363
2017-05-10 20:02:45,786 - mylogger - INFO - 2014-11-10: hold
2017-05-10 20:02:46,119 - mylogger - INFO - 0.00426597
2017-05-10 20:02:46,120 - mylogger - INFO - 2014-11-11: hold
2017-05-10 20:02:46,445 - mylogger - INFO - 0.000200115
2017-05-10 20:02:46,445 - mylogger - INFO - 2014-11-12: hold
2017-05-10 20:02:46,858 - mylogger - INFO - 0.000724799
2017-05-10 20:02:46,858 - mylogger - INFO - 2014-11-13: hold
2017-05-10 20:02:47,189 - mylogger - INFO - 0.00395598
2017-05-10 20:02:47,189 - mylogger - INFO - 2014-11-14: hold
2017-05-10 20:02:47,518 - mylogger - INFO - 0.01993
2017-05-10 20:02:47,518 - mylogger - INFO - 2014-11-17: buy
2017-05-10 20:02:47,519 - mylogger - INFO - 95485.8785006
2017-05-10 20:02:47,844 - mylogger - INFO - -0.00570325
2017-05-10 20:02:47,845 - mylogger - INFO - 2014-11-18: sell
2017-05-10 20:02:48,263 - mylogger - INFO - -0.00562245
2017-05-10 20:02:48,264 - mylogger - INFO - 2014-11-19: No short!
2017-05-10 20:02:48,588 - mylogger - INFO - -0.0067242
2017-05-10 20:02:48,588 - mylogger - INFO - 2014-11-20: No short!
2017-05-10 20:02:48,906 - mylogger - INFO - -0.0119408
2017-05-10 20:02:48,906 - mylogger - INFO - 2014-11-21: No short!
2017-05-10 20:02:49,337 - mylogger - INFO - 0.0254983
2017-05-10 20:02:49,337 - mylogger - INFO - 2014-11-24: buy
2017-05-10 20:02:49,338 - mylogger - INFO - 96179.4680356
2017-05-10 20:02:49,655 - mylogger - INFO - 0.0237162
2017-05-10 20:02:49,656 - mylogger - INFO - 2014-11-25: No cover!
2017-05-10 20:02:49,971 - mylogger - INFO - -0.00584212
2017-05-10 20:02:49,972 - mylogger - INFO - 2014-11-26: sell
2017-05-10 20:02:50,375 - mylogger - INFO - 0.0023308
2017-05-10 20:02:50,376 - mylogger - INFO - 2014-11-28: hold
2017-05-10 20:02:50,690 - mylogger - INFO - 0.00945929
2017-05-10 20:02:50,690 - mylogger - INFO - 2014-12-01: hold
2017-05-10 20:02:51,015 - mylogger - INFO - -0.00146803
2017-05-10 20:02:51,015 - mylogger - INFO - 2014-12-02: No short!
2017-05-10 20:02:51,441 - mylogger - INFO - 0.00186545
2017-05-10 20:02:51,441 - mylogger - INFO - 2014-12-03: hold
2017-05-10 20:02:51,761 - mylogger - INFO - -0.000586373
2017-05-10 20:02:51,762 - mylogger - INFO - 2014-12-04: No short!
2017-05-10 20:02:52,092 - mylogger - INFO - 0.00285018
2017-05-10 20:02:52,093 - mylogger - INFO - 2014-12-05: hold
2017-05-10 20:02:52,410 - mylogger - INFO - 0.0112878
2017-05-10 20:02:52,411 - mylogger - INFO - 2014-12-08: buy
2017-05-10 20:02:52,411 - mylogger - INFO - 95846.8862
2017-05-10 20:02:52,848 - mylogger - INFO - 0.00585117
2017-05-10 20:02:52,848 - mylogger - INFO - 2014-12-09: hold
2017-05-10 20:02:53,158 - mylogger - INFO - 0.0131179
2017-05-10 20:02:53,159 - mylogger - INFO - 2014-12-10: buy
2017-05-10 20:02:53,159 - mylogger - INFO - 521.292115037
2017-05-10 20:02:53,478 - mylogger - INFO - 0.00195634
2017-05-10 20:02:53,479 - mylogger - INFO - 2014-12-11: hold
2017-05-10 20:02:53,881 - mylogger - INFO - 0.00249231
2017-05-10 20:02:53,881 - mylogger - INFO - 2014-12-12: hold
2017-05-10 20:02:54,193 - mylogger - INFO - -0.0123964
2017-05-10 20:02:54,194 - mylogger - INFO - 2014-12-15: sell
2017-05-10 20:02:54,513 - mylogger - INFO - -0.000538787
2017-05-10 20:02:54,513 - mylogger - INFO - 2014-12-16: No short!
2017-05-10 20:02:54,925 - mylogger - INFO - -0.00720678
2017-05-10 20:02:54,925 - mylogger - INFO - 2014-12-17: No short!
2017-05-10 20:02:55,252 - mylogger - INFO - 0.000688061
2017-05-10 20:02:55,253 - mylogger - INFO - 2014-12-18: hold
2017-05-10 20:02:55,578 - mylogger - INFO - -0.00833313
2017-05-10 20:02:55,578 - mylogger - INFO - 2014-12-19: No short!
2017-05-10 20:02:55,999 - mylogger - INFO - -0.00231308
2017-05-10 20:02:55,999 - mylogger - INFO - 2014-12-22: No short!
2017-05-10 20:02:56,333 - mylogger - INFO - -0.00767237
2017-05-10 20:02:56,333 - mylogger - INFO - 2014-12-23: No short!
2017-05-10 20:02:56,661 - mylogger - INFO - -0.00445894
2017-05-10 20:02:56,661 - mylogger - INFO - 2014-12-24: No short!
2017-05-10 20:02:56,987 - mylogger - INFO - 0.00361456
2017-05-10 20:02:56,988 - mylogger - INFO - 2014-12-26: hold
2017-05-10 20:02:57,396 - mylogger - INFO - -0.000979104
2017-05-10 20:02:57,396 - mylogger - INFO - 2014-12-29: No short!
2017-05-10 20:02:57,712 - mylogger - INFO - -0.00855011
2017-05-10 20:02:57,712 - mylogger - INFO - 2014-12-30: No short!
2017-05-10 20:02:58,035 - mylogger - INFO - -0.0109361
2017-05-10 20:02:58,036 - mylogger - INFO - 2014-12-31: No short!
2017-05-10 20:02:58,450 - mylogger - INFO - -0.00558376
2017-05-10 20:02:58,451 - mylogger - INFO - 2015-01-02: No short!
2017-05-10 20:02:58,767 - mylogger - INFO - -0.0191534
2017-05-10 20:02:58,767 - mylogger - INFO - 2015-01-05: No short!
2017-05-10 20:02:59,085 - mylogger - INFO - -0.0208482
2017-05-10 20:02:59,085 - mylogger - INFO - 2015-01-06: No short!
2017-05-10 20:02:59,523 - mylogger - INFO - -0.0253283
2017-05-10 20:02:59,524 - mylogger - INFO - 2015-01-07: No short!
2017-05-10 20:02:59,872 - mylogger - INFO - -0.036871
2017-05-10 20:02:59,872 - mylogger - INFO - 2015-01-08: No short!
2017-05-10 20:03:00,214 - mylogger - INFO - -0.0146801
2017-05-10 20:03:00,214 - mylogger - INFO - 2015-01-09: No short!
2017-05-10 20:03:00,745 - mylogger - INFO - -0.0192409
2017-05-10 20:03:00,746 - mylogger - INFO - 2015-01-12: No short!
2017-05-10 20:03:01,069 - mylogger - INFO - -0.00744351
2017-05-10 20:03:01,070 - mylogger - INFO - 2015-01-13: No short!
2017-05-10 20:03:01,387 - mylogger - INFO - 0.00903171
2017-05-10 20:03:01,387 - mylogger - INFO - 2015-01-14: hold
2017-05-10 20:03:01,707 - mylogger - INFO - 0.00502175
2017-05-10 20:03:01,707 - mylogger - INFO - 2015-01-15: hold
2017-05-10 20:03:02,133 - mylogger - INFO - -0.0108472
2017-05-10 20:03:02,133 - mylogger - INFO - 2015-01-16: No short!
2017-05-10 20:03:02,453 - mylogger - INFO - 0.00484505
2017-05-10 20:03:02,453 - mylogger - INFO - 2015-01-20: hold
2017-05-10 20:03:02,772 - mylogger - INFO - -0.00814502
2017-05-10 20:03:02,773 - mylogger - INFO - 2015-01-21: No short!
2017-05-10 20:03:03,181 - mylogger - INFO - -0.00675211
2017-05-10 20:03:03,181 - mylogger - INFO - 2015-01-22: No short!
2017-05-10 20:03:03,499 - mylogger - INFO - 0.0105473
2017-05-10 20:03:03,500 - mylogger - INFO - 2015-01-23: buy
2017-05-10 20:03:03,500 - mylogger - INFO - 92496.2974411
2017-05-10 20:03:03,812 - mylogger - INFO - -0.000977635
2017-05-10 20:03:03,813 - mylogger - INFO - 2015-01-26: sell
2017-05-10 20:03:04,223 - mylogger - INFO - 0.00523167
2017-05-10 20:03:04,223 - mylogger - INFO - 2015-01-27: hold
2017-05-10 20:03:04,551 - mylogger - INFO - 0.0174569
2017-05-10 20:03:04,552 - mylogger - INFO - 2015-01-28: buy
2017-05-10 20:03:04,552 - mylogger - INFO - 91393.719571
2017-05-10 20:03:04,873 - mylogger - INFO - 0.0009242
2017-05-10 20:03:04,873 - mylogger - INFO - 2015-01-29: hold
2017-05-10 20:03:05,292 - mylogger - INFO - 0.013186
2017-05-10 20:03:05,293 - mylogger - INFO - 2015-01-30: No cover!
2017-05-10 20:03:05,625 - mylogger - INFO - -0.000871589
2017-05-10 20:03:05,627 - mylogger - INFO - 2015-02-02: sell
2017-05-10 20:03:05,949 - mylogger - INFO - 0.0145133
2017-05-10 20:03:05,950 - mylogger - INFO - 2015-02-03: buy
2017-05-10 20:03:05,950 - mylogger - INFO - 91095.5700558
2017-05-10 20:03:06,277 - mylogger - INFO - 0.0109264
2017-05-10 20:03:06,278 - mylogger - INFO - 2015-02-04: buy
2017-05-10 20:03:06,279 - mylogger - INFO - 73.6449547312
2017-05-10 20:03:06,706 - mylogger - INFO - 0.0110764
2017-05-10 20:03:06,707 - mylogger - INFO - 2015-02-05: No cover!
2017-05-10 20:03:07,041 - mylogger - INFO - 0.0226325
2017-05-10 20:03:07,042 - mylogger - INFO - 2015-02-06: No cover!
2017-05-10 20:03:07,368 - mylogger - INFO - 0.0195481
2017-05-10 20:03:07,368 - mylogger - INFO - 2015-02-09: No cover!
2017-05-10 20:03:07,786 - mylogger - INFO - 0.0117799
2017-05-10 20:03:07,786 - mylogger - INFO - 2015-02-10: No cover!
2017-05-10 20:03:08,118 - mylogger - INFO - 0.0100364
2017-05-10 20:03:08,119 - mylogger - INFO - 2015-02-11: No cover!
2017-05-10 20:03:08,441 - mylogger - INFO - 0.00979797
2017-05-10 20:03:08,441 - mylogger - INFO - 2015-02-12: hold
2017-05-10 20:03:08,863 - mylogger - INFO - 0.0185377
2017-05-10 20:03:08,864 - mylogger - INFO - 2015-02-13: No cover!
2017-05-10 20:03:09,182 - mylogger - INFO - 0.0135974
2017-05-10 20:03:09,182 - mylogger - INFO - 2015-02-17: No cover!
2017-05-10 20:03:09,507 - mylogger - INFO - 0.0086186
2017-05-10 20:03:09,507 - mylogger - INFO - 2015-02-18: hold
2017-05-10 20:03:09,937 - mylogger - INFO - 0.01698
2017-05-10 20:03:09,938 - mylogger - INFO - 2015-02-19: No cover!
2017-05-10 20:03:10,259 - mylogger - INFO - 0.0163271
2017-05-10 20:03:10,260 - mylogger - INFO - 2015-02-20: No cover!
2017-05-10 20:03:10,591 - mylogger - INFO - 0.0108891
2017-05-10 20:03:10,592 - mylogger - INFO - 2015-02-23: No cover!
2017-05-10 20:03:10,911 - mylogger - INFO - 0.0122868
2017-05-10 20:03:10,912 - mylogger - INFO - 2015-02-24: No cover!
2017-05-10 20:03:11,345 - mylogger - INFO - 0.0121184
2017-05-10 20:03:11,345 - mylogger - INFO - 2015-02-25: No cover!
2017-05-10 20:03:11,660 - mylogger - INFO - 0.0151329
2017-05-10 20:03:11,661 - mylogger - INFO - 2015-02-26: No cover!
2017-05-10 20:03:11,983 - mylogger - INFO - 0.0114678
2017-05-10 20:03:11,984 - mylogger - INFO - 2015-02-27: No cover!
2017-05-10 20:03:12,391 - mylogger - INFO - 0.0253509
2017-05-10 20:03:12,392 - mylogger - INFO - 2015-03-02: No cover!
2017-05-10 20:03:12,707 - mylogger - INFO - 0.010119
2017-05-10 20:03:12,708 - mylogger - INFO - 2015-03-03: No cover!
2017-05-10 20:03:13,025 - mylogger - INFO - 0.0205394
2017-05-10 20:03:13,025 - mylogger - INFO - 2015-03-04: No cover!
2017-05-10 20:03:13,437 - mylogger - INFO - 0.00664906
2017-05-10 20:03:13,437 - mylogger - INFO - 2015-03-05: hold
2017-05-10 20:03:13,752 - mylogger - INFO - 0.0153002
2017-05-10 20:03:13,753 - mylogger - INFO - 2015-03-06: No cover!
2017-05-10 20:03:14,074 - mylogger - INFO - 0.0190175
2017-05-10 20:03:14,075 - mylogger - INFO - 2015-03-09: No cover!
2017-05-10 20:03:14,498 - mylogger - INFO - 0.014764
2017-05-10 20:03:14,499 - mylogger - INFO - 2015-03-10: No cover!
2017-05-10 20:03:14,829 - mylogger - INFO - 0.0158012
2017-05-10 20:03:14,830 - mylogger - INFO - 2015-03-11: No cover!
2017-05-10 20:03:15,187 - mylogger - INFO - 0.015228
2017-05-10 20:03:15,188 - mylogger - INFO - 2015-03-12: No cover!
2017-05-10 20:03:15,506 - mylogger - INFO - 0.0188026
2017-05-10 20:03:15,507 - mylogger - INFO - 2015-03-13: No cover!
2017-05-10 20:03:15,924 - mylogger - INFO - 0.00188445
2017-05-10 20:03:15,924 - mylogger - INFO - 2015-03-16: hold
2017-05-10 20:03:16,247 - mylogger - INFO - 0.0110997
2017-05-10 20:03:16,248 - mylogger - INFO - 2015-03-17: No cover!
2017-05-10 20:03:16,566 - mylogger - INFO - 0.0173749
2017-05-10 20:03:16,567 - mylogger - INFO - 2015-03-18: No cover!
2017-05-10 20:03:16,973 - mylogger - INFO - 0.00751248
2017-05-10 20:03:16,974 - mylogger - INFO - 2015-03-19: hold
2017-05-10 20:03:17,286 - mylogger - INFO - 0.0148629
2017-05-10 20:03:17,287 - mylogger - INFO - 2015-03-20: No cover!
2017-05-10 20:03:17,604 - mylogger - INFO - 0.0199096
2017-05-10 20:03:17,605 - mylogger - INFO - 2015-03-23: No cover!
2017-05-10 20:03:18,019 - mylogger - INFO - 0.0151317
2017-05-10 20:03:18,019 - mylogger - INFO - 2015-03-24: No cover!
2017-05-10 20:03:18,345 - mylogger - INFO - 0.0084807
2017-05-10 20:03:18,346 - mylogger - INFO - 2015-03-25: hold
2017-05-10 20:03:18,665 - mylogger - INFO - 0.0242233
2017-05-10 20:03:18,665 - mylogger - INFO - 2015-03-26: No cover!
2017-05-10 20:03:19,089 - mylogger - INFO - 0.0187826
2017-05-10 20:03:19,090 - mylogger - INFO - 2015-03-27: No cover!
2017-05-10 20:03:19,407 - mylogger - INFO - 0.0129655
2017-05-10 20:03:19,408 - mylogger - INFO - 2015-03-30: No cover!
2017-05-10 20:03:19,752 - mylogger - INFO - 0.00591179
2017-05-10 20:03:19,752 - mylogger - INFO - 2015-03-31: hold
2017-05-10 20:03:20,162 - mylogger - INFO - 0.0124559
2017-05-10 20:03:20,163 - mylogger - INFO - 2015-04-01: No cover!
2017-05-10 20:03:20,487 - mylogger - INFO - 0.00572133
2017-05-10 20:03:20,487 - mylogger - INFO - 2015-04-02: hold
2017-05-10 20:03:20,807 - mylogger - INFO - 0.00874605
2017-05-10 20:03:20,807 - mylogger - INFO - 2015-04-06: hold
2017-05-10 20:03:21,138 - mylogger - INFO - 0.00711314
2017-05-10 20:03:21,138 - mylogger - INFO - 2015-04-07: hold
2017-05-10 20:03:21,565 - mylogger - INFO - -0.00139404
2017-05-10 20:03:21,566 - mylogger - INFO - 2015-04-08: sell
2017-05-10 20:03:21,890 - mylogger - INFO - 0.00760956
2017-05-10 20:03:21,890 - mylogger - INFO - 2015-04-09: hold
2017-05-10 20:03:22,206 - mylogger - INFO - 0.0111091
2017-05-10 20:03:22,207 - mylogger - INFO - 2015-04-10: buy
2017-05-10 20:03:22,207 - mylogger - INFO - 99062.0056388
2017-05-10 20:03:22,627 - mylogger - INFO - 0.03102
2017-05-10 20:03:22,628 - mylogger - INFO - 2015-04-13: buy
2017-05-10 20:03:22,628 - mylogger - INFO - 847.918873032
2017-05-10 20:03:22,951 - mylogger - INFO - 0.0240238
2017-05-10 20:03:22,952 - mylogger - INFO - 2015-04-14: No cover!
2017-05-10 20:03:23,276 - mylogger - INFO - 0.0309131
2017-05-10 20:03:23,277 - mylogger - INFO - 2015-04-15: No cover!
2017-05-10 20:03:23,700 - mylogger - INFO - 0.0274932
2017-05-10 20:03:23,701 - mylogger - INFO - 2015-04-16: No cover!
2017-05-10 20:03:24,031 - mylogger - INFO - 0.0219828
2017-05-10 20:03:24,032 - mylogger - INFO - 2015-04-17: No cover!
2017-05-10 20:03:24,355 - mylogger - INFO - 0.0140565
2017-05-10 20:03:24,355 - mylogger - INFO - 2015-04-20: No cover!
2017-05-10 20:03:24,778 - mylogger - INFO - 0.0104432
2017-05-10 20:03:24,779 - mylogger - INFO - 2015-04-21: No cover!
2017-05-10 20:03:25,103 - mylogger - INFO - 0.00711518
2017-05-10 20:03:25,104 - mylogger - INFO - 2015-04-22: hold
2017-05-10 20:03:25,423 - mylogger - INFO - -0.00386385
2017-05-10 20:03:25,424 - mylogger - INFO - 2015-04-23: sell
2017-05-10 20:03:25,754 - mylogger - INFO - 0.00851624
2017-05-10 20:03:25,755 - mylogger - INFO - 2015-04-24: hold
2017-05-10 20:03:26,182 - mylogger - INFO - 0.0136141
2017-05-10 20:03:26,182 - mylogger - INFO - 2015-04-27: buy
2017-05-10 20:03:26,183 - mylogger - INFO - 92834.3237638
2017-05-10 20:03:26,505 - mylogger - INFO - 0.00703664
2017-05-10 20:03:26,505 - mylogger - INFO - 2015-04-28: hold
2017-05-10 20:03:26,831 - mylogger - INFO - 0.015276
2017-05-10 20:03:26,832 - mylogger - INFO - 2015-04-29: buy
2017-05-10 20:03:26,832 - mylogger - INFO - 236.097571434
2017-05-10 20:03:27,255 - mylogger - INFO - 0.0201405
2017-05-10 20:03:27,256 - mylogger - INFO - 2015-04-30: No cover!
2017-05-10 20:03:27,582 - mylogger - INFO - 0.0209189
2017-05-10 20:03:27,583 - mylogger - INFO - 2015-05-01: No cover!
2017-05-10 20:03:27,903 - mylogger - INFO - 0.00948828
2017-05-10 20:03:27,903 - mylogger - INFO - 2015-05-04: hold
2017-05-10 20:03:28,324 - mylogger - INFO - -0.00567123
2017-05-10 20:03:28,325 - mylogger - INFO - 2015-05-05: sell
2017-05-10 20:03:28,663 - mylogger - INFO - 0.00467928
2017-05-10 20:03:28,664 - mylogger - INFO - 2015-05-06: hold
2017-05-10 20:03:28,989 - mylogger - INFO - 0.0108609
2017-05-10 20:03:28,990 - mylogger - INFO - 2015-05-07: buy
2017-05-10 20:03:28,990 - mylogger - INFO - 88442.69263
2017-05-10 20:03:29,409 - mylogger - INFO - 0.00311992
2017-05-10 20:03:29,410 - mylogger - INFO - 2015-05-08: hold
2017-05-10 20:03:29,745 - mylogger - INFO - 0.0144177
2017-05-10 20:03:29,746 - mylogger - INFO - 2015-05-11: No cover!
2017-05-10 20:03:30,064 - mylogger - INFO - 0.0149855
2017-05-10 20:03:30,064 - mylogger - INFO - 2015-05-12: No cover!
2017-05-10 20:03:30,377 - mylogger - INFO - 0.0144282
2017-05-10 20:03:30,378 - mylogger - INFO - 2015-05-13: No cover!
2017-05-10 20:03:30,792 - mylogger - INFO - 0.0150358
2017-05-10 20:03:30,793 - mylogger - INFO - 2015-05-14: No cover!
2017-05-10 20:03:31,113 - mylogger - INFO - 0.00269823
2017-05-10 20:03:31,113 - mylogger - INFO - 2015-05-15: hold
2017-05-10 20:03:31,430 - mylogger - INFO - 0.00136736
2017-05-10 20:03:31,430 - mylogger - INFO - 2015-05-18: hold
2017-05-10 20:03:31,845 - mylogger - INFO - 0.00188064
2017-05-10 20:03:31,846 - mylogger - INFO - 2015-05-19: hold
2017-05-10 20:03:32,167 - mylogger - INFO - 0.0123136
2017-05-10 20:03:32,168 - mylogger - INFO - 2015-05-20: No cover!
2017-05-10 20:03:32,494 - mylogger - INFO - 0.0137335
2017-05-10 20:03:32,495 - mylogger - INFO - 2015-05-21: No cover!
2017-05-10 20:03:32,915 - mylogger - INFO - 0.0176226
2017-05-10 20:03:32,916 - mylogger - INFO - 2015-05-22: No cover!
2017-05-10 20:03:33,245 - mylogger - INFO - 0.00938776
2017-05-10 20:03:33,245 - mylogger - INFO - 2015-05-26: hold
2017-05-10 20:03:33,568 - mylogger - INFO - 0.00882565
2017-05-10 20:03:33,568 - mylogger - INFO - 2015-05-27: hold
2017-05-10 20:03:33,995 - mylogger - INFO - 0.0204411
2017-05-10 20:03:33,996 - mylogger - INFO - 2015-05-28: No cover!
2017-05-10 20:03:34,319 - mylogger - INFO - 0.0145758
2017-05-10 20:03:34,320 - mylogger - INFO - 2015-05-29: No cover!
2017-05-10 20:03:34,646 - mylogger - INFO - 0.00428727
2017-05-10 20:03:34,646 - mylogger - INFO - 2015-06-01: hold
2017-05-10 20:03:34,966 - mylogger - INFO - 0.0159262
2017-05-10 20:03:34,967 - mylogger - INFO - 2015-06-02: No cover!
2017-05-10 20:03:35,386 - mylogger - INFO - 0.0141154
2017-05-10 20:03:35,387 - mylogger - INFO - 2015-06-03: No cover!
2017-05-10 20:03:35,715 - mylogger - INFO - 0.0159111
2017-05-10 20:03:35,715 - mylogger - INFO - 2015-06-04: No cover!
2017-05-10 20:03:36,042 - mylogger - INFO - 0.00774045
2017-05-10 20:03:36,042 - mylogger - INFO - 2015-06-05: hold
2017-05-10 20:03:36,469 - mylogger - INFO - -0.00387961
2017-05-10 20:03:36,471 - mylogger - INFO - 2015-06-08: sell
2017-05-10 20:03:36,795 - mylogger - INFO - 0.000286026
2017-05-10 20:03:36,795 - mylogger - INFO - 2015-06-09: hold
2017-05-10 20:03:37,128 - mylogger - INFO - 0.00516282
2017-05-10 20:03:37,128 - mylogger - INFO - 2015-06-10: hold
2017-05-10 20:03:37,556 - mylogger - INFO - 0.0123215
2017-05-10 20:03:37,557 - mylogger - INFO - 2015-06-11: buy
2017-05-10 20:03:37,557 - mylogger - INFO - 85087.3421073
2017-05-10 20:03:37,873 - mylogger - INFO - -0.000782809
2017-05-10 20:03:37,874 - mylogger - INFO - 2015-06-12: sell
2017-05-10 20:03:38,197 - mylogger - INFO - 0.00057092
2017-05-10 20:03:38,197 - mylogger - INFO - 2015-06-15: hold
2017-05-10 20:03:38,626 - mylogger - INFO - 0.00945581
2017-05-10 20:03:38,626 - mylogger - INFO - 2015-06-16: hold
2017-05-10 20:03:38,953 - mylogger - INFO - 0.0162495
2017-05-10 20:03:38,954 - mylogger - INFO - 2015-06-17: buy
2017-05-10 20:03:38,954 - mylogger - INFO - 84774.5706654
2017-05-10 20:03:39,272 - mylogger - INFO - 0.00419123
2017-05-10 20:03:39,272 - mylogger - INFO - 2015-06-18: hold
2017-05-10 20:03:39,596 - mylogger - INFO - 0.00520294
2017-05-10 20:03:39,596 - mylogger - INFO - 2015-06-19: hold
2017-05-10 20:03:40,021 - mylogger - INFO - 0.0185589
2017-05-10 20:03:40,022 - mylogger - INFO - 2015-06-22: No cover!
2017-05-10 20:03:40,342 - mylogger - INFO - 0.000961121
2017-05-10 20:03:40,342 - mylogger - INFO - 2015-06-23: hold
2017-05-10 20:03:40,670 - mylogger - INFO - 0.00178278
2017-05-10 20:03:40,670 - mylogger - INFO - 2015-06-24: hold
2017-05-10 20:03:41,104 - mylogger - INFO - 0.00455957
2017-05-10 20:03:41,104 - mylogger - INFO - 2015-06-25: hold
2017-05-10 20:03:41,427 - mylogger - INFO - 0.00569047
2017-05-10 20:03:41,427 - mylogger - INFO - 2015-06-26: hold
2017-05-10 20:03:41,751 - mylogger - INFO - 0.0256326
2017-05-10 20:03:41,752 - mylogger - INFO - 2015-06-29: No cover!
2017-05-10 20:03:42,179 - mylogger - INFO - 0.0258059
2017-05-10 20:03:42,180 - mylogger - INFO - 2015-06-30: No cover!
2017-05-10 20:03:42,506 - mylogger - INFO - 0.0374508
2017-05-10 20:03:42,507 - mylogger - INFO - 2015-07-01: No cover!
2017-05-10 20:03:42,827 - mylogger - INFO - 0.0148757
2017-05-10 20:03:42,828 - mylogger - INFO - 2015-07-02: No cover!
2017-05-10 20:03:43,248 - mylogger - INFO - 0.0171528
2017-05-10 20:03:43,249 - mylogger - INFO - 2015-07-06: No cover!
2017-05-10 20:03:43,577 - mylogger - INFO - -0.00208415
2017-05-10 20:03:43,578 - mylogger - INFO - 2015-07-07: sell
2017-05-10 20:03:43,894 - mylogger - INFO - 0.00878534
2017-05-10 20:03:43,894 - mylogger - INFO - 2015-07-08: hold
2017-05-10 20:03:44,218 - mylogger - INFO - 0.0036905
2017-05-10 20:03:44,219 - mylogger - INFO - 2015-07-09: hold
2017-05-10 20:03:44,641 - mylogger - INFO - 0.0108727
2017-05-10 20:03:44,642 - mylogger - INFO - 2015-07-10: buy
2017-05-10 20:03:44,642 - mylogger - INFO - 82720.330316
2017-05-10 20:03:44,978 - mylogger - INFO - 0.0199163
2017-05-10 20:03:44,978 - mylogger - INFO - 2015-07-13: No cover!
2017-05-10 20:03:45,337 - mylogger - INFO - 0.0153365
2017-05-10 20:03:45,337 - mylogger - INFO - 2015-07-14: No cover!
2017-05-10 20:03:45,748 - mylogger - INFO - 0.0173055
2017-05-10 20:03:45,749 - mylogger - INFO - 2015-07-15: No cover!
2017-05-10 20:03:46,068 - mylogger - INFO - 0.00969546
2017-05-10 20:03:46,069 - mylogger - INFO - 2015-07-16: hold
2017-05-10 20:03:46,394 - mylogger - INFO - 0.0272862
2017-05-10 20:03:46,395 - mylogger - INFO - 2015-07-17: No cover!
2017-05-10 20:03:46,817 - mylogger - INFO - 0.00546481
2017-05-10 20:03:46,817 - mylogger - INFO - 2015-07-20: hold
2017-05-10 20:03:47,147 - mylogger - INFO - 0.0113294
2017-05-10 20:03:47,148 - mylogger - INFO - 2015-07-21: No cover!
2017-05-10 20:03:47,475 - mylogger - INFO - 0.0207335
2017-05-10 20:03:47,476 - mylogger - INFO - 2015-07-22: No cover!
2017-05-10 20:03:47,904 - mylogger - INFO - 0.00860482
2017-05-10 20:03:47,904 - mylogger - INFO - 2015-07-23: hold
2017-05-10 20:03:48,224 - mylogger - INFO - 0.0109354
2017-05-10 20:03:48,225 - mylogger - INFO - 2015-07-24: No cover!
2017-05-10 20:03:48,547 - mylogger - INFO - 0.0124145
2017-05-10 20:03:48,548 - mylogger - INFO - 2015-07-27: No cover!
2017-05-10 20:03:48,871 - mylogger - INFO - 0.0204468
2017-05-10 20:03:48,871 - mylogger - INFO - 2015-07-28: No cover!
2017-05-10 20:03:49,290 - mylogger - INFO - 0.0131086
2017-05-10 20:03:49,291 - mylogger - INFO - 2015-07-29: No cover!
2017-05-10 20:03:49,625 - mylogger - INFO - 0.0146512
2017-05-10 20:03:49,626 - mylogger - INFO - 2015-07-30: No cover!
2017-05-10 20:03:49,946 - mylogger - INFO - 0.0218356
2017-05-10 20:03:49,947 - mylogger - INFO - 2015-07-31: No cover!
2017-05-10 20:03:50,365 - mylogger - INFO - 0.0132662
2017-05-10 20:03:50,366 - mylogger - INFO - 2015-08-03: No cover!
2017-05-10 20:03:50,682 - mylogger - INFO - 0.00127839
2017-05-10 20:03:50,682 - mylogger - INFO - 2015-08-04: hold
2017-05-10 20:03:51,009 - mylogger - INFO - 0.0142481
2017-05-10 20:03:51,010 - mylogger - INFO - 2015-08-05: No cover!
2017-05-10 20:03:51,430 - mylogger - INFO - 0.00341065
2017-05-10 20:03:51,430 - mylogger - INFO - 2015-08-06: hold
2017-05-10 20:03:51,755 - mylogger - INFO - 0.000562332
2017-05-10 20:03:51,755 - mylogger - INFO - 2015-08-07: hold
2017-05-10 20:03:52,085 - mylogger - INFO - 0.0181275
2017-05-10 20:03:52,086 - mylogger - INFO - 2015-08-10: No cover!
2017-05-10 20:03:52,510 - mylogger - INFO - 0.0118809
2017-05-10 20:03:52,511 - mylogger - INFO - 2015-08-11: No cover!
2017-05-10 20:03:52,830 - mylogger - INFO - 0.0201666
2017-05-10 20:03:52,831 - mylogger - INFO - 2015-08-12: No cover!
2017-05-10 20:03:53,161 - mylogger - INFO - 0.0272107
2017-05-10 20:03:53,162 - mylogger - INFO - 2015-08-13: No cover!
2017-05-10 20:03:53,489 - mylogger - INFO - 0.0271554
2017-05-10 20:03:53,489 - mylogger - INFO - 2015-08-14: No cover!
2017-05-10 20:03:53,902 - mylogger - INFO - 0.0205774
2017-05-10 20:03:53,903 - mylogger - INFO - 2015-08-17: No cover!
2017-05-10 20:03:54,214 - mylogger - INFO - 0.000789328
2017-05-10 20:03:54,214 - mylogger - INFO - 2015-08-18: hold
2017-05-10 20:03:54,527 - mylogger - INFO - 0.0206767
2017-05-10 20:03:54,528 - mylogger - INFO - 2015-08-19: No cover!
2017-05-10 20:03:54,934 - mylogger - INFO - 0.0206767
2017-05-10 20:03:54,935 - mylogger - INFO - 2015-08-20: No cover!
2017-05-10 20:03:55,249 - mylogger - INFO - 0.0143507
2017-05-10 20:03:55,250 - mylogger - INFO - 2015-08-21: No cover!
2017-05-10 20:03:55,570 - mylogger - INFO - 0.00850466
2017-05-10 20:03:55,570 - mylogger - INFO - 2015-08-24: hold
2017-05-10 20:03:55,985 - mylogger - INFO - -0.000841196
2017-05-10 20:03:55,986 - mylogger - INFO - 2015-08-25: sell
2017-05-10 20:03:56,315 - mylogger - INFO - 0.0123952
2017-05-10 20:03:56,316 - mylogger - INFO - 2015-08-26: buy
2017-05-10 20:03:56,316 - mylogger - INFO - 73298.1077947
2017-05-10 20:03:56,647 - mylogger - INFO - 0.0166575
2017-05-10 20:03:56,648 - mylogger - INFO - 2015-08-27: No cover!
2017-05-10 20:03:57,068 - mylogger - INFO - -0.00737528
2017-05-10 20:03:57,069 - mylogger - INFO - 2015-08-28: sell
2017-05-10 20:03:57,391 - mylogger - INFO - 0.0221297
2017-05-10 20:03:57,392 - mylogger - INFO - 2015-08-31: buy
2017-05-10 20:03:57,392 - mylogger - INFO - 72615.4417833
2017-05-10 20:03:57,712 - mylogger - INFO - 0.0217723
2017-05-10 20:03:57,713 - mylogger - INFO - 2015-09-01: buy
2017-05-10 20:03:57,714 - mylogger - INFO - 1914.72074749
2017-05-10 20:03:58,038 - mylogger - INFO - 0.0245509
2017-05-10 20:03:58,039 - mylogger - INFO - 2015-09-02: No cover!
2017-05-10 20:03:58,471 - mylogger - INFO - 0.023141
2017-05-10 20:03:58,472 - mylogger - INFO - 2015-09-03: No cover!
2017-05-10 20:03:58,790 - mylogger - INFO - 0.00266466
2017-05-10 20:03:58,791 - mylogger - INFO - 2015-09-04: hold
2017-05-10 20:03:59,117 - mylogger - INFO - 0.0195466
2017-05-10 20:03:59,118 - mylogger - INFO - 2015-09-08: No cover!
2017-05-10 20:03:59,550 - mylogger - INFO - 0.0121218
2017-05-10 20:03:59,551 - mylogger - INFO - 2015-09-09: No cover!
2017-05-10 20:03:59,871 - mylogger - INFO - 0.0188014
2017-05-10 20:03:59,872 - mylogger - INFO - 2015-09-10: No cover!
2017-05-10 20:04:00,203 - mylogger - INFO - -0.00476784
2017-05-10 20:04:00,204 - mylogger - INFO - 2015-09-11: sell
2017-05-10 20:04:00,646 - mylogger - INFO - -0.00464572
2017-05-10 20:04:00,646 - mylogger - INFO - 2015-09-14: No short!
2017-05-10 20:04:00,992 - mylogger - INFO - 0.00175772
2017-05-10 20:04:00,992 - mylogger - INFO - 2015-09-15: hold
2017-05-10 20:04:01,334 - mylogger - INFO - -0.00384925
2017-05-10 20:04:01,334 - mylogger - INFO - 2015-09-16: No short!
2017-05-10 20:04:01,794 - mylogger - INFO - 0.0034408
2017-05-10 20:04:01,794 - mylogger - INFO - 2015-09-17: hold
2017-05-10 20:04:02,138 - mylogger - INFO - 0.00487377
2017-05-10 20:04:02,138 - mylogger - INFO - 2015-09-18: hold
2017-05-10 20:04:02,478 - mylogger - INFO - -0.00193445
2017-05-10 20:04:02,478 - mylogger - INFO - 2015-09-21: No short!
2017-05-10 20:04:02,804 - mylogger - INFO - 0.00438363
2017-05-10 20:04:02,804 - mylogger - INFO - 2015-09-22: hold
2017-05-10 20:04:03,236 - mylogger - INFO - -0.00394397
2017-05-10 20:04:03,237 - mylogger - INFO - 2015-09-23: No short!
2017-05-10 20:04:03,561 - mylogger - INFO - 0.0211421
2017-05-10 20:04:03,562 - mylogger - INFO - 2015-09-24: buy
2017-05-10 20:04:03,562 - mylogger - INFO - 78637.7401624
2017-05-10 20:04:03,883 - mylogger - INFO - 0.0203843
2017-05-10 20:04:03,884 - mylogger - INFO - 2015-09-25: No cover!
2017-05-10 20:04:04,302 - mylogger - INFO - 0.00206353
2017-05-10 20:04:04,302 - mylogger - INFO - 2015-09-28: hold
2017-05-10 20:04:04,629 - mylogger - INFO - -0.00236874
2017-05-10 20:04:04,630 - mylogger - INFO - 2015-09-29: sell
2017-05-10 20:04:04,961 - mylogger - INFO - -0.000931364
2017-05-10 20:04:04,961 - mylogger - INFO - 2015-09-30: No short!
2017-05-10 20:04:05,392 - mylogger - INFO - -0.00133643
2017-05-10 20:04:05,392 - mylogger - INFO - 2015-10-01: No short!
2017-05-10 20:04:05,726 - mylogger - INFO - 0.00180714
2017-05-10 20:04:05,726 - mylogger - INFO - 2015-10-02: hold
2017-05-10 20:04:06,067 - mylogger - INFO - 0.00421342
2017-05-10 20:04:06,067 - mylogger - INFO - 2015-10-05: hold
2017-05-10 20:04:06,513 - mylogger - INFO - -0.00382248
2017-05-10 20:04:06,513 - mylogger - INFO - 2015-10-06: No short!
2017-05-10 20:04:06,842 - mylogger - INFO - -0.0017884
2017-05-10 20:04:06,843 - mylogger - INFO - 2015-10-07: No short!
2017-05-10 20:04:07,181 - mylogger - INFO - -0.00135505
2017-05-10 20:04:07,182 - mylogger - INFO - 2015-10-08: No short!
2017-05-10 20:04:07,626 - mylogger - INFO - 0.00486866
2017-05-10 20:04:07,626 - mylogger - INFO - 2015-10-09: hold
2017-05-10 20:04:07,972 - mylogger - INFO - -0.00832219
2017-05-10 20:04:07,972 - mylogger - INFO - 2015-10-12: No short!
2017-05-10 20:04:08,305 - mylogger - INFO - -0.02202
2017-05-10 20:04:08,306 - mylogger - INFO - 2015-10-13: No short!
2017-05-10 20:04:08,640 - mylogger - INFO - 0.00196162
2017-05-10 20:04:08,640 - mylogger - INFO - 2015-10-14: hold
2017-05-10 20:04:09,073 - mylogger - INFO - -0.0116772
2017-05-10 20:04:09,074 - mylogger - INFO - 2015-10-15: No short!
2017-05-10 20:04:09,401 - mylogger - INFO - -0.00565467
2017-05-10 20:04:09,402 - mylogger - INFO - 2015-10-16: No short!
2017-05-10 20:04:09,741 - mylogger - INFO - -0.00557962
2017-05-10 20:04:09,741 - mylogger - INFO - 2015-10-19: No short!
2017-05-10 20:04:10,180 - mylogger - INFO - 0.00253805
2017-05-10 20:04:10,180 - mylogger - INFO - 2015-10-20: hold
2017-05-10 20:04:10,521 - mylogger - INFO - 0.00815548
2017-05-10 20:04:10,521 - mylogger - INFO - 2015-10-21: hold
2017-05-10 20:04:10,854 - mylogger - INFO - -0.00820954
2017-05-10 20:04:10,855 - mylogger - INFO - 2015-10-22: No short!
2017-05-10 20:04:11,292 - mylogger - INFO - -0.0202034
2017-05-10 20:04:11,292 - mylogger - INFO - 2015-10-23: No short!
2017-05-10 20:04:11,631 - mylogger - INFO - -0.00868203
2017-05-10 20:04:11,631 - mylogger - INFO - 2015-10-26: No short!
2017-05-10 20:04:11,961 - mylogger - INFO - -0.00638199
2017-05-10 20:04:11,961 - mylogger - INFO - 2015-10-27: No short!
2017-05-10 20:04:12,392 - mylogger - INFO - 0.00105355
2017-05-10 20:04:12,392 - mylogger - INFO - 2015-10-28: hold
2017-05-10 20:04:12,728 - mylogger - INFO - -0.00360594
2017-05-10 20:04:12,728 - mylogger - INFO - 2015-10-29: No short!
2017-05-10 20:04:13,064 - mylogger - INFO - -0.0118408
2017-05-10 20:04:13,064 - mylogger - INFO - 2015-10-30: No short!
2017-05-10 20:04:13,506 - mylogger - INFO - -0.00512139
2017-05-10 20:04:13,507 - mylogger - INFO - 2015-11-02: No short!
2017-05-10 20:04:13,824 - mylogger - INFO - -0.00487483
2017-05-10 20:04:13,824 - mylogger - INFO - 2015-11-03: No short!
2017-05-10 20:04:14,155 - mylogger - INFO - -0.00991763
2017-05-10 20:04:14,156 - mylogger - INFO - 2015-11-04: No short!
2017-05-10 20:04:14,487 - mylogger - INFO - 0.00117443
2017-05-10 20:04:14,488 - mylogger - INFO - 2015-11-05: hold
2017-05-10 20:04:14,910 - mylogger - INFO - -0.0119993
2017-05-10 20:04:14,910 - mylogger - INFO - 2015-11-06: No short!
2017-05-10 20:04:15,272 - mylogger - INFO - 0.00320254
2017-05-10 20:04:15,273 - mylogger - INFO - 2015-11-09: hold
2017-05-10 20:04:15,590 - mylogger - INFO - -0.00115825
2017-05-10 20:04:15,590 - mylogger - INFO - 2015-11-10: No short!
2017-05-10 20:04:15,999 - mylogger - INFO - -0.00108242
2017-05-10 20:04:16,000 - mylogger - INFO - 2015-11-11: No short!
2017-05-10 20:04:16,319 - mylogger - INFO - 0.00693124
2017-05-10 20:04:16,320 - mylogger - INFO - 2015-11-12: hold
2017-05-10 20:04:16,645 - mylogger - INFO - 0.00440109
2017-05-10 20:04:16,645 - mylogger - INFO - 2015-11-13: hold
2017-05-10 20:04:17,073 - mylogger - INFO - 0.00548279
2017-05-10 20:04:17,073 - mylogger - INFO - 2015-11-16: hold
2017-05-10 20:04:17,391 - mylogger - INFO - 0.0237428
2017-05-10 20:04:17,392 - mylogger - INFO - 2015-11-17: buy
2017-05-10 20:04:17,392 - mylogger - INFO - 78591.900891
2017-05-10 20:04:17,712 - mylogger - INFO - 0.00522815
2017-05-10 20:04:17,712 - mylogger - INFO - 2015-11-18: hold
2017-05-10 20:04:18,140 - mylogger - INFO - 0.0124323
2017-05-10 20:04:18,141 - mylogger - INFO - 2015-11-19: No cover!
2017-05-10 20:04:18,464 - mylogger - INFO - 0.0181613
2017-05-10 20:04:18,465 - mylogger - INFO - 2015-11-20: No cover!
2017-05-10 20:04:18,782 - mylogger - INFO - -0.00418991
2017-05-10 20:04:18,783 - mylogger - INFO - 2015-11-23: sell
2017-05-10 20:04:19,218 - mylogger - INFO - 0.00155417
2017-05-10 20:04:19,218 - mylogger - INFO - 2015-11-24: hold
2017-05-10 20:04:19,538 - mylogger - INFO - 0.000208545
2017-05-10 20:04:19,538 - mylogger - INFO - 2015-11-25: hold
2017-05-10 20:04:19,860 - mylogger - INFO - 0.0105261
2017-05-10 20:04:19,861 - mylogger - INFO - 2015-11-27: buy
2017-05-10 20:04:19,861 - mylogger - INFO - 78782.2145884
2017-05-10 20:04:20,182 - mylogger - INFO - -0.00277838
2017-05-10 20:04:20,183 - mylogger - INFO - 2015-11-30: sell
2017-05-10 20:04:20,617 - mylogger - INFO - -0.0110058
2017-05-10 20:04:20,617 - mylogger - INFO - 2015-12-01: No short!
2017-05-10 20:04:20,937 - mylogger - INFO - -0.0023304
2017-05-10 20:04:20,937 - mylogger - INFO - 2015-12-02: No short!
2017-05-10 20:04:21,258 - mylogger - INFO - 0.0163204
2017-05-10 20:04:21,259 - mylogger - INFO - 2015-12-03: buy
2017-05-10 20:04:21,259 - mylogger - INFO - 80001.5345653
2017-05-10 20:04:21,684 - mylogger - INFO - -0.014115
2017-05-10 20:04:21,685 - mylogger - INFO - 2015-12-04: sell
2017-05-10 20:04:22,021 - mylogger - INFO - 0.0069237
2017-05-10 20:04:22,021 - mylogger - INFO - 2015-12-07: hold
2017-05-10 20:04:22,345 - mylogger - INFO - 0.00851508
2017-05-10 20:04:22,345 - mylogger - INFO - 2015-12-08: hold
2017-05-10 20:04:22,769 - mylogger - INFO - 0.00160676
2017-05-10 20:04:22,769 - mylogger - INFO - 2015-12-09: hold
2017-05-10 20:04:23,098 - mylogger - INFO - 0.00431893
2017-05-10 20:04:23,099 - mylogger - INFO - 2015-12-10: hold
2017-05-10 20:04:23,415 - mylogger - INFO - 0.00889701
2017-05-10 20:04:23,415 - mylogger - INFO - 2015-12-11: hold
2017-05-10 20:04:23,845 - mylogger - INFO - 0.00669358
2017-05-10 20:04:23,845 - mylogger - INFO - 2015-12-14: hold
2017-05-10 20:04:24,174 - mylogger - INFO - 0.000262842
2017-05-10 20:04:24,175 - mylogger - INFO - 2015-12-15: hold
2017-05-10 20:04:24,504 - mylogger - INFO - -0.0117362
2017-05-10 20:04:24,504 - mylogger - INFO - 2015-12-16: No short!
2017-05-10 20:04:24,821 - mylogger - INFO - -0.00159747
2017-05-10 20:04:24,821 - mylogger - INFO - 2015-12-17: No short!
2017-05-10 20:04:25,248 - mylogger - INFO - 0.00922522
2017-05-10 20:04:25,248 - mylogger - INFO - 2015-12-18: hold
2017-05-10 20:04:25,570 - mylogger - INFO - -0.00991694
2017-05-10 20:04:25,570 - mylogger - INFO - 2015-12-21: No short!
2017-05-10 20:04:25,891 - mylogger - INFO - 0.0137991
2017-05-10 20:04:25,892 - mylogger - INFO - 2015-12-22: buy
2017-05-10 20:04:25,892 - mylogger - INFO - 79965.4603712
2017-05-10 20:04:26,314 - mylogger - INFO - -0.000841257
2017-05-10 20:04:26,315 - mylogger - INFO - 2015-12-23: sell
2017-05-10 20:04:26,639 - mylogger - INFO - 0.00528496
2017-05-10 20:04:26,639 - mylogger - INFO - 2015-12-24: hold
2017-05-10 20:04:26,965 - mylogger - INFO - -0.00277015
2017-05-10 20:04:26,965 - mylogger - INFO - 2015-12-28: No short!
2017-05-10 20:04:27,390 - mylogger - INFO - 0.00434785
2017-05-10 20:04:27,390 - mylogger - INFO - 2015-12-29: hold
2017-05-10 20:04:27,708 - mylogger - INFO - 0.0207212
2017-05-10 20:04:27,709 - mylogger - INFO - 2015-12-30: buy
2017-05-10 20:04:27,709 - mylogger - INFO - 79659.3276628
2017-05-10 20:04:28,039 - mylogger - INFO - 0.0121887
2017-05-10 20:04:28,040 - mylogger - INFO - 2015-12-31: buy
2017-05-10 20:04:28,040 - mylogger - INFO - 1029.01788978
2017-05-10 20:04:28,695 - mylogger - INFO - Total profit and loss: -0.203449254122
2017-05-10 20:04:28,726 - mylogger - INFO - Hit table:
2017-05-10 20:04:28,726 - mylogger - INFO - Date          signal  hit/miss
2017-05-10 20:04:28,726 - mylogger - INFO - 2014-01-02    hold    hit
2017-05-10 20:04:28,726 - mylogger - INFO - 2014-01-03    buy     miss
2017-05-10 20:04:28,727 - mylogger - INFO - 2014-01-06    hold    miss
2017-05-10 20:04:28,727 - mylogger - INFO - 2014-01-07    hold    hit
2017-05-10 20:04:28,727 - mylogger - INFO - 2014-01-08    hold    hit
2017-05-10 20:04:28,727 - mylogger - INFO - 2014-01-09    hold    miss
2017-05-10 20:04:28,728 - mylogger - INFO - 2014-01-10    hold    miss
2017-05-10 20:04:28,728 - mylogger - INFO - 2014-01-13    hold    miss
2017-05-10 20:04:28,728 - mylogger - INFO - 2014-01-14    hold    hit
2017-05-10 20:04:28,728 - mylogger - INFO - 2014-01-15    hold    miss
2017-05-10 20:04:28,728 - mylogger - INFO - 2014-01-16    hold    hit
2017-05-10 20:04:28,729 - mylogger - INFO - 2014-01-17    sell    miss
2017-05-10 20:04:28,729 - mylogger - INFO - 2014-01-21    buy     hit
2017-05-10 20:04:28,729 - mylogger - INFO - 2014-01-22    hold    miss
2017-05-10 20:04:28,729 - mylogger - INFO - 2014-01-23    hold    miss
2017-05-10 20:04:28,729 - mylogger - INFO - 2014-01-24    hold    hit
2017-05-10 20:04:28,729 - mylogger - INFO - 2014-01-27    hold    miss
2017-05-10 20:04:28,729 - mylogger - INFO - 2014-01-28    hold    miss
2017-05-10 20:04:28,730 - mylogger - INFO - 2014-01-29    hold    miss
2017-05-10 20:04:28,730 - mylogger - INFO - 2014-01-30    hold    miss
2017-05-10 20:04:28,730 - mylogger - INFO - 2014-01-31    hold    miss
2017-05-10 20:04:28,730 - mylogger - INFO - 2014-02-03    hold    miss
2017-05-10 20:04:28,730 - mylogger - INFO - 2014-02-04    hold    miss
2017-05-10 20:04:28,730 - mylogger - INFO - 2014-02-05    hold    miss
2017-05-10 20:04:28,731 - mylogger - INFO - 2014-02-06    hold    miss
2017-05-10 20:04:28,731 - mylogger - INFO - 2014-02-07    sell    miss
2017-05-10 20:04:28,731 - mylogger - INFO - 2014-02-10    hold    miss
2017-05-10 20:04:28,731 - mylogger - INFO - 2014-02-11    hold    miss
2017-05-10 20:04:28,731 - mylogger - INFO - 2014-02-12    buy     hit
2017-05-10 20:04:28,732 - mylogger - INFO - 2014-02-13    hold    hit
2017-05-10 20:04:28,732 - mylogger - INFO - 2014-02-14    hold    hit
2017-05-10 20:04:28,732 - mylogger - INFO - 2014-02-18    hold    miss
2017-05-10 20:04:28,732 - mylogger - INFO - 2014-02-19    hold    hit
2017-05-10 20:04:28,733 - mylogger - INFO - 2014-02-20    hold    miss
2017-05-10 20:04:28,733 - mylogger - INFO - 2014-02-21    hold    miss
2017-05-10 20:04:28,733 - mylogger - INFO - 2014-02-24    sell    hit
2017-05-10 20:04:28,733 - mylogger - INFO - 2014-02-25    hold    miss
2017-05-10 20:04:28,733 - mylogger - INFO - 2014-02-26    buy     hit
2017-05-10 20:04:28,734 - mylogger - INFO - 2014-02-27    hold    hit
2017-05-10 20:04:28,734 - mylogger - INFO - 2014-02-28    hold    miss
2017-05-10 20:04:28,734 - mylogger - INFO - 2014-03-03    hold    miss
2017-05-10 20:04:28,735 - mylogger - INFO - 2014-03-04    sell    hit
2017-05-10 20:04:28,735 - mylogger - INFO - 2014-03-05    hold    hit
2017-05-10 20:04:28,735 - mylogger - INFO - 2014-03-06    hold    miss
2017-05-10 20:04:28,735 - mylogger - INFO - 2014-03-07    hold    miss
2017-05-10 20:04:28,736 - mylogger - INFO - 2014-03-10    hold    miss
2017-05-10 20:04:28,736 - mylogger - INFO - 2014-03-11    buy     miss
2017-05-10 20:04:28,736 - mylogger - INFO - 2014-03-12    hold    miss
2017-05-10 20:04:28,737 - mylogger - INFO - 2014-03-13    buy     hit
2017-05-10 20:04:28,737 - mylogger - INFO - 2014-03-14    hold    miss
2017-05-10 20:04:28,737 - mylogger - INFO - 2014-03-17    hold    miss
2017-05-10 20:04:28,737 - mylogger - INFO - 2014-03-18    hold    miss
2017-05-10 20:04:28,738 - mylogger - INFO - 2014-03-19    hold    miss
2017-05-10 20:04:28,738 - mylogger - INFO - 2014-03-20    hold    miss
2017-05-10 20:04:28,738 - mylogger - INFO - 2014-03-21    hold    hit
2017-05-10 20:04:28,738 - mylogger - INFO - 2014-03-24    hold    hit
2017-05-10 20:04:28,738 - mylogger - INFO - 2014-03-25    hold    miss
2017-05-10 20:04:28,739 - mylogger - INFO - 2014-03-26    hold    miss
2017-05-10 20:04:28,739 - mylogger - INFO - 2014-03-27    hold    miss
2017-05-10 20:04:28,739 - mylogger - INFO - 2014-03-28    hold    hit
2017-05-10 20:04:28,739 - mylogger - INFO - 2014-03-31    hold    miss
2017-05-10 20:04:28,739 - mylogger - INFO - 2014-04-01    hold    hit
2017-05-10 20:04:28,740 - mylogger - INFO - 2014-04-02    hold    hit
2017-05-10 20:04:28,740 - mylogger - INFO - 2014-04-03    hold    miss
2017-05-10 20:04:28,740 - mylogger - INFO - 2014-04-04    hold    miss
2017-05-10 20:04:28,740 - mylogger - INFO - 2014-04-07    hold    miss
2017-05-10 20:04:28,740 - mylogger - INFO - 2014-04-08    hold    miss
2017-05-10 20:04:28,741 - mylogger - INFO - 2014-04-09    hold    miss
2017-05-10 20:04:28,741 - mylogger - INFO - 2014-04-10    hold    miss
2017-05-10 20:04:28,741 - mylogger - INFO - 2014-04-11    hold    hit
2017-05-10 20:04:28,741 - mylogger - INFO - 2014-04-14    hold    hit
2017-05-10 20:04:28,741 - mylogger - INFO - 2014-04-15    hold    miss
2017-05-10 20:04:28,741 - mylogger - INFO - 2014-04-16    sell    miss
2017-05-10 20:04:28,741 - mylogger - INFO - 2014-04-17    hold    miss
2017-05-10 20:04:28,741 - mylogger - INFO - 2014-04-21    hold    miss
2017-05-10 20:04:28,742 - mylogger - INFO - 2014-04-22    hold    miss
2017-05-10 20:04:28,742 - mylogger - INFO - 2014-04-23    hold    miss
2017-05-10 20:04:28,742 - mylogger - INFO - 2014-04-24    hold    miss
2017-05-10 20:04:28,742 - mylogger - INFO - 2014-04-25    buy     miss
2017-05-10 20:04:28,742 - mylogger - INFO - 2014-04-28    hold    miss
2017-05-10 20:04:28,742 - mylogger - INFO - 2014-04-29    buy     miss
2017-05-10 20:04:28,742 - mylogger - INFO - 2014-04-30    hold    miss
2017-05-10 20:04:28,742 - mylogger - INFO - 2014-05-01    hold    miss
2017-05-10 20:04:28,743 - mylogger - INFO - 2014-05-02    sell    miss
2017-05-10 20:04:28,743 - mylogger - INFO - 2014-05-05    hold    miss
2017-05-10 20:04:28,743 - mylogger - INFO - 2014-05-06    hold    hit
2017-05-10 20:04:28,743 - mylogger - INFO - 2014-05-07    buy     miss
2017-05-10 20:04:28,743 - mylogger - INFO - 2014-05-08    hold    hit
2017-05-10 20:04:28,743 - mylogger - INFO - 2014-05-09    hold    miss
2017-05-10 20:04:28,743 - mylogger - INFO - 2014-05-12    hold    hit
2017-05-10 20:04:28,744 - mylogger - INFO - 2014-05-13    hold    miss
2017-05-10 20:04:28,744 - mylogger - INFO - 2014-05-14    hold    miss
2017-05-10 20:04:28,744 - mylogger - INFO - 2014-05-15    hold    miss
2017-05-10 20:04:28,744 - mylogger - INFO - 2014-05-16    hold    hit
2017-05-10 20:04:28,744 - mylogger - INFO - 2014-05-19    hold    miss
2017-05-10 20:04:28,744 - mylogger - INFO - 2014-05-20    hold    miss
2017-05-10 20:04:28,745 - mylogger - INFO - 2014-05-21    sell    miss
2017-05-10 20:04:28,745 - mylogger - INFO - 2014-05-22    buy     miss
2017-05-10 20:04:28,745 - mylogger - INFO - 2014-05-23    hold    miss
2017-05-10 20:04:28,745 - mylogger - INFO - 2014-05-27    hold    hit
2017-05-10 20:04:28,745 - mylogger - INFO - 2014-05-28    hold    hit
2017-05-10 20:04:28,746 - mylogger - INFO - 2014-05-29    hold    hit
2017-05-10 20:04:28,746 - mylogger - INFO - 2014-05-30    hold    hit
2017-05-10 20:04:28,750 - mylogger - INFO - 2014-06-02    sell    hit
2017-05-10 20:04:28,750 - mylogger - INFO - 2014-06-03    hold    miss
2017-05-10 20:04:28,750 - mylogger - INFO - 2014-06-04    hold    miss
2017-05-10 20:04:28,750 - mylogger - INFO - 2014-06-05    hold    miss
2017-05-10 20:04:28,751 - mylogger - INFO - 2014-06-06    hold    miss
2017-05-10 20:04:28,751 - mylogger - INFO - 2014-06-09    hold    miss
2017-05-10 20:04:28,751 - mylogger - INFO - 2014-06-10    hold    miss
2017-05-10 20:04:28,751 - mylogger - INFO - 2014-06-11    buy     miss
2017-05-10 20:04:28,751 - mylogger - INFO - 2014-06-12    hold    hit
2017-05-10 20:04:28,751 - mylogger - INFO - 2014-06-13    hold    hit
2017-05-10 20:04:28,752 - mylogger - INFO - 2014-06-16    sell    hit
2017-05-10 20:04:28,752 - mylogger - INFO - 2014-06-17    hold    hit
2017-05-10 20:04:28,752 - mylogger - INFO - 2014-06-18    hold    hit
2017-05-10 20:04:28,752 - mylogger - INFO - 2014-06-19    hold    miss
2017-05-10 20:04:28,752 - mylogger - INFO - 2014-06-20    hold    miss
2017-05-10 20:04:28,753 - mylogger - INFO - 2014-06-23    hold    miss
2017-05-10 20:04:28,753 - mylogger - INFO - 2014-06-24    hold    miss
2017-05-10 20:04:28,753 - mylogger - INFO - 2014-06-25    buy     miss
2017-05-10 20:04:28,753 - mylogger - INFO - 2014-06-26    hold    hit
2017-05-10 20:04:28,753 - mylogger - INFO - 2014-06-27    hold    miss
2017-05-10 20:04:28,753 - mylogger - INFO - 2014-06-30    sell    miss
2017-05-10 20:04:28,753 - mylogger - INFO - 2014-07-01    buy     miss
2017-05-10 20:04:28,754 - mylogger - INFO - 2014-07-02    buy     miss
2017-05-10 20:04:28,754 - mylogger - INFO - 2014-07-03    hold    hit
2017-05-10 20:04:28,754 - mylogger - INFO - 2014-07-07    hold    miss
2017-05-10 20:04:28,754 - mylogger - INFO - 2014-07-08    hold    miss
2017-05-10 20:04:28,754 - mylogger - INFO - 2014-07-09    hold    miss
2017-05-10 20:04:28,755 - mylogger - INFO - 2014-07-10    sell    miss
2017-05-10 20:04:28,755 - mylogger - INFO - 2014-07-11    hold    miss
2017-05-10 20:04:28,755 - mylogger - INFO - 2014-07-14    hold    miss
2017-05-10 20:04:28,755 - mylogger - INFO - 2014-07-15    hold    miss
2017-05-10 20:04:28,755 - mylogger - INFO - 2014-07-16    hold    miss
2017-05-10 20:04:28,755 - mylogger - INFO - 2014-07-17    hold    miss
2017-05-10 20:04:28,755 - mylogger - INFO - 2014-07-18    hold    hit
2017-05-10 20:04:28,756 - mylogger - INFO - 2014-07-21    hold    miss
2017-05-10 20:04:28,756 - mylogger - INFO - 2014-07-22    hold    miss
2017-05-10 20:04:28,756 - mylogger - INFO - 2014-07-23    hold    miss
2017-05-10 20:04:28,756 - mylogger - INFO - 2014-07-24    hold    miss
2017-05-10 20:04:28,756 - mylogger - INFO - 2014-07-25    buy     miss
2017-05-10 20:04:28,756 - mylogger - INFO - 2014-07-28    buy     miss
2017-05-10 20:04:28,757 - mylogger - INFO - 2014-07-29    hold    miss
2017-05-10 20:04:28,757 - mylogger - INFO - 2014-07-30    hold    miss
2017-05-10 20:04:28,757 - mylogger - INFO - 2014-07-31    sell    hit
2017-05-10 20:04:28,757 - mylogger - INFO - 2014-08-01    hold    miss
2017-05-10 20:04:28,757 - mylogger - INFO - 2014-08-04    hold    miss
2017-05-10 20:04:28,757 - mylogger - INFO - 2014-08-05    hold    miss
2017-05-10 20:04:28,758 - mylogger - INFO - 2014-08-06    hold    miss
2017-05-10 20:04:28,758 - mylogger - INFO - 2014-08-07    hold    hit
2017-05-10 20:04:28,758 - mylogger - INFO - 2014-08-08    hold    hit
2017-05-10 20:04:28,758 - mylogger - INFO - 2014-08-11    hold    miss
2017-05-10 20:04:28,758 - mylogger - INFO - 2014-08-12    hold    miss
2017-05-10 20:04:28,758 - mylogger - INFO - 2014-08-13    hold    miss
2017-05-10 20:04:28,758 - mylogger - INFO - 2014-08-14    hold    miss
2017-05-10 20:04:28,759 - mylogger - INFO - 2014-08-15    hold    miss
2017-05-10 20:04:28,759 - mylogger - INFO - 2014-08-18    hold    hit
2017-05-10 20:04:28,759 - mylogger - INFO - 2014-08-19    hold    miss
2017-05-10 20:04:28,759 - mylogger - INFO - 2014-08-20    hold    hit
2017-05-10 20:04:28,759 - mylogger - INFO - 2014-08-21    hold    miss
2017-05-10 20:04:28,759 - mylogger - INFO - 2014-08-22    hold    hit
2017-05-10 20:04:28,760 - mylogger - INFO - 2014-08-25    hold    hit
2017-05-10 20:04:28,760 - mylogger - INFO - 2014-08-26    hold    miss
2017-05-10 20:04:28,760 - mylogger - INFO - 2014-08-27    hold    miss
2017-05-10 20:04:28,760 - mylogger - INFO - 2014-08-28    buy     miss
2017-05-10 20:04:28,760 - mylogger - INFO - 2014-08-29    hold    miss
2017-05-10 20:04:28,760 - mylogger - INFO - 2014-09-02    hold    hit
2017-05-10 20:04:28,761 - mylogger - INFO - 2014-09-03    buy     miss
2017-05-10 20:04:28,761 - mylogger - INFO - 2014-09-04    hold    miss
2017-05-10 20:04:28,761 - mylogger - INFO - 2014-09-05    hold    miss
2017-05-10 20:04:28,761 - mylogger - INFO - 2014-09-08    hold    hit
2017-05-10 20:04:28,761 - mylogger - INFO - 2014-09-09    hold    hit
2017-05-10 20:04:28,761 - mylogger - INFO - 2014-09-10    hold    miss
2017-05-10 20:04:28,762 - mylogger - INFO - 2014-09-11    hold    miss
2017-05-10 20:04:28,762 - mylogger - INFO - 2014-09-12    hold    miss
2017-05-10 20:04:28,762 - mylogger - INFO - 2014-09-15    hold    hit
2017-05-10 20:04:28,762 - mylogger - INFO - 2014-09-16    hold    hit
2017-05-10 20:04:28,762 - mylogger - INFO - 2014-09-17    hold    hit
2017-05-10 20:04:28,762 - mylogger - INFO - 2014-09-18    hold    hit
2017-05-10 20:04:28,762 - mylogger - INFO - 2014-09-19    hold    miss
2017-05-10 20:04:28,763 - mylogger - INFO - 2014-09-22    hold    miss
2017-05-10 20:04:28,763 - mylogger - INFO - 2014-09-23    hold    hit
2017-05-10 20:04:28,763 - mylogger - INFO - 2014-09-24    hold    miss
2017-05-10 20:04:28,763 - mylogger - INFO - 2014-09-25    hold    miss
2017-05-10 20:04:28,763 - mylogger - INFO - 2014-09-26    hold    hit
2017-05-10 20:04:28,763 - mylogger - INFO - 2014-09-29    hold    miss
2017-05-10 20:04:28,764 - mylogger - INFO - 2014-09-30    hold    miss
2017-05-10 20:04:28,764 - mylogger - INFO - 2014-10-01    hold    miss
2017-05-10 20:04:28,764 - mylogger - INFO - 2014-10-02    hold    miss
2017-05-10 20:04:28,764 - mylogger - INFO - 2014-10-03    hold    miss
2017-05-10 20:04:28,764 - mylogger - INFO - 2014-10-06    hold    miss
2017-05-10 20:04:28,764 - mylogger - INFO - 2014-10-07    hold    miss
2017-05-10 20:04:28,765 - mylogger - INFO - 2014-10-08    hold    miss
2017-05-10 20:04:28,765 - mylogger - INFO - 2014-10-09    sell    hit
2017-05-10 20:04:28,765 - mylogger - INFO - 2014-10-10    buy     miss
2017-05-10 20:04:28,765 - mylogger - INFO - 2014-10-13    sell    miss
2017-05-10 20:04:28,765 - mylogger - INFO - 2014-10-14    hold    miss
2017-05-10 20:04:28,765 - mylogger - INFO - 2014-10-15    hold    hit
2017-05-10 20:04:28,766 - mylogger - INFO - 2014-10-16    hold    miss
2017-05-10 20:04:28,766 - mylogger - INFO - 2014-10-17    hold    hit
2017-05-10 20:04:28,766 - mylogger - INFO - 2014-10-20    hold    miss
2017-05-10 20:04:28,766 - mylogger - INFO - 2014-10-21    hold    miss
2017-05-10 20:04:28,766 - mylogger - INFO - 2014-10-22    hold    hit
2017-05-10 20:04:28,767 - mylogger - INFO - 2014-10-23    hold    hit
2017-05-10 20:04:28,767 - mylogger - INFO - 2014-10-24    hold    miss
2017-05-10 20:04:28,769 - mylogger - INFO - 2014-10-27    buy     hit
2017-05-10 20:04:28,770 - mylogger - INFO - 2014-10-28    hold    miss
2017-05-10 20:04:28,771 - mylogger - INFO - 2014-10-29    hold    hit
2017-05-10 20:04:28,771 - mylogger - INFO - 2014-10-30    hold    hit
2017-05-10 20:04:28,772 - mylogger - INFO - 2014-10-31    hold    hit
2017-05-10 20:04:28,773 - mylogger - INFO - 2014-11-03    sell    hit
2017-05-10 20:04:28,773 - mylogger - INFO - 2014-11-04    hold    miss
2017-05-10 20:04:28,774 - mylogger - INFO - 2014-11-05    hold    hit
2017-05-10 20:04:28,774 - mylogger - INFO - 2014-11-06    hold    miss
2017-05-10 20:04:28,775 - mylogger - INFO - 2014-11-07    hold    hit
2017-05-10 20:04:28,775 - mylogger - INFO - 2014-11-10    hold    hit
2017-05-10 20:04:28,776 - mylogger - INFO - 2014-11-11    hold    hit
2017-05-10 20:04:28,776 - mylogger - INFO - 2014-11-12    hold    miss
2017-05-10 20:04:28,777 - mylogger - INFO - 2014-11-13    hold    hit
2017-05-10 20:04:28,777 - mylogger - INFO - 2014-11-14    hold    miss
2017-05-10 20:04:28,777 - mylogger - INFO - 2014-11-17    buy     hit
2017-05-10 20:04:28,777 - mylogger - INFO - 2014-11-18    sell    miss
2017-05-10 20:04:28,777 - mylogger - INFO - 2014-11-19    hold    hit
2017-05-10 20:04:28,778 - mylogger - INFO - 2014-11-20    hold    hit
2017-05-10 20:04:28,778 - mylogger - INFO - 2014-11-21    hold    miss
2017-05-10 20:04:28,778 - mylogger - INFO - 2014-11-24    buy     miss
2017-05-10 20:04:28,778 - mylogger - INFO - 2014-11-25    hold    miss
2017-05-10 20:04:28,779 - mylogger - INFO - 2014-11-26    sell    hit
2017-05-10 20:04:28,779 - mylogger - INFO - 2014-11-28    hold    miss
2017-05-10 20:04:28,779 - mylogger - INFO - 2014-12-01    hold    miss
2017-05-10 20:04:28,780 - mylogger - INFO - 2014-12-02    hold    miss
2017-05-10 20:04:28,780 - mylogger - INFO - 2014-12-03    hold    miss
2017-05-10 20:04:28,780 - mylogger - INFO - 2014-12-04    hold    hit
2017-05-10 20:04:28,781 - mylogger - INFO - 2014-12-05    hold    miss
2017-05-10 20:04:28,781 - mylogger - INFO - 2014-12-08    buy     miss
2017-05-10 20:04:28,782 - mylogger - INFO - 2014-12-09    hold    miss
2017-05-10 20:04:28,782 - mylogger - INFO - 2014-12-10    buy     miss
2017-05-10 20:04:28,782 - mylogger - INFO - 2014-12-11    hold    miss
2017-05-10 20:04:28,783 - mylogger - INFO - 2014-12-12    hold    miss
2017-05-10 20:04:28,783 - mylogger - INFO - 2014-12-15    sell    miss
2017-05-10 20:04:28,783 - mylogger - INFO - 2014-12-16    hold    hit
2017-05-10 20:04:28,784 - mylogger - INFO - 2014-12-17    hold    hit
2017-05-10 20:04:28,784 - mylogger - INFO - 2014-12-18    hold    hit
2017-05-10 20:04:28,784 - mylogger - INFO - 2014-12-19    hold    miss
2017-05-10 20:04:28,785 - mylogger - INFO - 2014-12-22    hold    miss
2017-05-10 20:04:28,785 - mylogger - INFO - 2014-12-23    hold    hit
2017-05-10 20:04:28,785 - mylogger - INFO - 2014-12-24    hold    hit
2017-05-10 20:04:28,786 - mylogger - INFO - 2014-12-26    hold    hit
2017-05-10 20:04:28,786 - mylogger - INFO - 2014-12-29    hold    miss
2017-05-10 20:04:28,786 - mylogger - INFO - 2014-12-30    hold    miss
2017-05-10 20:04:28,787 - mylogger - INFO - 2014-12-31    hold    miss
2017-05-10 20:04:28,787 - mylogger - INFO - 2015-01-02    hold    miss
2017-05-10 20:04:28,787 - mylogger - INFO - 2015-01-05    hold    miss
2017-05-10 20:04:28,788 - mylogger - INFO - 2015-01-06    hold    miss
2017-05-10 20:04:28,788 - mylogger - INFO - 2015-01-07    hold    miss
2017-05-10 20:04:28,790 - mylogger - INFO - 2015-01-08    hold    miss
2017-05-10 20:04:28,790 - mylogger - INFO - 2015-01-09    hold    miss
2017-05-10 20:04:28,790 - mylogger - INFO - 2015-01-12    hold    hit
2017-05-10 20:04:28,791 - mylogger - INFO - 2015-01-13    hold    miss
2017-05-10 20:04:28,791 - mylogger - INFO - 2015-01-14    hold    miss
2017-05-10 20:04:28,791 - mylogger - INFO - 2015-01-15    hold    hit
2017-05-10 20:04:28,791 - mylogger - INFO - 2015-01-16    hold    hit
2017-05-10 20:04:28,791 - mylogger - INFO - 2015-01-20    hold    hit
2017-05-10 20:04:28,791 - mylogger - INFO - 2015-01-21    hold    miss
2017-05-10 20:04:28,791 - mylogger - INFO - 2015-01-22    hold    miss
2017-05-10 20:04:28,792 - mylogger - INFO - 2015-01-23    buy     miss
2017-05-10 20:04:28,792 - mylogger - INFO - 2015-01-26    sell    hit
2017-05-10 20:04:28,792 - mylogger - INFO - 2015-01-27    hold    miss
2017-05-10 20:04:28,792 - mylogger - INFO - 2015-01-28    buy     hit
2017-05-10 20:04:28,792 - mylogger - INFO - 2015-01-29    hold    miss
2017-05-10 20:04:28,792 - mylogger - INFO - 2015-01-30    hold    hit
2017-05-10 20:04:28,792 - mylogger - INFO - 2015-02-02    sell    miss
2017-05-10 20:04:28,792 - mylogger - INFO - 2015-02-03    buy     miss
2017-05-10 20:04:28,793 - mylogger - INFO - 2015-02-04    buy     miss
2017-05-10 20:04:28,793 - mylogger - INFO - 2015-02-05    hold    miss
2017-05-10 20:04:28,793 - mylogger - INFO - 2015-02-06    hold    miss
2017-05-10 20:04:28,793 - mylogger - INFO - 2015-02-09    hold    hit
2017-05-10 20:04:28,793 - mylogger - INFO - 2015-02-10    hold    hit
2017-05-10 20:04:28,793 - mylogger - INFO - 2015-02-11    hold    hit
2017-05-10 20:04:28,793 - mylogger - INFO - 2015-02-12    hold    miss
2017-05-10 20:04:28,794 - mylogger - INFO - 2015-02-13    hold    hit
2017-05-10 20:04:28,794 - mylogger - INFO - 2015-02-17    hold    hit
2017-05-10 20:04:28,794 - mylogger - INFO - 2015-02-18    hold    miss
2017-05-10 20:04:28,794 - mylogger - INFO - 2015-02-19    hold    miss
2017-05-10 20:04:28,794 - mylogger - INFO - 2015-02-20    hold    miss
2017-05-10 20:04:28,794 - mylogger - INFO - 2015-02-23    hold    miss
2017-05-10 20:04:28,794 - mylogger - INFO - 2015-02-24    hold    miss
2017-05-10 20:04:28,794 - mylogger - INFO - 2015-02-25    hold    miss
2017-05-10 20:04:28,795 - mylogger - INFO - 2015-02-26    hold    miss
2017-05-10 20:04:28,795 - mylogger - INFO - 2015-02-27    hold    miss
2017-05-10 20:04:28,795 - mylogger - INFO - 2015-03-02    hold    miss
2017-05-10 20:04:28,795 - mylogger - INFO - 2015-03-03    hold    miss
2017-05-10 20:04:28,795 - mylogger - INFO - 2015-03-04    hold    hit
2017-05-10 20:04:28,795 - mylogger - INFO - 2015-03-05    hold    miss
2017-05-10 20:04:28,795 - mylogger - INFO - 2015-03-06    hold    miss
2017-05-10 20:04:28,795 - mylogger - INFO - 2015-03-09    hold    miss
2017-05-10 20:04:28,796 - mylogger - INFO - 2015-03-10    hold    miss
2017-05-10 20:04:28,796 - mylogger - INFO - 2015-03-11    hold    hit
2017-05-10 20:04:28,796 - mylogger - INFO - 2015-03-12    hold    miss
2017-05-10 20:04:28,796 - mylogger - INFO - 2015-03-13    hold    miss
2017-05-10 20:04:28,796 - mylogger - INFO - 2015-03-16    hold    hit
2017-05-10 20:04:28,796 - mylogger - INFO - 2015-03-17    hold    hit
2017-05-10 20:04:28,796 - mylogger - INFO - 2015-03-18    hold    miss
2017-05-10 20:04:28,796 - mylogger - INFO - 2015-03-19    hold    hit
2017-05-10 20:04:28,796 - mylogger - INFO - 2015-03-20    hold    miss
2017-05-10 20:04:28,797 - mylogger - INFO - 2015-03-23    hold    miss
2017-05-10 20:04:28,797 - mylogger - INFO - 2015-03-24    hold    miss
2017-05-10 20:04:28,797 - mylogger - INFO - 2015-03-25    hold    miss
2017-05-10 20:04:28,797 - mylogger - INFO - 2015-03-26    hold    hit
2017-05-10 20:04:28,797 - mylogger - INFO - 2015-03-27    hold    miss
2017-05-10 20:04:28,797 - mylogger - INFO - 2015-03-30    hold    miss
2017-05-10 20:04:28,801 - mylogger - INFO - 2015-03-31    hold    miss
2017-05-10 20:04:28,802 - mylogger - INFO - 2015-04-01    hold    hit
2017-05-10 20:04:28,802 - mylogger - INFO - 2015-04-02    hold    miss
2017-05-10 20:04:28,802 - mylogger - INFO - 2015-04-06    hold    hit
2017-05-10 20:04:28,802 - mylogger - INFO - 2015-04-07    hold    hit
2017-05-10 20:04:28,802 - mylogger - INFO - 2015-04-08    sell    miss
2017-05-10 20:04:28,802 - mylogger - INFO - 2015-04-09    hold    hit
2017-05-10 20:04:28,803 - mylogger - INFO - 2015-04-10    buy     miss
2017-05-10 20:04:28,803 - mylogger - INFO - 2015-04-13    buy     miss
2017-05-10 20:04:28,803 - mylogger - INFO - 2015-04-14    hold    miss
2017-05-10 20:04:28,803 - mylogger - INFO - 2015-04-15    hold    miss
2017-05-10 20:04:28,803 - mylogger - INFO - 2015-04-16    hold    miss
2017-05-10 20:04:28,803 - mylogger - INFO - 2015-04-17    hold    miss
2017-05-10 20:04:28,804 - mylogger - INFO - 2015-04-20    hold    hit
2017-05-10 20:04:28,804 - mylogger - INFO - 2015-04-21    hold    miss
2017-05-10 20:04:28,804 - mylogger - INFO - 2015-04-22    hold    miss
2017-05-10 20:04:28,804 - mylogger - INFO - 2015-04-23    sell    hit
2017-05-10 20:04:28,804 - mylogger - INFO - 2015-04-24    hold    miss
2017-05-10 20:04:28,804 - mylogger - INFO - 2015-04-27    buy     miss
2017-05-10 20:04:28,805 - mylogger - INFO - 2015-04-28    hold    miss
2017-05-10 20:04:28,805 - mylogger - INFO - 2015-04-29    buy     miss
2017-05-10 20:04:28,805 - mylogger - INFO - 2015-04-30    hold    hit
2017-05-10 20:04:28,805 - mylogger - INFO - 2015-05-01    hold    miss
2017-05-10 20:04:28,805 - mylogger - INFO - 2015-05-04    hold    miss
2017-05-10 20:04:28,805 - mylogger - INFO - 2015-05-05    sell    hit
2017-05-10 20:04:28,805 - mylogger - INFO - 2015-05-06    hold    hit
2017-05-10 20:04:28,806 - mylogger - INFO - 2015-05-07    buy     hit
2017-05-10 20:04:28,806 - mylogger - INFO - 2015-05-08    hold    hit
2017-05-10 20:04:28,806 - mylogger - INFO - 2015-05-11    hold    miss
2017-05-10 20:04:28,806 - mylogger - INFO - 2015-05-12    hold    hit
2017-05-10 20:04:28,806 - mylogger - INFO - 2015-05-13    hold    miss
2017-05-10 20:04:28,806 - mylogger - INFO - 2015-05-14    hold    miss
2017-05-10 20:04:28,807 - mylogger - INFO - 2015-05-15    hold    miss
2017-05-10 20:04:28,807 - mylogger - INFO - 2015-05-18    hold    hit
2017-05-10 20:04:28,807 - mylogger - INFO - 2015-05-19    hold    miss
2017-05-10 20:04:28,807 - mylogger - INFO - 2015-05-20    hold    hit
2017-05-10 20:04:28,807 - mylogger - INFO - 2015-05-21    hold    miss
2017-05-10 20:04:28,808 - mylogger - INFO - 2015-05-22    hold    miss
2017-05-10 20:04:28,808 - mylogger - INFO - 2015-05-26    hold    hit
2017-05-10 20:04:28,808 - mylogger - INFO - 2015-05-27    hold    miss
2017-05-10 20:04:28,808 - mylogger - INFO - 2015-05-28    hold    miss
2017-05-10 20:04:28,808 - mylogger - INFO - 2015-05-29    hold    hit
2017-05-10 20:04:28,808 - mylogger - INFO - 2015-06-01    hold    miss
2017-05-10 20:04:28,809 - mylogger - INFO - 2015-06-02    hold    hit
2017-05-10 20:04:28,809 - mylogger - INFO - 2015-06-03    hold    miss
2017-05-10 20:04:28,809 - mylogger - INFO - 2015-06-04    hold    miss
2017-05-10 20:04:28,809 - mylogger - INFO - 2015-06-05    hold    miss
2017-05-10 20:04:28,809 - mylogger - INFO - 2015-06-08    sell    hit
2017-05-10 20:04:28,809 - mylogger - INFO - 2015-06-09    hold    miss
2017-05-10 20:04:28,809 - mylogger - INFO - 2015-06-10    hold    hit
2017-05-10 20:04:28,810 - mylogger - INFO - 2015-06-11    buy     miss
2017-05-10 20:04:28,810 - mylogger - INFO - 2015-06-12    sell    hit
2017-05-10 20:04:28,810 - mylogger - INFO - 2015-06-15    hold    hit
2017-05-10 20:04:28,810 - mylogger - INFO - 2015-06-16    hold    hit
2017-05-10 20:04:28,810 - mylogger - INFO - 2015-06-17    buy     hit
2017-05-10 20:04:28,810 - mylogger - INFO - 2015-06-18    hold    miss
2017-05-10 20:04:28,811 - mylogger - INFO - 2015-06-19    hold    hit
2017-05-10 20:04:28,811 - mylogger - INFO - 2015-06-22    hold    miss
2017-05-10 20:04:28,811 - mylogger - INFO - 2015-06-23    hold    miss
2017-05-10 20:04:28,811 - mylogger - INFO - 2015-06-24    hold    miss
2017-05-10 20:04:28,811 - mylogger - INFO - 2015-06-25    hold    hit
2017-05-10 20:04:28,811 - mylogger - INFO - 2015-06-26    hold    miss
2017-05-10 20:04:28,811 - mylogger - INFO - 2015-06-29    hold    miss
2017-05-10 20:04:28,812 - mylogger - INFO - 2015-06-30    hold    miss
2017-05-10 20:04:28,812 - mylogger - INFO - 2015-07-01    hold    miss
2017-05-10 20:04:28,812 - mylogger - INFO - 2015-07-02    hold    hit
2017-05-10 20:04:28,812 - mylogger - INFO - 2015-07-06    hold    miss
2017-05-10 20:04:28,812 - mylogger - INFO - 2015-07-07    sell    hit
2017-05-10 20:04:28,812 - mylogger - INFO - 2015-07-08    hold    hit
2017-05-10 20:04:28,813 - mylogger - INFO - 2015-07-09    hold    miss
2017-05-10 20:04:28,813 - mylogger - INFO - 2015-07-10    buy     hit
2017-05-10 20:04:28,813 - mylogger - INFO - 2015-07-13    hold    hit
2017-05-10 20:04:28,813 - mylogger - INFO - 2015-07-14    hold    miss
2017-05-10 20:04:28,813 - mylogger - INFO - 2015-07-15    hold    miss
2017-05-10 20:04:28,813 - mylogger - INFO - 2015-07-16    hold    miss
2017-05-10 20:04:28,814 - mylogger - INFO - 2015-07-17    hold    miss
2017-05-10 20:04:28,814 - mylogger - INFO - 2015-07-20    hold    miss
2017-05-10 20:04:28,814 - mylogger - INFO - 2015-07-21    hold    miss
2017-05-10 20:04:28,814 - mylogger - INFO - 2015-07-22    hold    miss
2017-05-10 20:04:28,814 - mylogger - INFO - 2015-07-23    hold    miss
2017-05-10 20:04:28,814 - mylogger - INFO - 2015-07-24    hold    miss
2017-05-10 20:04:28,815 - mylogger - INFO - 2015-07-27    hold    hit
2017-05-10 20:04:28,815 - mylogger - INFO - 2015-07-28    hold    miss
2017-05-10 20:04:28,815 - mylogger - INFO - 2015-07-29    hold    miss
2017-05-10 20:04:28,815 - mylogger - INFO - 2015-07-30    hold    hit
2017-05-10 20:04:28,816 - mylogger - INFO - 2015-07-31    hold    miss
2017-05-10 20:04:28,816 - mylogger - INFO - 2015-08-03    hold    miss
2017-05-10 20:04:28,817 - mylogger - INFO - 2015-08-04    hold    miss
2017-05-10 20:04:28,817 - mylogger - INFO - 2015-08-05    hold    miss
2017-05-10 20:04:28,817 - mylogger - INFO - 2015-08-06    hold    miss
2017-05-10 20:04:28,817 - mylogger - INFO - 2015-08-07    hold    miss
2017-05-10 20:04:28,817 - mylogger - INFO - 2015-08-10    hold    miss
2017-05-10 20:04:28,817 - mylogger - INFO - 2015-08-11    hold    miss
2017-05-10 20:04:28,818 - mylogger - INFO - 2015-08-12    hold    miss
2017-05-10 20:04:28,818 - mylogger - INFO - 2015-08-13    hold    hit
2017-05-10 20:04:28,818 - mylogger - INFO - 2015-08-14    hold    miss
2017-05-10 20:04:28,818 - mylogger - INFO - 2015-08-17    hold    hit
2017-05-10 20:04:28,818 - mylogger - INFO - 2015-08-18    hold    miss
2017-05-10 20:04:28,818 - mylogger - INFO - 2015-08-19    hold    miss
2017-05-10 20:04:28,819 - mylogger - INFO - 2015-08-20    hold    miss
2017-05-10 20:04:28,819 - mylogger - INFO - 2015-08-21    hold    miss
2017-05-10 20:04:28,819 - mylogger - INFO - 2015-08-24    hold    miss
2017-05-10 20:04:28,819 - mylogger - INFO - 2015-08-25    sell    miss
2017-05-10 20:04:28,819 - mylogger - INFO - 2015-08-26    buy     hit
2017-05-10 20:04:28,819 - mylogger - INFO - 2015-08-27    hold    miss
2017-05-10 20:04:28,819 - mylogger - INFO - 2015-08-28    sell    hit
2017-05-10 20:04:28,820 - mylogger - INFO - 2015-08-31    buy     miss
2017-05-10 20:04:28,820 - mylogger - INFO - 2015-09-01    buy     hit
2017-05-10 20:04:28,820 - mylogger - INFO - 2015-09-02    hold    hit
2017-05-10 20:04:28,820 - mylogger - INFO - 2015-09-03    hold    miss
2017-05-10 20:04:28,820 - mylogger - INFO - 2015-09-04    hold    miss
2017-05-10 20:04:28,820 - mylogger - INFO - 2015-09-08    hold    miss
2017-05-10 20:04:28,821 - mylogger - INFO - 2015-09-09    hold    hit
2017-05-10 20:04:28,821 - mylogger - INFO - 2015-09-10    hold    hit
2017-05-10 20:04:28,822 - mylogger - INFO - 2015-09-11    sell    hit
2017-05-10 20:04:28,822 - mylogger - INFO - 2015-09-14    hold    miss
2017-05-10 20:04:28,822 - mylogger - INFO - 2015-09-15    hold    hit
2017-05-10 20:04:28,823 - mylogger - INFO - 2015-09-16    hold    hit
2017-05-10 20:04:28,823 - mylogger - INFO - 2015-09-17    hold    miss
2017-05-10 20:04:28,823 - mylogger - INFO - 2015-09-18    hold    miss
2017-05-10 20:04:28,824 - mylogger - INFO - 2015-09-21    hold    miss
2017-05-10 20:04:28,824 - mylogger - INFO - 2015-09-22    hold    miss
2017-05-10 20:04:28,825 - mylogger - INFO - 2015-09-23    hold    miss
2017-05-10 20:04:28,825 - mylogger - INFO - 2015-09-24    buy     miss
2017-05-10 20:04:28,825 - mylogger - INFO - 2015-09-25    hold    miss
2017-05-10 20:04:28,826 - mylogger - INFO - 2015-09-28    hold    hit
2017-05-10 20:04:28,826 - mylogger - INFO - 2015-09-29    sell    miss
2017-05-10 20:04:28,827 - mylogger - INFO - 2015-09-30    hold    miss
2017-05-10 20:04:28,827 - mylogger - INFO - 2015-10-01    hold    miss
2017-05-10 20:04:28,827 - mylogger - INFO - 2015-10-02    hold    miss
2017-05-10 20:04:28,827 - mylogger - INFO - 2015-10-05    hold    hit
2017-05-10 20:04:28,828 - mylogger - INFO - 2015-10-06    hold    miss
2017-05-10 20:04:28,828 - mylogger - INFO - 2015-10-07    hold    miss
2017-05-10 20:04:28,828 - mylogger - INFO - 2015-10-08    hold    hit
2017-05-10 20:04:28,829 - mylogger - INFO - 2015-10-09    hold    hit
2017-05-10 20:04:28,829 - mylogger - INFO - 2015-10-12    hold    miss
2017-05-10 20:04:28,830 - mylogger - INFO - 2015-10-13    hold    miss
2017-05-10 20:04:28,830 - mylogger - INFO - 2015-10-14    hold    miss
2017-05-10 20:04:28,830 - mylogger - INFO - 2015-10-15    hold    hit
2017-05-10 20:04:28,831 - mylogger - INFO - 2015-10-16    hold    hit
2017-05-10 20:04:28,831 - mylogger - INFO - 2015-10-19    hold    hit
2017-05-10 20:04:28,831 - mylogger - INFO - 2015-10-20    hold    miss
2017-05-10 20:04:28,832 - mylogger - INFO - 2015-10-21    hold    miss
2017-05-10 20:04:28,832 - mylogger - INFO - 2015-10-22    hold    hit
2017-05-10 20:04:28,833 - mylogger - INFO - 2015-10-23    hold    miss
2017-05-10 20:04:28,833 - mylogger - INFO - 2015-10-26    hold    miss
2017-05-10 20:04:28,833 - mylogger - INFO - 2015-10-27    hold    miss
2017-05-10 20:04:28,833 - mylogger - INFO - 2015-10-28    hold    miss
2017-05-10 20:04:28,834 - mylogger - INFO - 2015-10-29    hold    hit
2017-05-10 20:04:28,834 - mylogger - INFO - 2015-10-30    hold    hit
2017-05-10 20:04:28,834 - mylogger - INFO - 2015-11-02    hold    miss
2017-05-10 20:04:28,834 - mylogger - INFO - 2015-11-03    hold    hit
2017-05-10 20:04:28,834 - mylogger - INFO - 2015-11-04    hold    miss
2017-05-10 20:04:28,834 - mylogger - INFO - 2015-11-05    hold    miss
2017-05-10 20:04:28,835 - mylogger - INFO - 2015-11-06    hold    miss
2017-05-10 20:04:28,835 - mylogger - INFO - 2015-11-09    hold    miss
2017-05-10 20:04:28,835 - mylogger - INFO - 2015-11-10    hold    miss
2017-05-10 20:04:28,835 - mylogger - INFO - 2015-11-11    hold    miss
2017-05-10 20:04:28,835 - mylogger - INFO - 2015-11-12    hold    hit
2017-05-10 20:04:28,836 - mylogger - INFO - 2015-11-13    hold    miss
2017-05-10 20:04:28,836 - mylogger - INFO - 2015-11-16    hold    miss
2017-05-10 20:04:28,836 - mylogger - INFO - 2015-11-17    buy     hit
2017-05-10 20:04:28,837 - mylogger - INFO - 2015-11-18    hold    hit
2017-05-10 20:04:28,837 - mylogger - INFO - 2015-11-19    hold    hit
2017-05-10 20:04:28,837 - mylogger - INFO - 2015-11-20    hold    miss
2017-05-10 20:04:28,837 - mylogger - INFO - 2015-11-23    sell    miss
2017-05-10 20:04:28,838 - mylogger - INFO - 2015-11-24    hold    miss
2017-05-10 20:04:28,838 - mylogger - INFO - 2015-11-25    hold    miss
2017-05-10 20:04:28,838 - mylogger - INFO - 2015-11-27    buy     miss
2017-05-10 20:04:28,839 - mylogger - INFO - 2015-11-30    sell    miss
2017-05-10 20:04:28,839 - mylogger - INFO - 2015-12-01    hold    miss
2017-05-10 20:04:28,839 - mylogger - INFO - 2015-12-02    hold    miss
2017-05-10 20:04:28,839 - mylogger - INFO - 2015-12-03    buy     hit
2017-05-10 20:04:28,839 - mylogger - INFO - 2015-12-04    sell    hit
2017-05-10 20:04:28,840 - mylogger - INFO - 2015-12-07    hold    miss
2017-05-10 20:04:28,840 - mylogger - INFO - 2015-12-08    hold    miss
2017-05-10 20:04:28,840 - mylogger - INFO - 2015-12-09    hold    miss
2017-05-10 20:04:28,840 - mylogger - INFO - 2015-12-10    hold    miss
2017-05-10 20:04:28,841 - mylogger - INFO - 2015-12-11    hold    miss
2017-05-10 20:04:28,841 - mylogger - INFO - 2015-12-14    hold    miss
2017-05-10 20:04:28,841 - mylogger - INFO - 2015-12-15    hold    miss
2017-05-10 20:04:28,841 - mylogger - INFO - 2015-12-16    hold    miss
2017-05-10 20:04:28,841 - mylogger - INFO - 2015-12-17    hold    miss
2017-05-10 20:04:28,842 - mylogger - INFO - 2015-12-18    hold    hit
2017-05-10 20:04:28,842 - mylogger - INFO - 2015-12-21    hold    miss
2017-05-10 20:04:28,842 - mylogger - INFO - 2015-12-22    buy     hit
2017-05-10 20:04:28,842 - mylogger - INFO - 2015-12-23    sell    hit
2017-05-10 20:04:28,842 - mylogger - INFO - 2015-12-24    hold    hit
2017-05-10 20:04:28,843 - mylogger - INFO - 2015-12-28    hold    miss
2017-05-10 20:04:28,843 - mylogger - INFO - 2015-12-29    hold    miss
2017-05-10 20:04:28,843 - mylogger - INFO - 2015-12-30    buy     miss
2017-05-10 20:04:28,843 - mylogger - INFO - Hit number:165/503
2017-05-10 20:04:28,843 - mylogger - INFO - Hit rate:0.32803180914512925
