2017-05-10 19:55:38,968 - mylogger - INFO - 0.00830738
2017-05-10 19:55:38,970 - mylogger - INFO - 2014-01-02: buy
2017-05-10 19:55:38,970 - mylogger - INFO - 100000.0
2017-05-10 19:55:39,324 - mylogger - INFO - 0.0124821
2017-05-10 19:55:39,325 - mylogger - INFO - 2014-01-03: No cover!
2017-05-10 19:55:39,791 - mylogger - INFO - 0.00651738
2017-05-10 19:55:39,792 - mylogger - INFO - 2014-01-06: No cover!
2017-05-10 19:55:40,141 - mylogger - INFO - 0.00830858
2017-05-10 19:55:40,142 - mylogger - INFO - 2014-01-07: No cover!
2017-05-10 19:55:40,495 - mylogger - INFO - 0.0222329
2017-05-10 19:55:40,496 - mylogger - INFO - 2014-01-08: No cover!
2017-05-10 19:55:40,818 - mylogger - INFO - 0.0203065
2017-05-10 19:55:40,819 - mylogger - INFO - 2014-01-09: No cover!
2017-05-10 19:55:41,265 - mylogger - INFO - 0.0227
2017-05-10 19:55:41,266 - mylogger - INFO - 2014-01-10: No cover!
2017-05-10 19:55:41,590 - mylogger - INFO - 0.0231282
2017-05-10 19:55:41,591 - mylogger - INFO - 2014-01-13: No cover!
2017-05-10 19:55:41,926 - mylogger - INFO - 0.0176121
2017-05-10 19:55:41,926 - mylogger - INFO - 2014-01-14: No cover!
2017-05-10 19:55:42,350 - mylogger - INFO - 0.018018
2017-05-10 19:55:42,350 - mylogger - INFO - 2014-01-15: No cover!
2017-05-10 19:55:42,676 - mylogger - INFO - 0.00317499
2017-05-10 19:55:42,676 - mylogger - INFO - 2014-01-16: hold
2017-05-10 19:55:42,994 - mylogger - INFO - -0.0101568
2017-05-10 19:55:42,995 - mylogger - INFO - 2014-01-17: sell
2017-05-10 19:55:43,431 - mylogger - INFO - 0.0304682
2017-05-10 19:55:43,432 - mylogger - INFO - 2014-01-21: buy
2017-05-10 19:55:43,432 - mylogger - INFO - 102949.268331
2017-05-10 19:55:43,759 - mylogger - INFO - 0.00170209
2017-05-10 19:55:43,760 - mylogger - INFO - 2014-01-22: hold
2017-05-10 19:55:44,104 - mylogger - INFO - 0.0155502
2017-05-10 19:55:44,105 - mylogger - INFO - 2014-01-23: No cover!
2017-05-10 19:55:44,523 - mylogger - INFO - 0.0219053
2017-05-10 19:55:44,524 - mylogger - INFO - 2014-01-24: No cover!
2017-05-10 19:55:44,855 - mylogger - INFO - 0.0127479
2017-05-10 19:55:44,856 - mylogger - INFO - 2014-01-27: No cover!
2017-05-10 19:55:45,182 - mylogger - INFO - 0.0200983
2017-05-10 19:55:45,183 - mylogger - INFO - 2014-01-28: No cover!
2017-05-10 19:55:45,526 - mylogger - INFO - 0.0117879
2017-05-10 19:55:45,527 - mylogger - INFO - 2014-01-29: No cover!
2017-05-10 19:55:45,960 - mylogger - INFO - 0.0135202
2017-05-10 19:55:45,961 - mylogger - INFO - 2014-01-30: No cover!
2017-05-10 19:55:46,304 - mylogger - INFO - 0.0118386
2017-05-10 19:55:46,305 - mylogger - INFO - 2014-01-31: No cover!
2017-05-10 19:55:46,637 - mylogger - INFO - 0.0108383
2017-05-10 19:55:46,637 - mylogger - INFO - 2014-02-03: No cover!
2017-05-10 19:55:47,063 - mylogger - INFO - 0.00796406
2017-05-10 19:55:47,064 - mylogger - INFO - 2014-02-04: No cover!
2017-05-10 19:55:47,404 - mylogger - INFO - 0.0113092
2017-05-10 19:55:47,405 - mylogger - INFO - 2014-02-05: No cover!
2017-05-10 19:55:47,736 - mylogger - INFO - 0.0115201
2017-05-10 19:55:47,737 - mylogger - INFO - 2014-02-06: No cover!
2017-05-10 19:55:48,180 - mylogger - INFO - -0.0102116
2017-05-10 19:55:48,182 - mylogger - INFO - 2014-02-07: sell
2017-05-10 19:55:48,510 - mylogger - INFO - 0.000802698
2017-05-10 19:55:48,510 - mylogger - INFO - 2014-02-10: hold
2017-05-10 19:55:48,851 - mylogger - INFO - -0.004825
2017-05-10 19:55:48,851 - mylogger - INFO - 2014-02-11: No short!
2017-05-10 19:55:49,279 - mylogger - INFO - 0.0131995
2017-05-10 19:55:49,280 - mylogger - INFO - 2014-02-12: buy
2017-05-10 19:55:49,280 - mylogger - INFO - 90432.4388942
2017-05-10 19:55:49,615 - mylogger - INFO - 0.0149948
2017-05-10 19:55:49,615 - mylogger - INFO - 2014-02-13: No cover!
2017-05-10 19:55:49,932 - mylogger - INFO - 0.0121659
2017-05-10 19:55:49,933 - mylogger - INFO - 2014-02-14: No cover!
2017-05-10 19:55:50,268 - mylogger - INFO - 0.0176679
2017-05-10 19:55:50,269 - mylogger - INFO - 2014-02-18: No cover!
2017-05-10 19:55:50,705 - mylogger - INFO - 0.0102803
2017-05-10 19:55:50,706 - mylogger - INFO - 2014-02-19: No cover!
2017-05-10 19:55:51,039 - mylogger - INFO - 0.00142339
2017-05-10 19:55:51,039 - mylogger - INFO - 2014-02-20: hold
2017-05-10 19:55:51,360 - mylogger - INFO - 0.00891328
2017-05-10 19:55:51,361 - mylogger - INFO - 2014-02-21: No cover!
2017-05-10 19:55:51,803 - mylogger - INFO - -0.00803653
2017-05-10 19:55:51,805 - mylogger - INFO - 2014-02-24: sell
2017-05-10 19:55:52,136 - mylogger - INFO - 0.00716016
2017-05-10 19:55:52,137 - mylogger - INFO - 2014-02-25: buy
2017-05-10 19:55:52,137 - mylogger - INFO - 88503.4150838
2017-05-10 19:55:52,474 - mylogger - INFO - 0.0111226
2017-05-10 19:55:52,475 - mylogger - INFO - 2014-02-26: buy
2017-05-10 19:55:52,476 - mylogger - INFO - 172.453661282
2017-05-10 19:55:52,926 - mylogger - INFO - 0.0183777
2017-05-10 19:55:52,927 - mylogger - INFO - 2014-02-27: No cover!
2017-05-10 19:55:53,263 - mylogger - INFO - 0.00944404
2017-05-10 19:55:53,264 - mylogger - INFO - 2014-02-28: No cover!
2017-05-10 19:55:53,600 - mylogger - INFO - 0.016381
2017-05-10 19:55:53,601 - mylogger - INFO - 2014-03-03: No cover!
2017-05-10 19:55:54,038 - mylogger - INFO - -0.00762482
2017-05-10 19:55:54,039 - mylogger - INFO - 2014-03-04: sell
2017-05-10 19:55:54,373 - mylogger - INFO - -0.000719584
2017-05-10 19:55:54,373 - mylogger - INFO - 2014-03-05: No short!
2017-05-10 19:55:54,704 - mylogger - INFO - -0.000620113
2017-05-10 19:55:54,704 - mylogger - INFO - 2014-03-06: No short!
2017-05-10 19:55:55,037 - mylogger - INFO - 0.00661771
2017-05-10 19:55:55,038 - mylogger - INFO - 2014-03-07: buy
2017-05-10 19:55:55,038 - mylogger - INFO - 90162.0865415
2017-05-10 19:55:55,468 - mylogger - INFO - 0.00588561
2017-05-10 19:55:55,469 - mylogger - INFO - 2014-03-10: buy
2017-05-10 19:55:55,469 - mylogger - INFO - 1169.25182092
2017-05-10 19:55:55,811 - mylogger - INFO - 0.0221835
2017-05-10 19:55:55,812 - mylogger - INFO - 2014-03-11: No cover!
2017-05-10 19:55:56,153 - mylogger - INFO - 0.0093744
2017-05-10 19:55:56,154 - mylogger - INFO - 2014-03-12: No cover!
2017-05-10 19:55:56,589 - mylogger - INFO - 0.0225782
2017-05-10 19:55:56,590 - mylogger - INFO - 2014-03-13: No cover!
2017-05-10 19:55:56,911 - mylogger - INFO - 0.0201405
2017-05-10 19:55:56,911 - mylogger - INFO - 2014-03-14: No cover!
2017-05-10 19:55:57,238 - mylogger - INFO - 0.0114067
2017-05-10 19:55:57,239 - mylogger - INFO - 2014-03-17: No cover!
2017-05-10 19:55:57,673 - mylogger - INFO - 0.0135267
2017-05-10 19:55:57,674 - mylogger - INFO - 2014-03-18: No cover!
2017-05-10 19:55:58,012 - mylogger - INFO - 0.00390133
2017-05-10 19:55:58,012 - mylogger - INFO - 2014-03-19: hold
2017-05-10 19:55:58,334 - mylogger - INFO - 0.00234793
2017-05-10 19:55:58,334 - mylogger - INFO - 2014-03-20: hold
2017-05-10 19:55:58,780 - mylogger - INFO - 0.0108549
2017-05-10 19:55:58,781 - mylogger - INFO - 2014-03-21: No cover!
2017-05-10 19:55:59,101 - mylogger - INFO - 0.0104147
2017-05-10 19:55:59,101 - mylogger - INFO - 2014-03-24: No cover!
2017-05-10 19:55:59,439 - mylogger - INFO - 0.00857035
2017-05-10 19:55:59,440 - mylogger - INFO - 2014-03-25: No cover!
2017-05-10 19:55:59,770 - mylogger - INFO - 0.0110283
2017-05-10 19:55:59,771 - mylogger - INFO - 2014-03-26: No cover!
2017-05-10 19:56:00,206 - mylogger - INFO - 0.0185139
2017-05-10 19:56:00,207 - mylogger - INFO - 2014-03-27: No cover!
2017-05-10 19:56:00,537 - mylogger - INFO - 0.019972
2017-05-10 19:56:00,537 - mylogger - INFO - 2014-03-28: No cover!
2017-05-10 19:56:00,880 - mylogger - INFO - 0.0208974
2017-05-10 19:56:00,880 - mylogger - INFO - 2014-03-31: No cover!
2017-05-10 19:56:01,308 - mylogger - INFO - 0.00165078
2017-05-10 19:56:01,308 - mylogger - INFO - 2014-04-01: hold
2017-05-10 19:56:01,637 - mylogger - INFO - 0.00380832
2017-05-10 19:56:01,637 - mylogger - INFO - 2014-04-02: hold
2017-05-10 19:56:01,961 - mylogger - INFO - 0.0162895
2017-05-10 19:56:01,962 - mylogger - INFO - 2014-04-03: No cover!
2017-05-10 19:56:02,397 - mylogger - INFO - 0.0178145
2017-05-10 19:56:02,397 - mylogger - INFO - 2014-04-04: No cover!
2017-05-10 19:56:02,729 - mylogger - INFO - 0.012957
2017-05-10 19:56:02,730 - mylogger - INFO - 2014-04-07: No cover!
2017-05-10 19:56:03,067 - mylogger - INFO - 0.0172771
2017-05-10 19:56:03,067 - mylogger - INFO - 2014-04-08: No cover!
2017-05-10 19:56:03,496 - mylogger - INFO - 0.00312006
2017-05-10 19:56:03,496 - mylogger - INFO - 2014-04-09: hold
2017-05-10 19:56:03,835 - mylogger - INFO - 0.0100252
2017-05-10 19:56:03,836 - mylogger - INFO - 2014-04-10: No cover!
2017-05-10 19:56:04,178 - mylogger - INFO - 0.010272
2017-05-10 19:56:04,179 - mylogger - INFO - 2014-04-11: No cover!
2017-05-10 19:56:04,511 - mylogger - INFO - 0.0123554
2017-05-10 19:56:04,512 - mylogger - INFO - 2014-04-14: No cover!
2017-05-10 19:56:04,945 - mylogger - INFO - 0.0112954
2017-05-10 19:56:04,945 - mylogger - INFO - 2014-04-15: No cover!
2017-05-10 19:56:05,278 - mylogger - INFO - -0.0147566
2017-05-10 19:56:05,279 - mylogger - INFO - 2014-04-16: sell
2017-05-10 19:56:05,619 - mylogger - INFO - 0.000568878
2017-05-10 19:56:05,619 - mylogger - INFO - 2014-04-17: hold
2017-05-10 19:56:06,049 - mylogger - INFO - -0.0078078
2017-05-10 19:56:06,049 - mylogger - INFO - 2014-04-21: No short!
2017-05-10 19:56:06,384 - mylogger - INFO - -0.0157635
2017-05-10 19:56:06,384 - mylogger - INFO - 2014-04-22: No short!
2017-05-10 19:56:06,709 - mylogger - INFO - 0.00314662
2017-05-10 19:56:06,709 - mylogger - INFO - 2014-04-23: hold
2017-05-10 19:56:07,144 - mylogger - INFO - 0.00181715
2017-05-10 19:56:07,144 - mylogger - INFO - 2014-04-24: hold
2017-05-10 19:56:07,477 - mylogger - INFO - 0.0155749
2017-05-10 19:56:07,478 - mylogger - INFO - 2014-04-25: buy
2017-05-10 19:56:07,478 - mylogger - INFO - 92459.9641711
2017-05-10 19:56:07,825 - mylogger - INFO - 0.00778505
2017-05-10 19:56:07,826 - mylogger - INFO - 2014-04-28: buy
2017-05-10 19:56:07,826 - mylogger - INFO - 1260.01501572
2017-05-10 19:56:08,260 - mylogger - INFO - 0.0126048
2017-05-10 19:56:08,261 - mylogger - INFO - 2014-04-29: No cover!
2017-05-10 19:56:08,626 - mylogger - INFO - 0.00633066
2017-05-10 19:56:08,627 - mylogger - INFO - 2014-04-30: No cover!
2017-05-10 19:56:08,952 - mylogger - INFO - 0.00660303
2017-05-10 19:56:08,953 - mylogger - INFO - 2014-05-01: No cover!
2017-05-10 19:56:09,294 - mylogger - INFO - -0.00432977
2017-05-10 19:56:09,295 - mylogger - INFO - 2014-05-02: sell
2017-05-10 19:56:09,742 - mylogger - INFO - 0.00380331
2017-05-10 19:56:09,742 - mylogger - INFO - 2014-05-05: hold
2017-05-10 19:56:10,085 - mylogger - INFO - 0.00679763
2017-05-10 19:56:10,086 - mylogger - INFO - 2014-05-06: buy
2017-05-10 19:56:10,086 - mylogger - INFO - 98578.1881504
2017-05-10 19:56:10,423 - mylogger - INFO - 0.0185118
2017-05-10 19:56:10,423 - mylogger - INFO - 2014-05-07: No cover!
2017-05-10 19:56:10,859 - mylogger - INFO - 0.00164052
2017-05-10 19:56:10,859 - mylogger - INFO - 2014-05-08: hold
2017-05-10 19:56:11,190 - mylogger - INFO - 0.00660968
2017-05-10 19:56:11,190 - mylogger - INFO - 2014-05-09: No cover!
2017-05-10 19:56:11,526 - mylogger - INFO - 0.00050859
2017-05-10 19:56:11,526 - mylogger - INFO - 2014-05-12: hold
2017-05-10 19:56:11,967 - mylogger - INFO - 0.0124908
2017-05-10 19:56:11,968 - mylogger - INFO - 2014-05-13: No cover!
2017-05-10 19:56:12,292 - mylogger - INFO - 0.0166729
2017-05-10 19:56:12,293 - mylogger - INFO - 2014-05-14: No cover!
2017-05-10 19:56:12,639 - mylogger - INFO - 0.0150028
2017-05-10 19:56:12,640 - mylogger - INFO - 2014-05-15: No cover!
2017-05-10 19:56:13,076 - mylogger - INFO - 0.0296282
2017-05-10 19:56:13,077 - mylogger - INFO - 2014-05-16: No cover!
2017-05-10 19:56:13,414 - mylogger - INFO - 0.0175688
2017-05-10 19:56:13,415 - mylogger - INFO - 2014-05-19: No cover!
2017-05-10 19:56:13,743 - mylogger - INFO - 0.0189973
2017-05-10 19:56:13,744 - mylogger - INFO - 2014-05-20: No cover!
2017-05-10 19:56:14,092 - mylogger - INFO - -0.000617778
2017-05-10 19:56:14,093 - mylogger - INFO - 2014-05-21: sell
2017-05-10 19:56:14,532 - mylogger - INFO - 0.0287224
2017-05-10 19:56:14,533 - mylogger - INFO - 2014-05-22: buy
2017-05-10 19:56:14,534 - mylogger - INFO - 99693.8066786
2017-05-10 19:56:14,872 - mylogger - INFO - 0.00655347
2017-05-10 19:56:14,873 - mylogger - INFO - 2014-05-23: No cover!
2017-05-10 19:56:15,200 - mylogger - INFO - 0.0184024
2017-05-10 19:56:15,201 - mylogger - INFO - 2014-05-27: No cover!
2017-05-10 19:56:15,648 - mylogger - INFO - 0.0231546
2017-05-10 19:56:15,649 - mylogger - INFO - 2014-05-28: No cover!
2017-05-10 19:56:15,976 - mylogger - INFO - 0.0220887
2017-05-10 19:56:15,977 - mylogger - INFO - 2014-05-29: No cover!
2017-05-10 19:56:16,321 - mylogger - INFO - 0.0126658
2017-05-10 19:56:16,322 - mylogger - INFO - 2014-05-30: No cover!
2017-05-10 19:56:16,755 - mylogger - INFO - -0.00029406
2017-05-10 19:56:16,756 - mylogger - INFO - 2014-06-02: sell
2017-05-10 19:56:17,105 - mylogger - INFO - -0.0110252
2017-05-10 19:56:17,105 - mylogger - INFO - 2014-06-03: No short!
2017-05-10 19:56:17,432 - mylogger - INFO - -0.00284019
2017-05-10 19:56:17,432 - mylogger - INFO - 2014-06-04: No short!
2017-05-10 19:56:17,864 - mylogger - INFO - -0.00878178
2017-05-10 19:56:17,865 - mylogger - INFO - 2014-06-05: No short!
2017-05-10 19:56:18,206 - mylogger - INFO - 0.00568242
2017-05-10 19:56:18,207 - mylogger - INFO - 2014-06-06: buy
2017-05-10 19:56:18,207 - mylogger - INFO - 102305.07657
2017-05-10 19:56:18,538 - mylogger - INFO - -0.0007933
2017-05-10 19:56:18,539 - mylogger - INFO - 2014-06-09: sell
2017-05-10 19:56:18,877 - mylogger - INFO - -0.00841118
2017-05-10 19:56:18,877 - mylogger - INFO - 2014-06-10: No short!
2017-05-10 19:56:19,309 - mylogger - INFO - 0.0102885
2017-05-10 19:56:19,309 - mylogger - INFO - 2014-06-11: buy
2017-05-10 19:56:19,310 - mylogger - INFO - 101768.076837
2017-05-10 19:56:19,649 - mylogger - INFO - 0.00920205
2017-05-10 19:56:19,651 - mylogger - INFO - 2014-06-12: buy
2017-05-10 19:56:19,651 - mylogger - INFO - 1451.28585622
2017-05-10 19:56:19,980 - mylogger - INFO - 0.00493567
2017-05-10 19:56:19,980 - mylogger - INFO - 2014-06-13: hold
2017-05-10 19:56:20,421 - mylogger - INFO - -0.00073514
2017-05-10 19:56:20,423 - mylogger - INFO - 2014-06-16: sell
2017-05-10 19:56:20,749 - mylogger - INFO - -0.0064096
2017-05-10 19:56:20,750 - mylogger - INFO - 2014-06-17: No short!
2017-05-10 19:56:21,089 - mylogger - INFO - -0.000169166
2017-05-10 19:56:21,090 - mylogger - INFO - 2014-06-18: No short!
2017-05-10 19:56:21,528 - mylogger - INFO - 0.0072472
2017-05-10 19:56:21,529 - mylogger - INFO - 2014-06-19: buy
2017-05-10 19:56:21,529 - mylogger - INFO - 102063.604625
2017-05-10 19:56:21,869 - mylogger - INFO - 0.00709235
2017-05-10 19:56:21,871 - mylogger - INFO - 2014-06-20: buy
2017-05-10 19:56:21,871 - mylogger - INFO - 594.052851086
2017-05-10 19:56:22,204 - mylogger - INFO - -0.00573088
2017-05-10 19:56:22,205 - mylogger - INFO - 2014-06-23: sell
2017-05-10 19:56:22,652 - mylogger - INFO - 0.00620026
2017-05-10 19:56:22,653 - mylogger - INFO - 2014-06-24: buy
2017-05-10 19:56:22,653 - mylogger - INFO - 98460.7370588
2017-05-10 19:56:22,982 - mylogger - INFO - 0.016967
2017-05-10 19:56:22,984 - mylogger - INFO - 2014-06-25: buy
2017-05-10 19:56:22,984 - mylogger - INFO - 1684.4419143
2017-05-10 19:56:23,329 - mylogger - INFO - 0.00197127
2017-05-10 19:56:23,329 - mylogger - INFO - 2014-06-26: hold
2017-05-10 19:56:23,764 - mylogger - INFO - 0.000610347
2017-05-10 19:56:23,764 - mylogger - INFO - 2014-06-27: hold
2017-05-10 19:56:24,100 - mylogger - INFO - -0.00855383
2017-05-10 19:56:24,101 - mylogger - INFO - 2014-06-30: sell
2017-05-10 19:56:24,436 - mylogger - INFO - 0.0113068
2017-05-10 19:56:24,437 - mylogger - INFO - 2014-07-01: buy
2017-05-10 19:56:24,437 - mylogger - INFO - 99366.6370284
2017-05-10 19:56:24,766 - mylogger - INFO - 0.0229977
2017-05-10 19:56:24,767 - mylogger - INFO - 2014-07-02: buy
2017-05-10 19:56:24,767 - mylogger - INFO - 512.332385179
2017-05-10 19:56:25,200 - mylogger - INFO - 0.00420721
2017-05-10 19:56:25,201 - mylogger - INFO - 2014-07-03: hold
2017-05-10 19:56:25,530 - mylogger - INFO - 0.0055912
2017-05-10 19:56:25,531 - mylogger - INFO - 2014-07-07: No cover!
2017-05-10 19:56:25,862 - mylogger - INFO - 0.00502327
2017-05-10 19:56:25,863 - mylogger - INFO - 2014-07-08: No cover!
2017-05-10 19:56:26,299 - mylogger - INFO - 0.0059062
2017-05-10 19:56:26,299 - mylogger - INFO - 2014-07-09: No cover!
2017-05-10 19:56:26,631 - mylogger - INFO - -0.00727431
2017-05-10 19:56:26,632 - mylogger - INFO - 2014-07-10: sell
2017-05-10 19:56:26,957 - mylogger - INFO - 0.00264275
2017-05-10 19:56:26,957 - mylogger - INFO - 2014-07-11: hold
2017-05-10 19:56:27,389 - mylogger - INFO - -4.88219e-05
2017-05-10 19:56:27,389 - mylogger - INFO - 2014-07-14: No short!
2017-05-10 19:56:27,714 - mylogger - INFO - 0.00591321
2017-05-10 19:56:27,714 - mylogger - INFO - 2014-07-15: buy
2017-05-10 19:56:27,715 - mylogger - INFO - 99378.6009263
2017-05-10 19:56:28,044 - mylogger - INFO - 0.000945154
2017-05-10 19:56:28,044 - mylogger - INFO - 2014-07-16: hold
2017-05-10 19:56:28,470 - mylogger - INFO - -0.000928787
2017-05-10 19:56:28,472 - mylogger - INFO - 2014-07-17: sell
2017-05-10 19:56:28,801 - mylogger - INFO - -0.00992088
2017-05-10 19:56:28,801 - mylogger - INFO - 2014-07-18: No short!
2017-05-10 19:56:29,124 - mylogger - INFO - 0.00863568
2017-05-10 19:56:29,125 - mylogger - INFO - 2014-07-21: buy
2017-05-10 19:56:29,125 - mylogger - INFO - 99535.3021837
2017-05-10 19:56:29,460 - mylogger - INFO - -0.00122572
2017-05-10 19:56:29,461 - mylogger - INFO - 2014-07-22: sell
2017-05-10 19:56:29,889 - mylogger - INFO - 0.00885009
2017-05-10 19:56:29,890 - mylogger - INFO - 2014-07-23: buy
2017-05-10 19:56:29,890 - mylogger - INFO - 97173.0260511
2017-05-10 19:56:30,225 - mylogger - INFO - -0.00435684
2017-05-10 19:56:30,227 - mylogger - INFO - 2014-07-24: sell
2017-05-10 19:56:30,549 - mylogger - INFO - 0.0113323
2017-05-10 19:56:30,550 - mylogger - INFO - 2014-07-25: buy
2017-05-10 19:56:30,551 - mylogger - INFO - 96241.1104403
2017-05-10 19:56:30,993 - mylogger - INFO - 0.0135225
2017-05-10 19:56:30,994 - mylogger - INFO - 2014-07-28: buy
2017-05-10 19:56:30,994 - mylogger - INFO - 122.507193847
2017-05-10 19:56:31,319 - mylogger - INFO - 0.00567559
2017-05-10 19:56:31,320 - mylogger - INFO - 2014-07-29: No cover!
2017-05-10 19:56:31,659 - mylogger - INFO - 0.00565992
2017-05-10 19:56:31,660 - mylogger - INFO - 2014-07-30: No cover!
2017-05-10 19:56:32,081 - mylogger - INFO - -0.00614765
2017-05-10 19:56:32,082 - mylogger - INFO - 2014-07-31: sell
2017-05-10 19:56:32,420 - mylogger - INFO - -0.0130327
2017-05-10 19:56:32,421 - mylogger - INFO - 2014-08-01: No short!
2017-05-10 19:56:32,738 - mylogger - INFO - -0.00645252
2017-05-10 19:56:32,738 - mylogger - INFO - 2014-08-04: No short!
2017-05-10 19:56:33,177 - mylogger - INFO - -0.0054156
2017-05-10 19:56:33,177 - mylogger - INFO - 2014-08-05: No short!
2017-05-10 19:56:33,500 - mylogger - INFO - -0.00144732
2017-05-10 19:56:33,500 - mylogger - INFO - 2014-08-06: No short!
2017-05-10 19:56:33,828 - mylogger - INFO - -0.00983548
2017-05-10 19:56:33,829 - mylogger - INFO - 2014-08-07: No short!
2017-05-10 19:56:34,150 - mylogger - INFO - -0.0199884
2017-05-10 19:56:34,150 - mylogger - INFO - 2014-08-08: No short!
2017-05-10 19:56:34,600 - mylogger - INFO - 0.00216397
2017-05-10 19:56:34,600 - mylogger - INFO - 2014-08-11: hold
2017-05-10 19:56:34,920 - mylogger - INFO - 0.0084182
2017-05-10 19:56:34,921 - mylogger - INFO - 2014-08-12: buy
2017-05-10 19:56:34,921 - mylogger - INFO - 92605.6378343
2017-05-10 19:56:35,246 - mylogger - INFO - 0.00744773
2017-05-10 19:56:35,247 - mylogger - INFO - 2014-08-13: No cover!
2017-05-10 19:56:35,671 - mylogger - INFO - 0.00711029
2017-05-10 19:56:35,672 - mylogger - INFO - 2014-08-14: No cover!
2017-05-10 19:56:36,003 - mylogger - INFO - 0.00858791
2017-05-10 19:56:36,003 - mylogger - INFO - 2014-08-15: No cover!
2017-05-10 19:56:36,328 - mylogger - INFO - 0.00135401
2017-05-10 19:56:36,328 - mylogger - INFO - 2014-08-18: hold
2017-05-10 19:56:36,755 - mylogger - INFO - 0.00417355
2017-05-10 19:56:36,755 - mylogger - INFO - 2014-08-19: hold
2017-05-10 19:56:37,080 - mylogger - INFO - -0.00487526
2017-05-10 19:56:37,081 - mylogger - INFO - 2014-08-20: sell
2017-05-10 19:56:37,459 - mylogger - INFO - 0.00699601
2017-05-10 19:56:37,460 - mylogger - INFO - 2014-08-21: buy
2017-05-10 19:56:37,460 - mylogger - INFO - 96833.0543077
2017-05-10 19:56:37,891 - mylogger - INFO - 0.00261172
2017-05-10 19:56:37,891 - mylogger - INFO - 2014-08-22: hold
2017-05-10 19:56:38,215 - mylogger - INFO - 0.00483455
2017-05-10 19:56:38,215 - mylogger - INFO - 2014-08-25: hold
2017-05-10 19:56:38,546 - mylogger - INFO - 0.00118519
2017-05-10 19:56:38,546 - mylogger - INFO - 2014-08-26: hold
2017-05-10 19:56:38,872 - mylogger - INFO - -0.00290419
2017-05-10 19:56:38,873 - mylogger - INFO - 2014-08-27: sell
2017-05-10 19:56:39,318 - mylogger - INFO - 0.0116984
2017-05-10 19:56:39,319 - mylogger - INFO - 2014-08-28: buy
2017-05-10 19:56:39,320 - mylogger - INFO - 96555.2395915
2017-05-10 19:56:39,636 - mylogger - INFO - 0.0029848
2017-05-10 19:56:39,636 - mylogger - INFO - 2014-08-29: hold
2017-05-10 19:56:39,975 - mylogger - INFO - 0.00811757
2017-05-10 19:56:39,976 - mylogger - INFO - 2014-09-02: buy
2017-05-10 19:56:39,977 - mylogger - INFO - 335.441806914
2017-05-10 19:56:40,408 - mylogger - INFO - 0.0117509
2017-05-10 19:56:40,409 - mylogger - INFO - 2014-09-03: No cover!
2017-05-10 19:56:40,748 - mylogger - INFO - 0.0110322
2017-05-10 19:56:40,749 - mylogger - INFO - 2014-09-04: No cover!
2017-05-10 19:56:41,064 - mylogger - INFO - 0.0114945
2017-05-10 19:56:41,065 - mylogger - INFO - 2014-09-05: No cover!
2017-05-10 19:56:41,503 - mylogger - INFO - 0.0179684
2017-05-10 19:56:41,504 - mylogger - INFO - 2014-09-08: No cover!
2017-05-10 19:56:41,822 - mylogger - INFO - 0.00563026
2017-05-10 19:56:41,823 - mylogger - INFO - 2014-09-09: No cover!
2017-05-10 19:56:42,150 - mylogger - INFO - 0.0245175
2017-05-10 19:56:42,150 - mylogger - INFO - 2014-09-10: No cover!
2017-05-10 19:56:42,614 - mylogger - INFO - 0.00738249
2017-05-10 19:56:42,614 - mylogger - INFO - 2014-09-11: No cover!
2017-05-10 19:56:42,948 - mylogger - INFO - 0.0154373
2017-05-10 19:56:42,949 - mylogger - INFO - 2014-09-12: No cover!
2017-05-10 19:56:43,291 - mylogger - INFO - 0.0199302
2017-05-10 19:56:43,291 - mylogger - INFO - 2014-09-15: No cover!
2017-05-10 19:56:43,629 - mylogger - INFO - 0.0235059
2017-05-10 19:56:43,629 - mylogger - INFO - 2014-09-16: No cover!
2017-05-10 19:56:44,079 - mylogger - INFO - 0.000304058
2017-05-10 19:56:44,079 - mylogger - INFO - 2014-09-17: hold
2017-05-10 19:56:44,441 - mylogger - INFO - 0.00162959
2017-05-10 19:56:44,441 - mylogger - INFO - 2014-09-18: hold
2017-05-10 19:56:44,820 - mylogger - INFO - 0.00185844
2017-05-10 19:56:44,820 - mylogger - INFO - 2014-09-19: hold
2017-05-10 19:56:45,276 - mylogger - INFO - 0.00439641
2017-05-10 19:56:45,276 - mylogger - INFO - 2014-09-22: hold
2017-05-10 19:56:45,624 - mylogger - INFO - 0.0227111
2017-05-10 19:56:45,625 - mylogger - INFO - 2014-09-23: No cover!
2017-05-10 19:56:45,943 - mylogger - INFO - 0.0133583
2017-05-10 19:56:45,944 - mylogger - INFO - 2014-09-24: No cover!
2017-05-10 19:56:46,383 - mylogger - INFO - 0.000368402
2017-05-10 19:56:46,384 - mylogger - INFO - 2014-09-25: hold
2017-05-10 19:56:46,739 - mylogger - INFO - 0.00866281
2017-05-10 19:56:46,740 - mylogger - INFO - 2014-09-26: No cover!
2017-05-10 19:56:47,106 - mylogger - INFO - 0.000899818
2017-05-10 19:56:47,106 - mylogger - INFO - 2014-09-29: hold
2017-05-10 19:56:47,551 - mylogger - INFO - 0.0129604
2017-05-10 19:56:47,552 - mylogger - INFO - 2014-09-30: No cover!
2017-05-10 19:56:47,891 - mylogger - INFO - 0.00565474
2017-05-10 19:56:47,891 - mylogger - INFO - 2014-10-01: No cover!
2017-05-10 19:56:48,221 - mylogger - INFO - 0.0135122
2017-05-10 19:56:48,222 - mylogger - INFO - 2014-10-02: No cover!
2017-05-10 19:56:48,559 - mylogger - INFO - 0.00903897
2017-05-10 19:56:48,559 - mylogger - INFO - 2014-10-03: No cover!
2017-05-10 19:56:49,005 - mylogger - INFO - 0.00375773
2017-05-10 19:56:49,005 - mylogger - INFO - 2014-10-06: hold
2017-05-10 19:56:49,355 - mylogger - INFO - 0.012659
2017-05-10 19:56:49,356 - mylogger - INFO - 2014-10-07: No cover!
2017-05-10 19:56:49,687 - mylogger - INFO - 0.00904381
2017-05-10 19:56:49,688 - mylogger - INFO - 2014-10-08: No cover!
2017-05-10 19:56:50,124 - mylogger - INFO - -0.00908844
2017-05-10 19:56:50,125 - mylogger - INFO - 2014-10-09: sell
2017-05-10 19:56:50,472 - mylogger - INFO - 0.0138576
2017-05-10 19:56:50,473 - mylogger - INFO - 2014-10-10: buy
2017-05-10 19:56:50,473 - mylogger - INFO - 89131.9188281
2017-05-10 19:56:50,828 - mylogger - INFO - -0.00538919
2017-05-10 19:56:50,830 - mylogger - INFO - 2014-10-13: sell
2017-05-10 19:56:51,315 - mylogger - INFO - -0.00704967
2017-05-10 19:56:51,316 - mylogger - INFO - 2014-10-14: No short!
2017-05-10 19:56:51,666 - mylogger - INFO - -0.00976737
2017-05-10 19:56:51,666 - mylogger - INFO - 2014-10-15: No short!
2017-05-10 19:56:52,002 - mylogger - INFO - 0.00305342
2017-05-10 19:56:52,003 - mylogger - INFO - 2014-10-16: hold
2017-05-10 19:56:52,438 - mylogger - INFO - 0.00301337
2017-05-10 19:56:52,438 - mylogger - INFO - 2014-10-17: hold
2017-05-10 19:56:52,774 - mylogger - INFO - 0.00785581
2017-05-10 19:56:52,775 - mylogger - INFO - 2014-10-20: buy
2017-05-10 19:56:52,775 - mylogger - INFO - 90468.3542519
2017-05-10 19:56:53,116 - mylogger - INFO - 0.00157285
2017-05-10 19:56:53,117 - mylogger - INFO - 2014-10-21: hold
2017-05-10 19:56:53,566 - mylogger - INFO - -0.00256354
2017-05-10 19:56:53,568 - mylogger - INFO - 2014-10-22: sell
2017-05-10 19:56:53,962 - mylogger - INFO - 0.000958776
2017-05-10 19:56:53,962 - mylogger - INFO - 2014-10-23: hold
2017-05-10 19:56:54,344 - mylogger - INFO - 0.005733
2017-05-10 19:56:54,346 - mylogger - INFO - 2014-10-24: buy
2017-05-10 19:56:54,346 - mylogger - INFO - 86755.341318
2017-05-10 19:56:54,692 - mylogger - INFO - 0.018629
2017-05-10 19:56:54,694 - mylogger - INFO - 2014-10-27: buy
2017-05-10 19:56:54,694 - mylogger - INFO - 105.570009572
2017-05-10 19:56:55,128 - mylogger - INFO - 0.00683554
2017-05-10 19:56:55,129 - mylogger - INFO - 2014-10-28: No cover!
2017-05-10 19:56:55,495 - mylogger - INFO - 0.0107996
2017-05-10 19:56:55,496 - mylogger - INFO - 2014-10-29: No cover!
2017-05-10 19:56:55,835 - mylogger - INFO - 0.00665998
2017-05-10 19:56:55,836 - mylogger - INFO - 2014-10-30: No cover!
2017-05-10 19:56:56,279 - mylogger - INFO - 0.00680969
2017-05-10 19:56:56,280 - mylogger - INFO - 2014-10-31: No cover!
2017-05-10 19:56:56,676 - mylogger - INFO - -0.00118058
2017-05-10 19:56:56,677 - mylogger - INFO - 2014-11-03: sell
2017-05-10 19:56:57,033 - mylogger - INFO - -0.0085912
2017-05-10 19:56:57,034 - mylogger - INFO - 2014-11-04: No short!
2017-05-10 19:56:57,492 - mylogger - INFO - -0.00252804
2017-05-10 19:56:57,493 - mylogger - INFO - 2014-11-05: No short!
2017-05-10 19:56:57,842 - mylogger - INFO - -0.0101948
2017-05-10 19:56:57,842 - mylogger - INFO - 2014-11-06: No short!
2017-05-10 19:56:58,191 - mylogger - INFO - -0.00026415
2017-05-10 19:56:58,191 - mylogger - INFO - 2014-11-07: No short!
2017-05-10 19:56:58,646 - mylogger - INFO - 0.00319363
2017-05-10 19:56:58,647 - mylogger - INFO - 2014-11-10: hold
2017-05-10 19:56:58,991 - mylogger - INFO - 0.00426597
2017-05-10 19:56:58,991 - mylogger - INFO - 2014-11-11: hold
2017-05-10 19:56:59,327 - mylogger - INFO - 0.000200115
2017-05-10 19:56:59,327 - mylogger - INFO - 2014-11-12: hold
2017-05-10 19:56:59,769 - mylogger - INFO - 0.000724799
2017-05-10 19:56:59,769 - mylogger - INFO - 2014-11-13: hold
2017-05-10 19:57:00,114 - mylogger - INFO - 0.00395598
2017-05-10 19:57:00,115 - mylogger - INFO - 2014-11-14: hold
2017-05-10 19:57:00,466 - mylogger - INFO - 0.01993
2017-05-10 19:57:00,467 - mylogger - INFO - 2014-11-17: buy
2017-05-10 19:57:00,467 - mylogger - INFO - 90953.9600425
2017-05-10 19:57:00,807 - mylogger - INFO - -0.00570325
2017-05-10 19:57:00,808 - mylogger - INFO - 2014-11-18: sell
2017-05-10 19:57:01,256 - mylogger - INFO - -0.00562245
2017-05-10 19:57:01,256 - mylogger - INFO - 2014-11-19: No short!
2017-05-10 19:57:01,594 - mylogger - INFO - -0.0067242
2017-05-10 19:57:01,595 - mylogger - INFO - 2014-11-20: No short!
2017-05-10 19:57:01,926 - mylogger - INFO - -0.0119408
2017-05-10 19:57:01,926 - mylogger - INFO - 2014-11-21: No short!
2017-05-10 19:57:02,363 - mylogger - INFO - 0.0254983
2017-05-10 19:57:02,364 - mylogger - INFO - 2014-11-24: buy
2017-05-10 19:57:02,364 - mylogger - INFO - 91615.228692
2017-05-10 19:57:02,694 - mylogger - INFO - 0.0237162
2017-05-10 19:57:02,695 - mylogger - INFO - 2014-11-25: No cover!
2017-05-10 19:57:03,022 - mylogger - INFO - -0.00584212
2017-05-10 19:57:03,024 - mylogger - INFO - 2014-11-26: sell
2017-05-10 19:57:03,459 - mylogger - INFO - 0.0023308
2017-05-10 19:57:03,459 - mylogger - INFO - 2014-11-28: hold
2017-05-10 19:57:03,796 - mylogger - INFO - 0.00945929
2017-05-10 19:57:03,797 - mylogger - INFO - 2014-12-01: buy
2017-05-10 19:57:03,797 - mylogger - INFO - 91298.3389297
2017-05-10 19:57:04,130 - mylogger - INFO - -0.00146803
2017-05-10 19:57:04,131 - mylogger - INFO - 2014-12-02: sell
2017-05-10 19:57:04,578 - mylogger - INFO - 0.00186545
2017-05-10 19:57:04,578 - mylogger - INFO - 2014-12-03: hold
2017-05-10 19:57:04,901 - mylogger - INFO - -0.000586373
2017-05-10 19:57:04,902 - mylogger - INFO - 2014-12-04: No short!
2017-05-10 19:57:05,231 - mylogger - INFO - 0.00285018
2017-05-10 19:57:05,231 - mylogger - INFO - 2014-12-05: hold
2017-05-10 19:57:05,552 - mylogger - INFO - 0.0112878
2017-05-10 19:57:05,553 - mylogger - INFO - 2014-12-08: buy
2017-05-10 19:57:05,553 - mylogger - INFO - 91073.5951211
2017-05-10 19:57:06,001 - mylogger - INFO - 0.00585117
2017-05-10 19:57:06,002 - mylogger - INFO - 2014-12-09: buy
2017-05-10 19:57:06,002 - mylogger - INFO - 477.896982777
2017-05-10 19:57:06,334 - mylogger - INFO - 0.0131179
2017-05-10 19:57:06,335 - mylogger - INFO - 2014-12-10: No cover!
2017-05-10 19:57:06,677 - mylogger - INFO - 0.00195634
2017-05-10 19:57:06,677 - mylogger - INFO - 2014-12-11: hold
2017-05-10 19:57:07,114 - mylogger - INFO - 0.00249231
2017-05-10 19:57:07,115 - mylogger - INFO - 2014-12-12: hold
2017-05-10 19:57:07,443 - mylogger - INFO - -0.0123964
2017-05-10 19:57:07,445 - mylogger - INFO - 2014-12-15: sell
2017-05-10 19:57:07,765 - mylogger - INFO - -0.000538787
2017-05-10 19:57:07,765 - mylogger - INFO - 2014-12-16: No short!
2017-05-10 19:57:08,198 - mylogger - INFO - -0.00720678
2017-05-10 19:57:08,199 - mylogger - INFO - 2014-12-17: No short!
2017-05-10 19:57:08,529 - mylogger - INFO - 0.000688061
2017-05-10 19:57:08,529 - mylogger - INFO - 2014-12-18: hold
2017-05-10 19:57:08,862 - mylogger - INFO - -0.00833313
2017-05-10 19:57:08,862 - mylogger - INFO - 2014-12-19: No short!
2017-05-10 19:57:09,298 - mylogger - INFO - -0.00231308
2017-05-10 19:57:09,298 - mylogger - INFO - 2014-12-22: No short!
2017-05-10 19:57:09,638 - mylogger - INFO - -0.00767237
2017-05-10 19:57:09,638 - mylogger - INFO - 2014-12-23: No short!
2017-05-10 19:57:09,969 - mylogger - INFO - -0.00445894
2017-05-10 19:57:09,969 - mylogger - INFO - 2014-12-24: No short!
2017-05-10 19:57:10,299 - mylogger - INFO - 0.00361456
2017-05-10 19:57:10,299 - mylogger - INFO - 2014-12-26: hold
2017-05-10 19:57:10,744 - mylogger - INFO - -0.000979104
2017-05-10 19:57:10,744 - mylogger - INFO - 2014-12-29: No short!
2017-05-10 19:57:11,074 - mylogger - INFO - -0.00855011
2017-05-10 19:57:11,074 - mylogger - INFO - 2014-12-30: No short!
2017-05-10 19:57:11,405 - mylogger - INFO - -0.0109361
2017-05-10 19:57:11,406 - mylogger - INFO - 2014-12-31: No short!
2017-05-10 19:57:11,828 - mylogger - INFO - -0.00558376
2017-05-10 19:57:11,828 - mylogger - INFO - 2015-01-02: No short!
2017-05-10 19:57:12,161 - mylogger - INFO - -0.0191534
2017-05-10 19:57:12,161 - mylogger - INFO - 2015-01-05: No short!
2017-05-10 19:57:12,492 - mylogger - INFO - -0.0208482
2017-05-10 19:57:12,492 - mylogger - INFO - 2015-01-06: No short!
2017-05-10 19:57:12,928 - mylogger - INFO - -0.0253283
2017-05-10 19:57:12,929 - mylogger - INFO - 2015-01-07: No short!
2017-05-10 19:57:13,246 - mylogger - INFO - -0.036871
2017-05-10 19:57:13,246 - mylogger - INFO - 2015-01-08: No short!
2017-05-10 19:57:13,584 - mylogger - INFO - -0.0146801
2017-05-10 19:57:13,584 - mylogger - INFO - 2015-01-09: No short!
2017-05-10 19:57:14,016 - mylogger - INFO - -0.0192409
2017-05-10 19:57:14,016 - mylogger - INFO - 2015-01-12: No short!
2017-05-10 19:57:14,350 - mylogger - INFO - -0.00744351
2017-05-10 19:57:14,351 - mylogger - INFO - 2015-01-13: No short!
2017-05-10 19:57:14,675 - mylogger - INFO - 0.00903171
2017-05-10 19:57:14,676 - mylogger - INFO - 2015-01-14: buy
2017-05-10 19:57:14,676 - mylogger - INFO - 86997.7323961
2017-05-10 19:57:15,007 - mylogger - INFO - 0.00502175
2017-05-10 19:57:15,008 - mylogger - INFO - 2015-01-15: buy
2017-05-10 19:57:15,008 - mylogger - INFO - 205.436381298
2017-05-10 19:57:15,479 - mylogger - INFO - -0.0108472
2017-05-10 19:57:15,481 - mylogger - INFO - 2015-01-16: sell
2017-05-10 19:57:15,799 - mylogger - INFO - 0.00484505
2017-05-10 19:57:15,800 - mylogger - INFO - 2015-01-20: hold
2017-05-10 19:57:16,117 - mylogger - INFO - -0.00814502
2017-05-10 19:57:16,118 - mylogger - INFO - 2015-01-21: No short!
2017-05-10 19:57:16,555 - mylogger - INFO - -0.00675211
2017-05-10 19:57:16,555 - mylogger - INFO - 2015-01-22: No short!
2017-05-10 19:57:16,887 - mylogger - INFO - 0.0105473
2017-05-10 19:57:16,888 - mylogger - INFO - 2015-01-23: buy
2017-05-10 19:57:16,888 - mylogger - INFO - 87990.3855173
2017-05-10 19:57:17,222 - mylogger - INFO - -0.000977635
2017-05-10 19:57:17,223 - mylogger - INFO - 2015-01-26: sell
2017-05-10 19:57:17,661 - mylogger - INFO - 0.00523167
2017-05-10 19:57:17,662 - mylogger - INFO - 2015-01-27: buy
2017-05-10 19:57:17,662 - mylogger - INFO - 86941.8850818
2017-05-10 19:57:17,995 - mylogger - INFO - 0.0174569
2017-05-10 19:57:17,996 - mylogger - INFO - 2015-01-28: No cover!
2017-05-10 19:57:18,319 - mylogger - INFO - 0.0009242
2017-05-10 19:57:18,319 - mylogger - INFO - 2015-01-29: hold
2017-05-10 19:57:18,745 - mylogger - INFO - 0.013186
2017-05-10 19:57:18,746 - mylogger - INFO - 2015-01-30: No cover!
2017-05-10 19:57:19,079 - mylogger - INFO - -0.000871589
2017-05-10 19:57:19,080 - mylogger - INFO - 2015-02-02: sell
2017-05-10 19:57:19,420 - mylogger - INFO - 0.0145133
2017-05-10 19:57:19,421 - mylogger - INFO - 2015-02-03: buy
2017-05-10 19:57:19,421 - mylogger - INFO - 91979.8737871
2017-05-10 19:57:19,746 - mylogger - INFO - 0.0109264
2017-05-10 19:57:19,747 - mylogger - INFO - 2015-02-04: buy
2017-05-10 19:57:19,748 - mylogger - INFO - 131.728485274
2017-05-10 19:57:20,193 - mylogger - INFO - 0.0110764
2017-05-10 19:57:20,194 - mylogger - INFO - 2015-02-05: No cover!
2017-05-10 19:57:20,535 - mylogger - INFO - 0.0226325
2017-05-10 19:57:20,536 - mylogger - INFO - 2015-02-06: No cover!
2017-05-10 19:57:20,871 - mylogger - INFO - 0.0195481
2017-05-10 19:57:20,872 - mylogger - INFO - 2015-02-09: No cover!
2017-05-10 19:57:21,336 - mylogger - INFO - 0.0117799
2017-05-10 19:57:21,337 - mylogger - INFO - 2015-02-10: No cover!
2017-05-10 19:57:21,691 - mylogger - INFO - 0.0100364
2017-05-10 19:57:21,692 - mylogger - INFO - 2015-02-11: No cover!
2017-05-10 19:57:22,032 - mylogger - INFO - 0.00979797
2017-05-10 19:57:22,033 - mylogger - INFO - 2015-02-12: No cover!
2017-05-10 19:57:22,559 - mylogger - INFO - 0.0185377
2017-05-10 19:57:22,560 - mylogger - INFO - 2015-02-13: No cover!
2017-05-10 19:57:23,133 - mylogger - INFO - 0.0135974
2017-05-10 19:57:23,134 - mylogger - INFO - 2015-02-17: No cover!
2017-05-10 19:57:23,705 - mylogger - INFO - 0.0086186
2017-05-10 19:57:23,708 - mylogger - INFO - 2015-02-18: No cover!
2017-05-10 19:57:24,272 - mylogger - INFO - 0.01698
2017-05-10 19:57:24,273 - mylogger - INFO - 2015-02-19: No cover!
2017-05-10 19:57:24,621 - mylogger - INFO - 0.0163271
2017-05-10 19:57:24,622 - mylogger - INFO - 2015-02-20: No cover!
2017-05-10 19:57:24,995 - mylogger - INFO - 0.0108891
2017-05-10 19:57:24,996 - mylogger - INFO - 2015-02-23: No cover!
2017-05-10 19:57:25,328 - mylogger - INFO - 0.0122868
2017-05-10 19:57:25,329 - mylogger - INFO - 2015-02-24: No cover!
2017-05-10 19:57:25,776 - mylogger - INFO - 0.0121184
2017-05-10 19:57:25,777 - mylogger - INFO - 2015-02-25: No cover!
2017-05-10 19:57:26,124 - mylogger - INFO - 0.0151329
2017-05-10 19:57:26,125 - mylogger - INFO - 2015-02-26: No cover!
2017-05-10 19:57:26,465 - mylogger - INFO - 0.0114678
2017-05-10 19:57:26,466 - mylogger - INFO - 2015-02-27: No cover!
2017-05-10 19:57:26,923 - mylogger - INFO - 0.0253509
2017-05-10 19:57:26,924 - mylogger - INFO - 2015-03-02: No cover!
2017-05-10 19:57:27,258 - mylogger - INFO - 0.010119
2017-05-10 19:57:27,259 - mylogger - INFO - 2015-03-03: No cover!
2017-05-10 19:57:27,594 - mylogger - INFO - 0.0205394
2017-05-10 19:57:27,595 - mylogger - INFO - 2015-03-04: No cover!
2017-05-10 19:57:28,098 - mylogger - INFO - 0.00664906
2017-05-10 19:57:28,099 - mylogger - INFO - 2015-03-05: No cover!
2017-05-10 19:57:28,467 - mylogger - INFO - 0.0153002
2017-05-10 19:57:28,467 - mylogger - INFO - 2015-03-06: No cover!
2017-05-10 19:57:28,789 - mylogger - INFO - 0.0190175
2017-05-10 19:57:28,790 - mylogger - INFO - 2015-03-09: No cover!
2017-05-10 19:57:29,209 - mylogger - INFO - 0.014764
2017-05-10 19:57:29,210 - mylogger - INFO - 2015-03-10: No cover!
2017-05-10 19:57:29,542 - mylogger - INFO - 0.0158012
2017-05-10 19:57:29,543 - mylogger - INFO - 2015-03-11: No cover!
2017-05-10 19:57:29,873 - mylogger - INFO - 0.015228
2017-05-10 19:57:29,874 - mylogger - INFO - 2015-03-12: No cover!
2017-05-10 19:57:30,273 - mylogger - INFO - 0.0188026
2017-05-10 19:57:30,274 - mylogger - INFO - 2015-03-13: No cover!
2017-05-10 19:57:30,728 - mylogger - INFO - 0.00188445
2017-05-10 19:57:30,728 - mylogger - INFO - 2015-03-16: hold
2017-05-10 19:57:31,200 - mylogger - INFO - 0.0110997
2017-05-10 19:57:31,201 - mylogger - INFO - 2015-03-17: No cover!
2017-05-10 19:57:31,528 - mylogger - INFO - 0.0173749
2017-05-10 19:57:31,528 - mylogger - INFO - 2015-03-18: No cover!
2017-05-10 19:57:31,956 - mylogger - INFO - 0.00751248
2017-05-10 19:57:31,957 - mylogger - INFO - 2015-03-19: No cover!
2017-05-10 19:57:32,291 - mylogger - INFO - 0.0148629
2017-05-10 19:57:32,292 - mylogger - INFO - 2015-03-20: No cover!
2017-05-10 19:57:32,634 - mylogger - INFO - 0.0199096
2017-05-10 19:57:32,634 - mylogger - INFO - 2015-03-23: No cover!
2017-05-10 19:57:33,068 - mylogger - INFO - 0.0151317
2017-05-10 19:57:33,068 - mylogger - INFO - 2015-03-24: No cover!
2017-05-10 19:57:33,418 - mylogger - INFO - 0.0084807
2017-05-10 19:57:33,419 - mylogger - INFO - 2015-03-25: No cover!
2017-05-10 19:57:33,785 - mylogger - INFO - 0.0242233
2017-05-10 19:57:33,786 - mylogger - INFO - 2015-03-26: No cover!
2017-05-10 19:57:34,256 - mylogger - INFO - 0.0187826
2017-05-10 19:57:34,257 - mylogger - INFO - 2015-03-27: No cover!
2017-05-10 19:57:34,598 - mylogger - INFO - 0.0129655
2017-05-10 19:57:34,599 - mylogger - INFO - 2015-03-30: No cover!
2017-05-10 19:57:34,933 - mylogger - INFO - 0.00591179
2017-05-10 19:57:34,934 - mylogger - INFO - 2015-03-31: No cover!
2017-05-10 19:57:35,383 - mylogger - INFO - 0.0124559
2017-05-10 19:57:35,384 - mylogger - INFO - 2015-04-01: No cover!
2017-05-10 19:57:35,715 - mylogger - INFO - 0.00572133
2017-05-10 19:57:35,716 - mylogger - INFO - 2015-04-02: No cover!
2017-05-10 19:57:36,062 - mylogger - INFO - 0.00874605
2017-05-10 19:57:36,063 - mylogger - INFO - 2015-04-06: No cover!
2017-05-10 19:57:36,399 - mylogger - INFO - 0.00711314
2017-05-10 19:57:36,400 - mylogger - INFO - 2015-04-07: No cover!
2017-05-10 19:57:36,830 - mylogger - INFO - -0.00139404
2017-05-10 19:57:36,831 - mylogger - INFO - 2015-04-08: sell
2017-05-10 19:57:37,145 - mylogger - INFO - 0.00760956
2017-05-10 19:57:37,146 - mylogger - INFO - 2015-04-09: buy
2017-05-10 19:57:37,146 - mylogger - INFO - 100018.621901
2017-05-10 19:57:37,454 - mylogger - INFO - 0.0111091
2017-05-10 19:57:37,455 - mylogger - INFO - 2015-04-10: No cover!
2017-05-10 19:57:37,851 - mylogger - INFO - 0.03102
2017-05-10 19:57:37,851 - mylogger - INFO - 2015-04-13: No cover!
2017-05-10 19:57:38,157 - mylogger - INFO - 0.0240238
2017-05-10 19:57:38,158 - mylogger - INFO - 2015-04-14: No cover!
2017-05-10 19:57:38,458 - mylogger - INFO - 0.0309131
2017-05-10 19:57:38,459 - mylogger - INFO - 2015-04-15: No cover!
2017-05-10 19:57:38,847 - mylogger - INFO - 0.0274932
2017-05-10 19:57:38,848 - mylogger - INFO - 2015-04-16: No cover!
2017-05-10 19:57:39,149 - mylogger - INFO - 0.0219828
2017-05-10 19:57:39,149 - mylogger - INFO - 2015-04-17: No cover!
2017-05-10 19:57:39,443 - mylogger - INFO - 0.0140565
2017-05-10 19:57:39,444 - mylogger - INFO - 2015-04-20: No cover!
2017-05-10 19:57:39,844 - mylogger - INFO - 0.0104432
2017-05-10 19:57:39,844 - mylogger - INFO - 2015-04-21: No cover!
2017-05-10 19:57:40,147 - mylogger - INFO - 0.00711518
2017-05-10 19:57:40,148 - mylogger - INFO - 2015-04-22: No cover!
2017-05-10 19:57:40,443 - mylogger - INFO - -0.00386385
2017-05-10 19:57:40,445 - mylogger - INFO - 2015-04-23: sell
2017-05-10 19:57:40,739 - mylogger - INFO - 0.00851624
2017-05-10 19:57:40,740 - mylogger - INFO - 2015-04-24: buy
2017-05-10 19:57:40,740 - mylogger - INFO - 96113.8458442
2017-05-10 19:57:41,143 - mylogger - INFO - 0.0136141
2017-05-10 19:57:41,145 - mylogger - INFO - 2015-04-27: buy
2017-05-10 19:57:41,145 - mylogger - INFO - 412.460830466
2017-05-10 19:57:41,441 - mylogger - INFO - 0.00703664
2017-05-10 19:57:41,442 - mylogger - INFO - 2015-04-28: No cover!
2017-05-10 19:57:41,737 - mylogger - INFO - 0.015276
2017-05-10 19:57:41,738 - mylogger - INFO - 2015-04-29: No cover!
2017-05-10 19:57:42,124 - mylogger - INFO - 0.0201405
2017-05-10 19:57:42,125 - mylogger - INFO - 2015-04-30: No cover!
2017-05-10 19:57:42,421 - mylogger - INFO - 0.0209189
2017-05-10 19:57:42,422 - mylogger - INFO - 2015-05-01: No cover!
2017-05-10 19:57:42,718 - mylogger - INFO - 0.00948828
2017-05-10 19:57:42,719 - mylogger - INFO - 2015-05-04: No cover!
2017-05-10 19:57:43,118 - mylogger - INFO - -0.00567123
2017-05-10 19:57:43,119 - mylogger - INFO - 2015-05-05: sell
2017-05-10 19:57:43,417 - mylogger - INFO - 0.00467928
2017-05-10 19:57:43,417 - mylogger - INFO - 2015-05-06: hold
2017-05-10 19:57:43,711 - mylogger - INFO - 0.0108609
2017-05-10 19:57:43,711 - mylogger - INFO - 2015-05-07: buy
2017-05-10 19:57:43,712 - mylogger - INFO - 88687.0863617
2017-05-10 19:57:44,103 - mylogger - INFO - 0.00311992
2017-05-10 19:57:44,104 - mylogger - INFO - 2015-05-08: hold
2017-05-10 19:57:44,400 - mylogger - INFO - 0.0144177
2017-05-10 19:57:44,401 - mylogger - INFO - 2015-05-11: No cover!
2017-05-10 19:57:44,701 - mylogger - INFO - 0.0149855
2017-05-10 19:57:44,702 - mylogger - INFO - 2015-05-12: No cover!
2017-05-10 19:57:45,030 - mylogger - INFO - 0.0144282
2017-05-10 19:57:45,031 - mylogger - INFO - 2015-05-13: No cover!
2017-05-10 19:57:45,505 - mylogger - INFO - 0.0150358
2017-05-10 19:57:45,506 - mylogger - INFO - 2015-05-14: No cover!
2017-05-10 19:57:45,851 - mylogger - INFO - 0.00269823
2017-05-10 19:57:45,851 - mylogger - INFO - 2015-05-15: hold
2017-05-10 19:57:46,213 - mylogger - INFO - 0.00136736
2017-05-10 19:57:46,214 - mylogger - INFO - 2015-05-18: hold
2017-05-10 19:57:46,665 - mylogger - INFO - 0.00188064
2017-05-10 19:57:46,665 - mylogger - INFO - 2015-05-19: hold
2017-05-10 19:57:47,013 - mylogger - INFO - 0.0123136
2017-05-10 19:57:47,015 - mylogger - INFO - 2015-05-20: No cover!
2017-05-10 19:57:47,345 - mylogger - INFO - 0.0137335
2017-05-10 19:57:47,346 - mylogger - INFO - 2015-05-21: No cover!
2017-05-10 19:57:47,812 - mylogger - INFO - 0.0176226
2017-05-10 19:57:47,813 - mylogger - INFO - 2015-05-22: No cover!
2017-05-10 19:57:48,166 - mylogger - INFO - 0.00938776
2017-05-10 19:57:48,167 - mylogger - INFO - 2015-05-26: No cover!
2017-05-10 19:57:48,528 - mylogger - INFO - 0.00882565
2017-05-10 19:57:48,529 - mylogger - INFO - 2015-05-27: No cover!
2017-05-10 19:57:48,986 - mylogger - INFO - 0.0204411
2017-05-10 19:57:48,987 - mylogger - INFO - 2015-05-28: No cover!
2017-05-10 19:57:49,319 - mylogger - INFO - 0.0145758
2017-05-10 19:57:49,320 - mylogger - INFO - 2015-05-29: No cover!
2017-05-10 19:57:49,673 - mylogger - INFO - 0.00428727
2017-05-10 19:57:49,673 - mylogger - INFO - 2015-06-01: hold
2017-05-10 19:57:50,008 - mylogger - INFO - 0.0159262
2017-05-10 19:57:50,009 - mylogger - INFO - 2015-06-02: No cover!
2017-05-10 19:57:50,455 - mylogger - INFO - 0.0141154
2017-05-10 19:57:50,456 - mylogger - INFO - 2015-06-03: No cover!
2017-05-10 19:57:50,754 - mylogger - INFO - 0.0159111
2017-05-10 19:57:50,754 - mylogger - INFO - 2015-06-04: No cover!
2017-05-10 19:57:51,068 - mylogger - INFO - 0.00774045
2017-05-10 19:57:51,069 - mylogger - INFO - 2015-06-05: No cover!
2017-05-10 19:57:51,506 - mylogger - INFO - -0.00387961
2017-05-10 19:57:51,507 - mylogger - INFO - 2015-06-08: sell
2017-05-10 19:57:51,834 - mylogger - INFO - 0.000286026
2017-05-10 19:57:51,834 - mylogger - INFO - 2015-06-09: hold
2017-05-10 19:57:52,163 - mylogger - INFO - 0.00516282
2017-05-10 19:57:52,163 - mylogger - INFO - 2015-06-10: buy
2017-05-10 19:57:52,164 - mylogger - INFO - 85321.5526774
2017-05-10 19:57:52,615 - mylogger - INFO - 0.0123215
2017-05-10 19:57:52,616 - mylogger - INFO - 2015-06-11: No cover!
2017-05-10 19:57:52,963 - mylogger - INFO - -0.000782809
2017-05-10 19:57:52,964 - mylogger - INFO - 2015-06-12: sell
2017-05-10 19:57:53,314 - mylogger - INFO - 0.00057092
2017-05-10 19:57:53,315 - mylogger - INFO - 2015-06-15: hold
2017-05-10 19:57:53,743 - mylogger - INFO - 0.00945581
2017-05-10 19:57:53,744 - mylogger - INFO - 2015-06-16: buy
2017-05-10 19:57:53,744 - mylogger - INFO - 84908.4157094
2017-05-10 19:57:54,057 - mylogger - INFO - 0.0162495
2017-05-10 19:57:54,058 - mylogger - INFO - 2015-06-17: No cover!
2017-05-10 19:57:54,403 - mylogger - INFO - 0.00419123
2017-05-10 19:57:54,403 - mylogger - INFO - 2015-06-18: hold
2017-05-10 19:57:54,746 - mylogger - INFO - 0.00520294
2017-05-10 19:57:54,746 - mylogger - INFO - 2015-06-19: No cover!
2017-05-10 19:57:55,225 - mylogger - INFO - 0.0185589
2017-05-10 19:57:55,226 - mylogger - INFO - 2015-06-22: No cover!
2017-05-10 19:57:55,555 - mylogger - INFO - 0.000961121
2017-05-10 19:57:55,555 - mylogger - INFO - 2015-06-23: hold
2017-05-10 19:57:55,883 - mylogger - INFO - 0.00178278
2017-05-10 19:57:55,883 - mylogger - INFO - 2015-06-24: hold
2017-05-10 19:57:56,304 - mylogger - INFO - 0.00455957
2017-05-10 19:57:56,304 - mylogger - INFO - 2015-06-25: hold
2017-05-10 19:57:56,644 - mylogger - INFO - 0.00569047
2017-05-10 19:57:56,644 - mylogger - INFO - 2015-06-26: No cover!
2017-05-10 19:57:57,073 - mylogger - INFO - 0.0256326
2017-05-10 19:57:57,074 - mylogger - INFO - 2015-06-29: No cover!
2017-05-10 19:57:57,508 - mylogger - INFO - 0.0258059
2017-05-10 19:57:57,509 - mylogger - INFO - 2015-06-30: No cover!
2017-05-10 19:57:57,810 - mylogger - INFO - 0.0374508
2017-05-10 19:57:57,811 - mylogger - INFO - 2015-07-01: No cover!
2017-05-10 19:57:58,133 - mylogger - INFO - 0.0148757
2017-05-10 19:57:58,134 - mylogger - INFO - 2015-07-02: No cover!
2017-05-10 19:57:58,603 - mylogger - INFO - 0.0171528
2017-05-10 19:57:58,604 - mylogger - INFO - 2015-07-06: No cover!
2017-05-10 19:57:58,956 - mylogger - INFO - -0.00208415
2017-05-10 19:57:58,958 - mylogger - INFO - 2015-07-07: sell
2017-05-10 19:57:59,308 - mylogger - INFO - 0.00878534
2017-05-10 19:57:59,309 - mylogger - INFO - 2015-07-08: buy
2017-05-10 19:57:59,310 - mylogger - INFO - 83999.4156289
2017-05-10 19:57:59,632 - mylogger - INFO - 0.0036905
2017-05-10 19:57:59,632 - mylogger - INFO - 2015-07-09: hold
2017-05-10 19:58:00,080 - mylogger - INFO - 0.0108727
2017-05-10 19:58:00,081 - mylogger - INFO - 2015-07-10: No cover!
2017-05-10 19:58:00,456 - mylogger - INFO - 0.0199163
2017-05-10 19:58:00,456 - mylogger - INFO - 2015-07-13: No cover!
2017-05-10 19:58:00,853 - mylogger - INFO - 0.0153365
2017-05-10 19:58:00,854 - mylogger - INFO - 2015-07-14: No cover!
2017-05-10 19:58:01,290 - mylogger - INFO - 0.0173055
2017-05-10 19:58:01,292 - mylogger - INFO - 2015-07-15: No cover!
2017-05-10 19:58:01,624 - mylogger - INFO - 0.00969546
2017-05-10 19:58:01,625 - mylogger - INFO - 2015-07-16: No cover!
2017-05-10 19:58:01,927 - mylogger - INFO - 0.0272862
2017-05-10 19:58:01,927 - mylogger - INFO - 2015-07-17: No cover!
2017-05-10 19:58:02,340 - mylogger - INFO - 0.00546481
2017-05-10 19:58:02,341 - mylogger - INFO - 2015-07-20: No cover!
2017-05-10 19:58:02,648 - mylogger - INFO - 0.0113294
2017-05-10 19:58:02,649 - mylogger - INFO - 2015-07-21: No cover!
2017-05-10 19:58:03,010 - mylogger - INFO - 0.0207335
2017-05-10 19:58:03,012 - mylogger - INFO - 2015-07-22: No cover!
2017-05-10 19:58:03,476 - mylogger - INFO - 0.00860482
2017-05-10 19:58:03,477 - mylogger - INFO - 2015-07-23: No cover!
2017-05-10 19:58:03,818 - mylogger - INFO - 0.0109354
2017-05-10 19:58:03,819 - mylogger - INFO - 2015-07-24: No cover!
2017-05-10 19:58:04,135 - mylogger - INFO - 0.0124145
2017-05-10 19:58:04,136 - mylogger - INFO - 2015-07-27: No cover!
2017-05-10 19:58:04,502 - mylogger - INFO - 0.0204468
2017-05-10 19:58:04,502 - mylogger - INFO - 2015-07-28: No cover!
2017-05-10 19:58:04,943 - mylogger - INFO - 0.0131086
2017-05-10 19:58:04,944 - mylogger - INFO - 2015-07-29: No cover!
2017-05-10 19:58:05,261 - mylogger - INFO - 0.0146512
2017-05-10 19:58:05,262 - mylogger - INFO - 2015-07-30: No cover!
2017-05-10 19:58:05,646 - mylogger - INFO - 0.0218356
2017-05-10 19:58:05,646 - mylogger - INFO - 2015-07-31: No cover!
2017-05-10 19:58:06,088 - mylogger - INFO - 0.0132662
2017-05-10 19:58:06,089 - mylogger - INFO - 2015-08-03: No cover!
2017-05-10 19:58:06,422 - mylogger - INFO - 0.00127839
2017-05-10 19:58:06,422 - mylogger - INFO - 2015-08-04: hold
2017-05-10 19:58:06,748 - mylogger - INFO - 0.0142481
2017-05-10 19:58:06,749 - mylogger - INFO - 2015-08-05: No cover!
2017-05-10 19:58:07,184 - mylogger - INFO - 0.00341065
2017-05-10 19:58:07,184 - mylogger - INFO - 2015-08-06: hold
2017-05-10 19:58:07,510 - mylogger - INFO - 0.000562332
2017-05-10 19:58:07,510 - mylogger - INFO - 2015-08-07: hold
2017-05-10 19:58:07,830 - mylogger - INFO - 0.0181275
2017-05-10 19:58:07,831 - mylogger - INFO - 2015-08-10: No cover!
2017-05-10 19:58:08,257 - mylogger - INFO - 0.0118809
2017-05-10 19:58:08,257 - mylogger - INFO - 2015-08-11: No cover!
2017-05-10 19:58:08,583 - mylogger - INFO - 0.0201666
2017-05-10 19:58:08,584 - mylogger - INFO - 2015-08-12: No cover!
2017-05-10 19:58:08,920 - mylogger - INFO - 0.0272107
2017-05-10 19:58:08,920 - mylogger - INFO - 2015-08-13: No cover!
2017-05-10 19:58:09,237 - mylogger - INFO - 0.0271554
2017-05-10 19:58:09,237 - mylogger - INFO - 2015-08-14: No cover!
2017-05-10 19:58:09,661 - mylogger - INFO - 0.0205774
2017-05-10 19:58:09,662 - mylogger - INFO - 2015-08-17: No cover!
2017-05-10 19:58:09,980 - mylogger - INFO - 0.000789328
2017-05-10 19:58:09,980 - mylogger - INFO - 2015-08-18: hold
2017-05-10 19:58:10,303 - mylogger - INFO - 0.0206767
2017-05-10 19:58:10,304 - mylogger - INFO - 2015-08-19: No cover!
2017-05-10 19:58:10,727 - mylogger - INFO - 0.0206767
2017-05-10 19:58:10,728 - mylogger - INFO - 2015-08-20: No cover!
2017-05-10 19:58:11,050 - mylogger - INFO - 0.0143507
2017-05-10 19:58:11,051 - mylogger - INFO - 2015-08-21: No cover!
2017-05-10 19:58:11,370 - mylogger - INFO - 0.00850466
2017-05-10 19:58:11,371 - mylogger - INFO - 2015-08-24: No cover!
2017-05-10 19:58:11,788 - mylogger - INFO - -0.000841196
2017-05-10 19:58:11,789 - mylogger - INFO - 2015-08-25: sell
2017-05-10 19:58:12,108 - mylogger - INFO - 0.0123952
2017-05-10 19:58:12,109 - mylogger - INFO - 2015-08-26: buy
2017-05-10 19:58:12,109 - mylogger - INFO - 76522.831728
2017-05-10 19:58:12,430 - mylogger - INFO - 0.0166575
2017-05-10 19:58:12,431 - mylogger - INFO - 2015-08-27: No cover!
2017-05-10 19:58:12,852 - mylogger - INFO - -0.00737528
2017-05-10 19:58:12,853 - mylogger - INFO - 2015-08-28: sell
2017-05-10 19:58:13,172 - mylogger - INFO - 0.0221297
2017-05-10 19:58:13,173 - mylogger - INFO - 2015-08-31: buy
2017-05-10 19:58:13,173 - mylogger - INFO - 75810.2846917
2017-05-10 19:58:13,476 - mylogger - INFO - 0.0217723
2017-05-10 19:58:13,477 - mylogger - INFO - 2015-09-01: buy
2017-05-10 19:58:13,478 - mylogger - INFO - 1951.11219381
2017-05-10 19:58:13,792 - mylogger - INFO - 0.0245509
2017-05-10 19:58:13,793 - mylogger - INFO - 2015-09-02: No cover!
2017-05-10 19:58:14,219 - mylogger - INFO - 0.023141
2017-05-10 19:58:14,220 - mylogger - INFO - 2015-09-03: No cover!
2017-05-10 19:58:14,546 - mylogger - INFO - 0.00266466
2017-05-10 19:58:14,546 - mylogger - INFO - 2015-09-04: hold
2017-05-10 19:58:14,860 - mylogger - INFO - 0.0195466
2017-05-10 19:58:14,861 - mylogger - INFO - 2015-09-08: No cover!
2017-05-10 19:58:15,273 - mylogger - INFO - 0.0121218
2017-05-10 19:58:15,274 - mylogger - INFO - 2015-09-09: No cover!
2017-05-10 19:58:15,597 - mylogger - INFO - 0.0188014
2017-05-10 19:58:15,598 - mylogger - INFO - 2015-09-10: No cover!
2017-05-10 19:58:15,914 - mylogger - INFO - -0.00476784
2017-05-10 19:58:15,915 - mylogger - INFO - 2015-09-11: sell
2017-05-10 19:58:16,331 - mylogger - INFO - -0.00464572
2017-05-10 19:58:16,332 - mylogger - INFO - 2015-09-14: No short!
2017-05-10 19:58:16,695 - mylogger - INFO - 0.00175772
2017-05-10 19:58:16,696 - mylogger - INFO - 2015-09-15: hold
2017-05-10 19:58:17,017 - mylogger - INFO - -0.00384925
2017-05-10 19:58:17,018 - mylogger - INFO - 2015-09-16: No short!
2017-05-10 19:58:17,419 - mylogger - INFO - 0.0034408
2017-05-10 19:58:17,420 - mylogger - INFO - 2015-09-17: hold
2017-05-10 19:58:17,719 - mylogger - INFO - 0.00487377
2017-05-10 19:58:17,719 - mylogger - INFO - 2015-09-18: hold
2017-05-10 19:58:18,016 - mylogger - INFO - -0.00193445
2017-05-10 19:58:18,017 - mylogger - INFO - 2015-09-21: No short!
2017-05-10 19:58:18,325 - mylogger - INFO - 0.00438363
2017-05-10 19:58:18,325 - mylogger - INFO - 2015-09-22: hold
2017-05-10 19:58:18,722 - mylogger - INFO - -0.00394397
2017-05-10 19:58:18,723 - mylogger - INFO - 2015-09-23: No short!
2017-05-10 19:58:19,021 - mylogger - INFO - 0.0211421
2017-05-10 19:58:19,022 - mylogger - INFO - 2015-09-24: buy
2017-05-10 19:58:19,022 - mylogger - INFO - 82102.8100269
2017-05-10 19:58:19,337 - mylogger - INFO - 0.0203843
2017-05-10 19:58:19,338 - mylogger - INFO - 2015-09-25: No cover!
2017-05-10 19:58:19,736 - mylogger - INFO - 0.00206353
2017-05-10 19:58:19,736 - mylogger - INFO - 2015-09-28: hold
2017-05-10 19:58:20,041 - mylogger - INFO - -0.00236874
2017-05-10 19:58:20,042 - mylogger - INFO - 2015-09-29: sell
2017-05-10 19:58:20,344 - mylogger - INFO - -0.000931364
2017-05-10 19:58:20,344 - mylogger - INFO - 2015-09-30: No short!
2017-05-10 19:58:20,755 - mylogger - INFO - -0.00133643
2017-05-10 19:58:20,755 - mylogger - INFO - 2015-10-01: No short!
2017-05-10 19:58:21,062 - mylogger - INFO - 0.00180714
2017-05-10 19:58:21,063 - mylogger - INFO - 2015-10-02: hold
2017-05-10 19:58:21,360 - mylogger - INFO - 0.00421342
2017-05-10 19:58:21,361 - mylogger - INFO - 2015-10-05: hold
2017-05-10 19:58:21,769 - mylogger - INFO - -0.00382248
2017-05-10 19:58:21,769 - mylogger - INFO - 2015-10-06: No short!
2017-05-10 19:58:22,074 - mylogger - INFO - -0.0017884
2017-05-10 19:58:22,074 - mylogger - INFO - 2015-10-07: No short!
2017-05-10 19:58:22,377 - mylogger - INFO - -0.00135505
2017-05-10 19:58:22,377 - mylogger - INFO - 2015-10-08: No short!
2017-05-10 19:58:22,773 - mylogger - INFO - 0.00486866
2017-05-10 19:58:22,773 - mylogger - INFO - 2015-10-09: hold
2017-05-10 19:58:23,108 - mylogger - INFO - -0.00832219
2017-05-10 19:58:23,108 - mylogger - INFO - 2015-10-12: No short!
2017-05-10 19:58:23,436 - mylogger - INFO - -0.02202
2017-05-10 19:58:23,437 - mylogger - INFO - 2015-10-13: No short!
2017-05-10 19:58:23,762 - mylogger - INFO - 0.00196162
2017-05-10 19:58:23,762 - mylogger - INFO - 2015-10-14: hold
2017-05-10 19:58:24,195 - mylogger - INFO - -0.0116772
2017-05-10 19:58:24,195 - mylogger - INFO - 2015-10-15: No short!
2017-05-10 19:58:24,488 - mylogger - INFO - -0.00565467
2017-05-10 19:58:24,489 - mylogger - INFO - 2015-10-16: No short!
2017-05-10 19:58:24,786 - mylogger - INFO - -0.00557962
2017-05-10 19:58:24,786 - mylogger - INFO - 2015-10-19: No short!
2017-05-10 19:58:25,236 - mylogger - INFO - 0.00253805
2017-05-10 19:58:25,236 - mylogger - INFO - 2015-10-20: hold
2017-05-10 19:58:25,530 - mylogger - INFO - 0.00815548
2017-05-10 19:58:25,531 - mylogger - INFO - 2015-10-21: buy
2017-05-10 19:58:25,531 - mylogger - INFO - 82054.9494467
2017-05-10 19:58:25,846 - mylogger - INFO - -0.00820954
2017-05-10 19:58:25,847 - mylogger - INFO - 2015-10-22: sell
2017-05-10 19:58:26,278 - mylogger - INFO - -0.0202034
2017-05-10 19:58:26,278 - mylogger - INFO - 2015-10-23: No short!
2017-05-10 19:58:26,631 - mylogger - INFO - -0.00868203
2017-05-10 19:58:26,632 - mylogger - INFO - 2015-10-26: No short!
2017-05-10 19:58:26,959 - mylogger - INFO - -0.00638199
2017-05-10 19:58:26,960 - mylogger - INFO - 2015-10-27: No short!
2017-05-10 19:58:27,404 - mylogger - INFO - 0.00105355
2017-05-10 19:58:27,405 - mylogger - INFO - 2015-10-28: hold
2017-05-10 19:58:27,771 - mylogger - INFO - -0.00360594
2017-05-10 19:58:27,771 - mylogger - INFO - 2015-10-29: No short!
2017-05-10 19:58:28,124 - mylogger - INFO - -0.0118408
2017-05-10 19:58:28,124 - mylogger - INFO - 2015-10-30: No short!
2017-05-10 19:58:28,713 - mylogger - INFO - -0.00512139
2017-05-10 19:58:28,714 - mylogger - INFO - 2015-11-02: No short!
2017-05-10 19:58:29,042 - mylogger - INFO - -0.00487483
2017-05-10 19:58:29,042 - mylogger - INFO - 2015-11-03: No short!
2017-05-10 19:58:29,387 - mylogger - INFO - -0.00991763
2017-05-10 19:58:29,387 - mylogger - INFO - 2015-11-04: No short!
2017-05-10 19:58:29,720 - mylogger - INFO - 0.00117443
2017-05-10 19:58:29,721 - mylogger - INFO - 2015-11-05: hold
2017-05-10 19:58:30,208 - mylogger - INFO - -0.0119993
2017-05-10 19:58:30,208 - mylogger - INFO - 2015-11-06: No short!
2017-05-10 19:58:30,551 - mylogger - INFO - 0.00320254
2017-05-10 19:58:30,551 - mylogger - INFO - 2015-11-09: hold
2017-05-10 19:58:30,901 - mylogger - INFO - -0.00115825
2017-05-10 19:58:30,901 - mylogger - INFO - 2015-11-10: No short!
2017-05-10 19:58:31,357 - mylogger - INFO - -0.00108242
2017-05-10 19:58:31,357 - mylogger - INFO - 2015-11-11: No short!
2017-05-10 19:58:31,683 - mylogger - INFO - 0.00693124
2017-05-10 19:58:31,684 - mylogger - INFO - 2015-11-12: buy
2017-05-10 19:58:31,684 - mylogger - INFO - 82272.2002445
2017-05-10 19:58:31,979 - mylogger - INFO - 0.00440109
2017-05-10 19:58:31,980 - mylogger - INFO - 2015-11-13: hold
2017-05-10 19:58:32,381 - mylogger - INFO - 0.00548279
2017-05-10 19:58:32,382 - mylogger - INFO - 2015-11-16: buy
2017-05-10 19:58:32,382 - mylogger - INFO - 79.6340512604
2017-05-10 19:58:32,687 - mylogger - INFO - 0.0237428
2017-05-10 19:58:32,688 - mylogger - INFO - 2015-11-17: No cover!
2017-05-10 19:58:33,009 - mylogger - INFO - 0.00522815
2017-05-10 19:58:33,010 - mylogger - INFO - 2015-11-18: No cover!
2017-05-10 19:58:33,430 - mylogger - INFO - 0.0124323
2017-05-10 19:58:33,430 - mylogger - INFO - 2015-11-19: No cover!
2017-05-10 19:58:33,727 - mylogger - INFO - 0.0181613
2017-05-10 19:58:33,728 - mylogger - INFO - 2015-11-20: No cover!
2017-05-10 19:58:34,039 - mylogger - INFO - -0.00418991
2017-05-10 19:58:34,040 - mylogger - INFO - 2015-11-23: sell
2017-05-10 19:58:34,533 - mylogger - INFO - 0.00155417
2017-05-10 19:58:34,534 - mylogger - INFO - 2015-11-24: hold
2017-05-10 19:58:34,854 - mylogger - INFO - 0.000208545
2017-05-10 19:58:34,854 - mylogger - INFO - 2015-11-25: hold
2017-05-10 19:58:35,201 - mylogger - INFO - 0.0105261
2017-05-10 19:58:35,202 - mylogger - INFO - 2015-11-27: buy
2017-05-10 19:58:35,202 - mylogger - INFO - 87228.4422761
2017-05-10 19:58:35,563 - mylogger - INFO - -0.00277838
2017-05-10 19:58:35,564 - mylogger - INFO - 2015-11-30: sell
2017-05-10 19:58:36,049 - mylogger - INFO - -0.0110058
2017-05-10 19:58:36,049 - mylogger - INFO - 2015-12-01: No short!
2017-05-10 19:58:36,370 - mylogger - INFO - -0.0023304
2017-05-10 19:58:36,370 - mylogger - INFO - 2015-12-02: No short!
2017-05-10 19:58:36,718 - mylogger - INFO - 0.0163204
2017-05-10 19:58:36,719 - mylogger - INFO - 2015-12-03: buy
2017-05-10 19:58:36,719 - mylogger - INFO - 88576.4560219
2017-05-10 19:58:37,148 - mylogger - INFO - -0.014115
2017-05-10 19:58:37,149 - mylogger - INFO - 2015-12-04: sell
2017-05-10 19:58:37,449 - mylogger - INFO - 0.0069237
2017-05-10 19:58:37,450 - mylogger - INFO - 2015-12-07: buy
2017-05-10 19:58:37,450 - mylogger - INFO - 88536.5413678
2017-05-10 19:58:37,746 - mylogger - INFO - 0.00851508
2017-05-10 19:58:37,747 - mylogger - INFO - 2015-12-08: buy
2017-05-10 19:58:37,747 - mylogger - INFO - 2179.39568975
2017-05-10 19:58:38,145 - mylogger - INFO - 0.00160676
2017-05-10 19:58:38,145 - mylogger - INFO - 2015-12-09: hold
2017-05-10 19:58:38,452 - mylogger - INFO - 0.00431893
2017-05-10 19:58:38,452 - mylogger - INFO - 2015-12-10: hold
2017-05-10 19:58:38,753 - mylogger - INFO - 0.00889701
2017-05-10 19:58:38,754 - mylogger - INFO - 2015-12-11: No cover!
2017-05-10 19:58:39,156 - mylogger - INFO - 0.00669358
2017-05-10 19:58:39,157 - mylogger - INFO - 2015-12-14: No cover!
2017-05-10 19:58:39,454 - mylogger - INFO - 0.000262842
2017-05-10 19:58:39,455 - mylogger - INFO - 2015-12-15: hold
2017-05-10 19:58:39,756 - mylogger - INFO - -0.0117362
2017-05-10 19:58:39,757 - mylogger - INFO - 2015-12-16: sell
2017-05-10 19:58:40,054 - mylogger - INFO - -0.00159747
2017-05-10 19:58:40,055 - mylogger - INFO - 2015-12-17: No short!
2017-05-10 19:58:40,452 - mylogger - INFO - 0.00922522
2017-05-10 19:58:40,453 - mylogger - INFO - 2015-12-18: buy
2017-05-10 19:58:40,453 - mylogger - INFO - 89662.3013452
2017-05-10 19:58:40,752 - mylogger - INFO - -0.00991694
2017-05-10 19:58:40,753 - mylogger - INFO - 2015-12-21: sell
2017-05-10 19:58:41,050 - mylogger - INFO - 0.0137991
2017-05-10 19:58:41,050 - mylogger - INFO - 2015-12-22: buy
2017-05-10 19:58:41,051 - mylogger - INFO - 90601.8561743
2017-05-10 19:58:41,444 - mylogger - INFO - -0.000841257
2017-05-10 19:58:41,446 - mylogger - INFO - 2015-12-23: sell
2017-05-10 19:58:41,808 - mylogger - INFO - 0.00528496
2017-05-10 19:58:41,809 - mylogger - INFO - 2015-12-24: buy
2017-05-10 19:58:41,809 - mylogger - INFO - 90254.9050594
2017-05-10 19:58:42,162 - mylogger - INFO - -0.00277015
2017-05-10 19:58:42,164 - mylogger - INFO - 2015-12-28: sell
2017-05-10 19:58:42,589 - mylogger - INFO - 0.00434785
2017-05-10 19:58:42,589 - mylogger - INFO - 2015-12-29: hold
2017-05-10 19:58:42,975 - mylogger - INFO - 0.0207212
2017-05-10 19:58:42,976 - mylogger - INFO - 2015-12-30: buy
2017-05-10 19:58:42,976 - mylogger - INFO - 92010.2827014
2017-05-10 19:58:43,303 - mylogger - INFO - 0.0121887
2017-05-10 19:58:43,305 - mylogger - INFO - 2015-12-31: buy
2017-05-10 19:58:43,305 - mylogger - INFO - 1176.32674497
2017-05-10 19:58:44,062 - mylogger - INFO - Total profit and loss: -0.0799463068503
2017-05-10 19:58:44,094 - mylogger - INFO - Hit table:
2017-05-10 19:58:44,095 - mylogger - INFO - Date          signal  hit/miss
2017-05-10 19:58:44,095 - mylogger - INFO - 2014-01-02    buy     hit
2017-05-10 19:58:44,095 - mylogger - INFO - 2014-01-03    hold    miss
2017-05-10 19:58:44,095 - mylogger - INFO - 2014-01-06    hold    miss
2017-05-10 19:58:44,095 - mylogger - INFO - 2014-01-07    hold    hit
2017-05-10 19:58:44,096 - mylogger - INFO - 2014-01-08    hold    miss
2017-05-10 19:58:44,096 - mylogger - INFO - 2014-01-09    hold    miss
2017-05-10 19:58:44,096 - mylogger - INFO - 2014-01-10    hold    miss
2017-05-10 19:58:44,096 - mylogger - INFO - 2014-01-13    hold    miss
2017-05-10 19:58:44,096 - mylogger - INFO - 2014-01-14    hold    hit
2017-05-10 19:58:44,096 - mylogger - INFO - 2014-01-15    hold    miss
2017-05-10 19:58:44,096 - mylogger - INFO - 2014-01-16    hold    hit
2017-05-10 19:58:44,097 - mylogger - INFO - 2014-01-17    sell    miss
2017-05-10 19:58:44,097 - mylogger - INFO - 2014-01-21    buy     hit
2017-05-10 19:58:44,097 - mylogger - INFO - 2014-01-22    hold    miss
2017-05-10 19:58:44,097 - mylogger - INFO - 2014-01-23    hold    miss
2017-05-10 19:58:44,098 - mylogger - INFO - 2014-01-24    hold    miss
2017-05-10 19:58:44,098 - mylogger - INFO - 2014-01-27    hold    miss
2017-05-10 19:58:44,098 - mylogger - INFO - 2014-01-28    hold    miss
2017-05-10 19:58:44,098 - mylogger - INFO - 2014-01-29    hold    miss
2017-05-10 19:58:44,098 - mylogger - INFO - 2014-01-30    hold    miss
2017-05-10 19:58:44,098 - mylogger - INFO - 2014-01-31    hold    miss
2017-05-10 19:58:44,099 - mylogger - INFO - 2014-02-03    hold    miss
2017-05-10 19:58:44,099 - mylogger - INFO - 2014-02-04    hold    miss
2017-05-10 19:58:44,099 - mylogger - INFO - 2014-02-05    hold    miss
2017-05-10 19:58:44,099 - mylogger - INFO - 2014-02-06    hold    miss
2017-05-10 19:58:44,099 - mylogger - INFO - 2014-02-07    sell    miss
2017-05-10 19:58:44,100 - mylogger - INFO - 2014-02-10    hold    miss
2017-05-10 19:58:44,100 - mylogger - INFO - 2014-02-11    hold    miss
2017-05-10 19:58:44,100 - mylogger - INFO - 2014-02-12    buy     hit
2017-05-10 19:58:44,100 - mylogger - INFO - 2014-02-13    hold    miss
2017-05-10 19:58:44,100 - mylogger - INFO - 2014-02-14    hold    hit
2017-05-10 19:58:44,100 - mylogger - INFO - 2014-02-18    hold    miss
2017-05-10 19:58:44,101 - mylogger - INFO - 2014-02-19    hold    miss
2017-05-10 19:58:44,101 - mylogger - INFO - 2014-02-20    hold    miss
2017-05-10 19:58:44,101 - mylogger - INFO - 2014-02-21    hold    miss
2017-05-10 19:58:44,101 - mylogger - INFO - 2014-02-24    sell    hit
2017-05-10 19:58:44,101 - mylogger - INFO - 2014-02-25    buy     miss
2017-05-10 19:58:44,101 - mylogger - INFO - 2014-02-26    buy     hit
2017-05-10 19:58:44,101 - mylogger - INFO - 2014-02-27    hold    hit
2017-05-10 19:58:44,102 - mylogger - INFO - 2014-02-28    hold    miss
2017-05-10 19:58:44,102 - mylogger - INFO - 2014-03-03    hold    miss
2017-05-10 19:58:44,102 - mylogger - INFO - 2014-03-04    sell    hit
2017-05-10 19:58:44,102 - mylogger - INFO - 2014-03-05    hold    hit
2017-05-10 19:58:44,102 - mylogger - INFO - 2014-03-06    hold    miss
2017-05-10 19:58:44,102 - mylogger - INFO - 2014-03-07    buy     miss
2017-05-10 19:58:44,102 - mylogger - INFO - 2014-03-10    buy     miss
2017-05-10 19:58:44,103 - mylogger - INFO - 2014-03-11    hold    miss
2017-05-10 19:58:44,103 - mylogger - INFO - 2014-03-12    hold    miss
2017-05-10 19:58:44,103 - mylogger - INFO - 2014-03-13    hold    miss
2017-05-10 19:58:44,103 - mylogger - INFO - 2014-03-14    hold    miss
2017-05-10 19:58:44,103 - mylogger - INFO - 2014-03-17    hold    miss
2017-05-10 19:58:44,103 - mylogger - INFO - 2014-03-18    hold    miss
2017-05-10 19:58:44,104 - mylogger - INFO - 2014-03-19    hold    miss
2017-05-10 19:58:44,104 - mylogger - INFO - 2014-03-20    hold    miss
2017-05-10 19:58:44,104 - mylogger - INFO - 2014-03-21    hold    miss
2017-05-10 19:58:44,104 - mylogger - INFO - 2014-03-24    hold    hit
2017-05-10 19:58:44,104 - mylogger - INFO - 2014-03-25    hold    miss
2017-05-10 19:58:44,104 - mylogger - INFO - 2014-03-26    hold    miss
2017-05-10 19:58:44,104 - mylogger - INFO - 2014-03-27    hold    miss
2017-05-10 19:58:44,105 - mylogger - INFO - 2014-03-28    hold    miss
2017-05-10 19:58:44,105 - mylogger - INFO - 2014-03-31    hold    miss
2017-05-10 19:58:44,105 - mylogger - INFO - 2014-04-01    hold    hit
2017-05-10 19:58:44,105 - mylogger - INFO - 2014-04-02    hold    hit
2017-05-10 19:58:44,106 - mylogger - INFO - 2014-04-03    hold    miss
2017-05-10 19:58:44,106 - mylogger - INFO - 2014-04-04    hold    miss
2017-05-10 19:58:44,106 - mylogger - INFO - 2014-04-07    hold    miss
2017-05-10 19:58:44,106 - mylogger - INFO - 2014-04-08    hold    miss
2017-05-10 19:58:44,107 - mylogger - INFO - 2014-04-09    hold    miss
2017-05-10 19:58:44,107 - mylogger - INFO - 2014-04-10    hold    miss
2017-05-10 19:58:44,107 - mylogger - INFO - 2014-04-11    hold    miss
2017-05-10 19:58:44,107 - mylogger - INFO - 2014-04-14    hold    miss
2017-05-10 19:58:44,107 - mylogger - INFO - 2014-04-15    hold    miss
2017-05-10 19:58:44,107 - mylogger - INFO - 2014-04-16    sell    miss
2017-05-10 19:58:44,107 - mylogger - INFO - 2014-04-17    hold    miss
2017-05-10 19:58:44,108 - mylogger - INFO - 2014-04-21    hold    miss
2017-05-10 19:58:44,108 - mylogger - INFO - 2014-04-22    hold    miss
2017-05-10 19:58:44,108 - mylogger - INFO - 2014-04-23    hold    miss
2017-05-10 19:58:44,108 - mylogger - INFO - 2014-04-24    hold    miss
2017-05-10 19:58:44,108 - mylogger - INFO - 2014-04-25    buy     miss
2017-05-10 19:58:44,108 - mylogger - INFO - 2014-04-28    buy     hit
2017-05-10 19:58:44,108 - mylogger - INFO - 2014-04-29    hold    miss
2017-05-10 19:58:44,108 - mylogger - INFO - 2014-04-30    hold    miss
2017-05-10 19:58:44,109 - mylogger - INFO - 2014-05-01    hold    miss
2017-05-10 19:58:44,109 - mylogger - INFO - 2014-05-02    sell    miss
2017-05-10 19:58:44,109 - mylogger - INFO - 2014-05-05    hold    miss
2017-05-10 19:58:44,109 - mylogger - INFO - 2014-05-06    buy     miss
2017-05-10 19:58:44,109 - mylogger - INFO - 2014-05-07    hold    hit
2017-05-10 19:58:44,109 - mylogger - INFO - 2014-05-08    hold    hit
2017-05-10 19:58:44,109 - mylogger - INFO - 2014-05-09    hold    miss
2017-05-10 19:58:44,109 - mylogger - INFO - 2014-05-12    hold    miss
2017-05-10 19:58:44,110 - mylogger - INFO - 2014-05-13    hold    miss
2017-05-10 19:58:44,110 - mylogger - INFO - 2014-05-14    hold    miss
2017-05-10 19:58:44,110 - mylogger - INFO - 2014-05-15    hold    miss
2017-05-10 19:58:44,110 - mylogger - INFO - 2014-05-16    hold    hit
2017-05-10 19:58:44,110 - mylogger - INFO - 2014-05-19    hold    miss
2017-05-10 19:58:44,110 - mylogger - INFO - 2014-05-20    hold    miss
2017-05-10 19:58:44,110 - mylogger - INFO - 2014-05-21    sell    miss
2017-05-10 19:58:44,110 - mylogger - INFO - 2014-05-22    buy     miss
2017-05-10 19:58:44,111 - mylogger - INFO - 2014-05-23    hold    miss
2017-05-10 19:58:44,111 - mylogger - INFO - 2014-05-27    hold    hit
2017-05-10 19:58:44,111 - mylogger - INFO - 2014-05-28    hold    miss
2017-05-10 19:58:44,111 - mylogger - INFO - 2014-05-29    hold    hit
2017-05-10 19:58:44,111 - mylogger - INFO - 2014-05-30    hold    hit
2017-05-10 19:58:44,111 - mylogger - INFO - 2014-06-02    sell    hit
2017-05-10 19:58:44,111 - mylogger - INFO - 2014-06-03    hold    miss
2017-05-10 19:58:44,112 - mylogger - INFO - 2014-06-04    hold    miss
2017-05-10 19:58:44,112 - mylogger - INFO - 2014-06-05    hold    miss
2017-05-10 19:58:44,112 - mylogger - INFO - 2014-06-06    buy     miss
2017-05-10 19:58:44,112 - mylogger - INFO - 2014-06-09    sell    hit
2017-05-10 19:58:44,112 - mylogger - INFO - 2014-06-10    hold    miss
2017-05-10 19:58:44,112 - mylogger - INFO - 2014-06-11    buy     miss
2017-05-10 19:58:44,112 - mylogger - INFO - 2014-06-12    buy     miss
2017-05-10 19:58:44,112 - mylogger - INFO - 2014-06-13    hold    hit
2017-05-10 19:58:44,113 - mylogger - INFO - 2014-06-16    sell    hit
2017-05-10 19:58:44,113 - mylogger - INFO - 2014-06-17    hold    hit
2017-05-10 19:58:44,113 - mylogger - INFO - 2014-06-18    hold    hit
2017-05-10 19:58:44,113 - mylogger - INFO - 2014-06-19    buy     miss
2017-05-10 19:58:44,113 - mylogger - INFO - 2014-06-20    buy     miss
2017-05-10 19:58:44,114 - mylogger - INFO - 2014-06-23    sell    hit
2017-05-10 19:58:44,114 - mylogger - INFO - 2014-06-24    buy     miss
2017-05-10 19:58:44,114 - mylogger - INFO - 2014-06-25    buy     hit
2017-05-10 19:58:44,114 - mylogger - INFO - 2014-06-26    hold    hit
2017-05-10 19:58:44,114 - mylogger - INFO - 2014-06-27    hold    miss
2017-05-10 19:58:44,115 - mylogger - INFO - 2014-06-30    sell    miss
2017-05-10 19:58:44,115 - mylogger - INFO - 2014-07-01    buy     miss
2017-05-10 19:58:44,115 - mylogger - INFO - 2014-07-02    buy     hit
2017-05-10 19:58:44,115 - mylogger - INFO - 2014-07-03    hold    hit
2017-05-10 19:58:44,115 - mylogger - INFO - 2014-07-07    hold    miss
2017-05-10 19:58:44,115 - mylogger - INFO - 2014-07-08    hold    miss
2017-05-10 19:58:44,115 - mylogger - INFO - 2014-07-09    hold    miss
2017-05-10 19:58:44,115 - mylogger - INFO - 2014-07-10    sell    miss
2017-05-10 19:58:44,116 - mylogger - INFO - 2014-07-11    hold    miss
2017-05-10 19:58:44,116 - mylogger - INFO - 2014-07-14    hold    miss
2017-05-10 19:58:44,116 - mylogger - INFO - 2014-07-15    buy     miss
2017-05-10 19:58:44,116 - mylogger - INFO - 2014-07-16    hold    miss
2017-05-10 19:58:44,116 - mylogger - INFO - 2014-07-17    sell    miss
2017-05-10 19:58:44,116 - mylogger - INFO - 2014-07-18    hold    miss
2017-05-10 19:58:44,116 - mylogger - INFO - 2014-07-21    buy     hit
2017-05-10 19:58:44,117 - mylogger - INFO - 2014-07-22    sell    hit
2017-05-10 19:58:44,117 - mylogger - INFO - 2014-07-23    buy     miss
2017-05-10 19:58:44,117 - mylogger - INFO - 2014-07-24    sell    hit
2017-05-10 19:58:44,117 - mylogger - INFO - 2014-07-25    buy     miss
2017-05-10 19:58:44,117 - mylogger - INFO - 2014-07-28    buy     miss
2017-05-10 19:58:44,117 - mylogger - INFO - 2014-07-29    hold    miss
2017-05-10 19:58:44,117 - mylogger - INFO - 2014-07-30    hold    miss
2017-05-10 19:58:44,117 - mylogger - INFO - 2014-07-31    sell    hit
2017-05-10 19:58:44,118 - mylogger - INFO - 2014-08-01    hold    miss
2017-05-10 19:58:44,118 - mylogger - INFO - 2014-08-04    hold    miss
2017-05-10 19:58:44,118 - mylogger - INFO - 2014-08-05    hold    miss
2017-05-10 19:58:44,118 - mylogger - INFO - 2014-08-06    hold    miss
2017-05-10 19:58:44,118 - mylogger - INFO - 2014-08-07    hold    miss
2017-05-10 19:58:44,118 - mylogger - INFO - 2014-08-08    hold    hit
2017-05-10 19:58:44,118 - mylogger - INFO - 2014-08-11    hold    miss
2017-05-10 19:58:44,118 - mylogger - INFO - 2014-08-12    buy     hit
2017-05-10 19:58:44,119 - mylogger - INFO - 2014-08-13    hold    miss
2017-05-10 19:58:44,119 - mylogger - INFO - 2014-08-14    hold    miss
2017-05-10 19:58:44,119 - mylogger - INFO - 2014-08-15    hold    miss
2017-05-10 19:58:44,119 - mylogger - INFO - 2014-08-18    hold    hit
2017-05-10 19:58:44,119 - mylogger - INFO - 2014-08-19    hold    miss
2017-05-10 19:58:44,119 - mylogger - INFO - 2014-08-20    sell    miss
2017-05-10 19:58:44,119 - mylogger - INFO - 2014-08-21    buy     miss
2017-05-10 19:58:44,119 - mylogger - INFO - 2014-08-22    hold    miss
2017-05-10 19:58:44,120 - mylogger - INFO - 2014-08-25    hold    hit
2017-05-10 19:58:44,120 - mylogger - INFO - 2014-08-26    hold    miss
2017-05-10 19:58:44,120 - mylogger - INFO - 2014-08-27    sell    hit
2017-05-10 19:58:44,120 - mylogger - INFO - 2014-08-28    buy     miss
2017-05-10 19:58:44,120 - mylogger - INFO - 2014-08-29    hold    miss
2017-05-10 19:58:44,120 - mylogger - INFO - 2014-09-02    buy     miss
2017-05-10 19:58:44,120 - mylogger - INFO - 2014-09-03    hold    miss
2017-05-10 19:58:44,120 - mylogger - INFO - 2014-09-04    hold    miss
2017-05-10 19:58:44,121 - mylogger - INFO - 2014-09-05    hold    miss
2017-05-10 19:58:44,121 - mylogger - INFO - 2014-09-08    hold    hit
2017-05-10 19:58:44,121 - mylogger - INFO - 2014-09-09    hold    hit
2017-05-10 19:58:44,121 - mylogger - INFO - 2014-09-10    hold    miss
2017-05-10 19:58:44,121 - mylogger - INFO - 2014-09-11    hold    miss
2017-05-10 19:58:44,121 - mylogger - INFO - 2014-09-12    hold    miss
2017-05-10 19:58:44,122 - mylogger - INFO - 2014-09-15    hold    miss
2017-05-10 19:58:44,122 - mylogger - INFO - 2014-09-16    hold    hit
2017-05-10 19:58:44,122 - mylogger - INFO - 2014-09-17    hold    miss
2017-05-10 19:58:44,122 - mylogger - INFO - 2014-09-18    hold    miss
2017-05-10 19:58:44,122 - mylogger - INFO - 2014-09-19    hold    miss
2017-05-10 19:58:44,123 - mylogger - INFO - 2014-09-22    hold    miss
2017-05-10 19:58:44,123 - mylogger - INFO - 2014-09-23    hold    miss
2017-05-10 19:58:44,123 - mylogger - INFO - 2014-09-24    hold    miss
2017-05-10 19:58:44,123 - mylogger - INFO - 2014-09-25    hold    miss
2017-05-10 19:58:44,123 - mylogger - INFO - 2014-09-26    hold    hit
2017-05-10 19:58:44,123 - mylogger - INFO - 2014-09-29    hold    miss
2017-05-10 19:58:44,123 - mylogger - INFO - 2014-09-30    hold    miss
2017-05-10 19:58:44,124 - mylogger - INFO - 2014-10-01    hold    miss
2017-05-10 19:58:44,124 - mylogger - INFO - 2014-10-02    hold    miss
2017-05-10 19:58:44,124 - mylogger - INFO - 2014-10-03    hold    miss
2017-05-10 19:58:44,124 - mylogger - INFO - 2014-10-06    hold    miss
2017-05-10 19:58:44,124 - mylogger - INFO - 2014-10-07    hold    miss
2017-05-10 19:58:44,124 - mylogger - INFO - 2014-10-08    hold    miss
2017-05-10 19:58:44,124 - mylogger - INFO - 2014-10-09    sell    hit
2017-05-10 19:58:44,124 - mylogger - INFO - 2014-10-10    buy     miss
2017-05-10 19:58:44,125 - mylogger - INFO - 2014-10-13    sell    miss
2017-05-10 19:58:44,125 - mylogger - INFO - 2014-10-14    hold    miss
2017-05-10 19:58:44,125 - mylogger - INFO - 2014-10-15    hold    hit
2017-05-10 19:58:44,125 - mylogger - INFO - 2014-10-16    hold    miss
2017-05-10 19:58:44,125 - mylogger - INFO - 2014-10-17    hold    miss
2017-05-10 19:58:44,125 - mylogger - INFO - 2014-10-20    buy     hit
2017-05-10 19:58:44,125 - mylogger - INFO - 2014-10-21    hold    miss
2017-05-10 19:58:44,126 - mylogger - INFO - 2014-10-22    sell    miss
2017-05-10 19:58:44,126 - mylogger - INFO - 2014-10-23    hold    hit
2017-05-10 19:58:44,126 - mylogger - INFO - 2014-10-24    buy     miss
2017-05-10 19:58:44,126 - mylogger - INFO - 2014-10-27    buy     hit
2017-05-10 19:58:44,126 - mylogger - INFO - 2014-10-28    hold    miss
2017-05-10 19:58:44,126 - mylogger - INFO - 2014-10-29    hold    miss
2017-05-10 19:58:44,126 - mylogger - INFO - 2014-10-30    hold    miss
2017-05-10 19:58:44,126 - mylogger - INFO - 2014-10-31    hold    miss
2017-05-10 19:58:44,127 - mylogger - INFO - 2014-11-03    sell    hit
2017-05-10 19:58:44,127 - mylogger - INFO - 2014-11-04    hold    miss
2017-05-10 19:58:44,127 - mylogger - INFO - 2014-11-05    hold    hit
2017-05-10 19:58:44,127 - mylogger - INFO - 2014-11-06    hold    miss
2017-05-10 19:58:44,127 - mylogger - INFO - 2014-11-07    hold    hit
2017-05-10 19:58:44,127 - mylogger - INFO - 2014-11-10    hold    miss
2017-05-10 19:58:44,127 - mylogger - INFO - 2014-11-11    hold    hit
2017-05-10 19:58:44,127 - mylogger - INFO - 2014-11-12    hold    miss
2017-05-10 19:58:44,128 - mylogger - INFO - 2014-11-13    hold    hit
2017-05-10 19:58:44,128 - mylogger - INFO - 2014-11-14    hold    miss
2017-05-10 19:58:44,128 - mylogger - INFO - 2014-11-17    buy     hit
2017-05-10 19:58:44,128 - mylogger - INFO - 2014-11-18    sell    miss
2017-05-10 19:58:44,128 - mylogger - INFO - 2014-11-19    hold    hit
2017-05-10 19:58:44,128 - mylogger - INFO - 2014-11-20    hold    miss
2017-05-10 19:58:44,128 - mylogger - INFO - 2014-11-21    hold    miss
2017-05-10 19:58:44,128 - mylogger - INFO - 2014-11-24    buy     miss
2017-05-10 19:58:44,129 - mylogger - INFO - 2014-11-25    hold    miss
2017-05-10 19:58:44,129 - mylogger - INFO - 2014-11-26    sell    hit
2017-05-10 19:58:44,129 - mylogger - INFO - 2014-11-28    hold    miss
2017-05-10 19:58:44,129 - mylogger - INFO - 2014-12-01    buy     miss
2017-05-10 19:58:44,129 - mylogger - INFO - 2014-12-02    sell    hit
2017-05-10 19:58:44,129 - mylogger - INFO - 2014-12-03    hold    miss
2017-05-10 19:58:44,130 - mylogger - INFO - 2014-12-04    hold    miss
2017-05-10 19:58:44,130 - mylogger - INFO - 2014-12-05    hold    miss
2017-05-10 19:58:44,130 - mylogger - INFO - 2014-12-08    buy     miss
2017-05-10 19:58:44,130 - mylogger - INFO - 2014-12-09    buy     miss
2017-05-10 19:58:44,131 - mylogger - INFO - 2014-12-10    hold    miss
2017-05-10 19:58:44,131 - mylogger - INFO - 2014-12-11    hold    miss
2017-05-10 19:58:44,131 - mylogger - INFO - 2014-12-12    hold    miss
2017-05-10 19:58:44,131 - mylogger - INFO - 2014-12-15    sell    miss
2017-05-10 19:58:44,131 - mylogger - INFO - 2014-12-16    hold    miss
2017-05-10 19:58:44,131 - mylogger - INFO - 2014-12-17    hold    hit
2017-05-10 19:58:44,131 - mylogger - INFO - 2014-12-18    hold    hit
2017-05-10 19:58:44,132 - mylogger - INFO - 2014-12-19    hold    miss
2017-05-10 19:58:44,132 - mylogger - INFO - 2014-12-22    hold    miss
2017-05-10 19:58:44,132 - mylogger - INFO - 2014-12-23    hold    miss
2017-05-10 19:58:44,132 - mylogger - INFO - 2014-12-24    hold    hit
2017-05-10 19:58:44,132 - mylogger - INFO - 2014-12-26    hold    miss
2017-05-10 19:58:44,132 - mylogger - INFO - 2014-12-29    hold    miss
2017-05-10 19:58:44,132 - mylogger - INFO - 2014-12-30    hold    miss
2017-05-10 19:58:44,133 - mylogger - INFO - 2014-12-31    hold    miss
2017-05-10 19:58:44,133 - mylogger - INFO - 2015-01-02    hold    miss
2017-05-10 19:58:44,133 - mylogger - INFO - 2015-01-05    hold    miss
2017-05-10 19:58:44,133 - mylogger - INFO - 2015-01-06    hold    miss
2017-05-10 19:58:44,133 - mylogger - INFO - 2015-01-07    hold    miss
2017-05-10 19:58:44,133 - mylogger - INFO - 2015-01-08    hold    miss
2017-05-10 19:58:44,133 - mylogger - INFO - 2015-01-09    hold    miss
2017-05-10 19:58:44,134 - mylogger - INFO - 2015-01-12    hold    hit
2017-05-10 19:58:44,134 - mylogger - INFO - 2015-01-13    hold    miss
2017-05-10 19:58:44,134 - mylogger - INFO - 2015-01-14    buy     miss
2017-05-10 19:58:44,134 - mylogger - INFO - 2015-01-15    buy     miss
2017-05-10 19:58:44,134 - mylogger - INFO - 2015-01-16    sell    miss
2017-05-10 19:58:44,134 - mylogger - INFO - 2015-01-20    hold    miss
2017-05-10 19:58:44,134 - mylogger - INFO - 2015-01-21    hold    miss
2017-05-10 19:58:44,134 - mylogger - INFO - 2015-01-22    hold    miss
2017-05-10 19:58:44,135 - mylogger - INFO - 2015-01-23    buy     miss
2017-05-10 19:58:44,135 - mylogger - INFO - 2015-01-26    sell    hit
2017-05-10 19:58:44,135 - mylogger - INFO - 2015-01-27    buy     hit
2017-05-10 19:58:44,135 - mylogger - INFO - 2015-01-28    hold    miss
2017-05-10 19:58:44,135 - mylogger - INFO - 2015-01-29    hold    miss
2017-05-10 19:58:44,135 - mylogger - INFO - 2015-01-30    hold    miss
2017-05-10 19:58:44,135 - mylogger - INFO - 2015-02-02    sell    miss
2017-05-10 19:58:44,135 - mylogger - INFO - 2015-02-03    buy     miss
2017-05-10 19:58:44,136 - mylogger - INFO - 2015-02-04    buy     hit
2017-05-10 19:58:44,136 - mylogger - INFO - 2015-02-05    hold    miss
2017-05-10 19:58:44,136 - mylogger - INFO - 2015-02-06    hold    miss
2017-05-10 19:58:44,136 - mylogger - INFO - 2015-02-09    hold    hit
2017-05-10 19:58:44,136 - mylogger - INFO - 2015-02-10    hold    miss
2017-05-10 19:58:44,136 - mylogger - INFO - 2015-02-11    hold    hit
2017-05-10 19:58:44,136 - mylogger - INFO - 2015-02-12    hold    miss
2017-05-10 19:58:44,137 - mylogger - INFO - 2015-02-13    hold    hit
2017-05-10 19:58:44,137 - mylogger - INFO - 2015-02-17    hold    miss
2017-05-10 19:58:44,137 - mylogger - INFO - 2015-02-18    hold    miss
2017-05-10 19:58:44,137 - mylogger - INFO - 2015-02-19    hold    miss
2017-05-10 19:58:44,137 - mylogger - INFO - 2015-02-20    hold    miss
2017-05-10 19:58:44,137 - mylogger - INFO - 2015-02-23    hold    miss
2017-05-10 19:58:44,137 - mylogger - INFO - 2015-02-24    hold    miss
2017-05-10 19:58:44,138 - mylogger - INFO - 2015-02-25    hold    miss
2017-05-10 19:58:44,138 - mylogger - INFO - 2015-02-26    hold    miss
2017-05-10 19:58:44,138 - mylogger - INFO - 2015-02-27    hold    miss
2017-05-10 19:58:44,138 - mylogger - INFO - 2015-03-02    hold    miss
2017-05-10 19:58:44,138 - mylogger - INFO - 2015-03-03    hold    miss
2017-05-10 19:58:44,139 - mylogger - INFO - 2015-03-04    hold    hit
2017-05-10 19:58:44,139 - mylogger - INFO - 2015-03-05    hold    miss
2017-05-10 19:58:44,139 - mylogger - INFO - 2015-03-06    hold    miss
2017-05-10 19:58:44,139 - mylogger - INFO - 2015-03-09    hold    miss
2017-05-10 19:58:44,139 - mylogger - INFO - 2015-03-10    hold    miss
2017-05-10 19:58:44,139 - mylogger - INFO - 2015-03-11    hold    miss
2017-05-10 19:58:44,140 - mylogger - INFO - 2015-03-12    hold    miss
2017-05-10 19:58:44,140 - mylogger - INFO - 2015-03-13    hold    miss
2017-05-10 19:58:44,140 - mylogger - INFO - 2015-03-16    hold    miss
2017-05-10 19:58:44,140 - mylogger - INFO - 2015-03-17    hold    miss
2017-05-10 19:58:44,140 - mylogger - INFO - 2015-03-18    hold    miss
2017-05-10 19:58:44,140 - mylogger - INFO - 2015-03-19    hold    hit
2017-05-10 19:58:44,140 - mylogger - INFO - 2015-03-20    hold    miss
2017-05-10 19:58:44,141 - mylogger - INFO - 2015-03-23    hold    miss
2017-05-10 19:58:44,141 - mylogger - INFO - 2015-03-24    hold    miss
2017-05-10 19:58:44,141 - mylogger - INFO - 2015-03-25    hold    miss
2017-05-10 19:58:44,141 - mylogger - INFO - 2015-03-26    hold    hit
2017-05-10 19:58:44,141 - mylogger - INFO - 2015-03-27    hold    miss
2017-05-10 19:58:44,141 - mylogger - INFO - 2015-03-30    hold    miss
2017-05-10 19:58:44,141 - mylogger - INFO - 2015-03-31    hold    miss
2017-05-10 19:58:44,141 - mylogger - INFO - 2015-04-01    hold    hit
2017-05-10 19:58:44,142 - mylogger - INFO - 2015-04-02    hold    miss
2017-05-10 19:58:44,142 - mylogger - INFO - 2015-04-06    hold    miss
2017-05-10 19:58:44,142 - mylogger - INFO - 2015-04-07    hold    miss
2017-05-10 19:58:44,142 - mylogger - INFO - 2015-04-08    sell    miss
2017-05-10 19:58:44,142 - mylogger - INFO - 2015-04-09    buy     hit
2017-05-10 19:58:44,142 - mylogger - INFO - 2015-04-10    hold    miss
2017-05-10 19:58:44,142 - mylogger - INFO - 2015-04-13    hold    miss
2017-05-10 19:58:44,143 - mylogger - INFO - 2015-04-14    hold    miss
2017-05-10 19:58:44,143 - mylogger - INFO - 2015-04-15    hold    miss
2017-05-10 19:58:44,143 - mylogger - INFO - 2015-04-16    hold    miss
2017-05-10 19:58:44,143 - mylogger - INFO - 2015-04-17    hold    miss
2017-05-10 19:58:44,143 - mylogger - INFO - 2015-04-20    hold    hit
2017-05-10 19:58:44,143 - mylogger - INFO - 2015-04-21    hold    miss
2017-05-10 19:58:44,143 - mylogger - INFO - 2015-04-22    hold    miss
2017-05-10 19:58:44,144 - mylogger - INFO - 2015-04-23    sell    hit
2017-05-10 19:58:44,144 - mylogger - INFO - 2015-04-24    buy     miss
2017-05-10 19:58:44,144 - mylogger - INFO - 2015-04-27    buy     miss
2017-05-10 19:58:44,144 - mylogger - INFO - 2015-04-28    hold    miss
2017-05-10 19:58:44,144 - mylogger - INFO - 2015-04-29    hold    miss
2017-05-10 19:58:44,144 - mylogger - INFO - 2015-04-30    hold    miss
2017-05-10 19:58:44,144 - mylogger - INFO - 2015-05-01    hold    miss
2017-05-10 19:58:44,145 - mylogger - INFO - 2015-05-04    hold    miss
2017-05-10 19:58:44,145 - mylogger - INFO - 2015-05-05    sell    hit
2017-05-10 19:58:44,145 - mylogger - INFO - 2015-05-06    hold    hit
2017-05-10 19:58:44,145 - mylogger - INFO - 2015-05-07    buy     hit
2017-05-10 19:58:44,145 - mylogger - INFO - 2015-05-08    hold    hit
2017-05-10 19:58:44,145 - mylogger - INFO - 2015-05-11    hold    miss
2017-05-10 19:58:44,146 - mylogger - INFO - 2015-05-12    hold    hit
2017-05-10 19:58:44,146 - mylogger - INFO - 2015-05-13    hold    miss
2017-05-10 19:58:44,146 - mylogger - INFO - 2015-05-14    hold    miss
2017-05-10 19:58:44,146 - mylogger - INFO - 2015-05-15    hold    miss
2017-05-10 19:58:44,146 - mylogger - INFO - 2015-05-18    hold    hit
2017-05-10 19:58:44,147 - mylogger - INFO - 2015-05-19    hold    miss
2017-05-10 19:58:44,147 - mylogger - INFO - 2015-05-20    hold    miss
2017-05-10 19:58:44,147 - mylogger - INFO - 2015-05-21    hold    miss
2017-05-10 19:58:44,147 - mylogger - INFO - 2015-05-22    hold    miss
2017-05-10 19:58:44,147 - mylogger - INFO - 2015-05-26    hold    hit
2017-05-10 19:58:44,148 - mylogger - INFO - 2015-05-27    hold    miss
2017-05-10 19:58:44,148 - mylogger - INFO - 2015-05-28    hold    miss
2017-05-10 19:58:44,148 - mylogger - INFO - 2015-05-29    hold    miss
2017-05-10 19:58:44,148 - mylogger - INFO - 2015-06-01    hold    miss
2017-05-10 19:58:44,148 - mylogger - INFO - 2015-06-02    hold    hit
2017-05-10 19:58:44,148 - mylogger - INFO - 2015-06-03    hold    miss
2017-05-10 19:58:44,148 - mylogger - INFO - 2015-06-04    hold    miss
2017-05-10 19:58:44,148 - mylogger - INFO - 2015-06-05    hold    miss
2017-05-10 19:58:44,149 - mylogger - INFO - 2015-06-08    sell    hit
2017-05-10 19:58:44,149 - mylogger - INFO - 2015-06-09    hold    miss
2017-05-10 19:58:44,149 - mylogger - INFO - 2015-06-10    buy     hit
2017-05-10 19:58:44,149 - mylogger - INFO - 2015-06-11    hold    miss
2017-05-10 19:58:44,149 - mylogger - INFO - 2015-06-12    sell    hit
2017-05-10 19:58:44,149 - mylogger - INFO - 2015-06-15    hold    hit
2017-05-10 19:58:44,149 - mylogger - INFO - 2015-06-16    buy     hit
2017-05-10 19:58:44,149 - mylogger - INFO - 2015-06-17    hold    miss
2017-05-10 19:58:44,150 - mylogger - INFO - 2015-06-18    hold    miss
2017-05-10 19:58:44,150 - mylogger - INFO - 2015-06-19    hold    hit
2017-05-10 19:58:44,150 - mylogger - INFO - 2015-06-22    hold    miss
2017-05-10 19:58:44,150 - mylogger - INFO - 2015-06-23    hold    miss
2017-05-10 19:58:44,150 - mylogger - INFO - 2015-06-24    hold    miss
2017-05-10 19:58:44,150 - mylogger - INFO - 2015-06-25    hold    hit
2017-05-10 19:58:44,150 - mylogger - INFO - 2015-06-26    hold    miss
2017-05-10 19:58:44,151 - mylogger - INFO - 2015-06-29    hold    miss
2017-05-10 19:58:44,151 - mylogger - INFO - 2015-06-30    hold    miss
2017-05-10 19:58:44,151 - mylogger - INFO - 2015-07-01    hold    miss
2017-05-10 19:58:44,151 - mylogger - INFO - 2015-07-02    hold    hit
2017-05-10 19:58:44,151 - mylogger - INFO - 2015-07-06    hold    miss
2017-05-10 19:58:44,151 - mylogger - INFO - 2015-07-07    sell    hit
2017-05-10 19:58:44,151 - mylogger - INFO - 2015-07-08    buy     hit
2017-05-10 19:58:44,151 - mylogger - INFO - 2015-07-09    hold    miss
2017-05-10 19:58:44,152 - mylogger - INFO - 2015-07-10    hold    miss
2017-05-10 19:58:44,152 - mylogger - INFO - 2015-07-13    hold    miss
2017-05-10 19:58:44,152 - mylogger - INFO - 2015-07-14    hold    miss
2017-05-10 19:58:44,152 - mylogger - INFO - 2015-07-15    hold    miss
2017-05-10 19:58:44,152 - mylogger - INFO - 2015-07-16    hold    miss
2017-05-10 19:58:44,152 - mylogger - INFO - 2015-07-17    hold    miss
2017-05-10 19:58:44,152 - mylogger - INFO - 2015-07-20    hold    miss
2017-05-10 19:58:44,152 - mylogger - INFO - 2015-07-21    hold    miss
2017-05-10 19:58:44,153 - mylogger - INFO - 2015-07-22    hold    miss
2017-05-10 19:58:44,153 - mylogger - INFO - 2015-07-23    hold    miss
2017-05-10 19:58:44,153 - mylogger - INFO - 2015-07-24    hold    miss
2017-05-10 19:58:44,153 - mylogger - INFO - 2015-07-27    hold    miss
2017-05-10 19:58:44,153 - mylogger - INFO - 2015-07-28    hold    miss
2017-05-10 19:58:44,153 - mylogger - INFO - 2015-07-29    hold    miss
2017-05-10 19:58:44,154 - mylogger - INFO - 2015-07-30    hold    miss
2017-05-10 19:58:44,154 - mylogger - INFO - 2015-07-31    hold    miss
2017-05-10 19:58:44,154 - mylogger - INFO - 2015-08-03    hold    miss
2017-05-10 19:58:44,154 - mylogger - INFO - 2015-08-04    hold    miss
2017-05-10 19:58:44,154 - mylogger - INFO - 2015-08-05    hold    miss
2017-05-10 19:58:44,155 - mylogger - INFO - 2015-08-06    hold    miss
2017-05-10 19:58:44,155 - mylogger - INFO - 2015-08-07    hold    miss
2017-05-10 19:58:44,155 - mylogger - INFO - 2015-08-10    hold    miss
2017-05-10 19:58:44,155 - mylogger - INFO - 2015-08-11    hold    miss
2017-05-10 19:58:44,156 - mylogger - INFO - 2015-08-12    hold    miss
2017-05-10 19:58:44,156 - mylogger - INFO - 2015-08-13    hold    hit
2017-05-10 19:58:44,156 - mylogger - INFO - 2015-08-14    hold    miss
2017-05-10 19:58:44,156 - mylogger - INFO - 2015-08-17    hold    hit
2017-05-10 19:58:44,156 - mylogger - INFO - 2015-08-18    hold    miss
2017-05-10 19:58:44,156 - mylogger - INFO - 2015-08-19    hold    miss
2017-05-10 19:58:44,156 - mylogger - INFO - 2015-08-20    hold    miss
2017-05-10 19:58:44,157 - mylogger - INFO - 2015-08-21    hold    miss
2017-05-10 19:58:44,157 - mylogger - INFO - 2015-08-24    hold    miss
2017-05-10 19:58:44,157 - mylogger - INFO - 2015-08-25    sell    miss
2017-05-10 19:58:44,157 - mylogger - INFO - 2015-08-26    buy     hit
2017-05-10 19:58:44,157 - mylogger - INFO - 2015-08-27    hold    miss
2017-05-10 19:58:44,157 - mylogger - INFO - 2015-08-28    sell    hit
2017-05-10 19:58:44,157 - mylogger - INFO - 2015-08-31    buy     miss
2017-05-10 19:58:44,158 - mylogger - INFO - 2015-09-01    buy     hit
2017-05-10 19:58:44,158 - mylogger - INFO - 2015-09-02    hold    hit
2017-05-10 19:58:44,158 - mylogger - INFO - 2015-09-03    hold    miss
2017-05-10 19:58:44,158 - mylogger - INFO - 2015-09-04    hold    miss
2017-05-10 19:58:44,158 - mylogger - INFO - 2015-09-08    hold    miss
2017-05-10 19:58:44,158 - mylogger - INFO - 2015-09-09    hold    miss
2017-05-10 19:58:44,158 - mylogger - INFO - 2015-09-10    hold    miss
2017-05-10 19:58:44,159 - mylogger - INFO - 2015-09-11    sell    hit
2017-05-10 19:58:44,159 - mylogger - INFO - 2015-09-14    hold    miss
2017-05-10 19:58:44,159 - mylogger - INFO - 2015-09-15    hold    miss
2017-05-10 19:58:44,159 - mylogger - INFO - 2015-09-16    hold    hit
2017-05-10 19:58:44,159 - mylogger - INFO - 2015-09-17    hold    miss
2017-05-10 19:58:44,159 - mylogger - INFO - 2015-09-18    hold    miss
2017-05-10 19:58:44,159 - mylogger - INFO - 2015-09-21    hold    miss
2017-05-10 19:58:44,159 - mylogger - INFO - 2015-09-22    hold    miss
2017-05-10 19:58:44,160 - mylogger - INFO - 2015-09-23    hold    miss
2017-05-10 19:58:44,160 - mylogger - INFO - 2015-09-24    buy     hit
2017-05-10 19:58:44,160 - mylogger - INFO - 2015-09-25    hold    miss
2017-05-10 19:58:44,160 - mylogger - INFO - 2015-09-28    hold    hit
2017-05-10 19:58:44,160 - mylogger - INFO - 2015-09-29    sell    miss
2017-05-10 19:58:44,160 - mylogger - INFO - 2015-09-30    hold    miss
2017-05-10 19:58:44,160 - mylogger - INFO - 2015-10-01    hold    miss
2017-05-10 19:58:44,160 - mylogger - INFO - 2015-10-02    hold    miss
2017-05-10 19:58:44,161 - mylogger - INFO - 2015-10-05    hold    hit
2017-05-10 19:58:44,161 - mylogger - INFO - 2015-10-06    hold    miss
2017-05-10 19:58:44,161 - mylogger - INFO - 2015-10-07    hold    miss
2017-05-10 19:58:44,161 - mylogger - INFO - 2015-10-08    hold    hit
2017-05-10 19:58:44,161 - mylogger - INFO - 2015-10-09    hold    miss
2017-05-10 19:58:44,161 - mylogger - INFO - 2015-10-12    hold    miss
2017-05-10 19:58:44,161 - mylogger - INFO - 2015-10-13    hold    miss
2017-05-10 19:58:44,162 - mylogger - INFO - 2015-10-14    hold    miss
2017-05-10 19:58:44,162 - mylogger - INFO - 2015-10-15    hold    hit
2017-05-10 19:58:44,162 - mylogger - INFO - 2015-10-16    hold    miss
2017-05-10 19:58:44,162 - mylogger - INFO - 2015-10-19    hold    hit
2017-05-10 19:58:44,162 - mylogger - INFO - 2015-10-20    hold    miss
2017-05-10 19:58:44,162 - mylogger - INFO - 2015-10-21    buy     hit
2017-05-10 19:58:44,163 - mylogger - INFO - 2015-10-22    sell    miss
2017-05-10 19:58:44,163 - mylogger - INFO - 2015-10-23    hold    miss
2017-05-10 19:58:44,163 - mylogger - INFO - 2015-10-26    hold    miss
2017-05-10 19:58:44,163 - mylogger - INFO - 2015-10-27    hold    miss
2017-05-10 19:58:44,163 - mylogger - INFO - 2015-10-28    hold    miss
2017-05-10 19:58:44,164 - mylogger - INFO - 2015-10-29    hold    miss
2017-05-10 19:58:44,164 - mylogger - INFO - 2015-10-30    hold    hit
2017-05-10 19:58:44,164 - mylogger - INFO - 2015-11-02    hold    miss
2017-05-10 19:58:44,164 - mylogger - INFO - 2015-11-03    hold    miss
2017-05-10 19:58:44,164 - mylogger - INFO - 2015-11-04    hold    miss
2017-05-10 19:58:44,164 - mylogger - INFO - 2015-11-05    hold    miss
2017-05-10 19:58:44,164 - mylogger - INFO - 2015-11-06    hold    miss
2017-05-10 19:58:44,165 - mylogger - INFO - 2015-11-09    hold    miss
2017-05-10 19:58:44,165 - mylogger - INFO - 2015-11-10    hold    miss
2017-05-10 19:58:44,165 - mylogger - INFO - 2015-11-11    hold    miss
2017-05-10 19:58:44,165 - mylogger - INFO - 2015-11-12    buy     miss
2017-05-10 19:58:44,165 - mylogger - INFO - 2015-11-13    hold    miss
2017-05-10 19:58:44,165 - mylogger - INFO - 2015-11-16    buy     hit
2017-05-10 19:58:44,165 - mylogger - INFO - 2015-11-17    hold    miss
2017-05-10 19:58:44,165 - mylogger - INFO - 2015-11-18    hold    miss
2017-05-10 19:58:44,166 - mylogger - INFO - 2015-11-19    hold    hit
2017-05-10 19:58:44,166 - mylogger - INFO - 2015-11-20    hold    miss
2017-05-10 19:58:44,166 - mylogger - INFO - 2015-11-23    sell    miss
2017-05-10 19:58:44,166 - mylogger - INFO - 2015-11-24    hold    miss
2017-05-10 19:58:44,166 - mylogger - INFO - 2015-11-25    hold    miss
2017-05-10 19:58:44,166 - mylogger - INFO - 2015-11-27    buy     miss
2017-05-10 19:58:44,166 - mylogger - INFO - 2015-11-30    sell    miss
2017-05-10 19:58:44,166 - mylogger - INFO - 2015-12-01    hold    miss
2017-05-10 19:58:44,167 - mylogger - INFO - 2015-12-02    hold    miss
2017-05-10 19:58:44,167 - mylogger - INFO - 2015-12-03    buy     hit
2017-05-10 19:58:44,167 - mylogger - INFO - 2015-12-04    sell    hit
2017-05-10 19:58:44,167 - mylogger - INFO - 2015-12-07    buy     miss
2017-05-10 19:58:44,167 - mylogger - INFO - 2015-12-08    buy     miss
2017-05-10 19:58:44,167 - mylogger - INFO - 2015-12-09    hold    miss
2017-05-10 19:58:44,167 - mylogger - INFO - 2015-12-10    hold    miss
2017-05-10 19:58:44,167 - mylogger - INFO - 2015-12-11    hold    miss
2017-05-10 19:58:44,168 - mylogger - INFO - 2015-12-14    hold    miss
2017-05-10 19:58:44,168 - mylogger - INFO - 2015-12-15    hold    miss
2017-05-10 19:58:44,168 - mylogger - INFO - 2015-12-16    sell    hit
2017-05-10 19:58:44,168 - mylogger - INFO - 2015-12-17    hold    miss
2017-05-10 19:58:44,168 - mylogger - INFO - 2015-12-18    buy     hit
2017-05-10 19:58:44,168 - mylogger - INFO - 2015-12-21    sell    miss
2017-05-10 19:58:44,168 - mylogger - INFO - 2015-12-22    buy     hit
2017-05-10 19:58:44,168 - mylogger - INFO - 2015-12-23    sell    hit
2017-05-10 19:58:44,169 - mylogger - INFO - 2015-12-24    buy     hit
2017-05-10 19:58:44,169 - mylogger - INFO - 2015-12-28    sell    miss
2017-05-10 19:58:44,169 - mylogger - INFO - 2015-12-29    hold    miss
2017-05-10 19:58:44,169 - mylogger - INFO - 2015-12-30    buy     miss
2017-05-10 19:58:44,169 - mylogger - INFO - Hit number:120/503
2017-05-10 19:58:44,169 - mylogger - INFO - Hit rate:0.23856858846918488
