2017-05-10 20:07:07,403 - mylogger - INFO - 0.00830738
2017-05-10 20:07:07,403 - mylogger - INFO - 2014-01-02: hold
2017-05-10 20:07:07,726 - mylogger - INFO - 0.0124821
2017-05-10 20:07:07,727 - mylogger - INFO - 2014-01-03: hold
2017-05-10 20:07:08,175 - mylogger - INFO - 0.00651738
2017-05-10 20:07:08,176 - mylogger - INFO - 2014-01-06: hold
2017-05-10 20:07:08,495 - mylogger - INFO - 0.00830858
2017-05-10 20:07:08,495 - mylogger - INFO - 2014-01-07: hold
2017-05-10 20:07:08,840 - mylogger - INFO - 0.0222329
2017-05-10 20:07:08,841 - mylogger - INFO - 2014-01-08: buy
2017-05-10 20:07:08,841 - mylogger - INFO - 100000.0
2017-05-10 20:07:09,182 - mylogger - INFO - 0.0203065
2017-05-10 20:07:09,183 - mylogger - INFO - 2014-01-09: No cover!
2017-05-10 20:07:09,619 - mylogger - INFO - 0.0227
2017-05-10 20:07:09,620 - mylogger - INFO - 2014-01-10: No cover!
2017-05-10 20:07:09,990 - mylogger - INFO - 0.0231282
2017-05-10 20:07:09,991 - mylogger - INFO - 2014-01-13: No cover!
2017-05-10 20:07:10,334 - mylogger - INFO - 0.0176121
2017-05-10 20:07:10,334 - mylogger - INFO - 2014-01-14: hold
2017-05-10 20:07:10,772 - mylogger - INFO - 0.018018
2017-05-10 20:07:10,772 - mylogger - INFO - 2014-01-15: hold
2017-05-10 20:07:11,103 - mylogger - INFO - 0.00317499
2017-05-10 20:07:11,104 - mylogger - INFO - 2014-01-16: hold
2017-05-10 20:07:11,443 - mylogger - INFO - -0.0101568
2017-05-10 20:07:11,445 - mylogger - INFO - 2014-01-17: sell
2017-05-10 20:07:11,904 - mylogger - INFO - 0.0304682
2017-05-10 20:07:11,905 - mylogger - INFO - 2014-01-21: buy
2017-05-10 20:07:11,905 - mylogger - INFO - 99662.1038222
2017-05-10 20:07:12,261 - mylogger - INFO - 0.00170209
2017-05-10 20:07:12,261 - mylogger - INFO - 2014-01-22: hold
2017-05-10 20:07:12,610 - mylogger - INFO - 0.0155502
2017-05-10 20:07:12,610 - mylogger - INFO - 2014-01-23: hold
2017-05-10 20:07:13,026 - mylogger - INFO - 0.0219053
2017-05-10 20:07:13,026 - mylogger - INFO - 2014-01-24: No cover!
2017-05-10 20:07:13,358 - mylogger - INFO - 0.0127479
2017-05-10 20:07:13,358 - mylogger - INFO - 2014-01-27: hold
2017-05-10 20:07:13,679 - mylogger - INFO - 0.0200983
2017-05-10 20:07:13,680 - mylogger - INFO - 2014-01-28: No cover!
2017-05-10 20:07:14,052 - mylogger - INFO - 0.0117879
2017-05-10 20:07:14,052 - mylogger - INFO - 2014-01-29: hold
2017-05-10 20:07:14,461 - mylogger - INFO - 0.0135202
2017-05-10 20:07:14,461 - mylogger - INFO - 2014-01-30: hold
2017-05-10 20:07:14,813 - mylogger - INFO - 0.0118386
2017-05-10 20:07:14,813 - mylogger - INFO - 2014-01-31: hold
2017-05-10 20:07:15,170 - mylogger - INFO - 0.0108383
2017-05-10 20:07:15,170 - mylogger - INFO - 2014-02-03: hold
2017-05-10 20:07:15,582 - mylogger - INFO - 0.00796406
2017-05-10 20:07:15,583 - mylogger - INFO - 2014-02-04: hold
2017-05-10 20:07:15,919 - mylogger - INFO - 0.0113092
2017-05-10 20:07:15,920 - mylogger - INFO - 2014-02-05: hold
2017-05-10 20:07:16,267 - mylogger - INFO - 0.0115201
2017-05-10 20:07:16,267 - mylogger - INFO - 2014-02-06: hold
2017-05-10 20:07:16,697 - mylogger - INFO - -0.0102116
2017-05-10 20:07:16,698 - mylogger - INFO - 2014-02-07: sell
2017-05-10 20:07:17,040 - mylogger - INFO - 0.000802698
2017-05-10 20:07:17,040 - mylogger - INFO - 2014-02-10: hold
2017-05-10 20:07:17,366 - mylogger - INFO - -0.004825
2017-05-10 20:07:17,367 - mylogger - INFO - 2014-02-11: No short!
2017-05-10 20:07:17,786 - mylogger - INFO - 0.0131995
2017-05-10 20:07:17,786 - mylogger - INFO - 2014-02-12: hold
2017-05-10 20:07:18,130 - mylogger - INFO - 0.0149948
2017-05-10 20:07:18,130 - mylogger - INFO - 2014-02-13: hold
2017-05-10 20:07:18,449 - mylogger - INFO - 0.0121659
2017-05-10 20:07:18,449 - mylogger - INFO - 2014-02-14: hold
2017-05-10 20:07:18,789 - mylogger - INFO - 0.0176679
2017-05-10 20:07:18,789 - mylogger - INFO - 2014-02-18: hold
2017-05-10 20:07:19,218 - mylogger - INFO - 0.0102803
2017-05-10 20:07:19,218 - mylogger - INFO - 2014-02-19: hold
2017-05-10 20:07:19,574 - mylogger - INFO - 0.00142339
2017-05-10 20:07:19,574 - mylogger - INFO - 2014-02-20: hold
2017-05-10 20:07:19,929 - mylogger - INFO - 0.00891328
2017-05-10 20:07:19,929 - mylogger - INFO - 2014-02-21: hold
2017-05-10 20:07:20,362 - mylogger - INFO - -0.00803653
2017-05-10 20:07:20,362 - mylogger - INFO - 2014-02-24: No short!
2017-05-10 20:07:20,707 - mylogger - INFO - 0.00716016
2017-05-10 20:07:20,707 - mylogger - INFO - 2014-02-25: hold
2017-05-10 20:07:21,025 - mylogger - INFO - 0.0111226
2017-05-10 20:07:21,025 - mylogger - INFO - 2014-02-26: hold
2017-05-10 20:07:21,482 - mylogger - INFO - 0.0183777
2017-05-10 20:07:21,484 - mylogger - INFO - 2014-02-27: hold
2017-05-10 20:07:21,804 - mylogger - INFO - 0.00944404
2017-05-10 20:07:21,804 - mylogger - INFO - 2014-02-28: hold
2017-05-10 20:07:22,166 - mylogger - INFO - 0.016381
2017-05-10 20:07:22,166 - mylogger - INFO - 2014-03-03: hold
2017-05-10 20:07:22,625 - mylogger - INFO - -0.00762482
2017-05-10 20:07:22,625 - mylogger - INFO - 2014-03-04: No short!
2017-05-10 20:07:22,958 - mylogger - INFO - -0.000719584
2017-05-10 20:07:22,958 - mylogger - INFO - 2014-03-05: No short!
2017-05-10 20:07:23,308 - mylogger - INFO - -0.000620113
2017-05-10 20:07:23,308 - mylogger - INFO - 2014-03-06: No short!
2017-05-10 20:07:23,656 - mylogger - INFO - 0.00661771
2017-05-10 20:07:23,656 - mylogger - INFO - 2014-03-07: hold
2017-05-10 20:07:24,102 - mylogger - INFO - 0.00588561
2017-05-10 20:07:24,102 - mylogger - INFO - 2014-03-10: hold
2017-05-10 20:07:24,464 - mylogger - INFO - 0.0221835
2017-05-10 20:07:24,465 - mylogger - INFO - 2014-03-11: buy
2017-05-10 20:07:24,465 - mylogger - INFO - 87554.6298406
2017-05-10 20:07:24,814 - mylogger - INFO - 0.0093744
2017-05-10 20:07:24,814 - mylogger - INFO - 2014-03-12: hold
2017-05-10 20:07:25,300 - mylogger - INFO - 0.0225782
2017-05-10 20:07:25,303 - mylogger - INFO - 2014-03-13: buy
2017-05-10 20:07:25,303 - mylogger - INFO - 858.848088483
2017-05-10 20:07:25,656 - mylogger - INFO - 0.0201405
2017-05-10 20:07:25,657 - mylogger - INFO - 2014-03-14: No cover!
2017-05-10 20:07:26,020 - mylogger - INFO - 0.0114067
2017-05-10 20:07:26,020 - mylogger - INFO - 2014-03-17: hold
2017-05-10 20:07:26,482 - mylogger - INFO - 0.0135267
2017-05-10 20:07:26,482 - mylogger - INFO - 2014-03-18: hold
2017-05-10 20:07:26,848 - mylogger - INFO - 0.00390133
2017-05-10 20:07:26,848 - mylogger - INFO - 2014-03-19: hold
2017-05-10 20:07:27,170 - mylogger - INFO - 0.00234793
2017-05-10 20:07:27,170 - mylogger - INFO - 2014-03-20: hold
2017-05-10 20:07:27,605 - mylogger - INFO - 0.0108549
2017-05-10 20:07:27,605 - mylogger - INFO - 2014-03-21: hold
2017-05-10 20:07:27,955 - mylogger - INFO - 0.0104147
2017-05-10 20:07:27,955 - mylogger - INFO - 2014-03-24: hold
2017-05-10 20:07:28,315 - mylogger - INFO - 0.00857035
2017-05-10 20:07:28,317 - mylogger - INFO - 2014-03-25: hold
2017-05-10 20:07:28,690 - mylogger - INFO - 0.0110283
2017-05-10 20:07:28,691 - mylogger - INFO - 2014-03-26: hold
2017-05-10 20:07:29,141 - mylogger - INFO - 0.0185139
2017-05-10 20:07:29,141 - mylogger - INFO - 2014-03-27: hold
2017-05-10 20:07:29,471 - mylogger - INFO - 0.019972
2017-05-10 20:07:29,471 - mylogger - INFO - 2014-03-28: hold
2017-05-10 20:07:29,800 - mylogger - INFO - 0.0208974
2017-05-10 20:07:29,800 - mylogger - INFO - 2014-03-31: No cover!
2017-05-10 20:07:30,223 - mylogger - INFO - 0.00165078
2017-05-10 20:07:30,224 - mylogger - INFO - 2014-04-01: hold
2017-05-10 20:07:30,551 - mylogger - INFO - 0.00380832
2017-05-10 20:07:30,551 - mylogger - INFO - 2014-04-02: hold
2017-05-10 20:07:30,891 - mylogger - INFO - 0.0162895
2017-05-10 20:07:30,891 - mylogger - INFO - 2014-04-03: hold
2017-05-10 20:07:31,313 - mylogger - INFO - 0.0178145
2017-05-10 20:07:31,313 - mylogger - INFO - 2014-04-04: hold
2017-05-10 20:07:31,641 - mylogger - INFO - 0.012957
2017-05-10 20:07:31,641 - mylogger - INFO - 2014-04-07: hold
2017-05-10 20:07:31,973 - mylogger - INFO - 0.0172771
2017-05-10 20:07:31,973 - mylogger - INFO - 2014-04-08: hold
2017-05-10 20:07:32,406 - mylogger - INFO - 0.00312006
2017-05-10 20:07:32,406 - mylogger - INFO - 2014-04-09: hold
2017-05-10 20:07:32,745 - mylogger - INFO - 0.0100252
2017-05-10 20:07:32,745 - mylogger - INFO - 2014-04-10: hold
2017-05-10 20:07:33,071 - mylogger - INFO - 0.010272
2017-05-10 20:07:33,071 - mylogger - INFO - 2014-04-11: hold
2017-05-10 20:07:33,408 - mylogger - INFO - 0.0123554
2017-05-10 20:07:33,408 - mylogger - INFO - 2014-04-14: hold
2017-05-10 20:07:33,836 - mylogger - INFO - 0.0112954
2017-05-10 20:07:33,836 - mylogger - INFO - 2014-04-15: hold
2017-05-10 20:07:34,172 - mylogger - INFO - -0.0147566
2017-05-10 20:07:34,173 - mylogger - INFO - 2014-04-16: sell
2017-05-10 20:07:34,498 - mylogger - INFO - 0.000568878
2017-05-10 20:07:34,499 - mylogger - INFO - 2014-04-17: hold
2017-05-10 20:07:34,931 - mylogger - INFO - -0.0078078
2017-05-10 20:07:34,931 - mylogger - INFO - 2014-04-21: No short!
2017-05-10 20:07:35,261 - mylogger - INFO - -0.0157635
2017-05-10 20:07:35,261 - mylogger - INFO - 2014-04-22: No short!
2017-05-10 20:07:35,605 - mylogger - INFO - 0.00314662
2017-05-10 20:07:35,605 - mylogger - INFO - 2014-04-23: hold
2017-05-10 20:07:36,031 - mylogger - INFO - 0.00181715
2017-05-10 20:07:36,031 - mylogger - INFO - 2014-04-24: hold
2017-05-10 20:07:36,369 - mylogger - INFO - 0.0155749
2017-05-10 20:07:36,369 - mylogger - INFO - 2014-04-25: hold
2017-05-10 20:07:36,725 - mylogger - INFO - 0.00778505
2017-05-10 20:07:36,727 - mylogger - INFO - 2014-04-28: hold
2017-05-10 20:07:37,174 - mylogger - INFO - 0.0126048
2017-05-10 20:07:37,174 - mylogger - INFO - 2014-04-29: hold
2017-05-10 20:07:37,544 - mylogger - INFO - 0.00633066
2017-05-10 20:07:37,544 - mylogger - INFO - 2014-04-30: hold
2017-05-10 20:07:37,866 - mylogger - INFO - 0.00660303
2017-05-10 20:07:37,866 - mylogger - INFO - 2014-05-01: hold
2017-05-10 20:07:38,196 - mylogger - INFO - -0.00432977
2017-05-10 20:07:38,197 - mylogger - INFO - 2014-05-02: No short!
2017-05-10 20:07:38,636 - mylogger - INFO - 0.00380331
2017-05-10 20:07:38,636 - mylogger - INFO - 2014-05-05: hold
2017-05-10 20:07:38,969 - mylogger - INFO - 0.00679763
2017-05-10 20:07:38,969 - mylogger - INFO - 2014-05-06: hold
2017-05-10 20:07:39,302 - mylogger - INFO - 0.0185118
2017-05-10 20:07:39,303 - mylogger - INFO - 2014-05-07: hold
2017-05-10 20:07:39,736 - mylogger - INFO - 0.00164052
2017-05-10 20:07:39,736 - mylogger - INFO - 2014-05-08: hold
2017-05-10 20:07:40,070 - mylogger - INFO - 0.00660968
2017-05-10 20:07:40,070 - mylogger - INFO - 2014-05-09: hold
2017-05-10 20:07:40,401 - mylogger - INFO - 0.00050859
2017-05-10 20:07:40,401 - mylogger - INFO - 2014-05-12: hold
2017-05-10 20:07:40,827 - mylogger - INFO - 0.0124908
2017-05-10 20:07:40,828 - mylogger - INFO - 2014-05-13: hold
2017-05-10 20:07:41,156 - mylogger - INFO - 0.0166729
2017-05-10 20:07:41,156 - mylogger - INFO - 2014-05-14: hold
2017-05-10 20:07:41,485 - mylogger - INFO - 0.0150028
2017-05-10 20:07:41,485 - mylogger - INFO - 2014-05-15: hold
2017-05-10 20:07:41,924 - mylogger - INFO - 0.0296282
2017-05-10 20:07:41,925 - mylogger - INFO - 2014-05-16: buy
2017-05-10 20:07:41,925 - mylogger - INFO - 93345.3159147
2017-05-10 20:07:42,256 - mylogger - INFO - 0.0175688
2017-05-10 20:07:42,256 - mylogger - INFO - 2014-05-19: hold
2017-05-10 20:07:42,588 - mylogger - INFO - 0.0189973
2017-05-10 20:07:42,588 - mylogger - INFO - 2014-05-20: hold
2017-05-10 20:07:42,913 - mylogger - INFO - -0.000617778
2017-05-10 20:07:42,914 - mylogger - INFO - 2014-05-21: sell
2017-05-10 20:07:43,360 - mylogger - INFO - 0.0287224
2017-05-10 20:07:43,361 - mylogger - INFO - 2014-05-22: buy
2017-05-10 20:07:43,361 - mylogger - INFO - 93683.3647342
2017-05-10 20:07:43,709 - mylogger - INFO - 0.00655347
2017-05-10 20:07:43,709 - mylogger - INFO - 2014-05-23: hold
2017-05-10 20:07:44,107 - mylogger - INFO - 0.0184024
2017-05-10 20:07:44,107 - mylogger - INFO - 2014-05-27: hold
2017-05-10 20:07:44,592 - mylogger - INFO - 0.0231546
2017-05-10 20:07:44,593 - mylogger - INFO - 2014-05-28: No cover!
2017-05-10 20:07:44,966 - mylogger - INFO - 0.0220887
2017-05-10 20:07:44,967 - mylogger - INFO - 2014-05-29: No cover!
2017-05-10 20:07:45,289 - mylogger - INFO - 0.0126658
2017-05-10 20:07:45,289 - mylogger - INFO - 2014-05-30: hold
2017-05-10 20:07:45,715 - mylogger - INFO - -0.00029406
2017-05-10 20:07:45,716 - mylogger - INFO - 2014-06-02: sell
2017-05-10 20:07:46,039 - mylogger - INFO - -0.0110252
2017-05-10 20:07:46,039 - mylogger - INFO - 2014-06-03: No short!
2017-05-10 20:07:46,363 - mylogger - INFO - -0.00284019
2017-05-10 20:07:46,364 - mylogger - INFO - 2014-06-04: No short!
2017-05-10 20:07:46,793 - mylogger - INFO - -0.00878178
2017-05-10 20:07:46,793 - mylogger - INFO - 2014-06-05: No short!
2017-05-10 20:07:47,127 - mylogger - INFO - 0.00568242
2017-05-10 20:07:47,127 - mylogger - INFO - 2014-06-06: hold
2017-05-10 20:07:47,466 - mylogger - INFO - -0.0007933
2017-05-10 20:07:47,467 - mylogger - INFO - 2014-06-09: No short!
2017-05-10 20:07:47,788 - mylogger - INFO - -0.00841118
2017-05-10 20:07:47,788 - mylogger - INFO - 2014-06-10: No short!
2017-05-10 20:07:48,232 - mylogger - INFO - 0.0102885
2017-05-10 20:07:48,232 - mylogger - INFO - 2014-06-11: hold
2017-05-10 20:07:48,562 - mylogger - INFO - 0.00920205
2017-05-10 20:07:48,562 - mylogger - INFO - 2014-06-12: hold
2017-05-10 20:07:48,890 - mylogger - INFO - 0.00493567
2017-05-10 20:07:48,890 - mylogger - INFO - 2014-06-13: hold
2017-05-10 20:07:49,320 - mylogger - INFO - -0.00073514
2017-05-10 20:07:49,321 - mylogger - INFO - 2014-06-16: No short!
2017-05-10 20:07:49,661 - mylogger - INFO - -0.0064096
2017-05-10 20:07:49,661 - mylogger - INFO - 2014-06-17: No short!
2017-05-10 20:07:49,983 - mylogger - INFO - -0.000169166
2017-05-10 20:07:49,984 - mylogger - INFO - 2014-06-18: No short!
2017-05-10 20:07:50,425 - mylogger - INFO - 0.0072472
2017-05-10 20:07:50,425 - mylogger - INFO - 2014-06-19: hold
2017-05-10 20:07:50,749 - mylogger - INFO - 0.00709235
2017-05-10 20:07:50,749 - mylogger - INFO - 2014-06-20: hold
2017-05-10 20:07:51,075 - mylogger - INFO - -0.00573088
2017-05-10 20:07:51,075 - mylogger - INFO - 2014-06-23: No short!
2017-05-10 20:07:51,502 - mylogger - INFO - 0.00620026
2017-05-10 20:07:51,502 - mylogger - INFO - 2014-06-24: hold
2017-05-10 20:07:51,836 - mylogger - INFO - 0.016967
2017-05-10 20:07:51,836 - mylogger - INFO - 2014-06-25: hold
2017-05-10 20:07:52,159 - mylogger - INFO - 0.00197127
2017-05-10 20:07:52,159 - mylogger - INFO - 2014-06-26: hold
2017-05-10 20:07:52,501 - mylogger - INFO - 0.000610347
2017-05-10 20:07:52,501 - mylogger - INFO - 2014-06-27: hold
2017-05-10 20:07:52,938 - mylogger - INFO - -0.00855383
2017-05-10 20:07:52,939 - mylogger - INFO - 2014-06-30: No short!
2017-05-10 20:07:53,278 - mylogger - INFO - 0.0113068
2017-05-10 20:07:53,278 - mylogger - INFO - 2014-07-01: hold
2017-05-10 20:07:53,603 - mylogger - INFO - 0.0229977
2017-05-10 20:07:53,604 - mylogger - INFO - 2014-07-02: buy
2017-05-10 20:07:53,604 - mylogger - INFO - 96135.0218721
2017-05-10 20:07:54,045 - mylogger - INFO - 0.00420721
2017-05-10 20:07:54,045 - mylogger - INFO - 2014-07-03: hold
2017-05-10 20:07:54,375 - mylogger - INFO - 0.0055912
2017-05-10 20:07:54,375 - mylogger - INFO - 2014-07-07: hold
2017-05-10 20:07:54,718 - mylogger - INFO - 0.00502327
2017-05-10 20:07:54,718 - mylogger - INFO - 2014-07-08: hold
2017-05-10 20:07:55,138 - mylogger - INFO - 0.0059062
2017-05-10 20:07:55,139 - mylogger - INFO - 2014-07-09: hold
2017-05-10 20:07:55,463 - mylogger - INFO - -0.00727431
2017-05-10 20:07:55,464 - mylogger - INFO - 2014-07-10: sell
2017-05-10 20:07:55,787 - mylogger - INFO - 0.00264275
2017-05-10 20:07:55,787 - mylogger - INFO - 2014-07-11: hold
2017-05-10 20:07:56,215 - mylogger - INFO - -4.88219e-05
2017-05-10 20:07:56,215 - mylogger - INFO - 2014-07-14: No short!
2017-05-10 20:07:56,540 - mylogger - INFO - 0.00591321
2017-05-10 20:07:56,540 - mylogger - INFO - 2014-07-15: hold
2017-05-10 20:07:56,868 - mylogger - INFO - 0.000945154
2017-05-10 20:07:56,868 - mylogger - INFO - 2014-07-16: hold
2017-05-10 20:07:57,304 - mylogger - INFO - -0.000928787
2017-05-10 20:07:57,304 - mylogger - INFO - 2014-07-17: No short!
2017-05-10 20:07:57,614 - mylogger - INFO - -0.00992088
2017-05-10 20:07:57,614 - mylogger - INFO - 2014-07-18: No short!
2017-05-10 20:07:57,944 - mylogger - INFO - 0.00863568
2017-05-10 20:07:57,945 - mylogger - INFO - 2014-07-21: hold
2017-05-10 20:07:58,271 - mylogger - INFO - -0.00122572
2017-05-10 20:07:58,271 - mylogger - INFO - 2014-07-22: No short!
2017-05-10 20:07:58,703 - mylogger - INFO - 0.00885009
2017-05-10 20:07:58,703 - mylogger - INFO - 2014-07-23: hold
2017-05-10 20:07:59,017 - mylogger - INFO - -0.00435684
2017-05-10 20:07:59,018 - mylogger - INFO - 2014-07-24: No short!
2017-05-10 20:07:59,342 - mylogger - INFO - 0.0113323
2017-05-10 20:07:59,342 - mylogger - INFO - 2014-07-25: hold
2017-05-10 20:07:59,769 - mylogger - INFO - 0.0135225
2017-05-10 20:07:59,769 - mylogger - INFO - 2014-07-28: hold
2017-05-10 20:08:00,141 - mylogger - INFO - 0.00567559
2017-05-10 20:08:00,142 - mylogger - INFO - 2014-07-29: hold
2017-05-10 20:08:00,463 - mylogger - INFO - 0.00565992
2017-05-10 20:08:00,463 - mylogger - INFO - 2014-07-30: hold
2017-05-10 20:08:00,894 - mylogger - INFO - -0.00614765
2017-05-10 20:08:00,894 - mylogger - INFO - 2014-07-31: No short!
2017-05-10 20:08:01,220 - mylogger - INFO - -0.0130327
2017-05-10 20:08:01,220 - mylogger - INFO - 2014-08-01: No short!
2017-05-10 20:08:01,543 - mylogger - INFO - -0.00645252
2017-05-10 20:08:01,543 - mylogger - INFO - 2014-08-04: No short!
2017-05-10 20:08:01,969 - mylogger - INFO - -0.0054156
2017-05-10 20:08:01,969 - mylogger - INFO - 2014-08-05: No short!
2017-05-10 20:08:02,290 - mylogger - INFO - -0.00144732
2017-05-10 20:08:02,291 - mylogger - INFO - 2014-08-06: No short!
2017-05-10 20:08:02,605 - mylogger - INFO - -0.00983548
2017-05-10 20:08:02,605 - mylogger - INFO - 2014-08-07: No short!
2017-05-10 20:08:02,931 - mylogger - INFO - -0.0199884
2017-05-10 20:08:02,931 - mylogger - INFO - 2014-08-08: No short!
2017-05-10 20:08:03,360 - mylogger - INFO - 0.00216397
2017-05-10 20:08:03,360 - mylogger - INFO - 2014-08-11: hold
2017-05-10 20:08:03,688 - mylogger - INFO - 0.0084182
2017-05-10 20:08:03,688 - mylogger - INFO - 2014-08-12: hold
2017-05-10 20:08:03,999 - mylogger - INFO - 0.00744773
2017-05-10 20:08:04,000 - mylogger - INFO - 2014-08-13: hold
2017-05-10 20:08:04,433 - mylogger - INFO - 0.00711029
2017-05-10 20:08:04,433 - mylogger - INFO - 2014-08-14: hold
2017-05-10 20:08:04,753 - mylogger - INFO - 0.00858791
2017-05-10 20:08:04,753 - mylogger - INFO - 2014-08-15: hold
2017-05-10 20:08:05,082 - mylogger - INFO - 0.00135401
2017-05-10 20:08:05,082 - mylogger - INFO - 2014-08-18: hold
2017-05-10 20:08:05,522 - mylogger - INFO - 0.00417355
2017-05-10 20:08:05,522 - mylogger - INFO - 2014-08-19: hold
2017-05-10 20:08:05,879 - mylogger - INFO - -0.00487526
2017-05-10 20:08:05,880 - mylogger - INFO - 2014-08-20: No short!
2017-05-10 20:08:06,211 - mylogger - INFO - 0.00699601
2017-05-10 20:08:06,212 - mylogger - INFO - 2014-08-21: hold
2017-05-10 20:08:06,642 - mylogger - INFO - 0.00261172
2017-05-10 20:08:06,642 - mylogger - INFO - 2014-08-22: hold
2017-05-10 20:08:06,975 - mylogger - INFO - 0.00483455
2017-05-10 20:08:06,975 - mylogger - INFO - 2014-08-25: hold
2017-05-10 20:08:07,306 - mylogger - INFO - 0.00118519
2017-05-10 20:08:07,307 - mylogger - INFO - 2014-08-26: hold
2017-05-10 20:08:07,623 - mylogger - INFO - -0.00290419
2017-05-10 20:08:07,623 - mylogger - INFO - 2014-08-27: No short!
2017-05-10 20:08:08,059 - mylogger - INFO - 0.0116984
2017-05-10 20:08:08,059 - mylogger - INFO - 2014-08-28: hold
2017-05-10 20:08:08,387 - mylogger - INFO - 0.0029848
2017-05-10 20:08:08,387 - mylogger - INFO - 2014-08-29: hold
2017-05-10 20:08:08,713 - mylogger - INFO - 0.00811757
2017-05-10 20:08:08,713 - mylogger - INFO - 2014-09-02: hold
2017-05-10 20:08:09,137 - mylogger - INFO - 0.0117509
2017-05-10 20:08:09,137 - mylogger - INFO - 2014-09-03: hold
2017-05-10 20:08:09,468 - mylogger - INFO - 0.0110322
2017-05-10 20:08:09,469 - mylogger - INFO - 2014-09-04: hold
2017-05-10 20:08:09,806 - mylogger - INFO - 0.0114945
2017-05-10 20:08:09,806 - mylogger - INFO - 2014-09-05: hold
2017-05-10 20:08:10,225 - mylogger - INFO - 0.0179684
2017-05-10 20:08:10,225 - mylogger - INFO - 2014-09-08: hold
2017-05-10 20:08:10,556 - mylogger - INFO - 0.00563026
2017-05-10 20:08:10,557 - mylogger - INFO - 2014-09-09: hold
2017-05-10 20:08:10,879 - mylogger - INFO - 0.0245175
2017-05-10 20:08:10,880 - mylogger - INFO - 2014-09-10: buy
2017-05-10 20:08:10,880 - mylogger - INFO - 95806.4140769
2017-05-10 20:08:11,310 - mylogger - INFO - 0.00738249
2017-05-10 20:08:11,310 - mylogger - INFO - 2014-09-11: hold
2017-05-10 20:08:11,631 - mylogger - INFO - 0.0154373
2017-05-10 20:08:11,631 - mylogger - INFO - 2014-09-12: hold
2017-05-10 20:08:11,957 - mylogger - INFO - 0.0199302
2017-05-10 20:08:11,958 - mylogger - INFO - 2014-09-15: hold
2017-05-10 20:08:12,283 - mylogger - INFO - 0.0235059
2017-05-10 20:08:12,285 - mylogger - INFO - 2014-09-16: buy
2017-05-10 20:08:12,285 - mylogger - INFO - 492.307977245
2017-05-10 20:08:12,720 - mylogger - INFO - 0.000304058
2017-05-10 20:08:12,720 - mylogger - INFO - 2014-09-17: hold
2017-05-10 20:08:13,043 - mylogger - INFO - 0.00162959
2017-05-10 20:08:13,043 - mylogger - INFO - 2014-09-18: hold
2017-05-10 20:08:13,372 - mylogger - INFO - 0.00185844
2017-05-10 20:08:13,372 - mylogger - INFO - 2014-09-19: hold
2017-05-10 20:08:13,795 - mylogger - INFO - 0.00439641
2017-05-10 20:08:13,795 - mylogger - INFO - 2014-09-22: hold
2017-05-10 20:08:14,117 - mylogger - INFO - 0.0227111
2017-05-10 20:08:14,117 - mylogger - INFO - 2014-09-23: No cover!
2017-05-10 20:08:14,440 - mylogger - INFO - 0.0133583
2017-05-10 20:08:14,441 - mylogger - INFO - 2014-09-24: hold
2017-05-10 20:08:14,875 - mylogger - INFO - 0.000368402
2017-05-10 20:08:14,875 - mylogger - INFO - 2014-09-25: hold
2017-05-10 20:08:15,190 - mylogger - INFO - 0.00866281
2017-05-10 20:08:15,190 - mylogger - INFO - 2014-09-26: hold
2017-05-10 20:08:15,520 - mylogger - INFO - 0.000899818
2017-05-10 20:08:15,520 - mylogger - INFO - 2014-09-29: hold
2017-05-10 20:08:15,939 - mylogger - INFO - 0.0129604
2017-05-10 20:08:15,939 - mylogger - INFO - 2014-09-30: hold
2017-05-10 20:08:16,276 - mylogger - INFO - 0.00565474
2017-05-10 20:08:16,277 - mylogger - INFO - 2014-10-01: hold
2017-05-10 20:08:16,590 - mylogger - INFO - 0.0135122
2017-05-10 20:08:16,590 - mylogger - INFO - 2014-10-02: hold
2017-05-10 20:08:16,920 - mylogger - INFO - 0.00903897
2017-05-10 20:08:16,920 - mylogger - INFO - 2014-10-03: hold
2017-05-10 20:08:17,342 - mylogger - INFO - 0.00375773
2017-05-10 20:08:17,342 - mylogger - INFO - 2014-10-06: hold
2017-05-10 20:08:17,665 - mylogger - INFO - 0.012659
2017-05-10 20:08:17,666 - mylogger - INFO - 2014-10-07: hold
2017-05-10 20:08:17,974 - mylogger - INFO - 0.00904381
2017-05-10 20:08:17,974 - mylogger - INFO - 2014-10-08: hold
2017-05-10 20:08:18,416 - mylogger - INFO - -0.00908844
2017-05-10 20:08:18,417 - mylogger - INFO - 2014-10-09: sell
2017-05-10 20:08:18,739 - mylogger - INFO - 0.0138576
2017-05-10 20:08:18,739 - mylogger - INFO - 2014-10-10: hold
2017-05-10 20:08:19,070 - mylogger - INFO - -0.00538919
2017-05-10 20:08:19,070 - mylogger - INFO - 2014-10-13: No short!
2017-05-10 20:08:19,502 - mylogger - INFO - -0.00704967
2017-05-10 20:08:19,502 - mylogger - INFO - 2014-10-14: No short!
2017-05-10 20:08:19,834 - mylogger - INFO - -0.00976737
2017-05-10 20:08:19,834 - mylogger - INFO - 2014-10-15: No short!
2017-05-10 20:08:20,154 - mylogger - INFO - 0.00305342
2017-05-10 20:08:20,154 - mylogger - INFO - 2014-10-16: hold
2017-05-10 20:08:20,582 - mylogger - INFO - 0.00301337
2017-05-10 20:08:20,582 - mylogger - INFO - 2014-10-17: hold
2017-05-10 20:08:20,904 - mylogger - INFO - 0.00785581
2017-05-10 20:08:20,904 - mylogger - INFO - 2014-10-20: hold
2017-05-10 20:08:21,234 - mylogger - INFO - 0.00157285
2017-05-10 20:08:21,235 - mylogger - INFO - 2014-10-21: hold
2017-05-10 20:08:21,661 - mylogger - INFO - -0.00256354
2017-05-10 20:08:21,662 - mylogger - INFO - 2014-10-22: No short!
2017-05-10 20:08:22,005 - mylogger - INFO - 0.000958776
2017-05-10 20:08:22,005 - mylogger - INFO - 2014-10-23: hold
2017-05-10 20:08:22,333 - mylogger - INFO - 0.005733
2017-05-10 20:08:22,333 - mylogger - INFO - 2014-10-24: hold
2017-05-10 20:08:22,660 - mylogger - INFO - 0.018629
2017-05-10 20:08:22,660 - mylogger - INFO - 2014-10-27: hold
2017-05-10 20:08:23,092 - mylogger - INFO - 0.00683554
2017-05-10 20:08:23,092 - mylogger - INFO - 2014-10-28: hold
2017-05-10 20:08:23,415 - mylogger - INFO - 0.0107996
2017-05-10 20:08:23,415 - mylogger - INFO - 2014-10-29: hold
2017-05-10 20:08:23,728 - mylogger - INFO - 0.00665998
2017-05-10 20:08:23,728 - mylogger - INFO - 2014-10-30: hold
2017-05-10 20:08:24,162 - mylogger - INFO - 0.00680969
2017-05-10 20:08:24,162 - mylogger - INFO - 2014-10-31: hold
2017-05-10 20:08:24,494 - mylogger - INFO - -0.00118058
2017-05-10 20:08:24,494 - mylogger - INFO - 2014-11-03: No short!
2017-05-10 20:08:24,818 - mylogger - INFO - -0.0085912
2017-05-10 20:08:24,819 - mylogger - INFO - 2014-11-04: No short!
2017-05-10 20:08:25,252 - mylogger - INFO - -0.00252804
2017-05-10 20:08:25,253 - mylogger - INFO - 2014-11-05: No short!
2017-05-10 20:08:25,576 - mylogger - INFO - -0.0101948
2017-05-10 20:08:25,576 - mylogger - INFO - 2014-11-06: No short!
2017-05-10 20:08:25,907 - mylogger - INFO - -0.00026415
2017-05-10 20:08:25,908 - mylogger - INFO - 2014-11-07: No short!
2017-05-10 20:08:26,336 - mylogger - INFO - 0.00319363
2017-05-10 20:08:26,336 - mylogger - INFO - 2014-11-10: hold
2017-05-10 20:08:26,669 - mylogger - INFO - 0.00426597
2017-05-10 20:08:26,669 - mylogger - INFO - 2014-11-11: hold
2017-05-10 20:08:26,989 - mylogger - INFO - 0.000200115
2017-05-10 20:08:26,990 - mylogger - INFO - 2014-11-12: hold
2017-05-10 20:08:27,424 - mylogger - INFO - 0.000724799
2017-05-10 20:08:27,424 - mylogger - INFO - 2014-11-13: hold
2017-05-10 20:08:27,738 - mylogger - INFO - 0.00395598
2017-05-10 20:08:27,738 - mylogger - INFO - 2014-11-14: hold
2017-05-10 20:08:28,070 - mylogger - INFO - 0.01993
2017-05-10 20:08:28,070 - mylogger - INFO - 2014-11-17: hold
2017-05-10 20:08:28,392 - mylogger - INFO - -0.00570325
2017-05-10 20:08:28,393 - mylogger - INFO - 2014-11-18: No short!
2017-05-10 20:08:28,837 - mylogger - INFO - -0.00562245
2017-05-10 20:08:28,837 - mylogger - INFO - 2014-11-19: No short!
2017-05-10 20:08:29,156 - mylogger - INFO - -0.0067242
2017-05-10 20:08:29,156 - mylogger - INFO - 2014-11-20: No short!
2017-05-10 20:08:29,490 - mylogger - INFO - -0.0119408
2017-05-10 20:08:29,490 - mylogger - INFO - 2014-11-21: No short!
2017-05-10 20:08:29,921 - mylogger - INFO - 0.0254983
2017-05-10 20:08:29,922 - mylogger - INFO - 2014-11-24: buy
2017-05-10 20:08:29,922 - mylogger - INFO - 86499.9626262
2017-05-10 20:08:30,260 - mylogger - INFO - 0.0237162
2017-05-10 20:08:30,261 - mylogger - INFO - 2014-11-25: No cover!
2017-05-10 20:08:30,579 - mylogger - INFO - -0.00584212
2017-05-10 20:08:30,580 - mylogger - INFO - 2014-11-26: sell
2017-05-10 20:08:31,024 - mylogger - INFO - 0.0023308
2017-05-10 20:08:31,024 - mylogger - INFO - 2014-11-28: hold
2017-05-10 20:08:31,346 - mylogger - INFO - 0.00945929
2017-05-10 20:08:31,347 - mylogger - INFO - 2014-12-01: hold
2017-05-10 20:08:31,684 - mylogger - INFO - -0.00146803
2017-05-10 20:08:31,685 - mylogger - INFO - 2014-12-02: No short!
2017-05-10 20:08:32,110 - mylogger - INFO - 0.00186545
2017-05-10 20:08:32,111 - mylogger - INFO - 2014-12-03: hold
2017-05-10 20:08:32,456 - mylogger - INFO - -0.000586373
2017-05-10 20:08:32,456 - mylogger - INFO - 2014-12-04: No short!
2017-05-10 20:08:32,769 - mylogger - INFO - 0.00285018
2017-05-10 20:08:32,770 - mylogger - INFO - 2014-12-05: hold
2017-05-10 20:08:33,100 - mylogger - INFO - 0.0112878
2017-05-10 20:08:33,100 - mylogger - INFO - 2014-12-08: hold
2017-05-10 20:08:33,528 - mylogger - INFO - 0.00585117
2017-05-10 20:08:33,528 - mylogger - INFO - 2014-12-09: hold
2017-05-10 20:08:33,859 - mylogger - INFO - 0.0131179
2017-05-10 20:08:33,859 - mylogger - INFO - 2014-12-10: hold
2017-05-10 20:08:34,174 - mylogger - INFO - 0.00195634
2017-05-10 20:08:34,174 - mylogger - INFO - 2014-12-11: hold
2017-05-10 20:08:34,608 - mylogger - INFO - 0.00249231
2017-05-10 20:08:34,608 - mylogger - INFO - 2014-12-12: hold
2017-05-10 20:08:34,934 - mylogger - INFO - -0.0123964
2017-05-10 20:08:34,934 - mylogger - INFO - 2014-12-15: No short!
2017-05-10 20:08:35,269 - mylogger - INFO - -0.000538787
2017-05-10 20:08:35,269 - mylogger - INFO - 2014-12-16: No short!
2017-05-10 20:08:35,702 - mylogger - INFO - -0.00720678
2017-05-10 20:08:35,702 - mylogger - INFO - 2014-12-17: No short!
2017-05-10 20:08:36,037 - mylogger - INFO - 0.000688061
2017-05-10 20:08:36,037 - mylogger - INFO - 2014-12-18: hold
2017-05-10 20:08:36,356 - mylogger - INFO - -0.00833313
2017-05-10 20:08:36,356 - mylogger - INFO - 2014-12-19: No short!
2017-05-10 20:08:36,788 - mylogger - INFO - -0.00231308
2017-05-10 20:08:36,788 - mylogger - INFO - 2014-12-22: No short!
2017-05-10 20:08:37,123 - mylogger - INFO - -0.00767237
2017-05-10 20:08:37,123 - mylogger - INFO - 2014-12-23: No short!
2017-05-10 20:08:37,452 - mylogger - INFO - -0.00445894
2017-05-10 20:08:37,452 - mylogger - INFO - 2014-12-24: No short!
2017-05-10 20:08:37,784 - mylogger - INFO - 0.00361456
2017-05-10 20:08:37,784 - mylogger - INFO - 2014-12-26: hold
2017-05-10 20:08:38,219 - mylogger - INFO - -0.000979104
2017-05-10 20:08:38,219 - mylogger - INFO - 2014-12-29: No short!
2017-05-10 20:08:38,545 - mylogger - INFO - -0.00855011
2017-05-10 20:08:38,546 - mylogger - INFO - 2014-12-30: No short!
2017-05-10 20:08:38,868 - mylogger - INFO - -0.0109361
2017-05-10 20:08:38,868 - mylogger - INFO - 2014-12-31: No short!
2017-05-10 20:08:39,298 - mylogger - INFO - -0.00558376
2017-05-10 20:08:39,298 - mylogger - INFO - 2015-01-02: No short!
2017-05-10 20:08:39,620 - mylogger - INFO - -0.0191534
2017-05-10 20:08:39,620 - mylogger - INFO - 2015-01-05: No short!
2017-05-10 20:08:39,959 - mylogger - INFO - -0.0208482
2017-05-10 20:08:39,960 - mylogger - INFO - 2015-01-06: No short!
2017-05-10 20:08:40,420 - mylogger - INFO - -0.0253283
2017-05-10 20:08:40,420 - mylogger - INFO - 2015-01-07: No short!
2017-05-10 20:08:40,761 - mylogger - INFO - -0.036871
2017-05-10 20:08:40,762 - mylogger - INFO - 2015-01-08: No short!
2017-05-10 20:08:41,080 - mylogger - INFO - -0.0146801
2017-05-10 20:08:41,080 - mylogger - INFO - 2015-01-09: No short!
2017-05-10 20:08:41,516 - mylogger - INFO - -0.0192409
2017-05-10 20:08:41,516 - mylogger - INFO - 2015-01-12: No short!
2017-05-10 20:08:41,834 - mylogger - INFO - -0.00744351
2017-05-10 20:08:41,834 - mylogger - INFO - 2015-01-13: No short!
2017-05-10 20:08:42,181 - mylogger - INFO - 0.00903171
2017-05-10 20:08:42,182 - mylogger - INFO - 2015-01-14: hold
2017-05-10 20:08:42,500 - mylogger - INFO - 0.00502175
2017-05-10 20:08:42,500 - mylogger - INFO - 2015-01-15: hold
2017-05-10 20:08:42,940 - mylogger - INFO - -0.0108472
2017-05-10 20:08:42,940 - mylogger - INFO - 2015-01-16: No short!
2017-05-10 20:08:43,262 - mylogger - INFO - 0.00484505
2017-05-10 20:08:43,262 - mylogger - INFO - 2015-01-20: hold
2017-05-10 20:08:43,587 - mylogger - INFO - -0.00814502
2017-05-10 20:08:43,588 - mylogger - INFO - 2015-01-21: No short!
2017-05-10 20:08:44,016 - mylogger - INFO - -0.00675211
2017-05-10 20:08:44,016 - mylogger - INFO - 2015-01-22: No short!
2017-05-10 20:08:44,339 - mylogger - INFO - 0.0105473
2017-05-10 20:08:44,340 - mylogger - INFO - 2015-01-23: hold
2017-05-10 20:08:44,651 - mylogger - INFO - -0.000977635
2017-05-10 20:08:44,652 - mylogger - INFO - 2015-01-26: No short!
2017-05-10 20:08:45,083 - mylogger - INFO - 0.00523167
2017-05-10 20:08:45,083 - mylogger - INFO - 2015-01-27: hold
2017-05-10 20:08:45,407 - mylogger - INFO - 0.0174569
2017-05-10 20:08:45,407 - mylogger - INFO - 2015-01-28: hold
2017-05-10 20:08:45,742 - mylogger - INFO - 0.0009242
2017-05-10 20:08:45,742 - mylogger - INFO - 2015-01-29: hold
2017-05-10 20:08:46,173 - mylogger - INFO - 0.013186
2017-05-10 20:08:46,173 - mylogger - INFO - 2015-01-30: hold
2017-05-10 20:08:46,503 - mylogger - INFO - -0.000871589
2017-05-10 20:08:46,503 - mylogger - INFO - 2015-02-02: No short!
2017-05-10 20:08:46,827 - mylogger - INFO - 0.0145133
2017-05-10 20:08:46,827 - mylogger - INFO - 2015-02-03: hold
2017-05-10 20:08:47,157 - mylogger - INFO - 0.0109264
2017-05-10 20:08:47,157 - mylogger - INFO - 2015-02-04: hold
2017-05-10 20:08:47,595 - mylogger - INFO - 0.0110764
2017-05-10 20:08:47,595 - mylogger - INFO - 2015-02-05: hold
2017-05-10 20:08:47,923 - mylogger - INFO - 0.0226325
2017-05-10 20:08:47,924 - mylogger - INFO - 2015-02-06: buy
2017-05-10 20:08:47,924 - mylogger - INFO - 86200.5084774
2017-05-10 20:08:48,246 - mylogger - INFO - 0.0195481
2017-05-10 20:08:48,247 - mylogger - INFO - 2015-02-09: hold
2017-05-10 20:08:48,676 - mylogger - INFO - 0.0117799
2017-05-10 20:08:48,676 - mylogger - INFO - 2015-02-10: hold
2017-05-10 20:08:49,010 - mylogger - INFO - 0.0100364
2017-05-10 20:08:49,010 - mylogger - INFO - 2015-02-11: hold
2017-05-10 20:08:49,339 - mylogger - INFO - 0.00979797
2017-05-10 20:08:49,340 - mylogger - INFO - 2015-02-12: hold
2017-05-10 20:08:49,768 - mylogger - INFO - 0.0185377
2017-05-10 20:08:49,768 - mylogger - INFO - 2015-02-13: hold
2017-05-10 20:08:50,094 - mylogger - INFO - 0.0135974
2017-05-10 20:08:50,094 - mylogger - INFO - 2015-02-17: hold
2017-05-10 20:08:50,419 - mylogger - INFO - 0.0086186
2017-05-10 20:08:50,419 - mylogger - INFO - 2015-02-18: hold
2017-05-10 20:08:50,856 - mylogger - INFO - 0.01698
2017-05-10 20:08:50,857 - mylogger - INFO - 2015-02-19: hold
2017-05-10 20:08:51,189 - mylogger - INFO - 0.0163271
2017-05-10 20:08:51,190 - mylogger - INFO - 2015-02-20: hold
2017-05-10 20:08:51,510 - mylogger - INFO - 0.0108891
2017-05-10 20:08:51,510 - mylogger - INFO - 2015-02-23: hold
2017-05-10 20:08:51,838 - mylogger - INFO - 0.0122868
2017-05-10 20:08:51,838 - mylogger - INFO - 2015-02-24: hold
2017-05-10 20:08:52,277 - mylogger - INFO - 0.0121184
2017-05-10 20:08:52,277 - mylogger - INFO - 2015-02-25: hold
2017-05-10 20:08:52,611 - mylogger - INFO - 0.0151329
2017-05-10 20:08:52,611 - mylogger - INFO - 2015-02-26: hold
2017-05-10 20:08:52,925 - mylogger - INFO - 0.0114678
2017-05-10 20:08:52,925 - mylogger - INFO - 2015-02-27: hold
2017-05-10 20:08:53,362 - mylogger - INFO - 0.0253509
2017-05-10 20:08:53,363 - mylogger - INFO - 2015-03-02: buy
2017-05-10 20:08:53,363 - mylogger - INFO - 339.580395349
2017-05-10 20:08:53,680 - mylogger - INFO - 0.010119
2017-05-10 20:08:53,680 - mylogger - INFO - 2015-03-03: hold
2017-05-10 20:08:54,011 - mylogger - INFO - 0.0205394
2017-05-10 20:08:54,013 - mylogger - INFO - 2015-03-04: No cover!
2017-05-10 20:08:54,452 - mylogger - INFO - 0.00664906
2017-05-10 20:08:54,452 - mylogger - INFO - 2015-03-05: hold
2017-05-10 20:08:54,791 - mylogger - INFO - 0.0153002
2017-05-10 20:08:54,791 - mylogger - INFO - 2015-03-06: hold
2017-05-10 20:08:55,110 - mylogger - INFO - 0.0190175
2017-05-10 20:08:55,110 - mylogger - INFO - 2015-03-09: hold
2017-05-10 20:08:55,545 - mylogger - INFO - 0.014764
2017-05-10 20:08:55,545 - mylogger - INFO - 2015-03-10: hold
2017-05-10 20:08:55,855 - mylogger - INFO - 0.0158012
2017-05-10 20:08:55,855 - mylogger - INFO - 2015-03-11: hold
2017-05-10 20:08:56,195 - mylogger - INFO - 0.015228
2017-05-10 20:08:56,195 - mylogger - INFO - 2015-03-12: hold
2017-05-10 20:08:56,512 - mylogger - INFO - 0.0188026
2017-05-10 20:08:56,512 - mylogger - INFO - 2015-03-13: hold
2017-05-10 20:08:56,957 - mylogger - INFO - 0.00188445
2017-05-10 20:08:56,957 - mylogger - INFO - 2015-03-16: hold
2017-05-10 20:08:57,278 - mylogger - INFO - 0.0110997
2017-05-10 20:08:57,278 - mylogger - INFO - 2015-03-17: hold
2017-05-10 20:08:57,613 - mylogger - INFO - 0.0173749
2017-05-10 20:08:57,613 - mylogger - INFO - 2015-03-18: hold
2017-05-10 20:08:58,042 - mylogger - INFO - 0.00751248
2017-05-10 20:08:58,042 - mylogger - INFO - 2015-03-19: hold
2017-05-10 20:08:58,373 - mylogger - INFO - 0.0148629
2017-05-10 20:08:58,373 - mylogger - INFO - 2015-03-20: hold
2017-05-10 20:08:58,698 - mylogger - INFO - 0.0199096
2017-05-10 20:08:58,698 - mylogger - INFO - 2015-03-23: hold
2017-05-10 20:08:59,127 - mylogger - INFO - 0.0151317
2017-05-10 20:08:59,127 - mylogger - INFO - 2015-03-24: hold
2017-05-10 20:08:59,447 - mylogger - INFO - 0.0084807
2017-05-10 20:08:59,448 - mylogger - INFO - 2015-03-25: hold
2017-05-10 20:08:59,775 - mylogger - INFO - 0.0242233
2017-05-10 20:08:59,776 - mylogger - INFO - 2015-03-26: No cover!
2017-05-10 20:09:00,204 - mylogger - INFO - 0.0187826
2017-05-10 20:09:00,204 - mylogger - INFO - 2015-03-27: hold
2017-05-10 20:09:00,527 - mylogger - INFO - 0.0129655
2017-05-10 20:09:00,528 - mylogger - INFO - 2015-03-30: hold
2017-05-10 20:09:00,849 - mylogger - INFO - 0.00591179
2017-05-10 20:09:00,850 - mylogger - INFO - 2015-03-31: hold
2017-05-10 20:09:01,192 - mylogger - INFO - 0.0124559
2017-05-10 20:09:01,192 - mylogger - INFO - 2015-04-01: hold
2017-05-10 20:09:01,633 - mylogger - INFO - 0.00572133
2017-05-10 20:09:01,634 - mylogger - INFO - 2015-04-02: hold
2017-05-10 20:09:01,965 - mylogger - INFO - 0.00874605
2017-05-10 20:09:01,965 - mylogger - INFO - 2015-04-06: hold
2017-05-10 20:09:02,290 - mylogger - INFO - 0.00711314
2017-05-10 20:09:02,290 - mylogger - INFO - 2015-04-07: hold
2017-05-10 20:09:02,717 - mylogger - INFO - -0.00139404
2017-05-10 20:09:02,718 - mylogger - INFO - 2015-04-08: sell
2017-05-10 20:09:03,051 - mylogger - INFO - 0.00760956
2017-05-10 20:09:03,051 - mylogger - INFO - 2015-04-09: hold
2017-05-10 20:09:03,373 - mylogger - INFO - 0.0111091
2017-05-10 20:09:03,373 - mylogger - INFO - 2015-04-10: hold
2017-05-10 20:09:03,804 - mylogger - INFO - 0.03102
2017-05-10 20:09:03,805 - mylogger - INFO - 2015-04-13: buy
2017-05-10 20:09:03,805 - mylogger - INFO - 88868.7575889
2017-05-10 20:09:04,131 - mylogger - INFO - 0.0240238
2017-05-10 20:09:04,132 - mylogger - INFO - 2015-04-14: buy
2017-05-10 20:09:04,132 - mylogger - INFO - 46.3872287716
2017-05-10 20:09:04,456 - mylogger - INFO - 0.0309131
2017-05-10 20:09:04,457 - mylogger - INFO - 2015-04-15: No cover!
2017-05-10 20:09:04,895 - mylogger - INFO - 0.0274932
2017-05-10 20:09:04,896 - mylogger - INFO - 2015-04-16: No cover!
2017-05-10 20:09:05,242 - mylogger - INFO - 0.0219828
2017-05-10 20:09:05,243 - mylogger - INFO - 2015-04-17: No cover!
2017-05-10 20:09:05,547 - mylogger - INFO - 0.0140565
2017-05-10 20:09:05,547 - mylogger - INFO - 2015-04-20: hold
2017-05-10 20:09:05,958 - mylogger - INFO - 0.0104432
2017-05-10 20:09:05,959 - mylogger - INFO - 2015-04-21: hold
2017-05-10 20:09:06,267 - mylogger - INFO - 0.00711518
2017-05-10 20:09:06,267 - mylogger - INFO - 2015-04-22: hold
2017-05-10 20:09:06,575 - mylogger - INFO - -0.00386385
2017-05-10 20:09:06,576 - mylogger - INFO - 2015-04-23: sell
2017-05-10 20:09:06,876 - mylogger - INFO - 0.00851624
2017-05-10 20:09:06,876 - mylogger - INFO - 2015-04-24: hold
2017-05-10 20:09:07,277 - mylogger - INFO - 0.0136141
2017-05-10 20:09:07,277 - mylogger - INFO - 2015-04-27: hold
2017-05-10 20:09:07,570 - mylogger - INFO - 0.00703664
2017-05-10 20:09:07,571 - mylogger - INFO - 2015-04-28: hold
2017-05-10 20:09:07,863 - mylogger - INFO - 0.015276
2017-05-10 20:09:07,864 - mylogger - INFO - 2015-04-29: hold
2017-05-10 20:09:08,253 - mylogger - INFO - 0.0201405
2017-05-10 20:09:08,254 - mylogger - INFO - 2015-04-30: buy
2017-05-10 20:09:08,254 - mylogger - INFO - 83725.6110577
2017-05-10 20:09:08,547 - mylogger - INFO - 0.0209189
2017-05-10 20:09:08,548 - mylogger - INFO - 2015-05-01: No cover!
2017-05-10 20:09:08,841 - mylogger - INFO - 0.00948828
2017-05-10 20:09:08,841 - mylogger - INFO - 2015-05-04: hold
2017-05-10 20:09:09,231 - mylogger - INFO - -0.00567123
2017-05-10 20:09:09,232 - mylogger - INFO - 2015-05-05: sell
2017-05-10 20:09:09,527 - mylogger - INFO - 0.00467928
2017-05-10 20:09:09,527 - mylogger - INFO - 2015-05-06: hold
2017-05-10 20:09:09,826 - mylogger - INFO - 0.0108609
2017-05-10 20:09:09,826 - mylogger - INFO - 2015-05-07: hold
2017-05-10 20:09:10,216 - mylogger - INFO - 0.00311992
2017-05-10 20:09:10,217 - mylogger - INFO - 2015-05-08: hold
2017-05-10 20:09:10,510 - mylogger - INFO - 0.0144177
2017-05-10 20:09:10,510 - mylogger - INFO - 2015-05-11: hold
2017-05-10 20:09:10,802 - mylogger - INFO - 0.0149855
2017-05-10 20:09:10,802 - mylogger - INFO - 2015-05-12: hold
2017-05-10 20:09:11,097 - mylogger - INFO - 0.0144282
2017-05-10 20:09:11,098 - mylogger - INFO - 2015-05-13: hold
2017-05-10 20:09:11,489 - mylogger - INFO - 0.0150358
2017-05-10 20:09:11,489 - mylogger - INFO - 2015-05-14: hold
2017-05-10 20:09:11,782 - mylogger - INFO - 0.00269823
2017-05-10 20:09:11,783 - mylogger - INFO - 2015-05-15: hold
2017-05-10 20:09:12,086 - mylogger - INFO - 0.00136736
2017-05-10 20:09:12,086 - mylogger - INFO - 2015-05-18: hold
2017-05-10 20:09:12,471 - mylogger - INFO - 0.00188064
2017-05-10 20:09:12,471 - mylogger - INFO - 2015-05-19: hold
2017-05-10 20:09:12,763 - mylogger - INFO - 0.0123136
2017-05-10 20:09:12,763 - mylogger - INFO - 2015-05-20: hold
2017-05-10 20:09:13,058 - mylogger - INFO - 0.0137335
2017-05-10 20:09:13,058 - mylogger - INFO - 2015-05-21: hold
2017-05-10 20:09:13,445 - mylogger - INFO - 0.0176226
2017-05-10 20:09:13,445 - mylogger - INFO - 2015-05-22: hold
2017-05-10 20:09:13,738 - mylogger - INFO - 0.00938776
2017-05-10 20:09:13,738 - mylogger - INFO - 2015-05-26: hold
2017-05-10 20:09:14,033 - mylogger - INFO - 0.00882565
2017-05-10 20:09:14,033 - mylogger - INFO - 2015-05-27: hold
2017-05-10 20:09:14,421 - mylogger - INFO - 0.0204411
2017-05-10 20:09:14,421 - mylogger - INFO - 2015-05-28: buy
2017-05-10 20:09:14,422 - mylogger - INFO - 82125.6647284
2017-05-10 20:09:14,714 - mylogger - INFO - 0.0145758
2017-05-10 20:09:14,714 - mylogger - INFO - 2015-05-29: hold
2017-05-10 20:09:15,009 - mylogger - INFO - 0.00428727
2017-05-10 20:09:15,009 - mylogger - INFO - 2015-06-01: hold
2017-05-10 20:09:15,308 - mylogger - INFO - 0.0159262
2017-05-10 20:09:15,308 - mylogger - INFO - 2015-06-02: hold
2017-05-10 20:09:15,701 - mylogger - INFO - 0.0141154
2017-05-10 20:09:15,701 - mylogger - INFO - 2015-06-03: hold
2017-05-10 20:09:15,994 - mylogger - INFO - 0.0159111
2017-05-10 20:09:15,995 - mylogger - INFO - 2015-06-04: hold
2017-05-10 20:09:16,292 - mylogger - INFO - 0.00774045
2017-05-10 20:09:16,292 - mylogger - INFO - 2015-06-05: hold
2017-05-10 20:09:16,680 - mylogger - INFO - -0.00387961
2017-05-10 20:09:16,681 - mylogger - INFO - 2015-06-08: sell
2017-05-10 20:09:16,978 - mylogger - INFO - 0.000286026
2017-05-10 20:09:16,978 - mylogger - INFO - 2015-06-09: hold
2017-05-10 20:09:17,275 - mylogger - INFO - 0.00516282
2017-05-10 20:09:17,275 - mylogger - INFO - 2015-06-10: hold
2017-05-10 20:09:17,659 - mylogger - INFO - 0.0123215
2017-05-10 20:09:17,660 - mylogger - INFO - 2015-06-11: hold
2017-05-10 20:09:17,976 - mylogger - INFO - -0.000782809
2017-05-10 20:09:17,976 - mylogger - INFO - 2015-06-12: No short!
2017-05-10 20:09:18,274 - mylogger - INFO - 0.00057092
2017-05-10 20:09:18,274 - mylogger - INFO - 2015-06-15: hold
2017-05-10 20:09:18,659 - mylogger - INFO - 0.00945581
2017-05-10 20:09:18,659 - mylogger - INFO - 2015-06-16: hold
2017-05-10 20:09:18,953 - mylogger - INFO - 0.0162495
2017-05-10 20:09:18,953 - mylogger - INFO - 2015-06-17: hold
2017-05-10 20:09:19,250 - mylogger - INFO - 0.00419123
2017-05-10 20:09:19,251 - mylogger - INFO - 2015-06-18: hold
2017-05-10 20:09:19,543 - mylogger - INFO - 0.00520294
2017-05-10 20:09:19,543 - mylogger - INFO - 2015-06-19: hold
2017-05-10 20:09:19,937 - mylogger - INFO - 0.0185589
2017-05-10 20:09:19,937 - mylogger - INFO - 2015-06-22: hold
2017-05-10 20:09:20,244 - mylogger - INFO - 0.000961121
2017-05-10 20:09:20,244 - mylogger - INFO - 2015-06-23: hold
2017-05-10 20:09:20,540 - mylogger - INFO - 0.00178278
2017-05-10 20:09:20,540 - mylogger - INFO - 2015-06-24: hold
2017-05-10 20:09:20,925 - mylogger - INFO - 0.00455957
2017-05-10 20:09:20,925 - mylogger - INFO - 2015-06-25: hold
2017-05-10 20:09:21,224 - mylogger - INFO - 0.00569047
2017-05-10 20:09:21,224 - mylogger - INFO - 2015-06-26: hold
2017-05-10 20:09:21,516 - mylogger - INFO - 0.0256326
2017-05-10 20:09:21,517 - mylogger - INFO - 2015-06-29: buy
2017-05-10 20:09:21,517 - mylogger - INFO - 81874.2757216
2017-05-10 20:09:21,903 - mylogger - INFO - 0.0258059
2017-05-10 20:09:21,904 - mylogger - INFO - 2015-06-30: buy
2017-05-10 20:09:21,904 - mylogger - INFO - 16.8395333564
2017-05-10 20:09:22,207 - mylogger - INFO - 0.0374508
2017-05-10 20:09:22,208 - mylogger - INFO - 2015-07-01: No cover!
2017-05-10 20:09:22,500 - mylogger - INFO - 0.0148757
2017-05-10 20:09:22,500 - mylogger - INFO - 2015-07-02: hold
2017-05-10 20:09:22,889 - mylogger - INFO - 0.0171528
2017-05-10 20:09:22,889 - mylogger - INFO - 2015-07-06: hold
2017-05-10 20:09:23,187 - mylogger - INFO - -0.00208415
2017-05-10 20:09:23,188 - mylogger - INFO - 2015-07-07: sell
2017-05-10 20:09:23,485 - mylogger - INFO - 0.00878534
2017-05-10 20:09:23,485 - mylogger - INFO - 2015-07-08: hold
2017-05-10 20:09:23,778 - mylogger - INFO - 0.0036905
2017-05-10 20:09:23,778 - mylogger - INFO - 2015-07-09: hold
2017-05-10 20:09:24,173 - mylogger - INFO - 0.0108727
2017-05-10 20:09:24,173 - mylogger - INFO - 2015-07-10: hold
2017-05-10 20:09:24,465 - mylogger - INFO - 0.0199163
2017-05-10 20:09:24,465 - mylogger - INFO - 2015-07-13: hold
2017-05-10 20:09:24,755 - mylogger - INFO - 0.0153365
2017-05-10 20:09:24,756 - mylogger - INFO - 2015-07-14: hold
2017-05-10 20:09:25,143 - mylogger - INFO - 0.0173055
2017-05-10 20:09:25,144 - mylogger - INFO - 2015-07-15: hold
2017-05-10 20:09:25,438 - mylogger - INFO - 0.00969546
2017-05-10 20:09:25,438 - mylogger - INFO - 2015-07-16: hold
2017-05-10 20:09:25,730 - mylogger - INFO - 0.0272862
2017-05-10 20:09:25,731 - mylogger - INFO - 2015-07-17: buy
2017-05-10 20:09:25,731 - mylogger - INFO - 84445.934023
2017-05-10 20:09:26,119 - mylogger - INFO - 0.00546481
2017-05-10 20:09:26,120 - mylogger - INFO - 2015-07-20: hold
2017-05-10 20:09:26,414 - mylogger - INFO - 0.0113294
2017-05-10 20:09:26,414 - mylogger - INFO - 2015-07-21: hold
2017-05-10 20:09:26,706 - mylogger - INFO - 0.0207335
2017-05-10 20:09:26,707 - mylogger - INFO - 2015-07-22: buy
2017-05-10 20:09:26,707 - mylogger - INFO - 91.5479433556
2017-05-10 20:09:27,110 - mylogger - INFO - 0.00860482
2017-05-10 20:09:27,110 - mylogger - INFO - 2015-07-23: hold
2017-05-10 20:09:27,406 - mylogger - INFO - 0.0109354
2017-05-10 20:09:27,407 - mylogger - INFO - 2015-07-24: hold
2017-05-10 20:09:27,702 - mylogger - INFO - 0.0124145
2017-05-10 20:09:27,702 - mylogger - INFO - 2015-07-27: hold
2017-05-10 20:09:27,994 - mylogger - INFO - 0.0204468
2017-05-10 20:09:27,995 - mylogger - INFO - 2015-07-28: No cover!
2017-05-10 20:09:28,394 - mylogger - INFO - 0.0131086
2017-05-10 20:09:28,394 - mylogger - INFO - 2015-07-29: hold
2017-05-10 20:09:28,689 - mylogger - INFO - 0.0146512
2017-05-10 20:09:28,690 - mylogger - INFO - 2015-07-30: hold
2017-05-10 20:09:28,983 - mylogger - INFO - 0.0218356
2017-05-10 20:09:28,983 - mylogger - INFO - 2015-07-31: No cover!
2017-05-10 20:09:29,371 - mylogger - INFO - 0.0132662
2017-05-10 20:09:29,371 - mylogger - INFO - 2015-08-03: hold
2017-05-10 20:09:29,665 - mylogger - INFO - 0.00127839
2017-05-10 20:09:29,665 - mylogger - INFO - 2015-08-04: hold
2017-05-10 20:09:29,957 - mylogger - INFO - 0.0142481
2017-05-10 20:09:29,957 - mylogger - INFO - 2015-08-05: hold
2017-05-10 20:09:30,347 - mylogger - INFO - 0.00341065
2017-05-10 20:09:30,348 - mylogger - INFO - 2015-08-06: hold
2017-05-10 20:09:30,641 - mylogger - INFO - 0.000562332
2017-05-10 20:09:30,642 - mylogger - INFO - 2015-08-07: hold
2017-05-10 20:09:30,935 - mylogger - INFO - 0.0181275
2017-05-10 20:09:30,936 - mylogger - INFO - 2015-08-10: hold
2017-05-10 20:09:31,326 - mylogger - INFO - 0.0118809
2017-05-10 20:09:31,326 - mylogger - INFO - 2015-08-11: hold
2017-05-10 20:09:31,622 - mylogger - INFO - 0.0201666
2017-05-10 20:09:31,623 - mylogger - INFO - 2015-08-12: No cover!
2017-05-10 20:09:31,920 - mylogger - INFO - 0.0272107
2017-05-10 20:09:31,921 - mylogger - INFO - 2015-08-13: No cover!
2017-05-10 20:09:32,221 - mylogger - INFO - 0.0271554
2017-05-10 20:09:32,222 - mylogger - INFO - 2015-08-14: No cover!
2017-05-10 20:09:32,624 - mylogger - INFO - 0.0205774
2017-05-10 20:09:32,625 - mylogger - INFO - 2015-08-17: No cover!
2017-05-10 20:09:32,918 - mylogger - INFO - 0.000789328
2017-05-10 20:09:32,918 - mylogger - INFO - 2015-08-18: hold
2017-05-10 20:09:33,215 - mylogger - INFO - 0.0206767
2017-05-10 20:09:33,216 - mylogger - INFO - 2015-08-19: No cover!
2017-05-10 20:09:33,599 - mylogger - INFO - 0.0206767
2017-05-10 20:09:33,600 - mylogger - INFO - 2015-08-20: No cover!
2017-05-10 20:09:33,896 - mylogger - INFO - 0.0143507
2017-05-10 20:09:33,896 - mylogger - INFO - 2015-08-21: hold
2017-05-10 20:09:34,194 - mylogger - INFO - 0.00850466
2017-05-10 20:09:34,194 - mylogger - INFO - 2015-08-24: hold
2017-05-10 20:09:34,578 - mylogger - INFO - -0.000841196
2017-05-10 20:09:34,580 - mylogger - INFO - 2015-08-25: sell
2017-05-10 20:09:34,875 - mylogger - INFO - 0.0123952
2017-05-10 20:09:34,875 - mylogger - INFO - 2015-08-26: hold
2017-05-10 20:09:35,172 - mylogger - INFO - 0.0166575
2017-05-10 20:09:35,172 - mylogger - INFO - 2015-08-27: hold
2017-05-10 20:09:35,560 - mylogger - INFO - -0.00737528
2017-05-10 20:09:35,560 - mylogger - INFO - 2015-08-28: No short!
2017-05-10 20:09:35,856 - mylogger - INFO - 0.0221297
2017-05-10 20:09:35,857 - mylogger - INFO - 2015-08-31: buy
2017-05-10 20:09:35,857 - mylogger - INFO - 65743.5946579
2017-05-10 20:09:36,161 - mylogger - INFO - 0.0217723
2017-05-10 20:09:36,162 - mylogger - INFO - 2015-09-01: buy
2017-05-10 20:09:36,162 - mylogger - INFO - 1724.21325055
2017-05-10 20:09:36,455 - mylogger - INFO - 0.0245509
2017-05-10 20:09:36,456 - mylogger - INFO - 2015-09-02: No cover!
2017-05-10 20:09:36,854 - mylogger - INFO - 0.023141
2017-05-10 20:09:36,855 - mylogger - INFO - 2015-09-03: No cover!
2017-05-10 20:09:37,160 - mylogger - INFO - 0.00266466
2017-05-10 20:09:37,160 - mylogger - INFO - 2015-09-04: hold
2017-05-10 20:09:37,457 - mylogger - INFO - 0.0195466
2017-05-10 20:09:37,458 - mylogger - INFO - 2015-09-08: hold
2017-05-10 20:09:37,846 - mylogger - INFO - 0.0121218
2017-05-10 20:09:37,846 - mylogger - INFO - 2015-09-09: hold
2017-05-10 20:09:38,143 - mylogger - INFO - 0.0188014
2017-05-10 20:09:38,144 - mylogger - INFO - 2015-09-10: hold
2017-05-10 20:09:38,441 - mylogger - INFO - -0.00476784
2017-05-10 20:09:38,442 - mylogger - INFO - 2015-09-11: sell
2017-05-10 20:09:38,828 - mylogger - INFO - -0.00464572
2017-05-10 20:09:38,828 - mylogger - INFO - 2015-09-14: No short!
2017-05-10 20:09:39,128 - mylogger - INFO - 0.00175772
2017-05-10 20:09:39,129 - mylogger - INFO - 2015-09-15: hold
2017-05-10 20:09:39,422 - mylogger - INFO - -0.00384925
2017-05-10 20:09:39,422 - mylogger - INFO - 2015-09-16: No short!
2017-05-10 20:09:39,816 - mylogger - INFO - 0.0034408
2017-05-10 20:09:39,817 - mylogger - INFO - 2015-09-17: hold
2017-05-10 20:09:40,111 - mylogger - INFO - 0.00487377
2017-05-10 20:09:40,111 - mylogger - INFO - 2015-09-18: hold
2017-05-10 20:09:40,407 - mylogger - INFO - -0.00193445
2017-05-10 20:09:40,407 - mylogger - INFO - 2015-09-21: No short!
2017-05-10 20:09:40,700 - mylogger - INFO - 0.00438363
2017-05-10 20:09:40,700 - mylogger - INFO - 2015-09-22: hold
2017-05-10 20:09:41,094 - mylogger - INFO - -0.00394397
2017-05-10 20:09:41,094 - mylogger - INFO - 2015-09-23: No short!
2017-05-10 20:09:41,391 - mylogger - INFO - 0.0211421
2017-05-10 20:09:41,392 - mylogger - INFO - 2015-09-24: buy
2017-05-10 20:09:41,392 - mylogger - INFO - 71198.2821418
2017-05-10 20:09:41,686 - mylogger - INFO - 0.0203843
2017-05-10 20:09:41,687 - mylogger - INFO - 2015-09-25: No cover!
2017-05-10 20:09:42,079 - mylogger - INFO - 0.00206353
2017-05-10 20:09:42,079 - mylogger - INFO - 2015-09-28: hold
2017-05-10 20:09:42,375 - mylogger - INFO - -0.00236874
2017-05-10 20:09:42,377 - mylogger - INFO - 2015-09-29: sell
2017-05-10 20:09:42,671 - mylogger - INFO - -0.000931364
2017-05-10 20:09:42,671 - mylogger - INFO - 2015-09-30: No short!
2017-05-10 20:09:43,060 - mylogger - INFO - -0.00133643
2017-05-10 20:09:43,061 - mylogger - INFO - 2015-10-01: No short!
2017-05-10 20:09:43,356 - mylogger - INFO - 0.00180714
2017-05-10 20:09:43,356 - mylogger - INFO - 2015-10-02: hold
2017-05-10 20:09:43,647 - mylogger - INFO - 0.00421342
2017-05-10 20:09:43,647 - mylogger - INFO - 2015-10-05: hold
2017-05-10 20:09:44,038 - mylogger - INFO - -0.00382248
2017-05-10 20:09:44,038 - mylogger - INFO - 2015-10-06: No short!
2017-05-10 20:09:44,334 - mylogger - INFO - -0.0017884
2017-05-10 20:09:44,335 - mylogger - INFO - 2015-10-07: No short!
2017-05-10 20:09:44,629 - mylogger - INFO - -0.00135505
2017-05-10 20:09:44,629 - mylogger - INFO - 2015-10-08: No short!
2017-05-10 20:09:44,922 - mylogger - INFO - 0.00486866
2017-05-10 20:09:44,922 - mylogger - INFO - 2015-10-09: hold
2017-05-10 20:09:45,323 - mylogger - INFO - -0.00832219
2017-05-10 20:09:45,323 - mylogger - INFO - 2015-10-12: No short!
2017-05-10 20:09:45,622 - mylogger - INFO - -0.02202
2017-05-10 20:09:45,622 - mylogger - INFO - 2015-10-13: No short!
2017-05-10 20:09:45,915 - mylogger - INFO - 0.00196162
2017-05-10 20:09:45,915 - mylogger - INFO - 2015-10-14: hold
2017-05-10 20:09:46,305 - mylogger - INFO - -0.0116772
2017-05-10 20:09:46,306 - mylogger - INFO - 2015-10-15: No short!
2017-05-10 20:09:46,600 - mylogger - INFO - -0.00565467
2017-05-10 20:09:46,600 - mylogger - INFO - 2015-10-16: No short!
2017-05-10 20:09:46,894 - mylogger - INFO - -0.00557962
2017-05-10 20:09:46,894 - mylogger - INFO - 2015-10-19: No short!
2017-05-10 20:09:47,294 - mylogger - INFO - 0.00253805
2017-05-10 20:09:47,294 - mylogger - INFO - 2015-10-20: hold
2017-05-10 20:09:47,586 - mylogger - INFO - 0.00815548
2017-05-10 20:09:47,587 - mylogger - INFO - 2015-10-21: hold
2017-05-10 20:09:47,879 - mylogger - INFO - -0.00820954
2017-05-10 20:09:47,880 - mylogger - INFO - 2015-10-22: No short!
2017-05-10 20:09:48,273 - mylogger - INFO - -0.0202034
2017-05-10 20:09:48,274 - mylogger - INFO - 2015-10-23: No short!
2017-05-10 20:09:48,568 - mylogger - INFO - -0.00868203
2017-05-10 20:09:48,568 - mylogger - INFO - 2015-10-26: No short!
2017-05-10 20:09:48,862 - mylogger - INFO - -0.00638199
2017-05-10 20:09:48,863 - mylogger - INFO - 2015-10-27: No short!
2017-05-10 20:09:49,257 - mylogger - INFO - 0.00105355
2017-05-10 20:09:49,257 - mylogger - INFO - 2015-10-28: hold
2017-05-10 20:09:49,550 - mylogger - INFO - -0.00360594
2017-05-10 20:09:49,551 - mylogger - INFO - 2015-10-29: No short!
2017-05-10 20:09:49,844 - mylogger - INFO - -0.0118408
2017-05-10 20:09:49,844 - mylogger - INFO - 2015-10-30: No short!
2017-05-10 20:09:50,140 - mylogger - INFO - -0.00512139
2017-05-10 20:09:50,141 - mylogger - INFO - 2015-11-02: No short!
2017-05-10 20:09:50,538 - mylogger - INFO - -0.00487483
2017-05-10 20:09:50,538 - mylogger - INFO - 2015-11-03: No short!
2017-05-10 20:09:50,836 - mylogger - INFO - -0.00991763
2017-05-10 20:09:50,836 - mylogger - INFO - 2015-11-04: No short!
2017-05-10 20:09:51,133 - mylogger - INFO - 0.00117443
2017-05-10 20:09:51,133 - mylogger - INFO - 2015-11-05: hold
2017-05-10 20:09:51,518 - mylogger - INFO - -0.0119993
2017-05-10 20:09:51,518 - mylogger - INFO - 2015-11-06: No short!
2017-05-10 20:09:51,811 - mylogger - INFO - 0.00320254
2017-05-10 20:09:51,811 - mylogger - INFO - 2015-11-09: hold
2017-05-10 20:09:52,113 - mylogger - INFO - -0.00115825
2017-05-10 20:09:52,113 - mylogger - INFO - 2015-11-10: No short!
2017-05-10 20:09:52,501 - mylogger - INFO - -0.00108242
2017-05-10 20:09:52,501 - mylogger - INFO - 2015-11-11: No short!
2017-05-10 20:09:52,798 - mylogger - INFO - 0.00693124
2017-05-10 20:09:52,798 - mylogger - INFO - 2015-11-12: hold
2017-05-10 20:09:53,094 - mylogger - INFO - 0.00440109
2017-05-10 20:09:53,094 - mylogger - INFO - 2015-11-13: hold
2017-05-10 20:09:53,480 - mylogger - INFO - 0.00548279
2017-05-10 20:09:53,480 - mylogger - INFO - 2015-11-16: hold
2017-05-10 20:09:53,773 - mylogger - INFO - 0.0237428
2017-05-10 20:09:53,774 - mylogger - INFO - 2015-11-17: buy
2017-05-10 20:09:53,774 - mylogger - INFO - 71156.7742259
2017-05-10 20:09:54,071 - mylogger - INFO - 0.00522815
2017-05-10 20:09:54,071 - mylogger - INFO - 2015-11-18: hold
2017-05-10 20:09:54,460 - mylogger - INFO - 0.0124323
2017-05-10 20:09:54,461 - mylogger - INFO - 2015-11-19: hold
2017-05-10 20:09:54,755 - mylogger - INFO - 0.0181613
2017-05-10 20:09:54,755 - mylogger - INFO - 2015-11-20: hold
2017-05-10 20:09:55,055 - mylogger - INFO - -0.00418991
2017-05-10 20:09:55,056 - mylogger - INFO - 2015-11-23: sell
2017-05-10 20:09:55,356 - mylogger - INFO - 0.00155417
2017-05-10 20:09:55,356 - mylogger - INFO - 2015-11-24: hold
2017-05-10 20:09:55,750 - mylogger - INFO - 0.000208545
2017-05-10 20:09:55,750 - mylogger - INFO - 2015-11-25: hold
2017-05-10 20:09:56,052 - mylogger - INFO - 0.0105261
2017-05-10 20:09:56,052 - mylogger - INFO - 2015-11-27: hold
2017-05-10 20:09:56,347 - mylogger - INFO - -0.00277838
2017-05-10 20:09:56,348 - mylogger - INFO - 2015-11-30: No short!
2017-05-10 20:09:56,732 - mylogger - INFO - -0.0110058
2017-05-10 20:09:56,732 - mylogger - INFO - 2015-12-01: No short!
2017-05-10 20:09:57,034 - mylogger - INFO - -0.0023304
2017-05-10 20:09:57,034 - mylogger - INFO - 2015-12-02: No short!
2017-05-10 20:09:57,331 - mylogger - INFO - 0.0163204
2017-05-10 20:09:57,332 - mylogger - INFO - 2015-12-03: hold
2017-05-10 20:09:57,718 - mylogger - INFO - -0.014115
2017-05-10 20:09:57,718 - mylogger - INFO - 2015-12-04: No short!
2017-05-10 20:09:58,016 - mylogger - INFO - 0.0069237
2017-05-10 20:09:58,016 - mylogger - INFO - 2015-12-07: hold
2017-05-10 20:09:58,313 - mylogger - INFO - 0.00851508
2017-05-10 20:09:58,314 - mylogger - INFO - 2015-12-08: hold
2017-05-10 20:09:58,704 - mylogger - INFO - 0.00160676
2017-05-10 20:09:58,704 - mylogger - INFO - 2015-12-09: hold
2017-05-10 20:09:59,002 - mylogger - INFO - 0.00431893
2017-05-10 20:09:59,002 - mylogger - INFO - 2015-12-10: hold
2017-05-10 20:09:59,304 - mylogger - INFO - 0.00889701
2017-05-10 20:09:59,304 - mylogger - INFO - 2015-12-11: hold
2017-05-10 20:09:59,694 - mylogger - INFO - 0.00669358
2017-05-10 20:09:59,694 - mylogger - INFO - 2015-12-14: hold
2017-05-10 20:09:59,992 - mylogger - INFO - 0.000262842
2017-05-10 20:09:59,992 - mylogger - INFO - 2015-12-15: hold
2017-05-10 20:10:00,297 - mylogger - INFO - -0.0117362
2017-05-10 20:10:00,297 - mylogger - INFO - 2015-12-16: No short!
2017-05-10 20:10:00,595 - mylogger - INFO - -0.00159747
2017-05-10 20:10:00,596 - mylogger - INFO - 2015-12-17: No short!
2017-05-10 20:10:00,995 - mylogger - INFO - 0.00922522
2017-05-10 20:10:00,995 - mylogger - INFO - 2015-12-18: hold
2017-05-10 20:10:01,300 - mylogger - INFO - -0.00991694
2017-05-10 20:10:01,301 - mylogger - INFO - 2015-12-21: No short!
2017-05-10 20:10:01,600 - mylogger - INFO - 0.0137991
2017-05-10 20:10:01,600 - mylogger - INFO - 2015-12-22: hold
2017-05-10 20:10:01,994 - mylogger - INFO - -0.000841257
2017-05-10 20:10:01,994 - mylogger - INFO - 2015-12-23: No short!
2017-05-10 20:10:02,294 - mylogger - INFO - 0.00528496
2017-05-10 20:10:02,295 - mylogger - INFO - 2015-12-24: hold
2017-05-10 20:10:02,590 - mylogger - INFO - -0.00277015
2017-05-10 20:10:02,590 - mylogger - INFO - 2015-12-28: No short!
2017-05-10 20:10:02,980 - mylogger - INFO - 0.00434785
2017-05-10 20:10:02,980 - mylogger - INFO - 2015-12-29: hold
2017-05-10 20:10:03,286 - mylogger - INFO - 0.0207212
2017-05-10 20:10:03,287 - mylogger - INFO - 2015-12-30: buy
2017-05-10 20:10:03,287 - mylogger - INFO - 71329.0761929
2017-05-10 20:10:03,581 - mylogger - INFO - 0.0121887
2017-05-10 20:10:03,581 - mylogger - INFO - 2015-12-31: hold
2017-05-10 20:10:04,220 - mylogger - INFO - Total profit and loss: -0.286747267182
2017-05-10 20:10:04,250 - mylogger - INFO - Hit table:
2017-05-10 20:10:04,251 - mylogger - INFO - Date          signal  hit/miss
2017-05-10 20:10:04,251 - mylogger - INFO - 2014-01-02    hold    hit
2017-05-10 20:10:04,251 - mylogger - INFO - 2014-01-03    hold    hit
2017-05-10 20:10:04,251 - mylogger - INFO - 2014-01-06    hold    hit
2017-05-10 20:10:04,251 - mylogger - INFO - 2014-01-07    hold    hit
2017-05-10 20:10:04,252 - mylogger - INFO - 2014-01-08    buy     miss
2017-05-10 20:10:04,252 - mylogger - INFO - 2014-01-09    hold    miss
2017-05-10 20:10:04,252 - mylogger - INFO - 2014-01-10    hold    miss
2017-05-10 20:10:04,252 - mylogger - INFO - 2014-01-13    hold    miss
2017-05-10 20:10:04,252 - mylogger - INFO - 2014-01-14    hold    hit
2017-05-10 20:10:04,252 - mylogger - INFO - 2014-01-15    hold    miss
2017-05-10 20:10:04,252 - mylogger - INFO - 2014-01-16    hold    hit
2017-05-10 20:10:04,252 - mylogger - INFO - 2014-01-17    sell    miss
2017-05-10 20:10:04,253 - mylogger - INFO - 2014-01-21    buy     miss
2017-05-10 20:10:04,253 - mylogger - INFO - 2014-01-22    hold    miss
2017-05-10 20:10:04,253 - mylogger - INFO - 2014-01-23    hold    miss
2017-05-10 20:10:04,253 - mylogger - INFO - 2014-01-24    hold    hit
2017-05-10 20:10:04,253 - mylogger - INFO - 2014-01-27    hold    miss
2017-05-10 20:10:04,253 - mylogger - INFO - 2014-01-28    hold    miss
2017-05-10 20:10:04,253 - mylogger - INFO - 2014-01-29    hold    miss
2017-05-10 20:10:04,254 - mylogger - INFO - 2014-01-30    hold    miss
2017-05-10 20:10:04,254 - mylogger - INFO - 2014-01-31    hold    miss
2017-05-10 20:10:04,254 - mylogger - INFO - 2014-02-03    hold    miss
2017-05-10 20:10:04,254 - mylogger - INFO - 2014-02-04    hold    miss
2017-05-10 20:10:04,254 - mylogger - INFO - 2014-02-05    hold    hit
2017-05-10 20:10:04,254 - mylogger - INFO - 2014-02-06    hold    miss
2017-05-10 20:10:04,254 - mylogger - INFO - 2014-02-07    sell    miss
2017-05-10 20:10:04,254 - mylogger - INFO - 2014-02-10    hold    miss
2017-05-10 20:10:04,255 - mylogger - INFO - 2014-02-11    hold    miss
2017-05-10 20:10:04,255 - mylogger - INFO - 2014-02-12    hold    hit
2017-05-10 20:10:04,255 - mylogger - INFO - 2014-02-13    hold    hit
2017-05-10 20:10:04,255 - mylogger - INFO - 2014-02-14    hold    hit
2017-05-10 20:10:04,255 - mylogger - INFO - 2014-02-18    hold    miss
2017-05-10 20:10:04,255 - mylogger - INFO - 2014-02-19    hold    hit
2017-05-10 20:10:04,255 - mylogger - INFO - 2014-02-20    hold    miss
2017-05-10 20:10:04,255 - mylogger - INFO - 2014-02-21    hold    hit
2017-05-10 20:10:04,256 - mylogger - INFO - 2014-02-24    hold    miss
2017-05-10 20:10:04,256 - mylogger - INFO - 2014-02-25    hold    miss
2017-05-10 20:10:04,256 - mylogger - INFO - 2014-02-26    hold    hit
2017-05-10 20:10:04,256 - mylogger - INFO - 2014-02-27    hold    hit
2017-05-10 20:10:04,256 - mylogger - INFO - 2014-02-28    hold    miss
2017-05-10 20:10:04,256 - mylogger - INFO - 2014-03-03    hold    hit
2017-05-10 20:10:04,256 - mylogger - INFO - 2014-03-04    hold    miss
2017-05-10 20:10:04,256 - mylogger - INFO - 2014-03-05    hold    hit
2017-05-10 20:10:04,257 - mylogger - INFO - 2014-03-06    hold    miss
2017-05-10 20:10:04,257 - mylogger - INFO - 2014-03-07    hold    miss
2017-05-10 20:10:04,257 - mylogger - INFO - 2014-03-10    hold    miss
2017-05-10 20:10:04,257 - mylogger - INFO - 2014-03-11    buy     miss
2017-05-10 20:10:04,257 - mylogger - INFO - 2014-03-12    hold    miss
2017-05-10 20:10:04,257 - mylogger - INFO - 2014-03-13    buy     miss
2017-05-10 20:10:04,257 - mylogger - INFO - 2014-03-14    hold    hit
2017-05-10 20:10:04,258 - mylogger - INFO - 2014-03-17    hold    miss
2017-05-10 20:10:04,258 - mylogger - INFO - 2014-03-18    hold    miss
2017-05-10 20:10:04,258 - mylogger - INFO - 2014-03-19    hold    hit
2017-05-10 20:10:04,258 - mylogger - INFO - 2014-03-20    hold    miss
2017-05-10 20:10:04,258 - mylogger - INFO - 2014-03-21    hold    hit
2017-05-10 20:10:04,258 - mylogger - INFO - 2014-03-24    hold    hit
2017-05-10 20:10:04,258 - mylogger - INFO - 2014-03-25    hold    miss
2017-05-10 20:10:04,259 - mylogger - INFO - 2014-03-26    hold    miss
2017-05-10 20:10:04,259 - mylogger - INFO - 2014-03-27    hold    hit
2017-05-10 20:10:04,259 - mylogger - INFO - 2014-03-28    hold    hit
2017-05-10 20:10:04,259 - mylogger - INFO - 2014-03-31    hold    miss
2017-05-10 20:10:04,259 - mylogger - INFO - 2014-04-01    hold    hit
2017-05-10 20:10:04,259 - mylogger - INFO - 2014-04-02    hold    hit
2017-05-10 20:10:04,259 - mylogger - INFO - 2014-04-03    hold    miss
2017-05-10 20:10:04,260 - mylogger - INFO - 2014-04-04    hold    miss
2017-05-10 20:10:04,260 - mylogger - INFO - 2014-04-07    hold    miss
2017-05-10 20:10:04,260 - mylogger - INFO - 2014-04-08    hold    miss
2017-05-10 20:10:04,260 - mylogger - INFO - 2014-04-09    hold    miss
2017-05-10 20:10:04,260 - mylogger - INFO - 2014-04-10    hold    miss
2017-05-10 20:10:04,260 - mylogger - INFO - 2014-04-11    hold    hit
2017-05-10 20:10:04,260 - mylogger - INFO - 2014-04-14    hold    hit
2017-05-10 20:10:04,260 - mylogger - INFO - 2014-04-15    hold    hit
2017-05-10 20:10:04,261 - mylogger - INFO - 2014-04-16    sell    miss
2017-05-10 20:10:04,261 - mylogger - INFO - 2014-04-17    hold    miss
2017-05-10 20:10:04,261 - mylogger - INFO - 2014-04-21    hold    miss
2017-05-10 20:10:04,261 - mylogger - INFO - 2014-04-22    hold    miss
2017-05-10 20:10:04,261 - mylogger - INFO - 2014-04-23    hold    miss
2017-05-10 20:10:04,261 - mylogger - INFO - 2014-04-24    hold    miss
2017-05-10 20:10:04,261 - mylogger - INFO - 2014-04-25    hold    miss
2017-05-10 20:10:04,261 - mylogger - INFO - 2014-04-28    hold    hit
2017-05-10 20:10:04,262 - mylogger - INFO - 2014-04-29    hold    hit
2017-05-10 20:10:04,262 - mylogger - INFO - 2014-04-30    hold    miss
2017-05-10 20:10:04,262 - mylogger - INFO - 2014-05-01    hold    hit
2017-05-10 20:10:04,262 - mylogger - INFO - 2014-05-02    hold    hit
2017-05-10 20:10:04,262 - mylogger - INFO - 2014-05-05    hold    miss
2017-05-10 20:10:04,262 - mylogger - INFO - 2014-05-06    hold    hit
2017-05-10 20:10:04,262 - mylogger - INFO - 2014-05-07    hold    hit
2017-05-10 20:10:04,262 - mylogger - INFO - 2014-05-08    hold    hit
2017-05-10 20:10:04,263 - mylogger - INFO - 2014-05-09    hold    hit
2017-05-10 20:10:04,263 - mylogger - INFO - 2014-05-12    hold    hit
2017-05-10 20:10:04,263 - mylogger - INFO - 2014-05-13    hold    miss
2017-05-10 20:10:04,263 - mylogger - INFO - 2014-05-14    hold    miss
2017-05-10 20:10:04,263 - mylogger - INFO - 2014-05-15    hold    miss
2017-05-10 20:10:04,263 - mylogger - INFO - 2014-05-16    buy     miss
2017-05-10 20:10:04,263 - mylogger - INFO - 2014-05-19    hold    miss
2017-05-10 20:10:04,263 - mylogger - INFO - 2014-05-20    hold    hit
2017-05-10 20:10:04,264 - mylogger - INFO - 2014-05-21    sell    miss
2017-05-10 20:10:04,264 - mylogger - INFO - 2014-05-22    buy     miss
2017-05-10 20:10:04,264 - mylogger - INFO - 2014-05-23    hold    hit
2017-05-10 20:10:04,264 - mylogger - INFO - 2014-05-27    hold    hit
2017-05-10 20:10:04,264 - mylogger - INFO - 2014-05-28    hold    hit
2017-05-10 20:10:04,264 - mylogger - INFO - 2014-05-29    hold    hit
2017-05-10 20:10:04,264 - mylogger - INFO - 2014-05-30    hold    hit
2017-05-10 20:10:04,264 - mylogger - INFO - 2014-06-02    sell    hit
2017-05-10 20:10:04,265 - mylogger - INFO - 2014-06-03    hold    miss
2017-05-10 20:10:04,265 - mylogger - INFO - 2014-06-04    hold    hit
2017-05-10 20:10:04,265 - mylogger - INFO - 2014-06-05    hold    hit
2017-05-10 20:10:04,265 - mylogger - INFO - 2014-06-06    hold    miss
2017-05-10 20:10:04,265 - mylogger - INFO - 2014-06-09    hold    miss
2017-05-10 20:10:04,265 - mylogger - INFO - 2014-06-10    hold    miss
2017-05-10 20:10:04,265 - mylogger - INFO - 2014-06-11    hold    miss
2017-05-10 20:10:04,265 - mylogger - INFO - 2014-06-12    hold    hit
2017-05-10 20:10:04,266 - mylogger - INFO - 2014-06-13    hold    hit
2017-05-10 20:10:04,266 - mylogger - INFO - 2014-06-16    hold    miss
2017-05-10 20:10:04,266 - mylogger - INFO - 2014-06-17    hold    hit
2017-05-10 20:10:04,266 - mylogger - INFO - 2014-06-18    hold    hit
2017-05-10 20:10:04,266 - mylogger - INFO - 2014-06-19    hold    miss
2017-05-10 20:10:04,266 - mylogger - INFO - 2014-06-20    hold    miss
2017-05-10 20:10:04,266 - mylogger - INFO - 2014-06-23    hold    miss
2017-05-10 20:10:04,266 - mylogger - INFO - 2014-06-24    hold    miss
2017-05-10 20:10:04,267 - mylogger - INFO - 2014-06-25    hold    hit
2017-05-10 20:10:04,267 - mylogger - INFO - 2014-06-26    hold    hit
2017-05-10 20:10:04,267 - mylogger - INFO - 2014-06-27    hold    miss
2017-05-10 20:10:04,267 - mylogger - INFO - 2014-06-30    hold    hit
2017-05-10 20:10:04,267 - mylogger - INFO - 2014-07-01    hold    miss
2017-05-10 20:10:04,267 - mylogger - INFO - 2014-07-02    buy     miss
2017-05-10 20:10:04,267 - mylogger - INFO - 2014-07-03    hold    hit
2017-05-10 20:10:04,267 - mylogger - INFO - 2014-07-07    hold    miss
2017-05-10 20:10:04,268 - mylogger - INFO - 2014-07-08    hold    miss
2017-05-10 20:10:04,268 - mylogger - INFO - 2014-07-09    hold    miss
2017-05-10 20:10:04,268 - mylogger - INFO - 2014-07-10    sell    miss
2017-05-10 20:10:04,268 - mylogger - INFO - 2014-07-11    hold    hit
2017-05-10 20:10:04,268 - mylogger - INFO - 2014-07-14    hold    miss
2017-05-10 20:10:04,268 - mylogger - INFO - 2014-07-15    hold    miss
2017-05-10 20:10:04,268 - mylogger - INFO - 2014-07-16    hold    miss
2017-05-10 20:10:04,268 - mylogger - INFO - 2014-07-17    hold    hit
2017-05-10 20:10:04,269 - mylogger - INFO - 2014-07-18    hold    hit
2017-05-10 20:10:04,269 - mylogger - INFO - 2014-07-21    hold    hit
2017-05-10 20:10:04,269 - mylogger - INFO - 2014-07-22    hold    miss
2017-05-10 20:10:04,269 - mylogger - INFO - 2014-07-23    hold    miss
2017-05-10 20:10:04,269 - mylogger - INFO - 2014-07-24    hold    miss
2017-05-10 20:10:04,269 - mylogger - INFO - 2014-07-25    hold    miss
2017-05-10 20:10:04,269 - mylogger - INFO - 2014-07-28    hold    miss
2017-05-10 20:10:04,269 - mylogger - INFO - 2014-07-29    hold    miss
2017-05-10 20:10:04,270 - mylogger - INFO - 2014-07-30    hold    miss
2017-05-10 20:10:04,270 - mylogger - INFO - 2014-07-31    hold    miss
2017-05-10 20:10:04,270 - mylogger - INFO - 2014-08-01    hold    miss
2017-05-10 20:10:04,270 - mylogger - INFO - 2014-08-04    hold    hit
2017-05-10 20:10:04,270 - mylogger - INFO - 2014-08-05    hold    miss
2017-05-10 20:10:04,270 - mylogger - INFO - 2014-08-06    hold    hit
2017-05-10 20:10:04,270 - mylogger - INFO - 2014-08-07    hold    hit
2017-05-10 20:10:04,270 - mylogger - INFO - 2014-08-08    hold    hit
2017-05-10 20:10:04,271 - mylogger - INFO - 2014-08-11    hold    miss
2017-05-10 20:10:04,271 - mylogger - INFO - 2014-08-12    hold    hit
2017-05-10 20:10:04,271 - mylogger - INFO - 2014-08-13    hold    hit
2017-05-10 20:10:04,271 - mylogger - INFO - 2014-08-14    hold    miss
2017-05-10 20:10:04,271 - mylogger - INFO - 2014-08-15    hold    hit
2017-05-10 20:10:04,271 - mylogger - INFO - 2014-08-18    hold    hit
2017-05-10 20:10:04,271 - mylogger - INFO - 2014-08-19    hold    hit
2017-05-10 20:10:04,271 - mylogger - INFO - 2014-08-20    hold    hit
2017-05-10 20:10:04,272 - mylogger - INFO - 2014-08-21    hold    miss
2017-05-10 20:10:04,272 - mylogger - INFO - 2014-08-22    hold    hit
2017-05-10 20:10:04,272 - mylogger - INFO - 2014-08-25    hold    hit
2017-05-10 20:10:04,272 - mylogger - INFO - 2014-08-26    hold    miss
2017-05-10 20:10:04,272 - mylogger - INFO - 2014-08-27    hold    miss
2017-05-10 20:10:04,272 - mylogger - INFO - 2014-08-28    hold    miss
2017-05-10 20:10:04,272 - mylogger - INFO - 2014-08-29    hold    miss
2017-05-10 20:10:04,272 - mylogger - INFO - 2014-09-02    hold    hit
2017-05-10 20:10:04,273 - mylogger - INFO - 2014-09-03    hold    miss
2017-05-10 20:10:04,273 - mylogger - INFO - 2014-09-04    hold    miss
2017-05-10 20:10:04,273 - mylogger - INFO - 2014-09-05    hold    miss
2017-05-10 20:10:04,273 - mylogger - INFO - 2014-09-08    hold    hit
2017-05-10 20:10:04,273 - mylogger - INFO - 2014-09-09    hold    hit
2017-05-10 20:10:04,273 - mylogger - INFO - 2014-09-10    buy     miss
2017-05-10 20:10:04,273 - mylogger - INFO - 2014-09-11    hold    miss
2017-05-10 20:10:04,273 - mylogger - INFO - 2014-09-12    hold    miss
2017-05-10 20:10:04,274 - mylogger - INFO - 2014-09-15    hold    hit
2017-05-10 20:10:04,274 - mylogger - INFO - 2014-09-16    buy     miss
2017-05-10 20:10:04,274 - mylogger - INFO - 2014-09-17    hold    hit
2017-05-10 20:10:04,274 - mylogger - INFO - 2014-09-18    hold    hit
2017-05-10 20:10:04,274 - mylogger - INFO - 2014-09-19    hold    miss
2017-05-10 20:10:04,274 - mylogger - INFO - 2014-09-22    hold    miss
2017-05-10 20:10:04,274 - mylogger - INFO - 2014-09-23    hold    hit
2017-05-10 20:10:04,274 - mylogger - INFO - 2014-09-24    hold    miss
2017-05-10 20:10:04,275 - mylogger - INFO - 2014-09-25    hold    hit
2017-05-10 20:10:04,275 - mylogger - INFO - 2014-09-26    hold    hit
2017-05-10 20:10:04,275 - mylogger - INFO - 2014-09-29    hold    miss
2017-05-10 20:10:04,275 - mylogger - INFO - 2014-09-30    hold    miss
2017-05-10 20:10:04,275 - mylogger - INFO - 2014-10-01    hold    miss
2017-05-10 20:10:04,275 - mylogger - INFO - 2014-10-02    hold    hit
2017-05-10 20:10:04,275 - mylogger - INFO - 2014-10-03    hold    miss
2017-05-10 20:10:04,275 - mylogger - INFO - 2014-10-06    hold    miss
2017-05-10 20:10:04,276 - mylogger - INFO - 2014-10-07    hold    hit
2017-05-10 20:10:04,276 - mylogger - INFO - 2014-10-08    hold    miss
2017-05-10 20:10:04,276 - mylogger - INFO - 2014-10-09    sell    hit
2017-05-10 20:10:04,276 - mylogger - INFO - 2014-10-10    hold    miss
2017-05-10 20:10:04,276 - mylogger - INFO - 2014-10-13    hold    hit
2017-05-10 20:10:04,276 - mylogger - INFO - 2014-10-14    hold    miss
2017-05-10 20:10:04,276 - mylogger - INFO - 2014-10-15    hold    hit
2017-05-10 20:10:04,276 - mylogger - INFO - 2014-10-16    hold    miss
2017-05-10 20:10:04,277 - mylogger - INFO - 2014-10-17    hold    hit
2017-05-10 20:10:04,277 - mylogger - INFO - 2014-10-20    hold    miss
2017-05-10 20:10:04,277 - mylogger - INFO - 2014-10-21    hold    miss
2017-05-10 20:10:04,277 - mylogger - INFO - 2014-10-22    hold    hit
2017-05-10 20:10:04,277 - mylogger - INFO - 2014-10-23    hold    hit
2017-05-10 20:10:04,277 - mylogger - INFO - 2014-10-24    hold    miss
2017-05-10 20:10:04,277 - mylogger - INFO - 2014-10-27    hold    hit
2017-05-10 20:10:04,277 - mylogger - INFO - 2014-10-28    hold    miss
2017-05-10 20:10:04,278 - mylogger - INFO - 2014-10-29    hold    hit
2017-05-10 20:10:04,278 - mylogger - INFO - 2014-10-30    hold    hit
2017-05-10 20:10:04,278 - mylogger - INFO - 2014-10-31    hold    hit
2017-05-10 20:10:04,278 - mylogger - INFO - 2014-11-03    hold    miss
2017-05-10 20:10:04,278 - mylogger - INFO - 2014-11-04    hold    miss
2017-05-10 20:10:04,278 - mylogger - INFO - 2014-11-05    hold    hit
2017-05-10 20:10:04,278 - mylogger - INFO - 2014-11-06    hold    miss
2017-05-10 20:10:04,278 - mylogger - INFO - 2014-11-07    hold    hit
2017-05-10 20:10:04,279 - mylogger - INFO - 2014-11-10    hold    hit
2017-05-10 20:10:04,279 - mylogger - INFO - 2014-11-11    hold    hit
2017-05-10 20:10:04,279 - mylogger - INFO - 2014-11-12    hold    miss
2017-05-10 20:10:04,279 - mylogger - INFO - 2014-11-13    hold    hit
2017-05-10 20:10:04,279 - mylogger - INFO - 2014-11-14    hold    miss
2017-05-10 20:10:04,279 - mylogger - INFO - 2014-11-17    hold    hit
2017-05-10 20:10:04,279 - mylogger - INFO - 2014-11-18    hold    hit
2017-05-10 20:10:04,279 - mylogger - INFO - 2014-11-19    hold    hit
2017-05-10 20:10:04,280 - mylogger - INFO - 2014-11-20    hold    hit
2017-05-10 20:10:04,280 - mylogger - INFO - 2014-11-21    hold    hit
2017-05-10 20:10:04,280 - mylogger - INFO - 2014-11-24    buy     miss
2017-05-10 20:10:04,280 - mylogger - INFO - 2014-11-25    hold    miss
2017-05-10 20:10:04,280 - mylogger - INFO - 2014-11-26    sell    hit
2017-05-10 20:10:04,280 - mylogger - INFO - 2014-11-28    hold    miss
2017-05-10 20:10:04,280 - mylogger - INFO - 2014-12-01    hold    miss
2017-05-10 20:10:04,280 - mylogger - INFO - 2014-12-02    hold    miss
2017-05-10 20:10:04,281 - mylogger - INFO - 2014-12-03    hold    miss
2017-05-10 20:10:04,281 - mylogger - INFO - 2014-12-04    hold    hit
2017-05-10 20:10:04,281 - mylogger - INFO - 2014-12-05    hold    miss
2017-05-10 20:10:04,281 - mylogger - INFO - 2014-12-08    hold    miss
2017-05-10 20:10:04,281 - mylogger - INFO - 2014-12-09    hold    miss
2017-05-10 20:10:04,281 - mylogger - INFO - 2014-12-10    hold    miss
2017-05-10 20:10:04,281 - mylogger - INFO - 2014-12-11    hold    miss
2017-05-10 20:10:04,282 - mylogger - INFO - 2014-12-12    hold    hit
2017-05-10 20:10:04,282 - mylogger - INFO - 2014-12-15    hold    hit
2017-05-10 20:10:04,282 - mylogger - INFO - 2014-12-16    hold    hit
2017-05-10 20:10:04,282 - mylogger - INFO - 2014-12-17    hold    hit
2017-05-10 20:10:04,282 - mylogger - INFO - 2014-12-18    hold    hit
2017-05-10 20:10:04,282 - mylogger - INFO - 2014-12-19    hold    hit
2017-05-10 20:10:04,282 - mylogger - INFO - 2014-12-22    hold    hit
2017-05-10 20:10:04,282 - mylogger - INFO - 2014-12-23    hold    hit
2017-05-10 20:10:04,283 - mylogger - INFO - 2014-12-24    hold    hit
2017-05-10 20:10:04,283 - mylogger - INFO - 2014-12-26    hold    hit
2017-05-10 20:10:04,283 - mylogger - INFO - 2014-12-29    hold    miss
2017-05-10 20:10:04,283 - mylogger - INFO - 2014-12-30    hold    miss
2017-05-10 20:10:04,283 - mylogger - INFO - 2014-12-31    hold    miss
2017-05-10 20:10:04,283 - mylogger - INFO - 2015-01-02    hold    miss
2017-05-10 20:10:04,283 - mylogger - INFO - 2015-01-05    hold    miss
2017-05-10 20:10:04,283 - mylogger - INFO - 2015-01-06    hold    hit
2017-05-10 20:10:04,284 - mylogger - INFO - 2015-01-07    hold    hit
2017-05-10 20:10:04,284 - mylogger - INFO - 2015-01-08    hold    miss
2017-05-10 20:10:04,284 - mylogger - INFO - 2015-01-09    hold    miss
2017-05-10 20:10:04,284 - mylogger - INFO - 2015-01-12    hold    hit
2017-05-10 20:10:04,284 - mylogger - INFO - 2015-01-13    hold    miss
2017-05-10 20:10:04,284 - mylogger - INFO - 2015-01-14    hold    miss
2017-05-10 20:10:04,284 - mylogger - INFO - 2015-01-15    hold    hit
2017-05-10 20:10:04,284 - mylogger - INFO - 2015-01-16    hold    hit
2017-05-10 20:10:04,285 - mylogger - INFO - 2015-01-20    hold    hit
2017-05-10 20:10:04,285 - mylogger - INFO - 2015-01-21    hold    miss
2017-05-10 20:10:04,285 - mylogger - INFO - 2015-01-22    hold    miss
2017-05-10 20:10:04,285 - mylogger - INFO - 2015-01-23    hold    miss
2017-05-10 20:10:04,285 - mylogger - INFO - 2015-01-26    hold    miss
2017-05-10 20:10:04,285 - mylogger - INFO - 2015-01-27    hold    miss
2017-05-10 20:10:04,285 - mylogger - INFO - 2015-01-28    hold    miss
2017-05-10 20:10:04,285 - mylogger - INFO - 2015-01-29    hold    miss
2017-05-10 20:10:04,286 - mylogger - INFO - 2015-01-30    hold    hit
2017-05-10 20:10:04,286 - mylogger - INFO - 2015-02-02    hold    hit
2017-05-10 20:10:04,286 - mylogger - INFO - 2015-02-03    hold    miss
2017-05-10 20:10:04,286 - mylogger - INFO - 2015-02-04    hold    hit
2017-05-10 20:10:04,286 - mylogger - INFO - 2015-02-05    hold    miss
2017-05-10 20:10:04,286 - mylogger - INFO - 2015-02-06    buy     miss
2017-05-10 20:10:04,286 - mylogger - INFO - 2015-02-09    hold    hit
2017-05-10 20:10:04,286 - mylogger - INFO - 2015-02-10    hold    hit
2017-05-10 20:10:04,287 - mylogger - INFO - 2015-02-11    hold    hit
2017-05-10 20:10:04,287 - mylogger - INFO - 2015-02-12    hold    hit
2017-05-10 20:10:04,287 - mylogger - INFO - 2015-02-13    hold    hit
2017-05-10 20:10:04,287 - mylogger - INFO - 2015-02-17    hold    hit
2017-05-10 20:10:04,287 - mylogger - INFO - 2015-02-18    hold    hit
2017-05-10 20:10:04,287 - mylogger - INFO - 2015-02-19    hold    miss
2017-05-10 20:10:04,287 - mylogger - INFO - 2015-02-20    hold    miss
2017-05-10 20:10:04,287 - mylogger - INFO - 2015-02-23    hold    miss
2017-05-10 20:10:04,288 - mylogger - INFO - 2015-02-24    hold    miss
2017-05-10 20:10:04,288 - mylogger - INFO - 2015-02-25    hold    miss
2017-05-10 20:10:04,288 - mylogger - INFO - 2015-02-26    hold    miss
2017-05-10 20:10:04,288 - mylogger - INFO - 2015-02-27    hold    hit
2017-05-10 20:10:04,288 - mylogger - INFO - 2015-03-02    buy     miss
2017-05-10 20:10:04,288 - mylogger - INFO - 2015-03-03    hold    miss
2017-05-10 20:10:04,288 - mylogger - INFO - 2015-03-04    hold    hit
2017-05-10 20:10:04,288 - mylogger - INFO - 2015-03-05    hold    miss
2017-05-10 20:10:04,289 - mylogger - INFO - 2015-03-06    hold    hit
2017-05-10 20:10:04,289 - mylogger - INFO - 2015-03-09    hold    miss
2017-05-10 20:10:04,289 - mylogger - INFO - 2015-03-10    hold    miss
2017-05-10 20:10:04,289 - mylogger - INFO - 2015-03-11    hold    hit
2017-05-10 20:10:04,289 - mylogger - INFO - 2015-03-12    hold    miss
2017-05-10 20:10:04,289 - mylogger - INFO - 2015-03-13    hold    hit
2017-05-10 20:10:04,289 - mylogger - INFO - 2015-03-16    hold    hit
2017-05-10 20:10:04,289 - mylogger - INFO - 2015-03-17    hold    hit
2017-05-10 20:10:04,290 - mylogger - INFO - 2015-03-18    hold    miss
2017-05-10 20:10:04,290 - mylogger - INFO - 2015-03-19    hold    hit
2017-05-10 20:10:04,290 - mylogger - INFO - 2015-03-20    hold    miss
2017-05-10 20:10:04,290 - mylogger - INFO - 2015-03-23    hold    miss
2017-05-10 20:10:04,290 - mylogger - INFO - 2015-03-24    hold    miss
2017-05-10 20:10:04,290 - mylogger - INFO - 2015-03-25    hold    miss
2017-05-10 20:10:04,290 - mylogger - INFO - 2015-03-26    hold    hit
2017-05-10 20:10:04,290 - mylogger - INFO - 2015-03-27    hold    miss
2017-05-10 20:10:04,291 - mylogger - INFO - 2015-03-30    hold    miss
2017-05-10 20:10:04,291 - mylogger - INFO - 2015-03-31    hold    miss
2017-05-10 20:10:04,291 - mylogger - INFO - 2015-04-01    hold    hit
2017-05-10 20:10:04,291 - mylogger - INFO - 2015-04-02    hold    hit
2017-05-10 20:10:04,291 - mylogger - INFO - 2015-04-06    hold    hit
2017-05-10 20:10:04,291 - mylogger - INFO - 2015-04-07    hold    hit
2017-05-10 20:10:04,291 - mylogger - INFO - 2015-04-08    sell    miss
2017-05-10 20:10:04,291 - mylogger - INFO - 2015-04-09    hold    hit
2017-05-10 20:10:04,292 - mylogger - INFO - 2015-04-10    hold    miss
2017-05-10 20:10:04,292 - mylogger - INFO - 2015-04-13    buy     miss
2017-05-10 20:10:04,292 - mylogger - INFO - 2015-04-14    buy     miss
2017-05-10 20:10:04,292 - mylogger - INFO - 2015-04-15    hold    miss
2017-05-10 20:10:04,292 - mylogger - INFO - 2015-04-16    hold    miss
2017-05-10 20:10:04,292 - mylogger - INFO - 2015-04-17    hold    miss
2017-05-10 20:10:04,292 - mylogger - INFO - 2015-04-20    hold    hit
2017-05-10 20:10:04,292 - mylogger - INFO - 2015-04-21    hold    miss
2017-05-10 20:10:04,293 - mylogger - INFO - 2015-04-22    hold    miss
2017-05-10 20:10:04,293 - mylogger - INFO - 2015-04-23    sell    hit
2017-05-10 20:10:04,293 - mylogger - INFO - 2015-04-24    hold    miss
2017-05-10 20:10:04,293 - mylogger - INFO - 2015-04-27    hold    miss
2017-05-10 20:10:04,293 - mylogger - INFO - 2015-04-28    hold    miss
2017-05-10 20:10:04,293 - mylogger - INFO - 2015-04-29    hold    miss
2017-05-10 20:10:04,293 - mylogger - INFO - 2015-04-30    buy     miss
2017-05-10 20:10:04,293 - mylogger - INFO - 2015-05-01    hold    miss
2017-05-10 20:10:04,294 - mylogger - INFO - 2015-05-04    hold    miss
2017-05-10 20:10:04,294 - mylogger - INFO - 2015-05-05    sell    hit
2017-05-10 20:10:04,294 - mylogger - INFO - 2015-05-06    hold    hit
2017-05-10 20:10:04,294 - mylogger - INFO - 2015-05-07    hold    miss
2017-05-10 20:10:04,294 - mylogger - INFO - 2015-05-08    hold    hit
2017-05-10 20:10:04,294 - mylogger - INFO - 2015-05-11    hold    miss
2017-05-10 20:10:04,294 - mylogger - INFO - 2015-05-12    hold    hit
2017-05-10 20:10:04,294 - mylogger - INFO - 2015-05-13    hold    hit
2017-05-10 20:10:04,295 - mylogger - INFO - 2015-05-14    hold    miss
2017-05-10 20:10:04,295 - mylogger - INFO - 2015-05-15    hold    miss
2017-05-10 20:10:04,295 - mylogger - INFO - 2015-05-18    hold    hit
2017-05-10 20:10:04,295 - mylogger - INFO - 2015-05-19    hold    miss
2017-05-10 20:10:04,295 - mylogger - INFO - 2015-05-20    hold    hit
2017-05-10 20:10:04,295 - mylogger - INFO - 2015-05-21    hold    miss
2017-05-10 20:10:04,295 - mylogger - INFO - 2015-05-22    hold    miss
2017-05-10 20:10:04,295 - mylogger - INFO - 2015-05-26    hold    hit
2017-05-10 20:10:04,296 - mylogger - INFO - 2015-05-27    hold    miss
2017-05-10 20:10:04,296 - mylogger - INFO - 2015-05-28    buy     miss
2017-05-10 20:10:04,296 - mylogger - INFO - 2015-05-29    hold    hit
2017-05-10 20:10:04,296 - mylogger - INFO - 2015-06-01    hold    hit
2017-05-10 20:10:04,296 - mylogger - INFO - 2015-06-02    hold    hit
2017-05-10 20:10:04,296 - mylogger - INFO - 2015-06-03    hold    miss
2017-05-10 20:10:04,296 - mylogger - INFO - 2015-06-04    hold    miss
2017-05-10 20:10:04,296 - mylogger - INFO - 2015-06-05    hold    miss
2017-05-10 20:10:04,297 - mylogger - INFO - 2015-06-08    sell    hit
2017-05-10 20:10:04,297 - mylogger - INFO - 2015-06-09    hold    hit
2017-05-10 20:10:04,297 - mylogger - INFO - 2015-06-10    hold    hit
2017-05-10 20:10:04,297 - mylogger - INFO - 2015-06-11    hold    miss
2017-05-10 20:10:04,297 - mylogger - INFO - 2015-06-12    hold    miss
2017-05-10 20:10:04,297 - mylogger - INFO - 2015-06-15    hold    hit
2017-05-10 20:10:04,297 - mylogger - INFO - 2015-06-16    hold    hit
2017-05-10 20:10:04,297 - mylogger - INFO - 2015-06-17    hold    hit
2017-05-10 20:10:04,298 - mylogger - INFO - 2015-06-18    hold    miss
2017-05-10 20:10:04,298 - mylogger - INFO - 2015-06-19    hold    hit
2017-05-10 20:10:04,298 - mylogger - INFO - 2015-06-22    hold    miss
2017-05-10 20:10:04,298 - mylogger - INFO - 2015-06-23    hold    miss
2017-05-10 20:10:04,298 - mylogger - INFO - 2015-06-24    hold    miss
2017-05-10 20:10:04,298 - mylogger - INFO - 2015-06-25    hold    hit
2017-05-10 20:10:04,298 - mylogger - INFO - 2015-06-26    hold    miss
2017-05-10 20:10:04,298 - mylogger - INFO - 2015-06-29    buy     miss
2017-05-10 20:10:04,299 - mylogger - INFO - 2015-06-30    buy     miss
2017-05-10 20:10:04,299 - mylogger - INFO - 2015-07-01    hold    miss
2017-05-10 20:10:04,299 - mylogger - INFO - 2015-07-02    hold    hit
2017-05-10 20:10:04,299 - mylogger - INFO - 2015-07-06    hold    hit
2017-05-10 20:10:04,299 - mylogger - INFO - 2015-07-07    sell    hit
2017-05-10 20:10:04,299 - mylogger - INFO - 2015-07-08    hold    hit
2017-05-10 20:10:04,299 - mylogger - INFO - 2015-07-09    hold    hit
2017-05-10 20:10:04,299 - mylogger - INFO - 2015-07-10    hold    hit
2017-05-10 20:10:04,300 - mylogger - INFO - 2015-07-13    hold    hit
2017-05-10 20:10:04,300 - mylogger - INFO - 2015-07-14    hold    miss
2017-05-10 20:10:04,300 - mylogger - INFO - 2015-07-15    hold    hit
2017-05-10 20:10:04,300 - mylogger - INFO - 2015-07-16    hold    miss
2017-05-10 20:10:04,300 - mylogger - INFO - 2015-07-17    buy     miss
2017-05-10 20:10:04,300 - mylogger - INFO - 2015-07-20    hold    miss
2017-05-10 20:10:04,300 - mylogger - INFO - 2015-07-21    hold    hit
2017-05-10 20:10:04,300 - mylogger - INFO - 2015-07-22    buy     miss
2017-05-10 20:10:04,301 - mylogger - INFO - 2015-07-23    hold    miss
2017-05-10 20:10:04,301 - mylogger - INFO - 2015-07-24    hold    miss
2017-05-10 20:10:04,301 - mylogger - INFO - 2015-07-27    hold    hit
2017-05-10 20:10:04,301 - mylogger - INFO - 2015-07-28    hold    hit
2017-05-10 20:10:04,301 - mylogger - INFO - 2015-07-29    hold    miss
2017-05-10 20:10:04,301 - mylogger - INFO - 2015-07-30    hold    hit
2017-05-10 20:10:04,301 - mylogger - INFO - 2015-07-31    hold    miss
2017-05-10 20:10:04,301 - mylogger - INFO - 2015-08-03    hold    miss
2017-05-10 20:10:04,302 - mylogger - INFO - 2015-08-04    hold    hit
2017-05-10 20:10:04,302 - mylogger - INFO - 2015-08-05    hold    miss
2017-05-10 20:10:04,302 - mylogger - INFO - 2015-08-06    hold    miss
2017-05-10 20:10:04,302 - mylogger - INFO - 2015-08-07    hold    miss
2017-05-10 20:10:04,302 - mylogger - INFO - 2015-08-10    hold    miss
2017-05-10 20:10:04,302 - mylogger - INFO - 2015-08-11    hold    miss
2017-05-10 20:10:04,302 - mylogger - INFO - 2015-08-12    hold    hit
2017-05-10 20:10:04,302 - mylogger - INFO - 2015-08-13    hold    hit
2017-05-10 20:10:04,303 - mylogger - INFO - 2015-08-14    hold    miss
2017-05-10 20:10:04,303 - mylogger - INFO - 2015-08-17    hold    hit
2017-05-10 20:10:04,303 - mylogger - INFO - 2015-08-18    hold    miss
2017-05-10 20:10:04,303 - mylogger - INFO - 2015-08-19    hold    miss
2017-05-10 20:10:04,303 - mylogger - INFO - 2015-08-20    hold    miss
2017-05-10 20:10:04,303 - mylogger - INFO - 2015-08-21    hold    miss
2017-05-10 20:10:04,303 - mylogger - INFO - 2015-08-24    hold    miss
2017-05-10 20:10:04,303 - mylogger - INFO - 2015-08-25    sell    miss
2017-05-10 20:10:04,304 - mylogger - INFO - 2015-08-26    hold    hit
2017-05-10 20:10:04,304 - mylogger - INFO - 2015-08-27    hold    hit
2017-05-10 20:10:04,304 - mylogger - INFO - 2015-08-28    hold    miss
2017-05-10 20:10:04,304 - mylogger - INFO - 2015-08-31    buy     miss
2017-05-10 20:10:04,304 - mylogger - INFO - 2015-09-01    buy     hit
2017-05-10 20:10:04,304 - mylogger - INFO - 2015-09-02    hold    hit
2017-05-10 20:10:04,304 - mylogger - INFO - 2015-09-03    hold    miss
2017-05-10 20:10:04,304 - mylogger - INFO - 2015-09-04    hold    miss
2017-05-10 20:10:04,305 - mylogger - INFO - 2015-09-08    hold    miss
2017-05-10 20:10:04,305 - mylogger - INFO - 2015-09-09    hold    hit
2017-05-10 20:10:04,305 - mylogger - INFO - 2015-09-10    hold    hit
2017-05-10 20:10:04,305 - mylogger - INFO - 2015-09-11    sell    hit
2017-05-10 20:10:04,305 - mylogger - INFO - 2015-09-14    hold    hit
2017-05-10 20:10:04,305 - mylogger - INFO - 2015-09-15    hold    hit
2017-05-10 20:10:04,305 - mylogger - INFO - 2015-09-16    hold    hit
2017-05-10 20:10:04,305 - mylogger - INFO - 2015-09-17    hold    miss
2017-05-10 20:10:04,306 - mylogger - INFO - 2015-09-18    hold    miss
2017-05-10 20:10:04,306 - mylogger - INFO - 2015-09-21    hold    miss
2017-05-10 20:10:04,306 - mylogger - INFO - 2015-09-22    hold    miss
2017-05-10 20:10:04,306 - mylogger - INFO - 2015-09-23    hold    miss
2017-05-10 20:10:04,306 - mylogger - INFO - 2015-09-24    buy     miss
2017-05-10 20:10:04,306 - mylogger - INFO - 2015-09-25    hold    miss
2017-05-10 20:10:04,306 - mylogger - INFO - 2015-09-28    hold    hit
2017-05-10 20:10:04,306 - mylogger - INFO - 2015-09-29    sell    miss
2017-05-10 20:10:04,307 - mylogger - INFO - 2015-09-30    hold    miss
2017-05-10 20:10:04,307 - mylogger - INFO - 2015-10-01    hold    hit
2017-05-10 20:10:04,307 - mylogger - INFO - 2015-10-02    hold    hit
2017-05-10 20:10:04,307 - mylogger - INFO - 2015-10-05    hold    hit
2017-05-10 20:10:04,307 - mylogger - INFO - 2015-10-06    hold    hit
2017-05-10 20:10:04,307 - mylogger - INFO - 2015-10-07    hold    hit
2017-05-10 20:10:04,307 - mylogger - INFO - 2015-10-08    hold    hit
2017-05-10 20:10:04,307 - mylogger - INFO - 2015-10-09    hold    hit
2017-05-10 20:10:04,308 - mylogger - INFO - 2015-10-12    hold    miss
2017-05-10 20:10:04,308 - mylogger - INFO - 2015-10-13    hold    miss
2017-05-10 20:10:04,308 - mylogger - INFO - 2015-10-14    hold    miss
2017-05-10 20:10:04,308 - mylogger - INFO - 2015-10-15    hold    hit
2017-05-10 20:10:04,308 - mylogger - INFO - 2015-10-16    hold    hit
2017-05-10 20:10:04,308 - mylogger - INFO - 2015-10-19    hold    hit
2017-05-10 20:10:04,308 - mylogger - INFO - 2015-10-20    hold    hit
2017-05-10 20:10:04,309 - mylogger - INFO - 2015-10-21    hold    miss
2017-05-10 20:10:04,309 - mylogger - INFO - 2015-10-22    hold    hit
2017-05-10 20:10:04,309 - mylogger - INFO - 2015-10-23    hold    miss
2017-05-10 20:10:04,309 - mylogger - INFO - 2015-10-26    hold    hit
2017-05-10 20:10:04,309 - mylogger - INFO - 2015-10-27    hold    miss
2017-05-10 20:10:04,309 - mylogger - INFO - 2015-10-28    hold    miss
2017-05-10 20:10:04,309 - mylogger - INFO - 2015-10-29    hold    hit
2017-05-10 20:10:04,309 - mylogger - INFO - 2015-10-30    hold    hit
2017-05-10 20:10:04,310 - mylogger - INFO - 2015-11-02    hold    miss
2017-05-10 20:10:04,310 - mylogger - INFO - 2015-11-03    hold    hit
2017-05-10 20:10:04,310 - mylogger - INFO - 2015-11-04    hold    miss
2017-05-10 20:10:04,310 - mylogger - INFO - 2015-11-05    hold    miss
2017-05-10 20:10:04,310 - mylogger - INFO - 2015-11-06    hold    miss
2017-05-10 20:10:04,310 - mylogger - INFO - 2015-11-09    hold    miss
2017-05-10 20:10:04,310 - mylogger - INFO - 2015-11-10    hold    miss
2017-05-10 20:10:04,310 - mylogger - INFO - 2015-11-11    hold    miss
2017-05-10 20:10:04,311 - mylogger - INFO - 2015-11-12    hold    hit
2017-05-10 20:10:04,311 - mylogger - INFO - 2015-11-13    hold    hit
2017-05-10 20:10:04,311 - mylogger - INFO - 2015-11-16    hold    hit
2017-05-10 20:10:04,311 - mylogger - INFO - 2015-11-17    buy     miss
2017-05-10 20:10:04,311 - mylogger - INFO - 2015-11-18    hold    hit
2017-05-10 20:10:04,311 - mylogger - INFO - 2015-11-19    hold    hit
2017-05-10 20:10:04,311 - mylogger - INFO - 2015-11-20    hold    miss
2017-05-10 20:10:04,311 - mylogger - INFO - 2015-11-23    sell    miss
2017-05-10 20:10:04,312 - mylogger - INFO - 2015-11-24    hold    miss
2017-05-10 20:10:04,312 - mylogger - INFO - 2015-11-25    hold    miss
2017-05-10 20:10:04,312 - mylogger - INFO - 2015-11-27    hold    miss
2017-05-10 20:10:04,312 - mylogger - INFO - 2015-11-30    hold    hit
2017-05-10 20:10:04,312 - mylogger - INFO - 2015-12-01    hold    miss
2017-05-10 20:10:04,312 - mylogger - INFO - 2015-12-02    hold    miss
2017-05-10 20:10:04,312 - mylogger - INFO - 2015-12-03    hold    miss
2017-05-10 20:10:04,312 - mylogger - INFO - 2015-12-04    hold    miss
2017-05-10 20:10:04,313 - mylogger - INFO - 2015-12-07    hold    miss
2017-05-10 20:10:04,313 - mylogger - INFO - 2015-12-08    hold    miss
2017-05-10 20:10:04,313 - mylogger - INFO - 2015-12-09    hold    hit
2017-05-10 20:10:04,313 - mylogger - INFO - 2015-12-10    hold    miss
2017-05-10 20:10:04,313 - mylogger - INFO - 2015-12-11    hold    miss
2017-05-10 20:10:04,313 - mylogger - INFO - 2015-12-14    hold    miss
2017-05-10 20:10:04,313 - mylogger - INFO - 2015-12-15    hold    hit
2017-05-10 20:10:04,313 - mylogger - INFO - 2015-12-16    hold    miss
2017-05-10 20:10:04,314 - mylogger - INFO - 2015-12-17    hold    miss
2017-05-10 20:10:04,314 - mylogger - INFO - 2015-12-18    hold    hit
2017-05-10 20:10:04,314 - mylogger - INFO - 2015-12-21    hold    hit
2017-05-10 20:10:04,314 - mylogger - INFO - 2015-12-22    hold    hit
2017-05-10 20:10:04,314 - mylogger - INFO - 2015-12-23    hold    miss
2017-05-10 20:10:04,314 - mylogger - INFO - 2015-12-24    hold    hit
2017-05-10 20:10:04,314 - mylogger - INFO - 2015-12-28    hold    hit
2017-05-10 20:10:04,314 - mylogger - INFO - 2015-12-29    hold    miss
2017-05-10 20:10:04,315 - mylogger - INFO - 2015-12-30    buy     miss
2017-05-10 20:10:04,315 - mylogger - INFO - Hit number:220/503
2017-05-10 20:10:04,315 - mylogger - INFO - Hit rate:0.43737574552683894
