2017-05-08 03:47:47,759 - mylogger - INFO - -0.000181216
2017-05-08 03:47:47,759 - mylogger - INFO - 2014-01-02: hold
2017-05-08 03:47:48,075 - mylogger - INFO - -0.00729769
2017-05-08 03:47:48,075 - mylogger - INFO - 2014-01-03: hold
2017-05-08 03:47:48,507 - mylogger - INFO - -0.0219343
2017-05-08 03:47:48,508 - mylogger - INFO - 2014-01-06: sell
2017-05-08 03:47:48,836 - mylogger - INFO - -0.0164078
2017-05-08 03:47:48,837 - mylogger - INFO - 2014-01-07: sell
2017-05-08 03:47:49,162 - mylogger - INFO - -0.0186297
2017-05-08 03:47:49,163 - mylogger - INFO - 2014-01-08: sell
2017-05-08 03:47:49,502 - mylogger - INFO - -0.0200085
2017-05-08 03:47:49,503 - mylogger - INFO - 2014-01-09: sell
2017-05-08 03:47:49,920 - mylogger - INFO - -0.00350782
2017-05-08 03:47:49,920 - mylogger - INFO - 2014-01-10: hold
2017-05-08 03:47:50,246 - mylogger - INFO - 0.0158488
2017-05-08 03:47:50,248 - mylogger - INFO - 2014-01-13: buy
2017-05-08 03:47:50,248 - mylogger - INFO - 71147.6987
2017-05-08 03:47:50,588 - mylogger - INFO - -0.00387252
2017-05-08 03:47:50,588 - mylogger - INFO - 2014-01-14: hold
2017-05-08 03:47:51,117 - mylogger - INFO - -0.00837437
2017-05-08 03:47:51,117 - mylogger - INFO - 2014-01-15: hold
2017-05-08 03:47:51,436 - mylogger - INFO - -0.0218657
2017-05-08 03:47:51,437 - mylogger - INFO - 2014-01-16: sell
2017-05-08 03:47:51,757 - mylogger - INFO - -0.0321918
2017-05-08 03:47:51,758 - mylogger - INFO - 2014-01-17: sell
2017-05-08 03:47:52,170 - mylogger - INFO - -0.0256469
2017-05-08 03:47:52,171 - mylogger - INFO - 2014-01-21: sell
2017-05-08 03:47:52,503 - mylogger - INFO - -0.0342564
2017-05-08 03:47:52,504 - mylogger - INFO - 2014-01-22: sell
2017-05-08 03:47:52,833 - mylogger - INFO - -0.0248549
2017-05-08 03:47:52,834 - mylogger - INFO - 2014-01-23: sell
2017-05-08 03:47:53,255 - mylogger - INFO - -0.0333117
2017-05-08 03:47:53,257 - mylogger - INFO - 2014-01-24: sell
2017-05-08 03:47:53,585 - mylogger - INFO - -0.0374128
2017-05-08 03:47:53,585 - mylogger - INFO - 2014-01-27: sell
2017-05-08 03:47:53,914 - mylogger - INFO - -0.0318603
2017-05-08 03:47:53,915 - mylogger - INFO - 2014-01-28: sell
2017-05-08 03:47:54,239 - mylogger - INFO - -0.0253261
2017-05-08 03:47:54,240 - mylogger - INFO - 2014-01-29: sell
2017-05-08 03:47:54,676 - mylogger - INFO - 0.00349292
2017-05-08 03:47:54,677 - mylogger - INFO - 2014-01-30: hold
2017-05-08 03:47:55,009 - mylogger - INFO - 0.0169174
2017-05-08 03:47:55,010 - mylogger - INFO - 2014-01-31: No cover!
2017-05-08 03:47:55,331 - mylogger - INFO - -0.0124258
2017-05-08 03:47:55,331 - mylogger - INFO - 2014-02-03: sell
2017-05-08 03:47:55,727 - mylogger - INFO - -0.00123596
2017-05-08 03:47:55,727 - mylogger - INFO - 2014-02-04: hold
2017-05-08 03:47:56,046 - mylogger - INFO - -0.00180355
2017-05-08 03:47:56,046 - mylogger - INFO - 2014-02-05: hold
2017-05-08 03:47:56,366 - mylogger - INFO - 0.0109275
2017-05-08 03:47:56,367 - mylogger - INFO - 2014-02-06: No cover!
2017-05-08 03:47:56,773 - mylogger - INFO - 0.0015723
2017-05-08 03:47:56,773 - mylogger - INFO - 2014-02-07: hold
2017-05-08 03:47:57,101 - mylogger - INFO - 0.0112077
2017-05-08 03:47:57,102 - mylogger - INFO - 2014-02-10: No cover!
2017-05-08 03:47:57,427 - mylogger - INFO - 0.00141424
2017-05-08 03:47:57,427 - mylogger - INFO - 2014-02-11: hold
2017-05-08 03:47:57,839 - mylogger - INFO - 0.00479708
2017-05-08 03:47:57,839 - mylogger - INFO - 2014-02-12: hold
2017-05-08 03:47:58,164 - mylogger - INFO - -0.0159083
2017-05-08 03:47:58,165 - mylogger - INFO - 2014-02-13: sell
2017-05-08 03:47:58,509 - mylogger - INFO - -0.0279024
2017-05-08 03:47:58,510 - mylogger - INFO - 2014-02-14: sell
2017-05-08 03:47:58,840 - mylogger - INFO - -0.0119477
2017-05-08 03:47:58,841 - mylogger - INFO - 2014-02-18: sell
2017-05-08 03:47:59,266 - mylogger - INFO - -0.0161197
2017-05-08 03:47:59,267 - mylogger - INFO - 2014-02-19: sell
2017-05-08 03:47:59,593 - mylogger - INFO - -0.00477918
2017-05-08 03:47:59,593 - mylogger - INFO - 2014-02-20: hold
2017-05-08 03:47:59,924 - mylogger - INFO - 0.000709134
2017-05-08 03:47:59,924 - mylogger - INFO - 2014-02-21: hold
2017-05-08 03:48:00,346 - mylogger - INFO - -0.00826405
2017-05-08 03:48:00,347 - mylogger - INFO - 2014-02-24: hold
2017-05-08 03:48:00,669 - mylogger - INFO - -0.00659117
2017-05-08 03:48:00,670 - mylogger - INFO - 2014-02-25: hold
2017-05-08 03:48:01,012 - mylogger - INFO - 0.00253654
2017-05-08 03:48:01,012 - mylogger - INFO - 2014-02-26: hold
2017-05-08 03:48:01,428 - mylogger - INFO - 0.00143162
2017-05-08 03:48:01,428 - mylogger - INFO - 2014-02-27: hold
2017-05-08 03:48:01,774 - mylogger - INFO - 0.00783197
2017-05-08 03:48:01,774 - mylogger - INFO - 2014-02-28: hold
2017-05-08 03:48:02,099 - mylogger - INFO - -0.0196188
2017-05-08 03:48:02,100 - mylogger - INFO - 2014-03-03: sell
2017-05-08 03:48:02,525 - mylogger - INFO - 0.0031922
2017-05-08 03:48:02,526 - mylogger - INFO - 2014-03-04: hold
2017-05-08 03:48:02,857 - mylogger - INFO - -0.023285
2017-05-08 03:48:02,858 - mylogger - INFO - 2014-03-05: sell
2017-05-08 03:48:03,183 - mylogger - INFO - -0.0168269
2017-05-08 03:48:03,184 - mylogger - INFO - 2014-03-06: sell
2017-05-08 03:48:03,509 - mylogger - INFO - -0.0146848
2017-05-08 03:48:03,510 - mylogger - INFO - 2014-03-07: sell
2017-05-08 03:48:03,931 - mylogger - INFO - -0.0123977
2017-05-08 03:48:03,932 - mylogger - INFO - 2014-03-10: sell
2017-05-08 03:48:04,261 - mylogger - INFO - -0.00863894
2017-05-08 03:48:04,262 - mylogger - INFO - 2014-03-11: hold
2017-05-08 03:48:04,596 - mylogger - INFO - -0.012841
2017-05-08 03:48:04,596 - mylogger - INFO - 2014-03-12: sell
2017-05-08 03:48:05,012 - mylogger - INFO - -0.0037223
2017-05-08 03:48:05,013 - mylogger - INFO - 2014-03-13: hold
2017-05-08 03:48:05,340 - mylogger - INFO - -0.00651533
2017-05-08 03:48:05,340 - mylogger - INFO - 2014-03-14: hold
2017-05-08 03:48:05,669 - mylogger - INFO - -0.0138573
2017-05-08 03:48:05,670 - mylogger - INFO - 2014-03-17: sell
2017-05-08 03:48:06,097 - mylogger - INFO - 0.00105499
2017-05-08 03:48:06,097 - mylogger - INFO - 2014-03-18: hold
2017-05-08 03:48:06,429 - mylogger - INFO - -0.0186259
2017-05-08 03:48:06,430 - mylogger - INFO - 2014-03-19: sell
2017-05-08 03:48:06,757 - mylogger - INFO - -0.0102661
2017-05-08 03:48:06,758 - mylogger - INFO - 2014-03-20: sell
2017-05-08 03:48:07,183 - mylogger - INFO - -0.0192322
2017-05-08 03:48:07,184 - mylogger - INFO - 2014-03-21: sell
2017-05-08 03:48:07,514 - mylogger - INFO - 0.00658228
2017-05-08 03:48:07,515 - mylogger - INFO - 2014-03-24: hold
2017-05-08 03:48:07,847 - mylogger - INFO - -0.00680924
2017-05-08 03:48:07,847 - mylogger - INFO - 2014-03-25: hold
2017-05-08 03:48:08,170 - mylogger - INFO - -0.00682934
2017-05-08 03:48:08,170 - mylogger - INFO - 2014-03-26: hold
2017-05-08 03:48:08,583 - mylogger - INFO - -0.00694865
2017-05-08 03:48:08,583 - mylogger - INFO - 2014-03-27: hold
2017-05-08 03:48:08,916 - mylogger - INFO - -0.00193241
2017-05-08 03:48:08,916 - mylogger - INFO - 2014-03-28: hold
2017-05-08 03:48:09,248 - mylogger - INFO - 0.00195194
2017-05-08 03:48:09,248 - mylogger - INFO - 2014-03-31: hold
2017-05-08 03:48:09,664 - mylogger - INFO - 0.00406004
2017-05-08 03:48:09,665 - mylogger - INFO - 2014-04-01: hold
2017-05-08 03:48:10,001 - mylogger - INFO - -0.0106279
2017-05-08 03:48:10,002 - mylogger - INFO - 2014-04-02: sell
2017-05-08 03:48:10,332 - mylogger - INFO - 4.27699e-05
2017-05-08 03:48:10,332 - mylogger - INFO - 2014-04-03: hold
2017-05-08 03:48:10,782 - mylogger - INFO - -0.0207358
2017-05-08 03:48:10,783 - mylogger - INFO - 2014-04-04: sell
2017-05-08 03:48:11,107 - mylogger - INFO - 0.00934527
2017-05-08 03:48:11,107 - mylogger - INFO - 2014-04-07: hold
2017-05-08 03:48:11,427 - mylogger - INFO - -0.0209656
2017-05-08 03:48:11,427 - mylogger - INFO - 2014-04-08: sell
2017-05-08 03:48:11,838 - mylogger - INFO - -0.00195819
2017-05-08 03:48:11,838 - mylogger - INFO - 2014-04-09: hold
2017-05-08 03:48:12,168 - mylogger - INFO - -0.00899263
2017-05-08 03:48:12,168 - mylogger - INFO - 2014-04-10: hold
2017-05-08 03:48:12,499 - mylogger - INFO - -0.0151366
2017-05-08 03:48:12,500 - mylogger - INFO - 2014-04-11: sell
2017-05-08 03:48:12,827 - mylogger - INFO - -0.00484769
2017-05-08 03:48:12,827 - mylogger - INFO - 2014-04-14: hold
2017-05-08 03:48:13,241 - mylogger - INFO - -0.0121815
2017-05-08 03:48:13,242 - mylogger - INFO - 2014-04-15: sell
2017-05-08 03:48:13,589 - mylogger - INFO - -0.00733654
2017-05-08 03:48:13,589 - mylogger - INFO - 2014-04-16: hold
2017-05-08 03:48:13,909 - mylogger - INFO - -0.00310508
2017-05-08 03:48:13,909 - mylogger - INFO - 2014-04-17: hold
2017-05-08 03:48:14,323 - mylogger - INFO - 0.0164071
2017-05-08 03:48:14,324 - mylogger - INFO - 2014-04-21: No cover!
2017-05-08 03:48:14,654 - mylogger - INFO - 0.00358733
2017-05-08 03:48:14,654 - mylogger - INFO - 2014-04-22: hold
2017-05-08 03:48:14,987 - mylogger - INFO - -0.00225434
2017-05-08 03:48:14,987 - mylogger - INFO - 2014-04-23: hold
2017-05-08 03:48:15,410 - mylogger - INFO - -0.0053498
2017-05-08 03:48:15,411 - mylogger - INFO - 2014-04-24: hold
2017-05-08 03:48:15,733 - mylogger - INFO - -0.0184869
2017-05-08 03:48:15,734 - mylogger - INFO - 2014-04-25: sell
2017-05-08 03:48:16,064 - mylogger - INFO - 0.0166801
2017-05-08 03:48:16,065 - mylogger - INFO - 2014-04-28: No cover!
2017-05-08 03:48:16,487 - mylogger - INFO - -0.00712656
2017-05-08 03:48:16,488 - mylogger - INFO - 2014-04-29: hold
2017-05-08 03:48:16,818 - mylogger - INFO - -0.0131272
2017-05-08 03:48:16,819 - mylogger - INFO - 2014-04-30: sell
2017-05-08 03:48:17,145 - mylogger - INFO - -0.00513233
2017-05-08 03:48:17,145 - mylogger - INFO - 2014-05-01: hold
2017-05-08 03:48:17,479 - mylogger - INFO - 0.00329247
2017-05-08 03:48:17,479 - mylogger - INFO - 2014-05-02: hold
2017-05-08 03:48:17,902 - mylogger - INFO - -0.0213708
2017-05-08 03:48:17,903 - mylogger - INFO - 2014-05-05: sell
2017-05-08 03:48:18,232 - mylogger - INFO - -0.0118796
2017-05-08 03:48:18,233 - mylogger - INFO - 2014-05-06: sell
2017-05-08 03:48:18,555 - mylogger - INFO - -0.00491741
2017-05-08 03:48:18,555 - mylogger - INFO - 2014-05-07: hold
2017-05-08 03:48:18,978 - mylogger - INFO - -0.00807187
2017-05-08 03:48:18,978 - mylogger - INFO - 2014-05-08: hold
2017-05-08 03:48:19,312 - mylogger - INFO - -0.0165034
2017-05-08 03:48:19,312 - mylogger - INFO - 2014-05-09: sell
2017-05-08 03:48:19,647 - mylogger - INFO - -0.0118851
2017-05-08 03:48:19,648 - mylogger - INFO - 2014-05-12: sell
2017-05-08 03:48:20,071 - mylogger - INFO - -0.0161291
2017-05-08 03:48:20,072 - mylogger - INFO - 2014-05-13: sell
2017-05-08 03:48:20,402 - mylogger - INFO - -0.0119985
2017-05-08 03:48:20,403 - mylogger - INFO - 2014-05-14: sell
2017-05-08 03:48:20,729 - mylogger - INFO - -0.0162187
2017-05-08 03:48:20,730 - mylogger - INFO - 2014-05-15: sell
2017-05-08 03:48:21,146 - mylogger - INFO - -0.000933796
2017-05-08 03:48:21,146 - mylogger - INFO - 2014-05-16: hold
2017-05-08 03:48:21,481 - mylogger - INFO - -0.00473262
2017-05-08 03:48:21,481 - mylogger - INFO - 2014-05-19: hold
2017-05-08 03:48:21,818 - mylogger - INFO - -0.022623
2017-05-08 03:48:21,819 - mylogger - INFO - 2014-05-20: sell
2017-05-08 03:48:22,144 - mylogger - INFO - -0.00176835
2017-05-08 03:48:22,144 - mylogger - INFO - 2014-05-21: hold
2017-05-08 03:48:22,565 - mylogger - INFO - 0.00186391
2017-05-08 03:48:22,565 - mylogger - INFO - 2014-05-22: hold
2017-05-08 03:48:22,893 - mylogger - INFO - -0.011219
2017-05-08 03:48:22,894 - mylogger - INFO - 2014-05-23: sell
2017-05-08 03:48:23,226 - mylogger - INFO - 0.000624793
2017-05-08 03:48:23,226 - mylogger - INFO - 2014-05-27: hold
2017-05-08 03:48:23,645 - mylogger - INFO - 0.00110867
2017-05-08 03:48:23,646 - mylogger - INFO - 2014-05-28: hold
2017-05-08 03:48:23,978 - mylogger - INFO - 0.0172282
2017-05-08 03:48:23,979 - mylogger - INFO - 2014-05-29: No cover!
2017-05-08 03:48:24,308 - mylogger - INFO - 0.00843542
2017-05-08 03:48:24,308 - mylogger - INFO - 2014-05-30: hold
2017-05-08 03:48:24,725 - mylogger - INFO - 0.0164112
2017-05-08 03:48:24,726 - mylogger - INFO - 2014-06-02: No cover!
2017-05-08 03:48:25,052 - mylogger - INFO - 0.0106347
2017-05-08 03:48:25,053 - mylogger - INFO - 2014-06-03: No cover!
2017-05-08 03:48:25,381 - mylogger - INFO - -0.00608347
2017-05-08 03:48:25,381 - mylogger - INFO - 2014-06-04: hold
2017-05-08 03:48:25,828 - mylogger - INFO - 0.00586278
2017-05-08 03:48:25,828 - mylogger - INFO - 2014-06-05: hold
2017-05-08 03:48:26,160 - mylogger - INFO - -0.0141236
2017-05-08 03:48:26,161 - mylogger - INFO - 2014-06-06: sell
2017-05-08 03:48:26,495 - mylogger - INFO - -0.00349096
2017-05-08 03:48:26,495 - mylogger - INFO - 2014-06-09: hold
2017-05-08 03:48:26,835 - mylogger - INFO - -0.0116513
2017-05-08 03:48:26,836 - mylogger - INFO - 2014-06-10: sell
2017-05-08 03:48:27,250 - mylogger - INFO - -0.00121162
2017-05-08 03:48:27,250 - mylogger - INFO - 2014-06-11: hold
2017-05-08 03:48:27,574 - mylogger - INFO - -0.0109998
2017-05-08 03:48:27,574 - mylogger - INFO - 2014-06-12: sell
2017-05-08 03:48:27,894 - mylogger - INFO - 0.0165486
2017-05-08 03:48:27,895 - mylogger - INFO - 2014-06-13: No cover!
2017-05-08 03:48:28,300 - mylogger - INFO - -0.00173329
2017-05-08 03:48:28,300 - mylogger - INFO - 2014-06-16: hold
2017-05-08 03:48:28,620 - mylogger - INFO - 0.0141039
2017-05-08 03:48:28,621 - mylogger - INFO - 2014-06-17: No cover!
2017-05-08 03:48:28,944 - mylogger - INFO - -0.00547631
2017-05-08 03:48:28,945 - mylogger - INFO - 2014-06-18: hold
2017-05-08 03:48:29,365 - mylogger - INFO - 0.0038878
2017-05-08 03:48:29,365 - mylogger - INFO - 2014-06-19: hold
2017-05-08 03:48:29,694 - mylogger - INFO - 0.00855487
2017-05-08 03:48:29,694 - mylogger - INFO - 2014-06-20: hold
2017-05-08 03:48:30,019 - mylogger - INFO - 0.00582582
2017-05-08 03:48:30,020 - mylogger - INFO - 2014-06-23: hold
2017-05-08 03:48:30,447 - mylogger - INFO - 0.0199771
2017-05-08 03:48:30,448 - mylogger - INFO - 2014-06-24: No cover!
2017-05-08 03:48:30,784 - mylogger - INFO - 0.00695678
2017-05-08 03:48:30,784 - mylogger - INFO - 2014-06-25: hold
2017-05-08 03:48:31,114 - mylogger - INFO - 0.00100926
2017-05-08 03:48:31,114 - mylogger - INFO - 2014-06-26: hold
2017-05-08 03:48:31,448 - mylogger - INFO - -0.000156744
2017-05-08 03:48:31,449 - mylogger - INFO - 2014-06-27: hold
2017-05-08 03:48:31,880 - mylogger - INFO - 0.0315953
2017-05-08 03:48:31,881 - mylogger - INFO - 2014-06-30: No cover!
2017-05-08 03:48:32,212 - mylogger - INFO - 0.022819
2017-05-08 03:48:32,213 - mylogger - INFO - 2014-07-01: No cover!
2017-05-08 03:48:32,537 - mylogger - INFO - 0.00835251
2017-05-08 03:48:32,538 - mylogger - INFO - 2014-07-02: hold
2017-05-08 03:48:32,962 - mylogger - INFO - 0.00534679
2017-05-08 03:48:32,962 - mylogger - INFO - 2014-07-03: hold
2017-05-08 03:48:33,292 - mylogger - INFO - -0.00842006
2017-05-08 03:48:33,292 - mylogger - INFO - 2014-07-07: hold
2017-05-08 03:48:33,614 - mylogger - INFO - -0.000113508
2017-05-08 03:48:33,615 - mylogger - INFO - 2014-07-08: hold
2017-05-08 03:48:34,042 - mylogger - INFO - -0.00976054
2017-05-08 03:48:34,043 - mylogger - INFO - 2014-07-09: hold
2017-05-08 03:48:34,377 - mylogger - INFO - -0.00395798
2017-05-08 03:48:34,377 - mylogger - INFO - 2014-07-10: hold
2017-05-08 03:48:34,701 - mylogger - INFO - 0.00443009
2017-05-08 03:48:34,701 - mylogger - INFO - 2014-07-11: hold
2017-05-08 03:48:35,114 - mylogger - INFO - -0.016243
2017-05-08 03:48:35,115 - mylogger - INFO - 2014-07-14: sell
2017-05-08 03:48:35,445 - mylogger - INFO - -0.00181949
2017-05-08 03:48:35,445 - mylogger - INFO - 2014-07-15: hold
2017-05-08 03:48:35,775 - mylogger - INFO - 0.00608509
2017-05-08 03:48:35,775 - mylogger - INFO - 2014-07-16: hold
2017-05-08 03:48:36,195 - mylogger - INFO - -0.00197117
2017-05-08 03:48:36,195 - mylogger - INFO - 2014-07-17: hold
2017-05-08 03:48:36,518 - mylogger - INFO - -0.00134285
2017-05-08 03:48:36,518 - mylogger - INFO - 2014-07-18: hold
2017-05-08 03:48:36,849 - mylogger - INFO - -0.0113234
2017-05-08 03:48:36,850 - mylogger - INFO - 2014-07-21: sell
2017-05-08 03:48:37,174 - mylogger - INFO - -0.00583306
2017-05-08 03:48:37,174 - mylogger - INFO - 2014-07-22: hold
2017-05-08 03:48:37,603 - mylogger - INFO - -0.00040469
2017-05-08 03:48:37,603 - mylogger - INFO - 2014-07-23: hold
2017-05-08 03:48:37,937 - mylogger - INFO - -0.0102829
2017-05-08 03:48:37,938 - mylogger - INFO - 2014-07-24: sell
2017-05-08 03:48:38,262 - mylogger - INFO - -0.0283916
2017-05-08 03:48:38,264 - mylogger - INFO - 2014-07-25: sell
2017-05-08 03:48:38,684 - mylogger - INFO - -0.00106519
2017-05-08 03:48:38,684 - mylogger - INFO - 2014-07-28: hold
2017-05-08 03:48:39,014 - mylogger - INFO - -0.0232494
2017-05-08 03:48:39,015 - mylogger - INFO - 2014-07-29: sell
2017-05-08 03:48:39,357 - mylogger - INFO - -0.00803073
2017-05-08 03:48:39,357 - mylogger - INFO - 2014-07-30: hold
2017-05-08 03:48:39,778 - mylogger - INFO - -0.0150395
2017-05-08 03:48:39,779 - mylogger - INFO - 2014-07-31: sell
2017-05-08 03:48:40,115 - mylogger - INFO - -0.0199407
2017-05-08 03:48:40,116 - mylogger - INFO - 2014-08-01: sell
2017-05-08 03:48:40,451 - mylogger - INFO - -0.00428928
2017-05-08 03:48:40,451 - mylogger - INFO - 2014-08-04: hold
2017-05-08 03:48:40,914 - mylogger - INFO - 0.000382936
2017-05-08 03:48:40,914 - mylogger - INFO - 2014-08-05: hold
2017-05-08 03:48:41,229 - mylogger - INFO - 0.00629717
2017-05-08 03:48:41,229 - mylogger - INFO - 2014-08-06: hold
2017-05-08 03:48:41,547 - mylogger - INFO - 0.0173608
2017-05-08 03:48:41,548 - mylogger - INFO - 2014-08-07: No cover!
2017-05-08 03:48:41,871 - mylogger - INFO - -0.00404034
2017-05-08 03:48:41,871 - mylogger - INFO - 2014-08-08: hold
2017-05-08 03:48:42,287 - mylogger - INFO - 0.00590034
2017-05-08 03:48:42,287 - mylogger - INFO - 2014-08-11: hold
2017-05-08 03:48:42,625 - mylogger - INFO - -0.00442624
2017-05-08 03:48:42,625 - mylogger - INFO - 2014-08-12: hold
2017-05-08 03:48:42,995 - mylogger - INFO - 0.022824
2017-05-08 03:48:42,996 - mylogger - INFO - 2014-08-13: No cover!
2017-05-08 03:48:43,541 - mylogger - INFO - 0.0234513
2017-05-08 03:48:43,542 - mylogger - INFO - 2014-08-14: No cover!
2017-05-08 03:48:43,864 - mylogger - INFO - 0.00998327
2017-05-08 03:48:43,864 - mylogger - INFO - 2014-08-15: hold
2017-05-08 03:48:44,176 - mylogger - INFO - 0.0147341
2017-05-08 03:48:44,177 - mylogger - INFO - 2014-08-18: No cover!
2017-05-08 03:48:44,589 - mylogger - INFO - 0.0086323
2017-05-08 03:48:44,589 - mylogger - INFO - 2014-08-19: hold
2017-05-08 03:48:44,900 - mylogger - INFO - 0.0232184
2017-05-08 03:48:44,901 - mylogger - INFO - 2014-08-20: No cover!
2017-05-08 03:48:45,215 - mylogger - INFO - 0.00199292
2017-05-08 03:48:45,215 - mylogger - INFO - 2014-08-21: hold
2017-05-08 03:48:45,638 - mylogger - INFO - 0.00725425
2017-05-08 03:48:45,638 - mylogger - INFO - 2014-08-22: hold
2017-05-08 03:48:45,979 - mylogger - INFO - 2.84936e-05
2017-05-08 03:48:45,979 - mylogger - INFO - 2014-08-25: hold
2017-05-08 03:48:46,292 - mylogger - INFO - -0.00544013
2017-05-08 03:48:46,292 - mylogger - INFO - 2014-08-26: hold
2017-05-08 03:48:46,620 - mylogger - INFO - -0.020115
2017-05-08 03:48:46,621 - mylogger - INFO - 2014-08-27: sell
2017-05-08 03:48:47,055 - mylogger - INFO - -0.0171862
2017-05-08 03:48:47,056 - mylogger - INFO - 2014-08-28: sell
2017-05-08 03:48:47,394 - mylogger - INFO - -0.0132361
2017-05-08 03:48:47,395 - mylogger - INFO - 2014-08-29: sell
2017-05-08 03:48:47,733 - mylogger - INFO - -0.0380113
2017-05-08 03:48:47,733 - mylogger - INFO - 2014-09-02: sell
2017-05-08 03:48:48,158 - mylogger - INFO - -0.0204868
2017-05-08 03:48:48,159 - mylogger - INFO - 2014-09-03: sell
2017-05-08 03:48:48,484 - mylogger - INFO - 0.00204398
2017-05-08 03:48:48,484 - mylogger - INFO - 2014-09-04: hold
2017-05-08 03:48:48,807 - mylogger - INFO - -0.00703137
2017-05-08 03:48:48,807 - mylogger - INFO - 2014-09-05: hold
2017-05-08 03:48:49,234 - mylogger - INFO - 0.00845428
2017-05-08 03:48:49,234 - mylogger - INFO - 2014-09-08: hold
2017-05-08 03:48:49,571 - mylogger - INFO - 0.00977881
2017-05-08 03:48:49,571 - mylogger - INFO - 2014-09-09: hold
2017-05-08 03:48:49,902 - mylogger - INFO - 0.000206115
2017-05-08 03:48:49,902 - mylogger - INFO - 2014-09-10: hold
2017-05-08 03:48:50,333 - mylogger - INFO - -0.00397348
2017-05-08 03:48:50,334 - mylogger - INFO - 2014-09-11: hold
2017-05-08 03:48:50,663 - mylogger - INFO - -0.0148312
2017-05-08 03:48:50,664 - mylogger - INFO - 2014-09-12: sell
2017-05-08 03:48:50,975 - mylogger - INFO - -0.00315933
2017-05-08 03:48:50,976 - mylogger - INFO - 2014-09-15: hold
2017-05-08 03:48:51,304 - mylogger - INFO - -0.0273355
2017-05-08 03:48:51,305 - mylogger - INFO - 2014-09-16: sell
2017-05-08 03:48:51,727 - mylogger - INFO - -0.007601
2017-05-08 03:48:51,728 - mylogger - INFO - 2014-09-17: hold
2017-05-08 03:48:52,068 - mylogger - INFO - -0.00413673
2017-05-08 03:48:52,068 - mylogger - INFO - 2014-09-18: hold
2017-05-08 03:48:52,387 - mylogger - INFO - -0.00417722
2017-05-08 03:48:52,387 - mylogger - INFO - 2014-09-19: hold
2017-05-08 03:48:52,814 - mylogger - INFO - -0.00120757
2017-05-08 03:48:52,814 - mylogger - INFO - 2014-09-22: hold
2017-05-08 03:48:53,153 - mylogger - INFO - -0.000346461
2017-05-08 03:48:53,153 - mylogger - INFO - 2014-09-23: hold
2017-05-08 03:48:53,483 - mylogger - INFO - -0.00321059
2017-05-08 03:48:53,483 - mylogger - INFO - 2014-09-24: hold
2017-05-08 03:48:53,923 - mylogger - INFO - -0.00236456
2017-05-08 03:48:53,923 - mylogger - INFO - 2014-09-25: hold
2017-05-08 03:48:54,248 - mylogger - INFO - -0.0129174
2017-05-08 03:48:54,249 - mylogger - INFO - 2014-09-26: sell
2017-05-08 03:48:54,595 - mylogger - INFO - -0.0215199
2017-05-08 03:48:54,596 - mylogger - INFO - 2014-09-29: sell
2017-05-08 03:48:55,020 - mylogger - INFO - -0.0284886
2017-05-08 03:48:55,021 - mylogger - INFO - 2014-09-30: sell
2017-05-08 03:48:55,365 - mylogger - INFO - -0.00980079
2017-05-08 03:48:55,365 - mylogger - INFO - 2014-10-01: hold
2017-05-08 03:48:55,702 - mylogger - INFO - -0.00893847
2017-05-08 03:48:55,703 - mylogger - INFO - 2014-10-02: hold
2017-05-08 03:48:56,025 - mylogger - INFO - -0.0128756
2017-05-08 03:48:56,026 - mylogger - INFO - 2014-10-03: sell
2017-05-08 03:48:56,478 - mylogger - INFO - -0.00747319
2017-05-08 03:48:56,478 - mylogger - INFO - 2014-10-06: hold
2017-05-08 03:48:56,805 - mylogger - INFO - -0.0367611
2017-05-08 03:48:56,806 - mylogger - INFO - 2014-10-07: sell
2017-05-08 03:48:57,149 - mylogger - INFO - -0.005718
2017-05-08 03:48:57,149 - mylogger - INFO - 2014-10-08: hold
2017-05-08 03:48:57,580 - mylogger - INFO - 0.00468301
2017-05-08 03:48:57,580 - mylogger - INFO - 2014-10-09: hold
2017-05-08 03:48:57,913 - mylogger - INFO - 0.00130546
2017-05-08 03:48:57,914 - mylogger - INFO - 2014-10-10: hold
2017-05-08 03:48:58,255 - mylogger - INFO - -0.00782223
2017-05-08 03:48:58,256 - mylogger - INFO - 2014-10-13: hold
2017-05-08 03:48:58,683 - mylogger - INFO - 0.00715411
2017-05-08 03:48:58,683 - mylogger - INFO - 2014-10-14: hold
2017-05-08 03:48:59,033 - mylogger - INFO - -0.00552603
2017-05-08 03:48:59,034 - mylogger - INFO - 2014-10-15: hold
2017-05-08 03:48:59,365 - mylogger - INFO - -0.00351868
2017-05-08 03:48:59,365 - mylogger - INFO - 2014-10-16: hold
2017-05-08 03:48:59,795 - mylogger - INFO - 0.00773397
2017-05-08 03:48:59,795 - mylogger - INFO - 2014-10-17: hold
2017-05-08 03:49:00,117 - mylogger - INFO - 0.00666716
2017-05-08 03:49:00,117 - mylogger - INFO - 2014-10-20: hold
2017-05-08 03:49:00,432 - mylogger - INFO - 0.0174068
2017-05-08 03:49:00,433 - mylogger - INFO - 2014-10-21: No cover!
2017-05-08 03:49:00,836 - mylogger - INFO - -0.00373292
2017-05-08 03:49:00,837 - mylogger - INFO - 2014-10-22: hold
2017-05-08 03:49:01,152 - mylogger - INFO - 0.00606594
2017-05-08 03:49:01,152 - mylogger - INFO - 2014-10-23: hold
2017-05-08 03:49:01,462 - mylogger - INFO - 0.00496807
2017-05-08 03:49:01,462 - mylogger - INFO - 2014-10-24: hold
2017-05-08 03:49:01,781 - mylogger - INFO - 0.0132986
2017-05-08 03:49:01,782 - mylogger - INFO - 2014-10-27: No cover!
2017-05-08 03:49:02,191 - mylogger - INFO - 0.017516
2017-05-08 03:49:02,193 - mylogger - INFO - 2014-10-28: No cover!
2017-05-08 03:49:02,506 - mylogger - INFO - -0.00835651
2017-05-08 03:49:02,506 - mylogger - INFO - 2014-10-29: hold
2017-05-08 03:49:02,817 - mylogger - INFO - 0.00699923
2017-05-08 03:49:02,818 - mylogger - INFO - 2014-10-30: hold
2017-05-08 03:49:03,214 - mylogger - INFO - -0.00542985
2017-05-08 03:49:03,214 - mylogger - INFO - 2014-10-31: hold
2017-05-08 03:49:03,527 - mylogger - INFO - -0.00692754
2017-05-08 03:49:03,527 - mylogger - INFO - 2014-11-03: hold
2017-05-08 03:49:03,836 - mylogger - INFO - -0.00190198
2017-05-08 03:49:03,836 - mylogger - INFO - 2014-11-04: hold
2017-05-08 03:49:04,237 - mylogger - INFO - -0.000649528
2017-05-08 03:49:04,237 - mylogger - INFO - 2014-11-05: hold
2017-05-08 03:49:04,552 - mylogger - INFO - 0.00863095
2017-05-08 03:49:04,552 - mylogger - INFO - 2014-11-06: hold
2017-05-08 03:49:04,863 - mylogger - INFO - 0.0235543
2017-05-08 03:49:04,864 - mylogger - INFO - 2014-11-07: No cover!
2017-05-08 03:49:05,267 - mylogger - INFO - -0.0086659
2017-05-08 03:49:05,267 - mylogger - INFO - 2014-11-10: hold
2017-05-08 03:49:05,580 - mylogger - INFO - -0.00878259
2017-05-08 03:49:05,580 - mylogger - INFO - 2014-11-11: hold
2017-05-08 03:49:05,895 - mylogger - INFO - -0.0244121
2017-05-08 03:49:05,896 - mylogger - INFO - 2014-11-12: sell
2017-05-08 03:49:06,301 - mylogger - INFO - -0.0163338
2017-05-08 03:49:06,302 - mylogger - INFO - 2014-11-13: sell
2017-05-08 03:49:06,614 - mylogger - INFO - 0.00353835
2017-05-08 03:49:06,614 - mylogger - INFO - 2014-11-14: hold
2017-05-08 03:49:06,927 - mylogger - INFO - -0.0020356
2017-05-08 03:49:06,927 - mylogger - INFO - 2014-11-17: hold
2017-05-08 03:49:07,238 - mylogger - INFO - -0.0205368
2017-05-08 03:49:07,238 - mylogger - INFO - 2014-11-18: sell
2017-05-08 03:49:07,651 - mylogger - INFO - -0.0160181
2017-05-08 03:49:07,652 - mylogger - INFO - 2014-11-19: sell
2017-05-08 03:49:07,969 - mylogger - INFO - 0.0032689
2017-05-08 03:49:07,969 - mylogger - INFO - 2014-11-20: hold
2017-05-08 03:49:08,279 - mylogger - INFO - 0.00489108
2017-05-08 03:49:08,280 - mylogger - INFO - 2014-11-21: hold
2017-05-08 03:49:08,681 - mylogger - INFO - 0.00194413
2017-05-08 03:49:08,681 - mylogger - INFO - 2014-11-24: hold
2017-05-08 03:49:08,994 - mylogger - INFO - 0.00549655
2017-05-08 03:49:08,994 - mylogger - INFO - 2014-11-25: hold
2017-05-08 03:49:09,302 - mylogger - INFO - -0.0100677
2017-05-08 03:49:09,303 - mylogger - INFO - 2014-11-26: sell
2017-05-08 03:49:09,703 - mylogger - INFO - 0.00603043
2017-05-08 03:49:09,703 - mylogger - INFO - 2014-11-28: hold
2017-05-08 03:49:10,014 - mylogger - INFO - -0.0153822
2017-05-08 03:49:10,015 - mylogger - INFO - 2014-12-01: sell
2017-05-08 03:49:10,324 - mylogger - INFO - -0.000508033
2017-05-08 03:49:10,325 - mylogger - INFO - 2014-12-02: hold
2017-05-08 03:49:10,728 - mylogger - INFO - -0.0086369
2017-05-08 03:49:10,728 - mylogger - INFO - 2014-12-03: hold
2017-05-08 03:49:11,037 - mylogger - INFO - -0.0101576
2017-05-08 03:49:11,038 - mylogger - INFO - 2014-12-04: sell
2017-05-08 03:49:11,348 - mylogger - INFO - -0.00782457
2017-05-08 03:49:11,348 - mylogger - INFO - 2014-12-05: hold
2017-05-08 03:49:11,655 - mylogger - INFO - 0.00258259
2017-05-08 03:49:11,656 - mylogger - INFO - 2014-12-08: hold
2017-05-08 03:49:12,061 - mylogger - INFO - -0.0143888
2017-05-08 03:49:12,062 - mylogger - INFO - 2014-12-09: sell
2017-05-08 03:49:12,371 - mylogger - INFO - 0.00443548
2017-05-08 03:49:12,371 - mylogger - INFO - 2014-12-10: hold
2017-05-08 03:49:12,680 - mylogger - INFO - -0.00692712
2017-05-08 03:49:12,680 - mylogger - INFO - 2014-12-11: hold
2017-05-08 03:49:13,078 - mylogger - INFO - -0.0168392
2017-05-08 03:49:13,079 - mylogger - INFO - 2014-12-12: sell
2017-05-08 03:49:13,389 - mylogger - INFO - -0.00580634
2017-05-08 03:49:13,389 - mylogger - INFO - 2014-12-15: hold
2017-05-08 03:49:13,720 - mylogger - INFO - -0.00925174
2017-05-08 03:49:13,721 - mylogger - INFO - 2014-12-16: hold
2017-05-08 03:49:14,128 - mylogger - INFO - -0.000535799
2017-05-08 03:49:14,128 - mylogger - INFO - 2014-12-17: hold
2017-05-08 03:49:14,440 - mylogger - INFO - 0.00283666
2017-05-08 03:49:14,440 - mylogger - INFO - 2014-12-18: hold
2017-05-08 03:49:14,748 - mylogger - INFO - 0.0208087
2017-05-08 03:49:14,749 - mylogger - INFO - 2014-12-19: No cover!
2017-05-08 03:49:15,149 - mylogger - INFO - 0.0314164
2017-05-08 03:49:15,150 - mylogger - INFO - 2014-12-22: No cover!
2017-05-08 03:49:15,463 - mylogger - INFO - 0.0104236
2017-05-08 03:49:15,464 - mylogger - INFO - 2014-12-23: No cover!
2017-05-08 03:49:15,764 - mylogger - INFO - 0.0131448
2017-05-08 03:49:15,765 - mylogger - INFO - 2014-12-24: No cover!
2017-05-08 03:49:16,064 - mylogger - INFO - 0.0029954
2017-05-08 03:49:16,064 - mylogger - INFO - 2014-12-26: hold
2017-05-08 03:49:16,461 - mylogger - INFO - 0.0102972
2017-05-08 03:49:16,462 - mylogger - INFO - 2014-12-29: No cover!
2017-05-08 03:49:16,762 - mylogger - INFO - 0.0308791
2017-05-08 03:49:16,763 - mylogger - INFO - 2014-12-30: No cover!
2017-05-08 03:49:17,063 - mylogger - INFO - 0.0190286
2017-05-08 03:49:17,064 - mylogger - INFO - 2014-12-31: No cover!
2017-05-08 03:49:17,452 - mylogger - INFO - 0.0338945
2017-05-08 03:49:17,453 - mylogger - INFO - 2015-01-02: No cover!
2017-05-08 03:49:17,755 - mylogger - INFO - 0.0405179
2017-05-08 03:49:17,756 - mylogger - INFO - 2015-01-05: No cover!
2017-05-08 03:49:18,055 - mylogger - INFO - 0.0211151
2017-05-08 03:49:18,056 - mylogger - INFO - 2015-01-06: No cover!
2017-05-08 03:49:18,448 - mylogger - INFO - 0.00408815
2017-05-08 03:49:18,448 - mylogger - INFO - 2015-01-07: hold
2017-05-08 03:49:18,751 - mylogger - INFO - 0.0104964
2017-05-08 03:49:18,752 - mylogger - INFO - 2015-01-08: No cover!
2017-05-08 03:49:19,055 - mylogger - INFO - -0.00660398
2017-05-08 03:49:19,055 - mylogger - INFO - 2015-01-09: hold
2017-05-08 03:49:19,447 - mylogger - INFO - 0.0121961
2017-05-08 03:49:19,448 - mylogger - INFO - 2015-01-12: No cover!
2017-05-08 03:49:19,752 - mylogger - INFO - 0.0102904
2017-05-08 03:49:19,753 - mylogger - INFO - 2015-01-13: No cover!
2017-05-08 03:49:20,053 - mylogger - INFO - -0.0144903
2017-05-08 03:49:20,054 - mylogger - INFO - 2015-01-14: sell
2017-05-08 03:49:20,356 - mylogger - INFO - 0.00208109
2017-05-08 03:49:20,356 - mylogger - INFO - 2015-01-15: hold
2017-05-08 03:49:20,757 - mylogger - INFO - 0.00739914
2017-05-08 03:49:20,757 - mylogger - INFO - 2015-01-16: hold
2017-05-08 03:49:21,060 - mylogger - INFO - -0.00230235
2017-05-08 03:49:21,060 - mylogger - INFO - 2015-01-20: hold
2017-05-08 03:49:21,363 - mylogger - INFO - 0.00965503
2017-05-08 03:49:21,363 - mylogger - INFO - 2015-01-21: hold
2017-05-08 03:49:21,752 - mylogger - INFO - 0.00653086
2017-05-08 03:49:21,752 - mylogger - INFO - 2015-01-22: hold
2017-05-08 03:49:22,052 - mylogger - INFO - 0.0133445
2017-05-08 03:49:22,053 - mylogger - INFO - 2015-01-23: No cover!
2017-05-08 03:49:22,354 - mylogger - INFO - 0.0158077
2017-05-08 03:49:22,355 - mylogger - INFO - 2015-01-26: No cover!
2017-05-08 03:49:22,748 - mylogger - INFO - 0.0085325
2017-05-08 03:49:22,748 - mylogger - INFO - 2015-01-27: hold
2017-05-08 03:49:23,048 - mylogger - INFO - 0.0049522
2017-05-08 03:49:23,048 - mylogger - INFO - 2015-01-28: hold
2017-05-08 03:49:23,350 - mylogger - INFO - 0.0111264
2017-05-08 03:49:23,351 - mylogger - INFO - 2015-01-29: No cover!
2017-05-08 03:49:23,739 - mylogger - INFO - 0.0133918
2017-05-08 03:49:23,741 - mylogger - INFO - 2015-01-30: No cover!
2017-05-08 03:49:24,041 - mylogger - INFO - 0.0195414
2017-05-08 03:49:24,042 - mylogger - INFO - 2015-02-02: No cover!
2017-05-08 03:49:24,355 - mylogger - INFO - 0.010949
2017-05-08 03:49:24,356 - mylogger - INFO - 2015-02-03: No cover!
2017-05-08 03:49:24,658 - mylogger - INFO - 0.0207722
2017-05-08 03:49:24,659 - mylogger - INFO - 2015-02-04: No cover!
2017-05-08 03:49:25,057 - mylogger - INFO - 0.0190072
2017-05-08 03:49:25,058 - mylogger - INFO - 2015-02-05: No cover!
2017-05-08 03:49:25,366 - mylogger - INFO - 0.0174174
2017-05-08 03:49:25,368 - mylogger - INFO - 2015-02-06: No cover!
2017-05-08 03:49:25,667 - mylogger - INFO - -0.00550493
2017-05-08 03:49:25,667 - mylogger - INFO - 2015-02-09: hold
2017-05-08 03:49:26,058 - mylogger - INFO - 0.0235436
2017-05-08 03:49:26,060 - mylogger - INFO - 2015-02-10: No cover!
2017-05-08 03:49:26,364 - mylogger - INFO - 0.00655214
2017-05-08 03:49:26,364 - mylogger - INFO - 2015-02-11: hold
2017-05-08 03:49:26,666 - mylogger - INFO - 0.00264049
2017-05-08 03:49:26,666 - mylogger - INFO - 2015-02-12: hold
2017-05-08 03:49:27,059 - mylogger - INFO - 0.00173437
2017-05-08 03:49:27,059 - mylogger - INFO - 2015-02-13: hold
2017-05-08 03:49:27,360 - mylogger - INFO - 0.0073675
2017-05-08 03:49:27,360 - mylogger - INFO - 2015-02-17: hold
2017-05-08 03:49:27,661 - mylogger - INFO - 0.0279449
2017-05-08 03:49:27,662 - mylogger - INFO - 2015-02-18: No cover!
2017-05-08 03:49:28,053 - mylogger - INFO - 0.0114341
2017-05-08 03:49:28,054 - mylogger - INFO - 2015-02-19: No cover!
2017-05-08 03:49:28,357 - mylogger - INFO - 0.0140424
2017-05-08 03:49:28,358 - mylogger - INFO - 2015-02-20: No cover!
2017-05-08 03:49:28,658 - mylogger - INFO - 0.00701496
2017-05-08 03:49:28,658 - mylogger - INFO - 2015-02-23: hold
2017-05-08 03:49:28,959 - mylogger - INFO - 0.0165693
2017-05-08 03:49:28,960 - mylogger - INFO - 2015-02-24: No cover!
2017-05-08 03:49:29,358 - mylogger - INFO - 0.00323001
2017-05-08 03:49:29,358 - mylogger - INFO - 2015-02-25: hold
2017-05-08 03:49:29,659 - mylogger - INFO - 0.00728479
2017-05-08 03:49:29,659 - mylogger - INFO - 2015-02-26: hold
2017-05-08 03:49:29,958 - mylogger - INFO - 0.00571681
2017-05-08 03:49:29,959 - mylogger - INFO - 2015-02-27: hold
2017-05-08 03:49:30,351 - mylogger - INFO - 0.00448474
2017-05-08 03:49:30,351 - mylogger - INFO - 2015-03-02: hold
2017-05-08 03:49:30,653 - mylogger - INFO - 0.00459307
2017-05-08 03:49:30,653 - mylogger - INFO - 2015-03-03: hold
2017-05-08 03:49:30,952 - mylogger - INFO - 1.75422e-05
2017-05-08 03:49:30,952 - mylogger - INFO - 2015-03-04: hold
2017-05-08 03:49:31,345 - mylogger - INFO - -0.00259512
2017-05-08 03:49:31,346 - mylogger - INFO - 2015-03-05: hold
2017-05-08 03:49:31,650 - mylogger - INFO - -0.00567999
2017-05-08 03:49:31,650 - mylogger - INFO - 2015-03-06: hold
2017-05-08 03:49:31,952 - mylogger - INFO - 0.00538148
2017-05-08 03:49:31,953 - mylogger - INFO - 2015-03-09: hold
2017-05-08 03:49:32,344 - mylogger - INFO - -0.0144674
2017-05-08 03:49:32,345 - mylogger - INFO - 2015-03-10: sell
2017-05-08 03:49:32,650 - mylogger - INFO - -0.0095013
2017-05-08 03:49:32,651 - mylogger - INFO - 2015-03-11: hold
2017-05-08 03:49:32,953 - mylogger - INFO - -0.0035865
2017-05-08 03:49:32,953 - mylogger - INFO - 2015-03-12: hold
2017-05-08 03:49:33,254 - mylogger - INFO - -0.0121102
2017-05-08 03:49:33,255 - mylogger - INFO - 2015-03-13: sell
2017-05-08 03:49:33,654 - mylogger - INFO - -0.0077647
2017-05-08 03:49:33,654 - mylogger - INFO - 2015-03-16: hold
2017-05-08 03:49:33,955 - mylogger - INFO - -0.0133122
2017-05-08 03:49:33,956 - mylogger - INFO - 2015-03-17: sell
2017-05-08 03:49:34,259 - mylogger - INFO - -0.00393364
2017-05-08 03:49:34,259 - mylogger - INFO - 2015-03-18: hold
2017-05-08 03:49:34,657 - mylogger - INFO - -0.00121343
2017-05-08 03:49:34,657 - mylogger - INFO - 2015-03-19: hold
2017-05-08 03:49:34,958 - mylogger - INFO - 0.00268877
2017-05-08 03:49:34,958 - mylogger - INFO - 2015-03-20: hold
2017-05-08 03:49:35,264 - mylogger - INFO - 0.0015839
2017-05-08 03:49:35,264 - mylogger - INFO - 2015-03-23: hold
2017-05-08 03:49:35,657 - mylogger - INFO - 0.00494208
2017-05-08 03:49:35,658 - mylogger - INFO - 2015-03-24: hold
2017-05-08 03:49:35,958 - mylogger - INFO - 0.00911814
2017-05-08 03:49:35,958 - mylogger - INFO - 2015-03-25: hold
2017-05-08 03:49:36,260 - mylogger - INFO - 0.000631851
2017-05-08 03:49:36,260 - mylogger - INFO - 2015-03-26: hold
2017-05-08 03:49:36,652 - mylogger - INFO - 0.00115274
2017-05-08 03:49:36,652 - mylogger - INFO - 2015-03-27: hold
2017-05-08 03:49:36,953 - mylogger - INFO - 0.0107878
2017-05-08 03:49:36,954 - mylogger - INFO - 2015-03-30: No cover!
2017-05-08 03:49:37,256 - mylogger - INFO - -0.0145446
2017-05-08 03:49:37,257 - mylogger - INFO - 2015-03-31: sell
2017-05-08 03:49:37,559 - mylogger - INFO - -0.000336438
2017-05-08 03:49:37,559 - mylogger - INFO - 2015-04-01: hold
2017-05-08 03:49:37,956 - mylogger - INFO - -0.0172014
2017-05-08 03:49:37,957 - mylogger - INFO - 2015-04-02: sell
2017-05-08 03:49:38,260 - mylogger - INFO - -0.0241287
2017-05-08 03:49:38,261 - mylogger - INFO - 2015-04-06: sell
2017-05-08 03:49:38,564 - mylogger - INFO - 0.0133778
2017-05-08 03:49:38,565 - mylogger - INFO - 2015-04-07: No cover!
2017-05-08 03:49:38,955 - mylogger - INFO - -0.0177254
2017-05-08 03:49:38,956 - mylogger - INFO - 2015-04-08: sell
2017-05-08 03:49:39,258 - mylogger - INFO - -0.00321949
2017-05-08 03:49:39,259 - mylogger - INFO - 2015-04-09: hold
2017-05-08 03:49:39,564 - mylogger - INFO - 0.0112068
2017-05-08 03:49:39,565 - mylogger - INFO - 2015-04-10: No cover!
2017-05-08 03:49:39,957 - mylogger - INFO - 0.00879954
2017-05-08 03:49:39,957 - mylogger - INFO - 2015-04-13: hold
2017-05-08 03:49:40,260 - mylogger - INFO - -0.00493905
2017-05-08 03:49:40,260 - mylogger - INFO - 2015-04-14: hold
2017-05-08 03:49:40,563 - mylogger - INFO - 0.00639383
2017-05-08 03:49:40,563 - mylogger - INFO - 2015-04-15: hold
2017-05-08 03:49:40,954 - mylogger - INFO - 0.00652056
2017-05-08 03:49:40,954 - mylogger - INFO - 2015-04-16: hold
2017-05-08 03:49:41,257 - mylogger - INFO - 0.00127693
2017-05-08 03:49:41,257 - mylogger - INFO - 2015-04-17: hold
2017-05-08 03:49:41,556 - mylogger - INFO - 0.00550353
2017-05-08 03:49:41,556 - mylogger - INFO - 2015-04-20: hold
2017-05-08 03:49:41,954 - mylogger - INFO - 0.00737683
2017-05-08 03:49:41,954 - mylogger - INFO - 2015-04-21: hold
2017-05-08 03:49:42,259 - mylogger - INFO - -0.00253277
2017-05-08 03:49:42,259 - mylogger - INFO - 2015-04-22: hold
2017-05-08 03:49:42,559 - mylogger - INFO - 0.00930768
2017-05-08 03:49:42,559 - mylogger - INFO - 2015-04-23: hold
2017-05-08 03:49:42,866 - mylogger - INFO - 0.00514765
2017-05-08 03:49:42,866 - mylogger - INFO - 2015-04-24: hold
2017-05-08 03:49:43,269 - mylogger - INFO - 0.0159318
2017-05-08 03:49:43,270 - mylogger - INFO - 2015-04-27: No cover!
2017-05-08 03:49:43,572 - mylogger - INFO - 0.00284204
2017-05-08 03:49:43,573 - mylogger - INFO - 2015-04-28: hold
2017-05-08 03:49:43,875 - mylogger - INFO - 0.00996938
2017-05-08 03:49:43,876 - mylogger - INFO - 2015-04-29: hold
2017-05-08 03:49:44,268 - mylogger - INFO - 0.0017919
2017-05-08 03:49:44,268 - mylogger - INFO - 2015-04-30: hold
2017-05-08 03:49:44,582 - mylogger - INFO - -0.00471687
2017-05-08 03:49:44,582 - mylogger - INFO - 2015-05-01: hold
2017-05-08 03:49:44,883 - mylogger - INFO - 0.0037113
2017-05-08 03:49:44,883 - mylogger - INFO - 2015-05-04: hold
2017-05-08 03:49:45,287 - mylogger - INFO - -0.00197917
2017-05-08 03:49:45,288 - mylogger - INFO - 2015-05-05: hold
2017-05-08 03:49:45,611 - mylogger - INFO - -0.00403443
2017-05-08 03:49:45,611 - mylogger - INFO - 2015-05-06: hold
2017-05-08 03:49:45,934 - mylogger - INFO - 0.00612774
2017-05-08 03:49:45,934 - mylogger - INFO - 2015-05-07: hold
2017-05-08 03:49:46,328 - mylogger - INFO - -0.0101846
2017-05-08 03:49:46,329 - mylogger - INFO - 2015-05-08: sell
2017-05-08 03:49:46,687 - mylogger - INFO - -0.0200946
2017-05-08 03:49:46,688 - mylogger - INFO - 2015-05-11: sell
2017-05-08 03:49:47,106 - mylogger - INFO - -0.00694052
2017-05-08 03:49:47,106 - mylogger - INFO - 2015-05-12: hold
2017-05-08 03:49:47,408 - mylogger - INFO - 0.00802742
2017-05-08 03:49:47,408 - mylogger - INFO - 2015-05-13: hold
2017-05-08 03:49:47,805 - mylogger - INFO - -0.00615793
2017-05-08 03:49:47,806 - mylogger - INFO - 2015-05-14: hold
2017-05-08 03:49:48,105 - mylogger - INFO - -0.00494721
2017-05-08 03:49:48,105 - mylogger - INFO - 2015-05-15: hold
2017-05-08 03:49:48,484 - mylogger - INFO - -0.0210642
2017-05-08 03:49:48,485 - mylogger - INFO - 2015-05-18: sell
2017-05-08 03:49:49,054 - mylogger - INFO - -0.00866591
2017-05-08 03:49:49,054 - mylogger - INFO - 2015-05-19: hold
2017-05-08 03:49:49,379 - mylogger - INFO - -3.17266e-05
2017-05-08 03:49:49,379 - mylogger - INFO - 2015-05-20: hold
2017-05-08 03:49:49,699 - mylogger - INFO - 0.000908371
2017-05-08 03:49:49,699 - mylogger - INFO - 2015-05-21: hold
2017-05-08 03:49:50,117 - mylogger - INFO - -0.0124309
2017-05-08 03:49:50,118 - mylogger - INFO - 2015-05-22: sell
2017-05-08 03:49:50,451 - mylogger - INFO - -0.00362217
2017-05-08 03:49:50,451 - mylogger - INFO - 2015-05-26: hold
2017-05-08 03:49:50,778 - mylogger - INFO - 0.0106957
2017-05-08 03:49:50,779 - mylogger - INFO - 2015-05-27: No cover!
2017-05-08 03:49:51,203 - mylogger - INFO - 0.00530501
2017-05-08 03:49:51,203 - mylogger - INFO - 2015-05-28: hold
2017-05-08 03:49:51,534 - mylogger - INFO - 0.0078025
2017-05-08 03:49:51,534 - mylogger - INFO - 2015-05-29: hold
2017-05-08 03:49:51,866 - mylogger - INFO - -0.00732943
2017-05-08 03:49:51,866 - mylogger - INFO - 2015-06-01: hold
2017-05-08 03:49:52,193 - mylogger - INFO - -0.0121661
2017-05-08 03:49:52,194 - mylogger - INFO - 2015-06-02: sell
2017-05-08 03:49:52,626 - mylogger - INFO - -0.00393261
2017-05-08 03:49:52,627 - mylogger - INFO - 2015-06-03: hold
2017-05-08 03:49:52,955 - mylogger - INFO - -0.00743397
2017-05-08 03:49:52,955 - mylogger - INFO - 2015-06-04: hold
2017-05-08 03:49:53,277 - mylogger - INFO - -0.0139577
2017-05-08 03:49:53,277 - mylogger - INFO - 2015-06-05: sell
2017-05-08 03:49:53,698 - mylogger - INFO - 0.00827499
2017-05-08 03:49:53,698 - mylogger - INFO - 2015-06-08: hold
2017-05-08 03:49:54,126 - mylogger - INFO - -0.00359316
2017-05-08 03:49:54,127 - mylogger - INFO - 2015-06-09: hold
2017-05-08 03:49:54,451 - mylogger - INFO - -0.00576056
2017-05-08 03:49:54,451 - mylogger - INFO - 2015-06-10: hold
2017-05-08 03:49:54,861 - mylogger - INFO - 0.0207984
2017-05-08 03:49:54,862 - mylogger - INFO - 2015-06-11: No cover!
2017-05-08 03:49:55,171 - mylogger - INFO - 0.0079478
2017-05-08 03:49:55,171 - mylogger - INFO - 2015-06-12: hold
2017-05-08 03:49:55,479 - mylogger - INFO - 0.0195086
2017-05-08 03:49:55,480 - mylogger - INFO - 2015-06-15: No cover!
2017-05-08 03:49:55,883 - mylogger - INFO - 0.0141628
2017-05-08 03:49:55,884 - mylogger - INFO - 2015-06-16: No cover!
2017-05-08 03:49:56,189 - mylogger - INFO - -0.000890444
2017-05-08 03:49:56,189 - mylogger - INFO - 2015-06-17: hold
2017-05-08 03:49:56,504 - mylogger - INFO - 0.0126583
2017-05-08 03:49:56,505 - mylogger - INFO - 2015-06-18: No cover!
2017-05-08 03:49:56,832 - mylogger - INFO - 0.00320226
2017-05-08 03:49:56,833 - mylogger - INFO - 2015-06-19: hold
2017-05-08 03:49:57,241 - mylogger - INFO - -0.00265763
2017-05-08 03:49:57,241 - mylogger - INFO - 2015-06-22: hold
2017-05-08 03:49:57,606 - mylogger - INFO - 0.00671395
2017-05-08 03:49:57,606 - mylogger - INFO - 2015-06-23: hold
2017-05-08 03:49:58,045 - mylogger - INFO - 0.0039928
2017-05-08 03:49:58,046 - mylogger - INFO - 2015-06-24: hold
2017-05-08 03:49:58,561 - mylogger - INFO - -0.01544
2017-05-08 03:49:58,562 - mylogger - INFO - 2015-06-25: sell
2017-05-08 03:49:58,874 - mylogger - INFO - -0.00705249
2017-05-08 03:49:58,874 - mylogger - INFO - 2015-06-26: hold
2017-05-08 03:49:59,182 - mylogger - INFO - 0.00821586
2017-05-08 03:49:59,183 - mylogger - INFO - 2015-06-29: hold
2017-05-08 03:49:59,585 - mylogger - INFO - 0.0173052
2017-05-08 03:49:59,586 - mylogger - INFO - 2015-06-30: No cover!
2017-05-08 03:49:59,891 - mylogger - INFO - 0.0138093
2017-05-08 03:49:59,892 - mylogger - INFO - 2015-07-01: No cover!
2017-05-08 03:50:00,209 - mylogger - INFO - 0.0121126
2017-05-08 03:50:00,210 - mylogger - INFO - 2015-07-02: No cover!
2017-05-08 03:50:00,610 - mylogger - INFO - 0.000626075
2017-05-08 03:50:00,611 - mylogger - INFO - 2015-07-06: hold
2017-05-08 03:50:00,969 - mylogger - INFO - -0.0123253
2017-05-08 03:50:00,970 - mylogger - INFO - 2015-07-07: sell
2017-05-08 03:50:01,425 - mylogger - INFO - 0.0178435
2017-05-08 03:50:01,426 - mylogger - INFO - 2015-07-08: No cover!
2017-05-08 03:50:01,752 - mylogger - INFO - 0.0159246
2017-05-08 03:50:01,753 - mylogger - INFO - 2015-07-09: No cover!
2017-05-08 03:50:02,177 - mylogger - INFO - 0.00567503
2017-05-08 03:50:02,177 - mylogger - INFO - 2015-07-10: hold
2017-05-08 03:50:02,513 - mylogger - INFO - 0.0044932
2017-05-08 03:50:02,513 - mylogger - INFO - 2015-07-13: hold
2017-05-08 03:50:02,949 - mylogger - INFO - 0.013578
2017-05-08 03:50:02,950 - mylogger - INFO - 2015-07-14: No cover!
2017-05-08 03:50:03,416 - mylogger - INFO - 0.00606664
2017-05-08 03:50:03,416 - mylogger - INFO - 2015-07-15: hold
2017-05-08 03:50:03,726 - mylogger - INFO - -0.0029918
2017-05-08 03:50:03,726 - mylogger - INFO - 2015-07-16: hold
2017-05-08 03:50:04,159 - mylogger - INFO - 0.0103951
2017-05-08 03:50:04,161 - mylogger - INFO - 2015-07-17: No cover!
2017-05-08 03:50:04,648 - mylogger - INFO - 0.00967555
2017-05-08 03:50:04,648 - mylogger - INFO - 2015-07-20: hold
2017-05-08 03:50:04,963 - mylogger - INFO - 0.00314982
2017-05-08 03:50:04,964 - mylogger - INFO - 2015-07-21: hold
2017-05-08 03:50:05,283 - mylogger - INFO - -0.00843859
2017-05-08 03:50:05,283 - mylogger - INFO - 2015-07-22: hold
2017-05-08 03:50:05,688 - mylogger - INFO - 0.0265968
2017-05-08 03:50:05,689 - mylogger - INFO - 2015-07-23: No cover!
2017-05-08 03:50:06,076 - mylogger - INFO - 0.00922124
2017-05-08 03:50:06,077 - mylogger - INFO - 2015-07-24: hold
2017-05-08 03:50:06,532 - mylogger - INFO - 0.0187695
2017-05-08 03:50:06,533 - mylogger - INFO - 2015-07-27: No cover!
2017-05-08 03:50:06,849 - mylogger - INFO - 0.012344
2017-05-08 03:50:06,850 - mylogger - INFO - 2015-07-28: No cover!
2017-05-08 03:50:07,435 - mylogger - INFO - -0.00893715
2017-05-08 03:50:07,435 - mylogger - INFO - 2015-07-29: hold
2017-05-08 03:50:07,794 - mylogger - INFO - 0.0102307
2017-05-08 03:50:07,795 - mylogger - INFO - 2015-07-30: No cover!
2017-05-08 03:50:08,100 - mylogger - INFO - 0.0122572
2017-05-08 03:50:08,101 - mylogger - INFO - 2015-07-31: No cover!
2017-05-08 03:50:08,501 - mylogger - INFO - 0.00765259
2017-05-08 03:50:08,501 - mylogger - INFO - 2015-08-03: hold
2017-05-08 03:50:08,809 - mylogger - INFO - -0.00739683
2017-05-08 03:50:08,809 - mylogger - INFO - 2015-08-04: hold
2017-05-08 03:50:09,116 - mylogger - INFO - 0.0208248
2017-05-08 03:50:09,118 - mylogger - INFO - 2015-08-05: No cover!
2017-05-08 03:50:09,518 - mylogger - INFO - 0.0182637
2017-05-08 03:50:09,519 - mylogger - INFO - 2015-08-06: No cover!
2017-05-08 03:50:09,824 - mylogger - INFO - -0.0015673
2017-05-08 03:50:09,824 - mylogger - INFO - 2015-08-07: hold
2017-05-08 03:50:10,131 - mylogger - INFO - 0.00507495
2017-05-08 03:50:10,132 - mylogger - INFO - 2015-08-10: hold
2017-05-08 03:50:10,543 - mylogger - INFO - -0.00243524
2017-05-08 03:50:10,543 - mylogger - INFO - 2015-08-11: hold
2017-05-08 03:50:10,992 - mylogger - INFO - -0.00933371
2017-05-08 03:50:10,992 - mylogger - INFO - 2015-08-12: hold
2017-05-08 03:50:11,308 - mylogger - INFO - -0.0117335
2017-05-08 03:50:11,308 - mylogger - INFO - 2015-08-13: sell
2017-05-08 03:50:11,614 - mylogger - INFO - -0.0168474
2017-05-08 03:50:11,615 - mylogger - INFO - 2015-08-14: sell
2017-05-08 03:50:12,189 - mylogger - INFO - -0.00475829
2017-05-08 03:50:12,189 - mylogger - INFO - 2015-08-17: hold
2017-05-08 03:50:12,504 - mylogger - INFO - 0.010872
2017-05-08 03:50:12,505 - mylogger - INFO - 2015-08-18: No cover!
2017-05-08 03:50:12,812 - mylogger - INFO - 0.00874707
2017-05-08 03:50:12,812 - mylogger - INFO - 2015-08-19: hold
2017-05-08 03:50:13,364 - mylogger - INFO - 0.00600882
2017-05-08 03:50:13,364 - mylogger - INFO - 2015-08-20: hold
2017-05-08 03:50:13,680 - mylogger - INFO - 0.0179755
2017-05-08 03:50:13,681 - mylogger - INFO - 2015-08-21: No cover!
2017-05-08 03:50:13,992 - mylogger - INFO - -0.00503718
2017-05-08 03:50:13,992 - mylogger - INFO - 2015-08-24: hold
2017-05-08 03:50:14,539 - mylogger - INFO - -0.0164598
2017-05-08 03:50:14,539 - mylogger - INFO - 2015-08-25: sell
2017-05-08 03:50:14,850 - mylogger - INFO - -0.00851904
2017-05-08 03:50:14,850 - mylogger - INFO - 2015-08-26: hold
2017-05-08 03:50:15,284 - mylogger - INFO - 0.00415342
2017-05-08 03:50:15,285 - mylogger - INFO - 2015-08-27: hold
2017-05-08 03:50:15,816 - mylogger - INFO - -0.00619622
2017-05-08 03:50:15,816 - mylogger - INFO - 2015-08-28: hold
2017-05-08 03:50:16,130 - mylogger - INFO - -0.0106658
2017-05-08 03:50:16,131 - mylogger - INFO - 2015-08-31: sell
2017-05-08 03:50:16,611 - mylogger - INFO - 0.0025884
2017-05-08 03:50:16,612 - mylogger - INFO - 2015-09-01: hold
2017-05-08 03:50:17,210 - mylogger - INFO - -0.0127024
2017-05-08 03:50:17,211 - mylogger - INFO - 2015-09-02: sell
2017-05-08 03:50:17,865 - mylogger - INFO - -0.014575
2017-05-08 03:50:17,865 - mylogger - INFO - 2015-09-03: sell
2017-05-08 03:50:18,224 - mylogger - INFO - -0.0148564
2017-05-08 03:50:18,225 - mylogger - INFO - 2015-09-04: sell
2017-05-08 03:50:18,633 - mylogger - INFO - -0.0149516
2017-05-08 03:50:18,633 - mylogger - INFO - 2015-09-08: sell
2017-05-08 03:50:19,070 - mylogger - INFO - -0.0171438
2017-05-08 03:50:19,071 - mylogger - INFO - 2015-09-09: sell
2017-05-08 03:50:19,560 - mylogger - INFO - -0.0119106
2017-05-08 03:50:19,560 - mylogger - INFO - 2015-09-10: sell
2017-05-08 03:50:19,886 - mylogger - INFO - 0.000897947
2017-05-08 03:50:19,887 - mylogger - INFO - 2015-09-11: hold
2017-05-08 03:50:20,291 - mylogger - INFO - -0.00940515
2017-05-08 03:50:20,292 - mylogger - INFO - 2015-09-14: hold
2017-05-08 03:50:20,605 - mylogger - INFO - -0.026694
2017-05-08 03:50:20,606 - mylogger - INFO - 2015-09-15: sell
2017-05-08 03:50:20,916 - mylogger - INFO - -0.0027673
2017-05-08 03:50:20,916 - mylogger - INFO - 2015-09-16: hold
2017-05-08 03:50:21,317 - mylogger - INFO - -0.016632
2017-05-08 03:50:21,318 - mylogger - INFO - 2015-09-17: sell
2017-05-08 03:50:21,623 - mylogger - INFO - -0.00733152
2017-05-08 03:50:21,623 - mylogger - INFO - 2015-09-18: hold
2017-05-08 03:50:21,927 - mylogger - INFO - 0.00932367
2017-05-08 03:50:21,927 - mylogger - INFO - 2015-09-21: hold
2017-05-08 03:50:22,233 - mylogger - INFO - -0.0129456
2017-05-08 03:50:22,234 - mylogger - INFO - 2015-09-22: sell
2017-05-08 03:50:22,646 - mylogger - INFO - -0.00316564
2017-05-08 03:50:22,647 - mylogger - INFO - 2015-09-23: hold
2017-05-08 03:50:23,116 - mylogger - INFO - -0.0113902
2017-05-08 03:50:23,117 - mylogger - INFO - 2015-09-24: sell
2017-05-08 03:50:23,489 - mylogger - INFO - 0.00658356
2017-05-08 03:50:23,489 - mylogger - INFO - 2015-09-25: hold
2017-05-08 03:50:23,945 - mylogger - INFO - -0.00852482
2017-05-08 03:50:23,945 - mylogger - INFO - 2015-09-28: hold
2017-05-08 03:50:24,369 - mylogger - INFO - -0.00564488
2017-05-08 03:50:24,369 - mylogger - INFO - 2015-09-29: hold
2017-05-08 03:50:24,708 - mylogger - INFO - -0.010259
2017-05-08 03:50:24,709 - mylogger - INFO - 2015-09-30: sell
2017-05-08 03:50:25,116 - mylogger - INFO - -0.00252948
2017-05-08 03:50:25,116 - mylogger - INFO - 2015-10-01: hold
2017-05-08 03:50:25,431 - mylogger - INFO - 0.0185062
2017-05-08 03:50:25,432 - mylogger - INFO - 2015-10-02: No cover!
2017-05-08 03:50:25,738 - mylogger - INFO - 0.0269187
2017-05-08 03:50:25,739 - mylogger - INFO - 2015-10-05: No cover!
2017-05-08 03:50:26,143 - mylogger - INFO - 0.014599
2017-05-08 03:50:26,144 - mylogger - INFO - 2015-10-06: No cover!
2017-05-08 03:50:26,451 - mylogger - INFO - 0.0186095
2017-05-08 03:50:26,452 - mylogger - INFO - 2015-10-07: No cover!
2017-05-08 03:50:26,762 - mylogger - INFO - 0.0088619
2017-05-08 03:50:26,762 - mylogger - INFO - 2015-10-08: hold
2017-05-08 03:50:27,064 - mylogger - INFO - 0.0136347
2017-05-08 03:50:27,065 - mylogger - INFO - 2015-10-09: No cover!
2017-05-08 03:50:27,468 - mylogger - INFO - -0.00334142
2017-05-08 03:50:27,468 - mylogger - INFO - 2015-10-12: hold
2017-05-08 03:50:27,776 - mylogger - INFO - -0.0145428
2017-05-08 03:50:27,777 - mylogger - INFO - 2015-10-13: sell
2017-05-08 03:50:28,084 - mylogger - INFO - -0.0067723
2017-05-08 03:50:28,084 - mylogger - INFO - 2015-10-14: hold
2017-05-08 03:50:28,485 - mylogger - INFO - -0.0138003
2017-05-08 03:50:28,486 - mylogger - INFO - 2015-10-15: sell
2017-05-08 03:50:28,790 - mylogger - INFO - -0.0137227
2017-05-08 03:50:28,791 - mylogger - INFO - 2015-10-16: sell
2017-05-08 03:50:29,096 - mylogger - INFO - -0.0157513
2017-05-08 03:50:29,097 - mylogger - INFO - 2015-10-19: sell
2017-05-08 03:50:29,500 - mylogger - INFO - -0.0139151
2017-05-08 03:50:29,501 - mylogger - INFO - 2015-10-20: sell
2017-05-08 03:50:29,810 - mylogger - INFO - -0.014092
2017-05-08 03:50:29,811 - mylogger - INFO - 2015-10-21: sell
2017-05-08 03:50:30,115 - mylogger - INFO - -0.00932498
2017-05-08 03:50:30,115 - mylogger - INFO - 2015-10-22: hold
2017-05-08 03:50:30,513 - mylogger - INFO - -0.00799987
2017-05-08 03:50:30,513 - mylogger - INFO - 2015-10-23: hold
2017-05-08 03:50:30,820 - mylogger - INFO - -0.00565023
2017-05-08 03:50:30,820 - mylogger - INFO - 2015-10-26: hold
2017-05-08 03:50:31,122 - mylogger - INFO - -0.000721397
2017-05-08 03:50:31,122 - mylogger - INFO - 2015-10-27: hold
2017-05-08 03:50:31,518 - mylogger - INFO - -0.0206171
2017-05-08 03:50:31,519 - mylogger - INFO - 2015-10-28: sell
2017-05-08 03:50:31,837 - mylogger - INFO - -0.00723947
2017-05-08 03:50:31,837 - mylogger - INFO - 2015-10-29: hold
2017-05-08 03:50:32,143 - mylogger - INFO - -0.024657
2017-05-08 03:50:32,144 - mylogger - INFO - 2015-10-30: sell
2017-05-08 03:50:32,451 - mylogger - INFO - 0.000648634
2017-05-08 03:50:32,452 - mylogger - INFO - 2015-11-02: hold
2017-05-08 03:50:32,863 - mylogger - INFO - 0.0138834
2017-05-08 03:50:32,864 - mylogger - INFO - 2015-11-03: No cover!
2017-05-08 03:50:33,166 - mylogger - INFO - -0.0258997
2017-05-08 03:50:33,167 - mylogger - INFO - 2015-11-04: sell
2017-05-08 03:50:33,472 - mylogger - INFO - -0.0242291
2017-05-08 03:50:33,473 - mylogger - INFO - 2015-11-05: sell
2017-05-08 03:50:33,872 - mylogger - INFO - -0.025151
2017-05-08 03:50:33,872 - mylogger - INFO - 2015-11-06: sell
2017-05-08 03:50:34,176 - mylogger - INFO - -0.0137781
2017-05-08 03:50:34,177 - mylogger - INFO - 2015-11-09: sell
2017-05-08 03:50:34,483 - mylogger - INFO - -0.00665229
2017-05-08 03:50:34,483 - mylogger - INFO - 2015-11-10: hold
2017-05-08 03:50:34,882 - mylogger - INFO - -0.0168499
2017-05-08 03:50:34,883 - mylogger - INFO - 2015-11-11: sell
2017-05-08 03:50:35,191 - mylogger - INFO - -0.0270238
2017-05-08 03:50:35,192 - mylogger - INFO - 2015-11-12: sell
2017-05-08 03:50:35,504 - mylogger - INFO - -0.0124254
2017-05-08 03:50:35,504 - mylogger - INFO - 2015-11-13: sell
2017-05-08 03:50:35,907 - mylogger - INFO - -0.0203822
2017-05-08 03:50:35,908 - mylogger - INFO - 2015-11-16: sell
2017-05-08 03:50:36,215 - mylogger - INFO - -0.00176865
2017-05-08 03:50:36,215 - mylogger - INFO - 2015-11-17: hold
2017-05-08 03:50:36,522 - mylogger - INFO - -0.0180753
2017-05-08 03:50:36,523 - mylogger - INFO - 2015-11-18: sell
2017-05-08 03:50:36,919 - mylogger - INFO - -0.0218122
2017-05-08 03:50:36,920 - mylogger - INFO - 2015-11-19: sell
2017-05-08 03:50:37,224 - mylogger - INFO - -0.0120384
2017-05-08 03:50:37,224 - mylogger - INFO - 2015-11-20: sell
2017-05-08 03:50:37,529 - mylogger - INFO - -0.0155421
2017-05-08 03:50:37,530 - mylogger - INFO - 2015-11-23: sell
2017-05-08 03:50:37,836 - mylogger - INFO - -0.00050935
2017-05-08 03:50:37,837 - mylogger - INFO - 2015-11-24: hold
2017-05-08 03:50:38,240 - mylogger - INFO - 0.00507562
2017-05-08 03:50:38,240 - mylogger - INFO - 2015-11-25: hold
2017-05-08 03:50:38,542 - mylogger - INFO - -0.0014312
2017-05-08 03:50:38,542 - mylogger - INFO - 2015-11-27: hold
2017-05-08 03:50:38,845 - mylogger - INFO - -0.00426782
2017-05-08 03:50:38,845 - mylogger - INFO - 2015-11-30: hold
2017-05-08 03:50:39,256 - mylogger - INFO - -0.00671161
2017-05-08 03:50:39,256 - mylogger - INFO - 2015-12-01: hold
2017-05-08 03:50:39,559 - mylogger - INFO - -0.0123852
2017-05-08 03:50:39,560 - mylogger - INFO - 2015-12-02: sell
2017-05-08 03:50:39,866 - mylogger - INFO - -0.00466421
2017-05-08 03:50:39,866 - mylogger - INFO - 2015-12-03: hold
2017-05-08 03:50:40,261 - mylogger - INFO - 0.00984581
2017-05-08 03:50:40,261 - mylogger - INFO - 2015-12-04: hold
2017-05-08 03:50:40,568 - mylogger - INFO - 0.0053095
2017-05-08 03:50:40,568 - mylogger - INFO - 2015-12-07: hold
2017-05-08 03:50:40,872 - mylogger - INFO - 0.00367055
2017-05-08 03:50:40,873 - mylogger - INFO - 2015-12-08: hold
2017-05-08 03:50:41,270 - mylogger - INFO - 0.0094444
2017-05-08 03:50:41,270 - mylogger - INFO - 2015-12-09: hold
2017-05-08 03:50:41,574 - mylogger - INFO - 0.00400051
2017-05-08 03:50:41,574 - mylogger - INFO - 2015-12-10: hold
2017-05-08 03:50:41,876 - mylogger - INFO - 0.00225683
2017-05-08 03:50:41,876 - mylogger - INFO - 2015-12-11: hold
2017-05-08 03:50:42,274 - mylogger - INFO - 0.00200642
2017-05-08 03:50:42,274 - mylogger - INFO - 2015-12-14: hold
2017-05-08 03:50:42,581 - mylogger - INFO - -0.0147468
2017-05-08 03:50:42,581 - mylogger - INFO - 2015-12-15: sell
2017-05-08 03:50:42,893 - mylogger - INFO - 0.00417715
2017-05-08 03:50:42,893 - mylogger - INFO - 2015-12-16: hold
2017-05-08 03:50:43,213 - mylogger - INFO - -0.0150406
2017-05-08 03:50:43,214 - mylogger - INFO - 2015-12-17: sell
2017-05-08 03:50:43,621 - mylogger - INFO - -0.00882271
2017-05-08 03:50:43,622 - mylogger - INFO - 2015-12-18: hold
2017-05-08 03:50:43,925 - mylogger - INFO - 0.00684647
2017-05-08 03:50:43,925 - mylogger - INFO - 2015-12-21: hold
2017-05-08 03:50:44,235 - mylogger - INFO - -0.00735912
2017-05-08 03:50:44,235 - mylogger - INFO - 2015-12-22: hold
2017-05-08 03:50:44,638 - mylogger - INFO - 0.00439031
2017-05-08 03:50:44,638 - mylogger - INFO - 2015-12-23: hold
2017-05-08 03:50:44,942 - mylogger - INFO - 0.00272346
2017-05-08 03:50:44,943 - mylogger - INFO - 2015-12-24: hold
2017-05-08 03:50:45,251 - mylogger - INFO - -0.00137194
2017-05-08 03:50:45,251 - mylogger - INFO - 2015-12-28: hold
2017-05-08 03:50:45,648 - mylogger - INFO - -0.00917095
2017-05-08 03:50:45,648 - mylogger - INFO - 2015-12-29: hold
2017-05-08 03:50:45,952 - mylogger - INFO - 0.00269413
2017-05-08 03:50:45,952 - mylogger - INFO - 2015-12-30: hold
2017-05-08 03:50:46,255 - mylogger - INFO - -0.00745351
2017-05-08 03:50:46,255 - mylogger - INFO - 2015-12-31: hold
2017-05-08 03:50:46,908 - mylogger - INFO - Total profit and loss: 0.802486695994
2017-05-08 03:50:46,940 - mylogger - INFO - Hit table:
2017-05-08 03:50:46,940 - mylogger - INFO - Date          signal  hit/miss
2017-05-08 03:50:46,940 - mylogger - INFO - 2014-01-02    hold    miss
2017-05-08 03:50:46,941 - mylogger - INFO - 2014-01-03    hold    hit
2017-05-08 03:50:46,941 - mylogger - INFO - 2014-01-06    sell    miss
2017-05-08 03:50:46,941 - mylogger - INFO - 2014-01-07    sell    miss
2017-05-08 03:50:46,941 - mylogger - INFO - 2014-01-08    sell    hit
2017-05-08 03:50:46,941 - mylogger - INFO - 2014-01-09    sell    miss
2017-05-08 03:50:46,941 - mylogger - INFO - 2014-01-10    hold    hit
2017-05-08 03:50:46,942 - mylogger - INFO - 2014-01-13    buy     hit
2017-05-08 03:50:46,942 - mylogger - INFO - 2014-01-14    hold    miss
2017-05-08 03:50:46,942 - mylogger - INFO - 2014-01-15    hold    hit
2017-05-08 03:50:46,942 - mylogger - INFO - 2014-01-16    sell    hit
2017-05-08 03:50:46,942 - mylogger - INFO - 2014-01-17    sell    miss
2017-05-08 03:50:46,942 - mylogger - INFO - 2014-01-21    sell    miss
2017-05-08 03:50:46,943 - mylogger - INFO - 2014-01-22    sell    miss
2017-05-08 03:50:46,943 - mylogger - INFO - 2014-01-23    sell    hit
2017-05-08 03:50:46,943 - mylogger - INFO - 2014-01-24    sell    miss
2017-05-08 03:50:46,943 - mylogger - INFO - 2014-01-27    sell    hit
2017-05-08 03:50:46,943 - mylogger - INFO - 2014-01-28    sell    hit
2017-05-08 03:50:46,943 - mylogger - INFO - 2014-01-29    sell    miss
2017-05-08 03:50:46,944 - mylogger - INFO - 2014-01-30    hold    hit
2017-05-08 03:50:46,944 - mylogger - INFO - 2014-01-31    buy     miss
2017-05-08 03:50:46,944 - mylogger - INFO - 2014-02-03    sell    miss
2017-05-08 03:50:46,944 - mylogger - INFO - 2014-02-04    hold    hit
2017-05-08 03:50:46,944 - mylogger - INFO - 2014-02-05    hold    hit
2017-05-08 03:50:46,945 - mylogger - INFO - 2014-02-06    buy     hit
2017-05-08 03:50:46,945 - mylogger - INFO - 2014-02-07    hold    miss
2017-05-08 03:50:46,945 - mylogger - INFO - 2014-02-10    buy     hit
2017-05-08 03:50:46,945 - mylogger - INFO - 2014-02-11    hold    hit
2017-05-08 03:50:46,945 - mylogger - INFO - 2014-02-12    hold    miss
2017-05-08 03:50:46,945 - mylogger - INFO - 2014-02-13    sell    miss
2017-05-08 03:50:46,945 - mylogger - INFO - 2014-02-14    sell    miss
2017-05-08 03:50:46,946 - mylogger - INFO - 2014-02-18    sell    hit
2017-05-08 03:50:46,946 - mylogger - INFO - 2014-02-19    sell    hit
2017-05-08 03:50:46,946 - mylogger - INFO - 2014-02-20    hold    miss
2017-05-08 03:50:46,946 - mylogger - INFO - 2014-02-21    hold    hit
2017-05-08 03:50:46,946 - mylogger - INFO - 2014-02-24    hold    miss
2017-05-08 03:50:46,946 - mylogger - INFO - 2014-02-25    hold    hit
2017-05-08 03:50:46,947 - mylogger - INFO - 2014-02-26    hold    miss
2017-05-08 03:50:46,947 - mylogger - INFO - 2014-02-27    hold    hit
2017-05-08 03:50:46,947 - mylogger - INFO - 2014-02-28    hold    hit
2017-05-08 03:50:46,947 - mylogger - INFO - 2014-03-03    sell    miss
2017-05-08 03:50:46,947 - mylogger - INFO - 2014-03-04    hold    hit
2017-05-08 03:50:46,947 - mylogger - INFO - 2014-03-05    sell    miss
2017-05-08 03:50:46,948 - mylogger - INFO - 2014-03-06    sell    miss
2017-05-08 03:50:46,948 - mylogger - INFO - 2014-03-07    sell    miss
2017-05-08 03:50:46,948 - mylogger - INFO - 2014-03-10    sell    miss
2017-05-08 03:50:46,948 - mylogger - INFO - 2014-03-11    hold    hit
2017-05-08 03:50:46,948 - mylogger - INFO - 2014-03-12    sell    hit
2017-05-08 03:50:46,949 - mylogger - INFO - 2014-03-13    hold    miss
2017-05-08 03:50:46,949 - mylogger - INFO - 2014-03-14    hold    hit
2017-05-08 03:50:46,949 - mylogger - INFO - 2014-03-17    sell    miss
2017-05-08 03:50:46,949 - mylogger - INFO - 2014-03-18    hold    hit
2017-05-08 03:50:46,950 - mylogger - INFO - 2014-03-19    sell    miss
2017-05-08 03:50:46,950 - mylogger - INFO - 2014-03-20    sell    miss
2017-05-08 03:50:46,950 - mylogger - INFO - 2014-03-21    sell    miss
2017-05-08 03:50:46,950 - mylogger - INFO - 2014-03-24    hold    miss
2017-05-08 03:50:46,950 - mylogger - INFO - 2014-03-25    hold    hit
2017-05-08 03:50:46,951 - mylogger - INFO - 2014-03-26    hold    hit
2017-05-08 03:50:46,951 - mylogger - INFO - 2014-03-27    hold    hit
2017-05-08 03:50:46,951 - mylogger - INFO - 2014-03-28    hold    hit
2017-05-08 03:50:46,951 - mylogger - INFO - 2014-03-31    hold    hit
2017-05-08 03:50:46,951 - mylogger - INFO - 2014-04-01    hold    hit
2017-05-08 03:50:46,951 - mylogger - INFO - 2014-04-02    sell    miss
2017-05-08 03:50:46,952 - mylogger - INFO - 2014-04-03    hold    miss
2017-05-08 03:50:46,952 - mylogger - INFO - 2014-04-04    sell    hit
2017-05-08 03:50:46,952 - mylogger - INFO - 2014-04-07    hold    hit
2017-05-08 03:50:46,952 - mylogger - INFO - 2014-04-08    sell    miss
2017-05-08 03:50:46,952 - mylogger - INFO - 2014-04-09    hold    miss
2017-05-08 03:50:46,952 - mylogger - INFO - 2014-04-10    hold    hit
2017-05-08 03:50:46,953 - mylogger - INFO - 2014-04-11    sell    miss
2017-05-08 03:50:46,953 - mylogger - INFO - 2014-04-14    hold    hit
2017-05-08 03:50:46,953 - mylogger - INFO - 2014-04-15    sell    miss
2017-05-08 03:50:46,953 - mylogger - INFO - 2014-04-16    hold    miss
2017-05-08 03:50:46,953 - mylogger - INFO - 2014-04-17    hold    miss
2017-05-08 03:50:46,953 - mylogger - INFO - 2014-04-21    buy     miss
2017-05-08 03:50:46,953 - mylogger - INFO - 2014-04-22    hold    miss
2017-05-08 03:50:46,954 - mylogger - INFO - 2014-04-23    hold    miss
2017-05-08 03:50:46,954 - mylogger - INFO - 2014-04-24    hold    hit
2017-05-08 03:50:46,954 - mylogger - INFO - 2014-04-25    sell    miss
2017-05-08 03:50:46,954 - mylogger - INFO - 2014-04-28    buy     miss
2017-05-08 03:50:46,954 - mylogger - INFO - 2014-04-29    hold    hit
2017-05-08 03:50:46,954 - mylogger - INFO - 2014-04-30    sell    miss
2017-05-08 03:50:46,955 - mylogger - INFO - 2014-05-01    hold    hit
2017-05-08 03:50:46,955 - mylogger - INFO - 2014-05-02    hold    miss
2017-05-08 03:50:46,955 - mylogger - INFO - 2014-05-05    sell    hit
2017-05-08 03:50:46,955 - mylogger - INFO - 2014-05-06    sell    miss
2017-05-08 03:50:46,955 - mylogger - INFO - 2014-05-07    hold    hit
2017-05-08 03:50:46,956 - mylogger - INFO - 2014-05-08    hold    hit
2017-05-08 03:50:46,956 - mylogger - INFO - 2014-05-09    sell    miss
2017-05-08 03:50:46,956 - mylogger - INFO - 2014-05-12    sell    miss
2017-05-08 03:50:46,956 - mylogger - INFO - 2014-05-13    sell    miss
2017-05-08 03:50:46,956 - mylogger - INFO - 2014-05-14    sell    miss
2017-05-08 03:50:46,956 - mylogger - INFO - 2014-05-15    sell    miss
2017-05-08 03:50:46,957 - mylogger - INFO - 2014-05-16    hold    miss
2017-05-08 03:50:46,957 - mylogger - INFO - 2014-05-19    hold    hit
2017-05-08 03:50:46,957 - mylogger - INFO - 2014-05-20    sell    miss
2017-05-08 03:50:46,957 - mylogger - INFO - 2014-05-21    hold    hit
2017-05-08 03:50:46,957 - mylogger - INFO - 2014-05-22    hold    miss
2017-05-08 03:50:46,957 - mylogger - INFO - 2014-05-23    sell    miss
2017-05-08 03:50:46,958 - mylogger - INFO - 2014-05-27    hold    hit
2017-05-08 03:50:46,958 - mylogger - INFO - 2014-05-28    hold    miss
2017-05-08 03:50:46,958 - mylogger - INFO - 2014-05-29    buy     miss
2017-05-08 03:50:46,958 - mylogger - INFO - 2014-05-30    hold    hit
2017-05-08 03:50:46,958 - mylogger - INFO - 2014-06-02    buy     hit
2017-05-08 03:50:46,958 - mylogger - INFO - 2014-06-03    buy     hit
2017-05-08 03:50:46,959 - mylogger - INFO - 2014-06-04    hold    hit
2017-05-08 03:50:46,959 - mylogger - INFO - 2014-06-05    hold    hit
2017-05-08 03:50:46,959 - mylogger - INFO - 2014-06-06    sell    miss
2017-05-08 03:50:46,959 - mylogger - INFO - 2014-06-09    hold    hit
2017-05-08 03:50:46,959 - mylogger - INFO - 2014-06-10    sell    miss
2017-05-08 03:50:46,959 - mylogger - INFO - 2014-06-11    hold    miss
2017-05-08 03:50:46,960 - mylogger - INFO - 2014-06-12    sell    hit
2017-05-08 03:50:46,960 - mylogger - INFO - 2014-06-13    buy     hit
2017-05-08 03:50:46,960 - mylogger - INFO - 2014-06-16    hold    hit
2017-05-08 03:50:46,960 - mylogger - INFO - 2014-06-17    buy     miss
2017-05-08 03:50:46,960 - mylogger - INFO - 2014-06-18    hold    hit
2017-05-08 03:50:46,960 - mylogger - INFO - 2014-06-19    hold    miss
2017-05-08 03:50:46,960 - mylogger - INFO - 2014-06-20    hold    hit
2017-05-08 03:50:46,961 - mylogger - INFO - 2014-06-23    hold    hit
2017-05-08 03:50:46,961 - mylogger - INFO - 2014-06-24    buy     miss
2017-05-08 03:50:46,961 - mylogger - INFO - 2014-06-25    hold    hit
2017-05-08 03:50:46,961 - mylogger - INFO - 2014-06-26    hold    miss
2017-05-08 03:50:46,961 - mylogger - INFO - 2014-06-27    hold    miss
2017-05-08 03:50:46,961 - mylogger - INFO - 2014-06-30    buy     miss
2017-05-08 03:50:46,962 - mylogger - INFO - 2014-07-01    buy     miss
2017-05-08 03:50:46,962 - mylogger - INFO - 2014-07-02    hold    hit
2017-05-08 03:50:46,962 - mylogger - INFO - 2014-07-03    hold    miss
2017-05-08 03:50:46,962 - mylogger - INFO - 2014-07-07    hold    hit
2017-05-08 03:50:46,962 - mylogger - INFO - 2014-07-08    hold    hit
2017-05-08 03:50:46,962 - mylogger - INFO - 2014-07-09    hold    hit
2017-05-08 03:50:46,962 - mylogger - INFO - 2014-07-10    hold    hit
2017-05-08 03:50:46,963 - mylogger - INFO - 2014-07-11    hold    miss
2017-05-08 03:50:46,963 - mylogger - INFO - 2014-07-14    sell    hit
2017-05-08 03:50:46,963 - mylogger - INFO - 2014-07-15    hold    hit
2017-05-08 03:50:46,963 - mylogger - INFO - 2014-07-16    hold    miss
2017-05-08 03:50:46,963 - mylogger - INFO - 2014-07-17    hold    miss
2017-05-08 03:50:46,963 - mylogger - INFO - 2014-07-18    hold    hit
2017-05-08 03:50:46,964 - mylogger - INFO - 2014-07-21    sell    miss
2017-05-08 03:50:46,964 - mylogger - INFO - 2014-07-22    hold    miss
2017-05-08 03:50:46,964 - mylogger - INFO - 2014-07-23    hold    hit
2017-05-08 03:50:46,964 - mylogger - INFO - 2014-07-24    sell    miss
2017-05-08 03:50:46,964 - mylogger - INFO - 2014-07-25    sell    miss
2017-05-08 03:50:46,964 - mylogger - INFO - 2014-07-28    hold    hit
2017-05-08 03:50:46,964 - mylogger - INFO - 2014-07-29    sell    miss
2017-05-08 03:50:46,965 - mylogger - INFO - 2014-07-30    hold    miss
2017-05-08 03:50:46,965 - mylogger - INFO - 2014-07-31    sell    miss
2017-05-08 03:50:46,965 - mylogger - INFO - 2014-08-01    sell    miss
2017-05-08 03:50:46,965 - mylogger - INFO - 2014-08-04    hold    hit
2017-05-08 03:50:46,965 - mylogger - INFO - 2014-08-05    hold    hit
2017-05-08 03:50:46,965 - mylogger - INFO - 2014-08-06    hold    hit
2017-05-08 03:50:46,966 - mylogger - INFO - 2014-08-07    buy     miss
2017-05-08 03:50:46,966 - mylogger - INFO - 2014-08-08    hold    miss
2017-05-08 03:50:46,966 - mylogger - INFO - 2014-08-11    hold    hit
2017-05-08 03:50:46,966 - mylogger - INFO - 2014-08-12    hold    miss
2017-05-08 03:50:46,966 - mylogger - INFO - 2014-08-13    buy     miss
2017-05-08 03:50:46,966 - mylogger - INFO - 2014-08-14    buy     miss
2017-05-08 03:50:46,967 - mylogger - INFO - 2014-08-15    hold    miss
2017-05-08 03:50:46,967 - mylogger - INFO - 2014-08-18    buy     hit
2017-05-08 03:50:46,967 - mylogger - INFO - 2014-08-19    hold    hit
2017-05-08 03:50:46,967 - mylogger - INFO - 2014-08-20    buy     miss
2017-05-08 03:50:46,967 - mylogger - INFO - 2014-08-21    hold    hit
2017-05-08 03:50:46,967 - mylogger - INFO - 2014-08-22    hold    hit
2017-05-08 03:50:46,967 - mylogger - INFO - 2014-08-25    hold    hit
2017-05-08 03:50:46,968 - mylogger - INFO - 2014-08-26    hold    miss
2017-05-08 03:50:46,968 - mylogger - INFO - 2014-08-27    sell    miss
2017-05-08 03:50:46,968 - mylogger - INFO - 2014-08-28    sell    miss
2017-05-08 03:50:46,968 - mylogger - INFO - 2014-08-29    sell    miss
2017-05-08 03:50:46,968 - mylogger - INFO - 2014-09-02    sell    hit
2017-05-08 03:50:46,968 - mylogger - INFO - 2014-09-03    sell    miss
2017-05-08 03:50:46,969 - mylogger - INFO - 2014-09-04    hold    hit
2017-05-08 03:50:46,969 - mylogger - INFO - 2014-09-05    hold    hit
2017-05-08 03:50:46,969 - mylogger - INFO - 2014-09-08    hold    hit
2017-05-08 03:50:46,969 - mylogger - INFO - 2014-09-09    hold    miss
2017-05-08 03:50:46,969 - mylogger - INFO - 2014-09-10    hold    hit
2017-05-08 03:50:46,969 - mylogger - INFO - 2014-09-11    hold    hit
2017-05-08 03:50:46,969 - mylogger - INFO - 2014-09-12    sell    miss
2017-05-08 03:50:46,970 - mylogger - INFO - 2014-09-15    hold    hit
2017-05-08 03:50:46,970 - mylogger - INFO - 2014-09-16    sell    miss
2017-05-08 03:50:46,970 - mylogger - INFO - 2014-09-17    hold    hit
2017-05-08 03:50:46,970 - mylogger - INFO - 2014-09-18    hold    hit
2017-05-08 03:50:46,970 - mylogger - INFO - 2014-09-19    hold    hit
2017-05-08 03:50:46,970 - mylogger - INFO - 2014-09-22    hold    miss
2017-05-08 03:50:46,971 - mylogger - INFO - 2014-09-23    hold    hit
2017-05-08 03:50:46,971 - mylogger - INFO - 2014-09-24    hold    miss
2017-05-08 03:50:46,971 - mylogger - INFO - 2014-09-25    hold    miss
2017-05-08 03:50:46,971 - mylogger - INFO - 2014-09-26    sell    miss
2017-05-08 03:50:46,971 - mylogger - INFO - 2014-09-29    sell    miss
2017-05-08 03:50:46,971 - mylogger - INFO - 2014-09-30    sell    hit
2017-05-08 03:50:46,971 - mylogger - INFO - 2014-10-01    hold    hit
2017-05-08 03:50:46,972 - mylogger - INFO - 2014-10-02    hold    hit
2017-05-08 03:50:46,972 - mylogger - INFO - 2014-10-03    sell    miss
2017-05-08 03:50:46,972 - mylogger - INFO - 2014-10-06    hold    hit
2017-05-08 03:50:46,972 - mylogger - INFO - 2014-10-07    sell    miss
2017-05-08 03:50:46,972 - mylogger - INFO - 2014-10-08    hold    hit
2017-05-08 03:50:46,972 - mylogger - INFO - 2014-10-09    hold    hit
2017-05-08 03:50:46,973 - mylogger - INFO - 2014-10-10    hold    hit
2017-05-08 03:50:46,973 - mylogger - INFO - 2014-10-13    hold    miss
2017-05-08 03:50:46,973 - mylogger - INFO - 2014-10-14    hold    miss
2017-05-08 03:50:46,973 - mylogger - INFO - 2014-10-15    hold    miss
2017-05-08 03:50:46,973 - mylogger - INFO - 2014-10-16    hold    miss
2017-05-08 03:50:46,973 - mylogger - INFO - 2014-10-17    hold    miss
2017-05-08 03:50:46,974 - mylogger - INFO - 2014-10-20    hold    miss
2017-05-08 03:50:46,974 - mylogger - INFO - 2014-10-21    buy     miss
2017-05-08 03:50:46,974 - mylogger - INFO - 2014-10-22    hold    miss
2017-05-08 03:50:46,974 - mylogger - INFO - 2014-10-23    hold    hit
2017-05-08 03:50:46,974 - mylogger - INFO - 2014-10-24    hold    hit
2017-05-08 03:50:46,974 - mylogger - INFO - 2014-10-27    buy     hit
2017-05-08 03:50:46,975 - mylogger - INFO - 2014-10-28    buy     miss
2017-05-08 03:50:46,975 - mylogger - INFO - 2014-10-29    hold    hit
2017-05-08 03:50:46,975 - mylogger - INFO - 2014-10-30    hold    hit
2017-05-08 03:50:46,975 - mylogger - INFO - 2014-10-31    hold    miss
2017-05-08 03:50:46,975 - mylogger - INFO - 2014-11-03    hold    hit
2017-05-08 03:50:46,975 - mylogger - INFO - 2014-11-04    hold    hit
2017-05-08 03:50:46,975 - mylogger - INFO - 2014-11-05    hold    hit
2017-05-08 03:50:46,976 - mylogger - INFO - 2014-11-06    hold    hit
2017-05-08 03:50:46,976 - mylogger - INFO - 2014-11-07    buy     miss
2017-05-08 03:50:46,976 - mylogger - INFO - 2014-11-10    hold    hit
2017-05-08 03:50:46,976 - mylogger - INFO - 2014-11-11    hold    miss
2017-05-08 03:50:46,976 - mylogger - INFO - 2014-11-12    sell    miss
2017-05-08 03:50:46,976 - mylogger - INFO - 2014-11-13    sell    miss
2017-05-08 03:50:46,977 - mylogger - INFO - 2014-11-14    hold    hit
2017-05-08 03:50:46,977 - mylogger - INFO - 2014-11-17    hold    miss
2017-05-08 03:50:46,977 - mylogger - INFO - 2014-11-18    sell    miss
2017-05-08 03:50:46,977 - mylogger - INFO - 2014-11-19    sell    miss
2017-05-08 03:50:46,977 - mylogger - INFO - 2014-11-20    hold    hit
2017-05-08 03:50:46,977 - mylogger - INFO - 2014-11-21    hold    miss
2017-05-08 03:50:46,978 - mylogger - INFO - 2014-11-24    hold    hit
2017-05-08 03:50:46,978 - mylogger - INFO - 2014-11-25    hold    miss
2017-05-08 03:50:46,978 - mylogger - INFO - 2014-11-26    sell    miss
2017-05-08 03:50:46,978 - mylogger - INFO - 2014-11-28    hold    miss
2017-05-08 03:50:46,978 - mylogger - INFO - 2014-12-01    sell    miss
2017-05-08 03:50:46,978 - mylogger - INFO - 2014-12-02    hold    miss
2017-05-08 03:50:46,979 - mylogger - INFO - 2014-12-03    hold    hit
2017-05-08 03:50:46,979 - mylogger - INFO - 2014-12-04    sell    miss
2017-05-08 03:50:46,979 - mylogger - INFO - 2014-12-05    hold    miss
2017-05-08 03:50:46,979 - mylogger - INFO - 2014-12-08    hold    miss
2017-05-08 03:50:46,979 - mylogger - INFO - 2014-12-09    sell    hit
2017-05-08 03:50:46,979 - mylogger - INFO - 2014-12-10    hold    hit
2017-05-08 03:50:46,979 - mylogger - INFO - 2014-12-11    hold    miss
2017-05-08 03:50:46,980 - mylogger - INFO - 2014-12-12    sell    hit
2017-05-08 03:50:46,980 - mylogger - INFO - 2014-12-15    hold    miss
2017-05-08 03:50:46,980 - mylogger - INFO - 2014-12-16    hold    miss
2017-05-08 03:50:46,980 - mylogger - INFO - 2014-12-17    hold    miss
2017-05-08 03:50:46,980 - mylogger - INFO - 2014-12-18    hold    hit
2017-05-08 03:50:46,980 - mylogger - INFO - 2014-12-19    buy     hit
2017-05-08 03:50:46,981 - mylogger - INFO - 2014-12-22    buy     miss
2017-05-08 03:50:46,981 - mylogger - INFO - 2014-12-23    buy     miss
2017-05-08 03:50:46,981 - mylogger - INFO - 2014-12-24    buy     hit
2017-05-08 03:50:46,981 - mylogger - INFO - 2014-12-26    hold    hit
2017-05-08 03:50:46,981 - mylogger - INFO - 2014-12-29    buy     miss
2017-05-08 03:50:46,982 - mylogger - INFO - 2014-12-30    buy     miss
2017-05-08 03:50:46,982 - mylogger - INFO - 2014-12-31    buy     miss
2017-05-08 03:50:46,982 - mylogger - INFO - 2015-01-02    buy     miss
2017-05-08 03:50:46,982 - mylogger - INFO - 2015-01-05    buy     miss
2017-05-08 03:50:46,983 - mylogger - INFO - 2015-01-06    buy     hit
2017-05-08 03:50:46,983 - mylogger - INFO - 2015-01-07    hold    miss
2017-05-08 03:50:46,983 - mylogger - INFO - 2015-01-08    buy     miss
2017-05-08 03:50:46,983 - mylogger - INFO - 2015-01-09    hold    miss
2017-05-08 03:50:46,983 - mylogger - INFO - 2015-01-12    buy     miss
2017-05-08 03:50:46,984 - mylogger - INFO - 2015-01-13    buy     miss
2017-05-08 03:50:46,984 - mylogger - INFO - 2015-01-14    sell    hit
2017-05-08 03:50:46,984 - mylogger - INFO - 2015-01-15    hold    hit
2017-05-08 03:50:46,984 - mylogger - INFO - 2015-01-16    hold    miss
2017-05-08 03:50:46,984 - mylogger - INFO - 2015-01-20    hold    hit
2017-05-08 03:50:46,984 - mylogger - INFO - 2015-01-21    hold    miss
2017-05-08 03:50:46,985 - mylogger - INFO - 2015-01-22    hold    hit
2017-05-08 03:50:46,985 - mylogger - INFO - 2015-01-23    buy     miss
2017-05-08 03:50:46,985 - mylogger - INFO - 2015-01-26    buy     miss
2017-05-08 03:50:46,985 - mylogger - INFO - 2015-01-27    hold    miss
2017-05-08 03:50:46,985 - mylogger - INFO - 2015-01-28    hold    miss
2017-05-08 03:50:46,985 - mylogger - INFO - 2015-01-29    buy     miss
2017-05-08 03:50:46,985 - mylogger - INFO - 2015-01-30    buy     hit
2017-05-08 03:50:46,986 - mylogger - INFO - 2015-02-02    buy     miss
2017-05-08 03:50:46,986 - mylogger - INFO - 2015-02-03    buy     miss
2017-05-08 03:50:46,986 - mylogger - INFO - 2015-02-04    buy     miss
2017-05-08 03:50:46,986 - mylogger - INFO - 2015-02-05    buy     miss
2017-05-08 03:50:46,986 - mylogger - INFO - 2015-02-06    buy     miss
2017-05-08 03:50:46,986 - mylogger - INFO - 2015-02-09    hold    miss
2017-05-08 03:50:46,987 - mylogger - INFO - 2015-02-10    buy     hit
2017-05-08 03:50:46,987 - mylogger - INFO - 2015-02-11    hold    miss
2017-05-08 03:50:46,987 - mylogger - INFO - 2015-02-12    hold    hit
2017-05-08 03:50:46,987 - mylogger - INFO - 2015-02-13    hold    hit
2017-05-08 03:50:46,987 - mylogger - INFO - 2015-02-17    hold    hit
2017-05-08 03:50:46,987 - mylogger - INFO - 2015-02-18    buy     miss
2017-05-08 03:50:46,987 - mylogger - INFO - 2015-02-19    buy     miss
2017-05-08 03:50:46,988 - mylogger - INFO - 2015-02-20    buy     hit
2017-05-08 03:50:46,988 - mylogger - INFO - 2015-02-23    hold    hit
2017-05-08 03:50:46,988 - mylogger - INFO - 2015-02-24    buy     miss
2017-05-08 03:50:46,988 - mylogger - INFO - 2015-02-25    hold    miss
2017-05-08 03:50:46,988 - mylogger - INFO - 2015-02-26    hold    miss
2017-05-08 03:50:46,988 - mylogger - INFO - 2015-02-27    hold    hit
2017-05-08 03:50:46,989 - mylogger - INFO - 2015-03-02    hold    hit
2017-05-08 03:50:46,989 - mylogger - INFO - 2015-03-03    hold    hit
2017-05-08 03:50:46,989 - mylogger - INFO - 2015-03-04    hold    miss
2017-05-08 03:50:46,989 - mylogger - INFO - 2015-03-05    hold    hit
2017-05-08 03:50:46,989 - mylogger - INFO - 2015-03-06    hold    hit
2017-05-08 03:50:46,989 - mylogger - INFO - 2015-03-09    hold    miss
2017-05-08 03:50:46,989 - mylogger - INFO - 2015-03-10    sell    hit
2017-05-08 03:50:46,990 - mylogger - INFO - 2015-03-11    hold    miss
2017-05-08 03:50:46,990 - mylogger - INFO - 2015-03-12    hold    hit
2017-05-08 03:50:46,990 - mylogger - INFO - 2015-03-13    sell    miss
2017-05-08 03:50:46,990 - mylogger - INFO - 2015-03-16    hold    miss
2017-05-08 03:50:46,990 - mylogger - INFO - 2015-03-17    sell    miss
2017-05-08 03:50:46,990 - mylogger - INFO - 2015-03-18    hold    hit
2017-05-08 03:50:46,991 - mylogger - INFO - 2015-03-19    hold    miss
2017-05-08 03:50:46,991 - mylogger - INFO - 2015-03-20    hold    miss
2017-05-08 03:50:46,991 - mylogger - INFO - 2015-03-23    hold    hit
2017-05-08 03:50:46,991 - mylogger - INFO - 2015-03-24    hold    miss
2017-05-08 03:50:46,991 - mylogger - INFO - 2015-03-25    hold    hit
2017-05-08 03:50:46,991 - mylogger - INFO - 2015-03-26    hold    hit
2017-05-08 03:50:46,991 - mylogger - INFO - 2015-03-27    hold    miss
2017-05-08 03:50:46,992 - mylogger - INFO - 2015-03-30    buy     miss
2017-05-08 03:50:46,992 - mylogger - INFO - 2015-03-31    sell    miss
2017-05-08 03:50:46,992 - mylogger - INFO - 2015-04-01    hold    hit
2017-05-08 03:50:46,992 - mylogger - INFO - 2015-04-02    sell    miss
2017-05-08 03:50:46,992 - mylogger - INFO - 2015-04-06    sell    hit
2017-05-08 03:50:46,992 - mylogger - INFO - 2015-04-07    buy     miss
2017-05-08 03:50:46,993 - mylogger - INFO - 2015-04-08    sell    miss
2017-05-08 03:50:46,993 - mylogger - INFO - 2015-04-09    hold    hit
2017-05-08 03:50:46,993 - mylogger - INFO - 2015-04-10    buy     miss
2017-05-08 03:50:46,993 - mylogger - INFO - 2015-04-13    hold    hit
2017-05-08 03:50:46,993 - mylogger - INFO - 2015-04-14    hold    hit
2017-05-08 03:50:46,993 - mylogger - INFO - 2015-04-15    hold    hit
2017-05-08 03:50:46,994 - mylogger - INFO - 2015-04-16    hold    miss
2017-05-08 03:50:46,994 - mylogger - INFO - 2015-04-17    hold    miss
2017-05-08 03:50:46,994 - mylogger - INFO - 2015-04-20    hold    hit
2017-05-08 03:50:46,994 - mylogger - INFO - 2015-04-21    hold    miss
2017-05-08 03:50:46,994 - mylogger - INFO - 2015-04-22    hold    hit
2017-05-08 03:50:46,994 - mylogger - INFO - 2015-04-23    hold    hit
2017-05-08 03:50:46,994 - mylogger - INFO - 2015-04-24    hold    miss
2017-05-08 03:50:46,995 - mylogger - INFO - 2015-04-27    buy     miss
2017-05-08 03:50:46,995 - mylogger - INFO - 2015-04-28    hold    miss
2017-05-08 03:50:46,995 - mylogger - INFO - 2015-04-29    hold    miss
2017-05-08 03:50:46,995 - mylogger - INFO - 2015-04-30    hold    miss
2017-05-08 03:50:46,995 - mylogger - INFO - 2015-05-01    hold    hit
2017-05-08 03:50:46,995 - mylogger - INFO - 2015-05-04    hold    miss
2017-05-08 03:50:46,996 - mylogger - INFO - 2015-05-05    hold    hit
2017-05-08 03:50:46,996 - mylogger - INFO - 2015-05-06    hold    hit
2017-05-08 03:50:46,996 - mylogger - INFO - 2015-05-07    hold    miss
2017-05-08 03:50:46,996 - mylogger - INFO - 2015-05-08    sell    hit
2017-05-08 03:50:46,996 - mylogger - INFO - 2015-05-11    sell    miss
2017-05-08 03:50:46,996 - mylogger - INFO - 2015-05-12    hold    hit
2017-05-08 03:50:46,996 - mylogger - INFO - 2015-05-13    hold    miss
2017-05-08 03:50:46,997 - mylogger - INFO - 2015-05-14    hold    hit
2017-05-08 03:50:46,997 - mylogger - INFO - 2015-05-15    hold    miss
2017-05-08 03:50:46,997 - mylogger - INFO - 2015-05-18    sell    miss
2017-05-08 03:50:46,997 - mylogger - INFO - 2015-05-19    hold    hit
2017-05-08 03:50:46,997 - mylogger - INFO - 2015-05-20    hold    miss
2017-05-08 03:50:46,997 - mylogger - INFO - 2015-05-21    hold    hit
2017-05-08 03:50:46,998 - mylogger - INFO - 2015-05-22    sell    hit
2017-05-08 03:50:46,998 - mylogger - INFO - 2015-05-26    hold    miss
2017-05-08 03:50:46,998 - mylogger - INFO - 2015-05-27    buy     miss
2017-05-08 03:50:46,998 - mylogger - INFO - 2015-05-28    hold    miss
2017-05-08 03:50:46,998 - mylogger - INFO - 2015-05-29    hold    hit
2017-05-08 03:50:46,998 - mylogger - INFO - 2015-06-01    hold    hit
2017-05-08 03:50:46,998 - mylogger - INFO - 2015-06-02    sell    miss
2017-05-08 03:50:46,999 - mylogger - INFO - 2015-06-03    hold    hit
2017-05-08 03:50:46,999 - mylogger - INFO - 2015-06-04    hold    hit
2017-05-08 03:50:46,999 - mylogger - INFO - 2015-06-05    sell    miss
2017-05-08 03:50:46,999 - mylogger - INFO - 2015-06-08    hold    hit
2017-05-08 03:50:46,999 - mylogger - INFO - 2015-06-09    hold    miss
2017-05-08 03:50:46,999 - mylogger - INFO - 2015-06-10    hold    hit
2017-05-08 03:50:47,000 - mylogger - INFO - 2015-06-11    buy     miss
2017-05-08 03:50:47,000 - mylogger - INFO - 2015-06-12    hold    hit
2017-05-08 03:50:47,000 - mylogger - INFO - 2015-06-15    buy     miss
2017-05-08 03:50:47,000 - mylogger - INFO - 2015-06-16    buy     miss
2017-05-08 03:50:47,000 - mylogger - INFO - 2015-06-17    hold    hit
2017-05-08 03:50:47,000 - mylogger - INFO - 2015-06-18    buy     miss
2017-05-08 03:50:47,000 - mylogger - INFO - 2015-06-19    hold    hit
2017-05-08 03:50:47,000 - mylogger - INFO - 2015-06-22    hold    hit
2017-05-08 03:50:47,001 - mylogger - INFO - 2015-06-23    hold    hit
2017-05-08 03:50:47,001 - mylogger - INFO - 2015-06-24    hold    hit
2017-05-08 03:50:47,001 - mylogger - INFO - 2015-06-25    sell    miss
2017-05-08 03:50:47,001 - mylogger - INFO - 2015-06-26    hold    miss
2017-05-08 03:50:47,001 - mylogger - INFO - 2015-06-29    hold    hit
2017-05-08 03:50:47,002 - mylogger - INFO - 2015-06-30    buy     miss
2017-05-08 03:50:47,002 - mylogger - INFO - 2015-07-01    buy     miss
2017-05-08 03:50:47,002 - mylogger - INFO - 2015-07-02    buy     miss
2017-05-08 03:50:47,002 - mylogger - INFO - 2015-07-06    hold    hit
2017-05-08 03:50:47,002 - mylogger - INFO - 2015-07-07    sell    hit
2017-05-08 03:50:47,002 - mylogger - INFO - 2015-07-08    buy     miss
2017-05-08 03:50:47,003 - mylogger - INFO - 2015-07-09    buy     hit
2017-05-08 03:50:47,003 - mylogger - INFO - 2015-07-10    hold    miss
2017-05-08 03:50:47,003 - mylogger - INFO - 2015-07-13    hold    hit
2017-05-08 03:50:47,003 - mylogger - INFO - 2015-07-14    buy     miss
2017-05-08 03:50:47,003 - mylogger - INFO - 2015-07-15    hold    miss
2017-05-08 03:50:47,003 - mylogger - INFO - 2015-07-16    hold    hit
2017-05-08 03:50:47,003 - mylogger - INFO - 2015-07-17    buy     hit
2017-05-08 03:50:47,004 - mylogger - INFO - 2015-07-20    hold    hit
2017-05-08 03:50:47,004 - mylogger - INFO - 2015-07-21    hold    miss
2017-05-08 03:50:47,004 - mylogger - INFO - 2015-07-22    hold    hit
2017-05-08 03:50:47,004 - mylogger - INFO - 2015-07-23    buy     miss
2017-05-08 03:50:47,004 - mylogger - INFO - 2015-07-24    hold    miss
2017-05-08 03:50:47,004 - mylogger - INFO - 2015-07-27    buy     miss
2017-05-08 03:50:47,005 - mylogger - INFO - 2015-07-28    buy     miss
2017-05-08 03:50:47,005 - mylogger - INFO - 2015-07-29    hold    hit
2017-05-08 03:50:47,005 - mylogger - INFO - 2015-07-30    buy     miss
2017-05-08 03:50:47,005 - mylogger - INFO - 2015-07-31    buy     miss
2017-05-08 03:50:47,005 - mylogger - INFO - 2015-08-03    hold    miss
2017-05-08 03:50:47,005 - mylogger - INFO - 2015-08-04    hold    hit
2017-05-08 03:50:47,006 - mylogger - INFO - 2015-08-05    buy     miss
2017-05-08 03:50:47,006 - mylogger - INFO - 2015-08-06    buy     miss
2017-05-08 03:50:47,006 - mylogger - INFO - 2015-08-07    hold    miss
2017-05-08 03:50:47,006 - mylogger - INFO - 2015-08-10    hold    miss
2017-05-08 03:50:47,006 - mylogger - INFO - 2015-08-11    hold    miss
2017-05-08 03:50:47,006 - mylogger - INFO - 2015-08-12    hold    hit
2017-05-08 03:50:47,006 - mylogger - INFO - 2015-08-13    sell    miss
2017-05-08 03:50:47,007 - mylogger - INFO - 2015-08-14    sell    miss
2017-05-08 03:50:47,007 - mylogger - INFO - 2015-08-17    hold    hit
2017-05-08 03:50:47,007 - mylogger - INFO - 2015-08-18    buy     miss
2017-05-08 03:50:47,007 - mylogger - INFO - 2015-08-19    hold    miss
2017-05-08 03:50:47,007 - mylogger - INFO - 2015-08-20    hold    miss
2017-05-08 03:50:47,007 - mylogger - INFO - 2015-08-21    buy     miss
2017-05-08 03:50:47,008 - mylogger - INFO - 2015-08-24    hold    hit
2017-05-08 03:50:47,008 - mylogger - INFO - 2015-08-25    sell    miss
2017-05-08 03:50:47,008 - mylogger - INFO - 2015-08-26    hold    miss
2017-05-08 03:50:47,008 - mylogger - INFO - 2015-08-27    hold    hit
2017-05-08 03:50:47,008 - mylogger - INFO - 2015-08-28    hold    hit
2017-05-08 03:50:47,008 - mylogger - INFO - 2015-08-31    sell    hit
2017-05-08 03:50:47,009 - mylogger - INFO - 2015-09-01    hold    miss
2017-05-08 03:50:47,009 - mylogger - INFO - 2015-09-02    sell    hit
2017-05-08 03:50:47,009 - mylogger - INFO - 2015-09-03    sell    miss
2017-05-08 03:50:47,009 - mylogger - INFO - 2015-09-04    sell    miss
2017-05-08 03:50:47,009 - mylogger - INFO - 2015-09-08    sell    hit
2017-05-08 03:50:47,009 - mylogger - INFO - 2015-09-09    sell    miss
2017-05-08 03:50:47,010 - mylogger - INFO - 2015-09-10    sell    miss
2017-05-08 03:50:47,010 - mylogger - INFO - 2015-09-11    hold    hit
2017-05-08 03:50:47,010 - mylogger - INFO - 2015-09-14    hold    hit
2017-05-08 03:50:47,010 - mylogger - INFO - 2015-09-15    sell    miss
2017-05-08 03:50:47,010 - mylogger - INFO - 2015-09-16    hold    miss
2017-05-08 03:50:47,010 - mylogger - INFO - 2015-09-17    sell    miss
2017-05-08 03:50:47,011 - mylogger - INFO - 2015-09-18    hold    miss
2017-05-08 03:50:47,011 - mylogger - INFO - 2015-09-21    hold    miss
2017-05-08 03:50:47,011 - mylogger - INFO - 2015-09-22    sell    miss
2017-05-08 03:50:47,011 - mylogger - INFO - 2015-09-23    hold    hit
2017-05-08 03:50:47,011 - mylogger - INFO - 2015-09-24    sell    miss
2017-05-08 03:50:47,012 - mylogger - INFO - 2015-09-25    hold    miss
2017-05-08 03:50:47,012 - mylogger - INFO - 2015-09-28    hold    miss
2017-05-08 03:50:47,012 - mylogger - INFO - 2015-09-29    hold    miss
2017-05-08 03:50:47,012 - mylogger - INFO - 2015-09-30    sell    miss
2017-05-08 03:50:47,012 - mylogger - INFO - 2015-10-01    hold    hit
2017-05-08 03:50:47,012 - mylogger - INFO - 2015-10-02    buy     miss
2017-05-08 03:50:47,013 - mylogger - INFO - 2015-10-05    buy     miss
2017-05-08 03:50:47,013 - mylogger - INFO - 2015-10-06    buy     miss
2017-05-08 03:50:47,013 - mylogger - INFO - 2015-10-07    buy     miss
2017-05-08 03:50:47,013 - mylogger - INFO - 2015-10-08    hold    miss
2017-05-08 03:50:47,013 - mylogger - INFO - 2015-10-09    buy     miss
2017-05-08 03:50:47,013 - mylogger - INFO - 2015-10-12    hold    hit
2017-05-08 03:50:47,013 - mylogger - INFO - 2015-10-13    sell    hit
2017-05-08 03:50:47,014 - mylogger - INFO - 2015-10-14    hold    miss
2017-05-08 03:50:47,014 - mylogger - INFO - 2015-10-15    sell    miss
2017-05-08 03:50:47,014 - mylogger - INFO - 2015-10-16    sell    miss
2017-05-08 03:50:47,014 - mylogger - INFO - 2015-10-19    sell    miss
2017-05-08 03:50:47,014 - mylogger - INFO - 2015-10-20    sell    miss
2017-05-08 03:50:47,014 - mylogger - INFO - 2015-10-21    sell    miss
2017-05-08 03:50:47,015 - mylogger - INFO - 2015-10-22    hold    miss
2017-05-08 03:50:47,015 - mylogger - INFO - 2015-10-23    hold    miss
2017-05-08 03:50:47,015 - mylogger - INFO - 2015-10-26    hold    hit
2017-05-08 03:50:47,016 - mylogger - INFO - 2015-10-27    hold    miss
2017-05-08 03:50:47,016 - mylogger - INFO - 2015-10-28    sell    miss
2017-05-08 03:50:47,016 - mylogger - INFO - 2015-10-29    hold    hit
2017-05-08 03:50:47,016 - mylogger - INFO - 2015-10-30    sell    miss
2017-05-08 03:50:47,016 - mylogger - INFO - 2015-11-02    hold    miss
2017-05-08 03:50:47,017 - mylogger - INFO - 2015-11-03    buy     miss
2017-05-08 03:50:47,017 - mylogger - INFO - 2015-11-04    sell    miss
2017-05-08 03:50:47,017 - mylogger - INFO - 2015-11-05    sell    miss
2017-05-08 03:50:47,017 - mylogger - INFO - 2015-11-06    sell    miss
2017-05-08 03:50:47,017 - mylogger - INFO - 2015-11-09    sell    hit
2017-05-08 03:50:47,017 - mylogger - INFO - 2015-11-10    hold    hit
2017-05-08 03:50:47,017 - mylogger - INFO - 2015-11-11    sell    miss
2017-05-08 03:50:47,018 - mylogger - INFO - 2015-11-12    sell    hit
2017-05-08 03:50:47,018 - mylogger - INFO - 2015-11-13    sell    miss
2017-05-08 03:50:47,018 - mylogger - INFO - 2015-11-16    sell    miss
2017-05-08 03:50:47,018 - mylogger - INFO - 2015-11-17    hold    miss
2017-05-08 03:50:47,018 - mylogger - INFO - 2015-11-18    sell    miss
2017-05-08 03:50:47,018 - mylogger - INFO - 2015-11-19    sell    miss
2017-05-08 03:50:47,019 - mylogger - INFO - 2015-11-20    sell    hit
2017-05-08 03:50:47,019 - mylogger - INFO - 2015-11-23    sell    miss
2017-05-08 03:50:47,019 - mylogger - INFO - 2015-11-24    hold    hit
2017-05-08 03:50:47,019 - mylogger - INFO - 2015-11-25    hold    hit
2017-05-08 03:50:47,019 - mylogger - INFO - 2015-11-27    hold    hit
2017-05-08 03:50:47,019 - mylogger - INFO - 2015-11-30    hold    hit
2017-05-08 03:50:47,020 - mylogger - INFO - 2015-12-01    hold    hit
2017-05-08 03:50:47,020 - mylogger - INFO - 2015-12-02    sell    miss
2017-05-08 03:50:47,020 - mylogger - INFO - 2015-12-03    hold    miss
2017-05-08 03:50:47,020 - mylogger - INFO - 2015-12-04    hold    hit
2017-05-08 03:50:47,020 - mylogger - INFO - 2015-12-07    hold    hit
2017-05-08 03:50:47,020 - mylogger - INFO - 2015-12-08    hold    miss
2017-05-08 03:50:47,020 - mylogger - INFO - 2015-12-09    hold    hit
2017-05-08 03:50:47,021 - mylogger - INFO - 2015-12-10    hold    miss
2017-05-08 03:50:47,021 - mylogger - INFO - 2015-12-11    hold    hit
2017-05-08 03:50:47,021 - mylogger - INFO - 2015-12-14    hold    miss
2017-05-08 03:50:47,021 - mylogger - INFO - 2015-12-15    sell    miss
2017-05-08 03:50:47,021 - mylogger - INFO - 2015-12-16    hold    miss
2017-05-08 03:50:47,021 - mylogger - INFO - 2015-12-17    sell    hit
2017-05-08 03:50:47,022 - mylogger - INFO - 2015-12-18    hold    miss
2017-05-08 03:50:47,022 - mylogger - INFO - 2015-12-21    hold    hit
2017-05-08 03:50:47,022 - mylogger - INFO - 2015-12-22    hold    miss
2017-05-08 03:50:47,022 - mylogger - INFO - 2015-12-23    hold    hit
2017-05-08 03:50:47,022 - mylogger - INFO - 2015-12-24    hold    miss
2017-05-08 03:50:47,022 - mylogger - INFO - 2015-12-28    hold    miss
2017-05-08 03:50:47,023 - mylogger - INFO - 2015-12-29    hold    miss
2017-05-08 03:50:47,023 - mylogger - INFO - 2015-12-30    hold    miss
2017-05-08 03:50:47,023 - mylogger - INFO - Hit number:212/503
2017-05-08 03:50:47,023 - mylogger - INFO - Hit rate:0.42147117296222664
