2017-05-08 05:28:58,149 - mylogger - INFO - -0.000181216
2017-05-08 05:28:58,150 - mylogger - INFO - 2014-01-02: sell
2017-05-08 05:28:58,471 - mylogger - INFO - -0.00729769
2017-05-08 05:28:58,472 - mylogger - INFO - 2014-01-03: sell
2017-05-08 05:28:58,786 - mylogger - INFO - -0.0219343
2017-05-08 05:28:58,787 - mylogger - INFO - 2014-01-06: sell
2017-05-08 05:28:59,217 - mylogger - INFO - -0.0164078
2017-05-08 05:28:59,218 - mylogger - INFO - 2014-01-07: sell
2017-05-08 05:28:59,548 - mylogger - INFO - -0.0186297
2017-05-08 05:28:59,549 - mylogger - INFO - 2014-01-08: sell
2017-05-08 05:28:59,868 - mylogger - INFO - -0.0200085
2017-05-08 05:28:59,869 - mylogger - INFO - 2014-01-09: sell
2017-05-08 05:29:00,278 - mylogger - INFO - -0.00350782
2017-05-08 05:29:00,279 - mylogger - INFO - 2014-01-10: sell
2017-05-08 05:29:00,616 - mylogger - INFO - 0.0158488
2017-05-08 05:29:00,617 - mylogger - INFO - 2014-01-13: buy
2017-05-08 05:29:00,617 - mylogger - INFO - 49429.1485
2017-05-08 05:29:00,942 - mylogger - INFO - -0.00387252
2017-05-08 05:29:00,943 - mylogger - INFO - 2014-01-14: sell
2017-05-08 05:29:01,360 - mylogger - INFO - -0.00837437
2017-05-08 05:29:01,361 - mylogger - INFO - 2014-01-15: sell
2017-05-08 05:29:01,687 - mylogger - INFO - -0.0218657
2017-05-08 05:29:01,688 - mylogger - INFO - 2014-01-16: sell
2017-05-08 05:29:02,041 - mylogger - INFO - -0.0321918
2017-05-08 05:29:02,042 - mylogger - INFO - 2014-01-17: sell
2017-05-08 05:29:02,454 - mylogger - INFO - -0.0256469
2017-05-08 05:29:02,455 - mylogger - INFO - 2014-01-21: sell
2017-05-08 05:29:02,779 - mylogger - INFO - -0.0342564
2017-05-08 05:29:02,779 - mylogger - INFO - 2014-01-22: sell
2017-05-08 05:29:03,118 - mylogger - INFO - -0.0248549
2017-05-08 05:29:03,118 - mylogger - INFO - 2014-01-23: sell
2017-05-08 05:29:03,542 - mylogger - INFO - -0.0333117
2017-05-08 05:29:03,543 - mylogger - INFO - 2014-01-24: sell
2017-05-08 05:29:03,877 - mylogger - INFO - -0.0374128
2017-05-08 05:29:03,878 - mylogger - INFO - 2014-01-27: sell
2017-05-08 05:29:04,208 - mylogger - INFO - -0.0318603
2017-05-08 05:29:04,209 - mylogger - INFO - 2014-01-28: sell
2017-05-08 05:29:04,550 - mylogger - INFO - -0.0253261
2017-05-08 05:29:04,551 - mylogger - INFO - 2014-01-29: sell
2017-05-08 05:29:04,985 - mylogger - INFO - 0.00349292
2017-05-08 05:29:04,985 - mylogger - INFO - 2014-01-30: hold
2017-05-08 05:29:05,312 - mylogger - INFO - 0.0169174
2017-05-08 05:29:05,314 - mylogger - INFO - 2014-01-31: No cover!
2017-05-08 05:29:05,647 - mylogger - INFO - -0.0124258
2017-05-08 05:29:05,648 - mylogger - INFO - 2014-02-03: sell
2017-05-08 05:29:06,075 - mylogger - INFO - -0.00123596
2017-05-08 05:29:06,076 - mylogger - INFO - 2014-02-04: sell
2017-05-08 05:29:06,399 - mylogger - INFO - -0.00180355
2017-05-08 05:29:06,400 - mylogger - INFO - 2014-02-05: sell
2017-05-08 05:29:06,734 - mylogger - INFO - 0.0109275
2017-05-08 05:29:06,735 - mylogger - INFO - 2014-02-06: No cover!
2017-05-08 05:29:07,158 - mylogger - INFO - 0.0015723
2017-05-08 05:29:07,158 - mylogger - INFO - 2014-02-07: hold
2017-05-08 05:29:07,490 - mylogger - INFO - 0.0112077
2017-05-08 05:29:07,491 - mylogger - INFO - 2014-02-10: No cover!
2017-05-08 05:29:07,822 - mylogger - INFO - 0.00141424
2017-05-08 05:29:07,822 - mylogger - INFO - 2014-02-11: hold
2017-05-08 05:29:08,244 - mylogger - INFO - 0.00479708
2017-05-08 05:29:08,244 - mylogger - INFO - 2014-02-12: hold
2017-05-08 05:29:08,570 - mylogger - INFO - -0.0159083
2017-05-08 05:29:08,571 - mylogger - INFO - 2014-02-13: sell
2017-05-08 05:29:08,893 - mylogger - INFO - -0.0279024
2017-05-08 05:29:08,894 - mylogger - INFO - 2014-02-14: sell
2017-05-08 05:29:09,218 - mylogger - INFO - -0.0119477
2017-05-08 05:29:09,219 - mylogger - INFO - 2014-02-18: sell
2017-05-08 05:29:09,645 - mylogger - INFO - -0.0161197
2017-05-08 05:29:09,646 - mylogger - INFO - 2014-02-19: sell
2017-05-08 05:29:09,978 - mylogger - INFO - -0.00477918
2017-05-08 05:29:09,979 - mylogger - INFO - 2014-02-20: sell
2017-05-08 05:29:10,300 - mylogger - INFO - 0.000709134
2017-05-08 05:29:10,300 - mylogger - INFO - 2014-02-21: hold
2017-05-08 05:29:10,724 - mylogger - INFO - -0.00826405
2017-05-08 05:29:10,725 - mylogger - INFO - 2014-02-24: sell
2017-05-08 05:29:11,053 - mylogger - INFO - -0.00659117
2017-05-08 05:29:11,054 - mylogger - INFO - 2014-02-25: sell
2017-05-08 05:29:11,377 - mylogger - INFO - 0.00253654
2017-05-08 05:29:11,377 - mylogger - INFO - 2014-02-26: hold
2017-05-08 05:29:11,794 - mylogger - INFO - 0.00143162
2017-05-08 05:29:11,794 - mylogger - INFO - 2014-02-27: hold
2017-05-08 05:29:12,124 - mylogger - INFO - 0.00783197
2017-05-08 05:29:12,124 - mylogger - INFO - 2014-02-28: hold
2017-05-08 05:29:12,454 - mylogger - INFO - -0.0196188
2017-05-08 05:29:12,454 - mylogger - INFO - 2014-03-03: sell
2017-05-08 05:29:12,876 - mylogger - INFO - 0.0031922
2017-05-08 05:29:12,876 - mylogger - INFO - 2014-03-04: hold
2017-05-08 05:29:13,202 - mylogger - INFO - -0.023285
2017-05-08 05:29:13,203 - mylogger - INFO - 2014-03-05: sell
2017-05-08 05:29:13,544 - mylogger - INFO - -0.0168269
2017-05-08 05:29:13,545 - mylogger - INFO - 2014-03-06: sell
2017-05-08 05:29:13,871 - mylogger - INFO - -0.0146848
2017-05-08 05:29:13,872 - mylogger - INFO - 2014-03-07: sell
2017-05-08 05:29:14,290 - mylogger - INFO - -0.0123977
2017-05-08 05:29:14,291 - mylogger - INFO - 2014-03-10: sell
2017-05-08 05:29:14,628 - mylogger - INFO - -0.00863894
2017-05-08 05:29:14,629 - mylogger - INFO - 2014-03-11: sell
2017-05-08 05:29:14,956 - mylogger - INFO - -0.012841
2017-05-08 05:29:14,957 - mylogger - INFO - 2014-03-12: sell
2017-05-08 05:29:15,375 - mylogger - INFO - -0.0037223
2017-05-08 05:29:15,376 - mylogger - INFO - 2014-03-13: sell
2017-05-08 05:29:15,708 - mylogger - INFO - -0.00651533
2017-05-08 05:29:15,709 - mylogger - INFO - 2014-03-14: sell
2017-05-08 05:29:16,039 - mylogger - INFO - -0.0138573
2017-05-08 05:29:16,040 - mylogger - INFO - 2014-03-17: sell
2017-05-08 05:29:16,461 - mylogger - INFO - 0.00105499
2017-05-08 05:29:16,461 - mylogger - INFO - 2014-03-18: hold
2017-05-08 05:29:16,790 - mylogger - INFO - -0.0186259
2017-05-08 05:29:16,791 - mylogger - INFO - 2014-03-19: sell
2017-05-08 05:29:17,125 - mylogger - INFO - -0.0102661
2017-05-08 05:29:17,126 - mylogger - INFO - 2014-03-20: sell
2017-05-08 05:29:17,546 - mylogger - INFO - -0.0192322
2017-05-08 05:29:17,547 - mylogger - INFO - 2014-03-21: sell
2017-05-08 05:29:17,875 - mylogger - INFO - 0.00658228
2017-05-08 05:29:17,875 - mylogger - INFO - 2014-03-24: hold
2017-05-08 05:29:18,203 - mylogger - INFO - -0.00680924
2017-05-08 05:29:18,204 - mylogger - INFO - 2014-03-25: sell
2017-05-08 05:29:18,535 - mylogger - INFO - -0.00682934
2017-05-08 05:29:18,536 - mylogger - INFO - 2014-03-26: sell
2017-05-08 05:29:18,956 - mylogger - INFO - -0.00694865
2017-05-08 05:29:18,957 - mylogger - INFO - 2014-03-27: sell
2017-05-08 05:29:19,275 - mylogger - INFO - -0.00193241
2017-05-08 05:29:19,276 - mylogger - INFO - 2014-03-28: sell
2017-05-08 05:29:19,601 - mylogger - INFO - 0.00195194
2017-05-08 05:29:19,601 - mylogger - INFO - 2014-03-31: sell
2017-05-08 05:29:20,012 - mylogger - INFO - 0.00406004
2017-05-08 05:29:20,012 - mylogger - INFO - 2014-04-01: hold
2017-05-08 05:29:20,331 - mylogger - INFO - -0.0106279
2017-05-08 05:29:20,332 - mylogger - INFO - 2014-04-02: sell
2017-05-08 05:29:20,676 - mylogger - INFO - 4.27699e-05
2017-05-08 05:29:20,676 - mylogger - INFO - 2014-04-03: hold
2017-05-08 05:29:21,097 - mylogger - INFO - -0.0207358
2017-05-08 05:29:21,098 - mylogger - INFO - 2014-04-04: sell
2017-05-08 05:29:21,430 - mylogger - INFO - 0.00934527
2017-05-08 05:29:21,430 - mylogger - INFO - 2014-04-07: hold
2017-05-08 05:29:21,757 - mylogger - INFO - -0.0209656
2017-05-08 05:29:21,758 - mylogger - INFO - 2014-04-08: sell
2017-05-08 05:29:22,180 - mylogger - INFO - -0.00195819
2017-05-08 05:29:22,181 - mylogger - INFO - 2014-04-09: sell
2017-05-08 05:29:22,522 - mylogger - INFO - -0.00899263
2017-05-08 05:29:22,523 - mylogger - INFO - 2014-04-10: sell
2017-05-08 05:29:22,848 - mylogger - INFO - -0.0151366
2017-05-08 05:29:22,849 - mylogger - INFO - 2014-04-11: sell
2017-05-08 05:29:23,182 - mylogger - INFO - -0.00484769
2017-05-08 05:29:23,183 - mylogger - INFO - 2014-04-14: sell
2017-05-08 05:29:23,608 - mylogger - INFO - -0.0121815
2017-05-08 05:29:23,609 - mylogger - INFO - 2014-04-15: sell
2017-05-08 05:29:23,944 - mylogger - INFO - -0.00733654
2017-05-08 05:29:23,946 - mylogger - INFO - 2014-04-16: sell
2017-05-08 05:29:24,277 - mylogger - INFO - -0.00310508
2017-05-08 05:29:24,278 - mylogger - INFO - 2014-04-17: sell
2017-05-08 05:29:24,694 - mylogger - INFO - 0.0164071
2017-05-08 05:29:24,695 - mylogger - INFO - 2014-04-21: No cover!
2017-05-08 05:29:25,021 - mylogger - INFO - 0.00358733
2017-05-08 05:29:25,021 - mylogger - INFO - 2014-04-22: hold
2017-05-08 05:29:25,344 - mylogger - INFO - -0.00225434
2017-05-08 05:29:25,345 - mylogger - INFO - 2014-04-23: sell
2017-05-08 05:29:25,771 - mylogger - INFO - -0.0053498
2017-05-08 05:29:25,772 - mylogger - INFO - 2014-04-24: sell
2017-05-08 05:29:26,105 - mylogger - INFO - -0.0184869
2017-05-08 05:29:26,106 - mylogger - INFO - 2014-04-25: sell
2017-05-08 05:29:26,446 - mylogger - INFO - 0.0166801
2017-05-08 05:29:26,447 - mylogger - INFO - 2014-04-28: No cover!
2017-05-08 05:29:26,867 - mylogger - INFO - -0.00712656
2017-05-08 05:29:26,868 - mylogger - INFO - 2014-04-29: sell
2017-05-08 05:29:27,196 - mylogger - INFO - -0.0131272
2017-05-08 05:29:27,197 - mylogger - INFO - 2014-04-30: sell
2017-05-08 05:29:27,532 - mylogger - INFO - -0.00513233
2017-05-08 05:29:27,533 - mylogger - INFO - 2014-05-01: sell
2017-05-08 05:29:27,921 - mylogger - INFO - 0.00329247
2017-05-08 05:29:27,922 - mylogger - INFO - 2014-05-02: hold
2017-05-08 05:29:28,342 - mylogger - INFO - -0.0213708
2017-05-08 05:29:28,343 - mylogger - INFO - 2014-05-05: sell
2017-05-08 05:29:28,674 - mylogger - INFO - -0.0118796
2017-05-08 05:29:28,675 - mylogger - INFO - 2014-05-06: sell
2017-05-08 05:29:29,010 - mylogger - INFO - -0.00491741
2017-05-08 05:29:29,011 - mylogger - INFO - 2014-05-07: sell
2017-05-08 05:29:29,430 - mylogger - INFO - -0.00807187
2017-05-08 05:29:29,431 - mylogger - INFO - 2014-05-08: sell
2017-05-08 05:29:29,769 - mylogger - INFO - -0.0165034
2017-05-08 05:29:29,770 - mylogger - INFO - 2014-05-09: sell
2017-05-08 05:29:30,108 - mylogger - INFO - -0.0118851
2017-05-08 05:29:30,109 - mylogger - INFO - 2014-05-12: sell
2017-05-08 05:29:30,533 - mylogger - INFO - -0.0161291
2017-05-08 05:29:30,533 - mylogger - INFO - 2014-05-13: sell
2017-05-08 05:29:30,868 - mylogger - INFO - -0.0119985
2017-05-08 05:29:30,869 - mylogger - INFO - 2014-05-14: sell
2017-05-08 05:29:31,211 - mylogger - INFO - -0.0162187
2017-05-08 05:29:31,212 - mylogger - INFO - 2014-05-15: sell
2017-05-08 05:29:31,642 - mylogger - INFO - -0.000933796
2017-05-08 05:29:31,643 - mylogger - INFO - 2014-05-16: sell
2017-05-08 05:29:31,987 - mylogger - INFO - -0.00473262
2017-05-08 05:29:31,988 - mylogger - INFO - 2014-05-19: sell
2017-05-08 05:29:32,328 - mylogger - INFO - -0.022623
2017-05-08 05:29:32,329 - mylogger - INFO - 2014-05-20: sell
2017-05-08 05:29:32,665 - mylogger - INFO - -0.00176835
2017-05-08 05:29:32,666 - mylogger - INFO - 2014-05-21: sell
2017-05-08 05:29:33,096 - mylogger - INFO - 0.00186391
2017-05-08 05:29:33,096 - mylogger - INFO - 2014-05-22: hold
2017-05-08 05:29:33,420 - mylogger - INFO - -0.011219
2017-05-08 05:29:33,420 - mylogger - INFO - 2014-05-23: sell
2017-05-08 05:29:33,770 - mylogger - INFO - 0.000624793
2017-05-08 05:29:33,770 - mylogger - INFO - 2014-05-27: hold
2017-05-08 05:29:34,192 - mylogger - INFO - 0.00110867
2017-05-08 05:29:34,192 - mylogger - INFO - 2014-05-28: hold
2017-05-08 05:29:34,526 - mylogger - INFO - 0.0172282
2017-05-08 05:29:34,527 - mylogger - INFO - 2014-05-29: No cover!
2017-05-08 05:29:34,859 - mylogger - INFO - 0.00843542
2017-05-08 05:29:34,859 - mylogger - INFO - 2014-05-30: hold
2017-05-08 05:29:35,289 - mylogger - INFO - 0.0164112
2017-05-08 05:29:35,290 - mylogger - INFO - 2014-06-02: No cover!
2017-05-08 05:29:35,626 - mylogger - INFO - 0.0106347
2017-05-08 05:29:35,627 - mylogger - INFO - 2014-06-03: No cover!
2017-05-08 05:29:35,960 - mylogger - INFO - -0.00608347
2017-05-08 05:29:35,961 - mylogger - INFO - 2014-06-04: sell
2017-05-08 05:29:36,395 - mylogger - INFO - 0.00586278
2017-05-08 05:29:36,395 - mylogger - INFO - 2014-06-05: hold
2017-05-08 05:29:36,733 - mylogger - INFO - -0.0141236
2017-05-08 05:29:36,734 - mylogger - INFO - 2014-06-06: sell
2017-05-08 05:29:37,072 - mylogger - INFO - -0.00349096
2017-05-08 05:29:37,073 - mylogger - INFO - 2014-06-09: sell
2017-05-08 05:29:37,406 - mylogger - INFO - -0.0116513
2017-05-08 05:29:37,407 - mylogger - INFO - 2014-06-10: sell
2017-05-08 05:29:37,833 - mylogger - INFO - -0.00121162
2017-05-08 05:29:37,834 - mylogger - INFO - 2014-06-11: sell
2017-05-08 05:29:38,177 - mylogger - INFO - -0.0109998
2017-05-08 05:29:38,177 - mylogger - INFO - 2014-06-12: sell
2017-05-08 05:29:38,517 - mylogger - INFO - 0.0165486
2017-05-08 05:29:38,518 - mylogger - INFO - 2014-06-13: No cover!
2017-05-08 05:29:38,950 - mylogger - INFO - -0.00173329
2017-05-08 05:29:38,951 - mylogger - INFO - 2014-06-16: sell
2017-05-08 05:29:39,319 - mylogger - INFO - 0.0141039
2017-05-08 05:29:39,320 - mylogger - INFO - 2014-06-17: No cover!
2017-05-08 05:29:39,724 - mylogger - INFO - -0.00547631
2017-05-08 05:29:39,725 - mylogger - INFO - 2014-06-18: sell
2017-05-08 05:29:40,188 - mylogger - INFO - 0.0038878
2017-05-08 05:29:40,188 - mylogger - INFO - 2014-06-19: hold
2017-05-08 05:29:40,538 - mylogger - INFO - 0.00855487
2017-05-08 05:29:40,538 - mylogger - INFO - 2014-06-20: hold
2017-05-08 05:29:40,868 - mylogger - INFO - 0.00582582
2017-05-08 05:29:40,869 - mylogger - INFO - 2014-06-23: hold
2017-05-08 05:29:41,294 - mylogger - INFO - 0.0199771
2017-05-08 05:29:41,295 - mylogger - INFO - 2014-06-24: sell
2017-05-08 05:29:41,843 - mylogger - INFO - 0.00695678
2017-05-08 05:29:41,843 - mylogger - INFO - 2014-06-25: hold
2017-05-08 05:29:42,327 - mylogger - INFO - 0.00100926
2017-05-08 05:29:42,327 - mylogger - INFO - 2014-06-26: hold
2017-05-08 05:29:42,740 - mylogger - INFO - -0.000156744
2017-05-08 05:29:42,741 - mylogger - INFO - 2014-06-27: sell
2017-05-08 05:29:43,206 - mylogger - INFO - 0.0315953
2017-05-08 05:29:43,208 - mylogger - INFO - 2014-06-30: No cover!
2017-05-08 05:29:43,572 - mylogger - INFO - 0.022819
2017-05-08 05:29:43,574 - mylogger - INFO - 2014-07-01: No cover!
2017-05-08 05:29:43,912 - mylogger - INFO - 0.00835251
2017-05-08 05:29:43,912 - mylogger - INFO - 2014-07-02: hold
2017-05-08 05:29:44,376 - mylogger - INFO - 0.00534679
2017-05-08 05:29:44,376 - mylogger - INFO - 2014-07-03: hold
2017-05-08 05:29:44,731 - mylogger - INFO - -0.00842006
2017-05-08 05:29:44,732 - mylogger - INFO - 2014-07-07: sell
2017-05-08 05:29:45,071 - mylogger - INFO - -0.000113508
2017-05-08 05:29:45,072 - mylogger - INFO - 2014-07-08: sell
2017-05-08 05:29:45,543 - mylogger - INFO - -0.00976054
2017-05-08 05:29:45,544 - mylogger - INFO - 2014-07-09: sell
2017-05-08 05:29:45,897 - mylogger - INFO - -0.00395798
2017-05-08 05:29:45,897 - mylogger - INFO - 2014-07-10: sell
2017-05-08 05:29:46,278 - mylogger - INFO - 0.00443009
2017-05-08 05:29:46,278 - mylogger - INFO - 2014-07-11: hold
2017-05-08 05:29:46,756 - mylogger - INFO - -0.016243
2017-05-08 05:29:46,757 - mylogger - INFO - 2014-07-14: sell
2017-05-08 05:29:47,095 - mylogger - INFO - -0.00181949
2017-05-08 05:29:47,096 - mylogger - INFO - 2014-07-15: sell
2017-05-08 05:29:47,448 - mylogger - INFO - 0.00608509
2017-05-08 05:29:47,448 - mylogger - INFO - 2014-07-16: hold
2017-05-08 05:29:47,789 - mylogger - INFO - -0.00197117
2017-05-08 05:29:47,790 - mylogger - INFO - 2014-07-17: sell
2017-05-08 05:29:48,224 - mylogger - INFO - -0.00134285
2017-05-08 05:29:48,225 - mylogger - INFO - 2014-07-18: sell
2017-05-08 05:29:48,563 - mylogger - INFO - -0.0113234
2017-05-08 05:29:48,564 - mylogger - INFO - 2014-07-21: sell
2017-05-08 05:29:48,911 - mylogger - INFO - -0.00583306
2017-05-08 05:29:48,912 - mylogger - INFO - 2014-07-22: sell
2017-05-08 05:29:49,336 - mylogger - INFO - -0.00040469
2017-05-08 05:29:49,337 - mylogger - INFO - 2014-07-23: sell
2017-05-08 05:29:49,685 - mylogger - INFO - -0.0102829
2017-05-08 05:29:49,686 - mylogger - INFO - 2014-07-24: sell
2017-05-08 05:29:50,046 - mylogger - INFO - -0.0283916
2017-05-08 05:29:50,047 - mylogger - INFO - 2014-07-25: sell
2017-05-08 05:29:50,511 - mylogger - INFO - -0.00106519
2017-05-08 05:29:50,512 - mylogger - INFO - 2014-07-28: sell
2017-05-08 05:29:50,870 - mylogger - INFO - -0.0232494
2017-05-08 05:29:50,871 - mylogger - INFO - 2014-07-29: sell
2017-05-08 05:29:51,220 - mylogger - INFO - -0.00803073
2017-05-08 05:29:51,220 - mylogger - INFO - 2014-07-30: sell
2017-05-08 05:29:51,655 - mylogger - INFO - -0.0150395
2017-05-08 05:29:51,656 - mylogger - INFO - 2014-07-31: sell
2017-05-08 05:29:52,011 - mylogger - INFO - -0.0199407
2017-05-08 05:29:52,012 - mylogger - INFO - 2014-08-01: sell
2017-05-08 05:29:52,342 - mylogger - INFO - -0.00428928
2017-05-08 05:29:52,343 - mylogger - INFO - 2014-08-04: sell
2017-05-08 05:29:52,777 - mylogger - INFO - 0.000382936
2017-05-08 05:29:52,777 - mylogger - INFO - 2014-08-05: hold
2017-05-08 05:29:53,110 - mylogger - INFO - 0.00629717
2017-05-08 05:29:53,111 - mylogger - INFO - 2014-08-06: hold
2017-05-08 05:29:53,432 - mylogger - INFO - 0.0173608
2017-05-08 05:29:53,434 - mylogger - INFO - 2014-08-07: sell
2017-05-08 05:29:53,765 - mylogger - INFO - -0.00404034
2017-05-08 05:29:53,766 - mylogger - INFO - 2014-08-08: sell
2017-05-08 05:29:54,194 - mylogger - INFO - 0.00590034
2017-05-08 05:29:54,194 - mylogger - INFO - 2014-08-11: hold
2017-05-08 05:29:54,530 - mylogger - INFO - -0.00442624
2017-05-08 05:29:54,531 - mylogger - INFO - 2014-08-12: sell
2017-05-08 05:29:54,858 - mylogger - INFO - 0.022824
2017-05-08 05:29:54,859 - mylogger - INFO - 2014-08-13: No cover!
2017-05-08 05:29:55,279 - mylogger - INFO - 0.0234513
2017-05-08 05:29:55,281 - mylogger - INFO - 2014-08-14: No cover!
2017-05-08 05:29:55,613 - mylogger - INFO - 0.00998327
2017-05-08 05:29:55,613 - mylogger - INFO - 2014-08-15: hold
2017-05-08 05:29:55,938 - mylogger - INFO - 0.0147341
2017-05-08 05:29:55,939 - mylogger - INFO - 2014-08-18: No cover!
2017-05-08 05:29:56,363 - mylogger - INFO - 0.0086323
2017-05-08 05:29:56,363 - mylogger - INFO - 2014-08-19: hold
2017-05-08 05:29:56,686 - mylogger - INFO - 0.0232184
2017-05-08 05:29:56,687 - mylogger - INFO - 2014-08-20: No cover!
2017-05-08 05:29:57,015 - mylogger - INFO - 0.00199292
2017-05-08 05:29:57,015 - mylogger - INFO - 2014-08-21: hold
2017-05-08 05:29:57,441 - mylogger - INFO - 0.00725425
2017-05-08 05:29:57,442 - mylogger - INFO - 2014-08-22: hold
2017-05-08 05:29:57,762 - mylogger - INFO - 2.84936e-05
2017-05-08 05:29:57,762 - mylogger - INFO - 2014-08-25: hold
2017-05-08 05:29:58,114 - mylogger - INFO - -0.00544013
2017-05-08 05:29:58,114 - mylogger - INFO - 2014-08-26: sell
2017-05-08 05:29:58,438 - mylogger - INFO - -0.020115
2017-05-08 05:29:58,440 - mylogger - INFO - 2014-08-27: sell
2017-05-08 05:29:58,851 - mylogger - INFO - -0.0171862
2017-05-08 05:29:58,852 - mylogger - INFO - 2014-08-28: sell
2017-05-08 05:29:59,171 - mylogger - INFO - -0.0132361
2017-05-08 05:29:59,171 - mylogger - INFO - 2014-08-29: sell
2017-05-08 05:29:59,498 - mylogger - INFO - -0.0380113
2017-05-08 05:29:59,499 - mylogger - INFO - 2014-09-02: sell
2017-05-08 05:29:59,909 - mylogger - INFO - -0.0204868
2017-05-08 05:29:59,910 - mylogger - INFO - 2014-09-03: sell
2017-05-08 05:30:00,225 - mylogger - INFO - 0.00204398
2017-05-08 05:30:00,225 - mylogger - INFO - 2014-09-04: hold
2017-05-08 05:30:00,546 - mylogger - INFO - -0.00703137
2017-05-08 05:30:00,546 - mylogger - INFO - 2014-09-05: sell
2017-05-08 05:30:00,959 - mylogger - INFO - 0.00845428
2017-05-08 05:30:00,960 - mylogger - INFO - 2014-09-08: hold
2017-05-08 05:30:01,285 - mylogger - INFO - 0.00977881
2017-05-08 05:30:01,285 - mylogger - INFO - 2014-09-09: hold
2017-05-08 05:30:01,614 - mylogger - INFO - 0.000206115
2017-05-08 05:30:01,614 - mylogger - INFO - 2014-09-10: hold
2017-05-08 05:30:02,043 - mylogger - INFO - -0.00397348
2017-05-08 05:30:02,044 - mylogger - INFO - 2014-09-11: sell
2017-05-08 05:30:02,369 - mylogger - INFO - -0.0148312
2017-05-08 05:30:02,371 - mylogger - INFO - 2014-09-12: sell
2017-05-08 05:30:02,700 - mylogger - INFO - -0.00315933
2017-05-08 05:30:02,700 - mylogger - INFO - 2014-09-15: sell
2017-05-08 05:30:03,033 - mylogger - INFO - -0.0273355
2017-05-08 05:30:03,033 - mylogger - INFO - 2014-09-16: sell
2017-05-08 05:30:03,457 - mylogger - INFO - -0.007601
2017-05-08 05:30:03,458 - mylogger - INFO - 2014-09-17: sell
2017-05-08 05:30:03,784 - mylogger - INFO - -0.00413673
2017-05-08 05:30:03,785 - mylogger - INFO - 2014-09-18: sell
2017-05-08 05:30:04,118 - mylogger - INFO - -0.00417722
2017-05-08 05:30:04,119 - mylogger - INFO - 2014-09-19: sell
2017-05-08 05:30:04,544 - mylogger - INFO - -0.00120757
2017-05-08 05:30:04,545 - mylogger - INFO - 2014-09-22: sell
2017-05-08 05:30:04,868 - mylogger - INFO - -0.000346461
2017-05-08 05:30:04,869 - mylogger - INFO - 2014-09-23: sell
2017-05-08 05:30:05,191 - mylogger - INFO - -0.00321059
2017-05-08 05:30:05,192 - mylogger - INFO - 2014-09-24: sell
2017-05-08 05:30:05,618 - mylogger - INFO - -0.00236456
2017-05-08 05:30:05,619 - mylogger - INFO - 2014-09-25: sell
2017-05-08 05:30:05,947 - mylogger - INFO - -0.0129174
2017-05-08 05:30:05,948 - mylogger - INFO - 2014-09-26: sell
2017-05-08 05:30:06,278 - mylogger - INFO - -0.0215199
2017-05-08 05:30:06,279 - mylogger - INFO - 2014-09-29: sell
2017-05-08 05:30:06,706 - mylogger - INFO - -0.0284886
2017-05-08 05:30:06,707 - mylogger - INFO - 2014-09-30: sell
2017-05-08 05:30:07,041 - mylogger - INFO - -0.00980079
2017-05-08 05:30:07,041 - mylogger - INFO - 2014-10-01: sell
2017-05-08 05:30:07,366 - mylogger - INFO - -0.00893847
2017-05-08 05:30:07,367 - mylogger - INFO - 2014-10-02: sell
2017-05-08 05:30:07,689 - mylogger - INFO - -0.0128756
2017-05-08 05:30:07,690 - mylogger - INFO - 2014-10-03: sell
2017-05-08 05:30:08,118 - mylogger - INFO - -0.00747319
2017-05-08 05:30:08,118 - mylogger - INFO - 2014-10-06: sell
2017-05-08 05:30:08,453 - mylogger - INFO - -0.0367611
2017-05-08 05:30:08,454 - mylogger - INFO - 2014-10-07: sell
2017-05-08 05:30:08,787 - mylogger - INFO - -0.005718
2017-05-08 05:30:08,787 - mylogger - INFO - 2014-10-08: sell
2017-05-08 05:30:09,213 - mylogger - INFO - 0.00468301
2017-05-08 05:30:09,213 - mylogger - INFO - 2014-10-09: hold
2017-05-08 05:30:09,541 - mylogger - INFO - 0.00130546
2017-05-08 05:30:09,542 - mylogger - INFO - 2014-10-10: hold
2017-05-08 05:30:09,861 - mylogger - INFO - -0.00782223
2017-05-08 05:30:09,861 - mylogger - INFO - 2014-10-13: sell
2017-05-08 05:30:10,283 - mylogger - INFO - 0.00715411
2017-05-08 05:30:10,284 - mylogger - INFO - 2014-10-14: hold
2017-05-08 05:30:10,615 - mylogger - INFO - -0.00552603
2017-05-08 05:30:10,616 - mylogger - INFO - 2014-10-15: sell
2017-05-08 05:30:10,938 - mylogger - INFO - -0.00351868
2017-05-08 05:30:10,939 - mylogger - INFO - 2014-10-16: sell
2017-05-08 05:30:11,370 - mylogger - INFO - 0.00773397
2017-05-08 05:30:11,370 - mylogger - INFO - 2014-10-17: hold
2017-05-08 05:30:11,718 - mylogger - INFO - 0.00666716
2017-05-08 05:30:11,718 - mylogger - INFO - 2014-10-20: hold
2017-05-08 05:30:12,052 - mylogger - INFO - 0.0174068
2017-05-08 05:30:12,053 - mylogger - INFO - 2014-10-21: No cover!
2017-05-08 05:30:12,486 - mylogger - INFO - -0.00373292
2017-05-08 05:30:12,487 - mylogger - INFO - 2014-10-22: sell
2017-05-08 05:30:12,811 - mylogger - INFO - 0.00606594
2017-05-08 05:30:12,812 - mylogger - INFO - 2014-10-23: hold
2017-05-08 05:30:13,140 - mylogger - INFO - 0.00496807
2017-05-08 05:30:13,140 - mylogger - INFO - 2014-10-24: hold
2017-05-08 05:30:13,466 - mylogger - INFO - 0.0132986
2017-05-08 05:30:13,467 - mylogger - INFO - 2014-10-27: No cover!
2017-05-08 05:30:13,888 - mylogger - INFO - 0.017516
2017-05-08 05:30:13,890 - mylogger - INFO - 2014-10-28: No cover!
2017-05-08 05:30:14,215 - mylogger - INFO - -0.00835651
2017-05-08 05:30:14,216 - mylogger - INFO - 2014-10-29: sell
2017-05-08 05:30:14,550 - mylogger - INFO - 0.00699923
2017-05-08 05:30:14,550 - mylogger - INFO - 2014-10-30: hold
2017-05-08 05:30:14,974 - mylogger - INFO - -0.00542985
2017-05-08 05:30:14,975 - mylogger - INFO - 2014-10-31: sell
2017-05-08 05:30:15,300 - mylogger - INFO - -0.00692754
2017-05-08 05:30:15,301 - mylogger - INFO - 2014-11-03: sell
2017-05-08 05:30:15,640 - mylogger - INFO - -0.00190198
2017-05-08 05:30:15,641 - mylogger - INFO - 2014-11-04: sell
2017-05-08 05:30:16,067 - mylogger - INFO - -0.000649528
2017-05-08 05:30:16,068 - mylogger - INFO - 2014-11-05: sell
2017-05-08 05:30:16,395 - mylogger - INFO - 0.00863095
2017-05-08 05:30:16,395 - mylogger - INFO - 2014-11-06: hold
2017-05-08 05:30:16,723 - mylogger - INFO - 0.0235543
2017-05-08 05:30:16,724 - mylogger - INFO - 2014-11-07: No cover!
2017-05-08 05:30:17,151 - mylogger - INFO - -0.0086659
2017-05-08 05:30:17,152 - mylogger - INFO - 2014-11-10: sell
2017-05-08 05:30:17,484 - mylogger - INFO - -0.00878259
2017-05-08 05:30:17,485 - mylogger - INFO - 2014-11-11: sell
2017-05-08 05:30:17,816 - mylogger - INFO - -0.0244121
2017-05-08 05:30:17,816 - mylogger - INFO - 2014-11-12: sell
2017-05-08 05:30:18,245 - mylogger - INFO - -0.0163338
2017-05-08 05:30:18,246 - mylogger - INFO - 2014-11-13: sell
2017-05-08 05:30:18,579 - mylogger - INFO - 0.00353835
2017-05-08 05:30:18,580 - mylogger - INFO - 2014-11-14: hold
2017-05-08 05:30:18,903 - mylogger - INFO - -0.0020356
2017-05-08 05:30:18,904 - mylogger - INFO - 2014-11-17: sell
2017-05-08 05:30:19,228 - mylogger - INFO - -0.0205368
2017-05-08 05:30:19,229 - mylogger - INFO - 2014-11-18: sell
2017-05-08 05:30:19,660 - mylogger - INFO - -0.0160181
2017-05-08 05:30:19,661 - mylogger - INFO - 2014-11-19: sell
2017-05-08 05:30:19,994 - mylogger - INFO - 0.0032689
2017-05-08 05:30:19,994 - mylogger - INFO - 2014-11-20: hold
2017-05-08 05:30:20,318 - mylogger - INFO - 0.00489108
2017-05-08 05:30:20,318 - mylogger - INFO - 2014-11-21: hold
2017-05-08 05:30:20,748 - mylogger - INFO - 0.00194413
2017-05-08 05:30:20,748 - mylogger - INFO - 2014-11-24: hold
2017-05-08 05:30:21,076 - mylogger - INFO - 0.00549655
2017-05-08 05:30:21,076 - mylogger - INFO - 2014-11-25: hold
2017-05-08 05:30:21,402 - mylogger - INFO - -0.0100677
2017-05-08 05:30:21,402 - mylogger - INFO - 2014-11-26: sell
2017-05-08 05:30:21,827 - mylogger - INFO - 0.00603043
2017-05-08 05:30:21,827 - mylogger - INFO - 2014-11-28: hold
2017-05-08 05:30:22,153 - mylogger - INFO - -0.0153822
2017-05-08 05:30:22,154 - mylogger - INFO - 2014-12-01: sell
2017-05-08 05:30:22,482 - mylogger - INFO - -0.000508033
2017-05-08 05:30:22,483 - mylogger - INFO - 2014-12-02: sell
2017-05-08 05:30:22,914 - mylogger - INFO - -0.0086369
2017-05-08 05:30:22,915 - mylogger - INFO - 2014-12-03: sell
2017-05-08 05:30:23,265 - mylogger - INFO - -0.0101576
2017-05-08 05:30:23,265 - mylogger - INFO - 2014-12-04: sell
2017-05-08 05:30:23,590 - mylogger - INFO - -0.00782457
2017-05-08 05:30:23,591 - mylogger - INFO - 2014-12-05: sell
2017-05-08 05:30:23,908 - mylogger - INFO - 0.00258259
2017-05-08 05:30:23,909 - mylogger - INFO - 2014-12-08: hold
2017-05-08 05:30:24,327 - mylogger - INFO - -0.0143888
2017-05-08 05:30:24,328 - mylogger - INFO - 2014-12-09: sell
2017-05-08 05:30:24,649 - mylogger - INFO - 0.00443548
2017-05-08 05:30:24,649 - mylogger - INFO - 2014-12-10: hold
2017-05-08 05:30:24,966 - mylogger - INFO - -0.00692712
2017-05-08 05:30:24,967 - mylogger - INFO - 2014-12-11: sell
2017-05-08 05:30:25,375 - mylogger - INFO - -0.0168392
2017-05-08 05:30:25,376 - mylogger - INFO - 2014-12-12: sell
2017-05-08 05:30:25,695 - mylogger - INFO - -0.00580634
2017-05-08 05:30:25,696 - mylogger - INFO - 2014-12-15: sell
2017-05-08 05:30:26,020 - mylogger - INFO - -0.00925174
2017-05-08 05:30:26,021 - mylogger - INFO - 2014-12-16: sell
2017-05-08 05:30:26,429 - mylogger - INFO - -0.000535799
2017-05-08 05:30:26,430 - mylogger - INFO - 2014-12-17: sell
2017-05-08 05:30:26,770 - mylogger - INFO - 0.00283666
2017-05-08 05:30:26,770 - mylogger - INFO - 2014-12-18: hold
2017-05-08 05:30:27,097 - mylogger - INFO - 0.0208087
2017-05-08 05:30:27,098 - mylogger - INFO - 2014-12-19: No cover!
2017-05-08 05:30:27,527 - mylogger - INFO - 0.0314164
2017-05-08 05:30:27,528 - mylogger - INFO - 2014-12-22: No cover!
2017-05-08 05:30:27,853 - mylogger - INFO - 0.0104236
2017-05-08 05:30:27,854 - mylogger - INFO - 2014-12-23: No cover!
2017-05-08 05:30:28,191 - mylogger - INFO - 0.0131448
2017-05-08 05:30:28,192 - mylogger - INFO - 2014-12-24: No cover!
2017-05-08 05:30:28,552 - mylogger - INFO - 0.0029954
2017-05-08 05:30:28,553 - mylogger - INFO - 2014-12-26: hold
2017-05-08 05:30:28,970 - mylogger - INFO - 0.0102972
2017-05-08 05:30:28,971 - mylogger - INFO - 2014-12-29: No cover!
2017-05-08 05:30:29,287 - mylogger - INFO - 0.0308791
2017-05-08 05:30:29,288 - mylogger - INFO - 2014-12-30: No cover!
2017-05-08 05:30:29,612 - mylogger - INFO - 0.0190286
2017-05-08 05:30:29,613 - mylogger - INFO - 2014-12-31: No cover!
2017-05-08 05:30:30,027 - mylogger - INFO - 0.0338945
2017-05-08 05:30:30,028 - mylogger - INFO - 2015-01-02: sell
2017-05-08 05:30:30,350 - mylogger - INFO - 0.0405179
2017-05-08 05:30:30,351 - mylogger - INFO - 2015-01-05: sell
2017-05-08 05:30:30,684 - mylogger - INFO - 0.0211151
2017-05-08 05:30:30,685 - mylogger - INFO - 2015-01-06: No cover!
2017-05-08 05:30:31,112 - mylogger - INFO - 0.00408815
2017-05-08 05:30:31,113 - mylogger - INFO - 2015-01-07: hold
2017-05-08 05:30:31,445 - mylogger - INFO - 0.0104964
2017-05-08 05:30:31,447 - mylogger - INFO - 2015-01-08: No cover!
2017-05-08 05:30:31,769 - mylogger - INFO - -0.00660398
2017-05-08 05:30:31,770 - mylogger - INFO - 2015-01-09: sell
2017-05-08 05:30:32,224 - mylogger - INFO - 0.0121961
2017-05-08 05:30:32,225 - mylogger - INFO - 2015-01-12: No cover!
2017-05-08 05:30:32,558 - mylogger - INFO - 0.0102904
2017-05-08 05:30:32,559 - mylogger - INFO - 2015-01-13: No cover!
2017-05-08 05:30:32,888 - mylogger - INFO - -0.0144903
2017-05-08 05:30:32,889 - mylogger - INFO - 2015-01-14: sell
2017-05-08 05:30:33,214 - mylogger - INFO - 0.00208109
2017-05-08 05:30:33,214 - mylogger - INFO - 2015-01-15: hold
2017-05-08 05:30:33,644 - mylogger - INFO - 0.00739914
2017-05-08 05:30:33,644 - mylogger - INFO - 2015-01-16: hold
2017-05-08 05:30:33,972 - mylogger - INFO - -0.00230235
2017-05-08 05:30:33,972 - mylogger - INFO - 2015-01-20: sell
2017-05-08 05:30:34,306 - mylogger - INFO - 0.00965503
2017-05-08 05:30:34,307 - mylogger - INFO - 2015-01-21: hold
2017-05-08 05:30:34,729 - mylogger - INFO - 0.00653086
2017-05-08 05:30:34,729 - mylogger - INFO - 2015-01-22: hold
2017-05-08 05:30:35,057 - mylogger - INFO - 0.0133445
2017-05-08 05:30:35,058 - mylogger - INFO - 2015-01-23: No cover!
2017-05-08 05:30:35,377 - mylogger - INFO - 0.0158077
2017-05-08 05:30:35,378 - mylogger - INFO - 2015-01-26: No cover!
2017-05-08 05:30:35,797 - mylogger - INFO - 0.0085325
2017-05-08 05:30:35,798 - mylogger - INFO - 2015-01-27: hold
2017-05-08 05:30:36,132 - mylogger - INFO - 0.0049522
2017-05-08 05:30:36,132 - mylogger - INFO - 2015-01-28: hold
2017-05-08 05:30:36,462 - mylogger - INFO - 0.0111264
2017-05-08 05:30:36,464 - mylogger - INFO - 2015-01-29: No cover!
2017-05-08 05:30:36,894 - mylogger - INFO - 0.0133918
2017-05-08 05:30:36,895 - mylogger - INFO - 2015-01-30: No cover!
2017-05-08 05:30:37,220 - mylogger - INFO - 0.0195414
2017-05-08 05:30:37,221 - mylogger - INFO - 2015-02-02: No cover!
2017-05-08 05:30:37,554 - mylogger - INFO - 0.010949
2017-05-08 05:30:37,555 - mylogger - INFO - 2015-02-03: No cover!
2017-05-08 05:30:37,878 - mylogger - INFO - 0.0207722
2017-05-08 05:30:37,879 - mylogger - INFO - 2015-02-04: No cover!
2017-05-08 05:30:38,300 - mylogger - INFO - 0.0190072
2017-05-08 05:30:38,301 - mylogger - INFO - 2015-02-05: No cover!
2017-05-08 05:30:38,619 - mylogger - INFO - 0.0174174
2017-05-08 05:30:38,620 - mylogger - INFO - 2015-02-06: No cover!
2017-05-08 05:30:38,939 - mylogger - INFO - -0.00550493
2017-05-08 05:30:38,939 - mylogger - INFO - 2015-02-09: sell
2017-05-08 05:30:39,356 - mylogger - INFO - 0.0235436
2017-05-08 05:30:39,357 - mylogger - INFO - 2015-02-10: No cover!
2017-05-08 05:30:39,671 - mylogger - INFO - 0.00655214
2017-05-08 05:30:39,671 - mylogger - INFO - 2015-02-11: hold
2017-05-08 05:30:39,990 - mylogger - INFO - 0.00264049
2017-05-08 05:30:39,991 - mylogger - INFO - 2015-02-12: hold
2017-05-08 05:30:40,400 - mylogger - INFO - 0.00173437
2017-05-08 05:30:40,400 - mylogger - INFO - 2015-02-13: hold
2017-05-08 05:30:40,725 - mylogger - INFO - 0.0073675
2017-05-08 05:30:40,725 - mylogger - INFO - 2015-02-17: hold
2017-05-08 05:30:41,053 - mylogger - INFO - 0.0279449
2017-05-08 05:30:41,054 - mylogger - INFO - 2015-02-18: No cover!
2017-05-08 05:30:41,494 - mylogger - INFO - 0.0114341
2017-05-08 05:30:41,496 - mylogger - INFO - 2015-02-19: No cover!
2017-05-08 05:30:41,823 - mylogger - INFO - 0.0140424
2017-05-08 05:30:41,824 - mylogger - INFO - 2015-02-20: No cover!
2017-05-08 05:30:42,158 - mylogger - INFO - 0.00701496
2017-05-08 05:30:42,159 - mylogger - INFO - 2015-02-23: hold
2017-05-08 05:30:42,489 - mylogger - INFO - 0.0165693
2017-05-08 05:30:42,490 - mylogger - INFO - 2015-02-24: No cover!
2017-05-08 05:30:42,913 - mylogger - INFO - 0.00323001
2017-05-08 05:30:42,914 - mylogger - INFO - 2015-02-25: hold
2017-05-08 05:30:43,259 - mylogger - INFO - 0.00728479
2017-05-08 05:30:43,259 - mylogger - INFO - 2015-02-26: hold
2017-05-08 05:30:43,579 - mylogger - INFO - 0.00571681
2017-05-08 05:30:43,579 - mylogger - INFO - 2015-02-27: hold
2017-05-08 05:30:43,996 - mylogger - INFO - 0.00448474
2017-05-08 05:30:43,996 - mylogger - INFO - 2015-03-02: hold
2017-05-08 05:30:44,326 - mylogger - INFO - 0.00459307
2017-05-08 05:30:44,326 - mylogger - INFO - 2015-03-03: hold
2017-05-08 05:30:44,666 - mylogger - INFO - 1.75422e-05
2017-05-08 05:30:44,666 - mylogger - INFO - 2015-03-04: hold
2017-05-08 05:30:45,093 - mylogger - INFO - -0.00259512
2017-05-08 05:30:45,094 - mylogger - INFO - 2015-03-05: sell
2017-05-08 05:30:45,419 - mylogger - INFO - -0.00567999
2017-05-08 05:30:45,420 - mylogger - INFO - 2015-03-06: sell
2017-05-08 05:30:45,757 - mylogger - INFO - 0.00538148
2017-05-08 05:30:45,757 - mylogger - INFO - 2015-03-09: hold
2017-05-08 05:30:46,171 - mylogger - INFO - -0.0144674
2017-05-08 05:30:46,172 - mylogger - INFO - 2015-03-10: sell
2017-05-08 05:30:46,501 - mylogger - INFO - -0.0095013
2017-05-08 05:30:46,502 - mylogger - INFO - 2015-03-11: sell
2017-05-08 05:30:46,828 - mylogger - INFO - -0.0035865
2017-05-08 05:30:46,829 - mylogger - INFO - 2015-03-12: sell
2017-05-08 05:30:47,168 - mylogger - INFO - -0.0121102
2017-05-08 05:30:47,169 - mylogger - INFO - 2015-03-13: sell
2017-05-08 05:30:47,595 - mylogger - INFO - -0.0077647
2017-05-08 05:30:47,596 - mylogger - INFO - 2015-03-16: sell
2017-05-08 05:30:47,929 - mylogger - INFO - -0.0133122
2017-05-08 05:30:47,930 - mylogger - INFO - 2015-03-17: sell
2017-05-08 05:30:48,262 - mylogger - INFO - -0.00393364
2017-05-08 05:30:48,263 - mylogger - INFO - 2015-03-18: sell
2017-05-08 05:30:48,695 - mylogger - INFO - -0.00121343
2017-05-08 05:30:48,696 - mylogger - INFO - 2015-03-19: sell
2017-05-08 05:30:49,027 - mylogger - INFO - 0.00268877
2017-05-08 05:30:49,027 - mylogger - INFO - 2015-03-20: hold
2017-05-08 05:30:49,353 - mylogger - INFO - 0.0015839
2017-05-08 05:30:49,353 - mylogger - INFO - 2015-03-23: hold
2017-05-08 05:30:49,778 - mylogger - INFO - 0.00494208
2017-05-08 05:30:49,778 - mylogger - INFO - 2015-03-24: hold
2017-05-08 05:30:50,114 - mylogger - INFO - 0.00911814
2017-05-08 05:30:50,114 - mylogger - INFO - 2015-03-25: hold
2017-05-08 05:30:50,444 - mylogger - INFO - 0.000631851
2017-05-08 05:30:50,444 - mylogger - INFO - 2015-03-26: hold
2017-05-08 05:30:50,874 - mylogger - INFO - 0.00115274
2017-05-08 05:30:50,874 - mylogger - INFO - 2015-03-27: hold
2017-05-08 05:30:51,209 - mylogger - INFO - 0.0107878
2017-05-08 05:30:51,211 - mylogger - INFO - 2015-03-30: No cover!
2017-05-08 05:30:51,547 - mylogger - INFO - -0.0145446
2017-05-08 05:30:51,547 - mylogger - INFO - 2015-03-31: sell
2017-05-08 05:30:51,873 - mylogger - INFO - -0.000336438
2017-05-08 05:30:51,873 - mylogger - INFO - 2015-04-01: sell
2017-05-08 05:30:52,295 - mylogger - INFO - -0.0172014
2017-05-08 05:30:52,296 - mylogger - INFO - 2015-04-02: sell
2017-05-08 05:30:52,621 - mylogger - INFO - -0.0241287
2017-05-08 05:30:52,622 - mylogger - INFO - 2015-04-06: sell
2017-05-08 05:30:52,948 - mylogger - INFO - 0.0133778
2017-05-08 05:30:52,949 - mylogger - INFO - 2015-04-07: No cover!
2017-05-08 05:30:53,375 - mylogger - INFO - -0.0177254
2017-05-08 05:30:53,376 - mylogger - INFO - 2015-04-08: sell
2017-05-08 05:30:53,733 - mylogger - INFO - -0.00321949
2017-05-08 05:30:53,734 - mylogger - INFO - 2015-04-09: sell
2017-05-08 05:30:54,096 - mylogger - INFO - 0.0112068
2017-05-08 05:30:54,097 - mylogger - INFO - 2015-04-10: No cover!
2017-05-08 05:30:54,521 - mylogger - INFO - 0.00879954
2017-05-08 05:30:54,521 - mylogger - INFO - 2015-04-13: hold
2017-05-08 05:30:54,847 - mylogger - INFO - -0.00493905
2017-05-08 05:30:54,848 - mylogger - INFO - 2015-04-14: sell
2017-05-08 05:30:55,188 - mylogger - INFO - 0.00639383
2017-05-08 05:30:55,188 - mylogger - INFO - 2015-04-15: hold
2017-05-08 05:30:55,617 - mylogger - INFO - 0.00652056
2017-05-08 05:30:55,618 - mylogger - INFO - 2015-04-16: hold
2017-05-08 05:30:55,941 - mylogger - INFO - 0.00127693
2017-05-08 05:30:55,942 - mylogger - INFO - 2015-04-17: hold
2017-05-08 05:30:56,268 - mylogger - INFO - 0.00550353
2017-05-08 05:30:56,268 - mylogger - INFO - 2015-04-20: hold
2017-05-08 05:30:56,599 - mylogger - INFO - 0.00737683
2017-05-08 05:30:56,599 - mylogger - INFO - 2015-04-21: hold
2017-05-08 05:30:57,025 - mylogger - INFO - -0.00253277
2017-05-08 05:30:57,026 - mylogger - INFO - 2015-04-22: sell
2017-05-08 05:30:57,351 - mylogger - INFO - 0.00930768
2017-05-08 05:30:57,352 - mylogger - INFO - 2015-04-23: hold
2017-05-08 05:30:57,678 - mylogger - INFO - 0.00514765
2017-05-08 05:30:57,679 - mylogger - INFO - 2015-04-24: hold
2017-05-08 05:30:58,108 - mylogger - INFO - 0.0159318
2017-05-08 05:30:58,109 - mylogger - INFO - 2015-04-27: No cover!
2017-05-08 05:30:58,459 - mylogger - INFO - 0.00284204
2017-05-08 05:30:58,459 - mylogger - INFO - 2015-04-28: hold
2017-05-08 05:30:58,781 - mylogger - INFO - 0.00996938
2017-05-08 05:30:58,781 - mylogger - INFO - 2015-04-29: hold
2017-05-08 05:30:59,201 - mylogger - INFO - 0.0017919
2017-05-08 05:30:59,201 - mylogger - INFO - 2015-04-30: hold
2017-05-08 05:30:59,522 - mylogger - INFO - -0.00471687
2017-05-08 05:30:59,523 - mylogger - INFO - 2015-05-01: sell
2017-05-08 05:30:59,838 - mylogger - INFO - 0.0037113
2017-05-08 05:30:59,838 - mylogger - INFO - 2015-05-04: hold
2017-05-08 05:31:00,257 - mylogger - INFO - -0.00197917
2017-05-08 05:31:00,258 - mylogger - INFO - 2015-05-05: sell
2017-05-08 05:31:00,585 - mylogger - INFO - -0.00403443
2017-05-08 05:31:00,586 - mylogger - INFO - 2015-05-06: sell
2017-05-08 05:31:00,909 - mylogger - INFO - 0.00612774
2017-05-08 05:31:00,910 - mylogger - INFO - 2015-05-07: hold
2017-05-08 05:31:01,330 - mylogger - INFO - -0.0101846
2017-05-08 05:31:01,330 - mylogger - INFO - 2015-05-08: sell
2017-05-08 05:31:01,666 - mylogger - INFO - -0.0200946
2017-05-08 05:31:01,666 - mylogger - INFO - 2015-05-11: sell
2017-05-08 05:31:02,003 - mylogger - INFO - -0.00694052
2017-05-08 05:31:02,004 - mylogger - INFO - 2015-05-12: sell
2017-05-08 05:31:02,330 - mylogger - INFO - 0.00802742
2017-05-08 05:31:02,330 - mylogger - INFO - 2015-05-13: hold
2017-05-08 05:31:02,766 - mylogger - INFO - -0.00615793
2017-05-08 05:31:02,767 - mylogger - INFO - 2015-05-14: sell
2017-05-08 05:31:03,096 - mylogger - INFO - -0.00494721
2017-05-08 05:31:03,097 - mylogger - INFO - 2015-05-15: sell
2017-05-08 05:31:03,418 - mylogger - INFO - -0.0210642
2017-05-08 05:31:03,419 - mylogger - INFO - 2015-05-18: sell
2017-05-08 05:31:03,865 - mylogger - INFO - -0.00866591
2017-05-08 05:31:03,866 - mylogger - INFO - 2015-05-19: sell
2017-05-08 05:31:04,185 - mylogger - INFO - -3.17266e-05
2017-05-08 05:31:04,186 - mylogger - INFO - 2015-05-20: sell
2017-05-08 05:31:04,508 - mylogger - INFO - 0.000908371
2017-05-08 05:31:04,508 - mylogger - INFO - 2015-05-21: hold
2017-05-08 05:31:04,922 - mylogger - INFO - -0.0124309
2017-05-08 05:31:04,923 - mylogger - INFO - 2015-05-22: sell
2017-05-08 05:31:05,269 - mylogger - INFO - -0.00362217
2017-05-08 05:31:05,270 - mylogger - INFO - 2015-05-26: sell
2017-05-08 05:31:05,590 - mylogger - INFO - 0.0106957
2017-05-08 05:31:05,591 - mylogger - INFO - 2015-05-27: No cover!
2017-05-08 05:31:06,011 - mylogger - INFO - 0.00530501
2017-05-08 05:31:06,012 - mylogger - INFO - 2015-05-28: hold
2017-05-08 05:31:06,335 - mylogger - INFO - 0.0078025
2017-05-08 05:31:06,335 - mylogger - INFO - 2015-05-29: hold
2017-05-08 05:31:06,668 - mylogger - INFO - -0.00732943
2017-05-08 05:31:06,669 - mylogger - INFO - 2015-06-01: sell
2017-05-08 05:31:07,002 - mylogger - INFO - -0.0121661
2017-05-08 05:31:07,003 - mylogger - INFO - 2015-06-02: sell
2017-05-08 05:31:07,447 - mylogger - INFO - -0.00393261
2017-05-08 05:31:07,448 - mylogger - INFO - 2015-06-03: sell
2017-05-08 05:31:07,776 - mylogger - INFO - -0.00743397
2017-05-08 05:31:07,777 - mylogger - INFO - 2015-06-04: sell
2017-05-08 05:31:08,112 - mylogger - INFO - -0.0139577
2017-05-08 05:31:08,113 - mylogger - INFO - 2015-06-05: sell
2017-05-08 05:31:08,539 - mylogger - INFO - 0.00827499
2017-05-08 05:31:08,539 - mylogger - INFO - 2015-06-08: hold
2017-05-08 05:31:08,865 - mylogger - INFO - -0.00359316
2017-05-08 05:31:08,866 - mylogger - INFO - 2015-06-09: sell
2017-05-08 05:31:09,195 - mylogger - INFO - -0.00576056
2017-05-08 05:31:09,196 - mylogger - INFO - 2015-06-10: sell
2017-05-08 05:31:09,623 - mylogger - INFO - 0.0207984
2017-05-08 05:31:09,624 - mylogger - INFO - 2015-06-11: No cover!
2017-05-08 05:31:09,956 - mylogger - INFO - 0.0079478
2017-05-08 05:31:09,956 - mylogger - INFO - 2015-06-12: hold
2017-05-08 05:31:10,288 - mylogger - INFO - 0.0195086
2017-05-08 05:31:10,289 - mylogger - INFO - 2015-06-15: No cover!
2017-05-08 05:31:10,718 - mylogger - INFO - 0.0141628
2017-05-08 05:31:10,719 - mylogger - INFO - 2015-06-16: No cover!
2017-05-08 05:31:11,047 - mylogger - INFO - -0.000890444
2017-05-08 05:31:11,048 - mylogger - INFO - 2015-06-17: sell
2017-05-08 05:31:11,375 - mylogger - INFO - 0.0126583
2017-05-08 05:31:11,377 - mylogger - INFO - 2015-06-18: No cover!
2017-05-08 05:31:11,708 - mylogger - INFO - 0.00320226
2017-05-08 05:31:11,708 - mylogger - INFO - 2015-06-19: hold
2017-05-08 05:31:12,142 - mylogger - INFO - -0.00265763
2017-05-08 05:31:12,143 - mylogger - INFO - 2015-06-22: sell
2017-05-08 05:31:12,473 - mylogger - INFO - 0.00671395
2017-05-08 05:31:12,473 - mylogger - INFO - 2015-06-23: hold
2017-05-08 05:31:12,802 - mylogger - INFO - 0.0039928
2017-05-08 05:31:12,802 - mylogger - INFO - 2015-06-24: hold
2017-05-08 05:31:13,227 - mylogger - INFO - -0.01544
2017-05-08 05:31:13,228 - mylogger - INFO - 2015-06-25: sell
2017-05-08 05:31:13,560 - mylogger - INFO - -0.00705249
2017-05-08 05:31:13,561 - mylogger - INFO - 2015-06-26: sell
2017-05-08 05:31:13,892 - mylogger - INFO - 0.00821586
2017-05-08 05:31:13,892 - mylogger - INFO - 2015-06-29: hold
2017-05-08 05:31:14,324 - mylogger - INFO - 0.0173052
2017-05-08 05:31:14,325 - mylogger - INFO - 2015-06-30: No cover!
2017-05-08 05:31:14,656 - mylogger - INFO - 0.0138093
2017-05-08 05:31:14,657 - mylogger - INFO - 2015-07-01: No cover!
2017-05-08 05:31:14,989 - mylogger - INFO - 0.0121126
2017-05-08 05:31:14,990 - mylogger - INFO - 2015-07-02: No cover!
2017-05-08 05:31:15,420 - mylogger - INFO - 0.000626075
2017-05-08 05:31:15,420 - mylogger - INFO - 2015-07-06: hold
2017-05-08 05:31:15,763 - mylogger - INFO - -0.0123253
2017-05-08 05:31:15,764 - mylogger - INFO - 2015-07-07: sell
2017-05-08 05:31:16,081 - mylogger - INFO - 0.0178435
2017-05-08 05:31:16,082 - mylogger - INFO - 2015-07-08: sell
2017-05-08 05:31:16,397 - mylogger - INFO - 0.0159246
2017-05-08 05:31:16,398 - mylogger - INFO - 2015-07-09: sell
2017-05-08 05:31:16,814 - mylogger - INFO - 0.00567503
2017-05-08 05:31:16,814 - mylogger - INFO - 2015-07-10: hold
2017-05-08 05:31:17,143 - mylogger - INFO - 0.0044932
2017-05-08 05:31:17,143 - mylogger - INFO - 2015-07-13: hold
2017-05-08 05:31:17,466 - mylogger - INFO - 0.013578
2017-05-08 05:31:17,467 - mylogger - INFO - 2015-07-14: No cover!
2017-05-08 05:31:17,877 - mylogger - INFO - 0.00606664
2017-05-08 05:31:17,878 - mylogger - INFO - 2015-07-15: hold
2017-05-08 05:31:18,194 - mylogger - INFO - -0.0029918
2017-05-08 05:31:18,195 - mylogger - INFO - 2015-07-16: sell
2017-05-08 05:31:18,519 - mylogger - INFO - 0.0103951
2017-05-08 05:31:18,520 - mylogger - INFO - 2015-07-17: No cover!
2017-05-08 05:31:18,935 - mylogger - INFO - 0.00967555
2017-05-08 05:31:18,935 - mylogger - INFO - 2015-07-20: hold
2017-05-08 05:31:19,267 - mylogger - INFO - 0.00314982
2017-05-08 05:31:19,267 - mylogger - INFO - 2015-07-21: hold
2017-05-08 05:31:19,602 - mylogger - INFO - -0.00843859
2017-05-08 05:31:19,603 - mylogger - INFO - 2015-07-22: sell
2017-05-08 05:31:20,036 - mylogger - INFO - 0.0265968
2017-05-08 05:31:20,037 - mylogger - INFO - 2015-07-23: No cover!
2017-05-08 05:31:20,369 - mylogger - INFO - 0.00922124
2017-05-08 05:31:20,370 - mylogger - INFO - 2015-07-24: sell
2017-05-08 05:31:20,706 - mylogger - INFO - 0.0187695
2017-05-08 05:31:20,707 - mylogger - INFO - 2015-07-27: sell
2017-05-08 05:31:21,037 - mylogger - INFO - 0.012344
2017-05-08 05:31:21,038 - mylogger - INFO - 2015-07-28: No cover!
2017-05-08 05:31:21,461 - mylogger - INFO - -0.00893715
2017-05-08 05:31:21,462 - mylogger - INFO - 2015-07-29: sell
2017-05-08 05:31:21,779 - mylogger - INFO - 0.0102307
2017-05-08 05:31:21,780 - mylogger - INFO - 2015-07-30: No cover!
2017-05-08 05:31:22,104 - mylogger - INFO - 0.0122572
2017-05-08 05:31:22,105 - mylogger - INFO - 2015-07-31: No cover!
2017-05-08 05:31:22,528 - mylogger - INFO - 0.00765259
2017-05-08 05:31:22,529 - mylogger - INFO - 2015-08-03: sell
2017-05-08 05:31:22,859 - mylogger - INFO - -0.00739683
2017-05-08 05:31:22,859 - mylogger - INFO - 2015-08-04: sell
2017-05-08 05:31:23,183 - mylogger - INFO - 0.0208248
2017-05-08 05:31:23,185 - mylogger - INFO - 2015-08-05: No cover!
2017-05-08 05:31:23,621 - mylogger - INFO - 0.0182637
2017-05-08 05:31:23,622 - mylogger - INFO - 2015-08-06: No cover!
2017-05-08 05:31:23,955 - mylogger - INFO - -0.0015673
2017-05-08 05:31:23,956 - mylogger - INFO - 2015-08-07: sell
2017-05-08 05:31:24,289 - mylogger - INFO - 0.00507495
2017-05-08 05:31:24,289 - mylogger - INFO - 2015-08-10: hold
2017-05-08 05:31:24,720 - mylogger - INFO - -0.00243524
2017-05-08 05:31:24,721 - mylogger - INFO - 2015-08-11: sell
2017-05-08 05:31:25,053 - mylogger - INFO - -0.00933371
2017-05-08 05:31:25,054 - mylogger - INFO - 2015-08-12: sell
2017-05-08 05:31:25,376 - mylogger - INFO - -0.0117335
2017-05-08 05:31:25,376 - mylogger - INFO - 2015-08-13: sell
2017-05-08 05:31:25,703 - mylogger - INFO - -0.0168474
2017-05-08 05:31:25,704 - mylogger - INFO - 2015-08-14: sell
2017-05-08 05:31:26,133 - mylogger - INFO - -0.00475829
2017-05-08 05:31:26,134 - mylogger - INFO - 2015-08-17: sell
2017-05-08 05:31:26,460 - mylogger - INFO - 0.010872
2017-05-08 05:31:26,461 - mylogger - INFO - 2015-08-18: No cover!
2017-05-08 05:31:26,790 - mylogger - INFO - 0.00874707
2017-05-08 05:31:26,790 - mylogger - INFO - 2015-08-19: hold
2017-05-08 05:31:27,217 - mylogger - INFO - 0.00600882
2017-05-08 05:31:27,217 - mylogger - INFO - 2015-08-20: hold
2017-05-08 05:31:27,546 - mylogger - INFO - 0.0179755
2017-05-08 05:31:27,547 - mylogger - INFO - 2015-08-21: sell
2017-05-08 05:31:27,874 - mylogger - INFO - -0.00503718
2017-05-08 05:31:27,875 - mylogger - INFO - 2015-08-24: sell
2017-05-08 05:31:28,304 - mylogger - INFO - -0.0164598
2017-05-08 05:31:28,305 - mylogger - INFO - 2015-08-25: sell
2017-05-08 05:31:28,665 - mylogger - INFO - -0.00851904
2017-05-08 05:31:28,665 - mylogger - INFO - 2015-08-26: sell
2017-05-08 05:31:28,988 - mylogger - INFO - 0.00415342
2017-05-08 05:31:28,989 - mylogger - INFO - 2015-08-27: hold
2017-05-08 05:31:29,405 - mylogger - INFO - -0.00619622
2017-05-08 05:31:29,406 - mylogger - INFO - 2015-08-28: sell
2017-05-08 05:31:29,741 - mylogger - INFO - -0.0106658
2017-05-08 05:31:29,742 - mylogger - INFO - 2015-08-31: sell
2017-05-08 05:31:30,067 - mylogger - INFO - 0.0025884
2017-05-08 05:31:30,068 - mylogger - INFO - 2015-09-01: hold
2017-05-08 05:31:30,389 - mylogger - INFO - -0.0127024
2017-05-08 05:31:30,390 - mylogger - INFO - 2015-09-02: sell
2017-05-08 05:31:30,810 - mylogger - INFO - -0.014575
2017-05-08 05:31:30,811 - mylogger - INFO - 2015-09-03: sell
2017-05-08 05:31:31,151 - mylogger - INFO - -0.0148564
2017-05-08 05:31:31,151 - mylogger - INFO - 2015-09-04: sell
2017-05-08 05:31:31,490 - mylogger - INFO - -0.0149516
2017-05-08 05:31:31,491 - mylogger - INFO - 2015-09-08: sell
2017-05-08 05:31:31,916 - mylogger - INFO - -0.0171438
2017-05-08 05:31:31,917 - mylogger - INFO - 2015-09-09: sell
2017-05-08 05:31:32,269 - mylogger - INFO - -0.0119106
2017-05-08 05:31:32,270 - mylogger - INFO - 2015-09-10: sell
2017-05-08 05:31:32,595 - mylogger - INFO - 0.000897947
2017-05-08 05:31:32,595 - mylogger - INFO - 2015-09-11: hold
2017-05-08 05:31:33,028 - mylogger - INFO - -0.00940515
2017-05-08 05:31:33,029 - mylogger - INFO - 2015-09-14: sell
2017-05-08 05:31:33,352 - mylogger - INFO - -0.026694
2017-05-08 05:31:33,353 - mylogger - INFO - 2015-09-15: sell
2017-05-08 05:31:33,689 - mylogger - INFO - -0.0027673
2017-05-08 05:31:33,690 - mylogger - INFO - 2015-09-16: sell
2017-05-08 05:31:34,122 - mylogger - INFO - -0.016632
2017-05-08 05:31:34,123 - mylogger - INFO - 2015-09-17: sell
2017-05-08 05:31:34,455 - mylogger - INFO - -0.00733152
2017-05-08 05:31:34,456 - mylogger - INFO - 2015-09-18: sell
2017-05-08 05:31:34,785 - mylogger - INFO - 0.00932367
2017-05-08 05:31:34,785 - mylogger - INFO - 2015-09-21: hold
2017-05-08 05:31:35,116 - mylogger - INFO - -0.0129456
2017-05-08 05:31:35,117 - mylogger - INFO - 2015-09-22: sell
2017-05-08 05:31:35,545 - mylogger - INFO - -0.00316564
2017-05-08 05:31:35,546 - mylogger - INFO - 2015-09-23: sell
2017-05-08 05:31:35,866 - mylogger - INFO - -0.0113902
2017-05-08 05:31:35,867 - mylogger - INFO - 2015-09-24: sell
2017-05-08 05:31:36,190 - mylogger - INFO - 0.00658356
2017-05-08 05:31:36,190 - mylogger - INFO - 2015-09-25: hold
2017-05-08 05:31:36,629 - mylogger - INFO - -0.00852482
2017-05-08 05:31:36,630 - mylogger - INFO - 2015-09-28: sell
2017-05-08 05:31:36,957 - mylogger - INFO - -0.00564488
2017-05-08 05:31:36,958 - mylogger - INFO - 2015-09-29: sell
2017-05-08 05:31:37,286 - mylogger - INFO - -0.010259
2017-05-08 05:31:37,287 - mylogger - INFO - 2015-09-30: sell
2017-05-08 05:31:37,730 - mylogger - INFO - -0.00252948
2017-05-08 05:31:37,731 - mylogger - INFO - 2015-10-01: sell
2017-05-08 05:31:38,060 - mylogger - INFO - 0.0185062
2017-05-08 05:31:38,061 - mylogger - INFO - 2015-10-02: No cover!
2017-05-08 05:31:38,388 - mylogger - INFO - 0.0269187
2017-05-08 05:31:38,389 - mylogger - INFO - 2015-10-05: No cover!
2017-05-08 05:31:38,815 - mylogger - INFO - 0.014599
2017-05-08 05:31:38,816 - mylogger - INFO - 2015-10-06: No cover!
2017-05-08 05:31:39,152 - mylogger - INFO - 0.0186095
2017-05-08 05:31:39,153 - mylogger - INFO - 2015-10-07: No cover!
2017-05-08 05:31:39,481 - mylogger - INFO - 0.0088619
2017-05-08 05:31:39,481 - mylogger - INFO - 2015-10-08: hold
2017-05-08 05:31:39,807 - mylogger - INFO - 0.0136347
2017-05-08 05:31:39,808 - mylogger - INFO - 2015-10-09: No cover!
2017-05-08 05:31:40,239 - mylogger - INFO - -0.00334142
2017-05-08 05:31:40,240 - mylogger - INFO - 2015-10-12: sell
2017-05-08 05:31:40,568 - mylogger - INFO - -0.0145428
2017-05-08 05:31:40,569 - mylogger - INFO - 2015-10-13: sell
2017-05-08 05:31:40,881 - mylogger - INFO - -0.0067723
2017-05-08 05:31:40,882 - mylogger - INFO - 2015-10-14: sell
2017-05-08 05:31:41,296 - mylogger - INFO - -0.0138003
2017-05-08 05:31:41,297 - mylogger - INFO - 2015-10-15: sell
2017-05-08 05:31:41,620 - mylogger - INFO - -0.0137227
2017-05-08 05:31:41,620 - mylogger - INFO - 2015-10-16: sell
2017-05-08 05:31:41,936 - mylogger - INFO - -0.0157513
2017-05-08 05:31:41,937 - mylogger - INFO - 2015-10-19: sell
2017-05-08 05:31:42,352 - mylogger - INFO - -0.0139151
2017-05-08 05:31:42,353 - mylogger - INFO - 2015-10-20: sell
2017-05-08 05:31:42,677 - mylogger - INFO - -0.014092
2017-05-08 05:31:42,678 - mylogger - INFO - 2015-10-21: sell
2017-05-08 05:31:42,998 - mylogger - INFO - -0.00932498
2017-05-08 05:31:43,000 - mylogger - INFO - 2015-10-22: sell
2017-05-08 05:31:43,417 - mylogger - INFO - -0.00799987
2017-05-08 05:31:43,418 - mylogger - INFO - 2015-10-23: sell
2017-05-08 05:31:43,767 - mylogger - INFO - -0.00565023
2017-05-08 05:31:43,768 - mylogger - INFO - 2015-10-26: sell
2017-05-08 05:31:44,090 - mylogger - INFO - -0.000721397
2017-05-08 05:31:44,091 - mylogger - INFO - 2015-10-27: sell
2017-05-08 05:31:44,517 - mylogger - INFO - -0.0206171
2017-05-08 05:31:44,518 - mylogger - INFO - 2015-10-28: sell
2017-05-08 05:31:44,844 - mylogger - INFO - -0.00723947
2017-05-08 05:31:44,845 - mylogger - INFO - 2015-10-29: sell
2017-05-08 05:31:45,183 - mylogger - INFO - -0.024657
2017-05-08 05:31:45,183 - mylogger - INFO - 2015-10-30: sell
2017-05-08 05:31:45,510 - mylogger - INFO - 0.000648634
2017-05-08 05:31:45,510 - mylogger - INFO - 2015-11-02: hold
2017-05-08 05:31:45,941 - mylogger - INFO - 0.0138834
2017-05-08 05:31:45,943 - mylogger - INFO - 2015-11-03: No cover!
2017-05-08 05:31:46,256 - mylogger - INFO - -0.0258997
2017-05-08 05:31:46,257 - mylogger - INFO - 2015-11-04: sell
2017-05-08 05:31:46,575 - mylogger - INFO - -0.0242291
2017-05-08 05:31:46,576 - mylogger - INFO - 2015-11-05: sell
2017-05-08 05:31:46,995 - mylogger - INFO - -0.025151
2017-05-08 05:31:46,996 - mylogger - INFO - 2015-11-06: sell
2017-05-08 05:31:47,326 - mylogger - INFO - -0.0137781
2017-05-08 05:31:47,327 - mylogger - INFO - 2015-11-09: sell
2017-05-08 05:31:47,661 - mylogger - INFO - -0.00665229
2017-05-08 05:31:47,662 - mylogger - INFO - 2015-11-10: sell
2017-05-08 05:31:48,094 - mylogger - INFO - -0.0168499
2017-05-08 05:31:48,094 - mylogger - INFO - 2015-11-11: sell
2017-05-08 05:31:48,424 - mylogger - INFO - -0.0270238
2017-05-08 05:31:48,425 - mylogger - INFO - 2015-11-12: sell
2017-05-08 05:31:48,767 - mylogger - INFO - -0.0124254
2017-05-08 05:31:48,768 - mylogger - INFO - 2015-11-13: sell
2017-05-08 05:31:49,191 - mylogger - INFO - -0.0203822
2017-05-08 05:31:49,192 - mylogger - INFO - 2015-11-16: sell
2017-05-08 05:31:49,522 - mylogger - INFO - -0.00176865
2017-05-08 05:31:49,523 - mylogger - INFO - 2015-11-17: sell
2017-05-08 05:31:49,856 - mylogger - INFO - -0.0180753
2017-05-08 05:31:49,857 - mylogger - INFO - 2015-11-18: sell
2017-05-08 05:31:50,286 - mylogger - INFO - -0.0218122
2017-05-08 05:31:50,287 - mylogger - INFO - 2015-11-19: sell
2017-05-08 05:31:50,627 - mylogger - INFO - -0.0120384
2017-05-08 05:31:50,628 - mylogger - INFO - 2015-11-20: sell
2017-05-08 05:31:50,955 - mylogger - INFO - -0.0155421
2017-05-08 05:31:50,955 - mylogger - INFO - 2015-11-23: sell
2017-05-08 05:31:51,291 - mylogger - INFO - -0.00050935
2017-05-08 05:31:51,292 - mylogger - INFO - 2015-11-24: sell
2017-05-08 05:31:51,727 - mylogger - INFO - 0.00507562
2017-05-08 05:31:51,727 - mylogger - INFO - 2015-11-25: hold
2017-05-08 05:31:52,056 - mylogger - INFO - -0.0014312
2017-05-08 05:31:52,057 - mylogger - INFO - 2015-11-27: sell
2017-05-08 05:31:52,378 - mylogger - INFO - -0.00426782
2017-05-08 05:31:52,378 - mylogger - INFO - 2015-11-30: sell
2017-05-08 05:31:52,805 - mylogger - INFO - -0.00671161
2017-05-08 05:31:52,806 - mylogger - INFO - 2015-12-01: sell
2017-05-08 05:31:53,143 - mylogger - INFO - -0.0123852
2017-05-08 05:31:53,144 - mylogger - INFO - 2015-12-02: sell
2017-05-08 05:31:53,477 - mylogger - INFO - -0.00466421
2017-05-08 05:31:53,478 - mylogger - INFO - 2015-12-03: sell
2017-05-08 05:31:53,909 - mylogger - INFO - 0.00984581
2017-05-08 05:31:53,910 - mylogger - INFO - 2015-12-04: hold
2017-05-08 05:31:54,236 - mylogger - INFO - 0.0053095
2017-05-08 05:31:54,237 - mylogger - INFO - 2015-12-07: hold
2017-05-08 05:31:54,570 - mylogger - INFO - 0.00367055
2017-05-08 05:31:54,571 - mylogger - INFO - 2015-12-08: hold
2017-05-08 05:31:55,005 - mylogger - INFO - 0.0094444
2017-05-08 05:31:55,005 - mylogger - INFO - 2015-12-09: hold
2017-05-08 05:31:55,333 - mylogger - INFO - 0.00400051
2017-05-08 05:31:55,333 - mylogger - INFO - 2015-12-10: hold
2017-05-08 05:31:55,661 - mylogger - INFO - 0.00225683
2017-05-08 05:31:55,661 - mylogger - INFO - 2015-12-11: hold
2017-05-08 05:31:55,992 - mylogger - INFO - 0.00200642
2017-05-08 05:31:55,992 - mylogger - INFO - 2015-12-14: hold
2017-05-08 05:31:56,420 - mylogger - INFO - -0.0147468
2017-05-08 05:31:56,421 - mylogger - INFO - 2015-12-15: sell
2017-05-08 05:31:56,763 - mylogger - INFO - 0.00417715
2017-05-08 05:31:56,763 - mylogger - INFO - 2015-12-16: hold
2017-05-08 05:31:57,084 - mylogger - INFO - -0.0150406
2017-05-08 05:31:57,085 - mylogger - INFO - 2015-12-17: sell
2017-05-08 05:31:57,501 - mylogger - INFO - -0.00882271
2017-05-08 05:31:57,502 - mylogger - INFO - 2015-12-18: sell
2017-05-08 05:31:57,837 - mylogger - INFO - 0.00684647
2017-05-08 05:31:57,837 - mylogger - INFO - 2015-12-21: hold
2017-05-08 05:31:58,168 - mylogger - INFO - -0.00735912
2017-05-08 05:31:58,169 - mylogger - INFO - 2015-12-22: sell
2017-05-08 05:31:58,600 - mylogger - INFO - 0.00439031
2017-05-08 05:31:58,600 - mylogger - INFO - 2015-12-23: hold
2017-05-08 05:31:58,950 - mylogger - INFO - 0.00272346
2017-05-08 05:31:58,950 - mylogger - INFO - 2015-12-24: hold
2017-05-08 05:31:59,273 - mylogger - INFO - -0.00137194
2017-05-08 05:31:59,273 - mylogger - INFO - 2015-12-28: sell
2017-05-08 05:31:59,691 - mylogger - INFO - -0.00917095
2017-05-08 05:31:59,692 - mylogger - INFO - 2015-12-29: sell
2017-05-08 05:32:00,021 - mylogger - INFO - 0.00269413
2017-05-08 05:32:00,021 - mylogger - INFO - 2015-12-30: hold
2017-05-08 05:32:00,346 - mylogger - INFO - -0.00745351
2017-05-08 05:32:00,347 - mylogger - INFO - 2015-12-31: sell
2017-05-08 05:32:01,022 - mylogger - INFO - Total profit and loss: 1.08581729499
2017-05-08 05:32:01,052 - mylogger - INFO - Hit table:
2017-05-08 05:32:01,052 - mylogger - INFO - Date          signal  hit/miss
2017-05-08 05:32:01,052 - mylogger - INFO - 2014-01-02    sell    hit
2017-05-08 05:32:01,053 - mylogger - INFO - 2014-01-03    sell    miss
2017-05-08 05:32:01,053 - mylogger - INFO - 2014-01-06    sell    hit
2017-05-08 05:32:01,053 - mylogger - INFO - 2014-01-07    sell    miss
2017-05-08 05:32:01,053 - mylogger - INFO - 2014-01-08    sell    hit
2017-05-08 05:32:01,053 - mylogger - INFO - 2014-01-09    sell    hit
2017-05-08 05:32:01,053 - mylogger - INFO - 2014-01-10    sell    miss
2017-05-08 05:32:01,054 - mylogger - INFO - 2014-01-13    buy     hit
2017-05-08 05:32:01,054 - mylogger - INFO - 2014-01-14    sell    miss
2017-05-08 05:32:01,054 - mylogger - INFO - 2014-01-15    sell    hit
2017-05-08 05:32:01,054 - mylogger - INFO - 2014-01-16    sell    hit
2017-05-08 05:32:01,054 - mylogger - INFO - 2014-01-17    sell    miss
2017-05-08 05:32:01,054 - mylogger - INFO - 2014-01-21    sell    miss
2017-05-08 05:32:01,055 - mylogger - INFO - 2014-01-22    sell    miss
2017-05-08 05:32:01,055 - mylogger - INFO - 2014-01-23    sell    hit
2017-05-08 05:32:01,055 - mylogger - INFO - 2014-01-24    sell    miss
2017-05-08 05:32:01,055 - mylogger - INFO - 2014-01-27    sell    hit
2017-05-08 05:32:01,055 - mylogger - INFO - 2014-01-28    sell    hit
2017-05-08 05:32:01,055 - mylogger - INFO - 2014-01-29    sell    hit
2017-05-08 05:32:01,055 - mylogger - INFO - 2014-01-30    hold    hit
2017-05-08 05:32:01,056 - mylogger - INFO - 2014-01-31    hold    hit
2017-05-08 05:32:01,056 - mylogger - INFO - 2014-02-03    sell    miss
2017-05-08 05:32:01,056 - mylogger - INFO - 2014-02-04    sell    miss
2017-05-08 05:32:01,056 - mylogger - INFO - 2014-02-05    sell    miss
2017-05-08 05:32:01,057 - mylogger - INFO - 2014-02-06    hold    miss
2017-05-08 05:32:01,057 - mylogger - INFO - 2014-02-07    hold    miss
2017-05-08 05:32:01,057 - mylogger - INFO - 2014-02-10    hold    miss
2017-05-08 05:32:01,057 - mylogger - INFO - 2014-02-11    hold    miss
2017-05-08 05:32:01,058 - mylogger - INFO - 2014-02-12    hold    miss
2017-05-08 05:32:01,058 - mylogger - INFO - 2014-02-13    sell    hit
2017-05-08 05:32:01,058 - mylogger - INFO - 2014-02-14    sell    miss
2017-05-08 05:32:01,058 - mylogger - INFO - 2014-02-18    sell    hit
2017-05-08 05:32:01,058 - mylogger - INFO - 2014-02-19    sell    hit
2017-05-08 05:32:01,059 - mylogger - INFO - 2014-02-20    sell    hit
2017-05-08 05:32:01,059 - mylogger - INFO - 2014-02-21    hold    hit
2017-05-08 05:32:01,059 - mylogger - INFO - 2014-02-24    sell    hit
2017-05-08 05:32:01,060 - mylogger - INFO - 2014-02-25    sell    hit
2017-05-08 05:32:01,060 - mylogger - INFO - 2014-02-26    hold    miss
2017-05-08 05:32:01,060 - mylogger - INFO - 2014-02-27    hold    miss
2017-05-08 05:32:01,060 - mylogger - INFO - 2014-02-28    hold    hit
2017-05-08 05:32:01,061 - mylogger - INFO - 2014-03-03    sell    miss
2017-05-08 05:32:01,061 - mylogger - INFO - 2014-03-04    hold    hit
2017-05-08 05:32:01,061 - mylogger - INFO - 2014-03-05    sell    hit
2017-05-08 05:32:01,062 - mylogger - INFO - 2014-03-06    sell    hit
2017-05-08 05:32:01,062 - mylogger - INFO - 2014-03-07    sell    miss
2017-05-08 05:32:01,062 - mylogger - INFO - 2014-03-10    sell    miss
2017-05-08 05:32:01,062 - mylogger - INFO - 2014-03-11    sell    miss
2017-05-08 05:32:01,063 - mylogger - INFO - 2014-03-12    sell    hit
2017-05-08 05:32:01,063 - mylogger - INFO - 2014-03-13    sell    hit
2017-05-08 05:32:01,063 - mylogger - INFO - 2014-03-14    sell    miss
2017-05-08 05:32:01,063 - mylogger - INFO - 2014-03-17    sell    miss
2017-05-08 05:32:01,063 - mylogger - INFO - 2014-03-18    hold    miss
2017-05-08 05:32:01,064 - mylogger - INFO - 2014-03-19    sell    hit
2017-05-08 05:32:01,064 - mylogger - INFO - 2014-03-20    sell    miss
2017-05-08 05:32:01,064 - mylogger - INFO - 2014-03-21    sell    miss
2017-05-08 05:32:01,064 - mylogger - INFO - 2014-03-24    hold    miss
2017-05-08 05:32:01,064 - mylogger - INFO - 2014-03-25    sell    hit
2017-05-08 05:32:01,065 - mylogger - INFO - 2014-03-26    sell    hit
2017-05-08 05:32:01,065 - mylogger - INFO - 2014-03-27    sell    hit
2017-05-08 05:32:01,065 - mylogger - INFO - 2014-03-28    sell    hit
2017-05-08 05:32:01,065 - mylogger - INFO - 2014-03-31    sell    miss
2017-05-08 05:32:01,065 - mylogger - INFO - 2014-04-01    hold    hit
2017-05-08 05:32:01,066 - mylogger - INFO - 2014-04-02    sell    hit
2017-05-08 05:32:01,066 - mylogger - INFO - 2014-04-03    hold    miss
2017-05-08 05:32:01,066 - mylogger - INFO - 2014-04-04    sell    hit
2017-05-08 05:32:01,066 - mylogger - INFO - 2014-04-07    hold    miss
2017-05-08 05:32:01,066 - mylogger - INFO - 2014-04-08    sell    miss
2017-05-08 05:32:01,066 - mylogger - INFO - 2014-04-09    sell    hit
2017-05-08 05:32:01,066 - mylogger - INFO - 2014-04-10    sell    hit
2017-05-08 05:32:01,066 - mylogger - INFO - 2014-04-11    sell    miss
2017-05-08 05:32:01,067 - mylogger - INFO - 2014-04-14    sell    hit
2017-05-08 05:32:01,067 - mylogger - INFO - 2014-04-15    sell    miss
2017-05-08 05:32:01,067 - mylogger - INFO - 2014-04-16    sell    miss
2017-05-08 05:32:01,067 - mylogger - INFO - 2014-04-17    sell    miss
2017-05-08 05:32:01,067 - mylogger - INFO - 2014-04-21    hold    hit
2017-05-08 05:32:01,067 - mylogger - INFO - 2014-04-22    hold    miss
2017-05-08 05:32:01,067 - mylogger - INFO - 2014-04-23    sell    miss
2017-05-08 05:32:01,067 - mylogger - INFO - 2014-04-24    sell    miss
2017-05-08 05:32:01,068 - mylogger - INFO - 2014-04-25    sell    miss
2017-05-08 05:32:01,068 - mylogger - INFO - 2014-04-28    hold    miss
2017-05-08 05:32:01,068 - mylogger - INFO - 2014-04-29    sell    hit
2017-05-08 05:32:01,068 - mylogger - INFO - 2014-04-30    sell    miss
2017-05-08 05:32:01,068 - mylogger - INFO - 2014-05-01    sell    miss
2017-05-08 05:32:01,068 - mylogger - INFO - 2014-05-02    hold    miss
2017-05-08 05:32:01,068 - mylogger - INFO - 2014-05-05    sell    hit
2017-05-08 05:32:01,069 - mylogger - INFO - 2014-05-06    sell    hit
2017-05-08 05:32:01,069 - mylogger - INFO - 2014-05-07    sell    hit
2017-05-08 05:32:01,069 - mylogger - INFO - 2014-05-08    sell    hit
2017-05-08 05:32:01,069 - mylogger - INFO - 2014-05-09    sell    miss
2017-05-08 05:32:01,069 - mylogger - INFO - 2014-05-12    sell    miss
2017-05-08 05:32:01,069 - mylogger - INFO - 2014-05-13    sell    miss
2017-05-08 05:32:01,070 - mylogger - INFO - 2014-05-14    sell    hit
2017-05-08 05:32:01,070 - mylogger - INFO - 2014-05-15    sell    miss
2017-05-08 05:32:01,070 - mylogger - INFO - 2014-05-16    sell    miss
2017-05-08 05:32:01,070 - mylogger - INFO - 2014-05-19    sell    miss
2017-05-08 05:32:01,070 - mylogger - INFO - 2014-05-20    sell    miss
2017-05-08 05:32:01,071 - mylogger - INFO - 2014-05-21    sell    miss
2017-05-08 05:32:01,071 - mylogger - INFO - 2014-05-22    hold    miss
2017-05-08 05:32:01,071 - mylogger - INFO - 2014-05-23    sell    miss
2017-05-08 05:32:01,071 - mylogger - INFO - 2014-05-27    hold    miss
2017-05-08 05:32:01,071 - mylogger - INFO - 2014-05-28    hold    miss
2017-05-08 05:32:01,076 - mylogger - INFO - 2014-05-29    hold    miss
2017-05-08 05:32:01,076 - mylogger - INFO - 2014-05-30    hold    miss
2017-05-08 05:32:01,076 - mylogger - INFO - 2014-06-02    hold    miss
2017-05-08 05:32:01,076 - mylogger - INFO - 2014-06-03    hold    miss
2017-05-08 05:32:01,076 - mylogger - INFO - 2014-06-04    sell    miss
2017-05-08 05:32:01,076 - mylogger - INFO - 2014-06-05    hold    miss
2017-05-08 05:32:01,077 - mylogger - INFO - 2014-06-06    sell    miss
2017-05-08 05:32:01,077 - mylogger - INFO - 2014-06-09    sell    miss
2017-05-08 05:32:01,077 - mylogger - INFO - 2014-06-10    sell    hit
2017-05-08 05:32:01,077 - mylogger - INFO - 2014-06-11    sell    hit
2017-05-08 05:32:01,077 - mylogger - INFO - 2014-06-12    sell    hit
2017-05-08 05:32:01,077 - mylogger - INFO - 2014-06-13    hold    miss
2017-05-08 05:32:01,078 - mylogger - INFO - 2014-06-16    sell    hit
2017-05-08 05:32:01,078 - mylogger - INFO - 2014-06-17    hold    hit
2017-05-08 05:32:01,078 - mylogger - INFO - 2014-06-18    sell    hit
2017-05-08 05:32:01,078 - mylogger - INFO - 2014-06-19    hold    miss
2017-05-08 05:32:01,078 - mylogger - INFO - 2014-06-20    hold    miss
2017-05-08 05:32:01,078 - mylogger - INFO - 2014-06-23    hold    miss
2017-05-08 05:32:01,079 - mylogger - INFO - 2014-06-24    sell    miss
2017-05-08 05:32:01,079 - mylogger - INFO - 2014-06-25    hold    hit
2017-05-08 05:32:01,079 - mylogger - INFO - 2014-06-26    hold    miss
2017-05-08 05:32:01,079 - mylogger - INFO - 2014-06-27    sell    miss
2017-05-08 05:32:01,079 - mylogger - INFO - 2014-06-30    hold    hit
2017-05-08 05:32:01,079 - mylogger - INFO - 2014-07-01    hold    miss
2017-05-08 05:32:01,079 - mylogger - INFO - 2014-07-02    hold    hit
2017-05-08 05:32:01,080 - mylogger - INFO - 2014-07-03    hold    miss
2017-05-08 05:32:01,080 - mylogger - INFO - 2014-07-07    sell    hit
2017-05-08 05:32:01,080 - mylogger - INFO - 2014-07-08    sell    miss
2017-05-08 05:32:01,080 - mylogger - INFO - 2014-07-09    sell    hit
2017-05-08 05:32:01,080 - mylogger - INFO - 2014-07-10    sell    miss
2017-05-08 05:32:01,080 - mylogger - INFO - 2014-07-11    hold    miss
2017-05-08 05:32:01,081 - mylogger - INFO - 2014-07-14    sell    hit
2017-05-08 05:32:01,081 - mylogger - INFO - 2014-07-15    sell    hit
2017-05-08 05:32:01,081 - mylogger - INFO - 2014-07-16    hold    miss
2017-05-08 05:32:01,081 - mylogger - INFO - 2014-07-17    sell    miss
2017-05-08 05:32:01,081 - mylogger - INFO - 2014-07-18    sell    hit
2017-05-08 05:32:01,081 - mylogger - INFO - 2014-07-21    sell    miss
2017-05-08 05:32:01,082 - mylogger - INFO - 2014-07-22    sell    miss
2017-05-08 05:32:01,082 - mylogger - INFO - 2014-07-23    sell    hit
2017-05-08 05:32:01,082 - mylogger - INFO - 2014-07-24    sell    miss
2017-05-08 05:32:01,082 - mylogger - INFO - 2014-07-25    sell    miss
2017-05-08 05:32:01,082 - mylogger - INFO - 2014-07-28    sell    hit
2017-05-08 05:32:01,082 - mylogger - INFO - 2014-07-29    sell    hit
2017-05-08 05:32:01,082 - mylogger - INFO - 2014-07-30    sell    hit
2017-05-08 05:32:01,083 - mylogger - INFO - 2014-07-31    sell    miss
2017-05-08 05:32:01,083 - mylogger - INFO - 2014-08-01    sell    hit
2017-05-08 05:32:01,083 - mylogger - INFO - 2014-08-04    sell    hit
2017-05-08 05:32:01,083 - mylogger - INFO - 2014-08-05    hold    miss
2017-05-08 05:32:01,083 - mylogger - INFO - 2014-08-06    hold    miss
2017-05-08 05:32:01,083 - mylogger - INFO - 2014-08-07    sell    miss
2017-05-08 05:32:01,084 - mylogger - INFO - 2014-08-08    sell    miss
2017-05-08 05:32:01,084 - mylogger - INFO - 2014-08-11    hold    miss
2017-05-08 05:32:01,084 - mylogger - INFO - 2014-08-12    sell    miss
2017-05-08 05:32:01,084 - mylogger - INFO - 2014-08-13    hold    hit
2017-05-08 05:32:01,084 - mylogger - INFO - 2014-08-14    hold    hit
2017-05-08 05:32:01,084 - mylogger - INFO - 2014-08-15    hold    miss
2017-05-08 05:32:01,085 - mylogger - INFO - 2014-08-18    hold    miss
2017-05-08 05:32:01,085 - mylogger - INFO - 2014-08-19    hold    hit
2017-05-08 05:32:01,085 - mylogger - INFO - 2014-08-20    hold    hit
2017-05-08 05:32:01,085 - mylogger - INFO - 2014-08-21    hold    hit
2017-05-08 05:32:01,085 - mylogger - INFO - 2014-08-22    hold    hit
2017-05-08 05:32:01,085 - mylogger - INFO - 2014-08-25    hold    miss
2017-05-08 05:32:01,086 - mylogger - INFO - 2014-08-26    sell    miss
2017-05-08 05:32:01,086 - mylogger - INFO - 2014-08-27    sell    miss
2017-05-08 05:32:01,086 - mylogger - INFO - 2014-08-28    sell    miss
2017-05-08 05:32:01,086 - mylogger - INFO - 2014-08-29    sell    miss
2017-05-08 05:32:01,086 - mylogger - INFO - 2014-09-02    sell    hit
2017-05-08 05:32:01,086 - mylogger - INFO - 2014-09-03    sell    hit
2017-05-08 05:32:01,087 - mylogger - INFO - 2014-09-04    hold    hit
2017-05-08 05:32:01,087 - mylogger - INFO - 2014-09-05    sell    hit
2017-05-08 05:32:01,087 - mylogger - INFO - 2014-09-08    hold    miss
2017-05-08 05:32:01,087 - mylogger - INFO - 2014-09-09    hold    miss
2017-05-08 05:32:01,087 - mylogger - INFO - 2014-09-10    hold    hit
2017-05-08 05:32:01,087 - mylogger - INFO - 2014-09-11    sell    miss
2017-05-08 05:32:01,088 - mylogger - INFO - 2014-09-12    sell    hit
2017-05-08 05:32:01,088 - mylogger - INFO - 2014-09-15    sell    hit
2017-05-08 05:32:01,088 - mylogger - INFO - 2014-09-16    sell    miss
2017-05-08 05:32:01,088 - mylogger - INFO - 2014-09-17    sell    miss
2017-05-08 05:32:01,088 - mylogger - INFO - 2014-09-18    sell    hit
2017-05-08 05:32:01,088 - mylogger - INFO - 2014-09-19    sell    miss
2017-05-08 05:32:01,088 - mylogger - INFO - 2014-09-22    sell    miss
2017-05-08 05:32:01,089 - mylogger - INFO - 2014-09-23    sell    hit
2017-05-08 05:32:01,089 - mylogger - INFO - 2014-09-24    sell    hit
2017-05-08 05:32:01,089 - mylogger - INFO - 2014-09-25    sell    miss
2017-05-08 05:32:01,089 - mylogger - INFO - 2014-09-26    sell    hit
2017-05-08 05:32:01,089 - mylogger - INFO - 2014-09-29    sell    miss
2017-05-08 05:32:01,089 - mylogger - INFO - 2014-09-30    sell    hit
2017-05-08 05:32:01,090 - mylogger - INFO - 2014-10-01    sell    miss
2017-05-08 05:32:01,090 - mylogger - INFO - 2014-10-02    sell    hit
2017-05-08 05:32:01,090 - mylogger - INFO - 2014-10-03    sell    miss
2017-05-08 05:32:01,090 - mylogger - INFO - 2014-10-06    sell    hit
2017-05-08 05:32:01,090 - mylogger - INFO - 2014-10-07    sell    miss
2017-05-08 05:32:01,090 - mylogger - INFO - 2014-10-08    sell    miss
2017-05-08 05:32:01,090 - mylogger - INFO - 2014-10-09    hold    miss
2017-05-08 05:32:01,091 - mylogger - INFO - 2014-10-10    hold    miss
2017-05-08 05:32:01,091 - mylogger - INFO - 2014-10-13    sell    hit
2017-05-08 05:32:01,091 - mylogger - INFO - 2014-10-14    hold    miss
2017-05-08 05:32:01,091 - mylogger - INFO - 2014-10-15    sell    hit
2017-05-08 05:32:01,091 - mylogger - INFO - 2014-10-16    sell    miss
2017-05-08 05:32:01,091 - mylogger - INFO - 2014-10-17    hold    miss
2017-05-08 05:32:01,092 - mylogger - INFO - 2014-10-20    hold    miss
2017-05-08 05:32:01,092 - mylogger - INFO - 2014-10-21    hold    hit
2017-05-08 05:32:01,092 - mylogger - INFO - 2014-10-22    sell    miss
2017-05-08 05:32:01,092 - mylogger - INFO - 2014-10-23    hold    hit
2017-05-08 05:32:01,092 - mylogger - INFO - 2014-10-24    hold    miss
2017-05-08 05:32:01,092 - mylogger - INFO - 2014-10-27    hold    miss
2017-05-08 05:32:01,093 - mylogger - INFO - 2014-10-28    hold    hit
2017-05-08 05:32:01,093 - mylogger - INFO - 2014-10-29    sell    hit
2017-05-08 05:32:01,094 - mylogger - INFO - 2014-10-30    hold    hit
2017-05-08 05:32:01,096 - mylogger - INFO - 2014-10-31    sell    miss
2017-05-08 05:32:01,097 - mylogger - INFO - 2014-11-03    sell    hit
2017-05-08 05:32:01,097 - mylogger - INFO - 2014-11-04    sell    miss
2017-05-08 05:32:01,098 - mylogger - INFO - 2014-11-05    sell    miss
2017-05-08 05:32:01,098 - mylogger - INFO - 2014-11-06    hold    hit
2017-05-08 05:32:01,099 - mylogger - INFO - 2014-11-07    hold    miss
2017-05-08 05:32:01,100 - mylogger - INFO - 2014-11-10    sell    miss
2017-05-08 05:32:01,100 - mylogger - INFO - 2014-11-11    sell    miss
2017-05-08 05:32:01,100 - mylogger - INFO - 2014-11-12    sell    miss
2017-05-08 05:32:01,101 - mylogger - INFO - 2014-11-13    sell    miss
2017-05-08 05:32:01,102 - mylogger - INFO - 2014-11-14    hold    miss
2017-05-08 05:32:01,102 - mylogger - INFO - 2014-11-17    sell    miss
2017-05-08 05:32:01,102 - mylogger - INFO - 2014-11-18    sell    hit
2017-05-08 05:32:01,103 - mylogger - INFO - 2014-11-19    sell    miss
2017-05-08 05:32:01,103 - mylogger - INFO - 2014-11-20    hold    hit
2017-05-08 05:32:01,103 - mylogger - INFO - 2014-11-21    hold    miss
2017-05-08 05:32:01,103 - mylogger - INFO - 2014-11-24    hold    miss
2017-05-08 05:32:01,103 - mylogger - INFO - 2014-11-25    hold    miss
2017-05-08 05:32:01,104 - mylogger - INFO - 2014-11-26    sell    hit
2017-05-08 05:32:01,104 - mylogger - INFO - 2014-11-28    hold    miss
2017-05-08 05:32:01,104 - mylogger - INFO - 2014-12-01    sell    hit
2017-05-08 05:32:01,105 - mylogger - INFO - 2014-12-02    sell    miss
2017-05-08 05:32:01,105 - mylogger - INFO - 2014-12-03    sell    hit
2017-05-08 05:32:01,105 - mylogger - INFO - 2014-12-04    sell    hit
2017-05-08 05:32:01,106 - mylogger - INFO - 2014-12-05    sell    hit
2017-05-08 05:32:01,106 - mylogger - INFO - 2014-12-08    hold    miss
2017-05-08 05:32:01,106 - mylogger - INFO - 2014-12-09    sell    hit
2017-05-08 05:32:01,107 - mylogger - INFO - 2014-12-10    hold    miss
2017-05-08 05:32:01,107 - mylogger - INFO - 2014-12-11    sell    hit
2017-05-08 05:32:01,107 - mylogger - INFO - 2014-12-12    sell    hit
2017-05-08 05:32:01,108 - mylogger - INFO - 2014-12-15    sell    hit
2017-05-08 05:32:01,108 - mylogger - INFO - 2014-12-16    sell    miss
2017-05-08 05:32:01,109 - mylogger - INFO - 2014-12-17    sell    miss
2017-05-08 05:32:01,109 - mylogger - INFO - 2014-12-18    hold    miss
2017-05-08 05:32:01,110 - mylogger - INFO - 2014-12-19    hold    miss
2017-05-08 05:32:01,110 - mylogger - INFO - 2014-12-22    hold    miss
2017-05-08 05:32:01,110 - mylogger - INFO - 2014-12-23    hold    miss
2017-05-08 05:32:01,110 - mylogger - INFO - 2014-12-24    hold    miss
2017-05-08 05:32:01,111 - mylogger - INFO - 2014-12-26    hold    miss
2017-05-08 05:32:01,111 - mylogger - INFO - 2014-12-29    hold    miss
2017-05-08 05:32:01,111 - mylogger - INFO - 2014-12-30    hold    miss
2017-05-08 05:32:01,111 - mylogger - INFO - 2014-12-31    hold    miss
2017-05-08 05:32:01,112 - mylogger - INFO - 2015-01-02    sell    hit
2017-05-08 05:32:01,112 - mylogger - INFO - 2015-01-05    sell    miss
2017-05-08 05:32:01,112 - mylogger - INFO - 2015-01-06    hold    miss
2017-05-08 05:32:01,112 - mylogger - INFO - 2015-01-07    hold    miss
2017-05-08 05:32:01,113 - mylogger - INFO - 2015-01-08    hold    hit
2017-05-08 05:32:01,113 - mylogger - INFO - 2015-01-09    sell    hit
2017-05-08 05:32:01,113 - mylogger - INFO - 2015-01-12    hold    hit
2017-05-08 05:32:01,113 - mylogger - INFO - 2015-01-13    hold    miss
2017-05-08 05:32:01,114 - mylogger - INFO - 2015-01-14    sell    hit
2017-05-08 05:32:01,114 - mylogger - INFO - 2015-01-15    hold    miss
2017-05-08 05:32:01,114 - mylogger - INFO - 2015-01-16    hold    miss
2017-05-08 05:32:01,115 - mylogger - INFO - 2015-01-20    sell    miss
2017-05-08 05:32:01,116 - mylogger - INFO - 2015-01-21    hold    miss
2017-05-08 05:32:01,117 - mylogger - INFO - 2015-01-22    hold    hit
2017-05-08 05:32:01,117 - mylogger - INFO - 2015-01-23    hold    hit
2017-05-08 05:32:01,117 - mylogger - INFO - 2015-01-26    hold    miss
2017-05-08 05:32:01,117 - mylogger - INFO - 2015-01-27    hold    miss
2017-05-08 05:32:01,117 - mylogger - INFO - 2015-01-28    hold    miss
2017-05-08 05:32:01,117 - mylogger - INFO - 2015-01-29    hold    miss
2017-05-08 05:32:01,117 - mylogger - INFO - 2015-01-30    hold    miss
2017-05-08 05:32:01,118 - mylogger - INFO - 2015-02-02    hold    hit
2017-05-08 05:32:01,118 - mylogger - INFO - 2015-02-03    hold    hit
2017-05-08 05:32:01,118 - mylogger - INFO - 2015-02-04    hold    hit
2017-05-08 05:32:01,118 - mylogger - INFO - 2015-02-05    hold    miss
2017-05-08 05:32:01,118 - mylogger - INFO - 2015-02-06    hold    hit
2017-05-08 05:32:01,118 - mylogger - INFO - 2015-02-09    sell    miss
2017-05-08 05:32:01,118 - mylogger - INFO - 2015-02-10    hold    miss
2017-05-08 05:32:01,118 - mylogger - INFO - 2015-02-11    hold    miss
2017-05-08 05:32:01,119 - mylogger - INFO - 2015-02-12    hold    hit
2017-05-08 05:32:01,119 - mylogger - INFO - 2015-02-13    hold    hit
2017-05-08 05:32:01,119 - mylogger - INFO - 2015-02-17    hold    hit
2017-05-08 05:32:01,119 - mylogger - INFO - 2015-02-18    hold    miss
2017-05-08 05:32:01,119 - mylogger - INFO - 2015-02-19    hold    hit
2017-05-08 05:32:01,119 - mylogger - INFO - 2015-02-20    hold    miss
2017-05-08 05:32:01,119 - mylogger - INFO - 2015-02-23    hold    miss
2017-05-08 05:32:01,119 - mylogger - INFO - 2015-02-24    hold    miss
2017-05-08 05:32:01,120 - mylogger - INFO - 2015-02-25    hold    miss
2017-05-08 05:32:01,120 - mylogger - INFO - 2015-02-26    hold    miss
2017-05-08 05:32:01,120 - mylogger - INFO - 2015-02-27    hold    hit
2017-05-08 05:32:01,120 - mylogger - INFO - 2015-03-02    hold    hit
2017-05-08 05:32:01,120 - mylogger - INFO - 2015-03-03    hold    miss
2017-05-08 05:32:01,120 - mylogger - INFO - 2015-03-04    hold    miss
2017-05-08 05:32:01,120 - mylogger - INFO - 2015-03-05    sell    miss
2017-05-08 05:32:01,120 - mylogger - INFO - 2015-03-06    sell    miss
2017-05-08 05:32:01,121 - mylogger - INFO - 2015-03-09    hold    miss
2017-05-08 05:32:01,121 - mylogger - INFO - 2015-03-10    sell    hit
2017-05-08 05:32:01,121 - mylogger - INFO - 2015-03-11    sell    miss
2017-05-08 05:32:01,121 - mylogger - INFO - 2015-03-12    sell    hit
2017-05-08 05:32:01,121 - mylogger - INFO - 2015-03-13    sell    miss
2017-05-08 05:32:01,121 - mylogger - INFO - 2015-03-16    sell    miss
2017-05-08 05:32:01,121 - mylogger - INFO - 2015-03-17    sell    miss
2017-05-08 05:32:01,121 - mylogger - INFO - 2015-03-18    sell    hit
2017-05-08 05:32:01,122 - mylogger - INFO - 2015-03-19    sell    hit
2017-05-08 05:32:01,122 - mylogger - INFO - 2015-03-20    hold    miss
2017-05-08 05:32:01,122 - mylogger - INFO - 2015-03-23    hold    miss
2017-05-08 05:32:01,122 - mylogger - INFO - 2015-03-24    hold    miss
2017-05-08 05:32:01,122 - mylogger - INFO - 2015-03-25    hold    hit
2017-05-08 05:32:01,122 - mylogger - INFO - 2015-03-26    hold    miss
2017-05-08 05:32:01,122 - mylogger - INFO - 2015-03-27    hold    miss
2017-05-08 05:32:01,122 - mylogger - INFO - 2015-03-30    hold    miss
2017-05-08 05:32:01,123 - mylogger - INFO - 2015-03-31    sell    hit
2017-05-08 05:32:01,123 - mylogger - INFO - 2015-04-01    sell    miss
2017-05-08 05:32:01,123 - mylogger - INFO - 2015-04-02    sell    miss
2017-05-08 05:32:01,123 - mylogger - INFO - 2015-04-06    sell    hit
2017-05-08 05:32:01,123 - mylogger - INFO - 2015-04-07    hold    miss
2017-05-08 05:32:01,123 - mylogger - INFO - 2015-04-08    sell    miss
2017-05-08 05:32:01,123 - mylogger - INFO - 2015-04-09    sell    miss
2017-05-08 05:32:01,127 - mylogger - INFO - 2015-04-10    hold    miss
2017-05-08 05:32:01,128 - mylogger - INFO - 2015-04-13    hold    miss
2017-05-08 05:32:01,128 - mylogger - INFO - 2015-04-14    sell    miss
2017-05-08 05:32:01,128 - mylogger - INFO - 2015-04-15    hold    miss
2017-05-08 05:32:01,128 - mylogger - INFO - 2015-04-16    hold    miss
2017-05-08 05:32:01,128 - mylogger - INFO - 2015-04-17    hold    miss
2017-05-08 05:32:01,128 - mylogger - INFO - 2015-04-20    hold    miss
2017-05-08 05:32:01,129 - mylogger - INFO - 2015-04-21    hold    miss
2017-05-08 05:32:01,129 - mylogger - INFO - 2015-04-22    sell    miss
2017-05-08 05:32:01,129 - mylogger - INFO - 2015-04-23    hold    hit
2017-05-08 05:32:01,129 - mylogger - INFO - 2015-04-24    hold    miss
2017-05-08 05:32:01,129 - mylogger - INFO - 2015-04-27    hold    miss
2017-05-08 05:32:01,130 - mylogger - INFO - 2015-04-28    hold    miss
2017-05-08 05:32:01,130 - mylogger - INFO - 2015-04-29    hold    miss
2017-05-08 05:32:01,130 - mylogger - INFO - 2015-04-30    hold    miss
2017-05-08 05:32:01,130 - mylogger - INFO - 2015-05-01    sell    hit
2017-05-08 05:32:01,130 - mylogger - INFO - 2015-05-04    hold    miss
2017-05-08 05:32:01,130 - mylogger - INFO - 2015-05-05    sell    hit
2017-05-08 05:32:01,130 - mylogger - INFO - 2015-05-06    sell    miss
2017-05-08 05:32:01,131 - mylogger - INFO - 2015-05-07    hold    miss
2017-05-08 05:32:01,131 - mylogger - INFO - 2015-05-08    sell    hit
2017-05-08 05:32:01,131 - mylogger - INFO - 2015-05-11    sell    hit
2017-05-08 05:32:01,131 - mylogger - INFO - 2015-05-12    sell    miss
2017-05-08 05:32:01,131 - mylogger - INFO - 2015-05-13    hold    miss
2017-05-08 05:32:01,131 - mylogger - INFO - 2015-05-14    sell    hit
2017-05-08 05:32:01,132 - mylogger - INFO - 2015-05-15    sell    miss
2017-05-08 05:32:01,132 - mylogger - INFO - 2015-05-18    sell    hit
2017-05-08 05:32:01,132 - mylogger - INFO - 2015-05-19    sell    hit
2017-05-08 05:32:01,132 - mylogger - INFO - 2015-05-20    sell    miss
2017-05-08 05:32:01,132 - mylogger - INFO - 2015-05-21    hold    hit
2017-05-08 05:32:01,132 - mylogger - INFO - 2015-05-22    sell    hit
2017-05-08 05:32:01,133 - mylogger - INFO - 2015-05-26    sell    miss
2017-05-08 05:32:01,133 - mylogger - INFO - 2015-05-27    hold    miss
2017-05-08 05:32:01,133 - mylogger - INFO - 2015-05-28    hold    miss
2017-05-08 05:32:01,133 - mylogger - INFO - 2015-05-29    hold    hit
2017-05-08 05:32:01,133 - mylogger - INFO - 2015-06-01    sell    hit
2017-05-08 05:32:01,133 - mylogger - INFO - 2015-06-02    sell    miss
2017-05-08 05:32:01,133 - mylogger - INFO - 2015-06-03    sell    hit
2017-05-08 05:32:01,134 - mylogger - INFO - 2015-06-04    sell    hit
2017-05-08 05:32:01,134 - mylogger - INFO - 2015-06-05    sell    hit
2017-05-08 05:32:01,134 - mylogger - INFO - 2015-06-08    hold    miss
2017-05-08 05:32:01,134 - mylogger - INFO - 2015-06-09    sell    miss
2017-05-08 05:32:01,134 - mylogger - INFO - 2015-06-10    sell    hit
2017-05-08 05:32:01,134 - mylogger - INFO - 2015-06-11    hold    miss
2017-05-08 05:32:01,135 - mylogger - INFO - 2015-06-12    hold    miss
2017-05-08 05:32:01,135 - mylogger - INFO - 2015-06-15    hold    hit
2017-05-08 05:32:01,135 - mylogger - INFO - 2015-06-16    hold    miss
2017-05-08 05:32:01,135 - mylogger - INFO - 2015-06-17    sell    miss
2017-05-08 05:32:01,135 - mylogger - INFO - 2015-06-18    hold    miss
2017-05-08 05:32:01,135 - mylogger - INFO - 2015-06-19    hold    hit
2017-05-08 05:32:01,136 - mylogger - INFO - 2015-06-22    sell    hit
2017-05-08 05:32:01,136 - mylogger - INFO - 2015-06-23    hold    hit
2017-05-08 05:32:01,136 - mylogger - INFO - 2015-06-24    hold    miss
2017-05-08 05:32:01,136 - mylogger - INFO - 2015-06-25    sell    hit
2017-05-08 05:32:01,136 - mylogger - INFO - 2015-06-26    sell    hit
2017-05-08 05:32:01,136 - mylogger - INFO - 2015-06-29    hold    hit
2017-05-08 05:32:01,136 - mylogger - INFO - 2015-06-30    hold    hit
2017-05-08 05:32:01,137 - mylogger - INFO - 2015-07-01    hold    miss
2017-05-08 05:32:01,137 - mylogger - INFO - 2015-07-02    hold    miss
2017-05-08 05:32:01,137 - mylogger - INFO - 2015-07-06    hold    miss
2017-05-08 05:32:01,137 - mylogger - INFO - 2015-07-07    sell    hit
2017-05-08 05:32:01,137 - mylogger - INFO - 2015-07-08    sell    hit
2017-05-08 05:32:01,137 - mylogger - INFO - 2015-07-09    sell    miss
2017-05-08 05:32:01,138 - mylogger - INFO - 2015-07-10    hold    miss
2017-05-08 05:32:01,138 - mylogger - INFO - 2015-07-13    hold    miss
2017-05-08 05:32:01,138 - mylogger - INFO - 2015-07-14    hold    hit
2017-05-08 05:32:01,138 - mylogger - INFO - 2015-07-15    hold    miss
2017-05-08 05:32:01,138 - mylogger - INFO - 2015-07-16    sell    miss
2017-05-08 05:32:01,138 - mylogger - INFO - 2015-07-17    hold    miss
2017-05-08 05:32:01,139 - mylogger - INFO - 2015-07-20    hold    miss
2017-05-08 05:32:01,139 - mylogger - INFO - 2015-07-21    hold    miss
2017-05-08 05:32:01,139 - mylogger - INFO - 2015-07-22    sell    hit
2017-05-08 05:32:01,139 - mylogger - INFO - 2015-07-23    hold    miss
2017-05-08 05:32:01,139 - mylogger - INFO - 2015-07-24    sell    hit
2017-05-08 05:32:01,139 - mylogger - INFO - 2015-07-27    sell    miss
2017-05-08 05:32:01,139 - mylogger - INFO - 2015-07-28    hold    miss
2017-05-08 05:32:01,140 - mylogger - INFO - 2015-07-29    sell    hit
2017-05-08 05:32:01,140 - mylogger - INFO - 2015-07-30    hold    miss
2017-05-08 05:32:01,140 - mylogger - INFO - 2015-07-31    hold    miss
2017-05-08 05:32:01,140 - mylogger - INFO - 2015-08-03    sell    hit
2017-05-08 05:32:01,140 - mylogger - INFO - 2015-08-04    sell    miss
2017-05-08 05:32:01,140 - mylogger - INFO - 2015-08-05    hold    hit
2017-05-08 05:32:01,141 - mylogger - INFO - 2015-08-06    hold    hit
2017-05-08 05:32:01,141 - mylogger - INFO - 2015-08-07    sell    miss
2017-05-08 05:32:01,141 - mylogger - INFO - 2015-08-10    hold    miss
2017-05-08 05:32:01,141 - mylogger - INFO - 2015-08-11    sell    miss
2017-05-08 05:32:01,141 - mylogger - INFO - 2015-08-12    sell    hit
2017-05-08 05:32:01,141 - mylogger - INFO - 2015-08-13    sell    miss
2017-05-08 05:32:01,142 - mylogger - INFO - 2015-08-14    sell    miss
2017-05-08 05:32:01,142 - mylogger - INFO - 2015-08-17    sell    hit
2017-05-08 05:32:01,142 - mylogger - INFO - 2015-08-18    hold    miss
2017-05-08 05:32:01,142 - mylogger - INFO - 2015-08-19    hold    miss
2017-05-08 05:32:01,142 - mylogger - INFO - 2015-08-20    hold    miss
2017-05-08 05:32:01,143 - mylogger - INFO - 2015-08-21    sell    hit
2017-05-08 05:32:01,144 - mylogger - INFO - 2015-08-24    sell    miss
2017-05-08 05:32:01,144 - mylogger - INFO - 2015-08-25    sell    miss
2017-05-08 05:32:01,144 - mylogger - INFO - 2015-08-26    sell    miss
2017-05-08 05:32:01,144 - mylogger - INFO - 2015-08-27    hold    hit
2017-05-08 05:32:01,144 - mylogger - INFO - 2015-08-28    sell    hit
2017-05-08 05:32:01,144 - mylogger - INFO - 2015-08-31    sell    hit
2017-05-08 05:32:01,145 - mylogger - INFO - 2015-09-01    hold    miss
2017-05-08 05:32:01,145 - mylogger - INFO - 2015-09-02    sell    hit
2017-05-08 05:32:01,145 - mylogger - INFO - 2015-09-03    sell    hit
2017-05-08 05:32:01,145 - mylogger - INFO - 2015-09-04    sell    miss
2017-05-08 05:32:01,145 - mylogger - INFO - 2015-09-08    sell    hit
2017-05-08 05:32:01,145 - mylogger - INFO - 2015-09-09    sell    miss
2017-05-08 05:32:01,146 - mylogger - INFO - 2015-09-10    sell    miss
2017-05-08 05:32:01,146 - mylogger - INFO - 2015-09-11    hold    hit
2017-05-08 05:32:01,146 - mylogger - INFO - 2015-09-14    sell    miss
2017-05-08 05:32:01,146 - mylogger - INFO - 2015-09-15    sell    miss
2017-05-08 05:32:01,146 - mylogger - INFO - 2015-09-16    sell    hit
2017-05-08 05:32:01,147 - mylogger - INFO - 2015-09-17    sell    hit
2017-05-08 05:32:01,147 - mylogger - INFO - 2015-09-18    sell    miss
2017-05-08 05:32:01,147 - mylogger - INFO - 2015-09-21    hold    miss
2017-05-08 05:32:01,147 - mylogger - INFO - 2015-09-22    sell    miss
2017-05-08 05:32:01,147 - mylogger - INFO - 2015-09-23    sell    miss
2017-05-08 05:32:01,147 - mylogger - INFO - 2015-09-24    sell    hit
2017-05-08 05:32:01,148 - mylogger - INFO - 2015-09-25    hold    miss
2017-05-08 05:32:01,148 - mylogger - INFO - 2015-09-28    sell    hit
2017-05-08 05:32:01,148 - mylogger - INFO - 2015-09-29    sell    miss
2017-05-08 05:32:01,149 - mylogger - INFO - 2015-09-30    sell    hit
2017-05-08 05:32:01,149 - mylogger - INFO - 2015-10-01    sell    miss
2017-05-08 05:32:01,149 - mylogger - INFO - 2015-10-02    hold    hit
2017-05-08 05:32:01,150 - mylogger - INFO - 2015-10-05    hold    hit
2017-05-08 05:32:01,150 - mylogger - INFO - 2015-10-06    hold    miss
2017-05-08 05:32:01,151 - mylogger - INFO - 2015-10-07    hold    miss
2017-05-08 05:32:01,151 - mylogger - INFO - 2015-10-08    hold    miss
2017-05-08 05:32:01,152 - mylogger - INFO - 2015-10-09    hold    miss
2017-05-08 05:32:01,152 - mylogger - INFO - 2015-10-12    sell    miss
2017-05-08 05:32:01,152 - mylogger - INFO - 2015-10-13    sell    hit
2017-05-08 05:32:01,153 - mylogger - INFO - 2015-10-14    sell    miss
2017-05-08 05:32:01,153 - mylogger - INFO - 2015-10-15    sell    hit
2017-05-08 05:32:01,153 - mylogger - INFO - 2015-10-16    sell    miss
2017-05-08 05:32:01,154 - mylogger - INFO - 2015-10-19    sell    miss
2017-05-08 05:32:01,154 - mylogger - INFO - 2015-10-20    sell    hit
2017-05-08 05:32:01,155 - mylogger - INFO - 2015-10-21    sell    miss
2017-05-08 05:32:01,155 - mylogger - INFO - 2015-10-22    sell    miss
2017-05-08 05:32:01,155 - mylogger - INFO - 2015-10-23    sell    hit
2017-05-08 05:32:01,156 - mylogger - INFO - 2015-10-26    sell    hit
2017-05-08 05:32:01,156 - mylogger - INFO - 2015-10-27    sell    miss
2017-05-08 05:32:01,157 - mylogger - INFO - 2015-10-28    sell    miss
2017-05-08 05:32:01,157 - mylogger - INFO - 2015-10-29    sell    hit
2017-05-08 05:32:01,157 - mylogger - INFO - 2015-10-30    sell    miss
2017-05-08 05:32:01,158 - mylogger - INFO - 2015-11-02    hold    miss
2017-05-08 05:32:01,158 - mylogger - INFO - 2015-11-03    hold    miss
2017-05-08 05:32:01,158 - mylogger - INFO - 2015-11-04    sell    hit
2017-05-08 05:32:01,158 - mylogger - INFO - 2015-11-05    sell    miss
2017-05-08 05:32:01,159 - mylogger - INFO - 2015-11-06    sell    hit
2017-05-08 05:32:01,159 - mylogger - INFO - 2015-11-09    sell    hit
2017-05-08 05:32:01,160 - mylogger - INFO - 2015-11-10    sell    hit
2017-05-08 05:32:01,160 - mylogger - INFO - 2015-11-11    sell    hit
2017-05-08 05:32:01,160 - mylogger - INFO - 2015-11-12    sell    hit
2017-05-08 05:32:01,160 - mylogger - INFO - 2015-11-13    sell    miss
2017-05-08 05:32:01,161 - mylogger - INFO - 2015-11-16    sell    hit
2017-05-08 05:32:01,161 - mylogger - INFO - 2015-11-17    sell    miss
2017-05-08 05:32:01,161 - mylogger - INFO - 2015-11-18    sell    miss
2017-05-08 05:32:01,161 - mylogger - INFO - 2015-11-19    sell    miss
2017-05-08 05:32:01,162 - mylogger - INFO - 2015-11-20    sell    hit
2017-05-08 05:32:01,162 - mylogger - INFO - 2015-11-23    sell    miss
2017-05-08 05:32:01,162 - mylogger - INFO - 2015-11-24    sell    hit
2017-05-08 05:32:01,162 - mylogger - INFO - 2015-11-25    hold    miss
2017-05-08 05:32:01,163 - mylogger - INFO - 2015-11-27    sell    miss
2017-05-08 05:32:01,163 - mylogger - INFO - 2015-11-30    sell    hit
2017-05-08 05:32:01,163 - mylogger - INFO - 2015-12-01    sell    hit
2017-05-08 05:32:01,164 - mylogger - INFO - 2015-12-02    sell    hit
2017-05-08 05:32:01,164 - mylogger - INFO - 2015-12-03    sell    miss
2017-05-08 05:32:01,164 - mylogger - INFO - 2015-12-04    hold    miss
2017-05-08 05:32:01,164 - mylogger - INFO - 2015-12-07    hold    miss
2017-05-08 05:32:01,165 - mylogger - INFO - 2015-12-08    hold    miss
2017-05-08 05:32:01,165 - mylogger - INFO - 2015-12-09    hold    hit
2017-05-08 05:32:01,165 - mylogger - INFO - 2015-12-10    hold    miss
2017-05-08 05:32:01,165 - mylogger - INFO - 2015-12-11    hold    miss
2017-05-08 05:32:01,166 - mylogger - INFO - 2015-12-14    hold    miss
2017-05-08 05:32:01,166 - mylogger - INFO - 2015-12-15    sell    miss
2017-05-08 05:32:01,166 - mylogger - INFO - 2015-12-16    hold    miss
2017-05-08 05:32:01,166 - mylogger - INFO - 2015-12-17    sell    hit
2017-05-08 05:32:01,166 - mylogger - INFO - 2015-12-18    sell    miss
2017-05-08 05:32:01,167 - mylogger - INFO - 2015-12-21    hold    miss
2017-05-08 05:32:01,167 - mylogger - INFO - 2015-12-22    sell    miss
2017-05-08 05:32:01,167 - mylogger - INFO - 2015-12-23    hold    miss
2017-05-08 05:32:01,167 - mylogger - INFO - 2015-12-24    hold    miss
2017-05-08 05:32:01,168 - mylogger - INFO - 2015-12-28    sell    miss
2017-05-08 05:32:01,168 - mylogger - INFO - 2015-12-29    sell    hit
2017-05-08 05:32:01,168 - mylogger - INFO - 2015-12-30    hold    miss
2017-05-08 05:32:01,168 - mylogger - INFO - Hit number:199/503
2017-05-08 05:32:01,168 - mylogger - INFO - Hit rate:0.3956262425447316
