2017-05-08 03:03:51,756 - mylogger - INFO - -0.000181216
2017-05-08 03:03:51,757 - mylogger - INFO - 2014-01-02: sell
2017-05-08 03:03:52,092 - mylogger - INFO - -0.00729769
2017-05-08 03:03:52,093 - mylogger - INFO - 2014-01-03: sell
2017-05-08 03:03:52,409 - mylogger - INFO - -0.0219343
2017-05-08 03:03:52,410 - mylogger - INFO - 2014-01-06: sell
2017-05-08 03:03:52,830 - mylogger - INFO - -0.0164078
2017-05-08 03:03:52,830 - mylogger - INFO - 2014-01-07: sell
2017-05-08 03:03:53,159 - mylogger - INFO - -0.0186297
2017-05-08 03:03:53,160 - mylogger - INFO - 2014-01-08: sell
2017-05-08 03:03:53,482 - mylogger - INFO - -0.0200085
2017-05-08 03:03:53,483 - mylogger - INFO - 2014-01-09: sell
2017-05-08 03:03:53,902 - mylogger - INFO - -0.00350782
2017-05-08 03:03:53,903 - mylogger - INFO - 2014-01-10: sell
2017-05-08 03:03:54,232 - mylogger - INFO - 0.0158488
2017-05-08 03:03:54,234 - mylogger - INFO - 2014-01-13: buy
2017-05-08 03:03:54,234 - mylogger - INFO - 49429.1485
2017-05-08 03:03:54,554 - mylogger - INFO - -0.00387252
2017-05-08 03:03:54,555 - mylogger - INFO - 2014-01-14: sell
2017-05-08 03:03:54,971 - mylogger - INFO - -0.00837437
2017-05-08 03:03:54,972 - mylogger - INFO - 2014-01-15: sell
2017-05-08 03:03:55,304 - mylogger - INFO - -0.0218657
2017-05-08 03:03:55,305 - mylogger - INFO - 2014-01-16: sell
2017-05-08 03:03:55,632 - mylogger - INFO - -0.0321918
2017-05-08 03:03:55,633 - mylogger - INFO - 2014-01-17: sell
2017-05-08 03:03:56,042 - mylogger - INFO - -0.0256469
2017-05-08 03:03:56,043 - mylogger - INFO - 2014-01-21: sell
2017-05-08 03:03:56,373 - mylogger - INFO - -0.0342564
2017-05-08 03:03:56,374 - mylogger - INFO - 2014-01-22: sell
2017-05-08 03:03:56,700 - mylogger - INFO - -0.0248549
2017-05-08 03:03:56,701 - mylogger - INFO - 2014-01-23: sell
2017-05-08 03:03:57,118 - mylogger - INFO - -0.0333117
2017-05-08 03:03:57,119 - mylogger - INFO - 2014-01-24: sell
2017-05-08 03:03:57,449 - mylogger - INFO - -0.0374128
2017-05-08 03:03:57,449 - mylogger - INFO - 2014-01-27: sell
2017-05-08 03:03:57,787 - mylogger - INFO - -0.0318603
2017-05-08 03:03:57,788 - mylogger - INFO - 2014-01-28: sell
2017-05-08 03:03:58,142 - mylogger - INFO - -0.0253261
2017-05-08 03:03:58,143 - mylogger - INFO - 2014-01-29: sell
2017-05-08 03:03:58,570 - mylogger - INFO - 0.00349292
2017-05-08 03:03:58,571 - mylogger - INFO - 2014-01-30: No cover!
2017-05-08 03:03:58,895 - mylogger - INFO - 0.0169174
2017-05-08 03:03:58,896 - mylogger - INFO - 2014-01-31: No cover!
2017-05-08 03:03:59,224 - mylogger - INFO - -0.0124258
2017-05-08 03:03:59,224 - mylogger - INFO - 2014-02-03: sell
2017-05-08 03:03:59,639 - mylogger - INFO - -0.00123596
2017-05-08 03:03:59,639 - mylogger - INFO - 2014-02-04: sell
2017-05-08 03:03:59,968 - mylogger - INFO - -0.00180355
2017-05-08 03:03:59,969 - mylogger - INFO - 2014-02-05: sell
2017-05-08 03:04:00,297 - mylogger - INFO - 0.0109275
2017-05-08 03:04:00,298 - mylogger - INFO - 2014-02-06: No cover!
2017-05-08 03:04:00,711 - mylogger - INFO - 0.0015723
2017-05-08 03:04:00,712 - mylogger - INFO - 2014-02-07: No cover!
2017-05-08 03:04:01,037 - mylogger - INFO - 0.0112077
2017-05-08 03:04:01,038 - mylogger - INFO - 2014-02-10: No cover!
2017-05-08 03:04:01,363 - mylogger - INFO - 0.00141424
2017-05-08 03:04:01,364 - mylogger - INFO - 2014-02-11: No cover!
2017-05-08 03:04:01,792 - mylogger - INFO - 0.00479708
2017-05-08 03:04:01,793 - mylogger - INFO - 2014-02-12: No cover!
2017-05-08 03:04:02,120 - mylogger - INFO - -0.0159083
2017-05-08 03:04:02,121 - mylogger - INFO - 2014-02-13: sell
2017-05-08 03:04:02,449 - mylogger - INFO - -0.0279024
2017-05-08 03:04:02,450 - mylogger - INFO - 2014-02-14: sell
2017-05-08 03:04:02,776 - mylogger - INFO - -0.0119477
2017-05-08 03:04:02,777 - mylogger - INFO - 2014-02-18: sell
2017-05-08 03:04:03,194 - mylogger - INFO - -0.0161197
2017-05-08 03:04:03,195 - mylogger - INFO - 2014-02-19: sell
2017-05-08 03:04:03,511 - mylogger - INFO - -0.00477918
2017-05-08 03:04:03,512 - mylogger - INFO - 2014-02-20: sell
2017-05-08 03:04:03,831 - mylogger - INFO - 0.000709134
2017-05-08 03:04:03,832 - mylogger - INFO - 2014-02-21: No cover!
2017-05-08 03:04:04,245 - mylogger - INFO - -0.00826405
2017-05-08 03:04:04,246 - mylogger - INFO - 2014-02-24: sell
2017-05-08 03:04:04,577 - mylogger - INFO - -0.00659117
2017-05-08 03:04:04,578 - mylogger - INFO - 2014-02-25: sell
2017-05-08 03:04:04,899 - mylogger - INFO - 0.00253654
2017-05-08 03:04:04,901 - mylogger - INFO - 2014-02-26: No cover!
2017-05-08 03:04:05,316 - mylogger - INFO - 0.00143162
2017-05-08 03:04:05,317 - mylogger - INFO - 2014-02-27: No cover!
2017-05-08 03:04:05,647 - mylogger - INFO - 0.00783197
2017-05-08 03:04:05,648 - mylogger - INFO - 2014-02-28: No cover!
2017-05-08 03:04:05,971 - mylogger - INFO - -0.0196188
2017-05-08 03:04:05,972 - mylogger - INFO - 2014-03-03: sell
2017-05-08 03:04:06,381 - mylogger - INFO - 0.0031922
2017-05-08 03:04:06,382 - mylogger - INFO - 2014-03-04: No cover!
2017-05-08 03:04:06,713 - mylogger - INFO - -0.023285
2017-05-08 03:04:06,714 - mylogger - INFO - 2014-03-05: sell
2017-05-08 03:04:07,033 - mylogger - INFO - -0.0168269
2017-05-08 03:04:07,034 - mylogger - INFO - 2014-03-06: sell
2017-05-08 03:04:07,384 - mylogger - INFO - -0.0146848
2017-05-08 03:04:07,385 - mylogger - INFO - 2014-03-07: sell
2017-05-08 03:04:07,806 - mylogger - INFO - -0.0123977
2017-05-08 03:04:07,807 - mylogger - INFO - 2014-03-10: sell
2017-05-08 03:04:08,130 - mylogger - INFO - -0.00863894
2017-05-08 03:04:08,131 - mylogger - INFO - 2014-03-11: sell
2017-05-08 03:04:08,447 - mylogger - INFO - -0.012841
2017-05-08 03:04:08,448 - mylogger - INFO - 2014-03-12: sell
2017-05-08 03:04:08,851 - mylogger - INFO - -0.0037223
2017-05-08 03:04:08,852 - mylogger - INFO - 2014-03-13: sell
2017-05-08 03:04:09,174 - mylogger - INFO - -0.00651533
2017-05-08 03:04:09,175 - mylogger - INFO - 2014-03-14: sell
2017-05-08 03:04:09,486 - mylogger - INFO - -0.0138573
2017-05-08 03:04:09,487 - mylogger - INFO - 2014-03-17: sell
2017-05-08 03:04:09,889 - mylogger - INFO - 0.00105499
2017-05-08 03:04:09,890 - mylogger - INFO - 2014-03-18: No cover!
2017-05-08 03:04:10,213 - mylogger - INFO - -0.0186259
2017-05-08 03:04:10,214 - mylogger - INFO - 2014-03-19: sell
2017-05-08 03:04:10,539 - mylogger - INFO - -0.0102661
2017-05-08 03:04:10,540 - mylogger - INFO - 2014-03-20: sell
2017-05-08 03:04:10,980 - mylogger - INFO - -0.0192322
2017-05-08 03:04:10,980 - mylogger - INFO - 2014-03-21: sell
2017-05-08 03:04:11,303 - mylogger - INFO - 0.00658228
2017-05-08 03:04:11,304 - mylogger - INFO - 2014-03-24: No cover!
2017-05-08 03:04:11,640 - mylogger - INFO - -0.00680924
2017-05-08 03:04:11,641 - mylogger - INFO - 2014-03-25: sell
2017-05-08 03:04:11,970 - mylogger - INFO - -0.00682934
2017-05-08 03:04:11,971 - mylogger - INFO - 2014-03-26: sell
2017-05-08 03:04:12,383 - mylogger - INFO - -0.00694865
2017-05-08 03:04:12,384 - mylogger - INFO - 2014-03-27: sell
2017-05-08 03:04:12,716 - mylogger - INFO - -0.00193241
2017-05-08 03:04:12,717 - mylogger - INFO - 2014-03-28: sell
2017-05-08 03:04:13,038 - mylogger - INFO - 0.00195194
2017-05-08 03:04:13,039 - mylogger - INFO - 2014-03-31: No cover!
2017-05-08 03:04:13,462 - mylogger - INFO - 0.00406004
2017-05-08 03:04:13,463 - mylogger - INFO - 2014-04-01: No cover!
2017-05-08 03:04:13,789 - mylogger - INFO - -0.0106279
2017-05-08 03:04:13,790 - mylogger - INFO - 2014-04-02: sell
2017-05-08 03:04:14,122 - mylogger - INFO - 4.27699e-05
2017-05-08 03:04:14,123 - mylogger - INFO - 2014-04-03: No cover!
2017-05-08 03:04:14,537 - mylogger - INFO - -0.0207358
2017-05-08 03:04:14,537 - mylogger - INFO - 2014-04-04: sell
2017-05-08 03:04:14,872 - mylogger - INFO - 0.00934527
2017-05-08 03:04:14,873 - mylogger - INFO - 2014-04-07: No cover!
2017-05-08 03:04:15,202 - mylogger - INFO - -0.0209656
2017-05-08 03:04:15,203 - mylogger - INFO - 2014-04-08: sell
2017-05-08 03:04:15,621 - mylogger - INFO - -0.00195819
2017-05-08 03:04:15,622 - mylogger - INFO - 2014-04-09: sell
2017-05-08 03:04:15,943 - mylogger - INFO - -0.00899263
2017-05-08 03:04:15,944 - mylogger - INFO - 2014-04-10: sell
2017-05-08 03:04:16,279 - mylogger - INFO - -0.0151366
2017-05-08 03:04:16,280 - mylogger - INFO - 2014-04-11: sell
2017-05-08 03:04:16,605 - mylogger - INFO - -0.00484769
2017-05-08 03:04:16,606 - mylogger - INFO - 2014-04-14: sell
2017-05-08 03:04:17,014 - mylogger - INFO - -0.0121815
2017-05-08 03:04:17,015 - mylogger - INFO - 2014-04-15: sell
2017-05-08 03:04:17,324 - mylogger - INFO - -0.00733654
2017-05-08 03:04:17,324 - mylogger - INFO - 2014-04-16: sell
2017-05-08 03:04:17,642 - mylogger - INFO - -0.00310508
2017-05-08 03:04:17,643 - mylogger - INFO - 2014-04-17: sell
2017-05-08 03:04:18,050 - mylogger - INFO - 0.0164071
2017-05-08 03:04:18,051 - mylogger - INFO - 2014-04-21: No cover!
2017-05-08 03:04:18,375 - mylogger - INFO - 0.00358733
2017-05-08 03:04:18,376 - mylogger - INFO - 2014-04-22: No cover!
2017-05-08 03:04:18,702 - mylogger - INFO - -0.00225434
2017-05-08 03:04:18,703 - mylogger - INFO - 2014-04-23: sell
2017-05-08 03:04:19,126 - mylogger - INFO - -0.0053498
2017-05-08 03:04:19,127 - mylogger - INFO - 2014-04-24: sell
2017-05-08 03:04:19,448 - mylogger - INFO - -0.0184869
2017-05-08 03:04:19,449 - mylogger - INFO - 2014-04-25: sell
2017-05-08 03:04:19,770 - mylogger - INFO - 0.0166801
2017-05-08 03:04:19,771 - mylogger - INFO - 2014-04-28: No cover!
2017-05-08 03:04:20,187 - mylogger - INFO - -0.00712656
2017-05-08 03:04:20,188 - mylogger - INFO - 2014-04-29: sell
2017-05-08 03:04:20,517 - mylogger - INFO - -0.0131272
2017-05-08 03:04:20,518 - mylogger - INFO - 2014-04-30: sell
2017-05-08 03:04:20,837 - mylogger - INFO - -0.00513233
2017-05-08 03:04:20,838 - mylogger - INFO - 2014-05-01: sell
2017-05-08 03:04:21,163 - mylogger - INFO - 0.00329247
2017-05-08 03:04:21,164 - mylogger - INFO - 2014-05-02: No cover!
2017-05-08 03:04:21,574 - mylogger - INFO - -0.0213708
2017-05-08 03:04:21,575 - mylogger - INFO - 2014-05-05: sell
2017-05-08 03:04:21,888 - mylogger - INFO - -0.0118796
2017-05-08 03:04:21,889 - mylogger - INFO - 2014-05-06: sell
2017-05-08 03:04:22,209 - mylogger - INFO - -0.00491741
2017-05-08 03:04:22,210 - mylogger - INFO - 2014-05-07: sell
2017-05-08 03:04:22,618 - mylogger - INFO - -0.00807187
2017-05-08 03:04:22,619 - mylogger - INFO - 2014-05-08: sell
2017-05-08 03:04:22,948 - mylogger - INFO - -0.0165034
2017-05-08 03:04:22,949 - mylogger - INFO - 2014-05-09: sell
2017-05-08 03:04:23,284 - mylogger - INFO - -0.0118851
2017-05-08 03:04:23,285 - mylogger - INFO - 2014-05-12: sell
2017-05-08 03:04:23,705 - mylogger - INFO - -0.0161291
2017-05-08 03:04:23,706 - mylogger - INFO - 2014-05-13: sell
2017-05-08 03:04:24,033 - mylogger - INFO - -0.0119985
2017-05-08 03:04:24,034 - mylogger - INFO - 2014-05-14: sell
2017-05-08 03:04:24,381 - mylogger - INFO - -0.0162187
2017-05-08 03:04:24,382 - mylogger - INFO - 2014-05-15: sell
2017-05-08 03:04:24,796 - mylogger - INFO - -0.000933796
2017-05-08 03:04:24,797 - mylogger - INFO - 2014-05-16: sell
2017-05-08 03:04:25,128 - mylogger - INFO - -0.00473262
2017-05-08 03:04:25,129 - mylogger - INFO - 2014-05-19: sell
2017-05-08 03:04:25,453 - mylogger - INFO - -0.022623
2017-05-08 03:04:25,454 - mylogger - INFO - 2014-05-20: sell
2017-05-08 03:04:25,786 - mylogger - INFO - -0.00176835
2017-05-08 03:04:25,787 - mylogger - INFO - 2014-05-21: sell
2017-05-08 03:04:26,208 - mylogger - INFO - 0.00186391
2017-05-08 03:04:26,209 - mylogger - INFO - 2014-05-22: No cover!
2017-05-08 03:04:26,529 - mylogger - INFO - -0.011219
2017-05-08 03:04:26,530 - mylogger - INFO - 2014-05-23: sell
2017-05-08 03:04:26,872 - mylogger - INFO - 0.000624793
2017-05-08 03:04:26,873 - mylogger - INFO - 2014-05-27: No cover!
2017-05-08 03:04:27,279 - mylogger - INFO - 0.00110867
2017-05-08 03:04:27,280 - mylogger - INFO - 2014-05-28: No cover!
2017-05-08 03:04:27,599 - mylogger - INFO - 0.0172282
2017-05-08 03:04:27,600 - mylogger - INFO - 2014-05-29: No cover!
2017-05-08 03:04:27,914 - mylogger - INFO - 0.00843542
2017-05-08 03:04:27,915 - mylogger - INFO - 2014-05-30: No cover!
2017-05-08 03:04:28,332 - mylogger - INFO - 0.0164112
2017-05-08 03:04:28,333 - mylogger - INFO - 2014-06-02: No cover!
2017-05-08 03:04:28,662 - mylogger - INFO - 0.0106347
2017-05-08 03:04:28,664 - mylogger - INFO - 2014-06-03: No cover!
2017-05-08 03:04:28,984 - mylogger - INFO - -0.00608347
2017-05-08 03:04:28,985 - mylogger - INFO - 2014-06-04: sell
2017-05-08 03:04:29,398 - mylogger - INFO - 0.00586278
2017-05-08 03:04:29,400 - mylogger - INFO - 2014-06-05: No cover!
2017-05-08 03:04:29,726 - mylogger - INFO - -0.0141236
2017-05-08 03:04:29,727 - mylogger - INFO - 2014-06-06: sell
2017-05-08 03:04:30,049 - mylogger - INFO - -0.00349096
2017-05-08 03:04:30,051 - mylogger - INFO - 2014-06-09: sell
2017-05-08 03:04:30,377 - mylogger - INFO - -0.0116513
2017-05-08 03:04:30,378 - mylogger - INFO - 2014-06-10: sell
2017-05-08 03:04:30,795 - mylogger - INFO - -0.00121162
2017-05-08 03:04:30,796 - mylogger - INFO - 2014-06-11: sell
2017-05-08 03:04:31,124 - mylogger - INFO - -0.0109998
2017-05-08 03:04:31,125 - mylogger - INFO - 2014-06-12: sell
2017-05-08 03:04:31,446 - mylogger - INFO - 0.0165486
2017-05-08 03:04:31,447 - mylogger - INFO - 2014-06-13: No cover!
2017-05-08 03:04:31,872 - mylogger - INFO - -0.00173329
2017-05-08 03:04:31,873 - mylogger - INFO - 2014-06-16: sell
2017-05-08 03:04:32,207 - mylogger - INFO - 0.0141039
2017-05-08 03:04:32,208 - mylogger - INFO - 2014-06-17: No cover!
2017-05-08 03:04:32,530 - mylogger - INFO - -0.00547631
2017-05-08 03:04:32,531 - mylogger - INFO - 2014-06-18: sell
2017-05-08 03:04:32,961 - mylogger - INFO - 0.0038878
2017-05-08 03:04:32,962 - mylogger - INFO - 2014-06-19: No cover!
2017-05-08 03:04:33,286 - mylogger - INFO - 0.00855487
2017-05-08 03:04:33,287 - mylogger - INFO - 2014-06-20: No cover!
2017-05-08 03:04:33,601 - mylogger - INFO - 0.00582582
2017-05-08 03:04:33,602 - mylogger - INFO - 2014-06-23: No cover!
2017-05-08 03:04:34,007 - mylogger - INFO - 0.0199771
2017-05-08 03:04:34,008 - mylogger - INFO - 2014-06-24: No cover!
2017-05-08 03:04:34,328 - mylogger - INFO - 0.00695678
2017-05-08 03:04:34,329 - mylogger - INFO - 2014-06-25: No cover!
2017-05-08 03:04:34,656 - mylogger - INFO - 0.00100926
2017-05-08 03:04:34,657 - mylogger - INFO - 2014-06-26: No cover!
2017-05-08 03:04:34,982 - mylogger - INFO - -0.000156744
2017-05-08 03:04:34,982 - mylogger - INFO - 2014-06-27: sell
2017-05-08 03:04:35,391 - mylogger - INFO - 0.0315953
2017-05-08 03:04:35,392 - mylogger - INFO - 2014-06-30: No cover!
2017-05-08 03:04:35,716 - mylogger - INFO - 0.022819
2017-05-08 03:04:35,717 - mylogger - INFO - 2014-07-01: No cover!
2017-05-08 03:04:36,028 - mylogger - INFO - 0.00835251
2017-05-08 03:04:36,029 - mylogger - INFO - 2014-07-02: No cover!
2017-05-08 03:04:36,441 - mylogger - INFO - 0.00534679
2017-05-08 03:04:36,442 - mylogger - INFO - 2014-07-03: No cover!
2017-05-08 03:04:36,763 - mylogger - INFO - -0.00842006
2017-05-08 03:04:36,764 - mylogger - INFO - 2014-07-07: sell
2017-05-08 03:04:37,080 - mylogger - INFO - -0.000113508
2017-05-08 03:04:37,081 - mylogger - INFO - 2014-07-08: sell
2017-05-08 03:04:37,489 - mylogger - INFO - -0.00976054
2017-05-08 03:04:37,490 - mylogger - INFO - 2014-07-09: sell
2017-05-08 03:04:37,815 - mylogger - INFO - -0.00395798
2017-05-08 03:04:37,816 - mylogger - INFO - 2014-07-10: sell
2017-05-08 03:04:38,138 - mylogger - INFO - 0.00443009
2017-05-08 03:04:38,139 - mylogger - INFO - 2014-07-11: No cover!
2017-05-08 03:04:38,557 - mylogger - INFO - -0.016243
2017-05-08 03:04:38,558 - mylogger - INFO - 2014-07-14: sell
2017-05-08 03:04:38,888 - mylogger - INFO - -0.00181949
2017-05-08 03:04:38,889 - mylogger - INFO - 2014-07-15: sell
2017-05-08 03:04:39,222 - mylogger - INFO - 0.00608509
2017-05-08 03:04:39,223 - mylogger - INFO - 2014-07-16: No cover!
2017-05-08 03:04:39,554 - mylogger - INFO - -0.00197117
2017-05-08 03:04:39,555 - mylogger - INFO - 2014-07-17: sell
2017-05-08 03:04:39,971 - mylogger - INFO - -0.00134285
2017-05-08 03:04:39,972 - mylogger - INFO - 2014-07-18: sell
2017-05-08 03:04:40,291 - mylogger - INFO - -0.0113234
2017-05-08 03:04:40,292 - mylogger - INFO - 2014-07-21: sell
2017-05-08 03:04:40,624 - mylogger - INFO - -0.00583306
2017-05-08 03:04:40,625 - mylogger - INFO - 2014-07-22: sell
2017-05-08 03:04:41,042 - mylogger - INFO - -0.00040469
2017-05-08 03:04:41,043 - mylogger - INFO - 2014-07-23: sell
2017-05-08 03:04:41,366 - mylogger - INFO - -0.0102829
2017-05-08 03:04:41,366 - mylogger - INFO - 2014-07-24: sell
2017-05-08 03:04:41,701 - mylogger - INFO - -0.0283916
2017-05-08 03:04:41,702 - mylogger - INFO - 2014-07-25: sell
2017-05-08 03:04:42,119 - mylogger - INFO - -0.00106519
2017-05-08 03:04:42,120 - mylogger - INFO - 2014-07-28: sell
2017-05-08 03:04:42,440 - mylogger - INFO - -0.0232494
2017-05-08 03:04:42,441 - mylogger - INFO - 2014-07-29: sell
2017-05-08 03:04:42,770 - mylogger - INFO - -0.00803073
2017-05-08 03:04:42,771 - mylogger - INFO - 2014-07-30: sell
2017-05-08 03:04:43,190 - mylogger - INFO - -0.0150395
2017-05-08 03:04:43,191 - mylogger - INFO - 2014-07-31: sell
2017-05-08 03:04:43,513 - mylogger - INFO - -0.0199407
2017-05-08 03:04:43,514 - mylogger - INFO - 2014-08-01: sell
2017-05-08 03:04:43,839 - mylogger - INFO - -0.00428928
2017-05-08 03:04:43,840 - mylogger - INFO - 2014-08-04: sell
2017-05-08 03:04:44,268 - mylogger - INFO - 0.000382936
2017-05-08 03:04:44,269 - mylogger - INFO - 2014-08-05: No cover!
2017-05-08 03:04:44,591 - mylogger - INFO - 0.00629717
2017-05-08 03:04:44,592 - mylogger - INFO - 2014-08-06: No cover!
2017-05-08 03:04:44,917 - mylogger - INFO - 0.0173608
2017-05-08 03:04:44,918 - mylogger - INFO - 2014-08-07: No cover!
2017-05-08 03:04:45,249 - mylogger - INFO - -0.00404034
2017-05-08 03:04:45,250 - mylogger - INFO - 2014-08-08: sell
2017-05-08 03:04:45,686 - mylogger - INFO - 0.00590034
2017-05-08 03:04:45,687 - mylogger - INFO - 2014-08-11: No cover!
2017-05-08 03:04:46,016 - mylogger - INFO - -0.00442624
2017-05-08 03:04:46,017 - mylogger - INFO - 2014-08-12: sell
2017-05-08 03:04:46,343 - mylogger - INFO - 0.022824
2017-05-08 03:04:46,344 - mylogger - INFO - 2014-08-13: No cover!
2017-05-08 03:04:46,767 - mylogger - INFO - 0.0234513
2017-05-08 03:04:46,768 - mylogger - INFO - 2014-08-14: No cover!
2017-05-08 03:04:47,101 - mylogger - INFO - 0.00998327
2017-05-08 03:04:47,102 - mylogger - INFO - 2014-08-15: No cover!
2017-05-08 03:04:47,428 - mylogger - INFO - 0.0147341
2017-05-08 03:04:47,429 - mylogger - INFO - 2014-08-18: No cover!
2017-05-08 03:04:47,846 - mylogger - INFO - 0.0086323
2017-05-08 03:04:47,847 - mylogger - INFO - 2014-08-19: No cover!
2017-05-08 03:04:48,170 - mylogger - INFO - 0.0232184
2017-05-08 03:04:48,171 - mylogger - INFO - 2014-08-20: No cover!
2017-05-08 03:04:48,501 - mylogger - INFO - 0.00199292
2017-05-08 03:04:48,502 - mylogger - INFO - 2014-08-21: No cover!
2017-05-08 03:04:48,920 - mylogger - INFO - 0.00725425
2017-05-08 03:04:48,921 - mylogger - INFO - 2014-08-22: No cover!
2017-05-08 03:04:49,254 - mylogger - INFO - 2.84936e-05
2017-05-08 03:04:49,255 - mylogger - INFO - 2014-08-25: No cover!
2017-05-08 03:04:49,581 - mylogger - INFO - -0.00544013
2017-05-08 03:04:49,582 - mylogger - INFO - 2014-08-26: sell
2017-05-08 03:04:49,904 - mylogger - INFO - -0.020115
2017-05-08 03:04:49,905 - mylogger - INFO - 2014-08-27: sell
2017-05-08 03:04:50,333 - mylogger - INFO - -0.0171862
2017-05-08 03:04:50,334 - mylogger - INFO - 2014-08-28: sell
2017-05-08 03:04:50,663 - mylogger - INFO - -0.0132361
2017-05-08 03:04:50,664 - mylogger - INFO - 2014-08-29: sell
2017-05-08 03:04:50,983 - mylogger - INFO - -0.0380113
2017-05-08 03:04:50,984 - mylogger - INFO - 2014-09-02: sell
2017-05-08 03:04:51,401 - mylogger - INFO - -0.0204868
2017-05-08 03:04:51,402 - mylogger - INFO - 2014-09-03: sell
2017-05-08 03:04:51,740 - mylogger - INFO - 0.00204398
2017-05-08 03:04:51,741 - mylogger - INFO - 2014-09-04: No cover!
2017-05-08 03:04:52,065 - mylogger - INFO - -0.00703137
2017-05-08 03:04:52,066 - mylogger - INFO - 2014-09-05: sell
2017-05-08 03:04:52,478 - mylogger - INFO - 0.00845428
2017-05-08 03:04:52,479 - mylogger - INFO - 2014-09-08: No cover!
2017-05-08 03:04:52,799 - mylogger - INFO - 0.00977881
2017-05-08 03:04:52,800 - mylogger - INFO - 2014-09-09: No cover!
2017-05-08 03:04:53,126 - mylogger - INFO - 0.000206115
2017-05-08 03:04:53,127 - mylogger - INFO - 2014-09-10: No cover!
2017-05-08 03:04:53,548 - mylogger - INFO - -0.00397348
2017-05-08 03:04:53,549 - mylogger - INFO - 2014-09-11: sell
2017-05-08 03:04:53,876 - mylogger - INFO - -0.0148312
2017-05-08 03:04:53,877 - mylogger - INFO - 2014-09-12: sell
2017-05-08 03:04:54,209 - mylogger - INFO - -0.00315933
2017-05-08 03:04:54,210 - mylogger - INFO - 2014-09-15: sell
2017-05-08 03:04:54,534 - mylogger - INFO - -0.0273355
2017-05-08 03:04:54,535 - mylogger - INFO - 2014-09-16: sell
2017-05-08 03:04:54,967 - mylogger - INFO - -0.007601
2017-05-08 03:04:54,968 - mylogger - INFO - 2014-09-17: sell
2017-05-08 03:04:55,283 - mylogger - INFO - -0.00413673
2017-05-08 03:04:55,284 - mylogger - INFO - 2014-09-18: sell
2017-05-08 03:04:55,655 - mylogger - INFO - -0.00417722
2017-05-08 03:04:55,656 - mylogger - INFO - 2014-09-19: sell
2017-05-08 03:04:56,082 - mylogger - INFO - -0.00120757
2017-05-08 03:04:56,082 - mylogger - INFO - 2014-09-22: sell
2017-05-08 03:04:56,437 - mylogger - INFO - -0.000346461
2017-05-08 03:04:56,438 - mylogger - INFO - 2014-09-23: sell
2017-05-08 03:04:56,766 - mylogger - INFO - -0.00321059
2017-05-08 03:04:56,767 - mylogger - INFO - 2014-09-24: sell
2017-05-08 03:04:57,182 - mylogger - INFO - -0.00236456
2017-05-08 03:04:57,182 - mylogger - INFO - 2014-09-25: sell
2017-05-08 03:04:57,512 - mylogger - INFO - -0.0129174
2017-05-08 03:04:57,513 - mylogger - INFO - 2014-09-26: sell
2017-05-08 03:04:57,841 - mylogger - INFO - -0.0215199
2017-05-08 03:04:57,841 - mylogger - INFO - 2014-09-29: sell
2017-05-08 03:04:58,267 - mylogger - INFO - -0.0284886
2017-05-08 03:04:58,268 - mylogger - INFO - 2014-09-30: sell
2017-05-08 03:04:58,594 - mylogger - INFO - -0.00980079
2017-05-08 03:04:58,595 - mylogger - INFO - 2014-10-01: sell
2017-05-08 03:04:58,916 - mylogger - INFO - -0.00893847
2017-05-08 03:04:58,917 - mylogger - INFO - 2014-10-02: sell
2017-05-08 03:04:59,246 - mylogger - INFO - -0.0128756
2017-05-08 03:04:59,247 - mylogger - INFO - 2014-10-03: sell
2017-05-08 03:04:59,666 - mylogger - INFO - -0.00747319
2017-05-08 03:04:59,667 - mylogger - INFO - 2014-10-06: sell
2017-05-08 03:04:59,987 - mylogger - INFO - -0.0367611
2017-05-08 03:04:59,988 - mylogger - INFO - 2014-10-07: sell
2017-05-08 03:05:00,307 - mylogger - INFO - -0.005718
2017-05-08 03:05:00,308 - mylogger - INFO - 2014-10-08: sell
2017-05-08 03:05:00,732 - mylogger - INFO - 0.00468301
2017-05-08 03:05:00,733 - mylogger - INFO - 2014-10-09: No cover!
2017-05-08 03:05:01,068 - mylogger - INFO - 0.00130546
2017-05-08 03:05:01,069 - mylogger - INFO - 2014-10-10: No cover!
2017-05-08 03:05:01,389 - mylogger - INFO - -0.00782223
2017-05-08 03:05:01,389 - mylogger - INFO - 2014-10-13: sell
2017-05-08 03:05:01,821 - mylogger - INFO - 0.00715411
2017-05-08 03:05:01,822 - mylogger - INFO - 2014-10-14: No cover!
2017-05-08 03:05:02,154 - mylogger - INFO - -0.00552603
2017-05-08 03:05:02,155 - mylogger - INFO - 2014-10-15: sell
2017-05-08 03:05:02,478 - mylogger - INFO - -0.00351868
2017-05-08 03:05:02,479 - mylogger - INFO - 2014-10-16: sell
2017-05-08 03:05:02,911 - mylogger - INFO - 0.00773397
2017-05-08 03:05:02,912 - mylogger - INFO - 2014-10-17: No cover!
2017-05-08 03:05:03,263 - mylogger - INFO - 0.00666716
2017-05-08 03:05:03,264 - mylogger - INFO - 2014-10-20: No cover!
2017-05-08 03:05:03,609 - mylogger - INFO - 0.0174068
2017-05-08 03:05:03,610 - mylogger - INFO - 2014-10-21: No cover!
2017-05-08 03:05:04,031 - mylogger - INFO - -0.00373292
2017-05-08 03:05:04,032 - mylogger - INFO - 2014-10-22: sell
2017-05-08 03:05:04,373 - mylogger - INFO - 0.00606594
2017-05-08 03:05:04,374 - mylogger - INFO - 2014-10-23: No cover!
2017-05-08 03:05:04,704 - mylogger - INFO - 0.00496807
2017-05-08 03:05:04,705 - mylogger - INFO - 2014-10-24: No cover!
2017-05-08 03:05:05,024 - mylogger - INFO - 0.0132986
2017-05-08 03:05:05,025 - mylogger - INFO - 2014-10-27: No cover!
2017-05-08 03:05:05,437 - mylogger - INFO - 0.017516
2017-05-08 03:05:05,438 - mylogger - INFO - 2014-10-28: No cover!
2017-05-08 03:05:05,761 - mylogger - INFO - -0.00835651
2017-05-08 03:05:05,762 - mylogger - INFO - 2014-10-29: sell
2017-05-08 03:05:06,085 - mylogger - INFO - 0.00699923
2017-05-08 03:05:06,086 - mylogger - INFO - 2014-10-30: No cover!
2017-05-08 03:05:06,488 - mylogger - INFO - -0.00542985
2017-05-08 03:05:06,489 - mylogger - INFO - 2014-10-31: sell
2017-05-08 03:05:06,801 - mylogger - INFO - -0.00692754
2017-05-08 03:05:06,801 - mylogger - INFO - 2014-11-03: sell
2017-05-08 03:05:07,116 - mylogger - INFO - -0.00190198
2017-05-08 03:05:07,117 - mylogger - INFO - 2014-11-04: sell
2017-05-08 03:05:07,518 - mylogger - INFO - -0.000649528
2017-05-08 03:05:07,519 - mylogger - INFO - 2014-11-05: sell
2017-05-08 03:05:07,865 - mylogger - INFO - 0.00863095
2017-05-08 03:05:07,866 - mylogger - INFO - 2014-11-06: No cover!
2017-05-08 03:05:08,190 - mylogger - INFO - 0.0235543
2017-05-08 03:05:08,191 - mylogger - INFO - 2014-11-07: No cover!
2017-05-08 03:05:08,605 - mylogger - INFO - -0.0086659
2017-05-08 03:05:08,606 - mylogger - INFO - 2014-11-10: sell
2017-05-08 03:05:08,933 - mylogger - INFO - -0.00878259
2017-05-08 03:05:08,933 - mylogger - INFO - 2014-11-11: sell
2017-05-08 03:05:09,268 - mylogger - INFO - -0.0244121
2017-05-08 03:05:09,269 - mylogger - INFO - 2014-11-12: sell
2017-05-08 03:05:09,690 - mylogger - INFO - -0.0163338
2017-05-08 03:05:09,691 - mylogger - INFO - 2014-11-13: sell
2017-05-08 03:05:10,013 - mylogger - INFO - 0.00353835
2017-05-08 03:05:10,014 - mylogger - INFO - 2014-11-14: No cover!
2017-05-08 03:05:10,334 - mylogger - INFO - -0.0020356
2017-05-08 03:05:10,335 - mylogger - INFO - 2014-11-17: sell
2017-05-08 03:05:10,666 - mylogger - INFO - -0.0205368
2017-05-08 03:05:10,667 - mylogger - INFO - 2014-11-18: sell
2017-05-08 03:05:11,093 - mylogger - INFO - -0.0160181
2017-05-08 03:05:11,094 - mylogger - INFO - 2014-11-19: sell
2017-05-08 03:05:11,412 - mylogger - INFO - 0.0032689
2017-05-08 03:05:11,413 - mylogger - INFO - 2014-11-20: No cover!
2017-05-08 03:05:11,748 - mylogger - INFO - 0.00489108
2017-05-08 03:05:11,749 - mylogger - INFO - 2014-11-21: No cover!
2017-05-08 03:05:12,176 - mylogger - INFO - 0.00194413
2017-05-08 03:05:12,177 - mylogger - INFO - 2014-11-24: No cover!
2017-05-08 03:05:12,497 - mylogger - INFO - 0.00549655
2017-05-08 03:05:12,498 - mylogger - INFO - 2014-11-25: No cover!
2017-05-08 03:05:12,831 - mylogger - INFO - -0.0100677
2017-05-08 03:05:12,832 - mylogger - INFO - 2014-11-26: sell
2017-05-08 03:05:13,257 - mylogger - INFO - 0.00603043
2017-05-08 03:05:13,258 - mylogger - INFO - 2014-11-28: No cover!
2017-05-08 03:05:13,595 - mylogger - INFO - -0.0153822
2017-05-08 03:05:13,596 - mylogger - INFO - 2014-12-01: sell
2017-05-08 03:05:13,918 - mylogger - INFO - -0.000508033
2017-05-08 03:05:13,918 - mylogger - INFO - 2014-12-02: sell
2017-05-08 03:05:14,350 - mylogger - INFO - -0.0086369
2017-05-08 03:05:14,351 - mylogger - INFO - 2014-12-03: sell
2017-05-08 03:05:14,680 - mylogger - INFO - -0.0101576
2017-05-08 03:05:14,680 - mylogger - INFO - 2014-12-04: sell
2017-05-08 03:05:15,004 - mylogger - INFO - -0.00782457
2017-05-08 03:05:15,005 - mylogger - INFO - 2014-12-05: sell
2017-05-08 03:05:15,329 - mylogger - INFO - 0.00258259
2017-05-08 03:05:15,330 - mylogger - INFO - 2014-12-08: No cover!
2017-05-08 03:05:15,755 - mylogger - INFO - -0.0143888
2017-05-08 03:05:15,755 - mylogger - INFO - 2014-12-09: sell
2017-05-08 03:05:16,083 - mylogger - INFO - 0.00443548
2017-05-08 03:05:16,085 - mylogger - INFO - 2014-12-10: No cover!
2017-05-08 03:05:16,402 - mylogger - INFO - -0.00692712
2017-05-08 03:05:16,403 - mylogger - INFO - 2014-12-11: sell
2017-05-08 03:05:16,822 - mylogger - INFO - -0.0168392
2017-05-08 03:05:16,823 - mylogger - INFO - 2014-12-12: sell
2017-05-08 03:05:17,156 - mylogger - INFO - -0.00580634
2017-05-08 03:05:17,157 - mylogger - INFO - 2014-12-15: sell
2017-05-08 03:05:17,479 - mylogger - INFO - -0.00925174
2017-05-08 03:05:17,480 - mylogger - INFO - 2014-12-16: sell
2017-05-08 03:05:17,918 - mylogger - INFO - -0.000535799
2017-05-08 03:05:17,919 - mylogger - INFO - 2014-12-17: sell
2017-05-08 03:05:18,249 - mylogger - INFO - 0.00283666
2017-05-08 03:05:18,250 - mylogger - INFO - 2014-12-18: No cover!
2017-05-08 03:05:18,571 - mylogger - INFO - 0.0208087
2017-05-08 03:05:18,572 - mylogger - INFO - 2014-12-19: No cover!
2017-05-08 03:05:19,000 - mylogger - INFO - 0.0314164
2017-05-08 03:05:19,001 - mylogger - INFO - 2014-12-22: No cover!
2017-05-08 03:05:19,331 - mylogger - INFO - 0.0104236
2017-05-08 03:05:19,332 - mylogger - INFO - 2014-12-23: No cover!
2017-05-08 03:05:19,665 - mylogger - INFO - 0.0131448
2017-05-08 03:05:19,666 - mylogger - INFO - 2014-12-24: No cover!
2017-05-08 03:05:19,995 - mylogger - INFO - 0.0029954
2017-05-08 03:05:19,996 - mylogger - INFO - 2014-12-26: No cover!
2017-05-08 03:05:20,412 - mylogger - INFO - 0.0102972
2017-05-08 03:05:20,413 - mylogger - INFO - 2014-12-29: No cover!
2017-05-08 03:05:20,751 - mylogger - INFO - 0.0308791
2017-05-08 03:05:20,752 - mylogger - INFO - 2014-12-30: No cover!
2017-05-08 03:05:21,074 - mylogger - INFO - 0.0190286
2017-05-08 03:05:21,075 - mylogger - INFO - 2014-12-31: No cover!
2017-05-08 03:05:21,492 - mylogger - INFO - 0.0338945
2017-05-08 03:05:21,493 - mylogger - INFO - 2015-01-02: No cover!
2017-05-08 03:05:21,812 - mylogger - INFO - 0.0405179
2017-05-08 03:05:21,813 - mylogger - INFO - 2015-01-05: No cover!
2017-05-08 03:05:22,142 - mylogger - INFO - 0.0211151
2017-05-08 03:05:22,143 - mylogger - INFO - 2015-01-06: No cover!
2017-05-08 03:05:22,560 - mylogger - INFO - 0.00408815
2017-05-08 03:05:22,561 - mylogger - INFO - 2015-01-07: No cover!
2017-05-08 03:05:22,899 - mylogger - INFO - 0.0104964
2017-05-08 03:05:22,900 - mylogger - INFO - 2015-01-08: No cover!
2017-05-08 03:05:23,231 - mylogger - INFO - -0.00660398
2017-05-08 03:05:23,232 - mylogger - INFO - 2015-01-09: sell
2017-05-08 03:05:23,650 - mylogger - INFO - 0.0121961
2017-05-08 03:05:23,652 - mylogger - INFO - 2015-01-12: No cover!
2017-05-08 03:05:23,971 - mylogger - INFO - 0.0102904
2017-05-08 03:05:23,972 - mylogger - INFO - 2015-01-13: No cover!
2017-05-08 03:05:24,291 - mylogger - INFO - -0.0144903
2017-05-08 03:05:24,291 - mylogger - INFO - 2015-01-14: sell
2017-05-08 03:05:24,617 - mylogger - INFO - 0.00208109
2017-05-08 03:05:24,618 - mylogger - INFO - 2015-01-15: No cover!
2017-05-08 03:05:25,030 - mylogger - INFO - 0.00739914
2017-05-08 03:05:25,032 - mylogger - INFO - 2015-01-16: No cover!
2017-05-08 03:05:25,369 - mylogger - INFO - -0.00230235
2017-05-08 03:05:25,370 - mylogger - INFO - 2015-01-20: sell
2017-05-08 03:05:25,695 - mylogger - INFO - 0.00965503
2017-05-08 03:05:25,696 - mylogger - INFO - 2015-01-21: No cover!
2017-05-08 03:05:26,108 - mylogger - INFO - 0.00653086
2017-05-08 03:05:26,110 - mylogger - INFO - 2015-01-22: No cover!
2017-05-08 03:05:26,431 - mylogger - INFO - 0.0133445
2017-05-08 03:05:26,432 - mylogger - INFO - 2015-01-23: No cover!
2017-05-08 03:05:26,764 - mylogger - INFO - 0.0158077
2017-05-08 03:05:26,765 - mylogger - INFO - 2015-01-26: No cover!
2017-05-08 03:05:27,191 - mylogger - INFO - 0.0085325
2017-05-08 03:05:27,192 - mylogger - INFO - 2015-01-27: No cover!
2017-05-08 03:05:27,511 - mylogger - INFO - 0.0049522
2017-05-08 03:05:27,512 - mylogger - INFO - 2015-01-28: No cover!
2017-05-08 03:05:27,833 - mylogger - INFO - 0.0111264
2017-05-08 03:05:27,834 - mylogger - INFO - 2015-01-29: No cover!
2017-05-08 03:05:28,257 - mylogger - INFO - 0.0133918
2017-05-08 03:05:28,258 - mylogger - INFO - 2015-01-30: No cover!
2017-05-08 03:05:28,580 - mylogger - INFO - 0.0195414
2017-05-08 03:05:28,581 - mylogger - INFO - 2015-02-02: No cover!
2017-05-08 03:05:28,904 - mylogger - INFO - 0.010949
2017-05-08 03:05:28,905 - mylogger - INFO - 2015-02-03: No cover!
2017-05-08 03:05:29,237 - mylogger - INFO - 0.0207722
2017-05-08 03:05:29,238 - mylogger - INFO - 2015-02-04: No cover!
2017-05-08 03:05:29,656 - mylogger - INFO - 0.0190072
2017-05-08 03:05:29,657 - mylogger - INFO - 2015-02-05: No cover!
2017-05-08 03:05:29,977 - mylogger - INFO - 0.0174174
2017-05-08 03:05:29,978 - mylogger - INFO - 2015-02-06: No cover!
2017-05-08 03:05:30,306 - mylogger - INFO - -0.00550493
2017-05-08 03:05:30,307 - mylogger - INFO - 2015-02-09: sell
2017-05-08 03:05:30,729 - mylogger - INFO - 0.0235436
2017-05-08 03:05:30,730 - mylogger - INFO - 2015-02-10: No cover!
2017-05-08 03:05:31,054 - mylogger - INFO - 0.00655214
2017-05-08 03:05:31,055 - mylogger - INFO - 2015-02-11: No cover!
2017-05-08 03:05:31,376 - mylogger - INFO - 0.00264049
2017-05-08 03:05:31,377 - mylogger - INFO - 2015-02-12: No cover!
2017-05-08 03:05:31,814 - mylogger - INFO - 0.00173437
2017-05-08 03:05:31,815 - mylogger - INFO - 2015-02-13: No cover!
2017-05-08 03:05:32,148 - mylogger - INFO - 0.0073675
2017-05-08 03:05:32,149 - mylogger - INFO - 2015-02-17: No cover!
2017-05-08 03:05:32,469 - mylogger - INFO - 0.0279449
2017-05-08 03:05:32,471 - mylogger - INFO - 2015-02-18: No cover!
2017-05-08 03:05:32,889 - mylogger - INFO - 0.0114341
2017-05-08 03:05:32,890 - mylogger - INFO - 2015-02-19: No cover!
2017-05-08 03:05:33,222 - mylogger - INFO - 0.0140424
2017-05-08 03:05:33,223 - mylogger - INFO - 2015-02-20: No cover!
2017-05-08 03:05:33,544 - mylogger - INFO - 0.00701496
2017-05-08 03:05:33,547 - mylogger - INFO - 2015-02-23: No cover!
2017-05-08 03:05:33,874 - mylogger - INFO - 0.0165693
2017-05-08 03:05:33,875 - mylogger - INFO - 2015-02-24: No cover!
2017-05-08 03:05:34,295 - mylogger - INFO - 0.00323001
2017-05-08 03:05:34,296 - mylogger - INFO - 2015-02-25: No cover!
2017-05-08 03:05:34,625 - mylogger - INFO - 0.00728479
2017-05-08 03:05:34,626 - mylogger - INFO - 2015-02-26: No cover!
2017-05-08 03:05:34,945 - mylogger - INFO - 0.00571681
2017-05-08 03:05:34,946 - mylogger - INFO - 2015-02-27: No cover!
2017-05-08 03:05:35,374 - mylogger - INFO - 0.00448474
2017-05-08 03:05:35,375 - mylogger - INFO - 2015-03-02: No cover!
2017-05-08 03:05:35,703 - mylogger - INFO - 0.00459307
2017-05-08 03:05:35,705 - mylogger - INFO - 2015-03-03: No cover!
2017-05-08 03:05:36,033 - mylogger - INFO - 1.75422e-05
2017-05-08 03:05:36,034 - mylogger - INFO - 2015-03-04: No cover!
2017-05-08 03:05:36,462 - mylogger - INFO - -0.00259512
2017-05-08 03:05:36,462 - mylogger - INFO - 2015-03-05: sell
2017-05-08 03:05:36,786 - mylogger - INFO - -0.00567999
2017-05-08 03:05:36,786 - mylogger - INFO - 2015-03-06: sell
2017-05-08 03:05:37,101 - mylogger - INFO - 0.00538148
2017-05-08 03:05:37,102 - mylogger - INFO - 2015-03-09: No cover!
2017-05-08 03:05:37,512 - mylogger - INFO - -0.0144674
2017-05-08 03:05:37,513 - mylogger - INFO - 2015-03-10: sell
2017-05-08 03:05:37,854 - mylogger - INFO - -0.0095013
2017-05-08 03:05:37,855 - mylogger - INFO - 2015-03-11: sell
2017-05-08 03:05:38,175 - mylogger - INFO - -0.0035865
2017-05-08 03:05:38,176 - mylogger - INFO - 2015-03-12: sell
2017-05-08 03:05:38,485 - mylogger - INFO - -0.0121102
2017-05-08 03:05:38,486 - mylogger - INFO - 2015-03-13: sell
2017-05-08 03:05:38,895 - mylogger - INFO - -0.0077647
2017-05-08 03:05:38,896 - mylogger - INFO - 2015-03-16: sell
2017-05-08 03:05:39,215 - mylogger - INFO - -0.0133122
2017-05-08 03:05:39,216 - mylogger - INFO - 2015-03-17: sell
2017-05-08 03:05:39,532 - mylogger - INFO - -0.00393364
2017-05-08 03:05:39,533 - mylogger - INFO - 2015-03-18: sell
2017-05-08 03:05:39,959 - mylogger - INFO - -0.00121343
2017-05-08 03:05:39,960 - mylogger - INFO - 2015-03-19: sell
2017-05-08 03:05:40,278 - mylogger - INFO - 0.00268877
2017-05-08 03:05:40,279 - mylogger - INFO - 2015-03-20: No cover!
2017-05-08 03:05:40,595 - mylogger - INFO - 0.0015839
2017-05-08 03:05:40,596 - mylogger - INFO - 2015-03-23: No cover!
2017-05-08 03:05:41,005 - mylogger - INFO - 0.00494208
2017-05-08 03:05:41,006 - mylogger - INFO - 2015-03-24: No cover!
2017-05-08 03:05:41,327 - mylogger - INFO - 0.00911814
2017-05-08 03:05:41,328 - mylogger - INFO - 2015-03-25: No cover!
2017-05-08 03:05:41,655 - mylogger - INFO - 0.000631851
2017-05-08 03:05:41,656 - mylogger - INFO - 2015-03-26: No cover!
2017-05-08 03:05:42,084 - mylogger - INFO - 0.00115274
2017-05-08 03:05:42,086 - mylogger - INFO - 2015-03-27: No cover!
2017-05-08 03:05:42,405 - mylogger - INFO - 0.0107878
2017-05-08 03:05:42,406 - mylogger - INFO - 2015-03-30: No cover!
2017-05-08 03:05:42,740 - mylogger - INFO - -0.0145446
2017-05-08 03:05:42,740 - mylogger - INFO - 2015-03-31: sell
2017-05-08 03:05:43,072 - mylogger - INFO - -0.000336438
2017-05-08 03:05:43,072 - mylogger - INFO - 2015-04-01: sell
2017-05-08 03:05:43,490 - mylogger - INFO - -0.0172014
2017-05-08 03:05:43,490 - mylogger - INFO - 2015-04-02: sell
2017-05-08 03:05:43,840 - mylogger - INFO - -0.0241287
2017-05-08 03:05:43,841 - mylogger - INFO - 2015-04-06: sell
2017-05-08 03:05:44,171 - mylogger - INFO - 0.0133778
2017-05-08 03:05:44,172 - mylogger - INFO - 2015-04-07: No cover!
2017-05-08 03:05:44,594 - mylogger - INFO - -0.0177254
2017-05-08 03:05:44,595 - mylogger - INFO - 2015-04-08: sell
2017-05-08 03:05:44,920 - mylogger - INFO - -0.00321949
2017-05-08 03:05:44,921 - mylogger - INFO - 2015-04-09: sell
2017-05-08 03:05:45,257 - mylogger - INFO - 0.0112068
2017-05-08 03:05:45,258 - mylogger - INFO - 2015-04-10: No cover!
2017-05-08 03:05:45,680 - mylogger - INFO - 0.00879954
2017-05-08 03:05:45,681 - mylogger - INFO - 2015-04-13: No cover!
2017-05-08 03:05:46,003 - mylogger - INFO - -0.00493905
2017-05-08 03:05:46,004 - mylogger - INFO - 2015-04-14: sell
2017-05-08 03:05:46,327 - mylogger - INFO - 0.00639383
2017-05-08 03:05:46,328 - mylogger - INFO - 2015-04-15: No cover!
2017-05-08 03:05:46,751 - mylogger - INFO - 0.00652056
2017-05-08 03:05:46,752 - mylogger - INFO - 2015-04-16: No cover!
2017-05-08 03:05:47,076 - mylogger - INFO - 0.00127693
2017-05-08 03:05:47,077 - mylogger - INFO - 2015-04-17: No cover!
2017-05-08 03:05:47,403 - mylogger - INFO - 0.00550353
2017-05-08 03:05:47,404 - mylogger - INFO - 2015-04-20: No cover!
2017-05-08 03:05:47,736 - mylogger - INFO - 0.00737683
2017-05-08 03:05:47,737 - mylogger - INFO - 2015-04-21: No cover!
2017-05-08 03:05:48,159 - mylogger - INFO - -0.00253277
2017-05-08 03:05:48,160 - mylogger - INFO - 2015-04-22: sell
2017-05-08 03:05:48,485 - mylogger - INFO - 0.00930768
2017-05-08 03:05:48,486 - mylogger - INFO - 2015-04-23: No cover!
2017-05-08 03:05:48,814 - mylogger - INFO - 0.00514765
2017-05-08 03:05:48,815 - mylogger - INFO - 2015-04-24: No cover!
2017-05-08 03:05:49,241 - mylogger - INFO - 0.0159318
2017-05-08 03:05:49,242 - mylogger - INFO - 2015-04-27: No cover!
2017-05-08 03:05:49,571 - mylogger - INFO - 0.00284204
2017-05-08 03:05:49,572 - mylogger - INFO - 2015-04-28: No cover!
2017-05-08 03:05:49,895 - mylogger - INFO - 0.00996938
2017-05-08 03:05:49,896 - mylogger - INFO - 2015-04-29: No cover!
2017-05-08 03:05:50,325 - mylogger - INFO - 0.0017919
2017-05-08 03:05:50,327 - mylogger - INFO - 2015-04-30: No cover!
2017-05-08 03:05:50,657 - mylogger - INFO - -0.00471687
2017-05-08 03:05:50,658 - mylogger - INFO - 2015-05-01: sell
2017-05-08 03:05:50,979 - mylogger - INFO - 0.0037113
2017-05-08 03:05:50,980 - mylogger - INFO - 2015-05-04: No cover!
2017-05-08 03:05:51,397 - mylogger - INFO - -0.00197917
2017-05-08 03:05:51,397 - mylogger - INFO - 2015-05-05: sell
2017-05-08 03:05:51,728 - mylogger - INFO - -0.00403443
2017-05-08 03:05:51,728 - mylogger - INFO - 2015-05-06: sell
2017-05-08 03:05:52,052 - mylogger - INFO - 0.00612774
2017-05-08 03:05:52,054 - mylogger - INFO - 2015-05-07: No cover!
2017-05-08 03:05:52,477 - mylogger - INFO - -0.0101846
2017-05-08 03:05:52,477 - mylogger - INFO - 2015-05-08: sell
2017-05-08 03:05:52,806 - mylogger - INFO - -0.0200946
2017-05-08 03:05:52,807 - mylogger - INFO - 2015-05-11: sell
2017-05-08 03:05:53,136 - mylogger - INFO - -0.00694052
2017-05-08 03:05:53,136 - mylogger - INFO - 2015-05-12: sell
2017-05-08 03:05:53,497 - mylogger - INFO - 0.00802742
2017-05-08 03:05:53,498 - mylogger - INFO - 2015-05-13: No cover!
2017-05-08 03:05:53,952 - mylogger - INFO - -0.00615793
2017-05-08 03:05:53,953 - mylogger - INFO - 2015-05-14: sell
2017-05-08 03:05:54,294 - mylogger - INFO - -0.00494721
2017-05-08 03:05:54,295 - mylogger - INFO - 2015-05-15: sell
2017-05-08 03:05:54,630 - mylogger - INFO - -0.0210642
2017-05-08 03:05:54,631 - mylogger - INFO - 2015-05-18: sell
2017-05-08 03:05:55,064 - mylogger - INFO - -0.00866591
2017-05-08 03:05:55,064 - mylogger - INFO - 2015-05-19: sell
2017-05-08 03:05:55,397 - mylogger - INFO - -3.17266e-05
2017-05-08 03:05:55,398 - mylogger - INFO - 2015-05-20: sell
2017-05-08 03:05:55,726 - mylogger - INFO - 0.000908371
2017-05-08 03:05:55,727 - mylogger - INFO - 2015-05-21: No cover!
2017-05-08 03:05:56,157 - mylogger - INFO - -0.0124309
2017-05-08 03:05:56,158 - mylogger - INFO - 2015-05-22: sell
2017-05-08 03:05:56,493 - mylogger - INFO - -0.00362217
2017-05-08 03:05:56,494 - mylogger - INFO - 2015-05-26: sell
2017-05-08 03:05:56,808 - mylogger - INFO - 0.0106957
2017-05-08 03:05:56,809 - mylogger - INFO - 2015-05-27: No cover!
2017-05-08 03:05:57,224 - mylogger - INFO - 0.00530501
2017-05-08 03:05:57,225 - mylogger - INFO - 2015-05-28: No cover!
2017-05-08 03:05:57,546 - mylogger - INFO - 0.0078025
2017-05-08 03:05:57,547 - mylogger - INFO - 2015-05-29: No cover!
2017-05-08 03:05:57,871 - mylogger - INFO - -0.00732943
2017-05-08 03:05:57,872 - mylogger - INFO - 2015-06-01: sell
2017-05-08 03:05:58,197 - mylogger - INFO - -0.0121661
2017-05-08 03:05:58,198 - mylogger - INFO - 2015-06-02: sell
2017-05-08 03:05:58,620 - mylogger - INFO - -0.00393261
2017-05-08 03:05:58,621 - mylogger - INFO - 2015-06-03: sell
2017-05-08 03:05:58,951 - mylogger - INFO - -0.00743397
2017-05-08 03:05:58,952 - mylogger - INFO - 2015-06-04: sell
2017-05-08 03:05:59,283 - mylogger - INFO - -0.0139577
2017-05-08 03:05:59,283 - mylogger - INFO - 2015-06-05: sell
2017-05-08 03:05:59,706 - mylogger - INFO - 0.00827499
2017-05-08 03:05:59,707 - mylogger - INFO - 2015-06-08: No cover!
2017-05-08 03:06:00,027 - mylogger - INFO - -0.00359316
2017-05-08 03:06:00,028 - mylogger - INFO - 2015-06-09: sell
2017-05-08 03:06:00,363 - mylogger - INFO - -0.00576056
2017-05-08 03:06:00,363 - mylogger - INFO - 2015-06-10: sell
2017-05-08 03:06:00,779 - mylogger - INFO - 0.0207984
2017-05-08 03:06:00,780 - mylogger - INFO - 2015-06-11: No cover!
2017-05-08 03:06:01,110 - mylogger - INFO - 0.0079478
2017-05-08 03:06:01,111 - mylogger - INFO - 2015-06-12: No cover!
2017-05-08 03:06:01,439 - mylogger - INFO - 0.0195086
2017-05-08 03:06:01,440 - mylogger - INFO - 2015-06-15: No cover!
2017-05-08 03:06:01,878 - mylogger - INFO - 0.0141628
2017-05-08 03:06:01,879 - mylogger - INFO - 2015-06-16: No cover!
2017-05-08 03:06:02,207 - mylogger - INFO - -0.000890444
2017-05-08 03:06:02,208 - mylogger - INFO - 2015-06-17: sell
2017-05-08 03:06:02,528 - mylogger - INFO - 0.0126583
2017-05-08 03:06:02,529 - mylogger - INFO - 2015-06-18: No cover!
2017-05-08 03:06:02,869 - mylogger - INFO - 0.00320226
2017-05-08 03:06:02,870 - mylogger - INFO - 2015-06-19: No cover!
2017-05-08 03:06:03,285 - mylogger - INFO - -0.00265763
2017-05-08 03:06:03,286 - mylogger - INFO - 2015-06-22: sell
2017-05-08 03:06:03,606 - mylogger - INFO - 0.00671395
2017-05-08 03:06:03,607 - mylogger - INFO - 2015-06-23: No cover!
2017-05-08 03:06:03,918 - mylogger - INFO - 0.0039928
2017-05-08 03:06:03,919 - mylogger - INFO - 2015-06-24: No cover!
2017-05-08 03:06:04,334 - mylogger - INFO - -0.01544
2017-05-08 03:06:04,335 - mylogger - INFO - 2015-06-25: sell
2017-05-08 03:06:04,666 - mylogger - INFO - -0.00705249
2017-05-08 03:06:04,667 - mylogger - INFO - 2015-06-26: sell
2017-05-08 03:06:04,989 - mylogger - INFO - 0.00821586
2017-05-08 03:06:04,990 - mylogger - INFO - 2015-06-29: No cover!
2017-05-08 03:06:05,408 - mylogger - INFO - 0.0173052
2017-05-08 03:06:05,409 - mylogger - INFO - 2015-06-30: No cover!
2017-05-08 03:06:05,746 - mylogger - INFO - 0.0138093
2017-05-08 03:06:05,747 - mylogger - INFO - 2015-07-01: No cover!
2017-05-08 03:06:06,072 - mylogger - INFO - 0.0121126
2017-05-08 03:06:06,073 - mylogger - INFO - 2015-07-02: No cover!
2017-05-08 03:06:06,493 - mylogger - INFO - 0.000626075
2017-05-08 03:06:06,494 - mylogger - INFO - 2015-07-06: No cover!
2017-05-08 03:06:06,812 - mylogger - INFO - -0.0123253
2017-05-08 03:06:06,813 - mylogger - INFO - 2015-07-07: sell
2017-05-08 03:06:07,141 - mylogger - INFO - 0.0178435
2017-05-08 03:06:07,143 - mylogger - INFO - 2015-07-08: No cover!
2017-05-08 03:06:07,469 - mylogger - INFO - 0.0159246
2017-05-08 03:06:07,470 - mylogger - INFO - 2015-07-09: No cover!
2017-05-08 03:06:07,890 - mylogger - INFO - 0.00567503
2017-05-08 03:06:07,891 - mylogger - INFO - 2015-07-10: No cover!
2017-05-08 03:06:08,257 - mylogger - INFO - 0.0044932
2017-05-08 03:06:08,258 - mylogger - INFO - 2015-07-13: No cover!
2017-05-08 03:06:08,581 - mylogger - INFO - 0.013578
2017-05-08 03:06:08,582 - mylogger - INFO - 2015-07-14: No cover!
2017-05-08 03:06:09,002 - mylogger - INFO - 0.00606664
2017-05-08 03:06:09,004 - mylogger - INFO - 2015-07-15: No cover!
2017-05-08 03:06:09,331 - mylogger - INFO - -0.0029918
2017-05-08 03:06:09,332 - mylogger - INFO - 2015-07-16: sell
2017-05-08 03:06:09,656 - mylogger - INFO - 0.0103951
2017-05-08 03:06:09,657 - mylogger - INFO - 2015-07-17: No cover!
2017-05-08 03:06:10,087 - mylogger - INFO - 0.00967555
2017-05-08 03:06:10,088 - mylogger - INFO - 2015-07-20: No cover!
2017-05-08 03:06:10,415 - mylogger - INFO - 0.00314982
2017-05-08 03:06:10,416 - mylogger - INFO - 2015-07-21: No cover!
2017-05-08 03:06:10,748 - mylogger - INFO - -0.00843859
2017-05-08 03:06:10,749 - mylogger - INFO - 2015-07-22: sell
2017-05-08 03:06:11,181 - mylogger - INFO - 0.0265968
2017-05-08 03:06:11,182 - mylogger - INFO - 2015-07-23: No cover!
2017-05-08 03:06:11,511 - mylogger - INFO - 0.00922124
2017-05-08 03:06:11,512 - mylogger - INFO - 2015-07-24: No cover!
2017-05-08 03:06:11,841 - mylogger - INFO - 0.0187695
2017-05-08 03:06:11,842 - mylogger - INFO - 2015-07-27: No cover!
2017-05-08 03:06:12,170 - mylogger - INFO - 0.012344
2017-05-08 03:06:12,171 - mylogger - INFO - 2015-07-28: No cover!
2017-05-08 03:06:12,592 - mylogger - INFO - -0.00893715
2017-05-08 03:06:12,593 - mylogger - INFO - 2015-07-29: sell
2017-05-08 03:06:12,926 - mylogger - INFO - 0.0102307
2017-05-08 03:06:12,927 - mylogger - INFO - 2015-07-30: No cover!
2017-05-08 03:06:13,254 - mylogger - INFO - 0.0122572
2017-05-08 03:06:13,255 - mylogger - INFO - 2015-07-31: No cover!
2017-05-08 03:06:13,684 - mylogger - INFO - 0.00765259
2017-05-08 03:06:13,685 - mylogger - INFO - 2015-08-03: No cover!
2017-05-08 03:06:14,007 - mylogger - INFO - -0.00739683
2017-05-08 03:06:14,008 - mylogger - INFO - 2015-08-04: sell
2017-05-08 03:06:14,329 - mylogger - INFO - 0.0208248
2017-05-08 03:06:14,330 - mylogger - INFO - 2015-08-05: No cover!
2017-05-08 03:06:14,757 - mylogger - INFO - 0.0182637
2017-05-08 03:06:14,758 - mylogger - INFO - 2015-08-06: No cover!
2017-05-08 03:06:15,084 - mylogger - INFO - -0.0015673
2017-05-08 03:06:15,085 - mylogger - INFO - 2015-08-07: sell
2017-05-08 03:06:15,408 - mylogger - INFO - 0.00507495
2017-05-08 03:06:15,409 - mylogger - INFO - 2015-08-10: No cover!
2017-05-08 03:06:15,836 - mylogger - INFO - -0.00243524
2017-05-08 03:06:15,837 - mylogger - INFO - 2015-08-11: sell
2017-05-08 03:06:16,162 - mylogger - INFO - -0.00933371
2017-05-08 03:06:16,163 - mylogger - INFO - 2015-08-12: sell
2017-05-08 03:06:16,485 - mylogger - INFO - -0.0117335
2017-05-08 03:06:16,486 - mylogger - INFO - 2015-08-13: sell
2017-05-08 03:06:16,808 - mylogger - INFO - -0.0168474
2017-05-08 03:06:16,808 - mylogger - INFO - 2015-08-14: sell
2017-05-08 03:06:17,234 - mylogger - INFO - -0.00475829
2017-05-08 03:06:17,235 - mylogger - INFO - 2015-08-17: sell
2017-05-08 03:06:17,559 - mylogger - INFO - 0.010872
2017-05-08 03:06:17,560 - mylogger - INFO - 2015-08-18: No cover!
2017-05-08 03:06:17,882 - mylogger - INFO - 0.00874707
2017-05-08 03:06:17,883 - mylogger - INFO - 2015-08-19: No cover!
2017-05-08 03:06:18,306 - mylogger - INFO - 0.00600882
2017-05-08 03:06:18,307 - mylogger - INFO - 2015-08-20: No cover!
2017-05-08 03:06:18,640 - mylogger - INFO - 0.0179755
2017-05-08 03:06:18,641 - mylogger - INFO - 2015-08-21: No cover!
2017-05-08 03:06:18,959 - mylogger - INFO - -0.00503718
2017-05-08 03:06:18,959 - mylogger - INFO - 2015-08-24: sell
2017-05-08 03:06:19,389 - mylogger - INFO - -0.0164598
2017-05-08 03:06:19,389 - mylogger - INFO - 2015-08-25: sell
2017-05-08 03:06:19,721 - mylogger - INFO - -0.00851904
2017-05-08 03:06:19,722 - mylogger - INFO - 2015-08-26: sell
2017-05-08 03:06:20,047 - mylogger - INFO - 0.00415342
2017-05-08 03:06:20,048 - mylogger - INFO - 2015-08-27: No cover!
2017-05-08 03:06:20,479 - mylogger - INFO - -0.00619622
2017-05-08 03:06:20,480 - mylogger - INFO - 2015-08-28: sell
2017-05-08 03:06:20,806 - mylogger - INFO - -0.0106658
2017-05-08 03:06:20,807 - mylogger - INFO - 2015-08-31: sell
2017-05-08 03:06:21,134 - mylogger - INFO - 0.0025884
2017-05-08 03:06:21,136 - mylogger - INFO - 2015-09-01: No cover!
2017-05-08 03:06:21,460 - mylogger - INFO - -0.0127024
2017-05-08 03:06:21,461 - mylogger - INFO - 2015-09-02: sell
2017-05-08 03:06:21,888 - mylogger - INFO - -0.014575
2017-05-08 03:06:21,888 - mylogger - INFO - 2015-09-03: sell
2017-05-08 03:06:22,210 - mylogger - INFO - -0.0148564
2017-05-08 03:06:22,211 - mylogger - INFO - 2015-09-04: sell
2017-05-08 03:06:22,523 - mylogger - INFO - -0.0149516
2017-05-08 03:06:22,524 - mylogger - INFO - 2015-09-08: sell
2017-05-08 03:06:22,934 - mylogger - INFO - -0.0171438
2017-05-08 03:06:22,935 - mylogger - INFO - 2015-09-09: sell
2017-05-08 03:06:23,258 - mylogger - INFO - -0.0119106
2017-05-08 03:06:23,259 - mylogger - INFO - 2015-09-10: sell
2017-05-08 03:06:23,572 - mylogger - INFO - 0.000897947
2017-05-08 03:06:23,573 - mylogger - INFO - 2015-09-11: No cover!
2017-05-08 03:06:23,980 - mylogger - INFO - -0.00940515
2017-05-08 03:06:23,981 - mylogger - INFO - 2015-09-14: sell
2017-05-08 03:06:24,293 - mylogger - INFO - -0.026694
2017-05-08 03:06:24,294 - mylogger - INFO - 2015-09-15: sell
2017-05-08 03:06:24,608 - mylogger - INFO - -0.0027673
2017-05-08 03:06:24,609 - mylogger - INFO - 2015-09-16: sell
2017-05-08 03:06:25,020 - mylogger - INFO - -0.016632
2017-05-08 03:06:25,021 - mylogger - INFO - 2015-09-17: sell
2017-05-08 03:06:25,346 - mylogger - INFO - -0.00733152
2017-05-08 03:06:25,347 - mylogger - INFO - 2015-09-18: sell
2017-05-08 03:06:25,670 - mylogger - INFO - 0.00932367
2017-05-08 03:06:25,671 - mylogger - INFO - 2015-09-21: No cover!
2017-05-08 03:06:26,000 - mylogger - INFO - -0.0129456
2017-05-08 03:06:26,001 - mylogger - INFO - 2015-09-22: sell
2017-05-08 03:06:26,418 - mylogger - INFO - -0.00316564
2017-05-08 03:06:26,419 - mylogger - INFO - 2015-09-23: sell
2017-05-08 03:06:26,740 - mylogger - INFO - -0.0113902
2017-05-08 03:06:26,741 - mylogger - INFO - 2015-09-24: sell
2017-05-08 03:06:27,057 - mylogger - INFO - 0.00658356
2017-05-08 03:06:27,058 - mylogger - INFO - 2015-09-25: No cover!
2017-05-08 03:06:27,464 - mylogger - INFO - -0.00852482
2017-05-08 03:06:27,465 - mylogger - INFO - 2015-09-28: sell
2017-05-08 03:06:27,783 - mylogger - INFO - -0.00564488
2017-05-08 03:06:27,784 - mylogger - INFO - 2015-09-29: sell
2017-05-08 03:06:28,103 - mylogger - INFO - -0.010259
2017-05-08 03:06:28,104 - mylogger - INFO - 2015-09-30: sell
2017-05-08 03:06:28,527 - mylogger - INFO - -0.00252948
2017-05-08 03:06:28,528 - mylogger - INFO - 2015-10-01: sell
2017-05-08 03:06:28,866 - mylogger - INFO - 0.0185062
2017-05-08 03:06:28,867 - mylogger - INFO - 2015-10-02: No cover!
2017-05-08 03:06:29,188 - mylogger - INFO - 0.0269187
2017-05-08 03:06:29,189 - mylogger - INFO - 2015-10-05: No cover!
2017-05-08 03:06:29,611 - mylogger - INFO - 0.014599
2017-05-08 03:06:29,612 - mylogger - INFO - 2015-10-06: No cover!
2017-05-08 03:06:29,930 - mylogger - INFO - 0.0186095
2017-05-08 03:06:29,931 - mylogger - INFO - 2015-10-07: No cover!
2017-05-08 03:06:30,262 - mylogger - INFO - 0.0088619
2017-05-08 03:06:30,263 - mylogger - INFO - 2015-10-08: No cover!
2017-05-08 03:06:30,587 - mylogger - INFO - 0.0136347
2017-05-08 03:06:30,588 - mylogger - INFO - 2015-10-09: No cover!
2017-05-08 03:06:31,011 - mylogger - INFO - -0.00334142
2017-05-08 03:06:31,012 - mylogger - INFO - 2015-10-12: sell
2017-05-08 03:06:31,338 - mylogger - INFO - -0.0145428
2017-05-08 03:06:31,339 - mylogger - INFO - 2015-10-13: sell
2017-05-08 03:06:31,683 - mylogger - INFO - -0.0067723
2017-05-08 03:06:31,684 - mylogger - INFO - 2015-10-14: sell
2017-05-08 03:06:32,110 - mylogger - INFO - -0.0138003
2017-05-08 03:06:32,110 - mylogger - INFO - 2015-10-15: sell
2017-05-08 03:06:32,436 - mylogger - INFO - -0.0137227
2017-05-08 03:06:32,437 - mylogger - INFO - 2015-10-16: sell
2017-05-08 03:06:32,764 - mylogger - INFO - -0.0157513
2017-05-08 03:06:32,764 - mylogger - INFO - 2015-10-19: sell
2017-05-08 03:06:33,195 - mylogger - INFO - -0.0139151
2017-05-08 03:06:33,196 - mylogger - INFO - 2015-10-20: sell
2017-05-08 03:06:33,516 - mylogger - INFO - -0.014092
2017-05-08 03:06:33,517 - mylogger - INFO - 2015-10-21: sell
2017-05-08 03:06:33,844 - mylogger - INFO - -0.00932498
2017-05-08 03:06:33,844 - mylogger - INFO - 2015-10-22: sell
2017-05-08 03:06:34,274 - mylogger - INFO - -0.00799987
2017-05-08 03:06:34,275 - mylogger - INFO - 2015-10-23: sell
2017-05-08 03:06:34,599 - mylogger - INFO - -0.00565023
2017-05-08 03:06:34,600 - mylogger - INFO - 2015-10-26: sell
2017-05-08 03:06:34,923 - mylogger - INFO - -0.000721397
2017-05-08 03:06:34,924 - mylogger - INFO - 2015-10-27: sell
2017-05-08 03:06:35,354 - mylogger - INFO - -0.0206171
2017-05-08 03:06:35,355 - mylogger - INFO - 2015-10-28: sell
2017-05-08 03:06:35,684 - mylogger - INFO - -0.00723947
2017-05-08 03:06:35,685 - mylogger - INFO - 2015-10-29: sell
2017-05-08 03:06:36,007 - mylogger - INFO - -0.024657
2017-05-08 03:06:36,008 - mylogger - INFO - 2015-10-30: sell
2017-05-08 03:06:36,330 - mylogger - INFO - 0.000648634
2017-05-08 03:06:36,331 - mylogger - INFO - 2015-11-02: No cover!
2017-05-08 03:06:36,760 - mylogger - INFO - 0.0138834
2017-05-08 03:06:36,761 - mylogger - INFO - 2015-11-03: No cover!
2017-05-08 03:06:37,090 - mylogger - INFO - -0.0258997
2017-05-08 03:06:37,091 - mylogger - INFO - 2015-11-04: sell
2017-05-08 03:06:37,410 - mylogger - INFO - -0.0242291
2017-05-08 03:06:37,411 - mylogger - INFO - 2015-11-05: sell
2017-05-08 03:06:37,836 - mylogger - INFO - -0.025151
2017-05-08 03:06:37,837 - mylogger - INFO - 2015-11-06: sell
2017-05-08 03:06:38,188 - mylogger - INFO - -0.0137781
2017-05-08 03:06:38,189 - mylogger - INFO - 2015-11-09: sell
2017-05-08 03:06:38,514 - mylogger - INFO - -0.00665229
2017-05-08 03:06:38,515 - mylogger - INFO - 2015-11-10: sell
2017-05-08 03:06:38,925 - mylogger - INFO - -0.0168499
2017-05-08 03:06:38,926 - mylogger - INFO - 2015-11-11: sell
2017-05-08 03:06:39,252 - mylogger - INFO - -0.0270238
2017-05-08 03:06:39,253 - mylogger - INFO - 2015-11-12: sell
2017-05-08 03:06:39,570 - mylogger - INFO - -0.0124254
2017-05-08 03:06:39,570 - mylogger - INFO - 2015-11-13: sell
2017-05-08 03:06:39,981 - mylogger - INFO - -0.0203822
2017-05-08 03:06:39,982 - mylogger - INFO - 2015-11-16: sell
2017-05-08 03:06:40,297 - mylogger - INFO - -0.00176865
2017-05-08 03:06:40,298 - mylogger - INFO - 2015-11-17: sell
2017-05-08 03:06:40,615 - mylogger - INFO - -0.0180753
2017-05-08 03:06:40,616 - mylogger - INFO - 2015-11-18: sell
2017-05-08 03:06:41,032 - mylogger - INFO - -0.0218122
2017-05-08 03:06:41,033 - mylogger - INFO - 2015-11-19: sell
2017-05-08 03:06:41,367 - mylogger - INFO - -0.0120384
2017-05-08 03:06:41,368 - mylogger - INFO - 2015-11-20: sell
2017-05-08 03:06:41,687 - mylogger - INFO - -0.0155421
2017-05-08 03:06:41,688 - mylogger - INFO - 2015-11-23: sell
2017-05-08 03:06:42,006 - mylogger - INFO - -0.00050935
2017-05-08 03:06:42,007 - mylogger - INFO - 2015-11-24: sell
2017-05-08 03:06:42,420 - mylogger - INFO - 0.00507562
2017-05-08 03:06:42,421 - mylogger - INFO - 2015-11-25: No cover!
2017-05-08 03:06:42,739 - mylogger - INFO - -0.0014312
2017-05-08 03:06:42,740 - mylogger - INFO - 2015-11-27: sell
2017-05-08 03:06:43,061 - mylogger - INFO - -0.00426782
2017-05-08 03:06:43,061 - mylogger - INFO - 2015-11-30: sell
2017-05-08 03:06:43,473 - mylogger - INFO - -0.00671161
2017-05-08 03:06:43,474 - mylogger - INFO - 2015-12-01: sell
2017-05-08 03:06:43,789 - mylogger - INFO - -0.0123852
2017-05-08 03:06:43,790 - mylogger - INFO - 2015-12-02: sell
2017-05-08 03:06:44,105 - mylogger - INFO - -0.00466421
2017-05-08 03:06:44,106 - mylogger - INFO - 2015-12-03: sell
2017-05-08 03:06:44,516 - mylogger - INFO - 0.00984581
2017-05-08 03:06:44,517 - mylogger - INFO - 2015-12-04: No cover!
2017-05-08 03:06:44,836 - mylogger - INFO - 0.0053095
2017-05-08 03:06:44,837 - mylogger - INFO - 2015-12-07: No cover!
2017-05-08 03:06:45,157 - mylogger - INFO - 0.00367055
2017-05-08 03:06:45,159 - mylogger - INFO - 2015-12-08: No cover!
2017-05-08 03:06:45,577 - mylogger - INFO - 0.0094444
2017-05-08 03:06:45,578 - mylogger - INFO - 2015-12-09: No cover!
2017-05-08 03:06:45,907 - mylogger - INFO - 0.00400051
2017-05-08 03:06:45,908 - mylogger - INFO - 2015-12-10: No cover!
2017-05-08 03:06:46,234 - mylogger - INFO - 0.00225683
2017-05-08 03:06:46,235 - mylogger - INFO - 2015-12-11: No cover!
2017-05-08 03:06:46,555 - mylogger - INFO - 0.00200642
2017-05-08 03:06:46,557 - mylogger - INFO - 2015-12-14: No cover!
2017-05-08 03:06:46,978 - mylogger - INFO - -0.0147468
2017-05-08 03:06:46,978 - mylogger - INFO - 2015-12-15: sell
2017-05-08 03:06:47,294 - mylogger - INFO - 0.00417715
2017-05-08 03:06:47,295 - mylogger - INFO - 2015-12-16: No cover!
2017-05-08 03:06:47,613 - mylogger - INFO - -0.0150406
2017-05-08 03:06:47,614 - mylogger - INFO - 2015-12-17: sell
2017-05-08 03:06:48,031 - mylogger - INFO - -0.00882271
2017-05-08 03:06:48,032 - mylogger - INFO - 2015-12-18: sell
2017-05-08 03:06:48,364 - mylogger - INFO - 0.00684647
2017-05-08 03:06:48,365 - mylogger - INFO - 2015-12-21: No cover!
2017-05-08 03:06:48,689 - mylogger - INFO - -0.00735912
2017-05-08 03:06:48,690 - mylogger - INFO - 2015-12-22: sell
2017-05-08 03:06:49,114 - mylogger - INFO - 0.00439031
2017-05-08 03:06:49,115 - mylogger - INFO - 2015-12-23: No cover!
2017-05-08 03:06:49,435 - mylogger - INFO - 0.00272346
2017-05-08 03:06:49,436 - mylogger - INFO - 2015-12-24: No cover!
2017-05-08 03:06:49,755 - mylogger - INFO - -0.00137194
2017-05-08 03:06:49,756 - mylogger - INFO - 2015-12-28: sell
2017-05-08 03:06:50,187 - mylogger - INFO - -0.00917095
2017-05-08 03:06:50,188 - mylogger - INFO - 2015-12-29: sell
2017-05-08 03:06:50,506 - mylogger - INFO - 0.00269413
2017-05-08 03:06:50,507 - mylogger - INFO - 2015-12-30: No cover!
2017-05-08 03:06:50,832 - mylogger - INFO - -0.00745351
2017-05-08 03:06:50,833 - mylogger - INFO - 2015-12-31: sell
2017-05-08 03:06:51,499 - mylogger - INFO - Total profit and loss: 1.09407014799
2017-05-08 03:06:51,530 - mylogger - INFO - Hit table:
2017-05-08 03:06:51,531 - mylogger - INFO - Date          signal  hit/miss
2017-05-08 03:06:51,531 - mylogger - INFO - 2014-01-02    sell    hit
2017-05-08 03:06:51,531 - mylogger - INFO - 2014-01-03    sell    miss
2017-05-08 03:06:51,531 - mylogger - INFO - 2014-01-06    sell    hit
2017-05-08 03:06:51,532 - mylogger - INFO - 2014-01-07    sell    miss
2017-05-08 03:06:51,532 - mylogger - INFO - 2014-01-08    sell    hit
2017-05-08 03:06:51,532 - mylogger - INFO - 2014-01-09    sell    hit
2017-05-08 03:06:51,532 - mylogger - INFO - 2014-01-10    sell    miss
2017-05-08 03:06:51,532 - mylogger - INFO - 2014-01-13    buy     hit
2017-05-08 03:06:51,532 - mylogger - INFO - 2014-01-14    sell    miss
2017-05-08 03:06:51,533 - mylogger - INFO - 2014-01-15    sell    hit
2017-05-08 03:06:51,533 - mylogger - INFO - 2014-01-16    sell    hit
2017-05-08 03:06:51,533 - mylogger - INFO - 2014-01-17    sell    miss
2017-05-08 03:06:51,533 - mylogger - INFO - 2014-01-21    sell    miss
2017-05-08 03:06:51,533 - mylogger - INFO - 2014-01-22    sell    miss
2017-05-08 03:06:51,533 - mylogger - INFO - 2014-01-23    sell    hit
2017-05-08 03:06:51,534 - mylogger - INFO - 2014-01-24    sell    miss
2017-05-08 03:06:51,534 - mylogger - INFO - 2014-01-27    sell    hit
2017-05-08 03:06:51,534 - mylogger - INFO - 2014-01-28    sell    hit
2017-05-08 03:06:51,534 - mylogger - INFO - 2014-01-29    sell    hit
2017-05-08 03:06:51,534 - mylogger - INFO - 2014-01-30    buy     hit
2017-05-08 03:06:51,535 - mylogger - INFO - 2014-01-31    buy     hit
2017-05-08 03:06:51,535 - mylogger - INFO - 2014-02-03    sell    miss
2017-05-08 03:06:51,535 - mylogger - INFO - 2014-02-04    sell    miss
2017-05-08 03:06:51,535 - mylogger - INFO - 2014-02-05    sell    miss
2017-05-08 03:06:51,536 - mylogger - INFO - 2014-02-06    buy     hit
2017-05-08 03:06:51,536 - mylogger - INFO - 2014-02-07    buy     hit
2017-05-08 03:06:51,536 - mylogger - INFO - 2014-02-10    buy     hit
2017-05-08 03:06:51,536 - mylogger - INFO - 2014-02-11    buy     miss
2017-05-08 03:06:51,537 - mylogger - INFO - 2014-02-12    buy     hit
2017-05-08 03:06:51,537 - mylogger - INFO - 2014-02-13    sell    hit
2017-05-08 03:06:51,537 - mylogger - INFO - 2014-02-14    sell    miss
2017-05-08 03:06:51,537 - mylogger - INFO - 2014-02-18    sell    hit
2017-05-08 03:06:51,537 - mylogger - INFO - 2014-02-19    sell    hit
2017-05-08 03:06:51,538 - mylogger - INFO - 2014-02-20    sell    hit
2017-05-08 03:06:51,538 - mylogger - INFO - 2014-02-21    buy     hit
2017-05-08 03:06:51,538 - mylogger - INFO - 2014-02-24    sell    hit
2017-05-08 03:06:51,539 - mylogger - INFO - 2014-02-25    sell    hit
2017-05-08 03:06:51,539 - mylogger - INFO - 2014-02-26    buy     hit
2017-05-08 03:06:51,539 - mylogger - INFO - 2014-02-27    buy     miss
2017-05-08 03:06:51,539 - mylogger - INFO - 2014-02-28    buy     hit
2017-05-08 03:06:51,540 - mylogger - INFO - 2014-03-03    sell    miss
2017-05-08 03:06:51,540 - mylogger - INFO - 2014-03-04    buy     hit
2017-05-08 03:06:51,540 - mylogger - INFO - 2014-03-05    sell    hit
2017-05-08 03:06:51,541 - mylogger - INFO - 2014-03-06    sell    hit
2017-05-08 03:06:51,541 - mylogger - INFO - 2014-03-07    sell    miss
2017-05-08 03:06:51,541 - mylogger - INFO - 2014-03-10    sell    miss
2017-05-08 03:06:51,541 - mylogger - INFO - 2014-03-11    sell    miss
2017-05-08 03:06:51,541 - mylogger - INFO - 2014-03-12    sell    hit
2017-05-08 03:06:51,542 - mylogger - INFO - 2014-03-13    sell    hit
2017-05-08 03:06:51,542 - mylogger - INFO - 2014-03-14    sell    miss
2017-05-08 03:06:51,542 - mylogger - INFO - 2014-03-17    sell    miss
2017-05-08 03:06:51,542 - mylogger - INFO - 2014-03-18    buy     miss
2017-05-08 03:06:51,542 - mylogger - INFO - 2014-03-19    sell    hit
2017-05-08 03:06:51,543 - mylogger - INFO - 2014-03-20    sell    miss
2017-05-08 03:06:51,543 - mylogger - INFO - 2014-03-21    sell    miss
2017-05-08 03:06:51,543 - mylogger - INFO - 2014-03-24    buy     hit
2017-05-08 03:06:51,543 - mylogger - INFO - 2014-03-25    sell    hit
2017-05-08 03:06:51,543 - mylogger - INFO - 2014-03-26    sell    hit
2017-05-08 03:06:51,544 - mylogger - INFO - 2014-03-27    sell    hit
2017-05-08 03:06:51,544 - mylogger - INFO - 2014-03-28    sell    hit
2017-05-08 03:06:51,544 - mylogger - INFO - 2014-03-31    buy     hit
2017-05-08 03:06:51,544 - mylogger - INFO - 2014-04-01    buy     hit
2017-05-08 03:06:51,544 - mylogger - INFO - 2014-04-02    sell    hit
2017-05-08 03:06:51,544 - mylogger - INFO - 2014-04-03    buy     miss
2017-05-08 03:06:51,544 - mylogger - INFO - 2014-04-04    sell    hit
2017-05-08 03:06:51,545 - mylogger - INFO - 2014-04-07    buy     miss
2017-05-08 03:06:51,545 - mylogger - INFO - 2014-04-08    sell    miss
2017-05-08 03:06:51,545 - mylogger - INFO - 2014-04-09    sell    hit
2017-05-08 03:06:51,545 - mylogger - INFO - 2014-04-10    sell    hit
2017-05-08 03:06:51,545 - mylogger - INFO - 2014-04-11    sell    miss
2017-05-08 03:06:51,545 - mylogger - INFO - 2014-04-14    sell    hit
2017-05-08 03:06:51,545 - mylogger - INFO - 2014-04-15    sell    miss
2017-05-08 03:06:51,545 - mylogger - INFO - 2014-04-16    sell    miss
2017-05-08 03:06:51,546 - mylogger - INFO - 2014-04-17    sell    miss
2017-05-08 03:06:51,546 - mylogger - INFO - 2014-04-21    buy     hit
2017-05-08 03:06:51,546 - mylogger - INFO - 2014-04-22    buy     miss
2017-05-08 03:06:51,546 - mylogger - INFO - 2014-04-23    sell    miss
2017-05-08 03:06:51,546 - mylogger - INFO - 2014-04-24    sell    miss
2017-05-08 03:06:51,546 - mylogger - INFO - 2014-04-25    sell    miss
2017-05-08 03:06:51,546 - mylogger - INFO - 2014-04-28    buy     miss
2017-05-08 03:06:51,546 - mylogger - INFO - 2014-04-29    sell    hit
2017-05-08 03:06:51,547 - mylogger - INFO - 2014-04-30    sell    miss
2017-05-08 03:06:51,547 - mylogger - INFO - 2014-05-01    sell    miss
2017-05-08 03:06:51,547 - mylogger - INFO - 2014-05-02    buy     hit
2017-05-08 03:06:51,547 - mylogger - INFO - 2014-05-05    sell    hit
2017-05-08 03:06:51,547 - mylogger - INFO - 2014-05-06    sell    hit
2017-05-08 03:06:51,547 - mylogger - INFO - 2014-05-07    sell    hit
2017-05-08 03:06:51,547 - mylogger - INFO - 2014-05-08    sell    hit
2017-05-08 03:06:51,548 - mylogger - INFO - 2014-05-09    sell    miss
2017-05-08 03:06:51,548 - mylogger - INFO - 2014-05-12    sell    miss
2017-05-08 03:06:51,548 - mylogger - INFO - 2014-05-13    sell    miss
2017-05-08 03:06:51,548 - mylogger - INFO - 2014-05-14    sell    hit
2017-05-08 03:06:51,548 - mylogger - INFO - 2014-05-15    sell    miss
2017-05-08 03:06:51,548 - mylogger - INFO - 2014-05-16    sell    miss
2017-05-08 03:06:51,549 - mylogger - INFO - 2014-05-19    sell    miss
2017-05-08 03:06:51,549 - mylogger - INFO - 2014-05-20    sell    miss
2017-05-08 03:06:51,549 - mylogger - INFO - 2014-05-21    sell    miss
2017-05-08 03:06:51,549 - mylogger - INFO - 2014-05-22    buy     hit
2017-05-08 03:06:51,549 - mylogger - INFO - 2014-05-23    sell    miss
2017-05-08 03:06:51,550 - mylogger - INFO - 2014-05-27    buy     miss
2017-05-08 03:06:51,550 - mylogger - INFO - 2014-05-28    buy     hit
2017-05-08 03:06:51,550 - mylogger - INFO - 2014-05-29    buy     miss
2017-05-08 03:06:51,550 - mylogger - INFO - 2014-05-30    buy     miss
2017-05-08 03:06:51,550 - mylogger - INFO - 2014-06-02    buy     hit
2017-05-08 03:06:51,550 - mylogger - INFO - 2014-06-03    buy     hit
2017-05-08 03:06:51,551 - mylogger - INFO - 2014-06-04    sell    miss
2017-05-08 03:06:51,555 - mylogger - INFO - 2014-06-05    buy     miss
2017-05-08 03:06:51,555 - mylogger - INFO - 2014-06-06    sell    miss
2017-05-08 03:06:51,555 - mylogger - INFO - 2014-06-09    sell    miss
2017-05-08 03:06:51,555 - mylogger - INFO - 2014-06-10    sell    hit
2017-05-08 03:06:51,555 - mylogger - INFO - 2014-06-11    sell    hit
2017-05-08 03:06:51,556 - mylogger - INFO - 2014-06-12    sell    hit
2017-05-08 03:06:51,556 - mylogger - INFO - 2014-06-13    buy     hit
2017-05-08 03:06:51,556 - mylogger - INFO - 2014-06-16    sell    hit
2017-05-08 03:06:51,556 - mylogger - INFO - 2014-06-17    buy     hit
2017-05-08 03:06:51,556 - mylogger - INFO - 2014-06-18    sell    hit
2017-05-08 03:06:51,556 - mylogger - INFO - 2014-06-19    buy     miss
2017-05-08 03:06:51,557 - mylogger - INFO - 2014-06-20    buy     miss
2017-05-08 03:06:51,557 - mylogger - INFO - 2014-06-23    buy     miss
2017-05-08 03:06:51,557 - mylogger - INFO - 2014-06-24    buy     hit
2017-05-08 03:06:51,557 - mylogger - INFO - 2014-06-25    buy     hit
2017-05-08 03:06:51,557 - mylogger - INFO - 2014-06-26    buy     hit
2017-05-08 03:06:51,557 - mylogger - INFO - 2014-06-27    sell    miss
2017-05-08 03:06:51,558 - mylogger - INFO - 2014-06-30    buy     hit
2017-05-08 03:06:51,558 - mylogger - INFO - 2014-07-01    buy     miss
2017-05-08 03:06:51,558 - mylogger - INFO - 2014-07-02    buy     hit
2017-05-08 03:06:51,558 - mylogger - INFO - 2014-07-03    buy     hit
2017-05-08 03:06:51,558 - mylogger - INFO - 2014-07-07    sell    hit
2017-05-08 03:06:51,558 - mylogger - INFO - 2014-07-08    sell    miss
2017-05-08 03:06:51,559 - mylogger - INFO - 2014-07-09    sell    hit
2017-05-08 03:06:51,559 - mylogger - INFO - 2014-07-10    sell    miss
2017-05-08 03:06:51,559 - mylogger - INFO - 2014-07-11    buy     hit
2017-05-08 03:06:51,559 - mylogger - INFO - 2014-07-14    sell    hit
2017-05-08 03:06:51,559 - mylogger - INFO - 2014-07-15    sell    hit
2017-05-08 03:06:51,559 - mylogger - INFO - 2014-07-16    buy     miss
2017-05-08 03:06:51,560 - mylogger - INFO - 2014-07-17    sell    miss
2017-05-08 03:06:51,560 - mylogger - INFO - 2014-07-18    sell    hit
2017-05-08 03:06:51,560 - mylogger - INFO - 2014-07-21    sell    miss
2017-05-08 03:06:51,560 - mylogger - INFO - 2014-07-22    sell    miss
2017-05-08 03:06:51,560 - mylogger - INFO - 2014-07-23    sell    hit
2017-05-08 03:06:51,561 - mylogger - INFO - 2014-07-24    sell    miss
2017-05-08 03:06:51,561 - mylogger - INFO - 2014-07-25    sell    miss
2017-05-08 03:06:51,561 - mylogger - INFO - 2014-07-28    sell    hit
2017-05-08 03:06:51,561 - mylogger - INFO - 2014-07-29    sell    hit
2017-05-08 03:06:51,561 - mylogger - INFO - 2014-07-30    sell    hit
2017-05-08 03:06:51,562 - mylogger - INFO - 2014-07-31    sell    miss
2017-05-08 03:06:51,564 - mylogger - INFO - 2014-08-01    sell    hit
2017-05-08 03:06:51,565 - mylogger - INFO - 2014-08-04    sell    hit
2017-05-08 03:06:51,565 - mylogger - INFO - 2014-08-05    buy     miss
2017-05-08 03:06:51,566 - mylogger - INFO - 2014-08-06    buy     miss
2017-05-08 03:06:51,566 - mylogger - INFO - 2014-08-07    buy     hit
2017-05-08 03:06:51,567 - mylogger - INFO - 2014-08-08    sell    miss
2017-05-08 03:06:51,568 - mylogger - INFO - 2014-08-11    buy     miss
2017-05-08 03:06:51,568 - mylogger - INFO - 2014-08-12    sell    miss
2017-05-08 03:06:51,569 - mylogger - INFO - 2014-08-13    buy     hit
2017-05-08 03:06:51,569 - mylogger - INFO - 2014-08-14    buy     hit
2017-05-08 03:06:51,570 - mylogger - INFO - 2014-08-15    buy     hit
2017-05-08 03:06:51,570 - mylogger - INFO - 2014-08-18    buy     hit
2017-05-08 03:06:51,571 - mylogger - INFO - 2014-08-19    buy     hit
2017-05-08 03:06:51,571 - mylogger - INFO - 2014-08-20    buy     hit
2017-05-08 03:06:51,571 - mylogger - INFO - 2014-08-21    buy     hit
2017-05-08 03:06:51,572 - mylogger - INFO - 2014-08-22    buy     hit
2017-05-08 03:06:51,572 - mylogger - INFO - 2014-08-25    buy     miss
2017-05-08 03:06:51,572 - mylogger - INFO - 2014-08-26    sell    miss
2017-05-08 03:06:51,572 - mylogger - INFO - 2014-08-27    sell    miss
2017-05-08 03:06:51,572 - mylogger - INFO - 2014-08-28    sell    miss
2017-05-08 03:06:51,573 - mylogger - INFO - 2014-08-29    sell    miss
2017-05-08 03:06:51,573 - mylogger - INFO - 2014-09-02    sell    hit
2017-05-08 03:06:51,573 - mylogger - INFO - 2014-09-03    sell    hit
2017-05-08 03:06:51,574 - mylogger - INFO - 2014-09-04    buy     hit
2017-05-08 03:06:51,574 - mylogger - INFO - 2014-09-05    sell    hit
2017-05-08 03:06:51,574 - mylogger - INFO - 2014-09-08    buy     miss
2017-05-08 03:06:51,575 - mylogger - INFO - 2014-09-09    buy     hit
2017-05-08 03:06:51,575 - mylogger - INFO - 2014-09-10    buy     hit
2017-05-08 03:06:51,575 - mylogger - INFO - 2014-09-11    sell    miss
2017-05-08 03:06:51,575 - mylogger - INFO - 2014-09-12    sell    hit
2017-05-08 03:06:51,576 - mylogger - INFO - 2014-09-15    sell    hit
2017-05-08 03:06:51,576 - mylogger - INFO - 2014-09-16    sell    miss
2017-05-08 03:06:51,576 - mylogger - INFO - 2014-09-17    sell    miss
2017-05-08 03:06:51,576 - mylogger - INFO - 2014-09-18    sell    hit
2017-05-08 03:06:51,577 - mylogger - INFO - 2014-09-19    sell    miss
2017-05-08 03:06:51,577 - mylogger - INFO - 2014-09-22    sell    miss
2017-05-08 03:06:51,577 - mylogger - INFO - 2014-09-23    sell    hit
2017-05-08 03:06:51,578 - mylogger - INFO - 2014-09-24    sell    hit
2017-05-08 03:06:51,578 - mylogger - INFO - 2014-09-25    sell    miss
2017-05-08 03:06:51,578 - mylogger - INFO - 2014-09-26    sell    hit
2017-05-08 03:06:51,579 - mylogger - INFO - 2014-09-29    sell    miss
2017-05-08 03:06:51,579 - mylogger - INFO - 2014-09-30    sell    hit
2017-05-08 03:06:51,580 - mylogger - INFO - 2014-10-01    sell    miss
2017-05-08 03:06:51,580 - mylogger - INFO - 2014-10-02    sell    hit
2017-05-08 03:06:51,581 - mylogger - INFO - 2014-10-03    sell    miss
2017-05-08 03:06:51,581 - mylogger - INFO - 2014-10-06    sell    hit
2017-05-08 03:06:51,581 - mylogger - INFO - 2014-10-07    sell    miss
2017-05-08 03:06:51,582 - mylogger - INFO - 2014-10-08    sell    miss
2017-05-08 03:06:51,582 - mylogger - INFO - 2014-10-09    buy     miss
2017-05-08 03:06:51,582 - mylogger - INFO - 2014-10-10    buy     miss
2017-05-08 03:06:51,583 - mylogger - INFO - 2014-10-13    sell    hit
2017-05-08 03:06:51,583 - mylogger - INFO - 2014-10-14    buy     miss
2017-05-08 03:06:51,583 - mylogger - INFO - 2014-10-15    sell    hit
2017-05-08 03:06:51,584 - mylogger - INFO - 2014-10-16    sell    miss
2017-05-08 03:06:51,584 - mylogger - INFO - 2014-10-17    buy     hit
2017-05-08 03:06:51,584 - mylogger - INFO - 2014-10-20    buy     hit
2017-05-08 03:06:51,584 - mylogger - INFO - 2014-10-21    buy     hit
2017-05-08 03:06:51,584 - mylogger - INFO - 2014-10-22    sell    miss
2017-05-08 03:06:51,585 - mylogger - INFO - 2014-10-23    buy     hit
2017-05-08 03:06:51,585 - mylogger - INFO - 2014-10-24    buy     miss
2017-05-08 03:06:51,585 - mylogger - INFO - 2014-10-27    buy     hit
2017-05-08 03:06:51,585 - mylogger - INFO - 2014-10-28    buy     hit
2017-05-08 03:06:51,585 - mylogger - INFO - 2014-10-29    sell    hit
2017-05-08 03:06:51,585 - mylogger - INFO - 2014-10-30    buy     hit
2017-05-08 03:06:51,586 - mylogger - INFO - 2014-10-31    sell    miss
2017-05-08 03:06:51,586 - mylogger - INFO - 2014-11-03    sell    hit
2017-05-08 03:06:51,586 - mylogger - INFO - 2014-11-04    sell    miss
2017-05-08 03:06:51,586 - mylogger - INFO - 2014-11-05    sell    miss
2017-05-08 03:06:51,586 - mylogger - INFO - 2014-11-06    buy     hit
2017-05-08 03:06:51,586 - mylogger - INFO - 2014-11-07    buy     miss
2017-05-08 03:06:51,586 - mylogger - INFO - 2014-11-10    sell    miss
2017-05-08 03:06:51,587 - mylogger - INFO - 2014-11-11    sell    miss
2017-05-08 03:06:51,587 - mylogger - INFO - 2014-11-12    sell    miss
2017-05-08 03:06:51,587 - mylogger - INFO - 2014-11-13    sell    miss
2017-05-08 03:06:51,587 - mylogger - INFO - 2014-11-14    buy     miss
2017-05-08 03:06:51,587 - mylogger - INFO - 2014-11-17    sell    miss
2017-05-08 03:06:51,587 - mylogger - INFO - 2014-11-18    sell    hit
2017-05-08 03:06:51,588 - mylogger - INFO - 2014-11-19    sell    miss
2017-05-08 03:06:51,588 - mylogger - INFO - 2014-11-20    buy     hit
2017-05-08 03:06:51,588 - mylogger - INFO - 2014-11-21    buy     hit
2017-05-08 03:06:51,588 - mylogger - INFO - 2014-11-24    buy     miss
2017-05-08 03:06:51,588 - mylogger - INFO - 2014-11-25    buy     hit
2017-05-08 03:06:51,588 - mylogger - INFO - 2014-11-26    sell    hit
2017-05-08 03:06:51,589 - mylogger - INFO - 2014-11-28    buy     miss
2017-05-08 03:06:51,589 - mylogger - INFO - 2014-12-01    sell    hit
2017-05-08 03:06:51,589 - mylogger - INFO - 2014-12-02    sell    miss
2017-05-08 03:06:51,589 - mylogger - INFO - 2014-12-03    sell    hit
2017-05-08 03:06:51,589 - mylogger - INFO - 2014-12-04    sell    hit
2017-05-08 03:06:51,589 - mylogger - INFO - 2014-12-05    sell    hit
2017-05-08 03:06:51,590 - mylogger - INFO - 2014-12-08    buy     hit
2017-05-08 03:06:51,590 - mylogger - INFO - 2014-12-09    sell    hit
2017-05-08 03:06:51,590 - mylogger - INFO - 2014-12-10    buy     miss
2017-05-08 03:06:51,590 - mylogger - INFO - 2014-12-11    sell    hit
2017-05-08 03:06:51,590 - mylogger - INFO - 2014-12-12    sell    hit
2017-05-08 03:06:51,591 - mylogger - INFO - 2014-12-15    sell    hit
2017-05-08 03:06:51,591 - mylogger - INFO - 2014-12-16    sell    miss
2017-05-08 03:06:51,591 - mylogger - INFO - 2014-12-17    sell    miss
2017-05-08 03:06:51,591 - mylogger - INFO - 2014-12-18    buy     miss
2017-05-08 03:06:51,591 - mylogger - INFO - 2014-12-19    buy     hit
2017-05-08 03:06:51,591 - mylogger - INFO - 2014-12-22    buy     miss
2017-05-08 03:06:51,592 - mylogger - INFO - 2014-12-23    buy     miss
2017-05-08 03:06:51,592 - mylogger - INFO - 2014-12-24    buy     hit
2017-05-08 03:06:51,592 - mylogger - INFO - 2014-12-26    buy     miss
2017-05-08 03:06:51,592 - mylogger - INFO - 2014-12-29    buy     miss
2017-05-08 03:06:51,592 - mylogger - INFO - 2014-12-30    buy     miss
2017-05-08 03:06:51,593 - mylogger - INFO - 2014-12-31    buy     miss
2017-05-08 03:06:51,593 - mylogger - INFO - 2015-01-02    buy     miss
2017-05-08 03:06:51,593 - mylogger - INFO - 2015-01-05    buy     hit
2017-05-08 03:06:51,593 - mylogger - INFO - 2015-01-06    buy     hit
2017-05-08 03:06:51,593 - mylogger - INFO - 2015-01-07    buy     hit
2017-05-08 03:06:51,593 - mylogger - INFO - 2015-01-08    buy     hit
2017-05-08 03:06:51,594 - mylogger - INFO - 2015-01-09    sell    hit
2017-05-08 03:06:51,594 - mylogger - INFO - 2015-01-12    buy     hit
2017-05-08 03:06:51,594 - mylogger - INFO - 2015-01-13    buy     miss
2017-05-08 03:06:51,594 - mylogger - INFO - 2015-01-14    sell    hit
2017-05-08 03:06:51,594 - mylogger - INFO - 2015-01-15    buy     miss
2017-05-08 03:06:51,595 - mylogger - INFO - 2015-01-16    buy     hit
2017-05-08 03:06:51,595 - mylogger - INFO - 2015-01-20    sell    miss
2017-05-08 03:06:51,595 - mylogger - INFO - 2015-01-21    buy     hit
2017-05-08 03:06:51,595 - mylogger - INFO - 2015-01-22    buy     hit
2017-05-08 03:06:51,596 - mylogger - INFO - 2015-01-23    buy     hit
2017-05-08 03:06:51,596 - mylogger - INFO - 2015-01-26    buy     miss
2017-05-08 03:06:51,596 - mylogger - INFO - 2015-01-27    buy     hit
2017-05-08 03:06:51,596 - mylogger - INFO - 2015-01-28    buy     hit
2017-05-08 03:06:51,596 - mylogger - INFO - 2015-01-29    buy     miss
2017-05-08 03:06:51,597 - mylogger - INFO - 2015-01-30    buy     hit
2017-05-08 03:06:51,597 - mylogger - INFO - 2015-02-02    buy     hit
2017-05-08 03:06:51,597 - mylogger - INFO - 2015-02-03    buy     hit
2017-05-08 03:06:51,597 - mylogger - INFO - 2015-02-04    buy     hit
2017-05-08 03:06:51,597 - mylogger - INFO - 2015-02-05    buy     miss
2017-05-08 03:06:51,598 - mylogger - INFO - 2015-02-06    buy     hit
2017-05-08 03:06:51,598 - mylogger - INFO - 2015-02-09    sell    miss
2017-05-08 03:06:51,598 - mylogger - INFO - 2015-02-10    buy     hit
2017-05-08 03:06:51,598 - mylogger - INFO - 2015-02-11    buy     hit
2017-05-08 03:06:51,599 - mylogger - INFO - 2015-02-12    buy     hit
2017-05-08 03:06:51,599 - mylogger - INFO - 2015-02-13    buy     hit
2017-05-08 03:06:51,599 - mylogger - INFO - 2015-02-17    buy     hit
2017-05-08 03:06:51,599 - mylogger - INFO - 2015-02-18    buy     miss
2017-05-08 03:06:51,599 - mylogger - INFO - 2015-02-19    buy     hit
2017-05-08 03:06:51,600 - mylogger - INFO - 2015-02-20    buy     hit
2017-05-08 03:06:51,603 - mylogger - INFO - 2015-02-23    buy     miss
2017-05-08 03:06:51,603 - mylogger - INFO - 2015-02-24    buy     miss
2017-05-08 03:06:51,604 - mylogger - INFO - 2015-02-25    buy     hit
2017-05-08 03:06:51,604 - mylogger - INFO - 2015-02-26    buy     miss
2017-05-08 03:06:51,604 - mylogger - INFO - 2015-02-27    buy     hit
2017-05-08 03:06:51,604 - mylogger - INFO - 2015-03-02    buy     hit
2017-05-08 03:06:51,604 - mylogger - INFO - 2015-03-03    buy     miss
2017-05-08 03:06:51,604 - mylogger - INFO - 2015-03-04    buy     miss
2017-05-08 03:06:51,605 - mylogger - INFO - 2015-03-05    sell    miss
2017-05-08 03:06:51,605 - mylogger - INFO - 2015-03-06    sell    miss
2017-05-08 03:06:51,605 - mylogger - INFO - 2015-03-09    buy     miss
2017-05-08 03:06:51,605 - mylogger - INFO - 2015-03-10    sell    hit
2017-05-08 03:06:51,605 - mylogger - INFO - 2015-03-11    sell    miss
2017-05-08 03:06:51,605 - mylogger - INFO - 2015-03-12    sell    hit
2017-05-08 03:06:51,606 - mylogger - INFO - 2015-03-13    sell    miss
2017-05-08 03:06:51,606 - mylogger - INFO - 2015-03-16    sell    miss
2017-05-08 03:06:51,606 - mylogger - INFO - 2015-03-17    sell    miss
2017-05-08 03:06:51,606 - mylogger - INFO - 2015-03-18    sell    hit
2017-05-08 03:06:51,606 - mylogger - INFO - 2015-03-19    sell    hit
2017-05-08 03:06:51,606 - mylogger - INFO - 2015-03-20    buy     hit
2017-05-08 03:06:51,606 - mylogger - INFO - 2015-03-23    buy     miss
2017-05-08 03:06:51,607 - mylogger - INFO - 2015-03-24    buy     miss
2017-05-08 03:06:51,607 - mylogger - INFO - 2015-03-25    buy     hit
2017-05-08 03:06:51,607 - mylogger - INFO - 2015-03-26    buy     miss
2017-05-08 03:06:51,607 - mylogger - INFO - 2015-03-27    buy     hit
2017-05-08 03:06:51,607 - mylogger - INFO - 2015-03-30    buy     miss
2017-05-08 03:06:51,607 - mylogger - INFO - 2015-03-31    sell    hit
2017-05-08 03:06:51,608 - mylogger - INFO - 2015-04-01    sell    miss
2017-05-08 03:06:51,608 - mylogger - INFO - 2015-04-02    sell    miss
2017-05-08 03:06:51,608 - mylogger - INFO - 2015-04-06    sell    hit
2017-05-08 03:06:51,608 - mylogger - INFO - 2015-04-07    buy     miss
2017-05-08 03:06:51,608 - mylogger - INFO - 2015-04-08    sell    miss
2017-05-08 03:06:51,608 - mylogger - INFO - 2015-04-09    sell    miss
2017-05-08 03:06:51,609 - mylogger - INFO - 2015-04-10    buy     miss
2017-05-08 03:06:51,609 - mylogger - INFO - 2015-04-13    buy     miss
2017-05-08 03:06:51,609 - mylogger - INFO - 2015-04-14    sell    miss
2017-05-08 03:06:51,609 - mylogger - INFO - 2015-04-15    buy     miss
2017-05-08 03:06:51,609 - mylogger - INFO - 2015-04-16    buy     miss
2017-05-08 03:06:51,610 - mylogger - INFO - 2015-04-17    buy     hit
2017-05-08 03:06:51,610 - mylogger - INFO - 2015-04-20    buy     miss
2017-05-08 03:06:51,611 - mylogger - INFO - 2015-04-21    buy     hit
2017-05-08 03:06:51,611 - mylogger - INFO - 2015-04-22    sell    miss
2017-05-08 03:06:51,612 - mylogger - INFO - 2015-04-23    buy     hit
2017-05-08 03:06:51,612 - mylogger - INFO - 2015-04-24    buy     hit
2017-05-08 03:06:51,612 - mylogger - INFO - 2015-04-27    buy     miss
2017-05-08 03:06:51,612 - mylogger - INFO - 2015-04-28    buy     miss
2017-05-08 03:06:51,612 - mylogger - INFO - 2015-04-29    buy     miss
2017-05-08 03:06:51,613 - mylogger - INFO - 2015-04-30    buy     hit
2017-05-08 03:06:51,614 - mylogger - INFO - 2015-05-01    sell    hit
2017-05-08 03:06:51,614 - mylogger - INFO - 2015-05-04    buy     miss
2017-05-08 03:06:51,614 - mylogger - INFO - 2015-05-05    sell    hit
2017-05-08 03:06:51,614 - mylogger - INFO - 2015-05-06    sell    miss
2017-05-08 03:06:51,616 - mylogger - INFO - 2015-05-07    buy     hit
2017-05-08 03:06:51,616 - mylogger - INFO - 2015-05-08    sell    hit
2017-05-08 03:06:51,617 - mylogger - INFO - 2015-05-11    sell    hit
2017-05-08 03:06:51,617 - mylogger - INFO - 2015-05-12    sell    miss
2017-05-08 03:06:51,617 - mylogger - INFO - 2015-05-13    buy     hit
2017-05-08 03:06:51,618 - mylogger - INFO - 2015-05-14    sell    hit
2017-05-08 03:06:51,619 - mylogger - INFO - 2015-05-15    sell    miss
2017-05-08 03:06:51,619 - mylogger - INFO - 2015-05-18    sell    hit
2017-05-08 03:06:51,619 - mylogger - INFO - 2015-05-19    sell    hit
2017-05-08 03:06:51,620 - mylogger - INFO - 2015-05-20    sell    miss
2017-05-08 03:06:51,620 - mylogger - INFO - 2015-05-21    buy     hit
2017-05-08 03:06:51,620 - mylogger - INFO - 2015-05-22    sell    hit
2017-05-08 03:06:51,621 - mylogger - INFO - 2015-05-26    sell    miss
2017-05-08 03:06:51,621 - mylogger - INFO - 2015-05-27    buy     miss
2017-05-08 03:06:51,622 - mylogger - INFO - 2015-05-28    buy     miss
2017-05-08 03:06:51,622 - mylogger - INFO - 2015-05-29    buy     hit
2017-05-08 03:06:51,623 - mylogger - INFO - 2015-06-01    sell    hit
2017-05-08 03:06:51,623 - mylogger - INFO - 2015-06-02    sell    miss
2017-05-08 03:06:51,623 - mylogger - INFO - 2015-06-03    sell    hit
2017-05-08 03:06:51,624 - mylogger - INFO - 2015-06-04    sell    hit
2017-05-08 03:06:51,624 - mylogger - INFO - 2015-06-05    sell    hit
2017-05-08 03:06:51,624 - mylogger - INFO - 2015-06-08    buy     miss
2017-05-08 03:06:51,625 - mylogger - INFO - 2015-06-09    sell    miss
2017-05-08 03:06:51,625 - mylogger - INFO - 2015-06-10    sell    hit
2017-05-08 03:06:51,625 - mylogger - INFO - 2015-06-11    buy     miss
2017-05-08 03:06:51,626 - mylogger - INFO - 2015-06-12    buy     miss
2017-05-08 03:06:51,626 - mylogger - INFO - 2015-06-15    buy     hit
2017-05-08 03:06:51,626 - mylogger - INFO - 2015-06-16    buy     miss
2017-05-08 03:06:51,627 - mylogger - INFO - 2015-06-17    sell    miss
2017-05-08 03:06:51,627 - mylogger - INFO - 2015-06-18    buy     miss
2017-05-08 03:06:51,628 - mylogger - INFO - 2015-06-19    buy     hit
2017-05-08 03:06:51,628 - mylogger - INFO - 2015-06-22    sell    hit
2017-05-08 03:06:51,628 - mylogger - INFO - 2015-06-23    buy     hit
2017-05-08 03:06:51,629 - mylogger - INFO - 2015-06-24    buy     miss
2017-05-08 03:06:51,629 - mylogger - INFO - 2015-06-25    sell    hit
2017-05-08 03:06:51,629 - mylogger - INFO - 2015-06-26    sell    hit
2017-05-08 03:06:51,629 - mylogger - INFO - 2015-06-29    buy     hit
2017-05-08 03:06:51,629 - mylogger - INFO - 2015-06-30    buy     hit
2017-05-08 03:06:51,629 - mylogger - INFO - 2015-07-01    buy     miss
2017-05-08 03:06:51,630 - mylogger - INFO - 2015-07-02    buy     miss
2017-05-08 03:06:51,630 - mylogger - INFO - 2015-07-06    buy     miss
2017-05-08 03:06:51,630 - mylogger - INFO - 2015-07-07    sell    hit
2017-05-08 03:06:51,630 - mylogger - INFO - 2015-07-08    buy     miss
2017-05-08 03:06:51,630 - mylogger - INFO - 2015-07-09    buy     hit
2017-05-08 03:06:51,630 - mylogger - INFO - 2015-07-10    buy     hit
2017-05-08 03:06:51,631 - mylogger - INFO - 2015-07-13    buy     miss
2017-05-08 03:06:51,631 - mylogger - INFO - 2015-07-14    buy     hit
2017-05-08 03:06:51,631 - mylogger - INFO - 2015-07-15    buy     hit
2017-05-08 03:06:51,631 - mylogger - INFO - 2015-07-16    sell    miss
2017-05-08 03:06:51,631 - mylogger - INFO - 2015-07-17    buy     hit
2017-05-08 03:06:51,631 - mylogger - INFO - 2015-07-20    buy     miss
2017-05-08 03:06:51,632 - mylogger - INFO - 2015-07-21    buy     miss
2017-05-08 03:06:51,632 - mylogger - INFO - 2015-07-22    sell    hit
2017-05-08 03:06:51,632 - mylogger - INFO - 2015-07-23    buy     miss
2017-05-08 03:06:51,632 - mylogger - INFO - 2015-07-24    buy     miss
2017-05-08 03:06:51,632 - mylogger - INFO - 2015-07-27    buy     hit
2017-05-08 03:06:51,633 - mylogger - INFO - 2015-07-28    buy     miss
2017-05-08 03:06:51,633 - mylogger - INFO - 2015-07-29    sell    hit
2017-05-08 03:06:51,633 - mylogger - INFO - 2015-07-30    buy     miss
2017-05-08 03:06:51,633 - mylogger - INFO - 2015-07-31    buy     miss
2017-05-08 03:06:51,633 - mylogger - INFO - 2015-08-03    buy     miss
2017-05-08 03:06:51,633 - mylogger - INFO - 2015-08-04    sell    miss
2017-05-08 03:06:51,633 - mylogger - INFO - 2015-08-05    buy     hit
2017-05-08 03:06:51,634 - mylogger - INFO - 2015-08-06    buy     hit
2017-05-08 03:06:51,634 - mylogger - INFO - 2015-08-07    sell    miss
2017-05-08 03:06:51,634 - mylogger - INFO - 2015-08-10    buy     miss
2017-05-08 03:06:51,634 - mylogger - INFO - 2015-08-11    sell    miss
2017-05-08 03:06:51,634 - mylogger - INFO - 2015-08-12    sell    hit
2017-05-08 03:06:51,634 - mylogger - INFO - 2015-08-13    sell    miss
2017-05-08 03:06:51,635 - mylogger - INFO - 2015-08-14    sell    miss
2017-05-08 03:06:51,635 - mylogger - INFO - 2015-08-17    sell    hit
2017-05-08 03:06:51,635 - mylogger - INFO - 2015-08-18    buy     miss
2017-05-08 03:06:51,635 - mylogger - INFO - 2015-08-19    buy     miss
2017-05-08 03:06:51,635 - mylogger - INFO - 2015-08-20    buy     miss
2017-05-08 03:06:51,635 - mylogger - INFO - 2015-08-21    buy     miss
2017-05-08 03:06:51,636 - mylogger - INFO - 2015-08-24    sell    miss
2017-05-08 03:06:51,636 - mylogger - INFO - 2015-08-25    sell    miss
2017-05-08 03:06:51,636 - mylogger - INFO - 2015-08-26    sell    miss
2017-05-08 03:06:51,636 - mylogger - INFO - 2015-08-27    buy     hit
2017-05-08 03:06:51,636 - mylogger - INFO - 2015-08-28    sell    hit
2017-05-08 03:06:51,636 - mylogger - INFO - 2015-08-31    sell    hit
2017-05-08 03:06:51,636 - mylogger - INFO - 2015-09-01    buy     hit
2017-05-08 03:06:51,637 - mylogger - INFO - 2015-09-02    sell    hit
2017-05-08 03:06:51,637 - mylogger - INFO - 2015-09-03    sell    hit
2017-05-08 03:06:51,637 - mylogger - INFO - 2015-09-04    sell    miss
2017-05-08 03:06:51,637 - mylogger - INFO - 2015-09-08    sell    hit
2017-05-08 03:06:51,637 - mylogger - INFO - 2015-09-09    sell    miss
2017-05-08 03:06:51,637 - mylogger - INFO - 2015-09-10    sell    miss
2017-05-08 03:06:51,638 - mylogger - INFO - 2015-09-11    buy     hit
2017-05-08 03:06:51,638 - mylogger - INFO - 2015-09-14    sell    miss
2017-05-08 03:06:51,638 - mylogger - INFO - 2015-09-15    sell    miss
2017-05-08 03:06:51,638 - mylogger - INFO - 2015-09-16    sell    hit
2017-05-08 03:06:51,638 - mylogger - INFO - 2015-09-17    sell    hit
2017-05-08 03:06:51,638 - mylogger - INFO - 2015-09-18    sell    miss
2017-05-08 03:06:51,639 - mylogger - INFO - 2015-09-21    buy     miss
2017-05-08 03:06:51,639 - mylogger - INFO - 2015-09-22    sell    miss
2017-05-08 03:06:51,639 - mylogger - INFO - 2015-09-23    sell    miss
2017-05-08 03:06:51,639 - mylogger - INFO - 2015-09-24    sell    hit
2017-05-08 03:06:51,639 - mylogger - INFO - 2015-09-25    buy     miss
2017-05-08 03:06:51,640 - mylogger - INFO - 2015-09-28    sell    hit
2017-05-08 03:06:51,640 - mylogger - INFO - 2015-09-29    sell    miss
2017-05-08 03:06:51,640 - mylogger - INFO - 2015-09-30    sell    hit
2017-05-08 03:06:51,640 - mylogger - INFO - 2015-10-01    sell    miss
2017-05-08 03:06:51,640 - mylogger - INFO - 2015-10-02    buy     hit
2017-05-08 03:06:51,641 - mylogger - INFO - 2015-10-05    buy     hit
2017-05-08 03:06:51,641 - mylogger - INFO - 2015-10-06    buy     miss
2017-05-08 03:06:51,641 - mylogger - INFO - 2015-10-07    buy     miss
2017-05-08 03:06:51,641 - mylogger - INFO - 2015-10-08    buy     hit
2017-05-08 03:06:51,641 - mylogger - INFO - 2015-10-09    buy     miss
2017-05-08 03:06:51,641 - mylogger - INFO - 2015-10-12    sell    miss
2017-05-08 03:06:51,642 - mylogger - INFO - 2015-10-13    sell    hit
2017-05-08 03:06:51,642 - mylogger - INFO - 2015-10-14    sell    miss
2017-05-08 03:06:51,642 - mylogger - INFO - 2015-10-15    sell    hit
2017-05-08 03:06:51,642 - mylogger - INFO - 2015-10-16    sell    miss
2017-05-08 03:06:51,642 - mylogger - INFO - 2015-10-19    sell    miss
2017-05-08 03:06:51,643 - mylogger - INFO - 2015-10-20    sell    hit
2017-05-08 03:06:51,643 - mylogger - INFO - 2015-10-21    sell    miss
2017-05-08 03:06:51,643 - mylogger - INFO - 2015-10-22    sell    miss
2017-05-08 03:06:51,643 - mylogger - INFO - 2015-10-23    sell    hit
2017-05-08 03:06:51,643 - mylogger - INFO - 2015-10-26    sell    hit
2017-05-08 03:06:51,644 - mylogger - INFO - 2015-10-27    sell    miss
2017-05-08 03:06:51,644 - mylogger - INFO - 2015-10-28    sell    miss
2017-05-08 03:06:51,644 - mylogger - INFO - 2015-10-29    sell    hit
2017-05-08 03:06:51,644 - mylogger - INFO - 2015-10-30    sell    miss
2017-05-08 03:06:51,644 - mylogger - INFO - 2015-11-02    buy     hit
2017-05-08 03:06:51,645 - mylogger - INFO - 2015-11-03    buy     miss
2017-05-08 03:06:51,645 - mylogger - INFO - 2015-11-04    sell    hit
2017-05-08 03:06:51,645 - mylogger - INFO - 2015-11-05    sell    miss
2017-05-08 03:06:51,645 - mylogger - INFO - 2015-11-06    sell    hit
2017-05-08 03:06:51,646 - mylogger - INFO - 2015-11-09    sell    hit
2017-05-08 03:06:51,646 - mylogger - INFO - 2015-11-10    sell    hit
2017-05-08 03:06:51,646 - mylogger - INFO - 2015-11-11    sell    hit
2017-05-08 03:06:51,646 - mylogger - INFO - 2015-11-12    sell    hit
2017-05-08 03:06:51,646 - mylogger - INFO - 2015-11-13    sell    miss
2017-05-08 03:06:51,647 - mylogger - INFO - 2015-11-16    sell    hit
2017-05-08 03:06:51,647 - mylogger - INFO - 2015-11-17    sell    miss
2017-05-08 03:06:51,647 - mylogger - INFO - 2015-11-18    sell    miss
2017-05-08 03:06:51,647 - mylogger - INFO - 2015-11-19    sell    miss
2017-05-08 03:06:51,647 - mylogger - INFO - 2015-11-20    sell    hit
2017-05-08 03:06:51,648 - mylogger - INFO - 2015-11-23    sell    miss
2017-05-08 03:06:51,648 - mylogger - INFO - 2015-11-24    sell    hit
2017-05-08 03:06:51,648 - mylogger - INFO - 2015-11-25    buy     miss
2017-05-08 03:06:51,648 - mylogger - INFO - 2015-11-27    sell    miss
2017-05-08 03:06:51,648 - mylogger - INFO - 2015-11-30    sell    hit
2017-05-08 03:06:51,648 - mylogger - INFO - 2015-12-01    sell    hit
2017-05-08 03:06:51,648 - mylogger - INFO - 2015-12-02    sell    hit
2017-05-08 03:06:51,652 - mylogger - INFO - 2015-12-03    sell    miss
2017-05-08 03:06:51,652 - mylogger - INFO - 2015-12-04    buy     miss
2017-05-08 03:06:51,653 - mylogger - INFO - 2015-12-07    buy     miss
2017-05-08 03:06:51,653 - mylogger - INFO - 2015-12-08    buy     miss
2017-05-08 03:06:51,653 - mylogger - INFO - 2015-12-09    buy     hit
2017-05-08 03:06:51,653 - mylogger - INFO - 2015-12-10    buy     miss
2017-05-08 03:06:51,653 - mylogger - INFO - 2015-12-11    buy     miss
2017-05-08 03:06:51,653 - mylogger - INFO - 2015-12-14    buy     miss
2017-05-08 03:06:51,653 - mylogger - INFO - 2015-12-15    sell    miss
2017-05-08 03:06:51,654 - mylogger - INFO - 2015-12-16    buy     miss
2017-05-08 03:06:51,654 - mylogger - INFO - 2015-12-17    sell    hit
2017-05-08 03:06:51,654 - mylogger - INFO - 2015-12-18    sell    miss
2017-05-08 03:06:51,654 - mylogger - INFO - 2015-12-21    buy     miss
2017-05-08 03:06:51,654 - mylogger - INFO - 2015-12-22    sell    miss
2017-05-08 03:06:51,654 - mylogger - INFO - 2015-12-23    buy     miss
2017-05-08 03:06:51,655 - mylogger - INFO - 2015-12-24    buy     miss
2017-05-08 03:06:51,655 - mylogger - INFO - 2015-12-28    sell    miss
2017-05-08 03:06:51,655 - mylogger - INFO - 2015-12-29    sell    hit
2017-05-08 03:06:51,655 - mylogger - INFO - 2015-12-30    buy     miss
2017-05-08 03:06:51,655 - mylogger - INFO - Hit number:251/503
2017-05-08 03:06:51,655 - mylogger - INFO - Hit rate:0.4990059642147117
