2017-05-08 05:37:18,541 - mylogger - INFO - -0.000181216
2017-05-08 05:37:18,542 - mylogger - INFO - 2014-01-02: sell
2017-05-08 05:37:18,860 - mylogger - INFO - -0.00729769
2017-05-08 05:37:18,861 - mylogger - INFO - 2014-01-03: sell
2017-05-08 05:37:19,182 - mylogger - INFO - -0.0219343
2017-05-08 05:37:19,183 - mylogger - INFO - 2014-01-06: sell
2017-05-08 05:37:19,602 - mylogger - INFO - -0.0164078
2017-05-08 05:37:19,603 - mylogger - INFO - 2014-01-07: sell
2017-05-08 05:37:19,933 - mylogger - INFO - -0.0186297
2017-05-08 05:37:19,934 - mylogger - INFO - 2014-01-08: sell
2017-05-08 05:37:20,256 - mylogger - INFO - -0.0200085
2017-05-08 05:37:20,257 - mylogger - INFO - 2014-01-09: sell
2017-05-08 05:37:20,667 - mylogger - INFO - -0.00350782
2017-05-08 05:37:20,667 - mylogger - INFO - 2014-01-10: sell
2017-05-08 05:37:20,997 - mylogger - INFO - 0.0158488
2017-05-08 05:37:20,998 - mylogger - INFO - 2014-01-13: buy
2017-05-08 05:37:20,998 - mylogger - INFO - 49429.1485
2017-05-08 05:37:21,319 - mylogger - INFO - -0.00387252
2017-05-08 05:37:21,319 - mylogger - INFO - 2014-01-14: sell
2017-05-08 05:37:21,741 - mylogger - INFO - -0.00837437
2017-05-08 05:37:21,742 - mylogger - INFO - 2014-01-15: sell
2017-05-08 05:37:22,067 - mylogger - INFO - -0.0218657
2017-05-08 05:37:22,068 - mylogger - INFO - 2014-01-16: sell
2017-05-08 05:37:22,383 - mylogger - INFO - -0.0321918
2017-05-08 05:37:22,384 - mylogger - INFO - 2014-01-17: sell
2017-05-08 05:37:22,783 - mylogger - INFO - -0.0256469
2017-05-08 05:37:22,784 - mylogger - INFO - 2014-01-21: sell
2017-05-08 05:37:23,107 - mylogger - INFO - -0.0342564
2017-05-08 05:37:23,108 - mylogger - INFO - 2014-01-22: sell
2017-05-08 05:37:23,439 - mylogger - INFO - -0.0248549
2017-05-08 05:37:23,440 - mylogger - INFO - 2014-01-23: sell
2017-05-08 05:37:23,855 - mylogger - INFO - -0.0333117
2017-05-08 05:37:23,856 - mylogger - INFO - 2014-01-24: sell
2017-05-08 05:37:24,186 - mylogger - INFO - -0.0374128
2017-05-08 05:37:24,186 - mylogger - INFO - 2014-01-27: sell
2017-05-08 05:37:24,519 - mylogger - INFO - -0.0318603
2017-05-08 05:37:24,520 - mylogger - INFO - 2014-01-28: sell
2017-05-08 05:37:24,844 - mylogger - INFO - -0.0253261
2017-05-08 05:37:24,846 - mylogger - INFO - 2014-01-29: sell
2017-05-08 05:37:25,266 - mylogger - INFO - 0.00349292
2017-05-08 05:37:25,266 - mylogger - INFO - 2014-01-30: hold
2017-05-08 05:37:25,591 - mylogger - INFO - 0.0169174
2017-05-08 05:37:25,592 - mylogger - INFO - 2014-01-31: No cover!
2017-05-08 05:37:25,927 - mylogger - INFO - -0.0124258
2017-05-08 05:37:25,928 - mylogger - INFO - 2014-02-03: sell
2017-05-08 05:37:26,340 - mylogger - INFO - -0.00123596
2017-05-08 05:37:26,341 - mylogger - INFO - 2014-02-04: sell
2017-05-08 05:37:26,670 - mylogger - INFO - -0.00180355
2017-05-08 05:37:26,671 - mylogger - INFO - 2014-02-05: sell
2017-05-08 05:37:27,004 - mylogger - INFO - 0.0109275
2017-05-08 05:37:27,005 - mylogger - INFO - 2014-02-06: No cover!
2017-05-08 05:37:27,427 - mylogger - INFO - 0.0015723
2017-05-08 05:37:27,427 - mylogger - INFO - 2014-02-07: hold
2017-05-08 05:37:27,747 - mylogger - INFO - 0.0112077
2017-05-08 05:37:27,748 - mylogger - INFO - 2014-02-10: No cover!
2017-05-08 05:37:28,084 - mylogger - INFO - 0.00141424
2017-05-08 05:37:28,085 - mylogger - INFO - 2014-02-11: hold
2017-05-08 05:37:28,502 - mylogger - INFO - 0.00479708
2017-05-08 05:37:28,502 - mylogger - INFO - 2014-02-12: hold
2017-05-08 05:37:28,824 - mylogger - INFO - -0.0159083
2017-05-08 05:37:28,825 - mylogger - INFO - 2014-02-13: sell
2017-05-08 05:37:29,150 - mylogger - INFO - -0.0279024
2017-05-08 05:37:29,151 - mylogger - INFO - 2014-02-14: sell
2017-05-08 05:37:29,477 - mylogger - INFO - -0.0119477
2017-05-08 05:37:29,478 - mylogger - INFO - 2014-02-18: sell
2017-05-08 05:37:29,900 - mylogger - INFO - -0.0161197
2017-05-08 05:37:29,901 - mylogger - INFO - 2014-02-19: sell
2017-05-08 05:37:30,226 - mylogger - INFO - -0.00477918
2017-05-08 05:37:30,227 - mylogger - INFO - 2014-02-20: sell
2017-05-08 05:37:30,558 - mylogger - INFO - 0.000709134
2017-05-08 05:37:30,558 - mylogger - INFO - 2014-02-21: hold
2017-05-08 05:37:30,975 - mylogger - INFO - -0.00826405
2017-05-08 05:37:30,976 - mylogger - INFO - 2014-02-24: sell
2017-05-08 05:37:31,303 - mylogger - INFO - -0.00659117
2017-05-08 05:37:31,303 - mylogger - INFO - 2014-02-25: sell
2017-05-08 05:37:31,637 - mylogger - INFO - 0.00253654
2017-05-08 05:37:31,637 - mylogger - INFO - 2014-02-26: hold
2017-05-08 05:37:32,078 - mylogger - INFO - 0.00143162
2017-05-08 05:37:32,079 - mylogger - INFO - 2014-02-27: hold
2017-05-08 05:37:32,404 - mylogger - INFO - 0.00783197
2017-05-08 05:37:32,404 - mylogger - INFO - 2014-02-28: hold
2017-05-08 05:37:32,727 - mylogger - INFO - -0.0196188
2017-05-08 05:37:32,728 - mylogger - INFO - 2014-03-03: sell
2017-05-08 05:37:33,148 - mylogger - INFO - 0.0031922
2017-05-08 05:37:33,148 - mylogger - INFO - 2014-03-04: hold
2017-05-08 05:37:33,480 - mylogger - INFO - -0.023285
2017-05-08 05:37:33,481 - mylogger - INFO - 2014-03-05: sell
2017-05-08 05:37:33,809 - mylogger - INFO - -0.0168269
2017-05-08 05:37:33,810 - mylogger - INFO - 2014-03-06: sell
2017-05-08 05:37:34,128 - mylogger - INFO - -0.0146848
2017-05-08 05:37:34,129 - mylogger - INFO - 2014-03-07: sell
2017-05-08 05:37:34,551 - mylogger - INFO - -0.0123977
2017-05-08 05:37:34,551 - mylogger - INFO - 2014-03-10: sell
2017-05-08 05:37:34,886 - mylogger - INFO - -0.00863894
2017-05-08 05:37:34,887 - mylogger - INFO - 2014-03-11: sell
2017-05-08 05:37:35,212 - mylogger - INFO - -0.012841
2017-05-08 05:37:35,213 - mylogger - INFO - 2014-03-12: sell
2017-05-08 05:37:35,633 - mylogger - INFO - -0.0037223
2017-05-08 05:37:35,634 - mylogger - INFO - 2014-03-13: sell
2017-05-08 05:37:35,967 - mylogger - INFO - -0.00651533
2017-05-08 05:37:35,968 - mylogger - INFO - 2014-03-14: sell
2017-05-08 05:37:36,290 - mylogger - INFO - -0.0138573
2017-05-08 05:37:36,291 - mylogger - INFO - 2014-03-17: sell
2017-05-08 05:37:36,710 - mylogger - INFO - 0.00105499
2017-05-08 05:37:36,710 - mylogger - INFO - 2014-03-18: hold
2017-05-08 05:37:37,044 - mylogger - INFO - -0.0186259
2017-05-08 05:37:37,045 - mylogger - INFO - 2014-03-19: sell
2017-05-08 05:37:37,374 - mylogger - INFO - -0.0102661
2017-05-08 05:37:37,375 - mylogger - INFO - 2014-03-20: sell
2017-05-08 05:37:37,787 - mylogger - INFO - -0.0192322
2017-05-08 05:37:37,788 - mylogger - INFO - 2014-03-21: sell
2017-05-08 05:37:38,110 - mylogger - INFO - 0.00658228
2017-05-08 05:37:38,110 - mylogger - INFO - 2014-03-24: hold
2017-05-08 05:37:38,440 - mylogger - INFO - -0.00680924
2017-05-08 05:37:38,441 - mylogger - INFO - 2014-03-25: sell
2017-05-08 05:37:38,779 - mylogger - INFO - -0.00682934
2017-05-08 05:37:38,780 - mylogger - INFO - 2014-03-26: sell
2017-05-08 05:37:39,214 - mylogger - INFO - -0.00694865
2017-05-08 05:37:39,215 - mylogger - INFO - 2014-03-27: sell
2017-05-08 05:37:39,540 - mylogger - INFO - -0.00193241
2017-05-08 05:37:39,541 - mylogger - INFO - 2014-03-28: sell
2017-05-08 05:37:39,870 - mylogger - INFO - 0.00195194
2017-05-08 05:37:39,871 - mylogger - INFO - 2014-03-31: sell
2017-05-08 05:37:40,272 - mylogger - INFO - 0.00406004
2017-05-08 05:37:40,273 - mylogger - INFO - 2014-04-01: hold
2017-05-08 05:37:40,589 - mylogger - INFO - -0.0106279
2017-05-08 05:37:40,589 - mylogger - INFO - 2014-04-02: sell
2017-05-08 05:37:40,911 - mylogger - INFO - 4.27699e-05
2017-05-08 05:37:40,911 - mylogger - INFO - 2014-04-03: hold
2017-05-08 05:37:41,316 - mylogger - INFO - -0.0207358
2017-05-08 05:37:41,317 - mylogger - INFO - 2014-04-04: sell
2017-05-08 05:37:41,664 - mylogger - INFO - 0.00934527
2017-05-08 05:37:41,665 - mylogger - INFO - 2014-04-07: hold
2017-05-08 05:37:41,983 - mylogger - INFO - -0.0209656
2017-05-08 05:37:41,984 - mylogger - INFO - 2014-04-08: sell
2017-05-08 05:37:42,397 - mylogger - INFO - -0.00195819
2017-05-08 05:37:42,398 - mylogger - INFO - 2014-04-09: sell
2017-05-08 05:37:42,723 - mylogger - INFO - -0.00899263
2017-05-08 05:37:42,724 - mylogger - INFO - 2014-04-10: sell
2017-05-08 05:37:43,059 - mylogger - INFO - -0.0151366
2017-05-08 05:37:43,060 - mylogger - INFO - 2014-04-11: sell
2017-05-08 05:37:43,394 - mylogger - INFO - -0.00484769
2017-05-08 05:37:43,395 - mylogger - INFO - 2014-04-14: sell
2017-05-08 05:37:43,806 - mylogger - INFO - -0.0121815
2017-05-08 05:37:43,807 - mylogger - INFO - 2014-04-15: sell
2017-05-08 05:37:44,127 - mylogger - INFO - -0.00733654
2017-05-08 05:37:44,128 - mylogger - INFO - 2014-04-16: sell
2017-05-08 05:37:44,442 - mylogger - INFO - -0.00310508
2017-05-08 05:37:44,443 - mylogger - INFO - 2014-04-17: sell
2017-05-08 05:37:44,851 - mylogger - INFO - 0.0164071
2017-05-08 05:37:44,852 - mylogger - INFO - 2014-04-21: No cover!
2017-05-08 05:37:45,174 - mylogger - INFO - 0.00358733
2017-05-08 05:37:45,174 - mylogger - INFO - 2014-04-22: hold
2017-05-08 05:37:45,495 - mylogger - INFO - -0.00225434
2017-05-08 05:37:45,496 - mylogger - INFO - 2014-04-23: sell
2017-05-08 05:37:45,912 - mylogger - INFO - -0.0053498
2017-05-08 05:37:45,913 - mylogger - INFO - 2014-04-24: sell
2017-05-08 05:37:46,243 - mylogger - INFO - -0.0184869
2017-05-08 05:37:46,244 - mylogger - INFO - 2014-04-25: sell
2017-05-08 05:37:46,575 - mylogger - INFO - 0.0166801
2017-05-08 05:37:46,576 - mylogger - INFO - 2014-04-28: No cover!
2017-05-08 05:37:46,993 - mylogger - INFO - -0.00712656
2017-05-08 05:37:46,994 - mylogger - INFO - 2014-04-29: sell
2017-05-08 05:37:47,319 - mylogger - INFO - -0.0131272
2017-05-08 05:37:47,320 - mylogger - INFO - 2014-04-30: sell
2017-05-08 05:37:47,665 - mylogger - INFO - -0.00513233
2017-05-08 05:37:47,666 - mylogger - INFO - 2014-05-01: sell
2017-05-08 05:37:47,984 - mylogger - INFO - 0.00329247
2017-05-08 05:37:47,984 - mylogger - INFO - 2014-05-02: hold
2017-05-08 05:37:48,395 - mylogger - INFO - -0.0213708
2017-05-08 05:37:48,396 - mylogger - INFO - 2014-05-05: sell
2017-05-08 05:37:48,724 - mylogger - INFO - -0.0118796
2017-05-08 05:37:48,725 - mylogger - INFO - 2014-05-06: sell
2017-05-08 05:37:49,061 - mylogger - INFO - -0.00491741
2017-05-08 05:37:49,062 - mylogger - INFO - 2014-05-07: sell
2017-05-08 05:37:49,491 - mylogger - INFO - -0.00807187
2017-05-08 05:37:49,492 - mylogger - INFO - 2014-05-08: sell
2017-05-08 05:37:49,820 - mylogger - INFO - -0.0165034
2017-05-08 05:37:49,821 - mylogger - INFO - 2014-05-09: sell
2017-05-08 05:37:50,166 - mylogger - INFO - -0.0118851
2017-05-08 05:37:50,167 - mylogger - INFO - 2014-05-12: sell
2017-05-08 05:37:50,619 - mylogger - INFO - -0.0161291
2017-05-08 05:37:50,620 - mylogger - INFO - 2014-05-13: sell
2017-05-08 05:37:51,032 - mylogger - INFO - -0.0119985
2017-05-08 05:37:51,033 - mylogger - INFO - 2014-05-14: sell
2017-05-08 05:37:51,361 - mylogger - INFO - -0.0162187
2017-05-08 05:37:51,362 - mylogger - INFO - 2014-05-15: sell
2017-05-08 05:37:51,777 - mylogger - INFO - -0.000933796
2017-05-08 05:37:51,778 - mylogger - INFO - 2014-05-16: sell
2017-05-08 05:37:52,107 - mylogger - INFO - -0.00473262
2017-05-08 05:37:52,108 - mylogger - INFO - 2014-05-19: sell
2017-05-08 05:37:52,436 - mylogger - INFO - -0.022623
2017-05-08 05:37:52,437 - mylogger - INFO - 2014-05-20: sell
2017-05-08 05:37:52,765 - mylogger - INFO - -0.00176835
2017-05-08 05:37:52,766 - mylogger - INFO - 2014-05-21: sell
2017-05-08 05:37:53,181 - mylogger - INFO - 0.00186391
2017-05-08 05:37:53,181 - mylogger - INFO - 2014-05-22: hold
2017-05-08 05:37:53,502 - mylogger - INFO - -0.011219
2017-05-08 05:37:53,503 - mylogger - INFO - 2014-05-23: sell
2017-05-08 05:37:53,822 - mylogger - INFO - 0.000624793
2017-05-08 05:37:53,823 - mylogger - INFO - 2014-05-27: hold
2017-05-08 05:37:54,251 - mylogger - INFO - 0.00110867
2017-05-08 05:37:54,252 - mylogger - INFO - 2014-05-28: hold
2017-05-08 05:37:54,571 - mylogger - INFO - 0.0172282
2017-05-08 05:37:54,572 - mylogger - INFO - 2014-05-29: No cover!
2017-05-08 05:37:54,889 - mylogger - INFO - 0.00843542
2017-05-08 05:37:54,889 - mylogger - INFO - 2014-05-30: hold
2017-05-08 05:37:55,293 - mylogger - INFO - 0.0164112
2017-05-08 05:37:55,294 - mylogger - INFO - 2014-06-02: No cover!
2017-05-08 05:37:55,604 - mylogger - INFO - 0.0106347
2017-05-08 05:37:55,605 - mylogger - INFO - 2014-06-03: No cover!
2017-05-08 05:37:55,921 - mylogger - INFO - -0.00608347
2017-05-08 05:37:55,922 - mylogger - INFO - 2014-06-04: sell
2017-05-08 05:37:56,334 - mylogger - INFO - 0.00586278
2017-05-08 05:37:56,334 - mylogger - INFO - 2014-06-05: hold
2017-05-08 05:37:56,663 - mylogger - INFO - -0.0141236
2017-05-08 05:37:56,663 - mylogger - INFO - 2014-06-06: sell
2017-05-08 05:37:56,989 - mylogger - INFO - -0.00349096
2017-05-08 05:37:56,990 - mylogger - INFO - 2014-06-09: sell
2017-05-08 05:37:57,313 - mylogger - INFO - -0.0116513
2017-05-08 05:37:57,314 - mylogger - INFO - 2014-06-10: sell
2017-05-08 05:37:57,751 - mylogger - INFO - -0.00121162
2017-05-08 05:37:57,751 - mylogger - INFO - 2014-06-11: sell
2017-05-08 05:37:58,076 - mylogger - INFO - -0.0109998
2017-05-08 05:37:58,077 - mylogger - INFO - 2014-06-12: sell
2017-05-08 05:37:58,399 - mylogger - INFO - 0.0165486
2017-05-08 05:37:58,400 - mylogger - INFO - 2014-06-13: No cover!
2017-05-08 05:37:58,804 - mylogger - INFO - -0.00173329
2017-05-08 05:37:58,805 - mylogger - INFO - 2014-06-16: sell
2017-05-08 05:37:59,125 - mylogger - INFO - 0.0141039
2017-05-08 05:37:59,126 - mylogger - INFO - 2014-06-17: No cover!
2017-05-08 05:37:59,440 - mylogger - INFO - -0.00547631
2017-05-08 05:37:59,441 - mylogger - INFO - 2014-06-18: sell
2017-05-08 05:37:59,851 - mylogger - INFO - 0.0038878
2017-05-08 05:37:59,852 - mylogger - INFO - 2014-06-19: hold
2017-05-08 05:38:00,170 - mylogger - INFO - 0.00855487
2017-05-08 05:38:00,170 - mylogger - INFO - 2014-06-20: hold
2017-05-08 05:38:00,490 - mylogger - INFO - 0.00582582
2017-05-08 05:38:00,491 - mylogger - INFO - 2014-06-23: hold
2017-05-08 05:38:00,900 - mylogger - INFO - 0.0199771
2017-05-08 05:38:00,901 - mylogger - INFO - 2014-06-24: sell
2017-05-08 05:38:01,231 - mylogger - INFO - 0.00695678
2017-05-08 05:38:01,232 - mylogger - INFO - 2014-06-25: hold
2017-05-08 05:38:01,567 - mylogger - INFO - 0.00100926
2017-05-08 05:38:01,567 - mylogger - INFO - 2014-06-26: hold
2017-05-08 05:38:01,893 - mylogger - INFO - -0.000156744
2017-05-08 05:38:01,894 - mylogger - INFO - 2014-06-27: sell
2017-05-08 05:38:02,325 - mylogger - INFO - 0.0315953
2017-05-08 05:38:02,326 - mylogger - INFO - 2014-06-30: No cover!
2017-05-08 05:38:02,657 - mylogger - INFO - 0.022819
2017-05-08 05:38:02,658 - mylogger - INFO - 2014-07-01: No cover!
2017-05-08 05:38:02,987 - mylogger - INFO - 0.00835251
2017-05-08 05:38:02,988 - mylogger - INFO - 2014-07-02: hold
2017-05-08 05:38:03,414 - mylogger - INFO - 0.00534679
2017-05-08 05:38:03,414 - mylogger - INFO - 2014-07-03: hold
2017-05-08 05:38:03,743 - mylogger - INFO - -0.00842006
2017-05-08 05:38:03,744 - mylogger - INFO - 2014-07-07: sell
2017-05-08 05:38:04,077 - mylogger - INFO - -0.000113508
2017-05-08 05:38:04,077 - mylogger - INFO - 2014-07-08: sell
2017-05-08 05:38:04,502 - mylogger - INFO - -0.00976054
2017-05-08 05:38:04,503 - mylogger - INFO - 2014-07-09: sell
2017-05-08 05:38:04,834 - mylogger - INFO - -0.00395798
2017-05-08 05:38:04,835 - mylogger - INFO - 2014-07-10: sell
2017-05-08 05:38:05,168 - mylogger - INFO - 0.00443009
2017-05-08 05:38:05,168 - mylogger - INFO - 2014-07-11: hold
2017-05-08 05:38:05,595 - mylogger - INFO - -0.016243
2017-05-08 05:38:05,596 - mylogger - INFO - 2014-07-14: sell
2017-05-08 05:38:05,933 - mylogger - INFO - -0.00181949
2017-05-08 05:38:05,933 - mylogger - INFO - 2014-07-15: sell
2017-05-08 05:38:06,257 - mylogger - INFO - 0.00608509
2017-05-08 05:38:06,257 - mylogger - INFO - 2014-07-16: hold
2017-05-08 05:38:06,578 - mylogger - INFO - -0.00197117
2017-05-08 05:38:06,579 - mylogger - INFO - 2014-07-17: sell
2017-05-08 05:38:07,006 - mylogger - INFO - -0.00134285
2017-05-08 05:38:07,007 - mylogger - INFO - 2014-07-18: sell
2017-05-08 05:38:07,330 - mylogger - INFO - -0.0113234
2017-05-08 05:38:07,330 - mylogger - INFO - 2014-07-21: sell
2017-05-08 05:38:07,660 - mylogger - INFO - -0.00583306
2017-05-08 05:38:07,661 - mylogger - INFO - 2014-07-22: sell
2017-05-08 05:38:08,084 - mylogger - INFO - -0.00040469
2017-05-08 05:38:08,085 - mylogger - INFO - 2014-07-23: sell
2017-05-08 05:38:08,425 - mylogger - INFO - -0.0102829
2017-05-08 05:38:08,426 - mylogger - INFO - 2014-07-24: sell
2017-05-08 05:38:08,749 - mylogger - INFO - -0.0283916
2017-05-08 05:38:08,750 - mylogger - INFO - 2014-07-25: sell
2017-05-08 05:38:09,172 - mylogger - INFO - -0.00106519
2017-05-08 05:38:09,173 - mylogger - INFO - 2014-07-28: sell
2017-05-08 05:38:09,527 - mylogger - INFO - -0.0232494
2017-05-08 05:38:09,528 - mylogger - INFO - 2014-07-29: sell
2017-05-08 05:38:09,846 - mylogger - INFO - -0.00803073
2017-05-08 05:38:09,848 - mylogger - INFO - 2014-07-30: sell
2017-05-08 05:38:10,263 - mylogger - INFO - -0.0150395
2017-05-08 05:38:10,264 - mylogger - INFO - 2014-07-31: sell
2017-05-08 05:38:10,586 - mylogger - INFO - -0.0199407
2017-05-08 05:38:10,587 - mylogger - INFO - 2014-08-01: sell
2017-05-08 05:38:10,915 - mylogger - INFO - -0.00428928
2017-05-08 05:38:10,916 - mylogger - INFO - 2014-08-04: sell
2017-05-08 05:38:11,334 - mylogger - INFO - 0.000382936
2017-05-08 05:38:11,334 - mylogger - INFO - 2014-08-05: hold
2017-05-08 05:38:11,666 - mylogger - INFO - 0.00629717
2017-05-08 05:38:11,666 - mylogger - INFO - 2014-08-06: hold
2017-05-08 05:38:12,002 - mylogger - INFO - 0.0173608
2017-05-08 05:38:12,003 - mylogger - INFO - 2014-08-07: sell
2017-05-08 05:38:12,324 - mylogger - INFO - -0.00404034
2017-05-08 05:38:12,326 - mylogger - INFO - 2014-08-08: sell
2017-05-08 05:38:12,759 - mylogger - INFO - 0.00590034
2017-05-08 05:38:12,759 - mylogger - INFO - 2014-08-11: hold
2017-05-08 05:38:13,082 - mylogger - INFO - -0.00442624
2017-05-08 05:38:13,083 - mylogger - INFO - 2014-08-12: sell
2017-05-08 05:38:13,413 - mylogger - INFO - 0.022824
2017-05-08 05:38:13,414 - mylogger - INFO - 2014-08-13: No cover!
2017-05-08 05:38:13,828 - mylogger - INFO - 0.0234513
2017-05-08 05:38:13,829 - mylogger - INFO - 2014-08-14: No cover!
2017-05-08 05:38:14,161 - mylogger - INFO - 0.00998327
2017-05-08 05:38:14,161 - mylogger - INFO - 2014-08-15: hold
2017-05-08 05:38:14,494 - mylogger - INFO - 0.0147341
2017-05-08 05:38:14,495 - mylogger - INFO - 2014-08-18: No cover!
2017-05-08 05:38:14,924 - mylogger - INFO - 0.0086323
2017-05-08 05:38:14,924 - mylogger - INFO - 2014-08-19: hold
2017-05-08 05:38:15,248 - mylogger - INFO - 0.0232184
2017-05-08 05:38:15,249 - mylogger - INFO - 2014-08-20: No cover!
2017-05-08 05:38:15,581 - mylogger - INFO - 0.00199292
2017-05-08 05:38:15,582 - mylogger - INFO - 2014-08-21: hold
2017-05-08 05:38:16,000 - mylogger - INFO - 0.00725425
2017-05-08 05:38:16,001 - mylogger - INFO - 2014-08-22: hold
2017-05-08 05:38:16,325 - mylogger - INFO - 2.84936e-05
2017-05-08 05:38:16,325 - mylogger - INFO - 2014-08-25: hold
2017-05-08 05:38:16,656 - mylogger - INFO - -0.00544013
2017-05-08 05:38:16,657 - mylogger - INFO - 2014-08-26: sell
2017-05-08 05:38:16,988 - mylogger - INFO - -0.020115
2017-05-08 05:38:16,989 - mylogger - INFO - 2014-08-27: sell
2017-05-08 05:38:17,414 - mylogger - INFO - -0.0171862
2017-05-08 05:38:17,415 - mylogger - INFO - 2014-08-28: sell
2017-05-08 05:38:17,737 - mylogger - INFO - -0.0132361
2017-05-08 05:38:17,738 - mylogger - INFO - 2014-08-29: sell
2017-05-08 05:38:18,075 - mylogger - INFO - -0.0380113
2017-05-08 05:38:18,076 - mylogger - INFO - 2014-09-02: sell
2017-05-08 05:38:18,499 - mylogger - INFO - -0.0204868
2017-05-08 05:38:18,500 - mylogger - INFO - 2014-09-03: sell
2017-05-08 05:38:18,822 - mylogger - INFO - 0.00204398
2017-05-08 05:38:18,822 - mylogger - INFO - 2014-09-04: hold
2017-05-08 05:38:19,165 - mylogger - INFO - -0.00703137
2017-05-08 05:38:19,166 - mylogger - INFO - 2014-09-05: sell
2017-05-08 05:38:19,577 - mylogger - INFO - 0.00845428
2017-05-08 05:38:19,577 - mylogger - INFO - 2014-09-08: hold
2017-05-08 05:38:19,902 - mylogger - INFO - 0.00977881
2017-05-08 05:38:19,902 - mylogger - INFO - 2014-09-09: hold
2017-05-08 05:38:20,229 - mylogger - INFO - 0.000206115
2017-05-08 05:38:20,229 - mylogger - INFO - 2014-09-10: hold
2017-05-08 05:38:20,657 - mylogger - INFO - -0.00397348
2017-05-08 05:38:20,658 - mylogger - INFO - 2014-09-11: sell
2017-05-08 05:38:20,984 - mylogger - INFO - -0.0148312
2017-05-08 05:38:20,985 - mylogger - INFO - 2014-09-12: sell
2017-05-08 05:38:21,314 - mylogger - INFO - -0.00315933
2017-05-08 05:38:21,315 - mylogger - INFO - 2014-09-15: sell
2017-05-08 05:38:21,660 - mylogger - INFO - -0.0273355
2017-05-08 05:38:21,661 - mylogger - INFO - 2014-09-16: sell
2017-05-08 05:38:22,080 - mylogger - INFO - -0.007601
2017-05-08 05:38:22,080 - mylogger - INFO - 2014-09-17: sell
2017-05-08 05:38:22,408 - mylogger - INFO - -0.00413673
2017-05-08 05:38:22,409 - mylogger - INFO - 2014-09-18: sell
2017-05-08 05:38:22,730 - mylogger - INFO - -0.00417722
2017-05-08 05:38:22,731 - mylogger - INFO - 2014-09-19: sell
2017-05-08 05:38:23,152 - mylogger - INFO - -0.00120757
2017-05-08 05:38:23,153 - mylogger - INFO - 2014-09-22: sell
2017-05-08 05:38:23,483 - mylogger - INFO - -0.000346461
2017-05-08 05:38:23,484 - mylogger - INFO - 2014-09-23: sell
2017-05-08 05:38:23,810 - mylogger - INFO - -0.00321059
2017-05-08 05:38:23,811 - mylogger - INFO - 2014-09-24: sell
2017-05-08 05:38:24,236 - mylogger - INFO - -0.00236456
2017-05-08 05:38:24,237 - mylogger - INFO - 2014-09-25: sell
2017-05-08 05:38:24,568 - mylogger - INFO - -0.0129174
2017-05-08 05:38:24,569 - mylogger - INFO - 2014-09-26: sell
2017-05-08 05:38:24,901 - mylogger - INFO - -0.0215199
2017-05-08 05:38:24,902 - mylogger - INFO - 2014-09-29: sell
2017-05-08 05:38:25,323 - mylogger - INFO - -0.0284886
2017-05-08 05:38:25,324 - mylogger - INFO - 2014-09-30: sell
2017-05-08 05:38:25,666 - mylogger - INFO - -0.00980079
2017-05-08 05:38:25,666 - mylogger - INFO - 2014-10-01: sell
2017-05-08 05:38:25,985 - mylogger - INFO - -0.00893847
2017-05-08 05:38:25,986 - mylogger - INFO - 2014-10-02: sell
2017-05-08 05:38:26,306 - mylogger - INFO - -0.0128756
2017-05-08 05:38:26,307 - mylogger - INFO - 2014-10-03: sell
2017-05-08 05:38:26,718 - mylogger - INFO - -0.00747319
2017-05-08 05:38:26,719 - mylogger - INFO - 2014-10-06: sell
2017-05-08 05:38:27,044 - mylogger - INFO - -0.0367611
2017-05-08 05:38:27,045 - mylogger - INFO - 2014-10-07: sell
2017-05-08 05:38:27,363 - mylogger - INFO - -0.005718
2017-05-08 05:38:27,364 - mylogger - INFO - 2014-10-08: sell
2017-05-08 05:38:27,770 - mylogger - INFO - 0.00468301
2017-05-08 05:38:27,770 - mylogger - INFO - 2014-10-09: hold
2017-05-08 05:38:28,084 - mylogger - INFO - 0.00130546
2017-05-08 05:38:28,084 - mylogger - INFO - 2014-10-10: hold
2017-05-08 05:38:28,401 - mylogger - INFO - -0.00782223
2017-05-08 05:38:28,402 - mylogger - INFO - 2014-10-13: sell
2017-05-08 05:38:28,815 - mylogger - INFO - 0.00715411
2017-05-08 05:38:28,816 - mylogger - INFO - 2014-10-14: hold
2017-05-08 05:38:29,150 - mylogger - INFO - -0.00552603
2017-05-08 05:38:29,151 - mylogger - INFO - 2014-10-15: sell
2017-05-08 05:38:29,472 - mylogger - INFO - -0.00351868
2017-05-08 05:38:29,473 - mylogger - INFO - 2014-10-16: sell
2017-05-08 05:38:29,881 - mylogger - INFO - 0.00773397
2017-05-08 05:38:29,881 - mylogger - INFO - 2014-10-17: hold
2017-05-08 05:38:30,200 - mylogger - INFO - 0.00666716
2017-05-08 05:38:30,200 - mylogger - INFO - 2014-10-20: hold
2017-05-08 05:38:30,535 - mylogger - INFO - 0.0174068
2017-05-08 05:38:30,536 - mylogger - INFO - 2014-10-21: No cover!
2017-05-08 05:38:30,960 - mylogger - INFO - -0.00373292
2017-05-08 05:38:30,961 - mylogger - INFO - 2014-10-22: sell
2017-05-08 05:38:31,287 - mylogger - INFO - 0.00606594
2017-05-08 05:38:31,287 - mylogger - INFO - 2014-10-23: hold
2017-05-08 05:38:31,608 - mylogger - INFO - 0.00496807
2017-05-08 05:38:31,609 - mylogger - INFO - 2014-10-24: hold
2017-05-08 05:38:31,935 - mylogger - INFO - 0.0132986
2017-05-08 05:38:31,936 - mylogger - INFO - 2014-10-27: No cover!
2017-05-08 05:38:32,379 - mylogger - INFO - 0.017516
2017-05-08 05:38:32,380 - mylogger - INFO - 2014-10-28: No cover!
2017-05-08 05:38:32,704 - mylogger - INFO - -0.00835651
2017-05-08 05:38:32,705 - mylogger - INFO - 2014-10-29: sell
2017-05-08 05:38:33,037 - mylogger - INFO - 0.00699923
2017-05-08 05:38:33,038 - mylogger - INFO - 2014-10-30: hold
2017-05-08 05:38:33,464 - mylogger - INFO - -0.00542985
2017-05-08 05:38:33,465 - mylogger - INFO - 2014-10-31: sell
2017-05-08 05:38:33,787 - mylogger - INFO - -0.00692754
2017-05-08 05:38:33,788 - mylogger - INFO - 2014-11-03: sell
2017-05-08 05:38:34,114 - mylogger - INFO - -0.00190198
2017-05-08 05:38:34,115 - mylogger - INFO - 2014-11-04: sell
2017-05-08 05:38:34,547 - mylogger - INFO - -0.000649528
2017-05-08 05:38:34,547 - mylogger - INFO - 2014-11-05: sell
2017-05-08 05:38:34,881 - mylogger - INFO - 0.00863095
2017-05-08 05:38:34,881 - mylogger - INFO - 2014-11-06: hold
2017-05-08 05:38:35,211 - mylogger - INFO - 0.0235543
2017-05-08 05:38:35,212 - mylogger - INFO - 2014-11-07: No cover!
2017-05-08 05:38:35,641 - mylogger - INFO - -0.0086659
2017-05-08 05:38:35,642 - mylogger - INFO - 2014-11-10: sell
2017-05-08 05:38:35,977 - mylogger - INFO - -0.00878259
2017-05-08 05:38:35,978 - mylogger - INFO - 2014-11-11: sell
2017-05-08 05:38:36,318 - mylogger - INFO - -0.0244121
2017-05-08 05:38:36,318 - mylogger - INFO - 2014-11-12: sell
2017-05-08 05:38:36,762 - mylogger - INFO - -0.0163338
2017-05-08 05:38:36,763 - mylogger - INFO - 2014-11-13: sell
2017-05-08 05:38:37,083 - mylogger - INFO - 0.00353835
2017-05-08 05:38:37,084 - mylogger - INFO - 2014-11-14: hold
2017-05-08 05:38:37,411 - mylogger - INFO - -0.0020356
2017-05-08 05:38:37,412 - mylogger - INFO - 2014-11-17: sell
2017-05-08 05:38:37,736 - mylogger - INFO - -0.0205368
2017-05-08 05:38:37,737 - mylogger - INFO - 2014-11-18: sell
2017-05-08 05:38:38,176 - mylogger - INFO - -0.0160181
2017-05-08 05:38:38,177 - mylogger - INFO - 2014-11-19: sell
2017-05-08 05:38:38,509 - mylogger - INFO - 0.0032689
2017-05-08 05:38:38,509 - mylogger - INFO - 2014-11-20: hold
2017-05-08 05:38:38,830 - mylogger - INFO - 0.00489108
2017-05-08 05:38:38,830 - mylogger - INFO - 2014-11-21: hold
2017-05-08 05:38:39,257 - mylogger - INFO - 0.00194413
2017-05-08 05:38:39,257 - mylogger - INFO - 2014-11-24: hold
2017-05-08 05:38:39,585 - mylogger - INFO - 0.00549655
2017-05-08 05:38:39,585 - mylogger - INFO - 2014-11-25: hold
2017-05-08 05:38:39,949 - mylogger - INFO - -0.0100677
2017-05-08 05:38:39,950 - mylogger - INFO - 2014-11-26: sell
2017-05-08 05:38:40,359 - mylogger - INFO - 0.00603043
2017-05-08 05:38:40,359 - mylogger - INFO - 2014-11-28: hold
2017-05-08 05:38:40,676 - mylogger - INFO - -0.0153822
2017-05-08 05:38:40,677 - mylogger - INFO - 2014-12-01: sell
2017-05-08 05:38:40,997 - mylogger - INFO - -0.000508033
2017-05-08 05:38:40,998 - mylogger - INFO - 2014-12-02: sell
2017-05-08 05:38:41,414 - mylogger - INFO - -0.0086369
2017-05-08 05:38:41,415 - mylogger - INFO - 2014-12-03: sell
2017-05-08 05:38:41,739 - mylogger - INFO - -0.0101576
2017-05-08 05:38:41,740 - mylogger - INFO - 2014-12-04: sell
2017-05-08 05:38:42,075 - mylogger - INFO - -0.00782457
2017-05-08 05:38:42,076 - mylogger - INFO - 2014-12-05: sell
2017-05-08 05:38:42,402 - mylogger - INFO - 0.00258259
2017-05-08 05:38:42,402 - mylogger - INFO - 2014-12-08: hold
2017-05-08 05:38:42,824 - mylogger - INFO - -0.0143888
2017-05-08 05:38:42,825 - mylogger - INFO - 2014-12-09: sell
2017-05-08 05:38:43,168 - mylogger - INFO - 0.00443548
2017-05-08 05:38:43,169 - mylogger - INFO - 2014-12-10: hold
2017-05-08 05:38:43,487 - mylogger - INFO - -0.00692712
2017-05-08 05:38:43,488 - mylogger - INFO - 2014-12-11: sell
2017-05-08 05:38:43,905 - mylogger - INFO - -0.0168392
2017-05-08 05:38:43,906 - mylogger - INFO - 2014-12-12: sell
2017-05-08 05:38:44,242 - mylogger - INFO - -0.00580634
2017-05-08 05:38:44,243 - mylogger - INFO - 2014-12-15: sell
2017-05-08 05:38:44,570 - mylogger - INFO - -0.00925174
2017-05-08 05:38:44,571 - mylogger - INFO - 2014-12-16: sell
2017-05-08 05:38:45,000 - mylogger - INFO - -0.000535799
2017-05-08 05:38:45,001 - mylogger - INFO - 2014-12-17: sell
2017-05-08 05:38:45,327 - mylogger - INFO - 0.00283666
2017-05-08 05:38:45,327 - mylogger - INFO - 2014-12-18: hold
2017-05-08 05:38:45,664 - mylogger - INFO - 0.0208087
2017-05-08 05:38:45,665 - mylogger - INFO - 2014-12-19: No cover!
2017-05-08 05:38:46,086 - mylogger - INFO - 0.0314164
2017-05-08 05:38:46,087 - mylogger - INFO - 2014-12-22: No cover!
2017-05-08 05:38:46,416 - mylogger - INFO - 0.0104236
2017-05-08 05:38:46,417 - mylogger - INFO - 2014-12-23: No cover!
2017-05-08 05:38:46,737 - mylogger - INFO - 0.0131448
2017-05-08 05:38:46,738 - mylogger - INFO - 2014-12-24: No cover!
2017-05-08 05:38:47,070 - mylogger - INFO - 0.0029954
2017-05-08 05:38:47,070 - mylogger - INFO - 2014-12-26: hold
2017-05-08 05:38:47,497 - mylogger - INFO - 0.0102972
2017-05-08 05:38:47,498 - mylogger - INFO - 2014-12-29: No cover!
2017-05-08 05:38:47,823 - mylogger - INFO - 0.0308791
2017-05-08 05:38:47,824 - mylogger - INFO - 2014-12-30: No cover!
2017-05-08 05:38:48,155 - mylogger - INFO - 0.0190286
2017-05-08 05:38:48,156 - mylogger - INFO - 2014-12-31: No cover!
2017-05-08 05:38:48,566 - mylogger - INFO - 0.0338945
2017-05-08 05:38:48,567 - mylogger - INFO - 2015-01-02: sell
2017-05-08 05:38:48,889 - mylogger - INFO - 0.0405179
2017-05-08 05:38:48,890 - mylogger - INFO - 2015-01-05: sell
2017-05-08 05:38:49,205 - mylogger - INFO - 0.0211151
2017-05-08 05:38:49,206 - mylogger - INFO - 2015-01-06: No cover!
2017-05-08 05:38:49,623 - mylogger - INFO - 0.00408815
2017-05-08 05:38:49,624 - mylogger - INFO - 2015-01-07: hold
2017-05-08 05:38:49,953 - mylogger - INFO - 0.0104964
2017-05-08 05:38:49,954 - mylogger - INFO - 2015-01-08: No cover!
2017-05-08 05:38:50,276 - mylogger - INFO - -0.00660398
2017-05-08 05:38:50,277 - mylogger - INFO - 2015-01-09: sell
2017-05-08 05:38:50,698 - mylogger - INFO - 0.0121961
2017-05-08 05:38:50,699 - mylogger - INFO - 2015-01-12: No cover!
2017-05-08 05:38:51,038 - mylogger - INFO - 0.0102904
2017-05-08 05:38:51,039 - mylogger - INFO - 2015-01-13: No cover!
2017-05-08 05:38:51,374 - mylogger - INFO - -0.0144903
2017-05-08 05:38:51,375 - mylogger - INFO - 2015-01-14: sell
2017-05-08 05:38:51,695 - mylogger - INFO - 0.00208109
2017-05-08 05:38:51,695 - mylogger - INFO - 2015-01-15: hold
2017-05-08 05:38:52,118 - mylogger - INFO - 0.00739914
2017-05-08 05:38:52,119 - mylogger - INFO - 2015-01-16: hold
2017-05-08 05:38:52,436 - mylogger - INFO - -0.00230235
2017-05-08 05:38:52,437 - mylogger - INFO - 2015-01-20: sell
2017-05-08 05:38:52,752 - mylogger - INFO - 0.00965503
2017-05-08 05:38:52,752 - mylogger - INFO - 2015-01-21: hold
2017-05-08 05:38:53,164 - mylogger - INFO - 0.00653086
2017-05-08 05:38:53,164 - mylogger - INFO - 2015-01-22: hold
2017-05-08 05:38:53,487 - mylogger - INFO - 0.0133445
2017-05-08 05:38:53,488 - mylogger - INFO - 2015-01-23: No cover!
2017-05-08 05:38:53,802 - mylogger - INFO - 0.0158077
2017-05-08 05:38:53,803 - mylogger - INFO - 2015-01-26: No cover!
2017-05-08 05:38:54,209 - mylogger - INFO - 0.0085325
2017-05-08 05:38:54,209 - mylogger - INFO - 2015-01-27: hold
2017-05-08 05:38:54,542 - mylogger - INFO - 0.0049522
2017-05-08 05:38:54,543 - mylogger - INFO - 2015-01-28: hold
2017-05-08 05:38:54,869 - mylogger - INFO - 0.0111264
2017-05-08 05:38:54,870 - mylogger - INFO - 2015-01-29: No cover!
2017-05-08 05:38:55,303 - mylogger - INFO - 0.0133918
2017-05-08 05:38:55,304 - mylogger - INFO - 2015-01-30: No cover!
2017-05-08 05:38:55,628 - mylogger - INFO - 0.0195414
2017-05-08 05:38:55,629 - mylogger - INFO - 2015-02-02: No cover!
2017-05-08 05:38:55,952 - mylogger - INFO - 0.010949
2017-05-08 05:38:55,953 - mylogger - INFO - 2015-02-03: No cover!
2017-05-08 05:38:56,273 - mylogger - INFO - 0.0207722
2017-05-08 05:38:56,274 - mylogger - INFO - 2015-02-04: No cover!
2017-05-08 05:38:56,693 - mylogger - INFO - 0.0190072
2017-05-08 05:38:56,695 - mylogger - INFO - 2015-02-05: No cover!
2017-05-08 05:38:57,024 - mylogger - INFO - 0.0174174
2017-05-08 05:38:57,025 - mylogger - INFO - 2015-02-06: No cover!
2017-05-08 05:38:57,354 - mylogger - INFO - -0.00550493
2017-05-08 05:38:57,355 - mylogger - INFO - 2015-02-09: sell
2017-05-08 05:38:57,785 - mylogger - INFO - 0.0235436
2017-05-08 05:38:57,786 - mylogger - INFO - 2015-02-10: No cover!
2017-05-08 05:38:58,114 - mylogger - INFO - 0.00655214
2017-05-08 05:38:58,115 - mylogger - INFO - 2015-02-11: hold
2017-05-08 05:38:58,449 - mylogger - INFO - 0.00264049
2017-05-08 05:38:58,449 - mylogger - INFO - 2015-02-12: hold
2017-05-08 05:38:58,874 - mylogger - INFO - 0.00173437
2017-05-08 05:38:58,874 - mylogger - INFO - 2015-02-13: hold
2017-05-08 05:38:59,200 - mylogger - INFO - 0.0073675
2017-05-08 05:38:59,200 - mylogger - INFO - 2015-02-17: hold
2017-05-08 05:38:59,530 - mylogger - INFO - 0.0279449
2017-05-08 05:38:59,531 - mylogger - INFO - 2015-02-18: No cover!
2017-05-08 05:38:59,958 - mylogger - INFO - 0.0114341
2017-05-08 05:38:59,959 - mylogger - INFO - 2015-02-19: No cover!
2017-05-08 05:39:00,287 - mylogger - INFO - 0.0140424
2017-05-08 05:39:00,288 - mylogger - INFO - 2015-02-20: No cover!
2017-05-08 05:39:00,607 - mylogger - INFO - 0.00701496
2017-05-08 05:39:00,607 - mylogger - INFO - 2015-02-23: hold
2017-05-08 05:39:00,940 - mylogger - INFO - 0.0165693
2017-05-08 05:39:00,941 - mylogger - INFO - 2015-02-24: No cover!
2017-05-08 05:39:01,361 - mylogger - INFO - 0.00323001
2017-05-08 05:39:01,361 - mylogger - INFO - 2015-02-25: hold
2017-05-08 05:39:01,672 - mylogger - INFO - 0.00728479
2017-05-08 05:39:01,672 - mylogger - INFO - 2015-02-26: hold
2017-05-08 05:39:01,996 - mylogger - INFO - 0.00571681
2017-05-08 05:39:01,996 - mylogger - INFO - 2015-02-27: hold
2017-05-08 05:39:02,412 - mylogger - INFO - 0.00448474
2017-05-08 05:39:02,412 - mylogger - INFO - 2015-03-02: hold
2017-05-08 05:39:02,743 - mylogger - INFO - 0.00459307
2017-05-08 05:39:02,743 - mylogger - INFO - 2015-03-03: hold
2017-05-08 05:39:03,075 - mylogger - INFO - 1.75422e-05
2017-05-08 05:39:03,075 - mylogger - INFO - 2015-03-04: hold
2017-05-08 05:39:03,502 - mylogger - INFO - -0.00259512
2017-05-08 05:39:03,503 - mylogger - INFO - 2015-03-05: sell
2017-05-08 05:39:03,829 - mylogger - INFO - -0.00567999
2017-05-08 05:39:03,829 - mylogger - INFO - 2015-03-06: sell
2017-05-08 05:39:04,156 - mylogger - INFO - 0.00538148
2017-05-08 05:39:04,157 - mylogger - INFO - 2015-03-09: hold
2017-05-08 05:39:04,586 - mylogger - INFO - -0.0144674
2017-05-08 05:39:04,587 - mylogger - INFO - 2015-03-10: sell
2017-05-08 05:39:04,928 - mylogger - INFO - -0.0095013
2017-05-08 05:39:04,929 - mylogger - INFO - 2015-03-11: sell
2017-05-08 05:39:05,250 - mylogger - INFO - -0.0035865
2017-05-08 05:39:05,251 - mylogger - INFO - 2015-03-12: sell
2017-05-08 05:39:05,581 - mylogger - INFO - -0.0121102
2017-05-08 05:39:05,582 - mylogger - INFO - 2015-03-13: sell
2017-05-08 05:39:06,009 - mylogger - INFO - -0.0077647
2017-05-08 05:39:06,010 - mylogger - INFO - 2015-03-16: sell
2017-05-08 05:39:06,341 - mylogger - INFO - -0.0133122
2017-05-08 05:39:06,343 - mylogger - INFO - 2015-03-17: sell
2017-05-08 05:39:06,671 - mylogger - INFO - -0.00393364
2017-05-08 05:39:06,672 - mylogger - INFO - 2015-03-18: sell
2017-05-08 05:39:07,102 - mylogger - INFO - -0.00121343
2017-05-08 05:39:07,103 - mylogger - INFO - 2015-03-19: sell
2017-05-08 05:39:07,435 - mylogger - INFO - 0.00268877
2017-05-08 05:39:07,435 - mylogger - INFO - 2015-03-20: hold
2017-05-08 05:39:07,763 - mylogger - INFO - 0.0015839
2017-05-08 05:39:07,763 - mylogger - INFO - 2015-03-23: hold
2017-05-08 05:39:08,181 - mylogger - INFO - 0.00494208
2017-05-08 05:39:08,182 - mylogger - INFO - 2015-03-24: hold
2017-05-08 05:39:08,511 - mylogger - INFO - 0.00911814
2017-05-08 05:39:08,512 - mylogger - INFO - 2015-03-25: hold
2017-05-08 05:39:08,845 - mylogger - INFO - 0.000631851
2017-05-08 05:39:08,845 - mylogger - INFO - 2015-03-26: hold
2017-05-08 05:39:09,273 - mylogger - INFO - 0.00115274
2017-05-08 05:39:09,273 - mylogger - INFO - 2015-03-27: hold
2017-05-08 05:39:09,598 - mylogger - INFO - 0.0107878
2017-05-08 05:39:09,599 - mylogger - INFO - 2015-03-30: No cover!
2017-05-08 05:39:09,954 - mylogger - INFO - -0.0145446
2017-05-08 05:39:09,955 - mylogger - INFO - 2015-03-31: sell
2017-05-08 05:39:10,277 - mylogger - INFO - -0.000336438
2017-05-08 05:39:10,277 - mylogger - INFO - 2015-04-01: sell
2017-05-08 05:39:10,690 - mylogger - INFO - -0.0172014
2017-05-08 05:39:10,690 - mylogger - INFO - 2015-04-02: sell
2017-05-08 05:39:11,015 - mylogger - INFO - -0.0241287
2017-05-08 05:39:11,016 - mylogger - INFO - 2015-04-06: sell
2017-05-08 05:39:11,333 - mylogger - INFO - 0.0133778
2017-05-08 05:39:11,334 - mylogger - INFO - 2015-04-07: No cover!
2017-05-08 05:39:11,746 - mylogger - INFO - -0.0177254
2017-05-08 05:39:11,747 - mylogger - INFO - 2015-04-08: sell
2017-05-08 05:39:12,070 - mylogger - INFO - -0.00321949
2017-05-08 05:39:12,071 - mylogger - INFO - 2015-04-09: sell
2017-05-08 05:39:12,388 - mylogger - INFO - 0.0112068
2017-05-08 05:39:12,389 - mylogger - INFO - 2015-04-10: No cover!
2017-05-08 05:39:12,798 - mylogger - INFO - 0.00879954
2017-05-08 05:39:12,798 - mylogger - INFO - 2015-04-13: hold
2017-05-08 05:39:13,112 - mylogger - INFO - -0.00493905
2017-05-08 05:39:13,113 - mylogger - INFO - 2015-04-14: sell
2017-05-08 05:39:13,436 - mylogger - INFO - 0.00639383
2017-05-08 05:39:13,436 - mylogger - INFO - 2015-04-15: hold
2017-05-08 05:39:13,851 - mylogger - INFO - 0.00652056
2017-05-08 05:39:13,852 - mylogger - INFO - 2015-04-16: hold
2017-05-08 05:39:14,178 - mylogger - INFO - 0.00127693
2017-05-08 05:39:14,178 - mylogger - INFO - 2015-04-17: hold
2017-05-08 05:39:14,508 - mylogger - INFO - 0.00550353
2017-05-08 05:39:14,509 - mylogger - INFO - 2015-04-20: hold
2017-05-08 05:39:14,828 - mylogger - INFO - 0.00737683
2017-05-08 05:39:14,828 - mylogger - INFO - 2015-04-21: hold
2017-05-08 05:39:15,252 - mylogger - INFO - -0.00253277
2017-05-08 05:39:15,253 - mylogger - INFO - 2015-04-22: sell
2017-05-08 05:39:15,569 - mylogger - INFO - 0.00930768
2017-05-08 05:39:15,570 - mylogger - INFO - 2015-04-23: hold
2017-05-08 05:39:15,891 - mylogger - INFO - 0.00514765
2017-05-08 05:39:15,891 - mylogger - INFO - 2015-04-24: hold
2017-05-08 05:39:16,302 - mylogger - INFO - 0.0159318
2017-05-08 05:39:16,303 - mylogger - INFO - 2015-04-27: No cover!
2017-05-08 05:39:16,622 - mylogger - INFO - 0.00284204
2017-05-08 05:39:16,622 - mylogger - INFO - 2015-04-28: hold
2017-05-08 05:39:16,939 - mylogger - INFO - 0.00996938
2017-05-08 05:39:16,940 - mylogger - INFO - 2015-04-29: hold
2017-05-08 05:39:17,355 - mylogger - INFO - 0.0017919
2017-05-08 05:39:17,355 - mylogger - INFO - 2015-04-30: hold
2017-05-08 05:39:17,673 - mylogger - INFO - -0.00471687
2017-05-08 05:39:17,674 - mylogger - INFO - 2015-05-01: sell
2017-05-08 05:39:17,989 - mylogger - INFO - 0.0037113
2017-05-08 05:39:17,990 - mylogger - INFO - 2015-05-04: hold
2017-05-08 05:39:18,410 - mylogger - INFO - -0.00197917
2017-05-08 05:39:18,411 - mylogger - INFO - 2015-05-05: sell
2017-05-08 05:39:18,735 - mylogger - INFO - -0.00403443
2017-05-08 05:39:18,736 - mylogger - INFO - 2015-05-06: sell
2017-05-08 05:39:19,065 - mylogger - INFO - 0.00612774
2017-05-08 05:39:19,066 - mylogger - INFO - 2015-05-07: hold
2017-05-08 05:39:19,497 - mylogger - INFO - -0.0101846
2017-05-08 05:39:19,498 - mylogger - INFO - 2015-05-08: sell
2017-05-08 05:39:19,820 - mylogger - INFO - -0.0200946
2017-05-08 05:39:19,821 - mylogger - INFO - 2015-05-11: sell
2017-05-08 05:39:20,156 - mylogger - INFO - -0.00694052
2017-05-08 05:39:20,157 - mylogger - INFO - 2015-05-12: sell
2017-05-08 05:39:20,472 - mylogger - INFO - 0.00802742
2017-05-08 05:39:20,472 - mylogger - INFO - 2015-05-13: hold
2017-05-08 05:39:20,897 - mylogger - INFO - -0.00615793
2017-05-08 05:39:20,898 - mylogger - INFO - 2015-05-14: sell
2017-05-08 05:39:21,221 - mylogger - INFO - -0.00494721
2017-05-08 05:39:21,222 - mylogger - INFO - 2015-05-15: sell
2017-05-08 05:39:21,543 - mylogger - INFO - -0.0210642
2017-05-08 05:39:21,543 - mylogger - INFO - 2015-05-18: sell
2017-05-08 05:39:21,960 - mylogger - INFO - -0.00866591
2017-05-08 05:39:21,961 - mylogger - INFO - 2015-05-19: sell
2017-05-08 05:39:22,287 - mylogger - INFO - -3.17266e-05
2017-05-08 05:39:22,288 - mylogger - INFO - 2015-05-20: sell
2017-05-08 05:39:22,619 - mylogger - INFO - 0.000908371
2017-05-08 05:39:22,619 - mylogger - INFO - 2015-05-21: hold
2017-05-08 05:39:23,050 - mylogger - INFO - -0.0124309
2017-05-08 05:39:23,051 - mylogger - INFO - 2015-05-22: sell
2017-05-08 05:39:23,378 - mylogger - INFO - -0.00362217
2017-05-08 05:39:23,379 - mylogger - INFO - 2015-05-26: sell
2017-05-08 05:39:23,703 - mylogger - INFO - 0.0106957
2017-05-08 05:39:23,704 - mylogger - INFO - 2015-05-27: No cover!
2017-05-08 05:39:24,140 - mylogger - INFO - 0.00530501
2017-05-08 05:39:24,140 - mylogger - INFO - 2015-05-28: hold
2017-05-08 05:39:24,469 - mylogger - INFO - 0.0078025
2017-05-08 05:39:24,469 - mylogger - INFO - 2015-05-29: hold
2017-05-08 05:39:24,791 - mylogger - INFO - -0.00732943
2017-05-08 05:39:24,792 - mylogger - INFO - 2015-06-01: sell
2017-05-08 05:39:25,118 - mylogger - INFO - -0.0121661
2017-05-08 05:39:25,119 - mylogger - INFO - 2015-06-02: sell
2017-05-08 05:39:25,550 - mylogger - INFO - -0.00393261
2017-05-08 05:39:25,551 - mylogger - INFO - 2015-06-03: sell
2017-05-08 05:39:25,877 - mylogger - INFO - -0.00743397
2017-05-08 05:39:25,878 - mylogger - INFO - 2015-06-04: sell
2017-05-08 05:39:26,202 - mylogger - INFO - -0.0139577
2017-05-08 05:39:26,203 - mylogger - INFO - 2015-06-05: sell
2017-05-08 05:39:26,626 - mylogger - INFO - 0.00827499
2017-05-08 05:39:26,626 - mylogger - INFO - 2015-06-08: hold
2017-05-08 05:39:26,957 - mylogger - INFO - -0.00359316
2017-05-08 05:39:26,958 - mylogger - INFO - 2015-06-09: sell
2017-05-08 05:39:27,283 - mylogger - INFO - -0.00576056
2017-05-08 05:39:27,284 - mylogger - INFO - 2015-06-10: sell
2017-05-08 05:39:27,709 - mylogger - INFO - 0.0207984
2017-05-08 05:39:27,710 - mylogger - INFO - 2015-06-11: No cover!
2017-05-08 05:39:28,042 - mylogger - INFO - 0.0079478
2017-05-08 05:39:28,043 - mylogger - INFO - 2015-06-12: hold
2017-05-08 05:39:28,376 - mylogger - INFO - 0.0195086
2017-05-08 05:39:28,377 - mylogger - INFO - 2015-06-15: No cover!
2017-05-08 05:39:28,797 - mylogger - INFO - 0.0141628
2017-05-08 05:39:28,798 - mylogger - INFO - 2015-06-16: No cover!
2017-05-08 05:39:29,120 - mylogger - INFO - -0.000890444
2017-05-08 05:39:29,121 - mylogger - INFO - 2015-06-17: sell
2017-05-08 05:39:29,454 - mylogger - INFO - 0.0126583
2017-05-08 05:39:29,455 - mylogger - INFO - 2015-06-18: No cover!
2017-05-08 05:39:29,776 - mylogger - INFO - 0.00320226
2017-05-08 05:39:29,776 - mylogger - INFO - 2015-06-19: hold
2017-05-08 05:39:30,200 - mylogger - INFO - -0.00265763
2017-05-08 05:39:30,200 - mylogger - INFO - 2015-06-22: sell
2017-05-08 05:39:30,531 - mylogger - INFO - 0.00671395
2017-05-08 05:39:30,532 - mylogger - INFO - 2015-06-23: hold
2017-05-08 05:39:30,862 - mylogger - INFO - 0.0039928
2017-05-08 05:39:30,862 - mylogger - INFO - 2015-06-24: hold
2017-05-08 05:39:31,284 - mylogger - INFO - -0.01544
2017-05-08 05:39:31,285 - mylogger - INFO - 2015-06-25: sell
2017-05-08 05:39:31,615 - mylogger - INFO - -0.00705249
2017-05-08 05:39:31,616 - mylogger - INFO - 2015-06-26: sell
2017-05-08 05:39:31,950 - mylogger - INFO - 0.00821586
2017-05-08 05:39:31,950 - mylogger - INFO - 2015-06-29: hold
2017-05-08 05:39:32,392 - mylogger - INFO - 0.0173052
2017-05-08 05:39:32,393 - mylogger - INFO - 2015-06-30: No cover!
2017-05-08 05:39:32,714 - mylogger - INFO - 0.0138093
2017-05-08 05:39:32,715 - mylogger - INFO - 2015-07-01: No cover!
2017-05-08 05:39:33,045 - mylogger - INFO - 0.0121126
2017-05-08 05:39:33,046 - mylogger - INFO - 2015-07-02: No cover!
2017-05-08 05:39:33,478 - mylogger - INFO - 0.000626075
2017-05-08 05:39:33,478 - mylogger - INFO - 2015-07-06: hold
2017-05-08 05:39:33,799 - mylogger - INFO - -0.0123253
2017-05-08 05:39:33,800 - mylogger - INFO - 2015-07-07: sell
2017-05-08 05:39:34,127 - mylogger - INFO - 0.0178435
2017-05-08 05:39:34,128 - mylogger - INFO - 2015-07-08: sell
2017-05-08 05:39:34,459 - mylogger - INFO - 0.0159246
2017-05-08 05:39:34,459 - mylogger - INFO - 2015-07-09: sell
2017-05-08 05:39:34,885 - mylogger - INFO - 0.00567503
2017-05-08 05:39:34,885 - mylogger - INFO - 2015-07-10: hold
2017-05-08 05:39:35,210 - mylogger - INFO - 0.0044932
2017-05-08 05:39:35,210 - mylogger - INFO - 2015-07-13: hold
2017-05-08 05:39:35,545 - mylogger - INFO - 0.013578
2017-05-08 05:39:35,546 - mylogger - INFO - 2015-07-14: No cover!
2017-05-08 05:39:35,975 - mylogger - INFO - 0.00606664
2017-05-08 05:39:35,976 - mylogger - INFO - 2015-07-15: hold
2017-05-08 05:39:36,298 - mylogger - INFO - -0.0029918
2017-05-08 05:39:36,299 - mylogger - INFO - 2015-07-16: sell
2017-05-08 05:39:36,622 - mylogger - INFO - 0.0103951
2017-05-08 05:39:36,623 - mylogger - INFO - 2015-07-17: No cover!
2017-05-08 05:39:37,052 - mylogger - INFO - 0.00967555
2017-05-08 05:39:37,052 - mylogger - INFO - 2015-07-20: hold
2017-05-08 05:39:37,382 - mylogger - INFO - 0.00314982
2017-05-08 05:39:37,383 - mylogger - INFO - 2015-07-21: hold
2017-05-08 05:39:37,704 - mylogger - INFO - -0.00843859
2017-05-08 05:39:37,705 - mylogger - INFO - 2015-07-22: sell
2017-05-08 05:39:38,139 - mylogger - INFO - 0.0265968
2017-05-08 05:39:38,140 - mylogger - INFO - 2015-07-23: No cover!
2017-05-08 05:39:38,464 - mylogger - INFO - 0.00922124
2017-05-08 05:39:38,465 - mylogger - INFO - 2015-07-24: sell
2017-05-08 05:39:38,783 - mylogger - INFO - 0.0187695
2017-05-08 05:39:38,784 - mylogger - INFO - 2015-07-27: sell
2017-05-08 05:39:39,109 - mylogger - INFO - 0.012344
2017-05-08 05:39:39,110 - mylogger - INFO - 2015-07-28: No cover!
2017-05-08 05:39:39,540 - mylogger - INFO - -0.00893715
2017-05-08 05:39:39,541 - mylogger - INFO - 2015-07-29: sell
2017-05-08 05:39:39,877 - mylogger - INFO - 0.0102307
2017-05-08 05:39:39,878 - mylogger - INFO - 2015-07-30: No cover!
2017-05-08 05:39:40,225 - mylogger - INFO - 0.0122572
2017-05-08 05:39:40,226 - mylogger - INFO - 2015-07-31: No cover!
2017-05-08 05:39:40,646 - mylogger - INFO - 0.00765259
2017-05-08 05:39:40,647 - mylogger - INFO - 2015-08-03: sell
2017-05-08 05:39:40,967 - mylogger - INFO - -0.00739683
2017-05-08 05:39:40,967 - mylogger - INFO - 2015-08-04: sell
2017-05-08 05:39:41,284 - mylogger - INFO - 0.0208248
2017-05-08 05:39:41,285 - mylogger - INFO - 2015-08-05: No cover!
2017-05-08 05:39:41,696 - mylogger - INFO - 0.0182637
2017-05-08 05:39:41,697 - mylogger - INFO - 2015-08-06: No cover!
2017-05-08 05:39:42,031 - mylogger - INFO - -0.0015673
2017-05-08 05:39:42,032 - mylogger - INFO - 2015-08-07: sell
2017-05-08 05:39:42,360 - mylogger - INFO - 0.00507495
2017-05-08 05:39:42,360 - mylogger - INFO - 2015-08-10: hold
2017-05-08 05:39:42,781 - mylogger - INFO - -0.00243524
2017-05-08 05:39:42,782 - mylogger - INFO - 2015-08-11: sell
2017-05-08 05:39:43,105 - mylogger - INFO - -0.00933371
2017-05-08 05:39:43,106 - mylogger - INFO - 2015-08-12: sell
2017-05-08 05:39:43,448 - mylogger - INFO - -0.0117335
2017-05-08 05:39:43,449 - mylogger - INFO - 2015-08-13: sell
2017-05-08 05:39:43,767 - mylogger - INFO - -0.0168474
2017-05-08 05:39:43,768 - mylogger - INFO - 2015-08-14: sell
2017-05-08 05:39:44,197 - mylogger - INFO - -0.00475829
2017-05-08 05:39:44,198 - mylogger - INFO - 2015-08-17: sell
2017-05-08 05:39:44,534 - mylogger - INFO - 0.010872
2017-05-08 05:39:44,535 - mylogger - INFO - 2015-08-18: No cover!
2017-05-08 05:39:44,858 - mylogger - INFO - 0.00874707
2017-05-08 05:39:44,858 - mylogger - INFO - 2015-08-19: hold
2017-05-08 05:39:45,282 - mylogger - INFO - 0.00600882
2017-05-08 05:39:45,282 - mylogger - INFO - 2015-08-20: hold
2017-05-08 05:39:45,604 - mylogger - INFO - 0.0179755
2017-05-08 05:39:45,605 - mylogger - INFO - 2015-08-21: sell
2017-05-08 05:39:45,938 - mylogger - INFO - -0.00503718
2017-05-08 05:39:45,939 - mylogger - INFO - 2015-08-24: sell
2017-05-08 05:39:46,381 - mylogger - INFO - -0.0164598
2017-05-08 05:39:46,382 - mylogger - INFO - 2015-08-25: sell
2017-05-08 05:39:46,708 - mylogger - INFO - -0.00851904
2017-05-08 05:39:46,709 - mylogger - INFO - 2015-08-26: sell
2017-05-08 05:39:47,049 - mylogger - INFO - 0.00415342
2017-05-08 05:39:47,049 - mylogger - INFO - 2015-08-27: hold
2017-05-08 05:39:47,475 - mylogger - INFO - -0.00619622
2017-05-08 05:39:47,476 - mylogger - INFO - 2015-08-28: sell
2017-05-08 05:39:47,798 - mylogger - INFO - -0.0106658
2017-05-08 05:39:47,799 - mylogger - INFO - 2015-08-31: sell
2017-05-08 05:39:48,123 - mylogger - INFO - 0.0025884
2017-05-08 05:39:48,124 - mylogger - INFO - 2015-09-01: hold
2017-05-08 05:39:48,452 - mylogger - INFO - -0.0127024
2017-05-08 05:39:48,453 - mylogger - INFO - 2015-09-02: sell
2017-05-08 05:39:48,881 - mylogger - INFO - -0.014575
2017-05-08 05:39:48,882 - mylogger - INFO - 2015-09-03: sell
2017-05-08 05:39:49,210 - mylogger - INFO - -0.0148564
2017-05-08 05:39:49,211 - mylogger - INFO - 2015-09-04: sell
2017-05-08 05:39:49,544 - mylogger - INFO - -0.0149516
2017-05-08 05:39:49,545 - mylogger - INFO - 2015-09-08: sell
2017-05-08 05:39:49,978 - mylogger - INFO - -0.0171438
2017-05-08 05:39:49,979 - mylogger - INFO - 2015-09-09: sell
2017-05-08 05:39:50,303 - mylogger - INFO - -0.0119106
2017-05-08 05:39:50,304 - mylogger - INFO - 2015-09-10: sell
2017-05-08 05:39:50,653 - mylogger - INFO - 0.000897947
2017-05-08 05:39:50,654 - mylogger - INFO - 2015-09-11: hold
2017-05-08 05:39:51,096 - mylogger - INFO - -0.00940515
2017-05-08 05:39:51,097 - mylogger - INFO - 2015-09-14: sell
2017-05-08 05:39:51,432 - mylogger - INFO - -0.026694
2017-05-08 05:39:51,433 - mylogger - INFO - 2015-09-15: sell
2017-05-08 05:39:51,763 - mylogger - INFO - -0.0027673
2017-05-08 05:39:51,764 - mylogger - INFO - 2015-09-16: sell
2017-05-08 05:39:52,193 - mylogger - INFO - -0.016632
2017-05-08 05:39:52,194 - mylogger - INFO - 2015-09-17: sell
2017-05-08 05:39:52,529 - mylogger - INFO - -0.00733152
2017-05-08 05:39:52,530 - mylogger - INFO - 2015-09-18: sell
2017-05-08 05:39:52,853 - mylogger - INFO - 0.00932367
2017-05-08 05:39:52,853 - mylogger - INFO - 2015-09-21: hold
2017-05-08 05:39:53,175 - mylogger - INFO - -0.0129456
2017-05-08 05:39:53,176 - mylogger - INFO - 2015-09-22: sell
2017-05-08 05:39:53,613 - mylogger - INFO - -0.00316564
2017-05-08 05:39:53,613 - mylogger - INFO - 2015-09-23: sell
2017-05-08 05:39:53,942 - mylogger - INFO - -0.0113902
2017-05-08 05:39:53,943 - mylogger - INFO - 2015-09-24: sell
2017-05-08 05:39:54,269 - mylogger - INFO - 0.00658356
2017-05-08 05:39:54,269 - mylogger - INFO - 2015-09-25: hold
2017-05-08 05:39:54,708 - mylogger - INFO - -0.00852482
2017-05-08 05:39:54,709 - mylogger - INFO - 2015-09-28: sell
2017-05-08 05:39:55,048 - mylogger - INFO - -0.00564488
2017-05-08 05:39:55,048 - mylogger - INFO - 2015-09-29: sell
2017-05-08 05:39:55,377 - mylogger - INFO - -0.010259
2017-05-08 05:39:55,378 - mylogger - INFO - 2015-09-30: sell
2017-05-08 05:39:55,805 - mylogger - INFO - -0.00252948
2017-05-08 05:39:55,806 - mylogger - INFO - 2015-10-01: sell
2017-05-08 05:39:56,139 - mylogger - INFO - 0.0185062
2017-05-08 05:39:56,141 - mylogger - INFO - 2015-10-02: No cover!
2017-05-08 05:39:56,477 - mylogger - INFO - 0.0269187
2017-05-08 05:39:56,478 - mylogger - INFO - 2015-10-05: No cover!
2017-05-08 05:39:56,923 - mylogger - INFO - 0.014599
2017-05-08 05:39:56,924 - mylogger - INFO - 2015-10-06: No cover!
2017-05-08 05:39:57,251 - mylogger - INFO - 0.0186095
2017-05-08 05:39:57,252 - mylogger - INFO - 2015-10-07: No cover!
2017-05-08 05:39:57,586 - mylogger - INFO - 0.0088619
2017-05-08 05:39:57,586 - mylogger - INFO - 2015-10-08: hold
2017-05-08 05:39:57,915 - mylogger - INFO - 0.0136347
2017-05-08 05:39:57,916 - mylogger - INFO - 2015-10-09: No cover!
2017-05-08 05:39:58,337 - mylogger - INFO - -0.00334142
2017-05-08 05:39:58,338 - mylogger - INFO - 2015-10-12: sell
2017-05-08 05:39:58,674 - mylogger - INFO - -0.0145428
2017-05-08 05:39:58,675 - mylogger - INFO - 2015-10-13: sell
2017-05-08 05:39:59,005 - mylogger - INFO - -0.0067723
2017-05-08 05:39:59,006 - mylogger - INFO - 2015-10-14: sell
2017-05-08 05:39:59,427 - mylogger - INFO - -0.0138003
2017-05-08 05:39:59,427 - mylogger - INFO - 2015-10-15: sell
2017-05-08 05:39:59,752 - mylogger - INFO - -0.0137227
2017-05-08 05:39:59,753 - mylogger - INFO - 2015-10-16: sell
2017-05-08 05:40:00,089 - mylogger - INFO - -0.0157513
2017-05-08 05:40:00,089 - mylogger - INFO - 2015-10-19: sell
2017-05-08 05:40:00,519 - mylogger - INFO - -0.0139151
2017-05-08 05:40:00,520 - mylogger - INFO - 2015-10-20: sell
2017-05-08 05:40:00,847 - mylogger - INFO - -0.014092
2017-05-08 05:40:00,849 - mylogger - INFO - 2015-10-21: sell
2017-05-08 05:40:01,174 - mylogger - INFO - -0.00932498
2017-05-08 05:40:01,175 - mylogger - INFO - 2015-10-22: sell
2017-05-08 05:40:01,604 - mylogger - INFO - -0.00799987
2017-05-08 05:40:01,604 - mylogger - INFO - 2015-10-23: sell
2017-05-08 05:40:01,936 - mylogger - INFO - -0.00565023
2017-05-08 05:40:01,936 - mylogger - INFO - 2015-10-26: sell
2017-05-08 05:40:02,276 - mylogger - INFO - -0.000721397
2017-05-08 05:40:02,277 - mylogger - INFO - 2015-10-27: sell
2017-05-08 05:40:02,703 - mylogger - INFO - -0.0206171
2017-05-08 05:40:02,704 - mylogger - INFO - 2015-10-28: sell
2017-05-08 05:40:03,039 - mylogger - INFO - -0.00723947
2017-05-08 05:40:03,040 - mylogger - INFO - 2015-10-29: sell
2017-05-08 05:40:03,364 - mylogger - INFO - -0.024657
2017-05-08 05:40:03,365 - mylogger - INFO - 2015-10-30: sell
2017-05-08 05:40:03,694 - mylogger - INFO - 0.000648634
2017-05-08 05:40:03,694 - mylogger - INFO - 2015-11-02: hold
2017-05-08 05:40:04,119 - mylogger - INFO - 0.0138834
2017-05-08 05:40:04,120 - mylogger - INFO - 2015-11-03: No cover!
2017-05-08 05:40:04,446 - mylogger - INFO - -0.0258997
2017-05-08 05:40:04,447 - mylogger - INFO - 2015-11-04: sell
2017-05-08 05:40:04,773 - mylogger - INFO - -0.0242291
2017-05-08 05:40:04,774 - mylogger - INFO - 2015-11-05: sell
2017-05-08 05:40:05,198 - mylogger - INFO - -0.025151
2017-05-08 05:40:05,199 - mylogger - INFO - 2015-11-06: sell
2017-05-08 05:40:05,533 - mylogger - INFO - -0.0137781
2017-05-08 05:40:05,534 - mylogger - INFO - 2015-11-09: sell
2017-05-08 05:40:05,868 - mylogger - INFO - -0.00665229
2017-05-08 05:40:05,869 - mylogger - INFO - 2015-11-10: sell
2017-05-08 05:40:06,293 - mylogger - INFO - -0.0168499
2017-05-08 05:40:06,294 - mylogger - INFO - 2015-11-11: sell
2017-05-08 05:40:06,627 - mylogger - INFO - -0.0270238
2017-05-08 05:40:06,628 - mylogger - INFO - 2015-11-12: sell
2017-05-08 05:40:06,965 - mylogger - INFO - -0.0124254
2017-05-08 05:40:06,966 - mylogger - INFO - 2015-11-13: sell
2017-05-08 05:40:07,410 - mylogger - INFO - -0.0203822
2017-05-08 05:40:07,411 - mylogger - INFO - 2015-11-16: sell
2017-05-08 05:40:07,732 - mylogger - INFO - -0.00176865
2017-05-08 05:40:07,733 - mylogger - INFO - 2015-11-17: sell
2017-05-08 05:40:08,063 - mylogger - INFO - -0.0180753
2017-05-08 05:40:08,064 - mylogger - INFO - 2015-11-18: sell
2017-05-08 05:40:08,493 - mylogger - INFO - -0.0218122
2017-05-08 05:40:08,494 - mylogger - INFO - 2015-11-19: sell
2017-05-08 05:40:08,821 - mylogger - INFO - -0.0120384
2017-05-08 05:40:08,822 - mylogger - INFO - 2015-11-20: sell
2017-05-08 05:40:09,160 - mylogger - INFO - -0.0155421
2017-05-08 05:40:09,161 - mylogger - INFO - 2015-11-23: sell
2017-05-08 05:40:09,481 - mylogger - INFO - -0.00050935
2017-05-08 05:40:09,482 - mylogger - INFO - 2015-11-24: sell
2017-05-08 05:40:09,920 - mylogger - INFO - 0.00507562
2017-05-08 05:40:09,920 - mylogger - INFO - 2015-11-25: hold
2017-05-08 05:40:10,244 - mylogger - INFO - -0.0014312
2017-05-08 05:40:10,245 - mylogger - INFO - 2015-11-27: sell
2017-05-08 05:40:10,601 - mylogger - INFO - -0.00426782
2017-05-08 05:40:10,602 - mylogger - INFO - 2015-11-30: sell
2017-05-08 05:40:11,025 - mylogger - INFO - -0.00671161
2017-05-08 05:40:11,025 - mylogger - INFO - 2015-12-01: sell
2017-05-08 05:40:11,348 - mylogger - INFO - -0.0123852
2017-05-08 05:40:11,349 - mylogger - INFO - 2015-12-02: sell
2017-05-08 05:40:11,669 - mylogger - INFO - -0.00466421
2017-05-08 05:40:11,670 - mylogger - INFO - 2015-12-03: sell
2017-05-08 05:40:12,091 - mylogger - INFO - 0.00984581
2017-05-08 05:40:12,091 - mylogger - INFO - 2015-12-04: hold
2017-05-08 05:40:12,410 - mylogger - INFO - 0.0053095
2017-05-08 05:40:12,410 - mylogger - INFO - 2015-12-07: hold
2017-05-08 05:40:12,723 - mylogger - INFO - 0.00367055
2017-05-08 05:40:12,724 - mylogger - INFO - 2015-12-08: hold
2017-05-08 05:40:13,145 - mylogger - INFO - 0.0094444
2017-05-08 05:40:13,145 - mylogger - INFO - 2015-12-09: hold
2017-05-08 05:40:13,479 - mylogger - INFO - 0.00400051
2017-05-08 05:40:13,479 - mylogger - INFO - 2015-12-10: hold
2017-05-08 05:40:13,803 - mylogger - INFO - 0.00225683
2017-05-08 05:40:13,803 - mylogger - INFO - 2015-12-11: hold
2017-05-08 05:40:14,121 - mylogger - INFO - 0.00200642
2017-05-08 05:40:14,121 - mylogger - INFO - 2015-12-14: hold
2017-05-08 05:40:14,555 - mylogger - INFO - -0.0147468
2017-05-08 05:40:14,556 - mylogger - INFO - 2015-12-15: sell
2017-05-08 05:40:14,880 - mylogger - INFO - 0.00417715
2017-05-08 05:40:14,881 - mylogger - INFO - 2015-12-16: hold
2017-05-08 05:40:15,201 - mylogger - INFO - -0.0150406
2017-05-08 05:40:15,202 - mylogger - INFO - 2015-12-17: sell
2017-05-08 05:40:15,632 - mylogger - INFO - -0.00882271
2017-05-08 05:40:15,633 - mylogger - INFO - 2015-12-18: sell
2017-05-08 05:40:15,966 - mylogger - INFO - 0.00684647
2017-05-08 05:40:15,966 - mylogger - INFO - 2015-12-21: hold
2017-05-08 05:40:16,289 - mylogger - INFO - -0.00735912
2017-05-08 05:40:16,290 - mylogger - INFO - 2015-12-22: sell
2017-05-08 05:40:16,717 - mylogger - INFO - 0.00439031
2017-05-08 05:40:16,717 - mylogger - INFO - 2015-12-23: hold
2017-05-08 05:40:17,047 - mylogger - INFO - 0.00272346
2017-05-08 05:40:17,048 - mylogger - INFO - 2015-12-24: hold
2017-05-08 05:40:17,380 - mylogger - INFO - -0.00137194
2017-05-08 05:40:17,381 - mylogger - INFO - 2015-12-28: sell
2017-05-08 05:40:17,812 - mylogger - INFO - -0.00917095
2017-05-08 05:40:17,813 - mylogger - INFO - 2015-12-29: sell
2017-05-08 05:40:18,139 - mylogger - INFO - 0.00269413
2017-05-08 05:40:18,139 - mylogger - INFO - 2015-12-30: hold
2017-05-08 05:40:18,478 - mylogger - INFO - -0.00745351
2017-05-08 05:40:18,479 - mylogger - INFO - 2015-12-31: sell
2017-05-08 05:40:19,139 - mylogger - INFO - Total profit and loss: 1.08581729499
2017-05-08 05:40:19,171 - mylogger - INFO - Hit table:
2017-05-08 05:40:19,171 - mylogger - INFO - Date          signal  hit/miss
2017-05-08 05:40:19,171 - mylogger - INFO - 2014-01-02    sell    hit
2017-05-08 05:40:19,171 - mylogger - INFO - 2014-01-03    sell    miss
2017-05-08 05:40:19,172 - mylogger - INFO - 2014-01-06    sell    hit
2017-05-08 05:40:19,172 - mylogger - INFO - 2014-01-07    sell    miss
2017-05-08 05:40:19,172 - mylogger - INFO - 2014-01-08    sell    hit
2017-05-08 05:40:19,172 - mylogger - INFO - 2014-01-09    sell    hit
2017-05-08 05:40:19,172 - mylogger - INFO - 2014-01-10    sell    miss
2017-05-08 05:40:19,172 - mylogger - INFO - 2014-01-13    buy     hit
2017-05-08 05:40:19,173 - mylogger - INFO - 2014-01-14    sell    miss
2017-05-08 05:40:19,173 - mylogger - INFO - 2014-01-15    sell    hit
2017-05-08 05:40:19,173 - mylogger - INFO - 2014-01-16    sell    hit
2017-05-08 05:40:19,173 - mylogger - INFO - 2014-01-17    sell    miss
2017-05-08 05:40:19,173 - mylogger - INFO - 2014-01-21    sell    miss
2017-05-08 05:40:19,173 - mylogger - INFO - 2014-01-22    sell    miss
2017-05-08 05:40:19,173 - mylogger - INFO - 2014-01-23    sell    hit
2017-05-08 05:40:19,174 - mylogger - INFO - 2014-01-24    sell    miss
2017-05-08 05:40:19,174 - mylogger - INFO - 2014-01-27    sell    hit
2017-05-08 05:40:19,174 - mylogger - INFO - 2014-01-28    sell    hit
2017-05-08 05:40:19,174 - mylogger - INFO - 2014-01-29    sell    hit
2017-05-08 05:40:19,175 - mylogger - INFO - 2014-01-30    hold    hit
2017-05-08 05:40:19,175 - mylogger - INFO - 2014-01-31    hold    hit
2017-05-08 05:40:19,175 - mylogger - INFO - 2014-02-03    sell    miss
2017-05-08 05:40:19,175 - mylogger - INFO - 2014-02-04    sell    miss
2017-05-08 05:40:19,176 - mylogger - INFO - 2014-02-05    sell    miss
2017-05-08 05:40:19,176 - mylogger - INFO - 2014-02-06    hold    miss
2017-05-08 05:40:19,176 - mylogger - INFO - 2014-02-07    hold    miss
2017-05-08 05:40:19,176 - mylogger - INFO - 2014-02-10    hold    miss
2017-05-08 05:40:19,177 - mylogger - INFO - 2014-02-11    hold    miss
2017-05-08 05:40:19,177 - mylogger - INFO - 2014-02-12    hold    miss
2017-05-08 05:40:19,177 - mylogger - INFO - 2014-02-13    sell    hit
2017-05-08 05:40:19,177 - mylogger - INFO - 2014-02-14    sell    miss
2017-05-08 05:40:19,178 - mylogger - INFO - 2014-02-18    sell    hit
2017-05-08 05:40:19,178 - mylogger - INFO - 2014-02-19    sell    hit
2017-05-08 05:40:19,178 - mylogger - INFO - 2014-02-20    sell    hit
2017-05-08 05:40:19,178 - mylogger - INFO - 2014-02-21    hold    hit
2017-05-08 05:40:19,179 - mylogger - INFO - 2014-02-24    sell    hit
2017-05-08 05:40:19,179 - mylogger - INFO - 2014-02-25    sell    hit
2017-05-08 05:40:19,179 - mylogger - INFO - 2014-02-26    hold    miss
2017-05-08 05:40:19,180 - mylogger - INFO - 2014-02-27    hold    miss
2017-05-08 05:40:19,180 - mylogger - INFO - 2014-02-28    hold    hit
2017-05-08 05:40:19,180 - mylogger - INFO - 2014-03-03    sell    miss
2017-05-08 05:40:19,180 - mylogger - INFO - 2014-03-04    hold    hit
2017-05-08 05:40:19,181 - mylogger - INFO - 2014-03-05    sell    hit
2017-05-08 05:40:19,181 - mylogger - INFO - 2014-03-06    sell    hit
2017-05-08 05:40:19,181 - mylogger - INFO - 2014-03-07    sell    miss
2017-05-08 05:40:19,181 - mylogger - INFO - 2014-03-10    sell    miss
2017-05-08 05:40:19,181 - mylogger - INFO - 2014-03-11    sell    miss
2017-05-08 05:40:19,182 - mylogger - INFO - 2014-03-12    sell    hit
2017-05-08 05:40:19,182 - mylogger - INFO - 2014-03-13    sell    hit
2017-05-08 05:40:19,182 - mylogger - INFO - 2014-03-14    sell    miss
2017-05-08 05:40:19,182 - mylogger - INFO - 2014-03-17    sell    miss
2017-05-08 05:40:19,183 - mylogger - INFO - 2014-03-18    hold    miss
2017-05-08 05:40:19,183 - mylogger - INFO - 2014-03-19    sell    hit
2017-05-08 05:40:19,183 - mylogger - INFO - 2014-03-20    sell    miss
2017-05-08 05:40:19,183 - mylogger - INFO - 2014-03-21    sell    miss
2017-05-08 05:40:19,183 - mylogger - INFO - 2014-03-24    hold    miss
2017-05-08 05:40:19,184 - mylogger - INFO - 2014-03-25    sell    hit
2017-05-08 05:40:19,184 - mylogger - INFO - 2014-03-26    sell    hit
2017-05-08 05:40:19,184 - mylogger - INFO - 2014-03-27    sell    hit
2017-05-08 05:40:19,184 - mylogger - INFO - 2014-03-28    sell    hit
2017-05-08 05:40:19,184 - mylogger - INFO - 2014-03-31    sell    miss
2017-05-08 05:40:19,184 - mylogger - INFO - 2014-04-01    hold    hit
2017-05-08 05:40:19,184 - mylogger - INFO - 2014-04-02    sell    hit
2017-05-08 05:40:19,184 - mylogger - INFO - 2014-04-03    hold    miss
2017-05-08 05:40:19,185 - mylogger - INFO - 2014-04-04    sell    hit
2017-05-08 05:40:19,185 - mylogger - INFO - 2014-04-07    hold    miss
2017-05-08 05:40:19,185 - mylogger - INFO - 2014-04-08    sell    miss
2017-05-08 05:40:19,185 - mylogger - INFO - 2014-04-09    sell    hit
2017-05-08 05:40:19,185 - mylogger - INFO - 2014-04-10    sell    hit
2017-05-08 05:40:19,185 - mylogger - INFO - 2014-04-11    sell    miss
2017-05-08 05:40:19,185 - mylogger - INFO - 2014-04-14    sell    hit
2017-05-08 05:40:19,185 - mylogger - INFO - 2014-04-15    sell    miss
2017-05-08 05:40:19,186 - mylogger - INFO - 2014-04-16    sell    miss
2017-05-08 05:40:19,186 - mylogger - INFO - 2014-04-17    sell    miss
2017-05-08 05:40:19,186 - mylogger - INFO - 2014-04-21    hold    hit
2017-05-08 05:40:19,186 - mylogger - INFO - 2014-04-22    hold    miss
2017-05-08 05:40:19,186 - mylogger - INFO - 2014-04-23    sell    miss
2017-05-08 05:40:19,186 - mylogger - INFO - 2014-04-24    sell    miss
2017-05-08 05:40:19,186 - mylogger - INFO - 2014-04-25    sell    miss
2017-05-08 05:40:19,186 - mylogger - INFO - 2014-04-28    hold    miss
2017-05-08 05:40:19,187 - mylogger - INFO - 2014-04-29    sell    hit
2017-05-08 05:40:19,187 - mylogger - INFO - 2014-04-30    sell    miss
2017-05-08 05:40:19,187 - mylogger - INFO - 2014-05-01    sell    miss
2017-05-08 05:40:19,187 - mylogger - INFO - 2014-05-02    hold    miss
2017-05-08 05:40:19,187 - mylogger - INFO - 2014-05-05    sell    hit
2017-05-08 05:40:19,187 - mylogger - INFO - 2014-05-06    sell    hit
2017-05-08 05:40:19,188 - mylogger - INFO - 2014-05-07    sell    hit
2017-05-08 05:40:19,188 - mylogger - INFO - 2014-05-08    sell    hit
2017-05-08 05:40:19,188 - mylogger - INFO - 2014-05-09    sell    miss
2017-05-08 05:40:19,188 - mylogger - INFO - 2014-05-12    sell    miss
2017-05-08 05:40:19,188 - mylogger - INFO - 2014-05-13    sell    miss
2017-05-08 05:40:19,188 - mylogger - INFO - 2014-05-14    sell    hit
2017-05-08 05:40:19,189 - mylogger - INFO - 2014-05-15    sell    miss
2017-05-08 05:40:19,189 - mylogger - INFO - 2014-05-16    sell    miss
2017-05-08 05:40:19,189 - mylogger - INFO - 2014-05-19    sell    miss
2017-05-08 05:40:19,189 - mylogger - INFO - 2014-05-20    sell    miss
2017-05-08 05:40:19,189 - mylogger - INFO - 2014-05-21    sell    miss
2017-05-08 05:40:19,190 - mylogger - INFO - 2014-05-22    hold    miss
2017-05-08 05:40:19,190 - mylogger - INFO - 2014-05-23    sell    miss
2017-05-08 05:40:19,190 - mylogger - INFO - 2014-05-27    hold    miss
2017-05-08 05:40:19,190 - mylogger - INFO - 2014-05-28    hold    miss
2017-05-08 05:40:19,190 - mylogger - INFO - 2014-05-29    hold    miss
2017-05-08 05:40:19,191 - mylogger - INFO - 2014-05-30    hold    miss
2017-05-08 05:40:19,191 - mylogger - INFO - 2014-06-02    hold    miss
2017-05-08 05:40:19,192 - mylogger - INFO - 2014-06-03    hold    miss
2017-05-08 05:40:19,193 - mylogger - INFO - 2014-06-04    sell    miss
2017-05-08 05:40:19,195 - mylogger - INFO - 2014-06-05    hold    miss
2017-05-08 05:40:19,195 - mylogger - INFO - 2014-06-06    sell    miss
2017-05-08 05:40:19,195 - mylogger - INFO - 2014-06-09    sell    miss
2017-05-08 05:40:19,195 - mylogger - INFO - 2014-06-10    sell    hit
2017-05-08 05:40:19,195 - mylogger - INFO - 2014-06-11    sell    hit
2017-05-08 05:40:19,196 - mylogger - INFO - 2014-06-12    sell    hit
2017-05-08 05:40:19,196 - mylogger - INFO - 2014-06-13    hold    miss
2017-05-08 05:40:19,196 - mylogger - INFO - 2014-06-16    sell    hit
2017-05-08 05:40:19,196 - mylogger - INFO - 2014-06-17    hold    hit
2017-05-08 05:40:19,196 - mylogger - INFO - 2014-06-18    sell    hit
2017-05-08 05:40:19,196 - mylogger - INFO - 2014-06-19    hold    miss
2017-05-08 05:40:19,196 - mylogger - INFO - 2014-06-20    hold    miss
2017-05-08 05:40:19,197 - mylogger - INFO - 2014-06-23    hold    miss
2017-05-08 05:40:19,197 - mylogger - INFO - 2014-06-24    sell    miss
2017-05-08 05:40:19,197 - mylogger - INFO - 2014-06-25    hold    hit
2017-05-08 05:40:19,197 - mylogger - INFO - 2014-06-26    hold    miss
2017-05-08 05:40:19,197 - mylogger - INFO - 2014-06-27    sell    miss
2017-05-08 05:40:19,197 - mylogger - INFO - 2014-06-30    hold    hit
2017-05-08 05:40:19,198 - mylogger - INFO - 2014-07-01    hold    miss
2017-05-08 05:40:19,198 - mylogger - INFO - 2014-07-02    hold    hit
2017-05-08 05:40:19,198 - mylogger - INFO - 2014-07-03    hold    miss
2017-05-08 05:40:19,198 - mylogger - INFO - 2014-07-07    sell    hit
2017-05-08 05:40:19,198 - mylogger - INFO - 2014-07-08    sell    miss
2017-05-08 05:40:19,198 - mylogger - INFO - 2014-07-09    sell    hit
2017-05-08 05:40:19,199 - mylogger - INFO - 2014-07-10    sell    miss
2017-05-08 05:40:19,199 - mylogger - INFO - 2014-07-11    hold    miss
2017-05-08 05:40:19,199 - mylogger - INFO - 2014-07-14    sell    hit
2017-05-08 05:40:19,199 - mylogger - INFO - 2014-07-15    sell    hit
2017-05-08 05:40:19,199 - mylogger - INFO - 2014-07-16    hold    miss
2017-05-08 05:40:19,199 - mylogger - INFO - 2014-07-17    sell    miss
2017-05-08 05:40:19,200 - mylogger - INFO - 2014-07-18    sell    hit
2017-05-08 05:40:19,200 - mylogger - INFO - 2014-07-21    sell    miss
2017-05-08 05:40:19,200 - mylogger - INFO - 2014-07-22    sell    miss
2017-05-08 05:40:19,200 - mylogger - INFO - 2014-07-23    sell    hit
2017-05-08 05:40:19,200 - mylogger - INFO - 2014-07-24    sell    miss
2017-05-08 05:40:19,200 - mylogger - INFO - 2014-07-25    sell    miss
2017-05-08 05:40:19,201 - mylogger - INFO - 2014-07-28    sell    hit
2017-05-08 05:40:19,201 - mylogger - INFO - 2014-07-29    sell    hit
2017-05-08 05:40:19,201 - mylogger - INFO - 2014-07-30    sell    hit
2017-05-08 05:40:19,201 - mylogger - INFO - 2014-07-31    sell    miss
2017-05-08 05:40:19,201 - mylogger - INFO - 2014-08-01    sell    hit
2017-05-08 05:40:19,201 - mylogger - INFO - 2014-08-04    sell    hit
2017-05-08 05:40:19,201 - mylogger - INFO - 2014-08-05    hold    miss
2017-05-08 05:40:19,202 - mylogger - INFO - 2014-08-06    hold    miss
2017-05-08 05:40:19,202 - mylogger - INFO - 2014-08-07    sell    miss
2017-05-08 05:40:19,202 - mylogger - INFO - 2014-08-08    sell    miss
2017-05-08 05:40:19,202 - mylogger - INFO - 2014-08-11    hold    miss
2017-05-08 05:40:19,202 - mylogger - INFO - 2014-08-12    sell    miss
2017-05-08 05:40:19,202 - mylogger - INFO - 2014-08-13    hold    hit
2017-05-08 05:40:19,203 - mylogger - INFO - 2014-08-14    hold    hit
2017-05-08 05:40:19,203 - mylogger - INFO - 2014-08-15    hold    miss
2017-05-08 05:40:19,203 - mylogger - INFO - 2014-08-18    hold    miss
2017-05-08 05:40:19,203 - mylogger - INFO - 2014-08-19    hold    hit
2017-05-08 05:40:19,203 - mylogger - INFO - 2014-08-20    hold    hit
2017-05-08 05:40:19,203 - mylogger - INFO - 2014-08-21    hold    hit
2017-05-08 05:40:19,204 - mylogger - INFO - 2014-08-22    hold    hit
2017-05-08 05:40:19,204 - mylogger - INFO - 2014-08-25    hold    miss
2017-05-08 05:40:19,204 - mylogger - INFO - 2014-08-26    sell    miss
2017-05-08 05:40:19,204 - mylogger - INFO - 2014-08-27    sell    miss
2017-05-08 05:40:19,204 - mylogger - INFO - 2014-08-28    sell    miss
2017-05-08 05:40:19,204 - mylogger - INFO - 2014-08-29    sell    miss
2017-05-08 05:40:19,205 - mylogger - INFO - 2014-09-02    sell    hit
2017-05-08 05:40:19,205 - mylogger - INFO - 2014-09-03    sell    hit
2017-05-08 05:40:19,205 - mylogger - INFO - 2014-09-04    hold    hit
2017-05-08 05:40:19,205 - mylogger - INFO - 2014-09-05    sell    hit
2017-05-08 05:40:19,205 - mylogger - INFO - 2014-09-08    hold    miss
2017-05-08 05:40:19,205 - mylogger - INFO - 2014-09-09    hold    miss
2017-05-08 05:40:19,206 - mylogger - INFO - 2014-09-10    hold    hit
2017-05-08 05:40:19,206 - mylogger - INFO - 2014-09-11    sell    miss
2017-05-08 05:40:19,206 - mylogger - INFO - 2014-09-12    sell    hit
2017-05-08 05:40:19,206 - mylogger - INFO - 2014-09-15    sell    hit
2017-05-08 05:40:19,206 - mylogger - INFO - 2014-09-16    sell    miss
2017-05-08 05:40:19,206 - mylogger - INFO - 2014-09-17    sell    miss
2017-05-08 05:40:19,206 - mylogger - INFO - 2014-09-18    sell    hit
2017-05-08 05:40:19,207 - mylogger - INFO - 2014-09-19    sell    miss
2017-05-08 05:40:19,207 - mylogger - INFO - 2014-09-22    sell    miss
2017-05-08 05:40:19,207 - mylogger - INFO - 2014-09-23    sell    hit
2017-05-08 05:40:19,207 - mylogger - INFO - 2014-09-24    sell    hit
2017-05-08 05:40:19,207 - mylogger - INFO - 2014-09-25    sell    miss
2017-05-08 05:40:19,207 - mylogger - INFO - 2014-09-26    sell    hit
2017-05-08 05:40:19,208 - mylogger - INFO - 2014-09-29    sell    miss
2017-05-08 05:40:19,208 - mylogger - INFO - 2014-09-30    sell    hit
2017-05-08 05:40:19,208 - mylogger - INFO - 2014-10-01    sell    miss
2017-05-08 05:40:19,208 - mylogger - INFO - 2014-10-02    sell    hit
2017-05-08 05:40:19,208 - mylogger - INFO - 2014-10-03    sell    miss
2017-05-08 05:40:19,208 - mylogger - INFO - 2014-10-06    sell    hit
2017-05-08 05:40:19,209 - mylogger - INFO - 2014-10-07    sell    miss
2017-05-08 05:40:19,209 - mylogger - INFO - 2014-10-08    sell    miss
2017-05-08 05:40:19,209 - mylogger - INFO - 2014-10-09    hold    miss
2017-05-08 05:40:19,209 - mylogger - INFO - 2014-10-10    hold    miss
2017-05-08 05:40:19,209 - mylogger - INFO - 2014-10-13    sell    hit
2017-05-08 05:40:19,209 - mylogger - INFO - 2014-10-14    hold    miss
2017-05-08 05:40:19,210 - mylogger - INFO - 2014-10-15    sell    hit
2017-05-08 05:40:19,210 - mylogger - INFO - 2014-10-16    sell    miss
2017-05-08 05:40:19,210 - mylogger - INFO - 2014-10-17    hold    miss
2017-05-08 05:40:19,210 - mylogger - INFO - 2014-10-20    hold    miss
2017-05-08 05:40:19,210 - mylogger - INFO - 2014-10-21    hold    hit
2017-05-08 05:40:19,210 - mylogger - INFO - 2014-10-22    sell    miss
2017-05-08 05:40:19,211 - mylogger - INFO - 2014-10-23    hold    hit
2017-05-08 05:40:19,211 - mylogger - INFO - 2014-10-24    hold    miss
2017-05-08 05:40:19,211 - mylogger - INFO - 2014-10-27    hold    miss
2017-05-08 05:40:19,211 - mylogger - INFO - 2014-10-28    hold    hit
2017-05-08 05:40:19,212 - mylogger - INFO - 2014-10-29    sell    hit
2017-05-08 05:40:19,212 - mylogger - INFO - 2014-10-30    hold    hit
2017-05-08 05:40:19,214 - mylogger - INFO - 2014-10-31    sell    miss
2017-05-08 05:40:19,215 - mylogger - INFO - 2014-11-03    sell    hit
2017-05-08 05:40:19,216 - mylogger - INFO - 2014-11-04    sell    miss
2017-05-08 05:40:19,216 - mylogger - INFO - 2014-11-05    sell    miss
2017-05-08 05:40:19,217 - mylogger - INFO - 2014-11-06    hold    hit
2017-05-08 05:40:19,218 - mylogger - INFO - 2014-11-07    hold    miss
2017-05-08 05:40:19,218 - mylogger - INFO - 2014-11-10    sell    miss
2017-05-08 05:40:19,219 - mylogger - INFO - 2014-11-11    sell    miss
2017-05-08 05:40:19,219 - mylogger - INFO - 2014-11-12    sell    miss
2017-05-08 05:40:19,220 - mylogger - INFO - 2014-11-13    sell    miss
2017-05-08 05:40:19,220 - mylogger - INFO - 2014-11-14    hold    miss
2017-05-08 05:40:19,221 - mylogger - INFO - 2014-11-17    sell    miss
2017-05-08 05:40:19,221 - mylogger - INFO - 2014-11-18    sell    hit
2017-05-08 05:40:19,222 - mylogger - INFO - 2014-11-19    sell    miss
2017-05-08 05:40:19,222 - mylogger - INFO - 2014-11-20    hold    hit
2017-05-08 05:40:19,222 - mylogger - INFO - 2014-11-21    hold    miss
2017-05-08 05:40:19,222 - mylogger - INFO - 2014-11-24    hold    miss
2017-05-08 05:40:19,222 - mylogger - INFO - 2014-11-25    hold    miss
2017-05-08 05:40:19,223 - mylogger - INFO - 2014-11-26    sell    hit
2017-05-08 05:40:19,223 - mylogger - INFO - 2014-11-28    hold    miss
2017-05-08 05:40:19,223 - mylogger - INFO - 2014-12-01    sell    hit
2017-05-08 05:40:19,224 - mylogger - INFO - 2014-12-02    sell    miss
2017-05-08 05:40:19,224 - mylogger - INFO - 2014-12-03    sell    hit
2017-05-08 05:40:19,224 - mylogger - INFO - 2014-12-04    sell    hit
2017-05-08 05:40:19,224 - mylogger - INFO - 2014-12-05    sell    hit
2017-05-08 05:40:19,225 - mylogger - INFO - 2014-12-08    hold    miss
2017-05-08 05:40:19,225 - mylogger - INFO - 2014-12-09    sell    hit
2017-05-08 05:40:19,226 - mylogger - INFO - 2014-12-10    hold    miss
2017-05-08 05:40:19,226 - mylogger - INFO - 2014-12-11    sell    hit
2017-05-08 05:40:19,226 - mylogger - INFO - 2014-12-12    sell    hit
2017-05-08 05:40:19,227 - mylogger - INFO - 2014-12-15    sell    hit
2017-05-08 05:40:19,227 - mylogger - INFO - 2014-12-16    sell    miss
2017-05-08 05:40:19,227 - mylogger - INFO - 2014-12-17    sell    miss
2017-05-08 05:40:19,227 - mylogger - INFO - 2014-12-18    hold    miss
2017-05-08 05:40:19,228 - mylogger - INFO - 2014-12-19    hold    miss
2017-05-08 05:40:19,228 - mylogger - INFO - 2014-12-22    hold    miss
2017-05-08 05:40:19,228 - mylogger - INFO - 2014-12-23    hold    miss
2017-05-08 05:40:19,229 - mylogger - INFO - 2014-12-24    hold    miss
2017-05-08 05:40:19,229 - mylogger - INFO - 2014-12-26    hold    miss
2017-05-08 05:40:19,229 - mylogger - INFO - 2014-12-29    hold    miss
2017-05-08 05:40:19,229 - mylogger - INFO - 2014-12-30    hold    miss
2017-05-08 05:40:19,230 - mylogger - INFO - 2014-12-31    hold    miss
2017-05-08 05:40:19,230 - mylogger - INFO - 2015-01-02    sell    hit
2017-05-08 05:40:19,230 - mylogger - INFO - 2015-01-05    sell    miss
2017-05-08 05:40:19,230 - mylogger - INFO - 2015-01-06    hold    miss
2017-05-08 05:40:19,230 - mylogger - INFO - 2015-01-07    hold    miss
2017-05-08 05:40:19,231 - mylogger - INFO - 2015-01-08    hold    hit
2017-05-08 05:40:19,231 - mylogger - INFO - 2015-01-09    sell    hit
2017-05-08 05:40:19,231 - mylogger - INFO - 2015-01-12    hold    hit
2017-05-08 05:40:19,232 - mylogger - INFO - 2015-01-13    hold    miss
2017-05-08 05:40:19,232 - mylogger - INFO - 2015-01-14    sell    hit
2017-05-08 05:40:19,232 - mylogger - INFO - 2015-01-15    hold    miss
2017-05-08 05:40:19,234 - mylogger - INFO - 2015-01-16    hold    miss
2017-05-08 05:40:19,235 - mylogger - INFO - 2015-01-20    sell    miss
2017-05-08 05:40:19,235 - mylogger - INFO - 2015-01-21    hold    miss
2017-05-08 05:40:19,236 - mylogger - INFO - 2015-01-22    hold    hit
2017-05-08 05:40:19,236 - mylogger - INFO - 2015-01-23    hold    hit
2017-05-08 05:40:19,236 - mylogger - INFO - 2015-01-26    hold    miss
2017-05-08 05:40:19,236 - mylogger - INFO - 2015-01-27    hold    miss
2017-05-08 05:40:19,236 - mylogger - INFO - 2015-01-28    hold    miss
2017-05-08 05:40:19,237 - mylogger - INFO - 2015-01-29    hold    miss
2017-05-08 05:40:19,237 - mylogger - INFO - 2015-01-30    hold    miss
2017-05-08 05:40:19,237 - mylogger - INFO - 2015-02-02    hold    hit
2017-05-08 05:40:19,237 - mylogger - INFO - 2015-02-03    hold    hit
2017-05-08 05:40:19,238 - mylogger - INFO - 2015-02-04    hold    hit
2017-05-08 05:40:19,238 - mylogger - INFO - 2015-02-05    hold    miss
2017-05-08 05:40:19,238 - mylogger - INFO - 2015-02-06    hold    hit
2017-05-08 05:40:19,238 - mylogger - INFO - 2015-02-09    sell    miss
2017-05-08 05:40:19,238 - mylogger - INFO - 2015-02-10    hold    miss
2017-05-08 05:40:19,239 - mylogger - INFO - 2015-02-11    hold    miss
2017-05-08 05:40:19,239 - mylogger - INFO - 2015-02-12    hold    hit
2017-05-08 05:40:19,239 - mylogger - INFO - 2015-02-13    hold    hit
2017-05-08 05:40:19,239 - mylogger - INFO - 2015-02-17    hold    hit
2017-05-08 05:40:19,240 - mylogger - INFO - 2015-02-18    hold    miss
2017-05-08 05:40:19,240 - mylogger - INFO - 2015-02-19    hold    hit
2017-05-08 05:40:19,240 - mylogger - INFO - 2015-02-20    hold    miss
2017-05-08 05:40:19,240 - mylogger - INFO - 2015-02-23    hold    miss
2017-05-08 05:40:19,240 - mylogger - INFO - 2015-02-24    hold    miss
2017-05-08 05:40:19,241 - mylogger - INFO - 2015-02-25    hold    miss
2017-05-08 05:40:19,241 - mylogger - INFO - 2015-02-26    hold    miss
2017-05-08 05:40:19,241 - mylogger - INFO - 2015-02-27    hold    hit
2017-05-08 05:40:19,241 - mylogger - INFO - 2015-03-02    hold    hit
2017-05-08 05:40:19,241 - mylogger - INFO - 2015-03-03    hold    miss
2017-05-08 05:40:19,242 - mylogger - INFO - 2015-03-04    hold    miss
2017-05-08 05:40:19,242 - mylogger - INFO - 2015-03-05    sell    miss
2017-05-08 05:40:19,242 - mylogger - INFO - 2015-03-06    sell    miss
2017-05-08 05:40:19,242 - mylogger - INFO - 2015-03-09    hold    miss
2017-05-08 05:40:19,242 - mylogger - INFO - 2015-03-10    sell    hit
2017-05-08 05:40:19,243 - mylogger - INFO - 2015-03-11    sell    miss
2017-05-08 05:40:19,243 - mylogger - INFO - 2015-03-12    sell    hit
2017-05-08 05:40:19,243 - mylogger - INFO - 2015-03-13    sell    miss
2017-05-08 05:40:19,243 - mylogger - INFO - 2015-03-16    sell    miss
2017-05-08 05:40:19,243 - mylogger - INFO - 2015-03-17    sell    miss
2017-05-08 05:40:19,247 - mylogger - INFO - 2015-03-18    sell    hit
2017-05-08 05:40:19,248 - mylogger - INFO - 2015-03-19    sell    hit
2017-05-08 05:40:19,248 - mylogger - INFO - 2015-03-20    hold    miss
2017-05-08 05:40:19,248 - mylogger - INFO - 2015-03-23    hold    miss
2017-05-08 05:40:19,248 - mylogger - INFO - 2015-03-24    hold    miss
2017-05-08 05:40:19,248 - mylogger - INFO - 2015-03-25    hold    hit
2017-05-08 05:40:19,248 - mylogger - INFO - 2015-03-26    hold    miss
2017-05-08 05:40:19,249 - mylogger - INFO - 2015-03-27    hold    miss
2017-05-08 05:40:19,249 - mylogger - INFO - 2015-03-30    hold    miss
2017-05-08 05:40:19,249 - mylogger - INFO - 2015-03-31    sell    hit
2017-05-08 05:40:19,249 - mylogger - INFO - 2015-04-01    sell    miss
2017-05-08 05:40:19,249 - mylogger - INFO - 2015-04-02    sell    miss
2017-05-08 05:40:19,249 - mylogger - INFO - 2015-04-06    sell    hit
2017-05-08 05:40:19,250 - mylogger - INFO - 2015-04-07    hold    miss
2017-05-08 05:40:19,250 - mylogger - INFO - 2015-04-08    sell    miss
2017-05-08 05:40:19,250 - mylogger - INFO - 2015-04-09    sell    miss
2017-05-08 05:40:19,250 - mylogger - INFO - 2015-04-10    hold    miss
2017-05-08 05:40:19,250 - mylogger - INFO - 2015-04-13    hold    miss
2017-05-08 05:40:19,251 - mylogger - INFO - 2015-04-14    sell    miss
2017-05-08 05:40:19,251 - mylogger - INFO - 2015-04-15    hold    miss
2017-05-08 05:40:19,251 - mylogger - INFO - 2015-04-16    hold    miss
2017-05-08 05:40:19,251 - mylogger - INFO - 2015-04-17    hold    miss
2017-05-08 05:40:19,251 - mylogger - INFO - 2015-04-20    hold    miss
2017-05-08 05:40:19,252 - mylogger - INFO - 2015-04-21    hold    miss
2017-05-08 05:40:19,252 - mylogger - INFO - 2015-04-22    sell    miss
2017-05-08 05:40:19,252 - mylogger - INFO - 2015-04-23    hold    hit
2017-05-08 05:40:19,252 - mylogger - INFO - 2015-04-24    hold    miss
2017-05-08 05:40:19,252 - mylogger - INFO - 2015-04-27    hold    miss
2017-05-08 05:40:19,252 - mylogger - INFO - 2015-04-28    hold    miss
2017-05-08 05:40:19,253 - mylogger - INFO - 2015-04-29    hold    miss
2017-05-08 05:40:19,253 - mylogger - INFO - 2015-04-30    hold    miss
2017-05-08 05:40:19,253 - mylogger - INFO - 2015-05-01    sell    hit
2017-05-08 05:40:19,253 - mylogger - INFO - 2015-05-04    hold    miss
2017-05-08 05:40:19,253 - mylogger - INFO - 2015-05-05    sell    hit
2017-05-08 05:40:19,253 - mylogger - INFO - 2015-05-06    sell    miss
2017-05-08 05:40:19,254 - mylogger - INFO - 2015-05-07    hold    miss
2017-05-08 05:40:19,254 - mylogger - INFO - 2015-05-08    sell    hit
2017-05-08 05:40:19,254 - mylogger - INFO - 2015-05-11    sell    hit
2017-05-08 05:40:19,254 - mylogger - INFO - 2015-05-12    sell    miss
2017-05-08 05:40:19,254 - mylogger - INFO - 2015-05-13    hold    miss
2017-05-08 05:40:19,254 - mylogger - INFO - 2015-05-14    sell    hit
2017-05-08 05:40:19,255 - mylogger - INFO - 2015-05-15    sell    miss
2017-05-08 05:40:19,255 - mylogger - INFO - 2015-05-18    sell    hit
2017-05-08 05:40:19,255 - mylogger - INFO - 2015-05-19    sell    hit
2017-05-08 05:40:19,255 - mylogger - INFO - 2015-05-20    sell    miss
2017-05-08 05:40:19,255 - mylogger - INFO - 2015-05-21    hold    hit
2017-05-08 05:40:19,255 - mylogger - INFO - 2015-05-22    sell    hit
2017-05-08 05:40:19,255 - mylogger - INFO - 2015-05-26    sell    miss
2017-05-08 05:40:19,256 - mylogger - INFO - 2015-05-27    hold    miss
2017-05-08 05:40:19,256 - mylogger - INFO - 2015-05-28    hold    miss
2017-05-08 05:40:19,256 - mylogger - INFO - 2015-05-29    hold    hit
2017-05-08 05:40:19,256 - mylogger - INFO - 2015-06-01    sell    hit
2017-05-08 05:40:19,256 - mylogger - INFO - 2015-06-02    sell    miss
2017-05-08 05:40:19,256 - mylogger - INFO - 2015-06-03    sell    hit
2017-05-08 05:40:19,257 - mylogger - INFO - 2015-06-04    sell    hit
2017-05-08 05:40:19,257 - mylogger - INFO - 2015-06-05    sell    hit
2017-05-08 05:40:19,257 - mylogger - INFO - 2015-06-08    hold    miss
2017-05-08 05:40:19,257 - mylogger - INFO - 2015-06-09    sell    miss
2017-05-08 05:40:19,257 - mylogger - INFO - 2015-06-10    sell    hit
2017-05-08 05:40:19,257 - mylogger - INFO - 2015-06-11    hold    miss
2017-05-08 05:40:19,258 - mylogger - INFO - 2015-06-12    hold    miss
2017-05-08 05:40:19,258 - mylogger - INFO - 2015-06-15    hold    hit
2017-05-08 05:40:19,258 - mylogger - INFO - 2015-06-16    hold    miss
2017-05-08 05:40:19,258 - mylogger - INFO - 2015-06-17    sell    miss
2017-05-08 05:40:19,258 - mylogger - INFO - 2015-06-18    hold    miss
2017-05-08 05:40:19,258 - mylogger - INFO - 2015-06-19    hold    hit
2017-05-08 05:40:19,259 - mylogger - INFO - 2015-06-22    sell    hit
2017-05-08 05:40:19,259 - mylogger - INFO - 2015-06-23    hold    hit
2017-05-08 05:40:19,259 - mylogger - INFO - 2015-06-24    hold    miss
2017-05-08 05:40:19,259 - mylogger - INFO - 2015-06-25    sell    hit
2017-05-08 05:40:19,259 - mylogger - INFO - 2015-06-26    sell    hit
2017-05-08 05:40:19,259 - mylogger - INFO - 2015-06-29    hold    hit
2017-05-08 05:40:19,260 - mylogger - INFO - 2015-06-30    hold    hit
2017-05-08 05:40:19,260 - mylogger - INFO - 2015-07-01    hold    miss
2017-05-08 05:40:19,260 - mylogger - INFO - 2015-07-02    hold    miss
2017-05-08 05:40:19,261 - mylogger - INFO - 2015-07-06    hold    miss
2017-05-08 05:40:19,261 - mylogger - INFO - 2015-07-07    sell    hit
2017-05-08 05:40:19,262 - mylogger - INFO - 2015-07-08    sell    hit
2017-05-08 05:40:19,262 - mylogger - INFO - 2015-07-09    sell    miss
2017-05-08 05:40:19,262 - mylogger - INFO - 2015-07-10    hold    miss
2017-05-08 05:40:19,262 - mylogger - INFO - 2015-07-13    hold    miss
2017-05-08 05:40:19,262 - mylogger - INFO - 2015-07-14    hold    hit
2017-05-08 05:40:19,263 - mylogger - INFO - 2015-07-15    hold    miss
2017-05-08 05:40:19,263 - mylogger - INFO - 2015-07-16    sell    miss
2017-05-08 05:40:19,263 - mylogger - INFO - 2015-07-17    hold    miss
2017-05-08 05:40:19,263 - mylogger - INFO - 2015-07-20    hold    miss
2017-05-08 05:40:19,263 - mylogger - INFO - 2015-07-21    hold    miss
2017-05-08 05:40:19,264 - mylogger - INFO - 2015-07-22    sell    hit
2017-05-08 05:40:19,264 - mylogger - INFO - 2015-07-23    hold    miss
2017-05-08 05:40:19,264 - mylogger - INFO - 2015-07-24    sell    hit
2017-05-08 05:40:19,264 - mylogger - INFO - 2015-07-27    sell    miss
2017-05-08 05:40:19,265 - mylogger - INFO - 2015-07-28    hold    miss
2017-05-08 05:40:19,265 - mylogger - INFO - 2015-07-29    sell    hit
2017-05-08 05:40:19,265 - mylogger - INFO - 2015-07-30    hold    miss
2017-05-08 05:40:19,266 - mylogger - INFO - 2015-07-31    hold    miss
2017-05-08 05:40:19,266 - mylogger - INFO - 2015-08-03    sell    hit
2017-05-08 05:40:19,267 - mylogger - INFO - 2015-08-04    sell    miss
2017-05-08 05:40:19,267 - mylogger - INFO - 2015-08-05    hold    hit
2017-05-08 05:40:19,267 - mylogger - INFO - 2015-08-06    hold    hit
2017-05-08 05:40:19,268 - mylogger - INFO - 2015-08-07    sell    miss
2017-05-08 05:40:19,268 - mylogger - INFO - 2015-08-10    hold    miss
2017-05-08 05:40:19,269 - mylogger - INFO - 2015-08-11    sell    miss
2017-05-08 05:40:19,269 - mylogger - INFO - 2015-08-12    sell    hit
2017-05-08 05:40:19,270 - mylogger - INFO - 2015-08-13    sell    miss
2017-05-08 05:40:19,270 - mylogger - INFO - 2015-08-14    sell    miss
2017-05-08 05:40:19,271 - mylogger - INFO - 2015-08-17    sell    hit
2017-05-08 05:40:19,271 - mylogger - INFO - 2015-08-18    hold    miss
2017-05-08 05:40:19,271 - mylogger - INFO - 2015-08-19    hold    miss
2017-05-08 05:40:19,272 - mylogger - INFO - 2015-08-20    hold    miss
2017-05-08 05:40:19,272 - mylogger - INFO - 2015-08-21    sell    hit
2017-05-08 05:40:19,273 - mylogger - INFO - 2015-08-24    sell    miss
2017-05-08 05:40:19,273 - mylogger - INFO - 2015-08-25    sell    miss
2017-05-08 05:40:19,273 - mylogger - INFO - 2015-08-26    sell    miss
2017-05-08 05:40:19,274 - mylogger - INFO - 2015-08-27    hold    hit
2017-05-08 05:40:19,274 - mylogger - INFO - 2015-08-28    sell    hit
2017-05-08 05:40:19,275 - mylogger - INFO - 2015-08-31    sell    hit
2017-05-08 05:40:19,275 - mylogger - INFO - 2015-09-01    hold    miss
2017-05-08 05:40:19,275 - mylogger - INFO - 2015-09-02    sell    hit
2017-05-08 05:40:19,276 - mylogger - INFO - 2015-09-03    sell    hit
2017-05-08 05:40:19,276 - mylogger - INFO - 2015-09-04    sell    miss
2017-05-08 05:40:19,276 - mylogger - INFO - 2015-09-08    sell    hit
2017-05-08 05:40:19,277 - mylogger - INFO - 2015-09-09    sell    miss
2017-05-08 05:40:19,277 - mylogger - INFO - 2015-09-10    sell    miss
2017-05-08 05:40:19,277 - mylogger - INFO - 2015-09-11    hold    hit
2017-05-08 05:40:19,278 - mylogger - INFO - 2015-09-14    sell    miss
2017-05-08 05:40:19,278 - mylogger - INFO - 2015-09-15    sell    miss
2017-05-08 05:40:19,279 - mylogger - INFO - 2015-09-16    sell    hit
2017-05-08 05:40:19,279 - mylogger - INFO - 2015-09-17    sell    hit
2017-05-08 05:40:19,279 - mylogger - INFO - 2015-09-18    sell    miss
2017-05-08 05:40:19,279 - mylogger - INFO - 2015-09-21    hold    miss
2017-05-08 05:40:19,280 - mylogger - INFO - 2015-09-22    sell    miss
2017-05-08 05:40:19,280 - mylogger - INFO - 2015-09-23    sell    miss
2017-05-08 05:40:19,280 - mylogger - INFO - 2015-09-24    sell    hit
2017-05-08 05:40:19,280 - mylogger - INFO - 2015-09-25    hold    miss
2017-05-08 05:40:19,280 - mylogger - INFO - 2015-09-28    sell    hit
2017-05-08 05:40:19,281 - mylogger - INFO - 2015-09-29    sell    miss
2017-05-08 05:40:19,281 - mylogger - INFO - 2015-09-30    sell    hit
2017-05-08 05:40:19,281 - mylogger - INFO - 2015-10-01    sell    miss
2017-05-08 05:40:19,281 - mylogger - INFO - 2015-10-02    hold    hit
2017-05-08 05:40:19,281 - mylogger - INFO - 2015-10-05    hold    hit
2017-05-08 05:40:19,281 - mylogger - INFO - 2015-10-06    hold    miss
2017-05-08 05:40:19,281 - mylogger - INFO - 2015-10-07    hold    miss
2017-05-08 05:40:19,282 - mylogger - INFO - 2015-10-08    hold    miss
2017-05-08 05:40:19,282 - mylogger - INFO - 2015-10-09    hold    miss
2017-05-08 05:40:19,282 - mylogger - INFO - 2015-10-12    sell    miss
2017-05-08 05:40:19,282 - mylogger - INFO - 2015-10-13    sell    hit
2017-05-08 05:40:19,282 - mylogger - INFO - 2015-10-14    sell    miss
2017-05-08 05:40:19,282 - mylogger - INFO - 2015-10-15    sell    hit
2017-05-08 05:40:19,282 - mylogger - INFO - 2015-10-16    sell    miss
2017-05-08 05:40:19,282 - mylogger - INFO - 2015-10-19    sell    miss
2017-05-08 05:40:19,283 - mylogger - INFO - 2015-10-20    sell    hit
2017-05-08 05:40:19,283 - mylogger - INFO - 2015-10-21    sell    miss
2017-05-08 05:40:19,283 - mylogger - INFO - 2015-10-22    sell    miss
2017-05-08 05:40:19,283 - mylogger - INFO - 2015-10-23    sell    hit
2017-05-08 05:40:19,283 - mylogger - INFO - 2015-10-26    sell    hit
2017-05-08 05:40:19,283 - mylogger - INFO - 2015-10-27    sell    miss
2017-05-08 05:40:19,283 - mylogger - INFO - 2015-10-28    sell    miss
2017-05-08 05:40:19,284 - mylogger - INFO - 2015-10-29    sell    hit
2017-05-08 05:40:19,284 - mylogger - INFO - 2015-10-30    sell    miss
2017-05-08 05:40:19,284 - mylogger - INFO - 2015-11-02    hold    miss
2017-05-08 05:40:19,284 - mylogger - INFO - 2015-11-03    hold    miss
2017-05-08 05:40:19,284 - mylogger - INFO - 2015-11-04    sell    hit
2017-05-08 05:40:19,284 - mylogger - INFO - 2015-11-05    sell    miss
2017-05-08 05:40:19,284 - mylogger - INFO - 2015-11-06    sell    hit
2017-05-08 05:40:19,284 - mylogger - INFO - 2015-11-09    sell    hit
2017-05-08 05:40:19,285 - mylogger - INFO - 2015-11-10    sell    hit
2017-05-08 05:40:19,285 - mylogger - INFO - 2015-11-11    sell    hit
2017-05-08 05:40:19,285 - mylogger - INFO - 2015-11-12    sell    hit
2017-05-08 05:40:19,285 - mylogger - INFO - 2015-11-13    sell    miss
2017-05-08 05:40:19,285 - mylogger - INFO - 2015-11-16    sell    hit
2017-05-08 05:40:19,285 - mylogger - INFO - 2015-11-17    sell    miss
2017-05-08 05:40:19,285 - mylogger - INFO - 2015-11-18    sell    miss
2017-05-08 05:40:19,285 - mylogger - INFO - 2015-11-19    sell    miss
2017-05-08 05:40:19,286 - mylogger - INFO - 2015-11-20    sell    hit
2017-05-08 05:40:19,286 - mylogger - INFO - 2015-11-23    sell    miss
2017-05-08 05:40:19,286 - mylogger - INFO - 2015-11-24    sell    hit
2017-05-08 05:40:19,286 - mylogger - INFO - 2015-11-25    hold    miss
2017-05-08 05:40:19,286 - mylogger - INFO - 2015-11-27    sell    miss
2017-05-08 05:40:19,287 - mylogger - INFO - 2015-11-30    sell    hit
2017-05-08 05:40:19,287 - mylogger - INFO - 2015-12-01    sell    hit
2017-05-08 05:40:19,287 - mylogger - INFO - 2015-12-02    sell    hit
2017-05-08 05:40:19,287 - mylogger - INFO - 2015-12-03    sell    miss
2017-05-08 05:40:19,287 - mylogger - INFO - 2015-12-04    hold    miss
2017-05-08 05:40:19,288 - mylogger - INFO - 2015-12-07    hold    miss
2017-05-08 05:40:19,288 - mylogger - INFO - 2015-12-08    hold    miss
2017-05-08 05:40:19,288 - mylogger - INFO - 2015-12-09    hold    hit
2017-05-08 05:40:19,288 - mylogger - INFO - 2015-12-10    hold    miss
2017-05-08 05:40:19,289 - mylogger - INFO - 2015-12-11    hold    miss
2017-05-08 05:40:19,289 - mylogger - INFO - 2015-12-14    hold    miss
2017-05-08 05:40:19,289 - mylogger - INFO - 2015-12-15    sell    miss
2017-05-08 05:40:19,289 - mylogger - INFO - 2015-12-16    hold    miss
2017-05-08 05:40:19,289 - mylogger - INFO - 2015-12-17    sell    hit
2017-05-08 05:40:19,290 - mylogger - INFO - 2015-12-18    sell    miss
2017-05-08 05:40:19,290 - mylogger - INFO - 2015-12-21    hold    miss
2017-05-08 05:40:19,290 - mylogger - INFO - 2015-12-22    sell    miss
2017-05-08 05:40:19,290 - mylogger - INFO - 2015-12-23    hold    miss
2017-05-08 05:40:19,291 - mylogger - INFO - 2015-12-24    hold    miss
2017-05-08 05:40:19,291 - mylogger - INFO - 2015-12-28    sell    miss
2017-05-08 05:40:19,291 - mylogger - INFO - 2015-12-29    sell    hit
2017-05-08 05:40:19,291 - mylogger - INFO - 2015-12-30    hold    miss
2017-05-08 05:40:19,291 - mylogger - INFO - Hit number:199/503
2017-05-08 05:40:19,291 - mylogger - INFO - Hit rate:0.3956262425447316
