2017-05-07 23:39:17,828 - mylogger - INFO - -0.00543846
2017-05-07 23:39:17,828 - mylogger - INFO - 2014-01-02: sell
2017-05-07 23:39:18,151 - mylogger - INFO - 0.000929773
2017-05-07 23:39:18,152 - mylogger - INFO - 2014-01-03: buy
2017-05-07 23:39:18,152 - mylogger - INFO - 92750.2103
2017-05-07 23:39:18,469 - mylogger - INFO - 0.00479415
2017-05-07 23:39:18,470 - mylogger - INFO - 2014-01-06: buy
2017-05-07 23:39:18,470 - mylogger - INFO - 85460.8928
2017-05-07 23:39:18,871 - mylogger - INFO - -0.000173035
2017-05-07 23:39:18,872 - mylogger - INFO - 2014-01-07: sell
2017-05-07 23:39:19,190 - mylogger - INFO - 0.00203422
2017-05-07 23:39:19,191 - mylogger - INFO - 2014-01-08: buy
2017-05-07 23:39:19,191 - mylogger - INFO - 70940.6782
2017-05-07 23:39:19,501 - mylogger - INFO - 0.00587189
2017-05-07 23:39:19,505 - mylogger - INFO - 2014-01-09: buy
2017-05-07 23:39:19,505 - mylogger - INFO - 63750.65
2017-05-07 23:39:19,907 - mylogger - INFO - 0.00220069
2017-05-07 23:39:19,908 - mylogger - INFO - 2014-01-10: buy
2017-05-07 23:39:19,908 - mylogger - INFO - 56608.5915
2017-05-07 23:39:20,227 - mylogger - INFO - -0.00693526
2017-05-07 23:39:20,228 - mylogger - INFO - 2014-01-13: sell
2017-05-07 23:39:20,545 - mylogger - INFO - 0.00153063
2017-05-07 23:39:20,546 - mylogger - INFO - 2014-01-14: buy
2017-05-07 23:39:20,546 - mylogger - INFO - 42106.8682
2017-05-07 23:39:20,944 - mylogger - INFO - -0.010288
2017-05-07 23:39:20,945 - mylogger - INFO - 2014-01-15: sell
2017-05-07 23:39:21,253 - mylogger - INFO - -0.00095473
2017-05-07 23:39:21,254 - mylogger - INFO - 2014-01-16: sell
2017-05-07 23:39:21,568 - mylogger - INFO - -0.000587729
2017-05-07 23:39:21,569 - mylogger - INFO - 2014-01-17: sell
2017-05-07 23:39:21,967 - mylogger - INFO - -0.00739399
2017-05-07 23:39:21,968 - mylogger - INFO - 2014-01-21: sell
2017-05-07 23:39:22,303 - mylogger - INFO - -0.00919189
2017-05-07 23:39:22,304 - mylogger - INFO - 2014-01-22: sell
2017-05-07 23:39:22,629 - mylogger - INFO - -0.00863939
2017-05-07 23:39:22,630 - mylogger - INFO - 2014-01-23: sell
2017-05-07 23:39:23,044 - mylogger - INFO - -0.0025435
2017-05-07 23:39:23,045 - mylogger - INFO - 2014-01-24: sell
2017-05-07 23:39:23,368 - mylogger - INFO - -0.00677459
2017-05-07 23:39:23,369 - mylogger - INFO - 2014-01-27: sell
2017-05-07 23:39:23,696 - mylogger - INFO - -0.00798405
2017-05-07 23:39:23,697 - mylogger - INFO - 2014-01-28: sell
2017-05-07 23:39:24,031 - mylogger - INFO - -0.00579092
2017-05-07 23:39:24,031 - mylogger - INFO - 2014-01-29: sell
2017-05-07 23:39:24,444 - mylogger - INFO - 0.00572069
2017-05-07 23:39:24,445 - mylogger - INFO - 2014-01-30: No cover!
2017-05-07 23:39:24,762 - mylogger - INFO - -0.00368935
2017-05-07 23:39:24,763 - mylogger - INFO - 2014-01-31: sell
2017-05-07 23:39:25,088 - mylogger - INFO - -0.00711314
2017-05-07 23:39:25,089 - mylogger - INFO - 2014-02-03: sell
2017-05-07 23:39:25,503 - mylogger - INFO - -0.0128869
2017-05-07 23:39:25,504 - mylogger - INFO - 2014-02-04: sell
2017-05-07 23:39:25,828 - mylogger - INFO - -0.00139049
2017-05-07 23:39:25,829 - mylogger - INFO - 2014-02-05: sell
2017-05-07 23:39:26,159 - mylogger - INFO - -0.0031116
2017-05-07 23:39:26,159 - mylogger - INFO - 2014-02-06: sell
2017-05-07 23:39:26,568 - mylogger - INFO - -0.0050762
2017-05-07 23:39:26,569 - mylogger - INFO - 2014-02-07: sell
2017-05-07 23:39:26,891 - mylogger - INFO - -0.00614417
2017-05-07 23:39:26,891 - mylogger - INFO - 2014-02-10: sell
2017-05-07 23:39:27,217 - mylogger - INFO - 0.0011417
2017-05-07 23:39:27,218 - mylogger - INFO - 2014-02-11: No cover!
2017-05-07 23:39:27,634 - mylogger - INFO - 0.00487955
2017-05-07 23:39:27,635 - mylogger - INFO - 2014-02-12: No cover!
2017-05-07 23:39:27,952 - mylogger - INFO - -0.00418668
2017-05-07 23:39:27,953 - mylogger - INFO - 2014-02-13: sell
2017-05-07 23:39:28,267 - mylogger - INFO - -0.0027375
2017-05-07 23:39:28,268 - mylogger - INFO - 2014-02-14: sell
2017-05-07 23:39:28,599 - mylogger - INFO - -0.00808495
2017-05-07 23:39:28,600 - mylogger - INFO - 2014-02-18: sell
2017-05-07 23:39:29,019 - mylogger - INFO - -0.00637862
2017-05-07 23:39:29,020 - mylogger - INFO - 2014-02-19: sell
2017-05-07 23:39:29,351 - mylogger - INFO - -0.0112828
2017-05-07 23:39:29,352 - mylogger - INFO - 2014-02-20: sell
2017-05-07 23:39:29,686 - mylogger - INFO - -0.00714785
2017-05-07 23:39:29,687 - mylogger - INFO - 2014-02-21: sell
2017-05-07 23:39:30,102 - mylogger - INFO - -0.00348911
2017-05-07 23:39:30,103 - mylogger - INFO - 2014-02-24: sell
2017-05-07 23:39:30,422 - mylogger - INFO - -0.00343755
2017-05-07 23:39:30,423 - mylogger - INFO - 2014-02-25: sell
2017-05-07 23:39:30,751 - mylogger - INFO - -0.00168422
2017-05-07 23:39:30,751 - mylogger - INFO - 2014-02-26: sell
2017-05-07 23:39:31,166 - mylogger - INFO - -0.0101689
2017-05-07 23:39:31,167 - mylogger - INFO - 2014-02-27: sell
2017-05-07 23:39:31,486 - mylogger - INFO - -0.00197225
2017-05-07 23:39:31,487 - mylogger - INFO - 2014-02-28: sell
2017-05-07 23:39:31,819 - mylogger - INFO - -0.0097098
2017-05-07 23:39:31,819 - mylogger - INFO - 2014-03-03: sell
2017-05-07 23:39:32,234 - mylogger - INFO - -0.00542865
2017-05-07 23:39:32,235 - mylogger - INFO - 2014-03-04: sell
2017-05-07 23:39:32,557 - mylogger - INFO - -0.00537938
2017-05-07 23:39:32,558 - mylogger - INFO - 2014-03-05: sell
2017-05-07 23:39:32,880 - mylogger - INFO - -0.00727764
2017-05-07 23:39:32,880 - mylogger - INFO - 2014-03-06: sell
2017-05-07 23:39:33,212 - mylogger - INFO - -0.0105162
2017-05-07 23:39:33,213 - mylogger - INFO - 2014-03-07: sell
2017-05-07 23:39:33,626 - mylogger - INFO - -0.00727607
2017-05-07 23:39:33,627 - mylogger - INFO - 2014-03-10: sell
2017-05-07 23:39:33,952 - mylogger - INFO - -0.00701483
2017-05-07 23:39:33,953 - mylogger - INFO - 2014-03-11: sell
2017-05-07 23:39:34,270 - mylogger - INFO - -0.0167303
2017-05-07 23:39:34,270 - mylogger - INFO - 2014-03-12: sell
2017-05-07 23:39:34,680 - mylogger - INFO - -0.0019669
2017-05-07 23:39:34,681 - mylogger - INFO - 2014-03-13: sell
2017-05-07 23:39:35,009 - mylogger - INFO - 0.00826974
2017-05-07 23:39:35,010 - mylogger - INFO - 2014-03-14: No cover!
2017-05-07 23:39:35,338 - mylogger - INFO - -0.00292829
2017-05-07 23:39:35,339 - mylogger - INFO - 2014-03-17: sell
2017-05-07 23:39:35,756 - mylogger - INFO - -0.00637122
2017-05-07 23:39:35,757 - mylogger - INFO - 2014-03-18: sell
2017-05-07 23:39:36,082 - mylogger - INFO - -0.00190999
2017-05-07 23:39:36,083 - mylogger - INFO - 2014-03-19: sell
2017-05-07 23:39:36,407 - mylogger - INFO - 0.00650583
2017-05-07 23:39:36,408 - mylogger - INFO - 2014-03-20: No cover!
2017-05-07 23:39:36,830 - mylogger - INFO - 0.000377446
2017-05-07 23:39:36,831 - mylogger - INFO - 2014-03-21: No cover!
2017-05-07 23:39:37,155 - mylogger - INFO - 0.00840818
2017-05-07 23:39:37,156 - mylogger - INFO - 2014-03-24: No cover!
2017-05-07 23:39:37,474 - mylogger - INFO - 0.00518756
2017-05-07 23:39:37,475 - mylogger - INFO - 2014-03-25: No cover!
2017-05-07 23:39:37,819 - mylogger - INFO - 0.0022729
2017-05-07 23:39:37,820 - mylogger - INFO - 2014-03-26: No cover!
2017-05-07 23:39:38,225 - mylogger - INFO - 0.0065232
2017-05-07 23:39:38,226 - mylogger - INFO - 2014-03-27: No cover!
2017-05-07 23:39:38,545 - mylogger - INFO - -0.000363438
2017-05-07 23:39:38,545 - mylogger - INFO - 2014-03-28: sell
2017-05-07 23:39:38,858 - mylogger - INFO - -0.00544026
2017-05-07 23:39:38,858 - mylogger - INFO - 2014-03-31: sell
2017-05-07 23:39:39,264 - mylogger - INFO - 0.00827653
2017-05-07 23:39:39,265 - mylogger - INFO - 2014-04-01: No cover!
2017-05-07 23:39:39,582 - mylogger - INFO - -0.00769456
2017-05-07 23:39:39,583 - mylogger - INFO - 2014-04-02: sell
2017-05-07 23:39:39,907 - mylogger - INFO - 0.00134316
2017-05-07 23:39:39,908 - mylogger - INFO - 2014-04-03: No cover!
2017-05-07 23:39:40,313 - mylogger - INFO - -0.0018297
2017-05-07 23:39:40,314 - mylogger - INFO - 2014-04-04: sell
2017-05-07 23:39:40,644 - mylogger - INFO - 0.000702869
2017-05-07 23:39:40,645 - mylogger - INFO - 2014-04-07: No cover!
2017-05-07 23:39:40,966 - mylogger - INFO - -0.000923905
2017-05-07 23:39:40,967 - mylogger - INFO - 2014-04-08: sell
2017-05-07 23:39:41,394 - mylogger - INFO - -0.00246779
2017-05-07 23:39:41,394 - mylogger - INFO - 2014-04-09: sell
2017-05-07 23:39:41,723 - mylogger - INFO - -0.00185804
2017-05-07 23:39:41,724 - mylogger - INFO - 2014-04-10: sell
2017-05-07 23:39:42,051 - mylogger - INFO - -0.00452679
2017-05-07 23:39:42,052 - mylogger - INFO - 2014-04-11: sell
2017-05-07 23:39:42,372 - mylogger - INFO - -0.00259938
2017-05-07 23:39:42,373 - mylogger - INFO - 2014-04-14: sell
2017-05-07 23:39:42,791 - mylogger - INFO - -0.00427164
2017-05-07 23:39:42,792 - mylogger - INFO - 2014-04-15: sell
2017-05-07 23:39:43,114 - mylogger - INFO - 0.00365305
2017-05-07 23:39:43,115 - mylogger - INFO - 2014-04-16: No cover!
2017-05-07 23:39:43,446 - mylogger - INFO - -0.00248324
2017-05-07 23:39:43,447 - mylogger - INFO - 2014-04-17: sell
2017-05-07 23:39:43,864 - mylogger - INFO - 0.00148014
2017-05-07 23:39:43,865 - mylogger - INFO - 2014-04-21: No cover!
2017-05-07 23:39:44,194 - mylogger - INFO - 0.000968005
2017-05-07 23:39:44,195 - mylogger - INFO - 2014-04-22: No cover!
2017-05-07 23:39:44,512 - mylogger - INFO - 0.0061662
2017-05-07 23:39:44,513 - mylogger - INFO - 2014-04-23: No cover!
2017-05-07 23:39:44,929 - mylogger - INFO - 0.00410071
2017-05-07 23:39:44,930 - mylogger - INFO - 2014-04-24: No cover!
2017-05-07 23:39:45,254 - mylogger - INFO - -0.00606064
2017-05-07 23:39:45,255 - mylogger - INFO - 2014-04-25: sell
2017-05-07 23:39:45,582 - mylogger - INFO - 0.00122135
2017-05-07 23:39:45,583 - mylogger - INFO - 2014-04-28: No cover!
2017-05-07 23:39:45,993 - mylogger - INFO - 0.00256533
2017-05-07 23:39:45,994 - mylogger - INFO - 2014-04-29: No cover!
2017-05-07 23:39:46,320 - mylogger - INFO - 4.76973e-05
2017-05-07 23:39:46,321 - mylogger - INFO - 2014-04-30: No cover!
2017-05-07 23:39:46,648 - mylogger - INFO - 0.00177551
2017-05-07 23:39:46,649 - mylogger - INFO - 2014-05-01: No cover!
2017-05-07 23:39:46,967 - mylogger - INFO - -0.00691248
2017-05-07 23:39:46,968 - mylogger - INFO - 2014-05-02: sell
2017-05-07 23:39:47,375 - mylogger - INFO - -0.00110762
2017-05-07 23:39:47,376 - mylogger - INFO - 2014-05-05: sell
2017-05-07 23:39:47,698 - mylogger - INFO - 0.00454597
2017-05-07 23:39:47,699 - mylogger - INFO - 2014-05-06: No cover!
2017-05-07 23:39:48,013 - mylogger - INFO - -0.00151022
2017-05-07 23:39:48,014 - mylogger - INFO - 2014-05-07: sell
2017-05-07 23:39:48,418 - mylogger - INFO - 0.00254613
2017-05-07 23:39:48,419 - mylogger - INFO - 2014-05-08: No cover!
2017-05-07 23:39:48,730 - mylogger - INFO - -0.00621204
2017-05-07 23:39:48,730 - mylogger - INFO - 2014-05-09: sell
2017-05-07 23:39:49,046 - mylogger - INFO - -0.00864118
2017-05-07 23:39:49,047 - mylogger - INFO - 2014-05-12: sell
2017-05-07 23:39:49,448 - mylogger - INFO - -0.00408789
2017-05-07 23:39:49,449 - mylogger - INFO - 2014-05-13: sell
2017-05-07 23:39:49,769 - mylogger - INFO - -0.00911962
2017-05-07 23:39:49,770 - mylogger - INFO - 2014-05-14: sell
2017-05-07 23:39:50,095 - mylogger - INFO - -0.00476813
2017-05-07 23:39:50,096 - mylogger - INFO - 2014-05-15: sell
2017-05-07 23:39:50,506 - mylogger - INFO - -0.00336419
2017-05-07 23:39:50,507 - mylogger - INFO - 2014-05-16: sell
2017-05-07 23:39:50,832 - mylogger - INFO - -0.00465043
2017-05-07 23:39:50,832 - mylogger - INFO - 2014-05-19: sell
2017-05-07 23:39:51,165 - mylogger - INFO - -0.00706124
2017-05-07 23:39:51,166 - mylogger - INFO - 2014-05-20: sell
2017-05-07 23:39:51,490 - mylogger - INFO - -0.00961593
2017-05-07 23:39:51,491 - mylogger - INFO - 2014-05-21: sell
2017-05-07 23:39:51,904 - mylogger - INFO - -0.00501455
2017-05-07 23:39:51,905 - mylogger - INFO - 2014-05-22: sell
2017-05-07 23:39:52,234 - mylogger - INFO - -0.00661682
2017-05-07 23:39:52,235 - mylogger - INFO - 2014-05-23: sell
2017-05-07 23:39:52,560 - mylogger - INFO - -0.00435512
2017-05-07 23:39:52,561 - mylogger - INFO - 2014-05-27: sell
2017-05-07 23:39:52,977 - mylogger - INFO - 0.000759335
2017-05-07 23:39:52,978 - mylogger - INFO - 2014-05-28: No cover!
2017-05-07 23:39:53,313 - mylogger - INFO - -0.00576081
2017-05-07 23:39:53,314 - mylogger - INFO - 2014-05-29: sell
2017-05-07 23:39:53,631 - mylogger - INFO - 0.00422546
2017-05-07 23:39:53,632 - mylogger - INFO - 2014-05-30: No cover!
2017-05-07 23:39:54,035 - mylogger - INFO - -0.0172092
2017-05-07 23:39:54,036 - mylogger - INFO - 2014-06-02: sell
2017-05-07 23:39:54,367 - mylogger - INFO - 0.000476748
2017-05-07 23:39:54,368 - mylogger - INFO - 2014-06-03: No cover!
2017-05-07 23:39:54,700 - mylogger - INFO - -0.0108309
2017-05-07 23:39:54,701 - mylogger - INFO - 2014-06-04: sell
2017-05-07 23:39:55,123 - mylogger - INFO - 0.00383495
2017-05-07 23:39:55,124 - mylogger - INFO - 2014-06-05: No cover!
2017-05-07 23:39:55,442 - mylogger - INFO - -0.011115
2017-05-07 23:39:55,442 - mylogger - INFO - 2014-06-06: sell
2017-05-07 23:39:55,763 - mylogger - INFO - -0.00161649
2017-05-07 23:39:55,764 - mylogger - INFO - 2014-06-09: sell
2017-05-07 23:39:56,091 - mylogger - INFO - -0.0124849
2017-05-07 23:39:56,092 - mylogger - INFO - 2014-06-10: sell
2017-05-07 23:39:56,504 - mylogger - INFO - -0.00561554
2017-05-07 23:39:56,505 - mylogger - INFO - 2014-06-11: sell
2017-05-07 23:39:56,821 - mylogger - INFO - -0.00615314
2017-05-07 23:39:56,822 - mylogger - INFO - 2014-06-12: sell
2017-05-07 23:39:57,139 - mylogger - INFO - -0.0127675
2017-05-07 23:39:57,140 - mylogger - INFO - 2014-06-13: sell
2017-05-07 23:39:57,542 - mylogger - INFO - -0.00867163
2017-05-07 23:39:57,543 - mylogger - INFO - 2014-06-16: sell
2017-05-07 23:39:57,867 - mylogger - INFO - -0.00066179
2017-05-07 23:39:57,868 - mylogger - INFO - 2014-06-17: sell
2017-05-07 23:39:58,202 - mylogger - INFO - 0.000754297
2017-05-07 23:39:58,203 - mylogger - INFO - 2014-06-18: No cover!
2017-05-07 23:39:58,617 - mylogger - INFO - -0.00784986
2017-05-07 23:39:58,618 - mylogger - INFO - 2014-06-19: sell
2017-05-07 23:39:58,934 - mylogger - INFO - 0.00679113
2017-05-07 23:39:58,935 - mylogger - INFO - 2014-06-20: No cover!
2017-05-07 23:39:59,255 - mylogger - INFO - -0.00313621
2017-05-07 23:39:59,256 - mylogger - INFO - 2014-06-23: sell
2017-05-07 23:39:59,671 - mylogger - INFO - 0.00125605
2017-05-07 23:39:59,672 - mylogger - INFO - 2014-06-24: No cover!
2017-05-07 23:39:59,996 - mylogger - INFO - -0.00525486
2017-05-07 23:39:59,999 - mylogger - INFO - 2014-06-25: sell
2017-05-07 23:40:00,327 - mylogger - INFO - -0.00171608
2017-05-07 23:40:00,328 - mylogger - INFO - 2014-06-26: sell
2017-05-07 23:40:00,657 - mylogger - INFO - -0.00228751
2017-05-07 23:40:00,657 - mylogger - INFO - 2014-06-27: sell
2017-05-07 23:40:01,078 - mylogger - INFO - -0.000577171
2017-05-07 23:40:01,078 - mylogger - INFO - 2014-06-30: sell
2017-05-07 23:40:01,398 - mylogger - INFO - -0.0165127
2017-05-07 23:40:01,399 - mylogger - INFO - 2014-07-01: sell
2017-05-07 23:40:01,729 - mylogger - INFO - -0.0170911
2017-05-07 23:40:01,730 - mylogger - INFO - 2014-07-02: sell
2017-05-07 23:40:02,142 - mylogger - INFO - -0.017408
2017-05-07 23:40:02,143 - mylogger - INFO - 2014-07-03: sell
2017-05-07 23:40:02,458 - mylogger - INFO - -0.0159845
2017-05-07 23:40:02,459 - mylogger - INFO - 2014-07-07: sell
2017-05-07 23:40:02,775 - mylogger - INFO - -0.00787336
2017-05-07 23:40:02,776 - mylogger - INFO - 2014-07-08: sell
2017-05-07 23:40:03,195 - mylogger - INFO - -0.00981637
2017-05-07 23:40:03,196 - mylogger - INFO - 2014-07-09: sell
2017-05-07 23:40:03,517 - mylogger - INFO - -0.00024002
2017-05-07 23:40:03,518 - mylogger - INFO - 2014-07-10: sell
2017-05-07 23:40:03,841 - mylogger - INFO - 0.000896424
2017-05-07 23:40:03,842 - mylogger - INFO - 2014-07-11: No cover!
2017-05-07 23:40:04,255 - mylogger - INFO - 0.00815434
2017-05-07 23:40:04,256 - mylogger - INFO - 2014-07-14: No cover!
2017-05-07 23:40:04,583 - mylogger - INFO - 0.00633317
2017-05-07 23:40:04,584 - mylogger - INFO - 2014-07-15: No cover!
2017-05-07 23:40:04,903 - mylogger - INFO - 0.000607283
2017-05-07 23:40:04,904 - mylogger - INFO - 2014-07-16: No cover!
2017-05-07 23:40:05,235 - mylogger - INFO - -0.00884445
2017-05-07 23:40:05,236 - mylogger - INFO - 2014-07-17: sell
2017-05-07 23:40:05,663 - mylogger - INFO - -0.01124
2017-05-07 23:40:05,665 - mylogger - INFO - 2014-07-18: sell
2017-05-07 23:40:05,988 - mylogger - INFO - 0.00316552
2017-05-07 23:40:05,989 - mylogger - INFO - 2014-07-21: No cover!
2017-05-07 23:40:06,315 - mylogger - INFO - -0.00249067
2017-05-07 23:40:06,316 - mylogger - INFO - 2014-07-22: sell
2017-05-07 23:40:06,729 - mylogger - INFO - -0.0100283
2017-05-07 23:40:06,730 - mylogger - INFO - 2014-07-23: sell
2017-05-07 23:40:07,055 - mylogger - INFO - 0.0019363
2017-05-07 23:40:07,056 - mylogger - INFO - 2014-07-24: No cover!
2017-05-07 23:40:07,375 - mylogger - INFO - -0.0196557
2017-05-07 23:40:07,376 - mylogger - INFO - 2014-07-25: sell
2017-05-07 23:40:07,797 - mylogger - INFO - -0.00172581
2017-05-07 23:40:07,798 - mylogger - INFO - 2014-07-28: sell
2017-05-07 23:40:08,124 - mylogger - INFO - 0.00234213
2017-05-07 23:40:08,125 - mylogger - INFO - 2014-07-29: No cover!
2017-05-07 23:40:08,446 - mylogger - INFO - -0.00519772
2017-05-07 23:40:08,446 - mylogger - INFO - 2014-07-30: sell
2017-05-07 23:40:08,859 - mylogger - INFO - -0.00976579
2017-05-07 23:40:08,860 - mylogger - INFO - 2014-07-31: sell
2017-05-07 23:40:09,187 - mylogger - INFO - -0.00685058
2017-05-07 23:40:09,188 - mylogger - INFO - 2014-08-01: sell
2017-05-07 23:40:09,512 - mylogger - INFO - -0.00562692
2017-05-07 23:40:09,513 - mylogger - INFO - 2014-08-04: sell
2017-05-07 23:40:09,931 - mylogger - INFO - 0.0096018
2017-05-07 23:40:09,932 - mylogger - INFO - 2014-08-05: No cover!
2017-05-07 23:40:10,251 - mylogger - INFO - -0.00496582
2017-05-07 23:40:10,252 - mylogger - INFO - 2014-08-06: sell
2017-05-07 23:40:10,577 - mylogger - INFO - -0.00197022
2017-05-07 23:40:10,578 - mylogger - INFO - 2014-08-07: sell
2017-05-07 23:40:10,899 - mylogger - INFO - -0.00219307
2017-05-07 23:40:10,900 - mylogger - INFO - 2014-08-08: sell
2017-05-07 23:40:11,337 - mylogger - INFO - 0.000411495
2017-05-07 23:40:11,338 - mylogger - INFO - 2014-08-11: No cover!
2017-05-07 23:40:11,695 - mylogger - INFO - -0.00548301
2017-05-07 23:40:11,696 - mylogger - INFO - 2014-08-12: sell
2017-05-07 23:40:12,011 - mylogger - INFO - -0.00231156
2017-05-07 23:40:12,012 - mylogger - INFO - 2014-08-13: sell
2017-05-07 23:40:12,417 - mylogger - INFO - -0.0105477
2017-05-07 23:40:12,418 - mylogger - INFO - 2014-08-14: sell
2017-05-07 23:40:12,732 - mylogger - INFO - -0.00925761
2017-05-07 23:40:12,733 - mylogger - INFO - 2014-08-15: sell
2017-05-07 23:40:13,051 - mylogger - INFO - -0.007655
2017-05-07 23:40:13,052 - mylogger - INFO - 2014-08-18: sell
2017-05-07 23:40:13,463 - mylogger - INFO - 0.00222189
2017-05-07 23:40:13,464 - mylogger - INFO - 2014-08-19: No cover!
2017-05-07 23:40:13,784 - mylogger - INFO - -0.000717022
2017-05-07 23:40:13,785 - mylogger - INFO - 2014-08-20: sell
2017-05-07 23:40:14,110 - mylogger - INFO - 0.00164065
2017-05-07 23:40:14,111 - mylogger - INFO - 2014-08-21: No cover!
2017-05-07 23:40:14,525 - mylogger - INFO - -0.00614818
2017-05-07 23:40:14,526 - mylogger - INFO - 2014-08-22: sell
2017-05-07 23:40:14,852 - mylogger - INFO - -0.00321279
2017-05-07 23:40:14,853 - mylogger - INFO - 2014-08-25: sell
2017-05-07 23:40:15,183 - mylogger - INFO - -0.00567417
2017-05-07 23:40:15,184 - mylogger - INFO - 2014-08-26: sell
2017-05-07 23:40:15,503 - mylogger - INFO - -0.00482678
2017-05-07 23:40:15,504 - mylogger - INFO - 2014-08-27: sell
2017-05-07 23:40:15,919 - mylogger - INFO - -0.00742924
2017-05-07 23:40:15,920 - mylogger - INFO - 2014-08-28: sell
2017-05-07 23:40:16,238 - mylogger - INFO - -0.0143265
2017-05-07 23:40:16,239 - mylogger - INFO - 2014-08-29: sell
2017-05-07 23:40:16,569 - mylogger - INFO - -0.00720399
2017-05-07 23:40:16,570 - mylogger - INFO - 2014-09-02: sell
2017-05-07 23:40:16,991 - mylogger - INFO - -0.00779435
2017-05-07 23:40:16,992 - mylogger - INFO - 2014-09-03: sell
2017-05-07 23:40:17,322 - mylogger - INFO - -0.00291603
2017-05-07 23:40:17,323 - mylogger - INFO - 2014-09-04: sell
2017-05-07 23:40:17,654 - mylogger - INFO - -0.00677205
2017-05-07 23:40:17,655 - mylogger - INFO - 2014-09-05: sell
2017-05-07 23:40:18,075 - mylogger - INFO - -0.00328829
2017-05-07 23:40:18,076 - mylogger - INFO - 2014-09-08: sell
2017-05-07 23:40:18,403 - mylogger - INFO - 0.00226169
2017-05-07 23:40:18,404 - mylogger - INFO - 2014-09-09: No cover!
2017-05-07 23:40:18,734 - mylogger - INFO - -0.0049036
2017-05-07 23:40:18,735 - mylogger - INFO - 2014-09-10: sell
2017-05-07 23:40:19,162 - mylogger - INFO - 0.00247183
2017-05-07 23:40:19,163 - mylogger - INFO - 2014-09-11: No cover!
2017-05-07 23:40:19,492 - mylogger - INFO - -0.000368576
2017-05-07 23:40:19,494 - mylogger - INFO - 2014-09-12: sell
2017-05-07 23:40:19,822 - mylogger - INFO - -0.00603587
2017-05-07 23:40:19,823 - mylogger - INFO - 2014-09-15: sell
2017-05-07 23:40:20,153 - mylogger - INFO - 0.00022146
2017-05-07 23:40:20,154 - mylogger - INFO - 2014-09-16: No cover!
2017-05-07 23:40:20,576 - mylogger - INFO - 0.00163152
2017-05-07 23:40:20,577 - mylogger - INFO - 2014-09-17: No cover!
2017-05-07 23:40:20,899 - mylogger - INFO - -0.00382046
2017-05-07 23:40:20,900 - mylogger - INFO - 2014-09-18: sell
2017-05-07 23:40:21,231 - mylogger - INFO - 0.0011346
2017-05-07 23:40:21,233 - mylogger - INFO - 2014-09-19: No cover!
2017-05-07 23:40:21,667 - mylogger - INFO - -0.00927009
2017-05-07 23:40:21,668 - mylogger - INFO - 2014-09-22: sell
2017-05-07 23:40:21,990 - mylogger - INFO - -0.00198429
2017-05-07 23:40:21,991 - mylogger - INFO - 2014-09-23: sell
2017-05-07 23:40:22,327 - mylogger - INFO - -0.00728242
2017-05-07 23:40:22,327 - mylogger - INFO - 2014-09-24: sell
2017-05-07 23:40:22,754 - mylogger - INFO - -0.00609243
2017-05-07 23:40:22,754 - mylogger - INFO - 2014-09-25: sell
2017-05-07 23:40:23,085 - mylogger - INFO - -0.00157515
2017-05-07 23:40:23,086 - mylogger - INFO - 2014-09-26: sell
2017-05-07 23:40:23,407 - mylogger - INFO - -0.000775831
2017-05-07 23:40:23,407 - mylogger - INFO - 2014-09-29: sell
2017-05-07 23:40:23,837 - mylogger - INFO - 0.00293247
2017-05-07 23:40:23,838 - mylogger - INFO - 2014-09-30: No cover!
2017-05-07 23:40:24,170 - mylogger - INFO - -0.00663488
2017-05-07 23:40:24,171 - mylogger - INFO - 2014-10-01: sell
2017-05-07 23:40:24,494 - mylogger - INFO - -0.00682754
2017-05-07 23:40:24,495 - mylogger - INFO - 2014-10-02: sell
2017-05-07 23:40:24,819 - mylogger - INFO - -0.0256881
2017-05-07 23:40:24,820 - mylogger - INFO - 2014-10-03: sell
2017-05-07 23:40:25,239 - mylogger - INFO - -0.026958
2017-05-07 23:40:25,240 - mylogger - INFO - 2014-10-06: sell
2017-05-07 23:40:25,564 - mylogger - INFO - -0.0132209
2017-05-07 23:40:25,565 - mylogger - INFO - 2014-10-07: sell
2017-05-07 23:40:25,886 - mylogger - INFO - -0.00642069
2017-05-07 23:40:25,887 - mylogger - INFO - 2014-10-08: sell
2017-05-07 23:40:26,311 - mylogger - INFO - -0.017899
2017-05-07 23:40:26,312 - mylogger - INFO - 2014-10-09: sell
2017-05-07 23:40:26,640 - mylogger - INFO - -0.00391486
2017-05-07 23:40:26,641 - mylogger - INFO - 2014-10-10: sell
2017-05-07 23:40:26,967 - mylogger - INFO - -0.00222008
2017-05-07 23:40:26,968 - mylogger - INFO - 2014-10-13: sell
2017-05-07 23:40:27,386 - mylogger - INFO - -0.000318798
2017-05-07 23:40:27,386 - mylogger - INFO - 2014-10-14: sell
2017-05-07 23:40:27,712 - mylogger - INFO - -0.000503033
2017-05-07 23:40:27,712 - mylogger - INFO - 2014-10-15: sell
2017-05-07 23:40:28,038 - mylogger - INFO - -0.00542242
2017-05-07 23:40:28,039 - mylogger - INFO - 2014-10-16: sell
2017-05-07 23:40:28,461 - mylogger - INFO - -0.00368779
2017-05-07 23:40:28,462 - mylogger - INFO - 2014-10-17: sell
2017-05-07 23:40:28,789 - mylogger - INFO - -0.00915629
2017-05-07 23:40:28,790 - mylogger - INFO - 2014-10-20: sell
2017-05-07 23:40:29,112 - mylogger - INFO - -0.00128922
2017-05-07 23:40:29,113 - mylogger - INFO - 2014-10-21: sell
2017-05-07 23:40:29,537 - mylogger - INFO - -0.00238375
2017-05-07 23:40:29,538 - mylogger - INFO - 2014-10-22: sell
2017-05-07 23:40:29,860 - mylogger - INFO - -0.00416104
2017-05-07 23:40:29,861 - mylogger - INFO - 2014-10-23: sell
2017-05-07 23:40:30,193 - mylogger - INFO - -0.00430833
2017-05-07 23:40:30,194 - mylogger - INFO - 2014-10-24: sell
2017-05-07 23:40:30,521 - mylogger - INFO - 0.00028345
2017-05-07 23:40:30,522 - mylogger - INFO - 2014-10-27: No cover!
2017-05-07 23:40:30,937 - mylogger - INFO - -0.00515851
2017-05-07 23:40:30,938 - mylogger - INFO - 2014-10-28: sell
2017-05-07 23:40:31,256 - mylogger - INFO - -0.0146621
2017-05-07 23:40:31,257 - mylogger - INFO - 2014-10-29: sell
2017-05-07 23:40:31,583 - mylogger - INFO - -0.0108601
2017-05-07 23:40:31,584 - mylogger - INFO - 2014-10-30: sell
2017-05-07 23:40:32,000 - mylogger - INFO - -0.0110978
2017-05-07 23:40:32,001 - mylogger - INFO - 2014-10-31: sell
2017-05-07 23:40:32,326 - mylogger - INFO - -0.00582403
2017-05-07 23:40:32,327 - mylogger - INFO - 2014-11-03: sell
2017-05-07 23:40:32,659 - mylogger - INFO - -0.00587175
2017-05-07 23:40:32,660 - mylogger - INFO - 2014-11-04: sell
2017-05-07 23:40:33,086 - mylogger - INFO - -0.00621742
2017-05-07 23:40:33,087 - mylogger - INFO - 2014-11-05: sell
2017-05-07 23:40:33,413 - mylogger - INFO - -0.00863129
2017-05-07 23:40:33,414 - mylogger - INFO - 2014-11-06: sell
2017-05-07 23:40:33,741 - mylogger - INFO - 0.00159237
2017-05-07 23:40:33,742 - mylogger - INFO - 2014-11-07: No cover!
2017-05-07 23:40:34,166 - mylogger - INFO - -0.0047041
2017-05-07 23:40:34,166 - mylogger - INFO - 2014-11-10: sell
2017-05-07 23:40:34,494 - mylogger - INFO - -0.00354569
2017-05-07 23:40:34,495 - mylogger - INFO - 2014-11-11: sell
2017-05-07 23:40:34,825 - mylogger - INFO - -0.0041934
2017-05-07 23:40:34,826 - mylogger - INFO - 2014-11-12: sell
2017-05-07 23:40:35,248 - mylogger - INFO - -0.00394575
2017-05-07 23:40:35,249 - mylogger - INFO - 2014-11-13: sell
2017-05-07 23:40:35,586 - mylogger - INFO - -0.00123433
2017-05-07 23:40:35,587 - mylogger - INFO - 2014-11-14: sell
2017-05-07 23:40:35,911 - mylogger - INFO - 0.00479302
2017-05-07 23:40:35,912 - mylogger - INFO - 2014-11-17: No cover!
2017-05-07 23:40:36,244 - mylogger - INFO - 0.00134628
2017-05-07 23:40:36,245 - mylogger - INFO - 2014-11-18: No cover!
2017-05-07 23:40:36,672 - mylogger - INFO - -0.0082431
2017-05-07 23:40:36,672 - mylogger - INFO - 2014-11-19: sell
2017-05-07 23:40:37,002 - mylogger - INFO - 0.00168105
2017-05-07 23:40:37,004 - mylogger - INFO - 2014-11-20: No cover!
2017-05-07 23:40:37,323 - mylogger - INFO - -0.00507233
2017-05-07 23:40:37,324 - mylogger - INFO - 2014-11-21: sell
2017-05-07 23:40:37,747 - mylogger - INFO - 0.00245504
2017-05-07 23:40:37,748 - mylogger - INFO - 2014-11-24: No cover!
2017-05-07 23:40:38,075 - mylogger - INFO - 0.000687899
2017-05-07 23:40:38,076 - mylogger - INFO - 2014-11-25: No cover!
2017-05-07 23:40:38,395 - mylogger - INFO - 0.0024413
2017-05-07 23:40:38,396 - mylogger - INFO - 2014-11-26: No cover!
2017-05-07 23:40:38,821 - mylogger - INFO - 0.00312885
2017-05-07 23:40:38,822 - mylogger - INFO - 2014-11-28: No cover!
2017-05-07 23:40:39,161 - mylogger - INFO - 0.00847033
2017-05-07 23:40:39,163 - mylogger - INFO - 2014-12-01: No cover!
2017-05-07 23:40:39,483 - mylogger - INFO - 0.00396668
2017-05-07 23:40:39,485 - mylogger - INFO - 2014-12-02: No cover!
2017-05-07 23:40:39,912 - mylogger - INFO - 0.00188413
2017-05-07 23:40:39,913 - mylogger - INFO - 2014-12-03: No cover!
2017-05-07 23:40:40,240 - mylogger - INFO - 0.00619536
2017-05-07 23:40:40,241 - mylogger - INFO - 2014-12-04: No cover!
2017-05-07 23:40:40,567 - mylogger - INFO - 0.00738376
2017-05-07 23:40:40,568 - mylogger - INFO - 2014-12-05: No cover!
2017-05-07 23:40:40,894 - mylogger - INFO - 0.000592758
2017-05-07 23:40:40,895 - mylogger - INFO - 2014-12-08: No cover!
2017-05-07 23:40:41,316 - mylogger - INFO - 0.00158293
2017-05-07 23:40:41,317 - mylogger - INFO - 2014-12-09: No cover!
2017-05-07 23:40:41,646 - mylogger - INFO - 9.29051e-05
2017-05-07 23:40:41,647 - mylogger - INFO - 2014-12-10: No cover!
2017-05-07 23:40:41,989 - mylogger - INFO - 0.00324723
2017-05-07 23:40:41,990 - mylogger - INFO - 2014-12-11: No cover!
2017-05-07 23:40:42,403 - mylogger - INFO - -0.0112032
2017-05-07 23:40:42,404 - mylogger - INFO - 2014-12-12: sell
2017-05-07 23:40:42,728 - mylogger - INFO - -0.0106965
2017-05-07 23:40:42,729 - mylogger - INFO - 2014-12-15: sell
2017-05-07 23:40:43,052 - mylogger - INFO - -0.0131933
2017-05-07 23:40:43,053 - mylogger - INFO - 2014-12-16: sell
2017-05-07 23:40:43,456 - mylogger - INFO - -0.0134257
2017-05-07 23:40:43,456 - mylogger - INFO - 2014-12-17: sell
2017-05-07 23:40:43,781 - mylogger - INFO - -0.00831633
2017-05-07 23:40:43,782 - mylogger - INFO - 2014-12-18: sell
2017-05-07 23:40:44,112 - mylogger - INFO - -0.00569962
2017-05-07 23:40:44,113 - mylogger - INFO - 2014-12-19: sell
2017-05-07 23:40:44,545 - mylogger - INFO - -0.00369659
2017-05-07 23:40:44,546 - mylogger - INFO - 2014-12-22: sell
2017-05-07 23:40:44,865 - mylogger - INFO - 0.00173084
2017-05-07 23:40:44,866 - mylogger - INFO - 2014-12-23: No cover!
2017-05-07 23:40:45,195 - mylogger - INFO - -0.00667514
2017-05-07 23:40:45,196 - mylogger - INFO - 2014-12-24: sell
2017-05-07 23:40:45,520 - mylogger - INFO - -0.00634854
2017-05-07 23:40:45,520 - mylogger - INFO - 2014-12-26: sell
2017-05-07 23:40:45,935 - mylogger - INFO - -0.00558108
2017-05-07 23:40:45,936 - mylogger - INFO - 2014-12-29: sell
2017-05-07 23:40:46,250 - mylogger - INFO - 0.00594446
2017-05-07 23:40:46,251 - mylogger - INFO - 2014-12-30: No cover!
2017-05-07 23:40:46,569 - mylogger - INFO - 0.000706524
2017-05-07 23:40:46,571 - mylogger - INFO - 2014-12-31: No cover!
2017-05-07 23:40:46,972 - mylogger - INFO - -0.000232101
2017-05-07 23:40:46,972 - mylogger - INFO - 2015-01-02: sell
2017-05-07 23:40:47,285 - mylogger - INFO - -0.000527932
2017-05-07 23:40:47,286 - mylogger - INFO - 2015-01-05: sell
2017-05-07 23:40:47,604 - mylogger - INFO - 0.00647596
2017-05-07 23:40:47,605 - mylogger - INFO - 2015-01-06: No cover!
2017-05-07 23:40:48,016 - mylogger - INFO - 0.00273084
2017-05-07 23:40:48,017 - mylogger - INFO - 2015-01-07: No cover!
2017-05-07 23:40:48,345 - mylogger - INFO - 0.00536432
2017-05-07 23:40:48,346 - mylogger - INFO - 2015-01-08: No cover!
2017-05-07 23:40:48,672 - mylogger - INFO - -0.00624813
2017-05-07 23:40:48,673 - mylogger - INFO - 2015-01-09: sell
2017-05-07 23:40:49,100 - mylogger - INFO - 0.0105087
2017-05-07 23:40:49,101 - mylogger - INFO - 2015-01-12: No cover!
2017-05-07 23:40:49,431 - mylogger - INFO - 0.00391
2017-05-07 23:40:49,432 - mylogger - INFO - 2015-01-13: No cover!
2017-05-07 23:40:49,752 - mylogger - INFO - 0.00275617
2017-05-07 23:40:49,753 - mylogger - INFO - 2015-01-14: No cover!
2017-05-07 23:40:50,076 - mylogger - INFO - -0.000241939
2017-05-07 23:40:50,077 - mylogger - INFO - 2015-01-15: sell
2017-05-07 23:40:50,503 - mylogger - INFO - -0.00309148
2017-05-07 23:40:50,503 - mylogger - INFO - 2015-01-16: sell
2017-05-07 23:40:50,835 - mylogger - INFO - 0.00344462
2017-05-07 23:40:50,836 - mylogger - INFO - 2015-01-20: No cover!
2017-05-07 23:40:51,162 - mylogger - INFO - 0.00365502
2017-05-07 23:40:51,163 - mylogger - INFO - 2015-01-21: No cover!
2017-05-07 23:40:51,588 - mylogger - INFO - 0.00391476
2017-05-07 23:40:51,589 - mylogger - INFO - 2015-01-22: No cover!
2017-05-07 23:40:51,914 - mylogger - INFO - 0.000598737
2017-05-07 23:40:51,915 - mylogger - INFO - 2015-01-23: No cover!
2017-05-07 23:40:52,248 - mylogger - INFO - 0.0057605
2017-05-07 23:40:52,249 - mylogger - INFO - 2015-01-26: No cover!
2017-05-07 23:40:52,676 - mylogger - INFO - 0.00531715
2017-05-07 23:40:52,678 - mylogger - INFO - 2015-01-27: No cover!
2017-05-07 23:40:52,996 - mylogger - INFO - -0.00178915
2017-05-07 23:40:52,997 - mylogger - INFO - 2015-01-28: sell
2017-05-07 23:40:53,328 - mylogger - INFO - -0.00722122
2017-05-07 23:40:53,329 - mylogger - INFO - 2015-01-29: sell
2017-05-07 23:40:53,754 - mylogger - INFO - -0.00306656
2017-05-07 23:40:53,755 - mylogger - INFO - 2015-01-30: sell
2017-05-07 23:40:54,079 - mylogger - INFO - -0.00157375
2017-05-07 23:40:54,080 - mylogger - INFO - 2015-02-02: sell
2017-05-07 23:40:54,403 - mylogger - INFO - -0.00240553
2017-05-07 23:40:54,404 - mylogger - INFO - 2015-02-03: sell
2017-05-07 23:40:54,740 - mylogger - INFO - -0.00330774
2017-05-07 23:40:54,740 - mylogger - INFO - 2015-02-04: sell
2017-05-07 23:40:55,162 - mylogger - INFO - -0.00015269
2017-05-07 23:40:55,163 - mylogger - INFO - 2015-02-05: sell
2017-05-07 23:40:55,489 - mylogger - INFO - 0.00339833
2017-05-07 23:40:55,490 - mylogger - INFO - 2015-02-06: No cover!
2017-05-07 23:40:55,816 - mylogger - INFO - 0.00353632
2017-05-07 23:40:55,817 - mylogger - INFO - 2015-02-09: No cover!
2017-05-07 23:40:56,238 - mylogger - INFO - -0.00593575
2017-05-07 23:40:56,239 - mylogger - INFO - 2015-02-10: sell
2017-05-07 23:40:56,570 - mylogger - INFO - -0.00782135
2017-05-07 23:40:56,571 - mylogger - INFO - 2015-02-11: sell
2017-05-07 23:40:56,896 - mylogger - INFO - 0.00354089
2017-05-07 23:40:56,897 - mylogger - INFO - 2015-02-12: No cover!
2017-05-07 23:40:57,318 - mylogger - INFO - -0.00865847
2017-05-07 23:40:57,318 - mylogger - INFO - 2015-02-13: sell
2017-05-07 23:40:57,649 - mylogger - INFO - -0.0022071
2017-05-07 23:40:57,650 - mylogger - INFO - 2015-02-17: sell
2017-05-07 23:40:57,968 - mylogger - INFO - 0.00283631
2017-05-07 23:40:57,969 - mylogger - INFO - 2015-02-18: No cover!
2017-05-07 23:40:58,389 - mylogger - INFO - 0.000837296
2017-05-07 23:40:58,390 - mylogger - INFO - 2015-02-19: No cover!
2017-05-07 23:40:58,719 - mylogger - INFO - 0.00291688
2017-05-07 23:40:58,720 - mylogger - INFO - 2015-02-20: No cover!
2017-05-07 23:40:59,042 - mylogger - INFO - -0.00554623
2017-05-07 23:40:59,043 - mylogger - INFO - 2015-02-23: sell
2017-05-07 23:40:59,366 - mylogger - INFO - -0.00696851
2017-05-07 23:40:59,367 - mylogger - INFO - 2015-02-24: sell
2017-05-07 23:40:59,785 - mylogger - INFO - -0.00897142
2017-05-07 23:40:59,786 - mylogger - INFO - 2015-02-25: sell
2017-05-07 23:41:00,119 - mylogger - INFO - -0.0032153
2017-05-07 23:41:00,120 - mylogger - INFO - 2015-02-26: sell
2017-05-07 23:41:00,437 - mylogger - INFO - -0.00349134
2017-05-07 23:41:00,438 - mylogger - INFO - 2015-02-27: sell
2017-05-07 23:41:00,866 - mylogger - INFO - -0.0120835
2017-05-07 23:41:00,866 - mylogger - INFO - 2015-03-02: sell
2017-05-07 23:41:01,202 - mylogger - INFO - -0.0066985
2017-05-07 23:41:01,203 - mylogger - INFO - 2015-03-03: sell
2017-05-07 23:41:01,531 - mylogger - INFO - -0.0112239
2017-05-07 23:41:01,532 - mylogger - INFO - 2015-03-04: sell
2017-05-07 23:41:01,952 - mylogger - INFO - -0.000219473
2017-05-07 23:41:01,953 - mylogger - INFO - 2015-03-05: sell
2017-05-07 23:41:02,271 - mylogger - INFO - -0.0063978
2017-05-07 23:41:02,272 - mylogger - INFO - 2015-03-06: sell
2017-05-07 23:41:02,597 - mylogger - INFO - -0.0118208
2017-05-07 23:41:02,598 - mylogger - INFO - 2015-03-09: sell
2017-05-07 23:41:03,022 - mylogger - INFO - -0.0109167
2017-05-07 23:41:03,023 - mylogger - INFO - 2015-03-10: sell
2017-05-07 23:41:03,350 - mylogger - INFO - -0.0128213
2017-05-07 23:41:03,351 - mylogger - INFO - 2015-03-11: sell
2017-05-07 23:41:03,680 - mylogger - INFO - -0.000219037
2017-05-07 23:41:03,680 - mylogger - INFO - 2015-03-12: sell
2017-05-07 23:41:04,004 - mylogger - INFO - -0.00607481
2017-05-07 23:41:04,005 - mylogger - INFO - 2015-03-13: sell
2017-05-07 23:41:04,425 - mylogger - INFO - -0.00964901
2017-05-07 23:41:04,426 - mylogger - INFO - 2015-03-16: sell
2017-05-07 23:41:04,740 - mylogger - INFO - 0.00145082
2017-05-07 23:41:04,741 - mylogger - INFO - 2015-03-17: No cover!
2017-05-07 23:41:05,058 - mylogger - INFO - -2.44819e-05
2017-05-07 23:41:05,058 - mylogger - INFO - 2015-03-18: sell
2017-05-07 23:41:05,463 - mylogger - INFO - 0.00193347
2017-05-07 23:41:05,464 - mylogger - INFO - 2015-03-19: No cover!
2017-05-07 23:41:05,793 - mylogger - INFO - 0.00225525
2017-05-07 23:41:05,794 - mylogger - INFO - 2015-03-20: No cover!
2017-05-07 23:41:06,114 - mylogger - INFO - -0.000555812
2017-05-07 23:41:06,115 - mylogger - INFO - 2015-03-23: sell
2017-05-07 23:41:06,532 - mylogger - INFO - -0.000158633
2017-05-07 23:41:06,533 - mylogger - INFO - 2015-03-24: sell
2017-05-07 23:41:06,862 - mylogger - INFO - 0.00098126
2017-05-07 23:41:06,863 - mylogger - INFO - 2015-03-25: No cover!
2017-05-07 23:41:07,193 - mylogger - INFO - -0.004986
2017-05-07 23:41:07,194 - mylogger - INFO - 2015-03-26: sell
2017-05-07 23:41:07,623 - mylogger - INFO - -0.00566859
2017-05-07 23:41:07,623 - mylogger - INFO - 2015-03-27: sell
2017-05-07 23:41:07,944 - mylogger - INFO - 0.00247535
2017-05-07 23:41:07,945 - mylogger - INFO - 2015-03-30: No cover!
2017-05-07 23:41:08,270 - mylogger - INFO - -0.0115918
2017-05-07 23:41:08,271 - mylogger - INFO - 2015-03-31: sell
2017-05-07 23:41:08,604 - mylogger - INFO - -0.00396939
2017-05-07 23:41:08,605 - mylogger - INFO - 2015-04-01: sell
2017-05-07 23:41:09,026 - mylogger - INFO - -0.0109524
2017-05-07 23:41:09,027 - mylogger - INFO - 2015-04-02: sell
2017-05-07 23:41:09,339 - mylogger - INFO - -0.0154658
2017-05-07 23:41:09,339 - mylogger - INFO - 2015-04-06: sell
2017-05-07 23:41:09,662 - mylogger - INFO - -0.00924962
2017-05-07 23:41:09,663 - mylogger - INFO - 2015-04-07: sell
2017-05-07 23:41:10,076 - mylogger - INFO - -0.00836421
2017-05-07 23:41:10,077 - mylogger - INFO - 2015-04-08: sell
2017-05-07 23:41:10,396 - mylogger - INFO - -0.00172476
2017-05-07 23:41:10,397 - mylogger - INFO - 2015-04-09: sell
2017-05-07 23:41:10,731 - mylogger - INFO - -0.000348762
2017-05-07 23:41:10,731 - mylogger - INFO - 2015-04-10: sell
2017-05-07 23:41:11,159 - mylogger - INFO - 0.00354396
2017-05-07 23:41:11,160 - mylogger - INFO - 2015-04-13: No cover!
2017-05-07 23:41:11,481 - mylogger - INFO - -0.000123049
2017-05-07 23:41:11,482 - mylogger - INFO - 2015-04-14: sell
2017-05-07 23:41:11,821 - mylogger - INFO - 0.0077628
2017-05-07 23:41:11,822 - mylogger - INFO - 2015-04-15: No cover!
2017-05-07 23:41:12,249 - mylogger - INFO - 0.00089069
2017-05-07 23:41:12,250 - mylogger - INFO - 2015-04-16: No cover!
2017-05-07 23:41:12,574 - mylogger - INFO - -0.0127294
2017-05-07 23:41:12,575 - mylogger - INFO - 2015-04-17: sell
2017-05-07 23:41:12,892 - mylogger - INFO - 0.00318258
2017-05-07 23:41:12,893 - mylogger - INFO - 2015-04-20: No cover!
2017-05-07 23:41:13,214 - mylogger - INFO - 0.00464853
2017-05-07 23:41:13,216 - mylogger - INFO - 2015-04-21: No cover!
2017-05-07 23:41:13,636 - mylogger - INFO - 0.00743841
2017-05-07 23:41:13,637 - mylogger - INFO - 2015-04-22: No cover!
2017-05-07 23:41:13,959 - mylogger - INFO - -0.00673567
2017-05-07 23:41:13,959 - mylogger - INFO - 2015-04-23: sell
2017-05-07 23:41:14,277 - mylogger - INFO - -0.0066081
2017-05-07 23:41:14,278 - mylogger - INFO - 2015-04-24: sell
2017-05-07 23:41:14,701 - mylogger - INFO - -0.00257082
2017-05-07 23:41:14,702 - mylogger - INFO - 2015-04-27: sell
2017-05-07 23:41:15,029 - mylogger - INFO - -0.000994921
2017-05-07 23:41:15,030 - mylogger - INFO - 2015-04-28: sell
2017-05-07 23:41:15,356 - mylogger - INFO - -0.00473946
2017-05-07 23:41:15,357 - mylogger - INFO - 2015-04-29: sell
2017-05-07 23:41:15,789 - mylogger - INFO - -0.010247
2017-05-07 23:41:15,790 - mylogger - INFO - 2015-04-30: sell
2017-05-07 23:41:16,116 - mylogger - INFO - -0.00322164
2017-05-07 23:41:16,117 - mylogger - INFO - 2015-05-01: sell
2017-05-07 23:41:16,440 - mylogger - INFO - -0.0107438
2017-05-07 23:41:16,441 - mylogger - INFO - 2015-05-04: sell
2017-05-07 23:41:16,865 - mylogger - INFO - -0.00219962
2017-05-07 23:41:16,866 - mylogger - INFO - 2015-05-05: sell
2017-05-07 23:41:17,201 - mylogger - INFO - -0.0101926
2017-05-07 23:41:17,202 - mylogger - INFO - 2015-05-06: sell
2017-05-07 23:41:17,527 - mylogger - INFO - -0.0113442
2017-05-07 23:41:17,528 - mylogger - INFO - 2015-05-07: sell
2017-05-07 23:41:17,960 - mylogger - INFO - -0.00419333
2017-05-07 23:41:17,961 - mylogger - INFO - 2015-05-08: sell
2017-05-07 23:41:18,282 - mylogger - INFO - -0.0215345
2017-05-07 23:41:18,282 - mylogger - INFO - 2015-05-11: sell
2017-05-07 23:41:18,607 - mylogger - INFO - -0.00667097
2017-05-07 23:41:18,608 - mylogger - INFO - 2015-05-12: sell
2017-05-07 23:41:18,931 - mylogger - INFO - -0.00825425
2017-05-07 23:41:18,932 - mylogger - INFO - 2015-05-13: sell
2017-05-07 23:41:19,362 - mylogger - INFO - -0.00887889
2017-05-07 23:41:19,363 - mylogger - INFO - 2015-05-14: sell
2017-05-07 23:41:19,694 - mylogger - INFO - -0.0148772
2017-05-07 23:41:19,695 - mylogger - INFO - 2015-05-15: sell
2017-05-07 23:41:20,018 - mylogger - INFO - -0.0101951
2017-05-07 23:41:20,019 - mylogger - INFO - 2015-05-18: sell
2017-05-07 23:41:20,443 - mylogger - INFO - -0.00274666
2017-05-07 23:41:20,444 - mylogger - INFO - 2015-05-19: sell
2017-05-07 23:41:20,765 - mylogger - INFO - -0.00577547
2017-05-07 23:41:20,765 - mylogger - INFO - 2015-05-20: sell
2017-05-07 23:41:21,093 - mylogger - INFO - -0.00464566
2017-05-07 23:41:21,094 - mylogger - INFO - 2015-05-21: sell
2017-05-07 23:41:21,517 - mylogger - INFO - -0.00579773
2017-05-07 23:41:21,518 - mylogger - INFO - 2015-05-22: sell
2017-05-07 23:41:21,840 - mylogger - INFO - 0.00013909
2017-05-07 23:41:21,841 - mylogger - INFO - 2015-05-26: No cover!
2017-05-07 23:41:22,174 - mylogger - INFO - 0.000447833
2017-05-07 23:41:22,175 - mylogger - INFO - 2015-05-27: No cover!
2017-05-07 23:41:22,598 - mylogger - INFO - -0.00382922
2017-05-07 23:41:22,599 - mylogger - INFO - 2015-05-28: sell
2017-05-07 23:41:22,919 - mylogger - INFO - -0.00319024
2017-05-07 23:41:22,920 - mylogger - INFO - 2015-05-29: sell
2017-05-07 23:41:23,242 - mylogger - INFO - 0.00530196
2017-05-07 23:41:23,243 - mylogger - INFO - 2015-06-01: No cover!
2017-05-07 23:41:23,570 - mylogger - INFO - -0.00572913
2017-05-07 23:41:23,571 - mylogger - INFO - 2015-06-02: sell
2017-05-07 23:41:23,998 - mylogger - INFO - 0.00587801
2017-05-07 23:41:23,999 - mylogger - INFO - 2015-06-03: No cover!
2017-05-07 23:41:24,324 - mylogger - INFO - -0.00633873
2017-05-07 23:41:24,325 - mylogger - INFO - 2015-06-04: sell
2017-05-07 23:41:24,655 - mylogger - INFO - -0.00514248
2017-05-07 23:41:24,656 - mylogger - INFO - 2015-06-05: sell
2017-05-07 23:41:25,080 - mylogger - INFO - -0.00207857
2017-05-07 23:41:25,081 - mylogger - INFO - 2015-06-08: sell
2017-05-07 23:41:25,398 - mylogger - INFO - 0.00158194
2017-05-07 23:41:25,399 - mylogger - INFO - 2015-06-09: No cover!
2017-05-07 23:41:25,727 - mylogger - INFO - 0.00373295
2017-05-07 23:41:25,728 - mylogger - INFO - 2015-06-10: No cover!
2017-05-07 23:41:26,157 - mylogger - INFO - -0.00257455
2017-05-07 23:41:26,157 - mylogger - INFO - 2015-06-11: sell
2017-05-07 23:41:26,476 - mylogger - INFO - -0.0031569
2017-05-07 23:41:26,477 - mylogger - INFO - 2015-06-12: sell
2017-05-07 23:41:26,814 - mylogger - INFO - -0.0028861
2017-05-07 23:41:26,815 - mylogger - INFO - 2015-06-15: sell
2017-05-07 23:41:27,256 - mylogger - INFO - 8.08288e-05
2017-05-07 23:41:27,257 - mylogger - INFO - 2015-06-16: No cover!
2017-05-07 23:41:27,585 - mylogger - INFO - -0.00743304
2017-05-07 23:41:27,586 - mylogger - INFO - 2015-06-17: sell
2017-05-07 23:41:27,905 - mylogger - INFO - -0.00937289
2017-05-07 23:41:27,906 - mylogger - INFO - 2015-06-18: sell
2017-05-07 23:41:28,233 - mylogger - INFO - -0.00601131
2017-05-07 23:41:28,233 - mylogger - INFO - 2015-06-19: sell
2017-05-07 23:41:28,662 - mylogger - INFO - -0.00872918
2017-05-07 23:41:28,663 - mylogger - INFO - 2015-06-22: sell
2017-05-07 23:41:28,981 - mylogger - INFO - -0.00435593
2017-05-07 23:41:28,982 - mylogger - INFO - 2015-06-23: sell
2017-05-07 23:41:29,328 - mylogger - INFO - -0.0115947
2017-05-07 23:41:29,329 - mylogger - INFO - 2015-06-24: sell
2017-05-07 23:41:29,746 - mylogger - INFO - -0.00249468
2017-05-07 23:41:29,747 - mylogger - INFO - 2015-06-25: sell
2017-05-07 23:41:30,078 - mylogger - INFO - -0.00103893
2017-05-07 23:41:30,079 - mylogger - INFO - 2015-06-26: sell
2017-05-07 23:41:30,397 - mylogger - INFO - 0.000126895
2017-05-07 23:41:30,398 - mylogger - INFO - 2015-06-29: No cover!
2017-05-07 23:41:30,830 - mylogger - INFO - -0.00167064
2017-05-07 23:41:30,831 - mylogger - INFO - 2015-06-30: sell
2017-05-07 23:41:31,166 - mylogger - INFO - -0.00142624
2017-05-07 23:41:31,167 - mylogger - INFO - 2015-07-01: sell
2017-05-07 23:41:31,488 - mylogger - INFO - 0.00784463
2017-05-07 23:41:31,489 - mylogger - INFO - 2015-07-02: No cover!
2017-05-07 23:41:31,918 - mylogger - INFO - 0.00301356
2017-05-07 23:41:31,919 - mylogger - INFO - 2015-07-06: No cover!
2017-05-07 23:41:32,245 - mylogger - INFO - -0.00482755
2017-05-07 23:41:32,246 - mylogger - INFO - 2015-07-07: sell
2017-05-07 23:41:32,570 - mylogger - INFO - 0.00448557
2017-05-07 23:41:32,572 - mylogger - INFO - 2015-07-08: No cover!
2017-05-07 23:41:32,888 - mylogger - INFO - 0.00518642
2017-05-07 23:41:32,889 - mylogger - INFO - 2015-07-09: No cover!
2017-05-07 23:41:33,308 - mylogger - INFO - 0.00104071
2017-05-07 23:41:33,310 - mylogger - INFO - 2015-07-10: No cover!
2017-05-07 23:41:33,636 - mylogger - INFO - -0.00508349
2017-05-07 23:41:33,637 - mylogger - INFO - 2015-07-13: sell
2017-05-07 23:41:33,966 - mylogger - INFO - -0.000340027
2017-05-07 23:41:33,967 - mylogger - INFO - 2015-07-14: sell
2017-05-07 23:41:34,389 - mylogger - INFO - 0.0013935
2017-05-07 23:41:34,390 - mylogger - INFO - 2015-07-15: No cover!
2017-05-07 23:41:34,723 - mylogger - INFO - 0.00673533
2017-05-07 23:41:34,724 - mylogger - INFO - 2015-07-16: No cover!
2017-05-07 23:41:35,048 - mylogger - INFO - 0.0025865
2017-05-07 23:41:35,049 - mylogger - INFO - 2015-07-17: No cover!
2017-05-07 23:41:35,472 - mylogger - INFO - 0.00486302
2017-05-07 23:41:35,473 - mylogger - INFO - 2015-07-20: No cover!
2017-05-07 23:41:35,804 - mylogger - INFO - 0.00451643
2017-05-07 23:41:35,805 - mylogger - INFO - 2015-07-21: No cover!
2017-05-07 23:41:36,133 - mylogger - INFO - 0.00152293
2017-05-07 23:41:36,134 - mylogger - INFO - 2015-07-22: No cover!
2017-05-07 23:41:36,564 - mylogger - INFO - 0.0105738
2017-05-07 23:41:36,565 - mylogger - INFO - 2015-07-23: No cover!
2017-05-07 23:41:36,881 - mylogger - INFO - 0.00146636
2017-05-07 23:41:36,882 - mylogger - INFO - 2015-07-24: No cover!
2017-05-07 23:41:37,207 - mylogger - INFO - 0.0074514
2017-05-07 23:41:37,208 - mylogger - INFO - 2015-07-27: No cover!
2017-05-07 23:41:37,536 - mylogger - INFO - 0.00837363
2017-05-07 23:41:37,537 - mylogger - INFO - 2015-07-28: No cover!
2017-05-07 23:41:37,955 - mylogger - INFO - 0.00827049
2017-05-07 23:41:37,956 - mylogger - INFO - 2015-07-29: No cover!
2017-05-07 23:41:38,280 - mylogger - INFO - 0.00668738
2017-05-07 23:41:38,281 - mylogger - INFO - 2015-07-30: No cover!
2017-05-07 23:41:38,602 - mylogger - INFO - -0.00132206
2017-05-07 23:41:38,603 - mylogger - INFO - 2015-07-31: sell
2017-05-07 23:41:39,026 - mylogger - INFO - -0.00119643
2017-05-07 23:41:39,026 - mylogger - INFO - 2015-08-03: sell
2017-05-07 23:41:39,348 - mylogger - INFO - -0.000650027
2017-05-07 23:41:39,349 - mylogger - INFO - 2015-08-04: sell
2017-05-07 23:41:39,675 - mylogger - INFO - -0.000101619
2017-05-07 23:41:39,676 - mylogger - INFO - 2015-08-05: sell
2017-05-07 23:41:40,109 - mylogger - INFO - 9.38262e-05
2017-05-07 23:41:40,110 - mylogger - INFO - 2015-08-06: No cover!
2017-05-07 23:41:40,439 - mylogger - INFO - -0.00584947
2017-05-07 23:41:40,440 - mylogger - INFO - 2015-08-07: sell
2017-05-07 23:41:40,762 - mylogger - INFO - -0.00343503
2017-05-07 23:41:40,763 - mylogger - INFO - 2015-08-10: sell
2017-05-07 23:41:41,187 - mylogger - INFO - -0.0051816
2017-05-07 23:41:41,188 - mylogger - INFO - 2015-08-11: sell
2017-05-07 23:41:41,513 - mylogger - INFO - -0.00488473
2017-05-07 23:41:41,514 - mylogger - INFO - 2015-08-12: sell
2017-05-07 23:41:41,838 - mylogger - INFO - -0.00442174
2017-05-07 23:41:41,839 - mylogger - INFO - 2015-08-13: sell
2017-05-07 23:41:42,169 - mylogger - INFO - -0.00231985
2017-05-07 23:41:42,169 - mylogger - INFO - 2015-08-14: sell
2017-05-07 23:41:42,612 - mylogger - INFO - -0.00583203
2017-05-07 23:41:42,613 - mylogger - INFO - 2015-08-17: sell
2017-05-07 23:41:42,923 - mylogger - INFO - -0.00628383
2017-05-07 23:41:42,923 - mylogger - INFO - 2015-08-18: sell
2017-05-07 23:41:43,237 - mylogger - INFO - -0.00797112
2017-05-07 23:41:43,238 - mylogger - INFO - 2015-08-19: sell
2017-05-07 23:41:43,655 - mylogger - INFO - -0.00419939
2017-05-07 23:41:43,655 - mylogger - INFO - 2015-08-20: sell
2017-05-07 23:41:43,975 - mylogger - INFO - -0.00280738
2017-05-07 23:41:43,976 - mylogger - INFO - 2015-08-21: sell
2017-05-07 23:41:44,322 - mylogger - INFO - -0.00273812
2017-05-07 23:41:44,323 - mylogger - INFO - 2015-08-24: sell
2017-05-07 23:41:44,738 - mylogger - INFO - -0.00515073
2017-05-07 23:41:44,739 - mylogger - INFO - 2015-08-25: sell
2017-05-07 23:41:45,069 - mylogger - INFO - -0.000698417
2017-05-07 23:41:45,070 - mylogger - INFO - 2015-08-26: sell
2017-05-07 23:41:45,393 - mylogger - INFO - -0.0020269
2017-05-07 23:41:45,394 - mylogger - INFO - 2015-08-27: sell
2017-05-07 23:41:45,818 - mylogger - INFO - -0.0078984
2017-05-07 23:41:45,819 - mylogger - INFO - 2015-08-28: sell
2017-05-07 23:41:46,147 - mylogger - INFO - -0.00572762
2017-05-07 23:41:46,148 - mylogger - INFO - 2015-08-31: sell
2017-05-07 23:41:46,466 - mylogger - INFO - -0.0114978
2017-05-07 23:41:46,467 - mylogger - INFO - 2015-09-01: sell
2017-05-07 23:41:46,788 - mylogger - INFO - -0.0127403
2017-05-07 23:41:46,788 - mylogger - INFO - 2015-09-02: sell
2017-05-07 23:41:47,213 - mylogger - INFO - -0.00803031
2017-05-07 23:41:47,213 - mylogger - INFO - 2015-09-03: sell
2017-05-07 23:41:47,541 - mylogger - INFO - -0.0131042
2017-05-07 23:41:47,542 - mylogger - INFO - 2015-09-04: sell
2017-05-07 23:41:47,868 - mylogger - INFO - -0.00411394
2017-05-07 23:41:47,869 - mylogger - INFO - 2015-09-08: sell
2017-05-07 23:41:48,296 - mylogger - INFO - -0.0148445
2017-05-07 23:41:48,297 - mylogger - INFO - 2015-09-09: sell
2017-05-07 23:41:48,635 - mylogger - INFO - -0.00830258
2017-05-07 23:41:48,636 - mylogger - INFO - 2015-09-10: sell
2017-05-07 23:41:48,959 - mylogger - INFO - -0.0132591
2017-05-07 23:41:48,960 - mylogger - INFO - 2015-09-11: sell
2017-05-07 23:41:49,385 - mylogger - INFO - 0.00210164
2017-05-07 23:41:49,386 - mylogger - INFO - 2015-09-14: No cover!
2017-05-07 23:41:49,713 - mylogger - INFO - -0.00297431
2017-05-07 23:41:49,714 - mylogger - INFO - 2015-09-15: sell
2017-05-07 23:41:50,047 - mylogger - INFO - -0.00129723
2017-05-07 23:41:50,048 - mylogger - INFO - 2015-09-16: sell
2017-05-07 23:41:50,473 - mylogger - INFO - -0.00948086
2017-05-07 23:41:50,473 - mylogger - INFO - 2015-09-17: sell
2017-05-07 23:41:50,821 - mylogger - INFO - -0.00182518
2017-05-07 23:41:50,821 - mylogger - INFO - 2015-09-18: sell
2017-05-07 23:41:51,155 - mylogger - INFO - 0.000736542
2017-05-07 23:41:51,156 - mylogger - INFO - 2015-09-21: No cover!
2017-05-07 23:41:51,471 - mylogger - INFO - -0.00846731
2017-05-07 23:41:51,472 - mylogger - INFO - 2015-09-22: sell
2017-05-07 23:41:51,896 - mylogger - INFO - -0.00214952
2017-05-07 23:41:51,896 - mylogger - INFO - 2015-09-23: sell
2017-05-07 23:41:52,229 - mylogger - INFO - -0.00613831
2017-05-07 23:41:52,230 - mylogger - INFO - 2015-09-24: sell
2017-05-07 23:41:52,564 - mylogger - INFO - -0.00449989
2017-05-07 23:41:52,564 - mylogger - INFO - 2015-09-25: sell
2017-05-07 23:41:52,988 - mylogger - INFO - -0.00448867
2017-05-07 23:41:52,989 - mylogger - INFO - 2015-09-28: sell
2017-05-07 23:41:53,323 - mylogger - INFO - -0.0113485
2017-05-07 23:41:53,324 - mylogger - INFO - 2015-09-29: sell
2017-05-07 23:41:53,652 - mylogger - INFO - -0.0121607
2017-05-07 23:41:53,653 - mylogger - INFO - 2015-09-30: sell
2017-05-07 23:41:54,086 - mylogger - INFO - 0.000655446
2017-05-07 23:41:54,087 - mylogger - INFO - 2015-10-01: No cover!
2017-05-07 23:41:54,413 - mylogger - INFO - -0.00608803
2017-05-07 23:41:54,414 - mylogger - INFO - 2015-10-02: sell
2017-05-07 23:41:54,742 - mylogger - INFO - 0.000755415
2017-05-07 23:41:54,744 - mylogger - INFO - 2015-10-05: No cover!
2017-05-07 23:41:55,173 - mylogger - INFO - 0.00423106
2017-05-07 23:41:55,174 - mylogger - INFO - 2015-10-06: No cover!
2017-05-07 23:41:55,492 - mylogger - INFO - 0.00747164
2017-05-07 23:41:55,493 - mylogger - INFO - 2015-10-07: No cover!
2017-05-07 23:41:55,820 - mylogger - INFO - 0.00651047
2017-05-07 23:41:55,821 - mylogger - INFO - 2015-10-08: No cover!
2017-05-07 23:41:56,147 - mylogger - INFO - 0.00183074
2017-05-07 23:41:56,148 - mylogger - INFO - 2015-10-09: No cover!
2017-05-07 23:41:56,569 - mylogger - INFO - 0.00457236
2017-05-07 23:41:56,570 - mylogger - INFO - 2015-10-12: No cover!
2017-05-07 23:41:56,898 - mylogger - INFO - 4.69027e-05
2017-05-07 23:41:56,899 - mylogger - INFO - 2015-10-13: No cover!
2017-05-07 23:41:57,227 - mylogger - INFO - -0.00598759
2017-05-07 23:41:57,228 - mylogger - INFO - 2015-10-14: sell
2017-05-07 23:41:57,654 - mylogger - INFO - -0.00620167
2017-05-07 23:41:57,655 - mylogger - INFO - 2015-10-15: sell
2017-05-07 23:41:57,972 - mylogger - INFO - -0.00190893
2017-05-07 23:41:57,972 - mylogger - INFO - 2015-10-16: sell
2017-05-07 23:41:58,299 - mylogger - INFO - -0.00178755
2017-05-07 23:41:58,300 - mylogger - INFO - 2015-10-19: sell
2017-05-07 23:41:58,730 - mylogger - INFO - -0.00285772
2017-05-07 23:41:58,731 - mylogger - INFO - 2015-10-20: sell
2017-05-07 23:41:59,059 - mylogger - INFO - -0.00237748
2017-05-07 23:41:59,060 - mylogger - INFO - 2015-10-21: sell
2017-05-07 23:41:59,381 - mylogger - INFO - -0.00343277
2017-05-07 23:41:59,382 - mylogger - INFO - 2015-10-22: sell
2017-05-07 23:41:59,813 - mylogger - INFO - -0.00522359
2017-05-07 23:41:59,814 - mylogger - INFO - 2015-10-23: sell
2017-05-07 23:42:00,141 - mylogger - INFO - -0.000535596
2017-05-07 23:42:00,142 - mylogger - INFO - 2015-10-26: sell
2017-05-07 23:42:00,464 - mylogger - INFO - -0.000348927
2017-05-07 23:42:00,465 - mylogger - INFO - 2015-10-27: sell
2017-05-07 23:42:00,898 - mylogger - INFO - -0.00388309
2017-05-07 23:42:00,899 - mylogger - INFO - 2015-10-28: sell
2017-05-07 23:42:01,232 - mylogger - INFO - -0.00275527
2017-05-07 23:42:01,233 - mylogger - INFO - 2015-10-29: sell
2017-05-07 23:42:01,563 - mylogger - INFO - -0.0113379
2017-05-07 23:42:01,564 - mylogger - INFO - 2015-10-30: sell
2017-05-07 23:42:01,884 - mylogger - INFO - -0.00646516
2017-05-07 23:42:01,885 - mylogger - INFO - 2015-11-02: sell
2017-05-07 23:42:02,309 - mylogger - INFO - -0.00173234
2017-05-07 23:42:02,310 - mylogger - INFO - 2015-11-03: sell
2017-05-07 23:42:02,642 - mylogger - INFO - -0.00518572
2017-05-07 23:42:02,643 - mylogger - INFO - 2015-11-04: sell
2017-05-07 23:42:02,969 - mylogger - INFO - -0.00792488
2017-05-07 23:42:02,969 - mylogger - INFO - 2015-11-05: sell
2017-05-07 23:42:03,397 - mylogger - INFO - -0.0100053
2017-05-07 23:42:03,398 - mylogger - INFO - 2015-11-06: sell
2017-05-07 23:42:03,734 - mylogger - INFO - 0.00183584
2017-05-07 23:42:03,735 - mylogger - INFO - 2015-11-09: No cover!
2017-05-07 23:42:04,060 - mylogger - INFO - -0.00800811
2017-05-07 23:42:04,061 - mylogger - INFO - 2015-11-10: sell
2017-05-07 23:42:04,486 - mylogger - INFO - -0.00662172
2017-05-07 23:42:04,486 - mylogger - INFO - 2015-11-11: sell
2017-05-07 23:42:04,820 - mylogger - INFO - -0.0102589
2017-05-07 23:42:04,821 - mylogger - INFO - 2015-11-12: sell
2017-05-07 23:42:05,147 - mylogger - INFO - -0.0118129
2017-05-07 23:42:05,148 - mylogger - INFO - 2015-11-13: sell
2017-05-07 23:42:05,576 - mylogger - INFO - -0.00486008
2017-05-07 23:42:05,577 - mylogger - INFO - 2015-11-16: sell
2017-05-07 23:42:05,913 - mylogger - INFO - -0.0120628
2017-05-07 23:42:05,914 - mylogger - INFO - 2015-11-17: sell
2017-05-07 23:42:06,247 - mylogger - INFO - -0.0202104
2017-05-07 23:42:06,248 - mylogger - INFO - 2015-11-18: sell
2017-05-07 23:42:06,677 - mylogger - INFO - -0.00751682
2017-05-07 23:42:06,678 - mylogger - INFO - 2015-11-19: sell
2017-05-07 23:42:07,004 - mylogger - INFO - -0.00327245
2017-05-07 23:42:07,005 - mylogger - INFO - 2015-11-20: sell
2017-05-07 23:42:07,325 - mylogger - INFO - 0.00216578
2017-05-07 23:42:07,326 - mylogger - INFO - 2015-11-23: No cover!
2017-05-07 23:42:07,653 - mylogger - INFO - -0.00683861
2017-05-07 23:42:07,654 - mylogger - INFO - 2015-11-24: sell
2017-05-07 23:42:08,092 - mylogger - INFO - -0.0133449
2017-05-07 23:42:08,093 - mylogger - INFO - 2015-11-25: sell
2017-05-07 23:42:08,413 - mylogger - INFO - -0.00627626
2017-05-07 23:42:08,414 - mylogger - INFO - 2015-11-27: sell
2017-05-07 23:42:08,745 - mylogger - INFO - -0.00977226
2017-05-07 23:42:08,746 - mylogger - INFO - 2015-11-30: sell
2017-05-07 23:42:09,182 - mylogger - INFO - -0.0120146
2017-05-07 23:42:09,183 - mylogger - INFO - 2015-12-01: sell
2017-05-07 23:42:09,509 - mylogger - INFO - -0.0130963
2017-05-07 23:42:09,511 - mylogger - INFO - 2015-12-02: sell
2017-05-07 23:42:09,833 - mylogger - INFO - -0.0103506
2017-05-07 23:42:09,834 - mylogger - INFO - 2015-12-03: sell
2017-05-07 23:42:10,261 - mylogger - INFO - -0.0153761
2017-05-07 23:42:10,262 - mylogger - INFO - 2015-12-04: sell
2017-05-07 23:42:10,591 - mylogger - INFO - -0.0113601
2017-05-07 23:42:10,592 - mylogger - INFO - 2015-12-07: sell
2017-05-07 23:42:10,914 - mylogger - INFO - -0.0105713
2017-05-07 23:42:10,915 - mylogger - INFO - 2015-12-08: sell
2017-05-07 23:42:11,341 - mylogger - INFO - -0.00077318
2017-05-07 23:42:11,342 - mylogger - INFO - 2015-12-09: sell
2017-05-07 23:42:11,674 - mylogger - INFO - -0.0158177
2017-05-07 23:42:11,675 - mylogger - INFO - 2015-12-10: sell
2017-05-07 23:42:11,999 - mylogger - INFO - -0.00453399
2017-05-07 23:42:12,000 - mylogger - INFO - 2015-12-11: sell
2017-05-07 23:42:12,326 - mylogger - INFO - -0.0127625
2017-05-07 23:42:12,327 - mylogger - INFO - 2015-12-14: sell
2017-05-07 23:42:12,778 - mylogger - INFO - -0.0148791
2017-05-07 23:42:12,779 - mylogger - INFO - 2015-12-15: sell
2017-05-07 23:42:13,110 - mylogger - INFO - -0.00762761
2017-05-07 23:42:13,111 - mylogger - INFO - 2015-12-16: sell
2017-05-07 23:42:13,425 - mylogger - INFO - -0.00114466
2017-05-07 23:42:13,426 - mylogger - INFO - 2015-12-17: sell
2017-05-07 23:42:13,837 - mylogger - INFO - 0.00079401
2017-05-07 23:42:13,838 - mylogger - INFO - 2015-12-18: No cover!
2017-05-07 23:42:14,160 - mylogger - INFO - -0.00612334
2017-05-07 23:42:14,161 - mylogger - INFO - 2015-12-21: sell
2017-05-07 23:42:14,476 - mylogger - INFO - -0.0114833
2017-05-07 23:42:14,477 - mylogger - INFO - 2015-12-22: sell
2017-05-07 23:42:14,913 - mylogger - INFO - -0.0146498
2017-05-07 23:42:14,914 - mylogger - INFO - 2015-12-23: sell
2017-05-07 23:42:15,232 - mylogger - INFO - -0.0119084
2017-05-07 23:42:15,233 - mylogger - INFO - 2015-12-24: sell
2017-05-07 23:42:15,550 - mylogger - INFO - -0.00950131
2017-05-07 23:42:15,551 - mylogger - INFO - 2015-12-28: sell
2017-05-07 23:42:15,967 - mylogger - INFO - -0.00503085
2017-05-07 23:42:15,967 - mylogger - INFO - 2015-12-29: sell
2017-05-07 23:42:16,298 - mylogger - INFO - -0.00456192
2017-05-07 23:42:16,299 - mylogger - INFO - 2015-12-30: sell
2017-05-07 23:42:16,626 - mylogger - INFO - -0.00406941
2017-05-07 23:42:16,627 - mylogger - INFO - 2015-12-31: sell
2017-05-07 23:42:17,302 - mylogger - INFO - Total profit and loss: 0.471038351982
2017-05-07 23:42:17,331 - mylogger - INFO - Hit table:
2017-05-07 23:42:17,332 - mylogger - INFO - Date          signal  hit/miss
2017-05-07 23:42:17,332 - mylogger - INFO - 2014-01-02    sell    hit
2017-05-07 23:42:17,332 - mylogger - INFO - 2014-01-03    buy     hit
2017-05-07 23:42:17,332 - mylogger - INFO - 2014-01-06    buy     miss
2017-05-07 23:42:17,332 - mylogger - INFO - 2014-01-07    sell    miss
2017-05-07 23:42:17,333 - mylogger - INFO - 2014-01-08    buy     miss
2017-05-07 23:42:17,333 - mylogger - INFO - 2014-01-09    buy     miss
2017-05-07 23:42:17,333 - mylogger - INFO - 2014-01-10    buy     hit
2017-05-07 23:42:17,333 - mylogger - INFO - 2014-01-13    sell    miss
2017-05-07 23:42:17,333 - mylogger - INFO - 2014-01-14    buy     hit
2017-05-07 23:42:17,333 - mylogger - INFO - 2014-01-15    sell    hit
2017-05-07 23:42:17,334 - mylogger - INFO - 2014-01-16    sell    hit
2017-05-07 23:42:17,334 - mylogger - INFO - 2014-01-17    sell    miss
2017-05-07 23:42:17,334 - mylogger - INFO - 2014-01-21    sell    miss
2017-05-07 23:42:17,334 - mylogger - INFO - 2014-01-22    sell    miss
2017-05-07 23:42:17,334 - mylogger - INFO - 2014-01-23    sell    hit
2017-05-07 23:42:17,334 - mylogger - INFO - 2014-01-24    sell    miss
2017-05-07 23:42:17,335 - mylogger - INFO - 2014-01-27    sell    hit
2017-05-07 23:42:17,335 - mylogger - INFO - 2014-01-28    sell    hit
2017-05-07 23:42:17,335 - mylogger - INFO - 2014-01-29    sell    hit
2017-05-07 23:42:17,335 - mylogger - INFO - 2014-01-30    buy     hit
2017-05-07 23:42:17,335 - mylogger - INFO - 2014-01-31    sell    miss
2017-05-07 23:42:17,335 - mylogger - INFO - 2014-02-03    sell    miss
2017-05-07 23:42:17,336 - mylogger - INFO - 2014-02-04    sell    miss
2017-05-07 23:42:17,336 - mylogger - INFO - 2014-02-05    sell    miss
2017-05-07 23:42:17,336 - mylogger - INFO - 2014-02-06    sell    miss
2017-05-07 23:42:17,336 - mylogger - INFO - 2014-02-07    sell    miss
2017-05-07 23:42:17,336 - mylogger - INFO - 2014-02-10    sell    miss
2017-05-07 23:42:17,337 - mylogger - INFO - 2014-02-11    buy     miss
2017-05-07 23:42:17,337 - mylogger - INFO - 2014-02-12    buy     hit
2017-05-07 23:42:17,337 - mylogger - INFO - 2014-02-13    sell    hit
2017-05-07 23:42:17,337 - mylogger - INFO - 2014-02-14    sell    miss
2017-05-07 23:42:17,338 - mylogger - INFO - 2014-02-18    sell    hit
2017-05-07 23:42:17,338 - mylogger - INFO - 2014-02-19    sell    hit
2017-05-07 23:42:17,338 - mylogger - INFO - 2014-02-20    sell    hit
2017-05-07 23:42:17,339 - mylogger - INFO - 2014-02-21    sell    miss
2017-05-07 23:42:17,339 - mylogger - INFO - 2014-02-24    sell    hit
2017-05-07 23:42:17,339 - mylogger - INFO - 2014-02-25    sell    hit
2017-05-07 23:42:17,339 - mylogger - INFO - 2014-02-26    sell    miss
2017-05-07 23:42:17,340 - mylogger - INFO - 2014-02-27    sell    hit
2017-05-07 23:42:17,340 - mylogger - INFO - 2014-02-28    sell    miss
2017-05-07 23:42:17,340 - mylogger - INFO - 2014-03-03    sell    miss
2017-05-07 23:42:17,340 - mylogger - INFO - 2014-03-04    sell    miss
2017-05-07 23:42:17,341 - mylogger - INFO - 2014-03-05    sell    hit
2017-05-07 23:42:17,341 - mylogger - INFO - 2014-03-06    sell    hit
2017-05-07 23:42:17,341 - mylogger - INFO - 2014-03-07    sell    miss
2017-05-07 23:42:17,342 - mylogger - INFO - 2014-03-10    sell    miss
2017-05-07 23:42:17,342 - mylogger - INFO - 2014-03-11    sell    miss
2017-05-07 23:42:17,342 - mylogger - INFO - 2014-03-12    sell    hit
2017-05-07 23:42:17,342 - mylogger - INFO - 2014-03-13    sell    hit
2017-05-07 23:42:17,343 - mylogger - INFO - 2014-03-14    buy     hit
2017-05-07 23:42:17,343 - mylogger - INFO - 2014-03-17    sell    miss
2017-05-07 23:42:17,343 - mylogger - INFO - 2014-03-18    sell    hit
2017-05-07 23:42:17,343 - mylogger - INFO - 2014-03-19    sell    hit
2017-05-07 23:42:17,343 - mylogger - INFO - 2014-03-20    buy     hit
2017-05-07 23:42:17,344 - mylogger - INFO - 2014-03-21    buy     hit
2017-05-07 23:42:17,344 - mylogger - INFO - 2014-03-24    buy     hit
2017-05-07 23:42:17,344 - mylogger - INFO - 2014-03-25    buy     miss
2017-05-07 23:42:17,344 - mylogger - INFO - 2014-03-26    buy     miss
2017-05-07 23:42:17,344 - mylogger - INFO - 2014-03-27    buy     miss
2017-05-07 23:42:17,345 - mylogger - INFO - 2014-03-28    sell    hit
2017-05-07 23:42:17,345 - mylogger - INFO - 2014-03-31    sell    miss
2017-05-07 23:42:17,345 - mylogger - INFO - 2014-04-01    buy     hit
2017-05-07 23:42:17,345 - mylogger - INFO - 2014-04-02    sell    hit
2017-05-07 23:42:17,345 - mylogger - INFO - 2014-04-03    buy     miss
2017-05-07 23:42:17,346 - mylogger - INFO - 2014-04-04    sell    hit
2017-05-07 23:42:17,346 - mylogger - INFO - 2014-04-07    buy     miss
2017-05-07 23:42:17,346 - mylogger - INFO - 2014-04-08    sell    miss
2017-05-07 23:42:17,346 - mylogger - INFO - 2014-04-09    sell    hit
2017-05-07 23:42:17,346 - mylogger - INFO - 2014-04-10    sell    hit
2017-05-07 23:42:17,346 - mylogger - INFO - 2014-04-11    sell    miss
2017-05-07 23:42:17,346 - mylogger - INFO - 2014-04-14    sell    hit
2017-05-07 23:42:17,347 - mylogger - INFO - 2014-04-15    sell    miss
2017-05-07 23:42:17,347 - mylogger - INFO - 2014-04-16    buy     hit
2017-05-07 23:42:17,347 - mylogger - INFO - 2014-04-17    sell    miss
2017-05-07 23:42:17,347 - mylogger - INFO - 2014-04-21    buy     hit
2017-05-07 23:42:17,347 - mylogger - INFO - 2014-04-22    buy     miss
2017-05-07 23:42:17,347 - mylogger - INFO - 2014-04-23    buy     hit
2017-05-07 23:42:17,347 - mylogger - INFO - 2014-04-24    buy     hit
2017-05-07 23:42:17,347 - mylogger - INFO - 2014-04-25    sell    miss
2017-05-07 23:42:17,348 - mylogger - INFO - 2014-04-28    buy     miss
2017-05-07 23:42:17,348 - mylogger - INFO - 2014-04-29    buy     miss
2017-05-07 23:42:17,348 - mylogger - INFO - 2014-04-30    buy     hit
2017-05-07 23:42:17,348 - mylogger - INFO - 2014-05-01    buy     hit
2017-05-07 23:42:17,348 - mylogger - INFO - 2014-05-02    sell    miss
2017-05-07 23:42:17,349 - mylogger - INFO - 2014-05-05    sell    hit
2017-05-07 23:42:17,349 - mylogger - INFO - 2014-05-06    buy     miss
2017-05-07 23:42:17,349 - mylogger - INFO - 2014-05-07    sell    hit
2017-05-07 23:42:17,349 - mylogger - INFO - 2014-05-08    buy     miss
2017-05-07 23:42:17,349 - mylogger - INFO - 2014-05-09    sell    miss
2017-05-07 23:42:17,349 - mylogger - INFO - 2014-05-12    sell    miss
2017-05-07 23:42:17,350 - mylogger - INFO - 2014-05-13    sell    miss
2017-05-07 23:42:17,350 - mylogger - INFO - 2014-05-14    sell    hit
2017-05-07 23:42:17,350 - mylogger - INFO - 2014-05-15    sell    miss
2017-05-07 23:42:17,350 - mylogger - INFO - 2014-05-16    sell    miss
2017-05-07 23:42:17,350 - mylogger - INFO - 2014-05-19    sell    miss
2017-05-07 23:42:17,350 - mylogger - INFO - 2014-05-20    sell    miss
2017-05-07 23:42:17,351 - mylogger - INFO - 2014-05-21    sell    miss
2017-05-07 23:42:17,351 - mylogger - INFO - 2014-05-22    sell    miss
2017-05-07 23:42:17,351 - mylogger - INFO - 2014-05-23    sell    miss
2017-05-07 23:42:17,352 - mylogger - INFO - 2014-05-27    sell    hit
2017-05-07 23:42:17,353 - mylogger - INFO - 2014-05-28    buy     hit
2017-05-07 23:42:17,354 - mylogger - INFO - 2014-05-29    sell    hit
2017-05-07 23:42:17,355 - mylogger - INFO - 2014-05-30    buy     miss
2017-05-07 23:42:17,355 - mylogger - INFO - 2014-06-02    sell    miss
2017-05-07 23:42:17,355 - mylogger - INFO - 2014-06-03    buy     hit
2017-05-07 23:42:17,356 - mylogger - INFO - 2014-06-04    sell    miss
2017-05-07 23:42:17,356 - mylogger - INFO - 2014-06-05    buy     miss
2017-05-07 23:42:17,356 - mylogger - INFO - 2014-06-06    sell    miss
2017-05-07 23:42:17,356 - mylogger - INFO - 2014-06-09    sell    miss
2017-05-07 23:42:17,356 - mylogger - INFO - 2014-06-10    sell    hit
2017-05-07 23:42:17,356 - mylogger - INFO - 2014-06-11    sell    hit
2017-05-07 23:42:17,356 - mylogger - INFO - 2014-06-12    sell    hit
2017-05-07 23:42:17,357 - mylogger - INFO - 2014-06-13    sell    miss
2017-05-07 23:42:17,357 - mylogger - INFO - 2014-06-16    sell    hit
2017-05-07 23:42:17,357 - mylogger - INFO - 2014-06-17    sell    miss
2017-05-07 23:42:17,357 - mylogger - INFO - 2014-06-18    buy     miss
2017-05-07 23:42:17,357 - mylogger - INFO - 2014-06-19    sell    hit
2017-05-07 23:42:17,357 - mylogger - INFO - 2014-06-20    buy     miss
2017-05-07 23:42:17,358 - mylogger - INFO - 2014-06-23    sell    hit
2017-05-07 23:42:17,358 - mylogger - INFO - 2014-06-24    buy     hit
2017-05-07 23:42:17,358 - mylogger - INFO - 2014-06-25    sell    miss
2017-05-07 23:42:17,358 - mylogger - INFO - 2014-06-26    sell    miss
2017-05-07 23:42:17,358 - mylogger - INFO - 2014-06-27    sell    miss
2017-05-07 23:42:17,358 - mylogger - INFO - 2014-06-30    sell    miss
2017-05-07 23:42:17,359 - mylogger - INFO - 2014-07-01    sell    hit
2017-05-07 23:42:17,359 - mylogger - INFO - 2014-07-02    sell    miss
2017-05-07 23:42:17,359 - mylogger - INFO - 2014-07-03    sell    miss
2017-05-07 23:42:17,359 - mylogger - INFO - 2014-07-07    sell    hit
2017-05-07 23:42:17,359 - mylogger - INFO - 2014-07-08    sell    miss
2017-05-07 23:42:17,359 - mylogger - INFO - 2014-07-09    sell    hit
2017-05-07 23:42:17,360 - mylogger - INFO - 2014-07-10    sell    miss
2017-05-07 23:42:17,360 - mylogger - INFO - 2014-07-11    buy     hit
2017-05-07 23:42:17,360 - mylogger - INFO - 2014-07-14    buy     miss
2017-05-07 23:42:17,360 - mylogger - INFO - 2014-07-15    buy     miss
2017-05-07 23:42:17,360 - mylogger - INFO - 2014-07-16    buy     miss
2017-05-07 23:42:17,360 - mylogger - INFO - 2014-07-17    sell    miss
2017-05-07 23:42:17,360 - mylogger - INFO - 2014-07-18    sell    hit
2017-05-07 23:42:17,361 - mylogger - INFO - 2014-07-21    buy     hit
2017-05-07 23:42:17,361 - mylogger - INFO - 2014-07-22    sell    miss
2017-05-07 23:42:17,361 - mylogger - INFO - 2014-07-23    sell    hit
2017-05-07 23:42:17,361 - mylogger - INFO - 2014-07-24    buy     hit
2017-05-07 23:42:17,361 - mylogger - INFO - 2014-07-25    sell    miss
2017-05-07 23:42:17,361 - mylogger - INFO - 2014-07-28    sell    hit
2017-05-07 23:42:17,362 - mylogger - INFO - 2014-07-29    buy     miss
2017-05-07 23:42:17,362 - mylogger - INFO - 2014-07-30    sell    hit
2017-05-07 23:42:17,362 - mylogger - INFO - 2014-07-31    sell    miss
2017-05-07 23:42:17,362 - mylogger - INFO - 2014-08-01    sell    hit
2017-05-07 23:42:17,362 - mylogger - INFO - 2014-08-04    sell    hit
2017-05-07 23:42:17,362 - mylogger - INFO - 2014-08-05    buy     miss
2017-05-07 23:42:17,362 - mylogger - INFO - 2014-08-06    sell    hit
2017-05-07 23:42:17,363 - mylogger - INFO - 2014-08-07    sell    miss
2017-05-07 23:42:17,363 - mylogger - INFO - 2014-08-08    sell    miss
2017-05-07 23:42:17,363 - mylogger - INFO - 2014-08-11    buy     miss
2017-05-07 23:42:17,363 - mylogger - INFO - 2014-08-12    sell    miss
2017-05-07 23:42:17,363 - mylogger - INFO - 2014-08-13    sell    miss
2017-05-07 23:42:17,363 - mylogger - INFO - 2014-08-14    sell    miss
2017-05-07 23:42:17,364 - mylogger - INFO - 2014-08-15    sell    miss
2017-05-07 23:42:17,364 - mylogger - INFO - 2014-08-18    sell    miss
2017-05-07 23:42:17,364 - mylogger - INFO - 2014-08-19    buy     hit
2017-05-07 23:42:17,364 - mylogger - INFO - 2014-08-20    sell    miss
2017-05-07 23:42:17,364 - mylogger - INFO - 2014-08-21    buy     hit
2017-05-07 23:42:17,364 - mylogger - INFO - 2014-08-22    sell    miss
2017-05-07 23:42:17,365 - mylogger - INFO - 2014-08-25    sell    hit
2017-05-07 23:42:17,365 - mylogger - INFO - 2014-08-26    sell    miss
2017-05-07 23:42:17,365 - mylogger - INFO - 2014-08-27    sell    miss
2017-05-07 23:42:17,365 - mylogger - INFO - 2014-08-28    sell    miss
2017-05-07 23:42:17,365 - mylogger - INFO - 2014-08-29    sell    miss
2017-05-07 23:42:17,366 - mylogger - INFO - 2014-09-02    sell    hit
2017-05-07 23:42:17,366 - mylogger - INFO - 2014-09-03    sell    hit
2017-05-07 23:42:17,366 - mylogger - INFO - 2014-09-04    sell    miss
2017-05-07 23:42:17,366 - mylogger - INFO - 2014-09-05    sell    hit
2017-05-07 23:42:17,366 - mylogger - INFO - 2014-09-08    sell    hit
2017-05-07 23:42:17,367 - mylogger - INFO - 2014-09-09    buy     hit
2017-05-07 23:42:17,367 - mylogger - INFO - 2014-09-10    sell    miss
2017-05-07 23:42:17,368 - mylogger - INFO - 2014-09-11    buy     hit
2017-05-07 23:42:17,370 - mylogger - INFO - 2014-09-12    sell    hit
2017-05-07 23:42:17,371 - mylogger - INFO - 2014-09-15    sell    hit
2017-05-07 23:42:17,372 - mylogger - INFO - 2014-09-16    buy     hit
2017-05-07 23:42:17,372 - mylogger - INFO - 2014-09-17    buy     hit
2017-05-07 23:42:17,373 - mylogger - INFO - 2014-09-18    sell    hit
2017-05-07 23:42:17,373 - mylogger - INFO - 2014-09-19    buy     hit
2017-05-07 23:42:17,374 - mylogger - INFO - 2014-09-22    sell    miss
2017-05-07 23:42:17,374 - mylogger - INFO - 2014-09-23    sell    hit
2017-05-07 23:42:17,375 - mylogger - INFO - 2014-09-24    sell    hit
2017-05-07 23:42:17,376 - mylogger - INFO - 2014-09-25    sell    miss
2017-05-07 23:42:17,376 - mylogger - INFO - 2014-09-26    sell    hit
2017-05-07 23:42:17,377 - mylogger - INFO - 2014-09-29    sell    miss
2017-05-07 23:42:17,377 - mylogger - INFO - 2014-09-30    buy     miss
2017-05-07 23:42:17,377 - mylogger - INFO - 2014-10-01    sell    miss
2017-05-07 23:42:17,377 - mylogger - INFO - 2014-10-02    sell    hit
2017-05-07 23:42:17,378 - mylogger - INFO - 2014-10-03    sell    miss
2017-05-07 23:42:17,378 - mylogger - INFO - 2014-10-06    sell    hit
2017-05-07 23:42:17,378 - mylogger - INFO - 2014-10-07    sell    miss
2017-05-07 23:42:17,378 - mylogger - INFO - 2014-10-08    sell    miss
2017-05-07 23:42:17,378 - mylogger - INFO - 2014-10-09    sell    hit
2017-05-07 23:42:17,379 - mylogger - INFO - 2014-10-10    sell    hit
2017-05-07 23:42:17,379 - mylogger - INFO - 2014-10-13    sell    hit
2017-05-07 23:42:17,380 - mylogger - INFO - 2014-10-14    sell    hit
2017-05-07 23:42:17,380 - mylogger - INFO - 2014-10-15    sell    hit
2017-05-07 23:42:17,380 - mylogger - INFO - 2014-10-16    sell    miss
2017-05-07 23:42:17,381 - mylogger - INFO - 2014-10-17    sell    miss
2017-05-07 23:42:17,381 - mylogger - INFO - 2014-10-20    sell    miss
2017-05-07 23:42:17,381 - mylogger - INFO - 2014-10-21    sell    miss
2017-05-07 23:42:17,382 - mylogger - INFO - 2014-10-22    sell    miss
2017-05-07 23:42:17,382 - mylogger - INFO - 2014-10-23    sell    miss
2017-05-07 23:42:17,382 - mylogger - INFO - 2014-10-24    sell    hit
2017-05-07 23:42:17,383 - mylogger - INFO - 2014-10-27    buy     hit
2017-05-07 23:42:17,383 - mylogger - INFO - 2014-10-28    sell    miss
2017-05-07 23:42:17,383 - mylogger - INFO - 2014-10-29    sell    hit
2017-05-07 23:42:17,384 - mylogger - INFO - 2014-10-30    sell    miss
2017-05-07 23:42:17,384 - mylogger - INFO - 2014-10-31    sell    miss
2017-05-07 23:42:17,385 - mylogger - INFO - 2014-11-03    sell    hit
2017-05-07 23:42:17,385 - mylogger - INFO - 2014-11-04    sell    miss
2017-05-07 23:42:17,385 - mylogger - INFO - 2014-11-05    sell    miss
2017-05-07 23:42:17,386 - mylogger - INFO - 2014-11-06    sell    miss
2017-05-07 23:42:17,386 - mylogger - INFO - 2014-11-07    buy     miss
2017-05-07 23:42:17,386 - mylogger - INFO - 2014-11-10    sell    miss
2017-05-07 23:42:17,387 - mylogger - INFO - 2014-11-11    sell    miss
2017-05-07 23:42:17,387 - mylogger - INFO - 2014-11-12    sell    miss
2017-05-07 23:42:17,388 - mylogger - INFO - 2014-11-13    sell    miss
2017-05-07 23:42:17,388 - mylogger - INFO - 2014-11-14    sell    hit
2017-05-07 23:42:17,388 - mylogger - INFO - 2014-11-17    buy     hit
2017-05-07 23:42:17,388 - mylogger - INFO - 2014-11-18    buy     miss
2017-05-07 23:42:17,389 - mylogger - INFO - 2014-11-19    sell    miss
2017-05-07 23:42:17,390 - mylogger - INFO - 2014-11-20    buy     hit
2017-05-07 23:42:17,391 - mylogger - INFO - 2014-11-21    sell    miss
2017-05-07 23:42:17,391 - mylogger - INFO - 2014-11-24    buy     miss
2017-05-07 23:42:17,391 - mylogger - INFO - 2014-11-25    buy     hit
2017-05-07 23:42:17,391 - mylogger - INFO - 2014-11-26    buy     miss
2017-05-07 23:42:17,391 - mylogger - INFO - 2014-11-28    buy     miss
2017-05-07 23:42:17,391 - mylogger - INFO - 2014-12-01    buy     miss
2017-05-07 23:42:17,392 - mylogger - INFO - 2014-12-02    buy     hit
2017-05-07 23:42:17,392 - mylogger - INFO - 2014-12-03    buy     miss
2017-05-07 23:42:17,392 - mylogger - INFO - 2014-12-04    buy     miss
2017-05-07 23:42:17,392 - mylogger - INFO - 2014-12-05    buy     miss
2017-05-07 23:42:17,392 - mylogger - INFO - 2014-12-08    buy     hit
2017-05-07 23:42:17,392 - mylogger - INFO - 2014-12-09    buy     miss
2017-05-07 23:42:17,392 - mylogger - INFO - 2014-12-10    buy     miss
2017-05-07 23:42:17,392 - mylogger - INFO - 2014-12-11    buy     miss
2017-05-07 23:42:17,393 - mylogger - INFO - 2014-12-12    sell    hit
2017-05-07 23:42:17,393 - mylogger - INFO - 2014-12-15    sell    hit
2017-05-07 23:42:17,393 - mylogger - INFO - 2014-12-16    sell    miss
2017-05-07 23:42:17,393 - mylogger - INFO - 2014-12-17    sell    miss
2017-05-07 23:42:17,393 - mylogger - INFO - 2014-12-18    sell    hit
2017-05-07 23:42:17,393 - mylogger - INFO - 2014-12-19    sell    miss
2017-05-07 23:42:17,393 - mylogger - INFO - 2014-12-22    sell    hit
2017-05-07 23:42:17,393 - mylogger - INFO - 2014-12-23    buy     miss
2017-05-07 23:42:17,394 - mylogger - INFO - 2014-12-24    sell    miss
2017-05-07 23:42:17,394 - mylogger - INFO - 2014-12-26    sell    hit
2017-05-07 23:42:17,394 - mylogger - INFO - 2014-12-29    sell    hit
2017-05-07 23:42:17,394 - mylogger - INFO - 2014-12-30    buy     miss
2017-05-07 23:42:17,394 - mylogger - INFO - 2014-12-31    buy     miss
2017-05-07 23:42:17,394 - mylogger - INFO - 2015-01-02    sell    hit
2017-05-07 23:42:17,394 - mylogger - INFO - 2015-01-05    sell    miss
2017-05-07 23:42:17,394 - mylogger - INFO - 2015-01-06    buy     hit
2017-05-07 23:42:17,395 - mylogger - INFO - 2015-01-07    buy     hit
2017-05-07 23:42:17,395 - mylogger - INFO - 2015-01-08    buy     hit
2017-05-07 23:42:17,395 - mylogger - INFO - 2015-01-09    sell    hit
2017-05-07 23:42:17,395 - mylogger - INFO - 2015-01-12    buy     hit
2017-05-07 23:42:17,395 - mylogger - INFO - 2015-01-13    buy     miss
2017-05-07 23:42:17,395 - mylogger - INFO - 2015-01-14    buy     miss
2017-05-07 23:42:17,395 - mylogger - INFO - 2015-01-15    sell    hit
2017-05-07 23:42:17,395 - mylogger - INFO - 2015-01-16    sell    miss
2017-05-07 23:42:17,396 - mylogger - INFO - 2015-01-20    buy     hit
2017-05-07 23:42:17,396 - mylogger - INFO - 2015-01-21    buy     hit
2017-05-07 23:42:17,396 - mylogger - INFO - 2015-01-22    buy     hit
2017-05-07 23:42:17,396 - mylogger - INFO - 2015-01-23    buy     hit
2017-05-07 23:42:17,396 - mylogger - INFO - 2015-01-26    buy     miss
2017-05-07 23:42:17,396 - mylogger - INFO - 2015-01-27    buy     hit
2017-05-07 23:42:17,396 - mylogger - INFO - 2015-01-28    sell    miss
2017-05-07 23:42:17,396 - mylogger - INFO - 2015-01-29    sell    hit
2017-05-07 23:42:17,397 - mylogger - INFO - 2015-01-30    sell    miss
2017-05-07 23:42:17,397 - mylogger - INFO - 2015-02-02    sell    miss
2017-05-07 23:42:17,397 - mylogger - INFO - 2015-02-03    sell    miss
2017-05-07 23:42:17,397 - mylogger - INFO - 2015-02-04    sell    miss
2017-05-07 23:42:17,397 - mylogger - INFO - 2015-02-05    sell    hit
2017-05-07 23:42:17,397 - mylogger - INFO - 2015-02-06    buy     hit
2017-05-07 23:42:17,397 - mylogger - INFO - 2015-02-09    buy     hit
2017-05-07 23:42:17,397 - mylogger - INFO - 2015-02-10    sell    miss
2017-05-07 23:42:17,398 - mylogger - INFO - 2015-02-11    sell    miss
2017-05-07 23:42:17,398 - mylogger - INFO - 2015-02-12    buy     hit
2017-05-07 23:42:17,398 - mylogger - INFO - 2015-02-13    sell    miss
2017-05-07 23:42:17,398 - mylogger - INFO - 2015-02-17    sell    miss
2017-05-07 23:42:17,398 - mylogger - INFO - 2015-02-18    buy     miss
2017-05-07 23:42:17,398 - mylogger - INFO - 2015-02-19    buy     hit
2017-05-07 23:42:17,398 - mylogger - INFO - 2015-02-20    buy     hit
2017-05-07 23:42:17,398 - mylogger - INFO - 2015-02-23    sell    hit
2017-05-07 23:42:17,399 - mylogger - INFO - 2015-02-24    sell    hit
2017-05-07 23:42:17,399 - mylogger - INFO - 2015-02-25    sell    miss
2017-05-07 23:42:17,399 - mylogger - INFO - 2015-02-26    sell    hit
2017-05-07 23:42:17,399 - mylogger - INFO - 2015-02-27    sell    miss
2017-05-07 23:42:17,399 - mylogger - INFO - 2015-03-02    sell    miss
2017-05-07 23:42:17,399 - mylogger - INFO - 2015-03-03    sell    hit
2017-05-07 23:42:17,399 - mylogger - INFO - 2015-03-04    sell    hit
2017-05-07 23:42:17,400 - mylogger - INFO - 2015-03-05    sell    miss
2017-05-07 23:42:17,400 - mylogger - INFO - 2015-03-06    sell    miss
2017-05-07 23:42:17,400 - mylogger - INFO - 2015-03-09    sell    hit
2017-05-07 23:42:17,403 - mylogger - INFO - 2015-03-10    sell    hit
2017-05-07 23:42:17,404 - mylogger - INFO - 2015-03-11    sell    miss
2017-05-07 23:42:17,404 - mylogger - INFO - 2015-03-12    sell    hit
2017-05-07 23:42:17,404 - mylogger - INFO - 2015-03-13    sell    miss
2017-05-07 23:42:17,404 - mylogger - INFO - 2015-03-16    sell    miss
2017-05-07 23:42:17,404 - mylogger - INFO - 2015-03-17    buy     hit
2017-05-07 23:42:17,404 - mylogger - INFO - 2015-03-18    sell    hit
2017-05-07 23:42:17,405 - mylogger - INFO - 2015-03-19    buy     miss
2017-05-07 23:42:17,405 - mylogger - INFO - 2015-03-20    buy     hit
2017-05-07 23:42:17,405 - mylogger - INFO - 2015-03-23    sell    hit
2017-05-07 23:42:17,405 - mylogger - INFO - 2015-03-24    sell    hit
2017-05-07 23:42:17,405 - mylogger - INFO - 2015-03-25    buy     hit
2017-05-07 23:42:17,405 - mylogger - INFO - 2015-03-26    sell    hit
2017-05-07 23:42:17,406 - mylogger - INFO - 2015-03-27    sell    miss
2017-05-07 23:42:17,406 - mylogger - INFO - 2015-03-30    buy     miss
2017-05-07 23:42:17,406 - mylogger - INFO - 2015-03-31    sell    hit
2017-05-07 23:42:17,406 - mylogger - INFO - 2015-04-01    sell    miss
2017-05-07 23:42:17,406 - mylogger - INFO - 2015-04-02    sell    miss
2017-05-07 23:42:17,407 - mylogger - INFO - 2015-04-06    sell    hit
2017-05-07 23:42:17,407 - mylogger - INFO - 2015-04-07    sell    hit
2017-05-07 23:42:17,407 - mylogger - INFO - 2015-04-08    sell    miss
2017-05-07 23:42:17,407 - mylogger - INFO - 2015-04-09    sell    miss
2017-05-07 23:42:17,407 - mylogger - INFO - 2015-04-10    sell    hit
2017-05-07 23:42:17,407 - mylogger - INFO - 2015-04-13    buy     miss
2017-05-07 23:42:17,408 - mylogger - INFO - 2015-04-14    sell    miss
2017-05-07 23:42:17,408 - mylogger - INFO - 2015-04-15    buy     miss
2017-05-07 23:42:17,408 - mylogger - INFO - 2015-04-16    buy     miss
2017-05-07 23:42:17,408 - mylogger - INFO - 2015-04-17    sell    miss
2017-05-07 23:42:17,408 - mylogger - INFO - 2015-04-20    buy     miss
2017-05-07 23:42:17,408 - mylogger - INFO - 2015-04-21    buy     hit
2017-05-07 23:42:17,409 - mylogger - INFO - 2015-04-22    buy     hit
2017-05-07 23:42:17,409 - mylogger - INFO - 2015-04-23    sell    miss
2017-05-07 23:42:17,409 - mylogger - INFO - 2015-04-24    sell    miss
2017-05-07 23:42:17,409 - mylogger - INFO - 2015-04-27    sell    hit
2017-05-07 23:42:17,409 - mylogger - INFO - 2015-04-28    sell    hit
2017-05-07 23:42:17,409 - mylogger - INFO - 2015-04-29    sell    hit
2017-05-07 23:42:17,410 - mylogger - INFO - 2015-04-30    sell    miss
2017-05-07 23:42:17,410 - mylogger - INFO - 2015-05-01    sell    hit
2017-05-07 23:42:17,410 - mylogger - INFO - 2015-05-04    sell    hit
2017-05-07 23:42:17,410 - mylogger - INFO - 2015-05-05    sell    hit
2017-05-07 23:42:17,410 - mylogger - INFO - 2015-05-06    sell    miss
2017-05-07 23:42:17,410 - mylogger - INFO - 2015-05-07    sell    miss
2017-05-07 23:42:17,410 - mylogger - INFO - 2015-05-08    sell    hit
2017-05-07 23:42:17,411 - mylogger - INFO - 2015-05-11    sell    hit
2017-05-07 23:42:17,411 - mylogger - INFO - 2015-05-12    sell    miss
2017-05-07 23:42:17,411 - mylogger - INFO - 2015-05-13    sell    miss
2017-05-07 23:42:17,411 - mylogger - INFO - 2015-05-14    sell    hit
2017-05-07 23:42:17,411 - mylogger - INFO - 2015-05-15    sell    miss
2017-05-07 23:42:17,411 - mylogger - INFO - 2015-05-18    sell    hit
2017-05-07 23:42:17,412 - mylogger - INFO - 2015-05-19    sell    hit
2017-05-07 23:42:17,412 - mylogger - INFO - 2015-05-20    sell    miss
2017-05-07 23:42:17,412 - mylogger - INFO - 2015-05-21    sell    miss
2017-05-07 23:42:17,412 - mylogger - INFO - 2015-05-22    sell    hit
2017-05-07 23:42:17,412 - mylogger - INFO - 2015-05-26    buy     hit
2017-05-07 23:42:17,412 - mylogger - INFO - 2015-05-27    buy     miss
2017-05-07 23:42:17,413 - mylogger - INFO - 2015-05-28    sell    hit
2017-05-07 23:42:17,413 - mylogger - INFO - 2015-05-29    sell    miss
2017-05-07 23:42:17,413 - mylogger - INFO - 2015-06-01    buy     miss
2017-05-07 23:42:17,413 - mylogger - INFO - 2015-06-02    sell    miss
2017-05-07 23:42:17,413 - mylogger - INFO - 2015-06-03    buy     miss
2017-05-07 23:42:17,413 - mylogger - INFO - 2015-06-04    sell    hit
2017-05-07 23:42:17,414 - mylogger - INFO - 2015-06-05    sell    hit
2017-05-07 23:42:17,414 - mylogger - INFO - 2015-06-08    sell    hit
2017-05-07 23:42:17,414 - mylogger - INFO - 2015-06-09    buy     hit
2017-05-07 23:42:17,414 - mylogger - INFO - 2015-06-10    buy     miss
2017-05-07 23:42:17,414 - mylogger - INFO - 2015-06-11    sell    hit
2017-05-07 23:42:17,415 - mylogger - INFO - 2015-06-12    sell    hit
2017-05-07 23:42:17,415 - mylogger - INFO - 2015-06-15    sell    miss
2017-05-07 23:42:17,415 - mylogger - INFO - 2015-06-16    buy     miss
2017-05-07 23:42:17,415 - mylogger - INFO - 2015-06-17    sell    miss
2017-05-07 23:42:17,415 - mylogger - INFO - 2015-06-18    sell    hit
2017-05-07 23:42:17,416 - mylogger - INFO - 2015-06-19    sell    miss
2017-05-07 23:42:17,417 - mylogger - INFO - 2015-06-22    sell    hit
2017-05-07 23:42:17,417 - mylogger - INFO - 2015-06-23    sell    miss
2017-05-07 23:42:17,417 - mylogger - INFO - 2015-06-24    sell    hit
2017-05-07 23:42:17,417 - mylogger - INFO - 2015-06-25    sell    hit
2017-05-07 23:42:17,417 - mylogger - INFO - 2015-06-26    sell    hit
2017-05-07 23:42:17,418 - mylogger - INFO - 2015-06-29    buy     hit
2017-05-07 23:42:17,418 - mylogger - INFO - 2015-06-30    sell    miss
2017-05-07 23:42:17,418 - mylogger - INFO - 2015-07-01    sell    hit
2017-05-07 23:42:17,418 - mylogger - INFO - 2015-07-02    buy     miss
2017-05-07 23:42:17,419 - mylogger - INFO - 2015-07-06    buy     miss
2017-05-07 23:42:17,419 - mylogger - INFO - 2015-07-07    sell    hit
2017-05-07 23:42:17,419 - mylogger - INFO - 2015-07-08    buy     miss
2017-05-07 23:42:17,419 - mylogger - INFO - 2015-07-09    buy     hit
2017-05-07 23:42:17,419 - mylogger - INFO - 2015-07-10    buy     hit
2017-05-07 23:42:17,419 - mylogger - INFO - 2015-07-13    sell    hit
2017-05-07 23:42:17,419 - mylogger - INFO - 2015-07-14    sell    miss
2017-05-07 23:42:17,420 - mylogger - INFO - 2015-07-15    buy     hit
2017-05-07 23:42:17,420 - mylogger - INFO - 2015-07-16    buy     hit
2017-05-07 23:42:17,420 - mylogger - INFO - 2015-07-17    buy     hit
2017-05-07 23:42:17,420 - mylogger - INFO - 2015-07-20    buy     miss
2017-05-07 23:42:17,420 - mylogger - INFO - 2015-07-21    buy     miss
2017-05-07 23:42:17,420 - mylogger - INFO - 2015-07-22    buy     miss
2017-05-07 23:42:17,421 - mylogger - INFO - 2015-07-23    buy     miss
2017-05-07 23:42:17,421 - mylogger - INFO - 2015-07-24    buy     miss
2017-05-07 23:42:17,421 - mylogger - INFO - 2015-07-27    buy     hit
2017-05-07 23:42:17,422 - mylogger - INFO - 2015-07-28    buy     miss
2017-05-07 23:42:17,422 - mylogger - INFO - 2015-07-29    buy     miss
2017-05-07 23:42:17,423 - mylogger - INFO - 2015-07-30    buy     miss
2017-05-07 23:42:17,423 - mylogger - INFO - 2015-07-31    sell    hit
2017-05-07 23:42:17,423 - mylogger - INFO - 2015-08-03    sell    hit
2017-05-07 23:42:17,424 - mylogger - INFO - 2015-08-04    sell    miss
2017-05-07 23:42:17,424 - mylogger - INFO - 2015-08-05    sell    miss
2017-05-07 23:42:17,425 - mylogger - INFO - 2015-08-06    buy     hit
2017-05-07 23:42:17,425 - mylogger - INFO - 2015-08-07    sell    miss
2017-05-07 23:42:17,425 - mylogger - INFO - 2015-08-10    sell    hit
2017-05-07 23:42:17,426 - mylogger - INFO - 2015-08-11    sell    miss
2017-05-07 23:42:17,426 - mylogger - INFO - 2015-08-12    sell    hit
2017-05-07 23:42:17,426 - mylogger - INFO - 2015-08-13    sell    miss
2017-05-07 23:42:17,427 - mylogger - INFO - 2015-08-14    sell    miss
2017-05-07 23:42:17,427 - mylogger - INFO - 2015-08-17    sell    hit
2017-05-07 23:42:17,427 - mylogger - INFO - 2015-08-18    sell    hit
2017-05-07 23:42:17,428 - mylogger - INFO - 2015-08-19    sell    hit
2017-05-07 23:42:17,428 - mylogger - INFO - 2015-08-20    sell    hit
2017-05-07 23:42:17,429 - mylogger - INFO - 2015-08-21    sell    hit
2017-05-07 23:42:17,429 - mylogger - INFO - 2015-08-24    sell    miss
2017-05-07 23:42:17,429 - mylogger - INFO - 2015-08-25    sell    miss
2017-05-07 23:42:17,430 - mylogger - INFO - 2015-08-26    sell    miss
2017-05-07 23:42:17,430 - mylogger - INFO - 2015-08-27    sell    miss
2017-05-07 23:42:17,431 - mylogger - INFO - 2015-08-28    sell    hit
2017-05-07 23:42:17,431 - mylogger - INFO - 2015-08-31    sell    hit
2017-05-07 23:42:17,432 - mylogger - INFO - 2015-09-01    sell    miss
2017-05-07 23:42:17,432 - mylogger - INFO - 2015-09-02    sell    hit
2017-05-07 23:42:17,433 - mylogger - INFO - 2015-09-03    sell    hit
2017-05-07 23:42:17,433 - mylogger - INFO - 2015-09-04    sell    miss
2017-05-07 23:42:17,433 - mylogger - INFO - 2015-09-08    sell    hit
2017-05-07 23:42:17,434 - mylogger - INFO - 2015-09-09    sell    miss
2017-05-07 23:42:17,434 - mylogger - INFO - 2015-09-10    sell    miss
2017-05-07 23:42:17,435 - mylogger - INFO - 2015-09-11    sell    miss
2017-05-07 23:42:17,435 - mylogger - INFO - 2015-09-14    buy     hit
2017-05-07 23:42:17,435 - mylogger - INFO - 2015-09-15    sell    miss
2017-05-07 23:42:17,435 - mylogger - INFO - 2015-09-16    sell    hit
2017-05-07 23:42:17,435 - mylogger - INFO - 2015-09-17    sell    hit
2017-05-07 23:42:17,436 - mylogger - INFO - 2015-09-18    sell    miss
2017-05-07 23:42:17,436 - mylogger - INFO - 2015-09-21    buy     miss
2017-05-07 23:42:17,436 - mylogger - INFO - 2015-09-22    sell    miss
2017-05-07 23:42:17,436 - mylogger - INFO - 2015-09-23    sell    miss
2017-05-07 23:42:17,436 - mylogger - INFO - 2015-09-24    sell    hit
2017-05-07 23:42:17,436 - mylogger - INFO - 2015-09-25    sell    hit
2017-05-07 23:42:17,437 - mylogger - INFO - 2015-09-28    sell    hit
2017-05-07 23:42:17,437 - mylogger - INFO - 2015-09-29    sell    miss
2017-05-07 23:42:17,437 - mylogger - INFO - 2015-09-30    sell    hit
2017-05-07 23:42:17,437 - mylogger - INFO - 2015-10-01    buy     hit
2017-05-07 23:42:17,437 - mylogger - INFO - 2015-10-02    sell    miss
2017-05-07 23:42:17,437 - mylogger - INFO - 2015-10-05    buy     hit
2017-05-07 23:42:17,437 - mylogger - INFO - 2015-10-06    buy     miss
2017-05-07 23:42:17,438 - mylogger - INFO - 2015-10-07    buy     miss
2017-05-07 23:42:17,438 - mylogger - INFO - 2015-10-08    buy     hit
2017-05-07 23:42:17,438 - mylogger - INFO - 2015-10-09    buy     miss
2017-05-07 23:42:17,438 - mylogger - INFO - 2015-10-12    buy     hit
2017-05-07 23:42:17,439 - mylogger - INFO - 2015-10-13    buy     miss
2017-05-07 23:42:17,439 - mylogger - INFO - 2015-10-14    sell    miss
2017-05-07 23:42:17,439 - mylogger - INFO - 2015-10-15    sell    hit
2017-05-07 23:42:17,439 - mylogger - INFO - 2015-10-16    sell    miss
2017-05-07 23:42:17,439 - mylogger - INFO - 2015-10-19    sell    miss
2017-05-07 23:42:17,439 - mylogger - INFO - 2015-10-20    sell    hit
2017-05-07 23:42:17,440 - mylogger - INFO - 2015-10-21    sell    miss
2017-05-07 23:42:17,440 - mylogger - INFO - 2015-10-22    sell    miss
2017-05-07 23:42:17,440 - mylogger - INFO - 2015-10-23    sell    hit
2017-05-07 23:42:17,440 - mylogger - INFO - 2015-10-26    sell    hit
2017-05-07 23:42:17,441 - mylogger - INFO - 2015-10-27    sell    miss
2017-05-07 23:42:17,441 - mylogger - INFO - 2015-10-28    sell    miss
2017-05-07 23:42:17,441 - mylogger - INFO - 2015-10-29    sell    hit
2017-05-07 23:42:17,442 - mylogger - INFO - 2015-10-30    sell    miss
2017-05-07 23:42:17,442 - mylogger - INFO - 2015-11-02    sell    miss
2017-05-07 23:42:17,442 - mylogger - INFO - 2015-11-03    sell    hit
2017-05-07 23:42:17,442 - mylogger - INFO - 2015-11-04    sell    hit
2017-05-07 23:42:17,442 - mylogger - INFO - 2015-11-05    sell    miss
2017-05-07 23:42:17,443 - mylogger - INFO - 2015-11-06    sell    hit
2017-05-07 23:42:17,443 - mylogger - INFO - 2015-11-09    buy     miss
2017-05-07 23:42:17,443 - mylogger - INFO - 2015-11-10    sell    hit
2017-05-07 23:42:17,443 - mylogger - INFO - 2015-11-11    sell    hit
2017-05-07 23:42:17,443 - mylogger - INFO - 2015-11-12    sell    hit
2017-05-07 23:42:17,444 - mylogger - INFO - 2015-11-13    sell    miss
2017-05-07 23:42:17,444 - mylogger - INFO - 2015-11-16    sell    hit
2017-05-07 23:42:17,444 - mylogger - INFO - 2015-11-17    sell    miss
2017-05-07 23:42:17,444 - mylogger - INFO - 2015-11-18    sell    miss
2017-05-07 23:42:17,445 - mylogger - INFO - 2015-11-19    sell    miss
2017-05-07 23:42:17,445 - mylogger - INFO - 2015-11-20    sell    hit
2017-05-07 23:42:17,445 - mylogger - INFO - 2015-11-23    buy     hit
2017-05-07 23:42:17,445 - mylogger - INFO - 2015-11-24    sell    hit
2017-05-07 23:42:17,445 - mylogger - INFO - 2015-11-25    sell    hit
2017-05-07 23:42:17,446 - mylogger - INFO - 2015-11-27    sell    miss
2017-05-07 23:42:17,446 - mylogger - INFO - 2015-11-30    sell    hit
2017-05-07 23:42:17,446 - mylogger - INFO - 2015-12-01    sell    hit
2017-05-07 23:42:17,446 - mylogger - INFO - 2015-12-02    sell    hit
2017-05-07 23:42:17,447 - mylogger - INFO - 2015-12-03    sell    miss
2017-05-07 23:42:17,447 - mylogger - INFO - 2015-12-04    sell    hit
2017-05-07 23:42:17,447 - mylogger - INFO - 2015-12-07    sell    hit
2017-05-07 23:42:17,447 - mylogger - INFO - 2015-12-08    sell    hit
2017-05-07 23:42:17,447 - mylogger - INFO - 2015-12-09    sell    miss
2017-05-07 23:42:17,448 - mylogger - INFO - 2015-12-10    sell    hit
2017-05-07 23:42:17,448 - mylogger - INFO - 2015-12-11    sell    hit
2017-05-07 23:42:17,448 - mylogger - INFO - 2015-12-14    sell    hit
2017-05-07 23:42:17,448 - mylogger - INFO - 2015-12-15    sell    miss
2017-05-07 23:42:17,448 - mylogger - INFO - 2015-12-16    sell    hit
2017-05-07 23:42:17,448 - mylogger - INFO - 2015-12-17    sell    hit
2017-05-07 23:42:17,449 - mylogger - INFO - 2015-12-18    buy     hit
2017-05-07 23:42:17,449 - mylogger - INFO - 2015-12-21    sell    hit
2017-05-07 23:42:17,449 - mylogger - INFO - 2015-12-22    sell    miss
2017-05-07 23:42:17,449 - mylogger - INFO - 2015-12-23    sell    hit
2017-05-07 23:42:17,449 - mylogger - INFO - 2015-12-24    sell    hit
2017-05-07 23:42:17,449 - mylogger - INFO - 2015-12-28    sell    miss
2017-05-07 23:42:17,449 - mylogger - INFO - 2015-12-29    sell    hit
2017-05-07 23:42:17,453 - mylogger - INFO - 2015-12-30    sell    hit
2017-05-07 23:42:17,453 - mylogger - INFO - Hit number:244/503
2017-05-07 23:42:17,453 - mylogger - INFO - Hit rate:0.4850894632206759
